Organization: remilab
Project: byungkwan
[18:33:44.701660] workload awaiting to start
[18:33:44.701760] Workload status changed to pending
[18:33:50.983139] Event Reason: FailedScheduling, Event Note: 0/13 nodes are available: pod has unbound immediate PersistentVolumeClaims. preemption: 0/13 nodes are available: 13 Preemption is not helpful for scheduling.
[18:33:50.983139] Workload is in queue for scheduling. Please wait...
[18:34:04.303643] VESSL Workload assigned successfully. Starting soon.
[18:34:05.000000] Container image "quay.io/vessl-ai/kernels-toolbox:0.1.188" already present on machine
[18:34:05.000000] Created container vops-init
[18:34:05.000000] Started container vops-init
[18:34:06.000000] Started container run-sidecar
[18:34:06.000000] Creating VESSL Workload...
[18:34:06.000000] Created container ttyd-sidecar
[18:34:06.000000] Starting VESSL Workload...
[18:34:06.000000] Created container run-exec
[18:34:06.000000] Container image "quay.io/vessl-ai/kernels-toolbox:0.1.188" already present on machine
[18:34:06.000000] Started container run-exec
[18:34:06.000000] Created container fluentbit
[18:34:06.000000] Container image "nvcr.io/nvidia/jax:24.10-py3" already present on machine
[18:34:06.000000] Container image "quay.io/vessl-ai/fluent-bit:2.1.6" already present on machine
[18:34:06.000000] Created container run-sidecar
[18:34:06.001000] Container image "nvcr.io/nvidia/jax:24.10-py3" already present on machine
[18:34:07.035072] Installing VESSL CLI...
[18:34:07.642067] workload reported alive as pod run-execution-4jph906y214e-0
[18:34:07.642167] Workload status changed to initializing
[18:34:08.755090] + set +x
[18:34:11.951989] vessl, version 0.1.199
[18:34:13.911222] workload reported alive as pod run-execution-4jph906y214e-0
[18:34:13.911322] Workload status changed to running
[18:34:14.242487] + mkdir -p /root
[18:34:14.244651] + cd /root
[18:34:14.245356] + cd /root/workspace/byungkwan-workspace/research/rfx
[18:34:14.261261] + git config --global --add safe.directory /root/workspace/byungkwan-workspace/research/rfx
[18:34:14.288411] + git pull --ff-only origin main
[18:34:15.542951] From https://github.com/BK3536/rfx
[18:34:15.542994]  * branch            main       -> FETCH_HEAD
[18:34:15.657804] Already up to date.
[18:34:15.658675] + pip install -q -e '.[dev]'
[18:34:24.088132] WARNING: Running pip as the 'root' user can result in broken permissions and conflicting behaviour with the system package manager. It is recommended to use a virtual environment instead: https://pip.pypa.io/warnings/venv
[18:34:24.253126] + echo '=== 01: OpenEMS WR42 Waveguide ==='
[18:34:24.253160] + python examples/crossval/01_openems_waveguide.py
[18:34:24.253176] === 01: OpenEMS WR42 Waveguide ===
[18:34:25.562704] ============================================================
[18:34:25.562752] Cross-Validation: OpenEMS Rectangular Waveguide (WR42)
[18:34:25.562758] ============================================================
[18:34:25.562765] WR42: 10.668 x 4.318 mm, length 50 mm
[18:34:25.562770] TE10 cutoff: 14.05 GHz
[18:34:25.562777] Sweep: 20 - 26 GHz (51 pts)
[18:34:25.562781]
[18:34:25.707660] Running waveguide S-matrix...
[18:34:29.274911] S21 mean: 1.0000 (-0.0 dB)
[18:34:29.274940] S11 mean: 0.1354 (-18.4 dB)
[18:34:29.274943]
[18:34:29.274945] Validation:
[18:34:29.274947]   |S21| > 0.9: PASS
[18:34:29.274949]   |S11| < 0.15: PASS
[18:34:29.447085]
[18:34:29.447107] Plot saved: /root/workspace/byungkwan-workspace/research/rfx/examples/crossval/01_openems_waveguide.png
[18:34:29.594538] === 02: OpenEMS PEC Sphere RCS ===
[18:34:29.594538] + echo '=== 02: OpenEMS PEC Sphere RCS ==='
[18:34:29.594561] + python examples/crossval/02_openems_rcs_sphere.py
[18:34:30.514186] ============================================================
[18:34:30.514242] Cross-Validation: OpenEMS PEC Sphere RCS
[18:34:30.514248] ============================================================
[18:34:30.514253] Sphere radius: 200 mm
[18:34:30.514258] Geometric RCS: 0.1257 m² (-9.0 dBsm)
[18:34:30.514262] Frequency: 0 - 1000 MHz
[18:34:30.514266]
[18:34:30.514566] Grid: 157x157x157 = 3.9M cells
[18:34:30.514596] Steps: 787
[18:34:35.875375]
[18:34:35.875405] Far-field computed at 9 frequencies
[18:34:35.875407] Max far-field power: 5.9807e-20
[18:34:35.875408] PASS: Far-field extraction working
[18:34:35.941764] Plot saved: /root/workspace/byungkwan-workspace/research/rfx/examples/crossval/02_openems_rcs_sphere.png
[18:34:36.076460] === 03: Meep Waveguide Bend ===
[18:34:36.076464] + echo '=== 03: Meep Waveguide Bend ==='
[18:34:36.076478] + python examples/crossval/03_meep_waveguide_bend.py
[18:34:36.516294] ============================================================
[18:34:36.516550] Cross-Validation: Meep Waveguide Bend Transmittance
[18:34:36.516643] ============================================================
[18:34:36.516716] Waveguide: eps=12.0, width=1.0mm
[18:34:36.516788] Cell: 16x16mm
[18:34:36.516852] Frequency: 45.0 GHz, BW=30.0 GHz
[18:34:36.516905]
[18:34:36.517035] Grid: 177x177x1, steps=42826
[18:34:36.517219] /root/workspace/byungkwan-workspace/research/rfx/examples/crossval/03_meep_waveguide_bend.py:93: UserWarning: 'waveguide' z-extent 0.10mm = 1.0 cells — under-resolved (< 3 cells). Consider finer mesh for accurate results.
[18:34:36.517223]   result = sim.run(n_steps=n_steps)
[18:34:41.986556] Mean transmittance in band: 0.713
[18:34:42.180926] Plot saved: /root/workspace/byungkwan-workspace/research/rfx/examples/crossval/03_meep_waveguide_bend.png
[18:34:42.318165] === 04: Meep Mie Sphere ===
[18:34:42.318174] + echo '=== 04: Meep Mie Sphere ==='
[18:34:42.318192] + python examples/crossval/04_meep_mie_sphere.py
[18:34:42.985900] ============================================================
[18:34:42.985924] Cross-Validation: Meep Mie Scattering (Dielectric Sphere)
[18:34:42.985926] ============================================================
[18:34:42.985928] Sphere: n=2.0, radius=10mm
[18:34:42.985929] Frequency: 30.0 GHz, BW=12.0 GHz
[18:34:42.985931] ka at center: 6.28
[18:34:42.985933] Grid: 29x29x29, steps=525
[18:34:44.294283] Simulation complete — peak |Ez| = 1.0216e+00
[18:34:44.294311] PASS: TFSF+sphere simulation ran successfully
[18:34:44.403478] Plot saved: /root/workspace/byungkwan-workspace/research/rfx/examples/crossval/04_meep_mie_sphere.png
[18:34:44.527188] + echo '=== 05: Fresnel TFSF ==='
[18:34:44.527188] === 05: Fresnel TFSF ===
[18:34:44.527207] + python examples/crossval/05_meep_fresnel.py
[18:34:44.980062] ============================================================
[18:34:44.980316] Cross-Validation: Fresnel Reflectance (TFSF)
[18:34:44.980402] ============================================================
[18:34:44.980479] Interface: air / n=3.5 (eps_r=12.25)
[18:34:44.980570] Analytical R = 0.3086 (-5.1 dB)
[18:34:44.980622]
[18:34:45.195837] Grid: 621x27x27, steps=2000
[18:35:16.010109]
[18:35:16.010133] Numerical |r| (mean 3-7 GHz): 0.5766
[18:35:16.010136] Analytical |r|: 0.5556
[18:35:16.010139] Error: 3.8%
[18:35:16.010142] PASS: within 5% of Fresnel
[18:35:16.216022] Plot saved: /root/workspace/byungkwan-workspace/research/rfx/examples/crossval/05_meep_fresnel.png
[18:35:16.356477] + echo '=== 06: Straight Waveguide ==='
[18:35:16.356477] === 06: Straight Waveguide ===
[18:35:16.356499] + python examples/crossval/06_straight_waveguide.py
[18:35:16.997627] ============================================================
[18:35:16.997683] Cross-Validation: Straight Dielectric Waveguide (Meep)
[18:35:16.997710] ============================================================
[18:35:16.997741] Waveguide: eps=12.0, width=1.0mm
[18:35:16.997772] Cell: 16x8mm
[18:35:16.997799] Source: 45.0 GHz, BW=30.0 GHz
[18:35:16.997813]
[18:35:16.997913] Grid: 177x97x1, steps=12848
[18:35:16.998057] /root/workspace/byungkwan-workspace/research/rfx/examples/crossval/06_straight_waveguide.py:71: UserWarning: 'waveguide' z-extent 0.10mm = 1.0 cells — under-resolved (< 3 cells). Consider finer mesh for accurate results.
[18:35:16.998061]   result = sim.run(n_steps=n_steps)
[18:35:19.394688]
[18:35:19.394708] Core energy: 2.3563e-05
[18:35:19.394709] Cladding energy: 5.7145e-07
[18:35:19.394710] Confinement ratio: 0.9763
[18:35:19.394711] PASS: >90% energy confined in core
[18:35:19.533375] Plot saved: /root/workspace/byungkwan-workspace/research/rfx/examples/crossval/06_straight_waveguide.png
[18:35:19.670214] === 07: Lorentz Dispersive ===
[18:35:19.670238] + echo '=== 07: Lorentz Dispersive ==='
[18:35:19.670254] + python examples/crossval/07_dispersive_lorentz.py
[18:35:20.112041] ============================================================
[18:35:20.112261] Cross-Validation: Lorentz Dispersive Material
[18:35:20.112345] ============================================================
[18:35:20.112430] eps_inf = 2.25, De = 1.0
[18:35:20.112506] Resonance: 10.0 GHz, damping: 1.0 GHz
[18:35:20.112560]
[18:35:20.112695] Grid: 221x24x24, steps=15736
[18:35:25.113735]
[18:35:25.113756] Transmission minimum: 0.0175 at 2.02 GHz
[18:35:25.113758] Expected resonance: 10.0 GHz
[18:35:25.113759] Frequency error: 79.8%
[18:35:25.113760] FAIL: dip at 2.0 GHz (expect 10.0), T_min=0.017
[18:35:25.286279] Plot saved: /root/workspace/byungkwan-workspace/research/rfx/examples/crossval/07_dispersive_lorentz.png
[18:35:25.428028] + echo '=== ALL 7 CROSSVAL DONE ==='
[18:35:25.428034] === ALL 7 CROSSVAL DONE ===
[18:35:25.462996] workload reported done
[18:35:25.463096] Workload status changed to stopping
[18:35:26.257952] + set +x
[18:35:31.295830] workload reported done
[18:35:31.295930] Workload status changed to waitToBeKilled
[18:35:33.000000] Stopping container run-exec
[18:35:33.000000] Terminating VESSL Workload...
[18:35:33.048156] workload completed
[18:35:33.048256] Workload status changed to completed
