Organization: remilab
Project: byungkwan
[06:52:36.318335] workload awaiting to start
[06:52:36.318435] Workload status changed to pending
[06:52:41.923166] Event Reason: FailedScheduling, Event Note: 0/13 nodes are available: pod has unbound immediate PersistentVolumeClaims. preemption: 0/13 nodes are available: 13 Preemption is not helpful for scheduling.
[06:52:41.923166] Workload is in queue for scheduling. Please wait...
[06:52:51.598559] VESSL Workload assigned successfully. Starting soon.
[06:52:52.000000] Container image "quay.io/vessl-ai/kernels-toolbox:0.1.188" already present on machine
[06:52:52.000000] Created container vops-init
[06:52:52.000000] Started container vops-init
[06:52:53.000000] Container image "nvcr.io/nvidia/jax:24.10-py3" already present on machine
[06:52:53.001000] Container image "nvcr.io/nvidia/jax:24.10-py3" already present on machine
[06:52:54.000000] Started container run-sidecar
[06:52:54.000000] Creating VESSL Workload...
[06:52:54.000000] Created container vops-sidecar
[06:52:54.000000] Created container ttyd-sidecar
[06:52:54.000000] Starting VESSL Workload...
[06:52:54.000000] Started container vops-sidecar
[06:52:54.000000] Created container run-exec
[06:52:54.000000] Container image "quay.io/vessl-ai/kernels-toolbox:0.1.188" already present on machine
[06:52:54.000000] Started container run-exec
[06:52:54.000000] Started container fluentbit
[06:52:54.000000] Created container fluentbit
[06:52:54.000000] Started container ttyd-sidecar
[06:52:54.000000] Container image "quay.io/vessl-ai/sidecar:v0.0.3" already present on machine
[06:52:54.000000] Created container run-sidecar
[06:52:54.704456] Installing VESSL CLI...
[06:52:55.409032] workload reported alive as pod run-execution-mkxme4ed52vh-0
[06:52:55.409132] Workload status changed to initializing
[06:52:56.548631] + set +x
[06:52:59.742211] vessl, version 0.1.199
[06:53:01.673330] workload reported alive as pod run-execution-mkxme4ed52vh-0
[06:53:01.673430] Workload status changed to running
[06:53:01.806330] + mkdir -p /root
[06:53:01.807967] + cd /root
[06:53:01.808379] + cd /root/workspace/byungkwan-workspace/research/rfx
[06:53:01.824953] + git config --global --add safe.directory /root/workspace/byungkwan-workspace/research/rfx
[06:53:01.854133] + git pull --ff-only origin main
[06:53:03.126367] From https://github.com/BK3536/rfx
[06:53:03.126399]  * branch            main       -> FETCH_HEAD
[06:53:03.208930] Already up to date.
[06:53:03.209567] + pip install -q -e '.[dev]'
[06:53:11.477644] WARNING: Running pip as the 'root' user can result in broken permissions and conflicting behaviour with the system package manager. It is recommended to use a virtual environment instead: https://pip.pypa.io/warnings/venv
[06:53:11.636376] + echo '=== CPML Reflectivity Sweep ==='
[06:53:11.636396] + python scripts/cpml_reflectivity_sweep.py
[06:53:11.636403] === CPML Reflectivity Sweep ===
[06:53:12.617332] ======================================================================
[06:53:12.617381] CPML Reflectivity Sweep
[06:53:12.617388] ======================================================================
[06:53:12.617395] Layers: [4, 6, 8, 10, 12, 16, 20]
[06:53:12.617400] Frequencies: ['1.0', '2.4', '5.0', '10.0'] GHz
[06:53:12.617404] Kappa: [1.0, 5.0]
[06:53:12.617409] Target: -40.0 dB
[06:53:12.617414] Runs: 56
[06:53:12.617418]
[06:53:12.617422]
[06:53:12.617427] --- Standard (kappa_max=1.0) ---
[06:53:28.646021]   f=  1.0GHz  n= 4  R=  -46.3dB  [PASS]  16.0s
[06:53:42.651669]   f=  1.0GHz  n= 6  R=  -48.4dB  [PASS]  14.0s
[06:53:58.277696]   f=  1.0GHz  n= 8  R=  -49.7dB  [PASS]  15.6s
[06:54:14.257246]   f=  1.0GHz  n=10  R=  -49.2dB  [PASS]  16.0s
[06:54:29.819532]   f=  1.0GHz  n=12  R=  -48.4dB  [PASS]  15.6s
[06:54:45.054124]   f=  1.0GHz  n=16  R=  -47.7dB  [PASS]  15.2s
[06:55:00.513273]   f=  1.0GHz  n=20  R=  -47.4dB  [PASS]  15.5s
[06:55:16.947842]   f=  2.4GHz  n= 4  R=  -51.9dB  [PASS]  16.4s
[06:55:31.866891]   f=  2.4GHz  n= 6  R=  -52.0dB  [PASS]  14.9s
[06:55:46.251891]   f=  2.4GHz  n= 8  R=  -52.1dB  [PASS]  14.4s
[06:56:01.283547]   f=  2.4GHz  n=10  R=  -52.1dB  [PASS]  15.0s
[06:56:17.025136]   f=  2.4GHz  n=12  R=  -52.1dB  [PASS]  15.7s
[06:56:32.059936]   f=  2.4GHz  n=16  R=  -52.1dB  [PASS]  15.0s
[06:56:46.470731]   f=  2.4GHz  n=20  R=  -52.1dB  [PASS]  14.4s
[06:57:02.019493]   f=  5.0GHz  n= 4  R=  -64.9dB  [PASS]  15.5s
[06:57:16.991722]   f=  5.0GHz  n= 6  R=  -65.3dB  [PASS]  15.0s
[06:57:32.690814]   f=  5.0GHz  n= 8  R=  -65.4dB  [PASS]  15.7s
[06:57:47.998264]   f=  5.0GHz  n=10  R=  -65.5dB  [PASS]  15.3s
[06:58:03.350341]   f=  5.0GHz  n=12  R=  -65.5dB  [PASS]  15.4s
[06:58:18.923191]   f=  5.0GHz  n=16  R=  -65.6dB  [PASS]  15.6s
[06:58:35.131957]   f=  5.0GHz  n=20  R=  -65.7dB  [PASS]  16.2s
[06:58:53.009485]   f= 10.0GHz  n= 4  R=  -85.9dB  [PASS]  17.9s
[06:59:10.652721]   f= 10.0GHz  n= 6  R=  -89.4dB  [PASS]  17.6s
[06:59:27.391032]   f= 10.0GHz  n= 8  R=  -92.0dB  [PASS]  16.7s
[06:59:45.175923]   f= 10.0GHz  n=10  R=  -94.1dB  [PASS]  17.8s
[07:00:03.554986]   f= 10.0GHz  n=12  R=  -95.7dB  [PASS]  18.4s
[07:00:21.768052]   f= 10.0GHz  n=16  R=  -98.0dB  [PASS]  18.2s
[07:00:39.019095]   f= 10.0GHz  n=20  R=  -99.9dB  [PASS]  17.3s
[07:00:39.019128]
[07:00:39.019133] --- CFS-CPML (kappa_max=5.0) ---
[07:00:53.028410]   f=  1.0GHz  n= 4  R=  -43.5dB  [PASS]  14.0s
[07:01:07.613633]   f=  1.0GHz  n= 6  R=  -46.9dB  [PASS]  14.6s
[07:01:22.098298]   f=  1.0GHz  n= 8  R=  -48.1dB  [PASS]  14.5s
[07:01:36.341229]   f=  1.0GHz  n=10  R=  -49.1dB  [PASS]  14.2s
[07:01:50.835565]   f=  1.0GHz  n=12  R=  -49.7dB  [PASS]  14.5s
[07:02:05.463788]   f=  1.0GHz  n=16  R=  -49.0dB  [PASS]  14.6s
[07:02:20.265355]   f=  1.0GHz  n=20  R=  -48.2dB  [PASS]  14.8s
[07:02:35.344938]   f=  2.4GHz  n= 4  R=  -51.8dB  [PASS]  15.1s
[07:02:48.539710]   f=  2.4GHz  n= 6  R=  -51.9dB  [PASS]  13.2s
[07:03:01.897488]   f=  2.4GHz  n= 8  R=  -52.0dB  [PASS]  13.4s
[07:03:15.672516]   f=  2.4GHz  n=10  R=  -52.0dB  [PASS]  13.8s
[07:03:29.652087]   f=  2.4GHz  n=12  R=  -52.0dB  [PASS]  14.0s
[07:03:44.348406]   f=  2.4GHz  n=16  R=  -52.1dB  [PASS]  14.7s
[07:03:59.508132]   f=  2.4GHz  n=20  R=  -52.1dB  [PASS]  15.2s
[07:04:13.983236]   f=  5.0GHz  n= 4  R=  -64.6dB  [PASS]  14.5s
[07:04:26.949718]   f=  5.0GHz  n= 6  R=  -65.2dB  [PASS]  13.0s
[07:04:41.024486]   f=  5.0GHz  n= 8  R=  -65.3dB  [PASS]  14.1s
[07:04:55.566144]   f=  5.0GHz  n=10  R=  -65.3dB  [PASS]  14.5s
[07:05:09.674982]   f=  5.0GHz  n=12  R=  -65.4dB  [PASS]  14.1s
[07:05:23.628971]   f=  5.0GHz  n=16  R=  -65.5dB  [PASS]  14.0s
[07:05:38.910388]   f=  5.0GHz  n=20  R=  -65.6dB  [PASS]  15.3s
[07:05:55.716448]   f= 10.0GHz  n= 4  R=  -84.2dB  [PASS]  16.8s
[07:06:12.202717]   f= 10.0GHz  n= 6  R=  -86.0dB  [PASS]  16.5s
[07:06:28.304067]   f= 10.0GHz  n= 8  R=  -88.3dB  [PASS]  16.1s
[07:06:44.601918]   f= 10.0GHz  n=10  R=  -90.1dB  [PASS]  16.3s
[07:07:01.503451]   f= 10.0GHz  n=12  R=  -91.8dB  [PASS]  16.9s
[07:07:17.965336]   f= 10.0GHz  n=16  R=  -94.0dB  [PASS]  16.5s
[07:07:34.630823]   f= 10.0GHz  n=20  R=  -95.9dB  [PASS]  16.7s
[07:07:34.630838]
[07:07:34.630840] ======================================================================
[07:07:34.630841] MINIMUM LAYERS FOR -40 dB
[07:07:34.630842] ======================================================================
[07:07:34.630843]     freq     std     CFS
[07:07:34.630844]    1.0GHz       4       4
[07:07:34.630845]    5.0GHz       4       4
[07:07:34.630845]    2.4GHz       4       4
[07:07:34.630846]   10.0GHz       4       4
[07:07:34.630847]
[07:07:34.630848] Total: 862s
[07:07:34.658348] Saved: /root/workspace/byungkwan-workspace/research/rfx/scripts/../docs/research_notes/20260405_cpml_reflectivity_sweep/results.json
[07:07:35.505614] === DONE ===
[07:07:35.505614] + echo '=== DONE ==='
[07:07:35.510246] workload reported done
[07:07:35.510346] Workload status changed to stopping
[07:07:49.913408] + set +x
[07:07:54.932835] workload reported done
[07:07:54.932935] Workload status changed to waitToBeKilled
[07:07:57.000000] Stopping container vops-sidecar
[07:07:57.000000] Stopping container run-sidecar
[07:07:57.000000] Stopping container run-exec
[07:07:57.000000] Terminating VESSL Workload...
[07:07:57.000000] Stopping container ttyd-sidecar
[07:07:57.000000] Stopping container fluentbit
[07:07:57.025307] workload completed
[07:07:57.025407] Workload status changed to completed
