Organization: remilab
Project: byungkwan
[16:20:46.394540] workload awaiting to start
[16:20:46.394640] Workload status changed to pending
[16:20:50.989560] Event Reason: FailedScheduling, Event Note: 0/13 nodes are available: pod has unbound immediate PersistentVolumeClaims. preemption: 0/13 nodes are available: 13 Preemption is not helpful for scheduling.
[16:20:50.989560] Workload is in queue for scheduling. Please wait...
[16:20:57.900130] Event Reason: FailedScheduling, Event Note: 0/13 nodes are available: pod has unbound immediate PersistentVolumeClaims. preemption: 0/13 nodes are available: 13 Preemption is not helpful for scheduling.
[16:20:57.900130] Workload is in queue for scheduling. Please wait...
[16:20:59.939193] VESSL Workload assigned successfully. Starting soon.
[16:21:00.000000] Container image "quay.io/vessl-ai/kernels-toolbox:0.1.188" already present on machine
[16:21:00.000000] Started container vops-init
[16:21:01.000000] Creating VESSL Workload...
[16:21:01.000000] Created container run-exec
[16:21:01.000000] Container image "nvcr.io/nvidia/jax:24.10-py3" already present on machine
[16:21:02.000000] Started container run-sidecar
[16:21:02.000000] Created container vops-sidecar
[16:21:02.000000] Starting VESSL Workload...
[16:21:02.000000] Started container vops-sidecar
[16:21:02.000000] Container image "quay.io/vessl-ai/kernels-toolbox:0.1.188" already present on machine
[16:21:02.000000] Started container run-exec
[16:21:02.000000] Container image "quay.io/vessl-ai/fluent-bit:2.1.6" already present on machine
[16:21:02.000000] Container image "quay.io/vessl-ai/sidecar:v0.0.3" already present on machine
[16:21:02.000000] Created container run-sidecar
[16:21:02.352123] Installing VESSL CLI...
[16:21:03.296111] workload reported alive as pod run-execution-vz1l9qf1he78-0
[16:21:03.296211] Workload status changed to initializing
[16:21:04.415551] + set +x
[16:21:09.274245] vessl, version 0.1.199
[16:21:14.499143] workload reported alive as pod run-execution-vz1l9qf1he78-0
[16:21:14.499243] Workload status changed to running
[16:21:14.674572] + mkdir -p /root
[16:21:14.676338] + cd /root
[16:21:14.676775] + set -euo pipefail
[16:21:14.676793] + cd /root
[16:21:14.676801] + git clone https://github.com/bk-squared/rfx.git
[16:21:14.678816] Cloning into 'rfx'...
[16:21:17.647758] + cd rfx
[16:21:17.647786] + pip install --quiet -e '.[all]'
[16:21:21.482388] WARNING: rfx 1807.8.6 does not provide the extra 'dashboard'
[16:21:21.482794] WARNING: rfx 1807.8.6 does not provide the extra 'dev'
[16:21:21.482802] WARNING: rfx 1807.8.6 does not provide the extra 'optimization'
[16:21:21.482807] WARNING: rfx 1807.8.6 does not provide the extra 'visualization'
[16:21:27.011289] WARNING: Running pip as the 'root' user can result in broken permissions and conflicting behaviour with the system package manager. It is recommended to use a virtual environment instead: https://pip.pypa.io/warnings/venv
[16:21:27.231320] + pip install --quiet scipy
[16:21:27.897878] + python -c 'import jax; print('"'"'JAX:'"'"', jax.devices()); import rfx; print('"'"'rfx'"'"', rfx.__version__)'
[16:21:28.300425] JAX: [CudaDevice(id=0)]
[16:21:28.800094] rfx 1.4.0
[16:21:28.921123] + mkdir -p /output/ex3
[16:21:28.922741] + cp /root/workspace/bk-workspace/papers/rfx-tap/experiments/ex3_flagship.py .
[16:21:28.933282] + OUTPUT_DIR=/output/ex3 python ex3_flagship.py
[16:21:29.653419] Device: DeviceInfo(backend='gpu', gpu_available=True, devices=[{'id': 0, 'kind': 'NVIDIA GeForce RTX 4090', 'platform': 'gpu'}])
[16:21:29.653451] WR-90: 22.9x10.2mm, f0=10GHz
[16:21:29.653457] dx=1.0mm, domain=90x90x150mm
[16:21:29.653461] N_STEPS: full=6295, opt=500
[16:21:29.653522] Design region: 23x10x10mm plug at aperture
[16:21:29.653534] eps range: 1.0 - 12.0
[16:21:29.653539]
[16:21:29.653542] === NTFF sanity check ===
[16:21:29.653716] /root/rfx/ex3_flagship.py:205: UserWarning: 'pec' y-extent 1.00mm = 1.0 cells — under-resolved (< 3 cells). Consider finer mesh for accurate results.
[16:21:29.653725]   result_check = sim.run(n_steps=N_STEPS_FULL)
[16:21:29.653736] /root/rfx/ex3_flagship.py:205: UserWarning: 'pec' x-extent 1.00mm = 1.0 cells — under-resolved (< 3 cells). Consider finer mesh for accurate results.
[16:21:29.653741]   result_check = sim.run(n_steps=N_STEPS_FULL)
[16:21:29.653751] /root/rfx/ex3_flagship.py:205: UserWarning: 'pec' z-extent 1.00mm = 1.0 cells — below 1 cell resolution. Use add_thin_conductor() for sub-cell PEC sheet.
[16:21:29.653756]   result_check = sim.run(n_steps=N_STEPS_FULL)
[16:21:37.211035]   Peak theta=177deg, D=15.78 (12.0 dBi)
[16:21:37.211073]
[16:21:37.211078] === Multi-objective directivity optimization (Adam) ===
[16:21:37.507696]   optimize: n_steps=500, grid=(107, 107, 167) (1.9M cells)
[16:21:43.871317] 2026-04-08 16:21:43.871142: W external/xla/xla/service/hlo_rematerialization.cc:3005] Can't reduce memory use below -1.79GiB (-1920480811 bytes) by rematerialization; only reduced to 26.60GiB (28564526618 bytes), down from 26.60GiB (28564526810 bytes) originally
[16:22:14.461047] 2026-04-08 16:22:14.460895: W external/xla/xla/tsl/framework/bfc_allocator.cc:497] Allocator (GPU_0_bfc) ran out of memory trying to allocate 272.66MiB (rounded to 285904128)requested by op
[16:22:14.461305] 2026-04-08 16:22:14.461234: W external/xla/xla/tsl/framework/bfc_allocator.cc:508] ****************************************************************************************************
[16:22:14.461521] E0408 16:22:14.461374     470 pjrt_stream_executor_client.cc:3067] Execution of replica 0 failed: RESOURCE_EXHAUSTED: Out of memory while trying to allocate 285904000 bytes.
[16:22:14.470387] jax.errors.SimplifiedTraceback: For simplicity, JAX has removed its internal frames from the traceback of the following exception. Set JAX_TRACEBACK_FILTERING=off to include these.
[16:22:14.470398]
[16:22:14.470403] The above exception was the direct cause of the following exception:
[16:22:14.470406]
[16:22:14.470410] Traceback (most recent call last):
[16:22:14.470413]   File "/root/rfx/ex3_flagship.py", line 227, in <module>
[16:22:14.470563]     opt = optimize(
[16:22:14.470573]   File "/root/rfx/rfx/optimize.py", line 187, in optimize
[16:22:14.470609]     loss, grad = grad_fn(latent)
[16:22:14.470613]   File "/root/rfx/rfx/optimize.py", line 169, in forward
[16:22:14.470659]     result = sim._forward_from_materials(
[16:22:14.470663]   File "/root/rfx/rfx/api.py", line 2641, in _forward_from_materials
[16:22:14.470947]     result = _run(
[16:22:14.470955]   File "/root/rfx/rfx/simulation.py", line 839, in run
[16:22:14.471040]     final_carry, outputs = jax.lax.scan(body, carry_init, xs)
[16:22:14.471045] jaxlib.xla_extension.XlaRuntimeError: RESOURCE_EXHAUSTED: Out of memory while trying to allocate 285904000 bytes.
[16:22:14.987914] workload reported done
[16:22:14.988014] Workload status changed to stopping
[16:22:26.687364] workload reported done
[16:22:26.687464] Workload status changed to waitToBeKilled
[16:22:30.000000] Stopping container vops-sidecar
[16:22:30.000000] Stopping container run-exec
[16:22:30.000000] Terminating VESSL Workload...
[16:22:30.000000] Stopping container ttyd-sidecar
[16:22:30.000000] Stopping container fluentbit
[16:22:30.039479] workload failed
[16:22:30.039579] Workload status changed to failed
