Organization: remilab
Project: byungkwan
[05:53:53.915136] workload awaiting to start
[05:53:53.915236] Workload status changed to pending
[05:53:59.953269] VESSL Workload assigned successfully. Starting soon.
[05:54:01.000000] Creating VESSL Workload...
[05:54:01.000000] Starting VESSL Workload...
[05:54:01.000000] Created container run-exec
[05:54:01.000000] Container image "quay.io/vessl-ai/kernels-toolbox:0.1.188" already present on machine
[05:54:01.000000] Started container run-exec
[05:54:01.000000] Created container vops-init
[05:54:01.000000] Container image "nvcr.io/nvidia/jax:24.10-py3" already present on machine
[05:54:01.000000] Started container vops-init
[05:54:01.000000] Container image "quay.io/vessl-ai/sidecar:v0.0.3" already present on machine
[05:54:01.001000] Container image "nvcr.io/nvidia/jax:24.10-py3" already present on machine
[05:54:02.000000] Started container run-sidecar
[05:54:02.000000] Created container vops-sidecar
[05:54:02.000000] Created container ttyd-sidecar
[05:54:02.000000] Started container vops-sidecar
[05:54:02.000000] Container image "quay.io/vessl-ai/kernels-toolbox:0.1.188" already present on machine
[05:54:02.000000] Started container fluentbit
[05:54:02.000000] Created container fluentbit
[05:54:02.000000] Started container ttyd-sidecar
[05:54:02.000000] Container image "quay.io/vessl-ai/fluent-bit:2.1.6" already present on machine
[05:54:02.473943] Installing VESSL CLI...
[05:54:03.039798] workload reported alive as pod run-execution-yycbjueyvbj0-0
[05:54:03.039898] Workload status changed to initializing
[05:54:04.160923] + set +x
[05:54:07.188297] vessl, version 0.1.199
[05:54:09.284224] workload reported alive as pod run-execution-yycbjueyvbj0-0
[05:54:09.284324] Workload status changed to running
[05:54:09.645684] + mkdir -p /root
[05:54:09.647918] + cd /root
[05:54:09.648632] + set -euo pipefail
[05:54:09.648668] + cd /root
[05:54:09.648679] + git clone https://github.com/BK3536/rfx.git
[05:54:09.650820] Cloning into 'rfx'...
[05:54:11.857733] + cd rfx
[05:54:11.857749] + pip install --quiet -e '.[all]'
[05:54:15.683459] WARNING: rfx 1807.8.6 does not provide the extra 'dashboard'
[05:54:15.683489] WARNING: rfx 1807.8.6 does not provide the extra 'dev'
[05:54:15.683623] WARNING: rfx 1807.8.6 does not provide the extra 'optimization'
[05:54:15.683717] WARNING: rfx 1807.8.6 does not provide the extra 'visualization'
[05:54:20.695247] WARNING: Running pip as the 'root' user can result in broken permissions and conflicting behaviour with the system package manager. It is recommended to use a virtual environment instead: https://pip.pypa.io/warnings/venv
[05:54:20.886458] + python -c 'import jax; print('"'"'JAX devices:'"'"', jax.devices())'
[05:54:21.148599] JAX devices: [CudaDevice(id=0)]
[05:54:21.199496] + nvidia-smi
[05:54:21.236564] Sun Apr  5 05:54:21 2026
[05:54:21.236576] +---------------------------------------------------------------------------------------+
[05:54:21.236587] | NVIDIA-SMI 535.288.01             Driver Version: 535.288.01   CUDA Version: 12.2     |
[05:54:21.236592] |-----------------------------------------+----------------------+----------------------+
[05:54:21.236597] | GPU  Name                 Persistence-M | Bus-Id        Disp.A | Volatile Uncorr. ECC |
[05:54:21.236603] | Fan  Temp   Perf          Pwr:Usage/Cap |         Memory-Usage | GPU-Util  Compute M. |
[05:54:21.236607] |                                         |                      |               MIG M. |
[05:54:21.236612] |=========================================+======================+======================|
[05:54:21.257586] |   0  NVIDIA GeForce RTX 4090        Off | 00000000:01:00.0 Off |                  Off |
[05:54:21.257595] |  0%   32C    P0              22W / 450W |      1MiB / 24564MiB |      5%      Default |
[05:54:21.257596] |                                         |                      |                  N/A |
[05:54:21.257597] +-----------------------------------------+----------------------+----------------------+
[05:54:21.257599]
[05:54:21.257600] +---------------------------------------------------------------------------------------+
[05:54:21.257601] | Processes:                                                                            |
[05:54:21.257601] |  GPU   GI   CI        PID   Type   Process name                            GPU Memory |
[05:54:21.257602] |        ID   ID                                                             Usage      |
[05:54:21.257603] |=======================================================================================|
[05:54:21.257604] |  No running processes found                                                           |
[05:54:21.257607] +---------------------------------------------------------------------------------------+
[05:54:21.305341] + mkdir -p /output/ex3
[05:54:21.305976] + cp /root/workspace/bk-workspace/papers/rfx-tap/experiments/ex3_farfield_steering.py .
[05:54:21.359519] + OUTPUT_DIR=/output/ex3 python ex3_farfield_steering.py
[05:54:21.931292] Device: DeviceInfo(backend='gpu', gpu_available=True, devices=[{'id': 0, 'kind': 'NVIDIA GeForce RTX 4090', 'platform': 'gpu'}])
[05:54:21.931402]
[05:54:21.931405] === Building simulation (dx=3.00 mm, est. 109 MB) ===
[05:54:21.931491]   Probe θ=-60°: (-5.3, 25.0, 18.3) mm
[05:54:21.931492]   Probe θ=-30°: (7.5, 25.0, 31.1) mm
[05:54:21.931493]   Probe θ=+0°: (25.0, 25.0, 35.8) mm
[05:54:21.931494]   Probe θ=+60°: (55.3, 25.0, 18.3) mm
[05:54:21.931494]   Probe θ=+30°: (42.5, 25.0, 31.1) mm
[05:54:21.931495]
[05:54:21.931497] === Beam steering optimization (probe-array surrogate) ===
[05:54:21.931499] Target: steer main beam to theta~30.0 deg via near-field probe ratio
[05:54:22.755721]   optimize: n_steps=500, grid=(42, 42, 39) (0.1M cells)
[05:54:23.186629] /root/rfx/rfx/simulation.py:555: UserWarning: NTFF works best with float64 precision. Set JAX_ENABLE_X64=1 for accurate far-field results. Falling back to complex64.
[05:54:23.186650]   carry_init["ntff"] = init_ntff_data(ntff)
[05:54:34.412159]   iter    0  loss = -1.522522e-01
[05:54:34.426089] /root/rfx/rfx/simulation.py:555: UserWarning: NTFF works best with float64 precision. Set JAX_ENABLE_X64=1 for accurate far-field results. Falling back to complex64.
[05:54:34.426103]   carry_init["ntff"] = init_ntff_data(ntff)
[05:54:44.152051] /root/rfx/rfx/simulation.py:555: UserWarning: NTFF works best with float64 precision. Set JAX_ENABLE_X64=1 for accurate far-field results. Falling back to complex64.
[05:54:44.152080]   carry_init["ntff"] = init_ntff_data(ntff)
[05:54:54.346746] /root/rfx/rfx/simulation.py:555: UserWarning: NTFF works best with float64 precision. Set JAX_ENABLE_X64=1 for accurate far-field results. Falling back to complex64.
[05:54:54.346769]   carry_init["ntff"] = init_ntff_data(ntff)
[05:55:04.641760] /root/rfx/rfx/simulation.py:555: UserWarning: NTFF works best with float64 precision. Set JAX_ENABLE_X64=1 for accurate far-field results. Falling back to complex64.
[05:55:04.641791]   carry_init["ntff"] = init_ntff_data(ntff)
[05:55:14.883746] /root/rfx/rfx/simulation.py:555: UserWarning: NTFF works best with float64 precision. Set JAX_ENABLE_X64=1 for accurate far-field results. Falling back to complex64.
[05:55:14.883782]   carry_init["ntff"] = init_ntff_data(ntff)
[05:55:25.156675] /root/rfx/rfx/simulation.py:555: UserWarning: NTFF works best with float64 precision. Set JAX_ENABLE_X64=1 for accurate far-field results. Falling back to complex64.
[05:55:25.156703]   carry_init["ntff"] = init_ntff_data(ntff)
[05:55:35.303753] /root/rfx/rfx/simulation.py:555: UserWarning: NTFF works best with float64 precision. Set JAX_ENABLE_X64=1 for accurate far-field results. Falling back to complex64.
[05:55:35.303777]   carry_init["ntff"] = init_ntff_data(ntff)
[05:55:45.328571] /root/rfx/rfx/simulation.py:555: UserWarning: NTFF works best with float64 precision. Set JAX_ENABLE_X64=1 for accurate far-field results. Falling back to complex64.
[05:55:45.328599]   carry_init["ntff"] = init_ntff_data(ntff)
[05:55:55.166783] /root/rfx/rfx/simulation.py:555: UserWarning: NTFF works best with float64 precision. Set JAX_ENABLE_X64=1 for accurate far-field results. Falling back to complex64.
[05:55:55.166815]   carry_init["ntff"] = init_ntff_data(ntff)
[05:56:05.257023] /root/rfx/rfx/simulation.py:555: UserWarning: NTFF works best with float64 precision. Set JAX_ENABLE_X64=1 for accurate far-field results. Falling back to complex64.
[05:56:05.257051]   carry_init["ntff"] = init_ntff_data(ntff)
[05:56:15.334625]   iter   10  loss = -3.421354e-01
[05:56:15.349407] /root/rfx/rfx/simulation.py:555: UserWarning: NTFF works best with float64 precision. Set JAX_ENABLE_X64=1 for accurate far-field results. Falling back to complex64.
[05:56:15.349416]   carry_init["ntff"] = init_ntff_data(ntff)
[05:56:25.474267] /root/rfx/rfx/simulation.py:555: UserWarning: NTFF works best with float64 precision. Set JAX_ENABLE_X64=1 for accurate far-field results. Falling back to complex64.
[05:56:25.474292]   carry_init["ntff"] = init_ntff_data(ntff)
[05:56:35.333373] /root/rfx/rfx/simulation.py:555: UserWarning: NTFF works best with float64 precision. Set JAX_ENABLE_X64=1 for accurate far-field results. Falling back to complex64.
[05:56:35.333391]   carry_init["ntff"] = init_ntff_data(ntff)
[05:56:45.455036] /root/rfx/rfx/simulation.py:555: UserWarning: NTFF works best with float64 precision. Set JAX_ENABLE_X64=1 for accurate far-field results. Falling back to complex64.
[05:56:45.455065]   carry_init["ntff"] = init_ntff_data(ntff)
[05:56:55.674944] /root/rfx/rfx/simulation.py:555: UserWarning: NTFF works best with float64 precision. Set JAX_ENABLE_X64=1 for accurate far-field results. Falling back to complex64.
[05:56:55.674973]   carry_init["ntff"] = init_ntff_data(ntff)
[05:57:05.531354] /root/rfx/rfx/simulation.py:555: UserWarning: NTFF works best with float64 precision. Set JAX_ENABLE_X64=1 for accurate far-field results. Falling back to complex64.
[05:57:05.531384]   carry_init["ntff"] = init_ntff_data(ntff)
[05:57:16.182613] /root/rfx/rfx/simulation.py:555: UserWarning: NTFF works best with float64 precision. Set JAX_ENABLE_X64=1 for accurate far-field results. Falling back to complex64.
[05:57:16.182640]   carry_init["ntff"] = init_ntff_data(ntff)
[05:57:26.043456] /root/rfx/rfx/simulation.py:555: UserWarning: NTFF works best with float64 precision. Set JAX_ENABLE_X64=1 for accurate far-field results. Falling back to complex64.
[05:57:26.043481]   carry_init["ntff"] = init_ntff_data(ntff)
[05:57:36.334493] /root/rfx/rfx/simulation.py:555: UserWarning: NTFF works best with float64 precision. Set JAX_ENABLE_X64=1 for accurate far-field results. Falling back to complex64.
[05:57:36.334515]   carry_init["ntff"] = init_ntff_data(ntff)
[05:57:46.253381] /root/rfx/rfx/simulation.py:555: UserWarning: NTFF works best with float64 precision. Set JAX_ENABLE_X64=1 for accurate far-field results. Falling back to complex64.
[05:57:46.253408]   carry_init["ntff"] = init_ntff_data(ntff)
[05:57:56.534065]   iter   20  loss = -5.171712e-01
[05:57:56.561577] /root/rfx/rfx/simulation.py:555: UserWarning: NTFF works best with float64 precision. Set JAX_ENABLE_X64=1 for accurate far-field results. Falling back to complex64.
[05:57:56.561594]   carry_init["ntff"] = init_ntff_data(ntff)
[05:58:06.748224] /root/rfx/rfx/simulation.py:555: UserWarning: NTFF works best with float64 precision. Set JAX_ENABLE_X64=1 for accurate far-field results. Falling back to complex64.
[05:58:06.748248]   carry_init["ntff"] = init_ntff_data(ntff)
[05:58:17.138625] /root/rfx/rfx/simulation.py:555: UserWarning: NTFF works best with float64 precision. Set JAX_ENABLE_X64=1 for accurate far-field results. Falling back to complex64.
[05:58:17.138660]   carry_init["ntff"] = init_ntff_data(ntff)
[05:58:27.157128] /root/rfx/rfx/simulation.py:555: UserWarning: NTFF works best with float64 precision. Set JAX_ENABLE_X64=1 for accurate far-field results. Falling back to complex64.
[05:58:27.157160]   carry_init["ntff"] = init_ntff_data(ntff)
[05:58:37.096297] /root/rfx/rfx/simulation.py:555: UserWarning: NTFF works best with float64 precision. Set JAX_ENABLE_X64=1 for accurate far-field results. Falling back to complex64.
[05:58:37.096320]   carry_init["ntff"] = init_ntff_data(ntff)
[05:58:47.846688] /root/rfx/rfx/simulation.py:555: UserWarning: NTFF works best with float64 precision. Set JAX_ENABLE_X64=1 for accurate far-field results. Falling back to complex64.
[05:58:47.846719]   carry_init["ntff"] = init_ntff_data(ntff)
[05:58:57.712980] /root/rfx/rfx/simulation.py:555: UserWarning: NTFF works best with float64 precision. Set JAX_ENABLE_X64=1 for accurate far-field results. Falling back to complex64.
[05:58:57.713031]   carry_init["ntff"] = init_ntff_data(ntff)
[05:59:07.581591] /root/rfx/rfx/simulation.py:555: UserWarning: NTFF works best with float64 precision. Set JAX_ENABLE_X64=1 for accurate far-field results. Falling back to complex64.
[05:59:07.581616]   carry_init["ntff"] = init_ntff_data(ntff)
[05:59:18.102948] /root/rfx/rfx/simulation.py:555: UserWarning: NTFF works best with float64 precision. Set JAX_ENABLE_X64=1 for accurate far-field results. Falling back to complex64.
[05:59:18.102968]   carry_init["ntff"] = init_ntff_data(ntff)
[05:59:28.009034] /root/rfx/rfx/simulation.py:555: UserWarning: NTFF works best with float64 precision. Set JAX_ENABLE_X64=1 for accurate far-field results. Falling back to complex64.
[05:59:28.009062]   carry_init["ntff"] = init_ntff_data(ntff)
[05:59:37.967081]   iter   30  loss = -1.031837e+00
[05:59:37.979864] /root/rfx/rfx/simulation.py:555: UserWarning: NTFF works best with float64 precision. Set JAX_ENABLE_X64=1 for accurate far-field results. Falling back to complex64.
[05:59:37.979871]   carry_init["ntff"] = init_ntff_data(ntff)
[05:59:48.592801] /root/rfx/rfx/simulation.py:555: UserWarning: NTFF works best with float64 precision. Set JAX_ENABLE_X64=1 for accurate far-field results. Falling back to complex64.
[05:59:48.592823]   carry_init["ntff"] = init_ntff_data(ntff)
[05:59:58.456642] /root/rfx/rfx/simulation.py:555: UserWarning: NTFF works best with float64 precision. Set JAX_ENABLE_X64=1 for accurate far-field results. Falling back to complex64.
[05:59:58.456670]   carry_init["ntff"] = init_ntff_data(ntff)
[06:00:08.326823] /root/rfx/rfx/simulation.py:555: UserWarning: NTFF works best with float64 precision. Set JAX_ENABLE_X64=1 for accurate far-field results. Falling back to complex64.
[06:00:08.326853]   carry_init["ntff"] = init_ntff_data(ntff)
[06:00:18.188819] /root/rfx/rfx/simulation.py:555: UserWarning: NTFF works best with float64 precision. Set JAX_ENABLE_X64=1 for accurate far-field results. Falling back to complex64.
[06:00:18.188840]   carry_init["ntff"] = init_ntff_data(ntff)
[06:00:28.871060] /root/rfx/rfx/simulation.py:555: UserWarning: NTFF works best with float64 precision. Set JAX_ENABLE_X64=1 for accurate far-field results. Falling back to complex64.
[06:00:28.871089]   carry_init["ntff"] = init_ntff_data(ntff)
[06:00:38.745826] /root/rfx/rfx/simulation.py:555: UserWarning: NTFF works best with float64 precision. Set JAX_ENABLE_X64=1 for accurate far-field results. Falling back to complex64.
[06:00:38.745868]   carry_init["ntff"] = init_ntff_data(ntff)
[06:00:48.613888] /root/rfx/rfx/simulation.py:555: UserWarning: NTFF works best with float64 precision. Set JAX_ENABLE_X64=1 for accurate far-field results. Falling back to complex64.
[06:00:48.613912]   carry_init["ntff"] = init_ntff_data(ntff)
[06:00:59.390832] /root/rfx/rfx/simulation.py:555: UserWarning: NTFF works best with float64 precision. Set JAX_ENABLE_X64=1 for accurate far-field results. Falling back to complex64.
[06:00:59.390859]   carry_init["ntff"] = init_ntff_data(ntff)
[06:01:09.290541] /root/rfx/rfx/simulation.py:555: UserWarning: NTFF works best with float64 precision. Set JAX_ENABLE_X64=1 for accurate far-field results. Falling back to complex64.
[06:01:09.290564]   carry_init["ntff"] = init_ntff_data(ntff)
[06:01:19.181883]   iter   40  loss = -2.403845e+00
[06:01:19.195810] /root/rfx/rfx/simulation.py:555: UserWarning: NTFF works best with float64 precision. Set JAX_ENABLE_X64=1 for accurate far-field results. Falling back to complex64.
[06:01:19.195822]   carry_init["ntff"] = init_ntff_data(ntff)
[06:01:29.081816] /root/rfx/rfx/simulation.py:555: UserWarning: NTFF works best with float64 precision. Set JAX_ENABLE_X64=1 for accurate far-field results. Falling back to complex64.
[06:01:29.081838]   carry_init["ntff"] = init_ntff_data(ntff)
[06:01:39.048593] /root/rfx/rfx/simulation.py:555: UserWarning: NTFF works best with float64 precision. Set JAX_ENABLE_X64=1 for accurate far-field results. Falling back to complex64.
[06:01:39.048615]   carry_init["ntff"] = init_ntff_data(ntff)
[06:01:49.895329] /root/rfx/rfx/simulation.py:555: UserWarning: NTFF works best with float64 precision. Set JAX_ENABLE_X64=1 for accurate far-field results. Falling back to complex64.
[06:01:49.895354]   carry_init["ntff"] = init_ntff_data(ntff)
[06:01:59.814567] /root/rfx/rfx/simulation.py:555: UserWarning: NTFF works best with float64 precision. Set JAX_ENABLE_X64=1 for accurate far-field results. Falling back to complex64.
[06:01:59.814594]   carry_init["ntff"] = init_ntff_data(ntff)
[06:02:09.728759] /root/rfx/rfx/simulation.py:555: UserWarning: NTFF works best with float64 precision. Set JAX_ENABLE_X64=1 for accurate far-field results. Falling back to complex64.
[06:02:09.728779]   carry_init["ntff"] = init_ntff_data(ntff)
[06:02:19.654055] /root/rfx/rfx/simulation.py:555: UserWarning: NTFF works best with float64 precision. Set JAX_ENABLE_X64=1 for accurate far-field results. Falling back to complex64.
[06:02:19.654078]   carry_init["ntff"] = init_ntff_data(ntff)
[06:02:30.682879] /root/rfx/rfx/simulation.py:555: UserWarning: NTFF works best with float64 precision. Set JAX_ENABLE_X64=1 for accurate far-field results. Falling back to complex64.
[06:02:30.682899]   carry_init["ntff"] = init_ntff_data(ntff)
[06:02:40.639633] /root/rfx/rfx/simulation.py:555: UserWarning: NTFF works best with float64 precision. Set JAX_ENABLE_X64=1 for accurate far-field results. Falling back to complex64.
[06:02:40.639662]   carry_init["ntff"] = init_ntff_data(ntff)
[06:02:50.564544] /root/rfx/rfx/simulation.py:555: UserWarning: NTFF works best with float64 precision. Set JAX_ENABLE_X64=1 for accurate far-field results. Falling back to complex64.
[06:02:50.564569]   carry_init["ntff"] = init_ntff_data(ntff)
[06:03:00.444632]   iter   50  loss = -3.651617e+00
[06:03:00.461144] /root/rfx/rfx/simulation.py:555: UserWarning: NTFF works best with float64 precision. Set JAX_ENABLE_X64=1 for accurate far-field results. Falling back to complex64.
[06:03:00.461149]   carry_init["ntff"] = init_ntff_data(ntff)
[06:03:10.350493] /root/rfx/rfx/simulation.py:555: UserWarning: NTFF works best with float64 precision. Set JAX_ENABLE_X64=1 for accurate far-field results. Falling back to complex64.
[06:03:10.350519]   carry_init["ntff"] = init_ntff_data(ntff)
[06:03:20.314883] /root/rfx/rfx/simulation.py:555: UserWarning: NTFF works best with float64 precision. Set JAX_ENABLE_X64=1 for accurate far-field results. Falling back to complex64.
[06:03:20.314904]   carry_init["ntff"] = init_ntff_data(ntff)
[06:03:31.414008] /root/rfx/rfx/simulation.py:555: UserWarning: NTFF works best with float64 precision. Set JAX_ENABLE_X64=1 for accurate far-field results. Falling back to complex64.
[06:03:31.414035]   carry_init["ntff"] = init_ntff_data(ntff)
[06:03:41.299933] /root/rfx/rfx/simulation.py:555: UserWarning: NTFF works best with float64 precision. Set JAX_ENABLE_X64=1 for accurate far-field results. Falling back to complex64.
[06:03:41.299961]   carry_init["ntff"] = init_ntff_data(ntff)
[06:03:51.265784] /root/rfx/rfx/simulation.py:555: UserWarning: NTFF works best with float64 precision. Set JAX_ENABLE_X64=1 for accurate far-field results. Falling back to complex64.
[06:03:51.265808]   carry_init["ntff"] = init_ntff_data(ntff)
[06:04:01.126029] /root/rfx/rfx/simulation.py:555: UserWarning: NTFF works best with float64 precision. Set JAX_ENABLE_X64=1 for accurate far-field results. Falling back to complex64.
[06:04:01.126047]   carry_init["ntff"] = init_ntff_data(ntff)
[06:04:11.041100] /root/rfx/rfx/simulation.py:555: UserWarning: NTFF works best with float64 precision. Set JAX_ENABLE_X64=1 for accurate far-field results. Falling back to complex64.
[06:04:11.041136]   carry_init["ntff"] = init_ntff_data(ntff)
[06:04:22.419252] /root/rfx/rfx/simulation.py:555: UserWarning: NTFF works best with float64 precision. Set JAX_ENABLE_X64=1 for accurate far-field results. Falling back to complex64.
[06:04:22.419299]   carry_init["ntff"] = init_ntff_data(ntff)
[06:04:32.356240] /root/rfx/rfx/simulation.py:555: UserWarning: NTFF works best with float64 precision. Set JAX_ENABLE_X64=1 for accurate far-field results. Falling back to complex64.
[06:04:32.356267]   carry_init["ntff"] = init_ntff_data(ntff)
[06:04:42.302783]   iter   60  loss = -5.199390e+00
[06:04:42.315957] /root/rfx/rfx/simulation.py:555: UserWarning: NTFF works best with float64 precision. Set JAX_ENABLE_X64=1 for accurate far-field results. Falling back to complex64.
[06:04:42.315968]   carry_init["ntff"] = init_ntff_data(ntff)
[06:04:52.235983] /root/rfx/rfx/simulation.py:555: UserWarning: NTFF works best with float64 precision. Set JAX_ENABLE_X64=1 for accurate far-field results. Falling back to complex64.
[06:04:52.236009]   carry_init["ntff"] = init_ntff_data(ntff)
[06:05:02.103869] /root/rfx/rfx/simulation.py:555: UserWarning: NTFF works best with float64 precision. Set JAX_ENABLE_X64=1 for accurate far-field results. Falling back to complex64.
[06:05:02.103893]   carry_init["ntff"] = init_ntff_data(ntff)
[06:05:12.108874] /root/rfx/rfx/simulation.py:555: UserWarning: NTFF works best with float64 precision. Set JAX_ENABLE_X64=1 for accurate far-field results. Falling back to complex64.
[06:05:12.108924]   carry_init["ntff"] = init_ntff_data(ntff)
[06:05:21.975866] /root/rfx/rfx/simulation.py:555: UserWarning: NTFF works best with float64 precision. Set JAX_ENABLE_X64=1 for accurate far-field results. Falling back to complex64.
[06:05:21.975890]   carry_init["ntff"] = init_ntff_data(ntff)
[06:05:33.407731] /root/rfx/rfx/simulation.py:555: UserWarning: NTFF works best with float64 precision. Set JAX_ENABLE_X64=1 for accurate far-field results. Falling back to complex64.
[06:05:33.407757]   carry_init["ntff"] = init_ntff_data(ntff)
[06:05:43.279202] /root/rfx/rfx/simulation.py:555: UserWarning: NTFF works best with float64 precision. Set JAX_ENABLE_X64=1 for accurate far-field results. Falling back to complex64.
[06:05:43.279223]   carry_init["ntff"] = init_ntff_data(ntff)
[06:05:53.136434] /root/rfx/rfx/simulation.py:555: UserWarning: NTFF works best with float64 precision. Set JAX_ENABLE_X64=1 for accurate far-field results. Falling back to complex64.
[06:05:53.136474]   carry_init["ntff"] = init_ntff_data(ntff)
[06:06:03.014595] /root/rfx/rfx/simulation.py:555: UserWarning: NTFF works best with float64 precision. Set JAX_ENABLE_X64=1 for accurate far-field results. Falling back to complex64.
[06:06:03.014620]   carry_init["ntff"] = init_ntff_data(ntff)
[06:06:12.930759] /root/rfx/rfx/simulation.py:555: UserWarning: NTFF works best with float64 precision. Set JAX_ENABLE_X64=1 for accurate far-field results. Falling back to complex64.
[06:06:12.930787]   carry_init["ntff"] = init_ntff_data(ntff)
[06:06:22.806628]   iter   70  loss = -8.442010e+00
[06:06:22.819367] /root/rfx/rfx/simulation.py:555: UserWarning: NTFF works best with float64 precision. Set JAX_ENABLE_X64=1 for accurate far-field results. Falling back to complex64.
[06:06:22.819375]   carry_init["ntff"] = init_ntff_data(ntff)
[06:06:32.704312] /root/rfx/rfx/simulation.py:555: UserWarning: NTFF works best with float64 precision. Set JAX_ENABLE_X64=1 for accurate far-field results. Falling back to complex64.
[06:06:32.704448]   carry_init["ntff"] = init_ntff_data(ntff)
[06:06:44.232549] /root/rfx/rfx/simulation.py:555: UserWarning: NTFF works best with float64 precision. Set JAX_ENABLE_X64=1 for accurate far-field results. Falling back to complex64.
[06:06:44.232572]   carry_init["ntff"] = init_ntff_data(ntff)
[06:06:54.113237] /root/rfx/rfx/simulation.py:555: UserWarning: NTFF works best with float64 precision. Set JAX_ENABLE_X64=1 for accurate far-field results. Falling back to complex64.
[06:06:54.113265]   carry_init["ntff"] = init_ntff_data(ntff)
[06:07:04.005353] /root/rfx/rfx/simulation.py:555: UserWarning: NTFF works best with float64 precision. Set JAX_ENABLE_X64=1 for accurate far-field results. Falling back to complex64.
[06:07:04.005377]   carry_init["ntff"] = init_ntff_data(ntff)
[06:07:13.899370] /root/rfx/rfx/simulation.py:555: UserWarning: NTFF works best with float64 precision. Set JAX_ENABLE_X64=1 for accurate far-field results. Falling back to complex64.
[06:07:13.899400]   carry_init["ntff"] = init_ntff_data(ntff)
[06:07:23.816282] /root/rfx/rfx/simulation.py:555: UserWarning: NTFF works best with float64 precision. Set JAX_ENABLE_X64=1 for accurate far-field results. Falling back to complex64.
[06:07:23.816304]   carry_init["ntff"] = init_ntff_data(ntff)
[06:07:33.841836] /root/rfx/rfx/simulation.py:555: UserWarning: NTFF works best with float64 precision. Set JAX_ENABLE_X64=1 for accurate far-field results. Falling back to complex64.
[06:07:33.841873]   carry_init["ntff"] = init_ntff_data(ntff)
[06:07:43.761639] /root/rfx/rfx/simulation.py:555: UserWarning: NTFF works best with float64 precision. Set JAX_ENABLE_X64=1 for accurate far-field results. Falling back to complex64.
[06:07:43.761661]   carry_init["ntff"] = init_ntff_data(ntff)
[06:07:55.523078]   iter   79  loss = -1.397033e+01
[06:07:55.561779]
[06:07:55.561802] Optimization complete: 813.6s
[06:07:55.561803]
[06:07:55.561805] === Computing final radiation patterns (full angular scan) ===
[06:07:55.857633] /root/rfx/rfx/simulation.py:555: UserWarning: NTFF works best with float64 precision. Set JAX_ENABLE_X64=1 for accurate far-field results. Falling back to complex64.
[06:07:55.857651]   carry_init["ntff"] = init_ntff_data(ntff)
[06:08:34.330662]
[06:08:34.330684] === Running initial (no-parasitic) simulation for comparison ===
[06:08:34.340263] /root/rfx/rfx/simulation.py:555: UserWarning: NTFF works best with float64 precision. Set JAX_ENABLE_X64=1 for accurate far-field results. Falling back to complex64.
[06:08:34.340266]   carry_init["ntff"] = init_ntff_data(ntff)
[06:09:10.725962]
[06:09:10.725983] Metrics:
[06:09:10.725985] {
[06:09:10.725987]   "experiment": "ex3_farfield_steering",
[06:09:10.725989]   "device": "DeviceInfo(backend='gpu', gpu_available=True, devices=[{'id': 0, 'kind': 'NVIDIA GeForce RTX 4090', 'platform': 'gpu'}])",
[06:09:10.725991]   "target_theta_deg": 30.0,
[06:09:10.725992]   "peak_theta_deg": 97.0,
[06:09:10.725993]   "steering_error_deg": 67.0,
[06:09:10.725994]   "peak_gain_dBi": 4.760738438802034,
[06:09:10.725995]   "hpbw_deg": 95.04474465514494,
[06:09:10.725996]   "n_iterations": 80,
[06:09:10.725997]   "optimization_time_s": 813.6,
[06:09:10.725999]   "initial_loss": -0.1522521674633026,
[06:09:10.726000]   "final_loss": -13.97032642364502,
[06:09:10.726000]   "beta_schedule": [
[06:09:10.726001]     [
[06:09:10.726002]       0,
[06:09:10.726003]       1
[06:09:10.726004]     ],
[06:09:10.726005]       20,
[06:09:10.726005]     [
[06:09:10.726006]       4
[06:09:10.726007]     ],
[06:09:10.726008]     [
[06:09:10.726009]       40,
[06:09:10.726009]       16
[06:09:10.726010]     ],
[06:09:10.726011]     [
[06:09:10.726012]       60,
[06:09:10.726013]       64
[06:09:10.726014]     ]
[06:09:10.726015]   ],
[06:09:10.726016]   "dx_mm": 3.0
[06:09:10.726016] }
[06:09:10.820603] Saved: /output/ex3/convergence.png
[06:09:10.968654] Saved: /output/ex3/pattern_comparison.png
[06:09:11.113477] Saved: /output/ex3/parasitic_layout.png
[06:09:11.114044]
[06:09:11.114054] All results saved to /output/ex3/
[06:09:19.277229] workload reported done
[06:09:19.277329] Workload status changed to stopping
[06:09:19.289006] + echo '[done] ex3 farfield'
[06:09:19.289041] [done] ex3 farfield
[06:09:21.774551] + set +x
[06:09:26.769601] workload reported done
[06:09:26.769701] Workload status changed to waitToBeKilled
[06:09:30.000000] Stopping container vops-sidecar
[06:09:30.000000] Stopping container run-exec
[06:09:30.000000] Terminating VESSL Workload...
[06:09:30.000000] Stopping container fluentbit
[06:09:30.079908] workload completed
[06:09:30.080008] Workload status changed to completed
