Organization: remilab
Project: byungkwan
[19:08:16.646502] workload awaiting to start
[19:08:16.646602] Workload status changed to pending
[19:08:36.212652] Event Reason: FailedScheduling, Event Note: 0/13 nodes are available: pod has unbound immediate PersistentVolumeClaims. preemption: 0/13 nodes are available: 13 Preemption is not helpful for scheduling.
[19:08:36.212652] Workload is in queue for scheduling. Please wait...
[19:08:40.397375] Event Reason: FailedScheduling, Event Note: 0/13 nodes are available: pod has unbound immediate PersistentVolumeClaims. preemption: 0/13 nodes are available: 13 Preemption is not helpful for scheduling.
[19:08:40.397375] Workload is in queue for scheduling. Please wait...
[19:08:43.027642] VESSL Workload assigned successfully. Starting soon.
[19:08:44.000000] Container image "quay.io/vessl-ai/kernels-toolbox:0.1.188" already present on machine
[19:08:44.000000] Created container vops-init
[19:08:44.000000] Started container vops-init
[19:08:45.000000] Started container run-sidecar
[19:08:45.000000] Creating VESSL Workload...
[19:08:45.000000] Created container vops-sidecar
[19:08:45.000000] Created container ttyd-sidecar
[19:08:45.000000] Starting VESSL Workload...
[19:08:45.000000] Started container vops-sidecar
[19:08:45.000000] Created container run-exec
[19:08:45.000000] Container image "quay.io/vessl-ai/kernels-toolbox:0.1.188" already present on machine
[19:08:45.000000] Started container run-exec
[19:08:45.000000] Started container fluentbit
[19:08:45.000000] Created container fluentbit
[19:08:45.000000] Container image "nvcr.io/nvidia/jax:24.10-py3" already present on machine
[19:08:45.000000] Started container ttyd-sidecar
[19:08:45.000000] Container image "quay.io/vessl-ai/fluent-bit:2.1.6" already present on machine
[19:08:45.000000] Container image "quay.io/vessl-ai/sidecar:v0.0.3" already present on machine
[19:08:45.000000] Created container run-sidecar
[19:08:45.001000] Container image "nvcr.io/nvidia/jax:24.10-py3" already present on machine
[19:08:45.940297] Installing VESSL CLI...
[19:08:46.696495] workload reported alive as pod run-execution-fg3tr1fgsqkj-0
[19:08:46.696595] Workload status changed to initializing
[19:08:47.809822] + set +x
[19:08:49.673155] vessl, version 0.1.199
[19:08:52.942766] workload reported alive as pod run-execution-fg3tr1fgsqkj-0
[19:08:52.942867] Workload status changed to running
[19:08:53.123096] + mkdir -p /root
[19:08:53.125167] + cd /root
[19:08:53.125716] + set -euo pipefail
[19:08:53.125751] + cd /root
[19:08:53.125767] + git clone https://github.com/BK3536/rfx.git
[19:08:53.127973] Cloning into 'rfx'...
[19:08:54.983490] + cd rfx
[19:08:54.983501] + pip install --quiet -e '.[all]'
[19:08:58.003676] WARNING: rfx 1807.8.6 does not provide the extra 'dashboard'
[19:08:58.003759] WARNING: rfx 1807.8.6 does not provide the extra 'dev'
[19:08:58.003761] WARNING: rfx 1807.8.6 does not provide the extra 'optimization'
[19:08:58.003895] WARNING: rfx 1807.8.6 does not provide the extra 'visualization'
[19:09:01.914211] WARNING: Running pip as the 'root' user can result in broken permissions and conflicting behaviour with the system package manager. It is recommended to use a virtual environment instead: https://pip.pypa.io/warnings/venv
[19:09:02.066215] + python -c 'import jax; print('"'"'JAX devices:'"'"', jax.devices())'
[19:09:02.514785] JAX devices: [CudaDevice(id=0)]
[19:09:02.574128] + nvidia-smi
[19:09:02.607228] Sat Apr  4 19:09:02 2026
[19:09:02.607232] +-----------------------------------------------------------------------------------------+
[19:09:02.607235] | NVIDIA-SMI 570.211.01             Driver Version: 570.211.01     CUDA Version: 12.8     |
[19:09:02.607237] |-----------------------------------------+------------------------+----------------------+
[19:09:02.607239] | GPU  Name                 Persistence-M | Bus-Id          Disp.A | Volatile Uncorr. ECC |
[19:09:02.607240] | Fan  Temp   Perf          Pwr:Usage/Cap |           Memory-Usage | GPU-Util  Compute M. |
[19:09:02.607242] |                                         |                        |               MIG M. |
[19:09:02.607244] |=========================================+========================+======================|
[19:09:02.613140] |   0  NVIDIA GeForce RTX 4090        Off |   00000000:01:00.0 Off |                  Off |
[19:09:02.613149] |  0%   34C    P8             23W /  450W |       0MiB /  24564MiB |      0%      Default |
[19:09:02.613153] |                                         |                        |                  N/A |
[19:09:02.613156] +-----------------------------------------+------------------------+----------------------+
[19:09:02.613351]
[19:09:02.613358] +-----------------------------------------------------------------------------------------+
[19:09:02.613362] | Processes:                                                                              |
[19:09:02.613366] |  GPU   GI   CI              PID   Type   Process name                        GPU Memory |
[19:09:02.613369] |        ID   ID                                                               Usage      |
[19:09:02.613374] |=========================================================================================|
[19:09:02.613710] |  No running processes found                                                             |
[19:09:02.613718] +-----------------------------------------------------------------------------------------+
[19:09:02.685500] + mkdir -p /output/ex0
[19:09:02.686126] + cp /root/workspace/bk-workspace/papers/rfx-tap/experiments/ex0_grad_check.py .
[19:09:02.713321] + OUTPUT_DIR=/output/ex0 python ex0_grad_check.py
[19:09:03.469712] Device: DeviceInfo(backend='gpu', gpu_available=True, devices=[{'id': 0, 'kind': 'NVIDIA GeForce RTX 4090', 'platform': 'gpu'}])
[19:09:03.469759]
[19:09:03.469765] === Building simulation cases ===
[19:09:03.643673]
[19:09:03.643699] === FD step-size sweeps ===
[19:09:03.643702]
[19:09:03.643703] --- Case A_pec_cavity ---
[19:46:45.016491]   A_pec_cavity  eps=1e-02  rel_err=1.200e-04  t=2261.4s
[20:27:41.876472]   A_pec_cavity  eps=3e-03  rel_err=3.944e-04  t=2456.9s
[21:10:01.094769]   A_pec_cavity  eps=1e-03  rel_err=1.257e-03  t=2539.2s
[21:53:20.439032]   A_pec_cavity  eps=3e-04  rel_err=4.003e-03  t=2599.3s
[22:36:59.956633]   A_pec_cavity  eps=1e-04  rel_err=1.115e-02  t=2619.5s
[23:20:56.386898]   Best relative error: 1.200e-04  pass=True
[23:20:56.386920]
[23:20:56.386923] --- Case B_cpml_fr4 ---
[00:15:06.451147] + set +x
[00:15:06.715687] + mkdir -p /root
[00:15:06.717674] + cd /root
[00:15:06.718336] + set -euo pipefail
[00:15:06.718344] + cd /root
[00:15:06.718350] + git clone https://github.com/BK3536/rfx.git
[00:15:06.720857] Cloning into 'rfx'...
[00:15:08.931361] + cd rfx
[00:15:08.931372] + pip install --quiet -e '.[all]'
[00:15:12.761289] WARNING: rfx 1807.8.6 does not provide the extra 'dashboard'
[00:15:12.761316] WARNING: rfx 1807.8.6 does not provide the extra 'dev'
[00:15:12.761466] WARNING: rfx 1807.8.6 does not provide the extra 'optimization'
[00:15:12.761475] WARNING: rfx 1807.8.6 does not provide the extra 'visualization'
[00:15:17.373507] WARNING: Running pip as the 'root' user can result in broken permissions and conflicting behaviour with the system package manager. It is recommended to use a virtual environment instead: https://pip.pypa.io/warnings/venv
[00:15:17.522258] + python -c 'import jax; print('"'"'JAX devices:'"'"', jax.devices())'
[00:15:17.916409] JAX devices: [CudaDevice(id=0)]
[00:15:17.973029] + nvidia-smi
[00:15:17.983249] Sun Apr  5 00:15:17 2026
[00:15:17.983253] +-----------------------------------------------------------------------------------------+
[00:15:17.983256] | NVIDIA-SMI 570.211.01             Driver Version: 570.211.01     CUDA Version: 12.8     |
[00:15:17.983258] |-----------------------------------------+------------------------+----------------------+
[00:15:17.983259] | GPU  Name                 Persistence-M | Bus-Id          Disp.A | Volatile Uncorr. ECC |
[00:15:17.983260] | Fan  Temp   Perf          Pwr:Usage/Cap |           Memory-Usage | GPU-Util  Compute M. |
[00:15:17.983261] |                                         |                        |               MIG M. |
[00:15:17.983262] |=========================================+========================+======================|
[00:15:17.987022] |   0  NVIDIA GeForce RTX 4090        Off |   00000000:01:00.0 Off |                  Off |
[00:15:17.987038] |  0%   49C    P8             28W /  450W |       0MiB /  24564MiB |      0%      Default |
[00:15:17.987042] |                                         |                        |                  N/A |
[00:15:17.987046] +-----------------------------------------+------------------------+----------------------+
[00:15:17.987065]
[00:15:17.987069] +-----------------------------------------------------------------------------------------+
[00:15:17.987072] | Processes:                                                                              |
[00:15:17.987075] |  GPU   GI   CI              PID   Type   Process name                        GPU Memory |
[00:15:17.987077] |        ID   ID                                                               Usage      |
[00:15:17.987080] |=========================================================================================|
[00:15:17.987219] |  No running processes found                                                             |
[00:15:17.987229] +-----------------------------------------------------------------------------------------+
[00:15:18.053158] + mkdir -p /output/ex0
[00:15:18.053749] + cp /root/workspace/bk-workspace/papers/rfx-tap/experiments/ex0_grad_check.py .
[00:15:18.092612] + OUTPUT_DIR=/output/ex0 python ex0_grad_check.py
[00:15:18.910343] Device: DeviceInfo(backend='gpu', gpu_available=True, devices=[{'id': 0, 'kind': 'NVIDIA GeForce RTX 4090', 'platform': 'gpu'}])
[00:15:18.910365]
[00:15:18.910368] === Building simulation cases ===
[00:15:19.104273]
[00:15:19.104297] === FD step-size sweeps ===
[00:15:19.104300]
[00:15:19.104303] --- Case A_pec_cavity ---
[00:53:01.334486]   A_pec_cavity  eps=1e-02  rel_err=1.200e-04  t=2262.2s
[01:33:59.539027]   A_pec_cavity  eps=3e-03  rel_err=3.944e-04  t=2458.2s
[02:16:20.660784]   A_pec_cavity  eps=1e-03  rel_err=1.257e-03  t=2541.1s
[02:59:42.316708]   A_pec_cavity  eps=3e-04  rel_err=4.003e-03  t=2601.7s
[03:43:24.710601]   A_pec_cavity  eps=1e-04  rel_err=1.115e-02  t=2622.4s
[04:27:23.656344]   Best relative error: 1.200e-04  pass=True
[04:27:23.656368]
[04:27:23.656369] --- Case B_cpml_fr4 ---
[04:49:51.202579] workload request to be terminated
[04:49:51.202679] Workload status changed to waitToBeKilled
[04:49:54.000000] Stopping container vops-sidecar
[04:49:54.000000] Stopping container run-sidecar
[04:49:54.000000] Stopping container run-exec
[04:49:54.000000] Terminating VESSL Workload...
[04:49:54.000000] Stopping container ttyd-sidecar
[04:49:54.000000] Stopping container fluentbit
[04:49:54.051015] workload terminated
[04:49:54.051116] Workload status changed to terminated
