Organization: remilab
Project: byungkwan
[02:29:05.383101] workload awaiting to start
[02:29:05.383201] Workload status changed to pending
[02:29:11.938095] Event Reason: FailedScheduling, Event Note: 0/13 nodes are available: pod has unbound immediate PersistentVolumeClaims. preemption: 0/13 nodes are available: 13 Preemption is not helpful for scheduling.
[02:29:11.938095] Workload is in queue for scheduling. Please wait...
[02:29:13.128133] Event Reason: FailedScheduling, Event Note: 0/13 nodes are available: pod has unbound immediate PersistentVolumeClaims. preemption: 0/13 nodes are available: 13 Preemption is not helpful for scheduling.
[02:29:13.128133] Workload is in queue for scheduling. Please wait...
[02:29:15.151716] VESSL Workload assigned successfully. Starting soon.
[02:29:16.000000] Creating VESSL Workload...
[02:29:16.000000] Created container run-exec
[02:29:16.000000] Container image "quay.io/vessl-ai/kernels-toolbox:0.1.188" already present on machine
[02:29:16.000000] Created container vops-init
[02:29:16.000000] Started container vops-init
[02:29:16.000000] Container image "nvcr.io/nvidia/jax:24.04-py3" already present on machine
[02:29:16.001000] Container image "nvcr.io/nvidia/jax:24.04-py3" already present on machine
[02:29:17.000000] Created container vops-sidecar
[02:29:17.000000] Created container ttyd-sidecar
[02:29:17.000000] Starting VESSL Workload...
[02:29:17.000000] Started container vops-sidecar
[02:29:17.000000] Container image "quay.io/vessl-ai/kernels-toolbox:0.1.188" already present on machine
[02:29:17.000000] Started container run-exec
[02:29:17.000000] Started container fluentbit
[02:29:17.000000] Created container fluentbit
[02:29:17.000000] Started container ttyd-sidecar
[02:29:17.000000] Container image "quay.io/vessl-ai/fluent-bit:2.1.6" already present on machine
[02:29:17.000000] Container image "quay.io/vessl-ai/sidecar:v0.0.3" already present on machine
[02:29:17.000000] Created container run-sidecar
[02:29:17.978180] Installing VESSL CLI...
[02:29:28.708424] workload reported alive as pod run-execution-uy98iuf8tjbl-0
[02:29:28.708524] Workload status changed to initializing
[02:29:29.881578] + set +x
[02:29:33.191284] vessl, version 0.1.199
[02:29:35.019844] workload reported alive as pod run-execution-uy98iuf8tjbl-0
[02:29:35.019944] Workload status changed to running
[02:29:35.237323] + mkdir -p /root
[02:29:35.239892] + cd /root
[02:29:35.240277] + cd /root/workspace/byungkwan-workspace/research/rfx
[02:29:35.254215] + pip install -q -e .
[02:29:47.256746] WARNING: Running pip as the 'root' user can result in broken permissions and conflicting behaviour with the system package manager. It is recommended to use a virtual environment instead: https://pip.pypa.io/warnings/venv
[02:29:47.599301] + python -c 'import jax; print(f'"'"'Backend: {jax.default_backend()}'"'"')'
[02:29:48.772661] Backend: gpu
[02:29:48.913858] + python examples/09_patch_fixed.py
[02:29:50.417572] Design: L=29.4mm, W=38.0mm, f0=2.400GHz, lambda=125mm
[02:29:50.417686] Grid: (209, 227, 91), dx=0.5mm, cpml=12
[02:29:50.417719] h/dx=3.2 cells, margin=31mm (0.25*lambda)
[02:29:50.417749] n_steps=10491, T_sim=10.0ns, dt=9.533e-13s
[02:29:50.417771] Running...
[02:39:56.917444]
[02:39:56.917572] === Results ===
[02:39:56.917604] Resonance PEAK: 1.012 GHz (design: 2.400 GHz)
[02:39:56.917628] Error: 57.8%
[02:39:56.917718] Max|Ez|: 6.695e+02
[02:39:56.917809] NaN: False
[02:39:57.193108]
[02:39:57.193165] Top spectral peaks:
[02:39:57.863672] workload reported done
[02:39:57.863773] Workload status changed to stopping
[02:40:11.424937] + set +x
[02:40:16.462669] workload reported done
[02:40:16.462769] Workload status changed to waitToBeKilled
[02:40:17.000000] Stopping container vops-sidecar
[02:40:17.000000] Stopping container run-sidecar
[02:40:17.000000] Stopping container run-exec
[02:40:17.000000] Terminating VESSL Workload...
[02:40:17.000000] Stopping container ttyd-sidecar
[02:40:17.000000] Stopping container fluentbit
[02:40:18.027103] workload completed
[02:40:18.027204] Workload status changed to completed
