Organization: remilab
Project: byungkwan
[12:26:06.013000] workload awaiting to start
[12:26:06.013101] Workload status changed to pending
[12:26:11.948021] Event Reason: FailedScheduling, Event Note: 0/13 nodes are available: pod has unbound immediate PersistentVolumeClaims. preemption: 0/13 nodes are available: 13 Preemption is not helpful for scheduling.
[12:26:11.948021] Workload is in queue for scheduling. Please wait...
[12:26:25.471855] VESSL Workload assigned successfully. Starting soon.
[12:26:26.000000] Container image "quay.io/vessl-ai/kernels-toolbox:0.1.188" already present on machine
[12:26:26.000000] Created container vops-init
[12:26:26.000000] Started container vops-init
[12:26:27.000000] Started container run-sidecar
[12:26:27.000000] Creating VESSL Workload...
[12:26:27.000000] Starting VESSL Workload...
[12:26:27.000000] Created container run-exec
[12:26:27.000000] Started container run-exec
[12:26:27.000000] Created container fluentbit
[12:26:27.000000] Container image "nvcr.io/nvidia/jax:24.04-py3" already present on machine
[12:26:27.001000] Container image "nvcr.io/nvidia/jax:24.04-py3" already present on machine
[12:26:28.000000] Created container vops-sidecar
[12:26:28.000000] Created container ttyd-sidecar
[12:26:28.000000] Container image "quay.io/vessl-ai/kernels-toolbox:0.1.188" already present on machine
[12:26:28.000000] Started container fluentbit
[12:26:28.000000] Started container ttyd-sidecar
[12:26:28.292226] Installing VESSL CLI...
[12:26:29.008802] workload reported alive as pod run-execution-nt2dz4mly41m-0
[12:26:29.008902] Workload status changed to initializing
[12:26:30.151177] + set +x
[12:26:38.717434] vessl, version 0.1.199
[12:26:40.326344] workload reported alive as pod run-execution-nt2dz4mly41m-0
[12:26:40.326444] Workload status changed to running
[12:26:40.539258] + mkdir -p /root
[12:26:40.541492] + cd /root
[12:26:40.541870] + cd /root/workspace/byungkwan-workspace/research/rfx
[12:26:40.552548] + echo '=== Patch Antenna S11 + Far-field on GPU ==='
[12:26:40.552562] === Patch Antenna S11 + Far-field on GPU ===
[12:26:40.552708] + hostname
[12:26:40.553394] + echo Node:run-execution-nt2dz4mly41m-0
[12:26:40.553396] Node:run-execution-nt2dz4mly41m-0
[12:26:40.553490] + date
[12:26:40.554436] + echo 'Start:Wed Apr  1 12:26:40 UTC 2026'
[12:26:40.554443] Start:Wed Apr  1 12:26:40 UTC 2026
[12:26:40.554451] + pip install -q -e .
[12:26:52.066361] WARNING: Running pip as the 'root' user can result in broken permissions and conflicting behaviour with the system package manager. It is recommended to use a virtual environment instead: https://pip.pypa.io/warnings/venv
[12:26:52.398403] + python -c 'import jax; print(f'"'"'Backend: {jax.default_backend()}, Devices: {jax.devices()}'"'"')'
[12:26:53.685768] Backend: gpu, Devices: [cuda(id=0)]
[12:26:53.873148] + python examples/04_patch_antenna.py
[12:26:55.221692] Patch: 29.4 x 38.0 mm, substrate h=1.6 mm
[12:26:55.641186] Domain: 69x78x17 mm, dx=0.5 mm
[12:26:55.641237] Feed: (29.8, 39.0) mm, extent=0.6 mm
[12:26:55.641248]
[12:26:55.641258] Rendering geometry...
[12:26:55.859158] Saved: examples/04_patch_geometry.png
[12:26:55.902652]
[12:26:55.902681] Running simulation (4000 steps)...
[12:31:57.908421]
[12:31:57.908449] === S11 Results (wave decomposition) ===
[12:31:57.908455] Resonance: 3.50 GHz (design: 2.4 GHz)
[12:31:57.908459] S11 min:   -0.0 dB
[12:31:57.908462] Freq error: 45.8%
[12:31:57.908472] -10dB BW:  not achieved (S11 min not below -10 dB)
[12:31:58.060704]
[12:31:58.060746] S11 plot saved: examples/04_patch_antenna_s11.png
[12:31:59.245959]
[12:31:59.245991] === Far-field Results ===
[12:31:59.245996] Directivity: 8.3 dBi at 2.4 GHz
[12:31:59.729460] Far-field plot saved: examples/04_patch_antenna_farfield.png
[12:31:59.729476]
[12:31:59.729482] === Done ===
[12:32:00.175787] + date
[12:32:00.176879] + echo '=== Done Wed Apr  1 12:32:00 UTC 2026 ==='
[12:32:00.176897] === Done Wed Apr  1 12:32:00 UTC 2026 ===
[12:32:00.197176] workload reported done
[12:32:00.197276] Workload status changed to stopping
[12:32:04.649511] + set +x
[12:32:09.677237] workload reported done
[12:32:09.677337] Workload status changed to waitToBeKilled
[12:32:12.000000] Stopping container vops-sidecar
[12:32:12.000000] Stopping container run-exec
[12:32:12.000000] Terminating VESSL Workload...
[12:32:12.000000] Stopping container ttyd-sidecar
[12:32:12.000000] Stopping container fluentbit
[12:32:12.116409] workload completed
[12:32:12.116509] Workload status changed to completed
