Organization: remilab
Project: byungkwan
[14:17:01.275143] workload awaiting to start
[14:17:01.275243] Workload status changed to pending
[14:17:06.513654] Event Reason: FailedScheduling, Event Note: 0/13 nodes are available: pod has unbound immediate PersistentVolumeClaims. preemption: 0/13 nodes are available: 13 Preemption is not helpful for scheduling.
[14:17:06.513654] Workload is in queue for scheduling. Please wait...
[14:17:09.465793] Event Reason: FailedScheduling, Event Note: 0/13 nodes are available: pod has unbound immediate PersistentVolumeClaims. preemption: 0/13 nodes are available: 13 Preemption is not helpful for scheduling.
[14:17:09.465793] Workload is in queue for scheduling. Please wait...
[14:17:12.203379] VESSL Workload assigned successfully. Starting soon.
[14:17:13.000000] Container image "quay.io/vessl-ai/kernels-toolbox:0.1.188" already present on machine
[14:17:13.000000] Created container vops-init
[14:17:13.000000] Started container vops-init
[14:17:14.000000] Creating VESSL Workload...
[14:17:14.000000] Created container ttyd-sidecar
[14:17:14.000000] Starting VESSL Workload...
[14:17:14.000000] Created container run-exec
[14:17:14.000000] Container image "quay.io/vessl-ai/kernels-toolbox:0.1.188" already present on machine
[14:17:14.000000] Started container run-exec
[14:17:14.000000] Container image "nvcr.io/nvidia/jax:24.10-py3" already present on machine
[14:17:14.000000] Container image "quay.io/vessl-ai/sidecar:v0.0.3" already present on machine
[14:17:14.000000] Created container run-sidecar
[14:17:14.001000] Container image "nvcr.io/nvidia/jax:24.10-py3" already present on machine
[14:17:15.000000] Started container ttyd-sidecar
[14:17:15.187648] Installing VESSL CLI...
[14:17:15.786705] workload reported alive as pod run-execution-bw9dx9kba4ma-0
[14:17:16.924566] + set +x
[14:17:19.951770] vessl, version 0.1.199
[14:17:22.079667] workload reported alive as pod run-execution-bw9dx9kba4ma-0
[14:17:22.079767] Workload status changed to running
[14:17:22.237888] + mkdir -p /root
[14:17:22.239805] + cd /root
[14:17:22.240468] + set -euo pipefail
[14:17:22.240497] + cd /root
[14:17:22.240505] + git clone https://github.com/BK3536/rfx.git
[14:17:22.242595] Cloning into 'rfx'...
[14:17:24.204640] + cd rfx
[14:17:24.204653] + pip install --quiet -e '.[all]'
[14:17:26.904075] WARNING: rfx 1807.8.6 does not provide the extra 'dashboard'
[14:17:26.904100] WARNING: rfx 1807.8.6 does not provide the extra 'dev'
[14:17:26.904112] WARNING: rfx 1807.8.6 does not provide the extra 'optimization'
[14:17:26.904307] WARNING: rfx 1807.8.6 does not provide the extra 'visualization'
[14:17:30.911674] WARNING: Running pip as the 'root' user can result in broken permissions and conflicting behaviour with the system package manager. It is recommended to use a virtual environment instead: https://pip.pypa.io/warnings/venv
[14:17:31.068846] + python -c 'import jax; print('"'"'JAX devices:'"'"', jax.devices())'
[14:17:31.403813] JAX devices: [CudaDevice(id=0)]
[14:17:31.444657] + nvidia-smi
[14:17:31.499549] Sat Apr  4 14:17:31 2026
[14:17:31.499564] +---------------------------------------------------------------------------------------+
[14:17:31.499569] | NVIDIA-SMI 535.288.01             Driver Version: 535.288.01   CUDA Version: 12.2     |
[14:17:31.499571] |-----------------------------------------+----------------------+----------------------+
[14:17:31.499572] | GPU  Name                 Persistence-M | Bus-Id        Disp.A | Volatile Uncorr. ECC |
[14:17:31.499574] | Fan  Temp   Perf          Pwr:Usage/Cap |         Memory-Usage | GPU-Util  Compute M. |
[14:17:31.499575] |                                         |                      |               MIG M. |
[14:17:31.499577] |=========================================+======================+======================|
[14:17:31.511154] |   0  NVIDIA GeForce RTX 4090        Off | 00000000:01:00.0 Off |                  Off |
[14:17:31.511170] |  0%   33C    P0              26W / 450W |      1MiB / 24564MiB |      5%      Default |
[14:17:31.511173] |                                         |                      |                  N/A |
[14:17:31.511174] +-----------------------------------------+----------------------+----------------------+
[14:17:31.511176]
[14:17:31.511177] +---------------------------------------------------------------------------------------+
[14:17:31.511178] | Processes:                                                                            |
[14:17:31.511180] |  GPU   GI   CI        PID   Type   Process name                            GPU Memory |
[14:17:31.511182] |        ID   ID                                                             Usage      |
[14:17:31.511183] |=======================================================================================|
[14:17:31.511184] |  No running processes found                                                           |
[14:17:31.511186] +---------------------------------------------------------------------------------------+
[14:17:31.560179] + mkdir -p /output/ex2
[14:17:31.560693] + cp /root/workspace/bk-workspace/papers/rfx-tap/experiments/ex2_filter_topology.py .
[14:17:31.571423] + OUTPUT_DIR=/output/ex2 python ex2_filter_topology.py
[14:17:32.311948] Device: DeviceInfo(backend='gpu', gpu_available=True, devices=[{'id': 0, 'kind': 'NVIDIA GeForce RTX 4090', 'platform': 'gpu'}])
[14:17:32.311964]
[14:17:32.311966] === Building simulation ===
[14:17:32.311969]
[14:17:32.311970] === Running topology_optimize (100 iterations, beta continuation) ===
[14:17:32.311971] beta schedule: 1 @ iter 0, 4 @ iter 30, 16 @ iter 60, 64 @ iter 80
[14:17:34.952240] 2026-04-04 14:17:34.952110: W external/xla/xla/service/hlo_rematerialization.cc:3005] Can't reduce memory use below 9.52GiB (10223351154 bytes) by rematerialization; only reduced to 14.97GiB (16073797136 bytes), down from 14.97GiB (16073797136 bytes) originally
[14:17:36.196360] /opt/jax/jax/_src/numpy/lax_numpy.py:4252: FutureWarning: None encountered in jnp.array(); this is currently treated as NaN. In the future this will result in an error.
[14:17:36.196381]   return array(a, dtype=dtype, copy=bool(copy), order=order, device=device)
[14:17:36.238027] jax.errors.SimplifiedTraceback: For simplicity, JAX has removed its internal frames from the traceback of the following exception. Set JAX_TRACEBACK_FILTERING=off to include these.
[14:17:36.238045]
[14:17:36.238048] The above exception was the direct cause of the following exception:
[14:17:36.238050]
[14:17:36.238052] Traceback (most recent call last):
[14:17:36.238053]   File "/root/rfx/ex2_filter_topology.py", line 161, in <module>
[14:17:36.238059]     result = topology_optimize(
[14:17:36.238061]   File "/root/rfx/rfx/topology.py", line 468, in topology_optimize
[14:17:36.238093]     loss, grad = jax.value_and_grad(lambda l: forward(l, beta))(logit)
[14:17:36.238097]   File "/root/rfx/rfx/topology.py", line 468, in <lambda>
[14:17:36.238133]     loss, grad = jax.value_and_grad(lambda l: forward(l, beta))(logit)
[14:17:36.238136]   File "/root/rfx/rfx/topology.py", line 462, in forward
[14:17:36.238182]     return objective(result)
[14:17:36.238184]   File "/root/rfx/ex2_filter_topology.py", line 140, in bandpass_s21_objective
[14:17:36.238214]     return maximize_s21(result)
[14:17:36.238216]   File "/root/rfx/rfx/optimize_objectives.py", line 110, in maximize_s21
[14:17:36.238249]     target_freqs = jnp.asarray(freqs, dtype=jnp.float32)
[14:17:36.238251]   File "/opt/jax/jax/_src/numpy/lax_numpy.py", line 4252, in asarray
[14:17:36.238474]     return array(a, dtype=dtype, copy=bool(copy), order=order, device=device)
[14:17:36.238477]   File "/opt/jax/jax/_src/numpy/lax_numpy.py", line 4077, in array
[14:17:36.238669]     out = stack([asarray(elt, dtype=dtype) for elt in object])
[14:17:36.238672]   File "/opt/jax/jax/_src/numpy/lax_numpy.py", line 4077, in <listcomp>
[14:17:36.238857]     out = stack([asarray(elt, dtype=dtype) for elt in object])
[14:17:36.238860]   File "/opt/jax/jax/_src/numpy/lax_numpy.py", line 4252, in asarray
[14:17:36.239059]     return array(a, dtype=dtype, copy=bool(copy), order=order, device=device)
[14:17:36.239062]   File "/opt/jax/jax/_src/numpy/lax_numpy.py", line 4077, in array
[14:17:36.239249]     out = stack([asarray(elt, dtype=dtype) for elt in object])
[14:17:36.239252]   File "/opt/jax/jax/_src/numpy/lax_numpy.py", line 3649, in stack
[14:17:36.239417]     raise ValueError("All input arrays must have the same shape.")
[14:17:36.239420] ValueError: All input arrays must have the same shape.
[14:17:36.522499] workload reported done
[14:17:36.522599] Workload status changed to stopping
[14:17:46.256040] workload reported done
[14:17:46.256140] Workload status changed to waitToBeKilled
[14:17:48.000000] Stopping container vops-sidecar
[14:17:48.000000] Stopping container run-exec
[14:17:48.000000] Terminating VESSL Workload...
[14:17:48.000000] Stopping container ttyd-sidecar
[14:17:48.190680] workload failed
[14:17:48.190780] Workload status changed to failed
