Organization: remilab
Project: byungkwan
[06:44:31.549049] workload awaiting to start
[06:44:31.549149] Workload status changed to pending
[06:44:40.944017] VESSL Workload assigned successfully. Starting soon.
[06:44:41.000000] Container image "quay.io/vessl-ai/kernels-toolbox:0.1.188" already present on machine
[06:44:41.000000] Created container vops-init
[06:44:41.000000] Started container vops-init
[06:44:42.000000] Started container run-sidecar
[06:44:42.000000] Creating VESSL Workload...
[06:44:42.000000] Created container ttyd-sidecar
[06:44:42.000000] Starting VESSL Workload...
[06:44:42.000000] Created container run-exec
[06:44:42.000000] Started container run-exec
[06:44:42.000000] Started container fluentbit
[06:44:42.000000] Created container fluentbit
[06:44:42.000000] Container image "nvcr.io/nvidia/jax:24.10-py3" already present on machine
[06:44:42.000000] Container image "quay.io/vessl-ai/fluent-bit:2.1.6" already present on machine
[06:44:42.000000] Container image "quay.io/vessl-ai/sidecar:v0.0.3" already present on machine
[06:44:42.000000] Created container run-sidecar
[06:44:42.001000] Container image "nvcr.io/nvidia/jax:24.10-py3" already present on machine
[06:44:43.000000] Created container vops-sidecar
[06:44:43.000000] Started container vops-sidecar
[06:44:43.000000] Container image "quay.io/vessl-ai/kernels-toolbox:0.1.188" already present on machine
[06:44:43.000000] Started container ttyd-sidecar
[06:44:43.234083] Installing VESSL CLI...
[06:44:43.922632] workload reported alive as pod run-execution-5v9rdfg58o2e-0
[06:44:43.922733] Workload status changed to initializing
[06:44:45.027553] + set +x
[06:44:49.637223] vessl, version 0.1.199
[06:44:50.127588] workload reported alive as pod run-execution-5v9rdfg58o2e-0
[06:44:50.127688] Workload status changed to running
[06:44:50.259794] + mkdir -p /root
[06:44:50.261686] + cd /root
[06:44:50.262149] + set -euo pipefail
[06:44:50.262167] + cd /root
[06:44:50.262177] + git clone https://github.com/bk-squared/rfx.git
[06:44:50.264245] Cloning into 'rfx'...
[06:44:52.488513] + cd rfx
[06:44:52.488542] + pip install --quiet -e '.[all]'
[06:44:55.994345] WARNING: rfx 1807.8.6 does not provide the extra 'dashboard'
[06:44:55.994426] WARNING: rfx 1807.8.6 does not provide the extra 'dev'
[06:44:55.994557] WARNING: rfx 1807.8.6 does not provide the extra 'optimization'
[06:44:55.994670] WARNING: rfx 1807.8.6 does not provide the extra 'visualization'
[06:45:01.178734] WARNING: Running pip as the 'root' user can result in broken permissions and conflicting behaviour with the system package manager. It is recommended to use a virtual environment instead: https://pip.pypa.io/warnings/venv
[06:45:01.407190] + python -c 'import jax; print('"'"'JAX:'"'"', jax.devices()); import rfx; print('"'"'rfx'"'"', rfx.__version__)'
[06:45:01.840339] JAX: [CudaDevice(id=0)]
[06:45:02.389905] rfx 1.4.0
[06:45:02.511603] + mkdir -p /output/ex1
[06:45:02.513350] + cp /root/workspace/bk-workspace/papers/rfx-tap/experiments/ex1_dra.py .
[06:45:02.525142] + OUTPUT_DIR=/output/ex1 python ex1_dra.py
[06:45:03.269853] Device: DeviceInfo(backend='gpu', gpu_available=True, devices=[{'id': 0, 'kind': 'NVIDIA GeForce RTX 4090', 'platform': 'gpu'}])
[06:45:03.269968]
[06:45:03.269976] === Gradient-based optimization (Adam) ===
[06:45:04.657452]   optimize: n_steps=800, grid=(47, 47, 52) (0.1M cells)
[06:45:30.406275]   iter    0  loss = 9.287854e-04
[06:49:24.279320]   iter   10  loss = 3.865029e-04
[06:53:18.899534]   iter   20  loss = 1.579759e-04
[06:57:14.645624]   iter   30  loss = 7.696581e-05
[07:01:08.222363]   iter   40  loss = 4.230886e-05
[07:05:03.638841]   iter   50  loss = 2.558970e-05
[07:08:35.154399]   iter   59  loss = 1.777090e-05
[07:08:35.199383] Optimization: 60 iters in 1411.9s
[07:08:35.199409]
[07:08:35.199414] === Post-optimization evaluation ===
[07:08:35.199617] /root/rfx/ex1_dra.py:178: UserWarning: Zero-thickness geometry 'pec' along z-axis. On non-uniform mesh this may produce empty rasterization. Consider giving it at least one cell of thickness (2.00mm).
[07:08:35.199629]   result = s.run(num_periods=30)
[07:08:35.199633] /root/rfx/ex1_dra.py:178: UserWarning: Probe at (0.03, 0.03, 0.005) is near/inside CPML region (CPML z-thickness=16.0mm). Signal will be attenuated. Move probe to interior.
[07:08:35.199636]   result = s.run(num_periods=30)
[07:08:35.199647] /root/rfx/ex1_dra.py:178: UserWarning: Source/port at (0.03, 0.03, 0.005) is near/inside CPML region (CPML z-thickness=16.0mm). Energy will be absorbed. Move source to interior.
[07:08:35.199650]   result = s.run(num_periods=30)
[07:08:35.199653] /root/rfx/ex1_dra.py:178: UserWarning: Material 'dra_init' extends into CPML region along z-axis. CPML assumes vacuum — dielectric in PML causes increased reflections.
[07:08:35.199656]   result = s.run(num_periods=30)
[07:08:35.857648] /opt/jax/jax/_src/numpy/array_methods.py:118: UserWarning: Explicitly requested dtype <class 'jax.numpy.float64'> requested in astype is not available, and will be truncated to dtype float32. To enable more dtypes, set the jax_enable_x64 configuration option or the JAX_ENABLE_X64 shell environment variable. See https://github.com/google/jax#current-gotchas for more.
[07:08:35.857684]   return lax_numpy.astype(self, dtype, copy=copy, device=device)
[07:08:35.857688] /opt/jax/jax/_src/numpy/array_methods.py:118: UserWarning: Explicitly requested dtype <class 'jax.numpy.float64'> requested in astype is not available, and will be truncated to dtype float32. To enable more dtypes, set the jax_enable_x64 configuration option or the JAX_ENABLE_X64 shell environment variable. See https://github.com/google/jax#current-gotchas for more.
[07:08:35.857692]   return lax_numpy.astype(self, dtype, copy=copy, device=device)
[07:08:43.056489] Traceback (most recent call last):
[07:08:43.056524]   File "/root/rfx/ex1_dra.py", line 197, in <module>
[07:08:43.056670]     freqs_opt,  s11_opt,  result_opt   = run_eval(eps_design=opt_result.eps_design)
[07:08:43.056687]   File "/root/rfx/ex1_dra.py", line 183, in run_eval
[07:08:43.056707]     dt = result.dt if result.dt is not None else 1.0 / (FREQ * 1.5 * 2 * n)
[07:08:43.056745] AttributeError: 'ForwardResult' object has no attribute 'dt'
[07:08:50.105448] workload reported done
[07:08:50.105548] Workload status changed to stopping
[07:09:02.886138] workload reported done
[07:09:02.886238] Workload status changed to waitToBeKilled
[07:09:06.000000] Stopping container vops-sidecar
[07:09:06.000000] Stopping container run-sidecar
[07:09:06.000000] Stopping container run-exec
[07:09:06.000000] Terminating VESSL Workload...
[07:09:06.000000] Stopping container ttyd-sidecar
[07:09:06.000000] Stopping container fluentbit
[07:09:06.079258] workload failed
