Organization: remilab
Project: byungkwan
[03:27:59.677643] workload awaiting to start
[03:27:59.677743] Workload status changed to pending
[03:28:05.916180] Event Reason: FailedScheduling, Event Note: 0/13 nodes are available: pod has unbound immediate PersistentVolumeClaims. preemption: 0/13 nodes are available: 13 Preemption is not helpful for scheduling.
[03:28:05.916180] Workload is in queue for scheduling. Please wait...
[03:28:11.971511] VESSL Workload assigned successfully. Starting soon.
[03:28:13.000000] Container image "quay.io/vessl-ai/kernels-toolbox:0.1.188" already present on machine
[03:28:13.000000] Created container vops-init
[03:28:13.000000] Started container vops-init
[03:28:14.000000] Creating VESSL Workload...
[03:28:14.000000] Created container vops-sidecar
[03:28:14.000000] Starting VESSL Workload...
[03:28:14.000000] Created container run-exec
[03:28:14.000000] Container image "quay.io/vessl-ai/kernels-toolbox:0.1.188" already present on machine
[03:28:14.000000] Started container run-exec
[03:28:14.000000] Container image "nvcr.io/nvidia/jax:24.10-py3" already present on machine
[03:28:14.000000] Container image "quay.io/vessl-ai/fluent-bit:2.1.6" already present on machine
[03:28:14.000000] Container image "quay.io/vessl-ai/sidecar:v0.0.3" already present on machine
[03:28:14.000000] Created container run-sidecar
[03:28:14.001000] Container image "nvcr.io/nvidia/jax:24.10-py3" already present on machine
[03:28:15.000000] Started container vops-sidecar
[03:28:15.027996] Installing VESSL CLI...
[03:28:16.000872] workload reported alive as pod run-execution-f4rraoepfnwf-0
[03:28:16.000972] Workload status changed to initializing
[03:28:17.200778] + set +x
[03:28:19.981571] vessl, version 0.1.199
[03:28:22.294076] workload reported alive as pod run-execution-f4rraoepfnwf-0
[03:28:22.294176] Workload status changed to running
[03:28:22.433727] + mkdir -p /root
[03:28:22.435706] + cd /root
[03:28:22.436315] + set -euo pipefail
[03:28:22.436352] + cd /root
[03:28:22.436366] + git clone https://github.com/BK3536/rfx.git
[03:28:22.438689] Cloning into 'rfx'...
[03:28:24.396049] + cd rfx
[03:28:24.396063] + pip install --quiet -e '.[all]' cma
[03:28:28.173676] WARNING: rfx 1807.8.6 does not provide the extra 'dashboard'
[03:28:28.173792] WARNING: rfx 1807.8.6 does not provide the extra 'dev'
[03:28:28.173798] WARNING: rfx 1807.8.6 does not provide the extra 'optimization'
[03:28:28.173897] WARNING: rfx 1807.8.6 does not provide the extra 'visualization'
[03:28:33.543611] WARNING: Running pip as the 'root' user can result in broken permissions and conflicting behaviour with the system package manager. It is recommended to use a virtual environment instead: https://pip.pypa.io/warnings/venv
[03:28:33.757996] + python -c 'import jax; print('"'"'JAX devices:'"'"', jax.devices())'
[03:28:34.029686] JAX devices: [CudaDevice(id=0)]
[03:28:34.080972] + nvidia-smi
[03:28:34.113499] Sun Apr  5 03:28:34 2026
[03:28:34.113509] +---------------------------------------------------------------------------------------+
[03:28:34.113518] | NVIDIA-SMI 535.288.01             Driver Version: 535.288.01   CUDA Version: 12.2     |
[03:28:34.113524] |-----------------------------------------+----------------------+----------------------+
[03:28:34.113528] | GPU  Name                 Persistence-M | Bus-Id        Disp.A | Volatile Uncorr. ECC |
[03:28:34.113533] | Fan  Temp   Perf          Pwr:Usage/Cap |         Memory-Usage | GPU-Util  Compute M. |
[03:28:34.113539] |                                         |                      |               MIG M. |
[03:28:34.113543] |=========================================+======================+======================|
[03:28:34.135697] |   0  NVIDIA GeForce RTX 4090        Off | 00000000:01:00.0 Off |                  Off |
[03:28:34.135708] |  0%   35C    P0              21W / 450W |      1MiB / 24564MiB |      0%      Default |
[03:28:34.135710] |                                         |                      |                  N/A |
[03:28:34.135713] +-----------------------------------------+----------------------+----------------------+
[03:28:34.135714]
[03:28:34.135715] +---------------------------------------------------------------------------------------+
[03:28:34.135716] | Processes:                                                                            |
[03:28:34.135716] |  GPU   GI   CI        PID   Type   Process name                            GPU Memory |
[03:28:34.135717] |        ID   ID                                                             Usage      |
[03:28:34.135718] |=======================================================================================|
[03:28:34.135789] |  No running processes found                                                           |
[03:28:34.135790] +---------------------------------------------------------------------------------------+
[03:28:34.190837] + mkdir -p /output/ex1
[03:28:34.191385] + cp /root/workspace/bk-workspace/papers/rfx-tap/experiments/ex1_patch_antenna.py .
[03:28:34.221477] + OUTPUT_DIR=/output/ex1 python ex1_patch_antenna.py
[03:28:34.844322] Device: DeviceInfo(backend='gpu', gpu_available=True, devices=[{'id': 0, 'kind': 'NVIDIA GeForce RTX 4090', 'platform': 'gpu'}])
[03:28:34.844467] SimConfig (accuracy='standard'):
[03:28:34.844469]   dx = 3.000 mm (25 cells/λ_min)
[03:28:34.844471]   domain = 194.9 × 194.9 × 151.5 mm
[03:28:34.844471]   cpml = 40 layers (120.0 mm)
[03:28:34.844472]   n_steps = 6739 (8.7 ns)
[03:28:34.844473]   freq = 1.00 – 4.00 GHz
[03:28:34.844474]   source = j_source (CPML boundary: J-source with Cb/dV normalization (Meep convention))
[03:28:34.844475]   dz = 0.400 – 2.998 mm (29 cells, non-uniform)
[03:28:34.844476]   WARNINGS:
[03:28:34.844477]     - Non-uniform z mesh enabled: 29 cells, dz=0.400–2.998 mm
[03:28:34.844478] Estimated memory: 2608 MB
[03:28:34.844479]
[03:28:34.844480] === Gradient-based optimisation (Adam) ===
[03:28:37.559755] 2026-04-05 03:28:37.559665: W external/xla/xla/service/hlo_rematerialization.cc:3005] Can't reduce memory use below 4.18GiB (4492470469 bytes) by rematerialization; only reduced to 17.27GiB (18541190029 bytes), down from 17.27GiB (18541498545 bytes) originally
[03:28:49.627262] 2026-04-05 03:28:49.627130: W external/xla/xla/service/hlo_rematerialization.cc:3005] Can't reduce memory use below 4.18GiB (4493387216 bytes) by rematerialization; only reduced to 8.55GiB (9179163680 bytes), down from 8.55GiB (9179165696 bytes) originally
[03:29:00.617174] 2026-04-05 03:29:00.616847: W external/xla/xla/tsl/framework/bfc_allocator.cc:497] Allocator (GPU_0_bfc) ran out of memory trying to allocate 8.29GiB (rounded to 8897090816)requested by op
[03:29:00.617442] 2026-04-05 03:29:00.617178: W external/xla/xla/tsl/framework/bfc_allocator.cc:508] *****************************************************************************_______________________
[03:29:00.617478] E0405 03:29:00.617251     337 pjrt_stream_executor_client.cc:3067] Execution of replica 0 failed: RESOURCE_EXHAUSTED: Out of memory while trying to allocate 8897090564 bytes.
[03:29:00.626931] Traceback (most recent call last):
[03:29:00.626937]   File "/root/rfx/ex1_patch_antenna.py", line 142, in <module>
[03:29:00.627078]     opt = optimize(
[03:29:00.627084]   File "/root/rfx/rfx/optimize.py", line 222, in optimize
[03:29:00.627086]     loss, grad = grad_fn(latent)
[03:29:00.627087]   File "/root/rfx/rfx/optimize.py", line 202, in forward
[03:29:00.627088]     result = _run(
[03:29:00.627089]   File "/root/rfx/rfx/simulation.py", line 813, in run
[03:29:00.627200]     final_carry, outputs = jax.lax.scan(body, carry_init, xs)
[03:29:00.627206] jax._src.source_info_util.JaxStackTraceBeforeTransformation: jaxlib.xla_extension.XlaRuntimeError: RESOURCE_EXHAUSTED: Out of memory while trying to allocate 8897090564 bytes.
[03:29:00.627207]
[03:29:00.627208] The preceding stack trace is the source of the JAX operation that, once transformed by JAX, triggered the following exception.
[03:29:00.627208]
[03:29:00.627210] --------------------
[03:29:00.627210]
[03:29:00.627211] The above exception was the direct cause of the following exception:
[03:29:00.627212]
[03:29:00.627213] jax.errors.SimplifiedTraceback: For simplicity, JAX has removed its internal frames from the traceback of the following exception. Set JAX_TRACEBACK_FILTERING=off to include these.
[03:29:00.627221]
[03:29:00.627222] The above exception was the direct cause of the following exception:
[03:29:00.627222]
[03:29:00.627223] Traceback (most recent call last):
[03:29:00.627224]   File "/root/rfx/ex1_patch_antenna.py", line 142, in <module>
[03:29:00.627225]     opt = optimize(
[03:29:00.627226]   File "/root/rfx/rfx/optimize.py", line 222, in optimize
[03:29:00.627227]     loss, grad = grad_fn(latent)
[03:29:00.627228] jaxlib.xla_extension.XlaRuntimeError: RESOURCE_EXHAUSTED: Out of memory while trying to allocate 8897090564 bytes.
[03:29:00.933101] workload reported done
[03:29:00.933201] Workload status changed to stopping
[03:29:10.441359] workload reported done
[03:29:10.441459] Workload status changed to waitToBeKilled
[03:29:12.000000] Stopping container vops-sidecar
[03:29:12.000000] Stopping container run-sidecar
[03:29:12.000000] Stopping container run-exec
[03:29:12.000000] Terminating VESSL Workload...
[03:29:12.000000] Stopping container ttyd-sidecar
[03:29:12.105729] workload failed
[03:29:12.105829] Workload status changed to failed
