Organization: remilab
Project: byungkwan
[08:34:15.169919] workload awaiting to start
[08:34:15.170019] Workload status changed to pending
[08:34:20.920726] VESSL Workload assigned successfully. Starting soon.
[08:34:21.000000] Container image "quay.io/vessl-ai/kernels-toolbox:0.1.188" already present on machine
[08:34:21.000000] Created container vops-init
[08:34:21.000000] Started container vops-init
[08:34:22.000000] Creating VESSL Workload...
[08:34:22.000000] Created container run-exec
[08:34:22.000000] Container image "nvcr.io/nvidia/jax:24.04-py3" already present on machine
[08:34:22.001000] Container image "nvcr.io/nvidia/jax:24.04-py3" already present on machine
[08:34:23.000000] Started container run-sidecar
[08:34:23.000000] Created container vops-sidecar
[08:34:23.000000] Created container ttyd-sidecar
[08:34:23.000000] Started container vops-sidecar
[08:34:23.000000] Container image "quay.io/vessl-ai/kernels-toolbox:0.1.188" already present on machine
[08:34:23.000000] Started container run-exec
[08:34:23.000000] Started container fluentbit
[08:34:23.000000] Created container fluentbit
[08:34:23.000000] Started container ttyd-sidecar
[08:34:23.000000] Container image "quay.io/vessl-ai/fluent-bit:2.1.6" already present on machine
[08:34:23.000000] Container image "quay.io/vessl-ai/sidecar:v0.0.3" already present on machine
[08:34:23.000000] Created container run-sidecar
[08:34:23.737845] Installing VESSL CLI...
[08:34:24.478017] workload reported alive as pod run-execution-l9mttricq796-0
[08:34:24.478117] Workload status changed to initializing
[08:34:25.714331] + set +x
[08:34:28.174425] vessl, version 0.1.199
[08:34:30.883287] workload reported alive as pod run-execution-l9mttricq796-0
[08:34:30.883388] Workload status changed to running
[08:34:31.188334] + mkdir -p /root
[08:34:31.190378] + cd /root
[08:34:31.190970] + cd /root/workspace/byungkwan-workspace/research/rfx
[08:34:31.206352] + pip install -q -e .
[08:34:36.768577] WARNING: Running pip as the 'root' user can result in broken permissions and conflicting behaviour with the system package manager. It is recommended to use a virtual environment instead: https://pip.pypa.io/warnings/venv
[08:34:36.849323] + python -c 'import jax; print(f'"'"'Backend: {jax.default_backend()}'"'"')'
[08:34:37.503220] Backend: gpu
[08:34:37.562309] + python examples/30_current_source_generalized.py
[08:34:38.616548] ======================================================================
[08:34:38.616565] CURRENT SOURCE GENERALIZED VALIDATION
[08:34:38.616567] make_current_source: E += (dt/eps) * I / dV
[08:34:38.616568] ======================================================================
[08:34:38.616569]
[08:34:38.616570] --- 2.4GHz FR4 ---
[08:34:38.616571]   f0=2.400GHz, L=29.4mm, dx=0.5mm
[08:37:10.071104]   Result: 2.4127 GHz, err=0.53%, Q=1, 23.4s (h/dz=4, L/dx=59)
[08:37:10.071202]
[08:37:10.071219] --- 5.8GHz FR4 ---
[08:37:10.071240]   f0=5.800GHz, L=12.1mm, dx=0.5mm
[08:45:25.217081]   Result: 5.5258 GHz, err=4.73%, Q=26, 6.2s (h/dz=4, L/dx=24)
[08:45:25.217100]
[08:45:25.217102] --- 1.575GHz GPS ---
[08:45:25.217103]   f0=1.575GHz, L=62.5mm, dx=0.5mm
[08:48:01.580230]   Result: 1.5209 GHz, err=3.43%, Q=41, 64.3s (h/dz=7, L/dx=125)
[08:48:01.580258]
[08:48:01.580260] --- 3.5GHz Rogers ---
[08:48:01.580265]   f0=3.500GHz, L=22.2mm, dx=0.5mm
[08:50:22.190051]   Result: 3.3841 GHz, err=3.31%, Q=43, 10.0s (h/dz=4, L/dx=44)
[08:50:22.190085]
[08:50:22.190089] ======================================================================
[08:50:22.190094] SUMMARY
[08:50:22.190097] ======================================================================
[08:50:22.190100]             Design     f0   f_res   err%     Q  h/dz  L/dx  time
[08:50:22.190104]         2.4GHz FR4  2.400  2.4127   0.53     1     4    59   23s
[08:50:22.190107]         5.8GHz FR4  5.800  5.5258   4.73    26     4    24    6s
[08:50:22.190119]       1.575GHz GPS  1.575  1.5209   3.43    41     7   125   64s
[08:50:22.190150]      3.5GHz Rogers  3.500  3.3841   3.31    43     4    44   10s
[08:50:22.190169]
[08:50:22.190173] <1% achieved: 1/4 designs
[08:50:22.451129] workload reported done
[08:50:22.451229] Workload status changed to stopping
[08:50:26.611449] + set +x
[08:50:31.656582] workload reported done
[08:50:31.656682] Workload status changed to waitToBeKilled
[08:50:33.000000] Stopping container run-exec
[08:50:33.000000] Terminating VESSL Workload...
[08:50:33.000000] Stopping container ttyd-sidecar
[08:50:33.000000] Stopping container fluentbit
[08:50:33.065859] workload completed
