Organization: remilab
Project: byungkwan
[08:47:56.403787] workload awaiting to start
[08:47:56.403887] Workload status changed to pending
[08:47:59.956373] VESSL Workload assigned successfully. Starting soon.
[08:48:00.000000] Container image "quay.io/vessl-ai/kernels-toolbox:0.1.188" already present on machine
[08:48:00.000000] Created container vops-init
[08:48:01.000000] Creating VESSL Workload...
[08:48:01.000000] Created container run-exec
[08:48:01.000000] Started container vops-init
[08:48:01.000000] Container image "nvcr.io/nvidia/jax:24.04-py3" already present on machine
[08:48:01.001000] Container image "nvcr.io/nvidia/jax:24.04-py3" already present on machine
[08:48:02.000000] Started container run-sidecar
[08:48:02.000000] Created container vops-sidecar
[08:48:02.000000] Created container ttyd-sidecar
[08:48:02.000000] Starting VESSL Workload...
[08:48:02.000000] Started container vops-sidecar
[08:48:02.000000] Container image "quay.io/vessl-ai/kernels-toolbox:0.1.188" already present on machine
[08:48:02.000000] Started container run-exec
[08:48:02.000000] Started container fluentbit
[08:48:02.000000] Created container fluentbit
[08:48:02.000000] Started container ttyd-sidecar
[08:48:02.000000] Container image "quay.io/vessl-ai/fluent-bit:2.1.6" already present on machine
[08:48:02.000000] Container image "quay.io/vessl-ai/sidecar:v0.0.3" already present on machine
[08:48:02.000000] Created container run-sidecar
[08:48:02.669347] Installing VESSL CLI...
[08:48:03.418719] workload reported alive as pod run-execution-ar5tre3xv59z-0
[08:48:03.418819] Workload status changed to initializing
[08:48:04.511072] + set +x
[08:48:07.176973] vessl, version 0.1.199
[08:48:09.657899] workload reported alive as pod run-execution-ar5tre3xv59z-0
[08:48:09.657999] Workload status changed to running
[08:48:09.760135] + mkdir -p /root
[08:48:09.762153] + cd /root
[08:48:09.762824] + cd /root/workspace/byungkwan-workspace/research/rfx
[08:48:09.781048] + pip install -q -e .
[08:48:15.226993] WARNING: Running pip as the 'root' user can result in broken permissions and conflicting behaviour with the system package manager. It is recommended to use a virtual environment instead: https://pip.pypa.io/warnings/venv
[08:48:15.306276] + python -c 'import jax; print(f'"'"'Backend: {jax.default_backend()}'"'"')'
[08:48:15.970153] Backend: gpu
[08:48:16.036322] + python examples/15_fine_grid_test.py
[08:48:17.015151] dx=0.25mm, grid=(516, 551, 238)
[08:48:17.015327] Cells: 67.7M, est memory: 1.6GB
[08:48:17.015431] h/dx=6, L/dx=118
[08:48:17.015504] n_steps=20981, T_sim=10.0ns
[08:48:17.015558]
[08:48:17.015632] Running with subpixel smoothing...
[09:31:44.267365] Runtime: 2607.3s (545 Mcells/s)
[09:31:48.215685]
[09:31:48.215758] Harminv modes:
[09:31:48.215775]   f=3.6152 GHz (err=50.64%), Q=39
[09:31:48.215786]   f=2.2966 GHz (err=4.31%), Q=29
[09:31:48.389151] FFT: 2.2901 GHz (err=4.58%)
[09:31:48.389184]
[09:31:48.389191] === RESULT: 3.6152 GHz, err=50.64%, Q=39 ===
[09:31:48.610349] workload reported done
[09:31:48.610449] Workload status changed to stopping
[09:31:58.209262] + set +x
[09:32:03.246249] workload reported done
[09:32:03.246349] Workload status changed to waitToBeKilled
[09:32:06.000000] Stopping container vops-sidecar
[09:32:06.000000] Stopping container run-sidecar
[09:32:06.000000] Stopping container run-exec
[09:32:06.000000] Terminating VESSL Workload...
[09:32:06.000000] Stopping container ttyd-sidecar
[09:32:06.000000] Stopping container fluentbit
[09:32:06.192188] workload completed
[09:32:06.192288] Workload status changed to completed
