Organization: remilab
Project: byungkwan
[10:26:23.729820] workload awaiting to start
[10:26:23.729920] Workload status changed to pending
[10:26:29.975870] VESSL Workload assigned successfully. Starting soon.
[10:26:31.000000] Creating VESSL Workload...
[10:26:31.000000] Created container run-exec
[10:26:31.000000] Container image "quay.io/vessl-ai/kernels-toolbox:0.1.188" already present on machine
[10:26:31.000000] Created container vops-init
[10:26:31.000000] Started container vops-init
[10:26:31.000000] Container image "nvcr.io/nvidia/jax:24.04-py3" already present on machine
[10:26:31.001000] Container image "nvcr.io/nvidia/jax:24.04-py3" already present on machine
[10:26:32.000000] Started container run-sidecar
[10:26:32.000000] Created container vops-sidecar
[10:26:32.000000] Created container ttyd-sidecar
[10:26:32.000000] Starting VESSL Workload...
[10:26:32.000000] Started container vops-sidecar
[10:26:32.000000] Container image "quay.io/vessl-ai/kernels-toolbox:0.1.188" already present on machine
[10:26:32.000000] Started container run-exec
[10:26:32.000000] Started container fluentbit
[10:26:32.000000] Created container fluentbit
[10:26:32.000000] Started container ttyd-sidecar
[10:26:32.000000] Container image "quay.io/vessl-ai/fluent-bit:2.1.6" already present on machine
[10:26:32.000000] Container image "quay.io/vessl-ai/sidecar:v0.0.3" already present on machine
[10:26:32.000000] Created container run-sidecar
[10:26:32.631596] Installing VESSL CLI...
[10:26:33.210168] workload reported alive as pod run-execution-ouuh1uulcrsm-0
[10:26:33.210268] Workload status changed to initializing
[10:26:34.355669] + set +x
[10:26:37.768157] vessl, version 0.1.199
[10:26:39.512100] workload reported alive as pod run-execution-ouuh1uulcrsm-0
[10:26:39.512200] Workload status changed to running
[10:26:39.686150] + mkdir -p /root
[10:26:39.688214] + cd /root
[10:26:39.688797] + cd /root/workspace/byungkwan-workspace/research/rfx
[10:26:39.710395] + pip install -q -e .
[10:26:45.201814] WARNING: Running pip as the 'root' user can result in broken permissions and conflicting behaviour with the system package manager. It is recommended to use a virtual environment instead: https://pip.pypa.io/warnings/venv
[10:26:45.280452] + python -c 'import jax; print(f'"'"'Backend: {jax.default_backend()}'"'"')'
[10:26:45.968003] Backend: gpu
[10:26:46.034229] + python examples/16_substrate_taper.py
[10:26:47.235096] Design: L=29.4mm, W=38.0mm, f0=2.400GHz
[10:26:47.235322] Grid: (516, 551, 238), dx=0.25mm, cpml=32
[10:26:47.235414] h/dx=6, total cells=67.7M
[10:26:48.041214] PEC cells: 302100, lossy taper cells: 581268
[10:26:48.101329] n_steps=20981, T_sim=10.0ns
[10:26:48.101346] Running...
[10:30:19.286000]   step 2000/20981 | 9/s | ETA 2004s | max|Ez|=1.102e+02
[10:33:49.208542]   step 4000/20981 | 9/s | ETA 1788s | max|Ez|=1.102e+02
[10:37:19.138668]   step 6000/20981 | 10/s | ETA 1576s | max|Ez|=1.102e+02
[10:40:49.075620]   step 8000/20981 | 10/s | ETA 1365s | max|Ez|=1.102e+02
[10:44:18.955774]   step 10000/20981 | 10/s | ETA 1154s | max|Ez|=1.102e+02
[10:47:48.854673]   step 12000/20981 | 10/s | ETA 944s | max|Ez|=1.102e+02
[10:51:18.766167]   step 14000/20981 | 10/s | ETA 733s | max|Ez|=1.102e+02
[10:54:48.631071]   step 16000/20981 | 10/s | ETA 523s | max|Ez|=1.102e+02
[10:58:18.561188]   step 18000/20981 | 10/s | ETA 313s | max|Ez|=1.102e+02
[11:01:48.420817]   step 20000/20981 | 10/s | ETA 103s | max|Ez|=1.102e+02
[11:03:31.302838] Done in 2203s (10 steps/s)
[11:03:34.704141]
[11:03:34.704235] Harminv (3000 samples):
[11:03:34.884773] FFT: 1.5545 GHz (err=35.23%)
[11:03:35.074633] workload reported done
[11:03:35.074733] Workload status changed to stopping
[11:03:40.036697] + set +x
[11:03:45.084166] workload reported done
[11:03:45.084266] Workload status changed to waitToBeKilled
[11:03:48.000000] Stopping container vops-sidecar
[11:03:48.000000] Stopping container run-sidecar
[11:03:48.000000] Stopping container run-exec
[11:03:48.000000] Terminating VESSL Workload...
[11:03:48.000000] Stopping container ttyd-sidecar
[11:03:48.000000] Stopping container fluentbit
[11:03:48.117942] workload completed
[11:03:48.118042] Workload status changed to completed
