Organization: remilab
Project: byungkwan
[13:33:59.343859] workload awaiting to start
[13:33:59.343959] Workload status changed to pending
[13:34:02.980588] Event Reason: FailedScheduling, Event Note: 0/13 nodes are available: pod has unbound immediate PersistentVolumeClaims. preemption: 0/13 nodes are available: 13 Preemption is not helpful for scheduling.
[13:34:02.980588] Workload is in queue for scheduling. Please wait...
[13:34:04.145234] VESSL Workload assigned successfully. Starting soon.
[13:34:05.000000] Container image "quay.io/vessl-ai/kernels-toolbox:0.1.188" already present on machine
[13:34:05.000000] Created container vops-init
[13:34:05.000000] Started container vops-init
[13:34:06.000000] Started container run-sidecar
[13:34:06.000000] Starting VESSL Workload...
[13:34:06.000000] Started container vops-sidecar
[13:34:06.000000] Created container run-exec
[13:34:06.000000] Container image "quay.io/vessl-ai/kernels-toolbox:0.1.188" already present on machine
[13:34:06.000000] Started container run-exec
[13:34:06.000000] Started container fluentbit
[13:34:06.000000] Created container fluentbit
[13:34:06.000000] Container image "nvcr.io/nvidia/jax:24.10-py3" already present on machine
[13:34:06.000000] Started container ttyd-sidecar
[13:34:06.000000] Container image "quay.io/vessl-ai/fluent-bit:2.1.6" already present on machine
[13:34:06.000000] Container image "quay.io/vessl-ai/sidecar:v0.0.3" already present on machine
[13:34:06.000000] Created container run-sidecar
[13:34:06.001000] Container image "nvcr.io/nvidia/jax:24.10-py3" already present on machine
[13:34:06.986247] Installing VESSL CLI...
[13:34:07.607925] workload reported alive as pod run-execution-uhsb7h5nmmhe-0
[13:34:08.679394] + set +x
[13:34:11.182528] vessl, version 0.1.199
[13:34:13.829642] workload reported alive as pod run-execution-uhsb7h5nmmhe-0
[13:34:13.829742] Workload status changed to running
[13:34:13.928199] + mkdir -p /root
[13:34:13.930074] + cd /root
[13:34:13.930624] + cd /root/workspace/byungkwan-workspace/research/rfx
[13:34:13.953059] + git config --global --add safe.directory /root/workspace/byungkwan-workspace/research/rfx
[13:34:13.976811] + git pull --ff-only origin main
[13:34:15.254076] From https://github.com/BK3536/rfx
[13:34:15.254128]  * branch            main       -> FETCH_HEAD
[13:34:15.356627] Already up to date.
[13:34:15.357421] + pip install -q -e '.[dev]'
[13:34:24.065794] WARNING: Running pip as the 'root' user can result in broken permissions and conflicting behaviour with the system package manager. It is recommended to use a virtual environment instead: https://pip.pypa.io/warnings/venv
[13:34:24.190984] ==== GRADIENT TESTS ====
[13:34:24.190986] + echo '==== GRADIENT TESTS ===='
[13:34:24.191006] + pytest tests/test_gradient_simple.py -v -s '--tb=short'
[13:34:24.364857] ============================= test session starts ==============================
[13:34:24.364891] platform linux -- Python 3.10.12, pytest-9.0.2, pluggy-1.6.0 -- /usr/bin/python3
[13:34:24.367501] cachedir: .pytest_cache
[13:34:24.367522] rootdir: /root/workspace/byungkwan-workspace/research/rfx
[13:34:24.367528] configfile: pyproject.toml
[13:34:24.367530] plugins: xdist-3.8.0
[13:34:24.869831] collecting ... collected 2 items
[13:34:24.869874]
[13:34:26.288153] tests/test_gradient_simple.py::test_gradient_eps_shifts_resonance FAILED
[13:34:26.347308] tests/test_gradient_simple.py::test_gradient_finite_difference_match FAILED
[13:34:26.347342]
[13:34:26.347359] =================================== FAILURES ===================================
[13:34:26.347364] ______________________ test_gradient_eps_shifts_resonance ______________________
[13:34:26.347374] jax.errors.SimplifiedTraceback: For simplicity, JAX has removed its internal frames from the traceback of the following exception. Set JAX_TRACEBACK_FILTERING=off to include these.
[13:34:26.347381]
[13:34:26.347386] The above exception was the direct cause of the following exception:
[13:34:26.347396] tests/test_gradient_simple.py:40: in test_gradient_eps_shifts_resonance
[13:34:26.347402]     g = grad_fn(eps_test)
[13:34:26.347412] tests/test_gradient_simple.py:27: in forward
[13:34:26.347467]     sim.add_material("load", eps_r=float(eps_val))
[13:34:26.347478] E   jax.errors.ConcretizationTypeError: Abstract tracer value encountered where concrete value is expected: traced array with shape float32[]
[13:34:26.347484] E   The problem arose with the `float` function. If trying to convert the data type of a value, try using `x.astype(float)` or `jnp.array(x, float)` instead.
[13:34:26.347488] E
[13:34:26.347523] E   See https://jax.readthedocs.io/en/latest/errors.html#jax.errors.ConcretizationTypeError
[13:34:26.347768] ____________________ test_gradient_finite_difference_match _____________________
[13:34:26.347801] jax.errors.SimplifiedTraceback: For simplicity, JAX has removed its internal frames from the traceback of the following exception. Set JAX_TRACEBACK_FILTERING=off to include these.
[13:34:26.347806]
[13:34:26.347811] The above exception was the direct cause of the following exception:
[13:34:26.347838] tests/test_gradient_simple.py:72: in test_gradient_finite_difference_match
[13:34:26.347842]     g_ad = float(jax.grad(forward)(eps_0))
[13:34:26.347847] tests/test_gradient_simple.py:57: in forward
[13:34:26.347851]     sim.add_material("load", eps_r=float(eps_val))
[13:34:26.347855] E   jax.errors.ConcretizationTypeError: Abstract tracer value encountered where concrete value is expected: traced array with shape float32[]
[13:34:26.347859] E   The problem arose with the `float` function. If trying to convert the data type of a value, try using `x.astype(float)` or `jnp.array(x, float)` instead.
[13:34:26.347863] E
[13:34:26.347868] E   See https://jax.readthedocs.io/en/latest/errors.html#jax.errors.ConcretizationTypeError
[13:34:26.348336] =========================== short test summary info ============================
[13:34:26.348364] FAILED tests/test_gradient_simple.py::test_gradient_eps_shifts_resonance - ja...
[13:34:26.348369] FAILED tests/test_gradient_simple.py::test_gradient_finite_difference_match
[13:34:26.348409] ============================== 2 failed in 1.98s ===============================
[13:34:26.501675] + true
[13:34:26.501688]
[13:34:26.501689] + echo
[13:34:26.501690] + echo '==== NON-UNIFORM CONVERGENCE ===='
[13:34:26.501703] ==== NON-UNIFORM CONVERGENCE ====
[13:34:26.501710] + pytest tests/test_nonuniform_convergence.py -v -s '--tb=short' -k 'not slow'
[13:34:26.587918] ============================= test session starts ==============================
[13:34:26.587928] platform linux -- Python 3.10.12, pytest-9.0.2, pluggy-1.6.0 -- /usr/bin/python3
[13:34:26.589431] cachedir: .pytest_cache
[13:34:26.589441] rootdir: /root/workspace/byungkwan-workspace/research/rfx
[13:34:26.589443] configfile: pyproject.toml
[13:34:26.589445] plugins: xdist-3.8.0
[13:34:26.686762] collecting ... collected 2 items / 1 deselected / 1 selected
[13:34:26.687015]
[13:34:27.697690] tests/test_nonuniform_convergence.py::test_nonuniform_cfl_uses_min_dz dt = 0.66 ps, CFL limit = 0.39 ps
[13:34:27.787559] FAILED
[13:34:27.787600]
[13:34:27.787692] =================================== FAILURES ===================================
[13:34:27.787733] _______________________ test_nonuniform_cfl_uses_min_dz ________________________
[13:34:27.787770] tests/test_nonuniform_convergence.py:86: in test_nonuniform_cfl_uses_min_dz
[13:34:27.787823]     assert grid.dt <= dt_expected_max * 1.01, (
[13:34:27.787832] E   AssertionError: dt=6.59e-13 exceeds CFL from min dz (3.85e-13)
[13:34:27.787836] E   assert 6.594027068165605e-13 <= (3.851666403092941e-13 * 1.01)
[13:34:27.787848] E    +  where 6.594027068165605e-13 = NonUniformGrid(nx=4, ny=4, nz=12, dx=0.005, dy=0.005, dz=Array([0.0002, 0.0002, 0.0002, 0.0002, 0.0002, 0.0002, 0.0002, 0.0002,
       0.005 , 0.005 , 0.005 , 0.005 ], dtype=float32), dt=6.594027068165605e-13, cpml_layers=0, inv_dx=Array([200., 200., 200., 200.], dtype=float32), inv_dy=Array([200., 200., 200., 200.], dtype=float32), inv_dz=Array([5000., 5000., 5000., 5000., 5000., 5000., 5000., 5000.,  200.,
        200.,  200.,  200.], dtype=float32), inv_dx_h=Array([200., 200., 200., 200.], dtype=float32), inv_dy_h=Array([200., 200., 200., 200.], dtype=float32), inv_dz_h=Array([5000.    , 5000.    , 5000.    , 5000.    , 5000.    , 5000.    ,
       5000.    ,  384.6154,  200.    ,  200.    ,  200.    ,    0.    ],      dtype=float32)).dt
[13:34:27.788216] =========================== short test summary info ============================
[13:34:27.788227] FAILED tests/test_nonuniform_convergence.py::test_nonuniform_cfl_uses_min_dz
[13:34:27.788380] ======================= 1 failed, 1 deselected in 1.20s ========================
[13:34:27.952870] + true
[13:34:27.952874]
[13:34:27.952888] + echo
[13:34:27.952890] + echo '==== ISSUES #13 + #17 ===='
[13:34:27.952891] + python scripts/gpu_verify_issues.py
[13:34:27.952893] ==== ISSUES #13 + #17 ====
[13:34:28.173907] === #13: optimize() memory test ===
[13:34:29.174066]   optimize: n_steps=1000, grid=(16, 11, 11) (0.0M cells)
[13:34:30.973686]   iter    0  loss = 1.547135e-03
[13:34:31.739648]   iter    2  loss = 1.514157e-03
[13:34:31.768670] PASS: loss history = [0.00154713517986238, 0.0015305673005059361, 0.001514157047495246]
[13:34:31.768677]
[13:34:31.768678] === #13: topology conductor occupancy ===
[13:34:31.768679] FAIL: TopologyDesignRegion.__init__() got an unexpected keyword argument 'filter_radius_cells'
[13:34:31.772885] Traceback (most recent call last):
[13:34:31.772894]   File "/root/workspace/byungkwan-workspace/research/rfx/scripts/gpu_verify_issues.py", line 52, in test_topology_gradient
[13:34:31.772895]     region = TopologyDesignRegion(
[13:34:31.772896] TypeError: TopologyDesignRegion.__init__() got an unexpected keyword argument 'filter_radius_cells'
[13:34:31.772897]
[13:34:31.772898] === #17: NTFF far-field power ===
[13:34:31.772899] Grid: 47x47x47, steps=1312
[13:34:35.213688] Max far-field power: 1.5756e-31
[13:34:35.213716] FAIL: far-field power 1.58e-31 is near zero
[13:34:35.213719]
[13:34:35.213722] ============================================================
[13:34:35.213724] SUMMARY
[13:34:35.213727] ============================================================
[13:34:35.213730]   optimize_memory: PASS
[13:34:35.213732]   topology_gradient: FAIL
[13:34:35.213734]   ntff_power: FAIL
[13:34:35.213736]
[13:34:35.213739] 1/3 passed
[13:34:35.404935] + true
[13:34:35.429153] workload reported done
[13:34:35.429254] Workload status changed to stopping
[13:34:49.992908] + set +x
[13:34:55.035379] workload reported done
[13:34:55.035479] Workload status changed to waitToBeKilled
[13:34:57.000000] Stopping container vops-sidecar
[13:34:57.000000] Stopping container run-sidecar
[13:34:57.000000] Stopping container run-exec
[13:34:57.000000] Terminating VESSL Workload...
[13:34:57.000000] Stopping container ttyd-sidecar
[13:34:57.000000] Stopping container fluentbit
[13:34:57.152900] workload completed
