Organization: remilab
Project: byungkwan
[17:56:04.158429] workload awaiting to start
[17:56:04.158529] Workload status changed to pending
[17:56:08.896838] Event Reason: FailedScheduling, Event Note: 0/13 nodes are available: pod has unbound immediate PersistentVolumeClaims. preemption: 0/13 nodes are available: 13 Preemption is not helpful for scheduling.
[17:56:08.896838] Workload is in queue for scheduling. Please wait...
[17:56:19.184376] VESSL Workload assigned successfully. Starting soon.
[17:56:20.000000] Container image "quay.io/vessl-ai/kernels-toolbox:0.1.188" already present on machine
[17:56:20.000000] Created container vops-init
[17:56:20.000000] Container image "nvcr.io/nvidia/jax:24.10-py3" already present on machine
[17:56:20.000000] Started container vops-init
[17:56:20.001000] Container image "nvcr.io/nvidia/jax:24.10-py3" already present on machine
[17:56:21.000000] Creating VESSL Workload...
[17:56:21.000000] Created container vops-sidecar
[17:56:21.000000] Created container ttyd-sidecar
[17:56:21.000000] Starting VESSL Workload...
[17:56:21.000000] Started container vops-sidecar
[17:56:21.000000] Created container run-exec
[17:56:21.000000] Container image "quay.io/vessl-ai/kernels-toolbox:0.1.188" already present on machine
[17:56:21.000000] Started container run-exec
[17:56:21.000000] Started container fluentbit
[17:56:21.000000] Started container ttyd-sidecar
[17:56:21.000000] Created container run-sidecar
[17:56:21.831914] Installing VESSL CLI...
[17:56:22.455072] workload reported alive as pod run-execution-qj7bvx7b2g45-0
[17:56:22.455172] Workload status changed to initializing
[17:56:23.664658] + set +x
[17:56:26.526807] vessl, version 0.1.199
[17:56:28.819349] workload reported alive as pod run-execution-qj7bvx7b2g45-0
[17:56:28.819449] Workload status changed to running
[17:56:29.073073] + mkdir -p /root
[17:56:29.075122] + cd /root
[17:56:29.075778] + cd /root/workspace/byungkwan-workspace/research/rfx
[17:56:29.093433] + git config --global --add safe.directory /root/workspace/byungkwan-workspace/research/rfx
[17:56:29.124293] + git pull --ff-only origin main
[17:56:30.429630] From https://github.com/BK3536/rfx
[17:56:30.429668]  * branch            main       -> FETCH_HEAD
[17:56:30.549144] Already up to date.
[17:56:30.550002] + pip install -q -e '.[dev]'
[17:56:39.029803] WARNING: Running pip as the 'root' user can result in broken permissions and conflicting behaviour with the system package manager. It is recommended to use a virtual environment instead: https://pip.pypa.io/warnings/venv
[17:56:39.188621] === 01: OpenEMS WR42 Waveguide ===
[17:56:39.188653] + echo '=== 01: OpenEMS WR42 Waveguide ==='
[17:56:39.188657] + python examples/crossval/01_openems_waveguide.py
[17:56:40.340822] ============================================================
[17:56:40.340875] Cross-Validation: OpenEMS Rectangular Waveguide (WR42)
[17:56:40.340883] ============================================================
[17:56:40.340890] WR42: 10.668 x 4.318 mm, length 50 mm
[17:56:40.340895] TE10 cutoff: 14.05 GHz
[17:56:40.340903] Sweep: 20 - 26 GHz (51 pts)
[17:56:40.340907]
[17:56:40.473169] Running waveguide S-matrix...
[17:56:44.017775] S21 mean: 1.0000 (-0.0 dB)
[17:56:44.017864] S11 mean: 0.1354 (-18.4 dB)
[17:56:44.017869]
[17:56:44.017870] Validation:
[17:56:44.017871]   |S21| > 0.9: PASS
[17:56:44.017872]   |S11| < 0.1: FAIL
[17:56:44.201180]
[17:56:44.201198] Plot saved: /root/workspace/byungkwan-workspace/research/rfx/examples/crossval/01_openems_waveguide.png
[17:56:44.345220] === 02: OpenEMS PEC Sphere RCS ===
[17:56:44.345220] + echo '=== 02: OpenEMS PEC Sphere RCS ==='
[17:56:44.345245] + python examples/crossval/02_openems_rcs_sphere.py
[17:56:45.264753] ============================================================
[17:56:45.264797] Cross-Validation: OpenEMS PEC Sphere RCS
[17:56:45.264804] ============================================================
[17:56:45.264809] Sphere radius: 200 mm
[17:56:45.264814] Geometric RCS: 0.1257 m² (-9.0 dBsm)
[17:56:45.264821] Frequency: 0 - 1000 MHz
[17:56:45.264825]
[17:56:45.265065] Grid: 157x157x157 = 3.9M cells
[17:56:45.265074] Steps: 787
[17:56:50.675526]
[17:56:50.675556] Far-field computed at 9 frequencies
[17:56:50.675558] Max far-field power: 5.9807e-20
[17:56:50.675559] PASS: Far-field extraction working
[17:56:50.753900] Plot saved: /root/workspace/byungkwan-workspace/research/rfx/examples/crossval/02_openems_rcs_sphere.png
[17:56:50.888821] === 03: Meep Waveguide Bend ===
[17:56:50.888848] + echo '=== 03: Meep Waveguide Bend ==='
[17:56:50.888850] + python examples/crossval/03_meep_waveguide_bend.py
[17:56:51.321270] ============================================================
[17:56:51.321509] Cross-Validation: Meep Waveguide Bend Transmittance
[17:56:51.321610] ============================================================
[17:56:51.321697] Waveguide: eps=12.0, width=1.0mm
[17:56:51.321789] Cell: 16x16mm
[17:56:51.321868] Frequency: 45.0 GHz, BW=30.0 GHz
[17:56:51.321920]
[17:56:51.322067] Grid: 177x177x1, steps=42826
[17:56:51.322259] /root/workspace/byungkwan-workspace/research/rfx/examples/crossval/03_meep_waveguide_bend.py:93: UserWarning: 'waveguide' z-extent 0.10mm = 1.0 cells — under-resolved (< 3 cells). Consider finer mesh for accurate results.
[17:56:51.322263]   result = sim.run(n_steps=n_steps)
[17:56:56.807551] Mean transmittance in band: 0.713
[17:56:57.002165] Plot saved: /root/workspace/byungkwan-workspace/research/rfx/examples/crossval/03_meep_waveguide_bend.png
[17:56:57.137574] + echo '=== 04: Meep Mie Sphere ==='
[17:56:57.137594] + python examples/crossval/04_meep_mie_sphere.py
[17:56:57.137601] === 04: Meep Mie Sphere ===
[17:56:57.755940] ============================================================
[17:56:57.755998] Cross-Validation: Meep Mie Scattering (Dielectric Sphere)
[17:56:57.756004] ============================================================
[17:56:57.756009] Sphere: n=2.0, radius=10mm
[17:56:57.756014] Frequency: 30.0 GHz, BW=12.0 GHz
[17:56:57.756019] ka at center: 6.28
[17:56:57.756034] Grid: 29x29x29, steps=525
[17:56:59.111214] Simulation complete — peak |Ez| = 1.0216e+00
[17:56:59.111246] PASS: TFSF+sphere simulation ran successfully
[17:56:59.209065] Plot saved: /root/workspace/byungkwan-workspace/research/rfx/examples/crossval/04_meep_mie_sphere.png
[17:56:59.323775] === 05: Meep Fresnel ===
[17:56:59.323783] + echo '=== 05: Meep Fresnel ==='
[17:56:59.323794] + python examples/crossval/05_meep_fresnel.py
[17:56:59.786533] ============================================================
[17:56:59.786786] Cross-Validation: Meep Fresnel Reflectance
[17:56:59.786870] ============================================================
[17:56:59.786947] Interface: air / n=3.5 (eps_r=12.25)
[17:56:59.787032] Analytical R = 0.3086 (-5.1 dB)
[17:56:59.787082]
[17:56:59.787209] Grid: 67x67x1, steps=1071
[17:56:59.787382] /root/workspace/byungkwan-workspace/research/rfx/examples/crossval/05_meep_fresnel.py:72: UserWarning: 'dielectric' z-extent 2.00mm = 1.0 cells — under-resolved (< 3 cells). Consider finer mesh for accurate results.
[17:56:59.787387]   result = sim.run(n_steps=n_steps)
[17:57:03.304198]
[17:57:03.304236] Estimated R: 0.1318
[17:57:03.304239] Analytical R: 0.3086
[17:57:03.304241] Difference: 0.1768
[17:57:03.304243] FAIL: 57.3% error
[17:57:03.428615] Plot saved: /root/workspace/byungkwan-workspace/research/rfx/examples/crossval/05_meep_fresnel.png
[17:57:03.564991] workload reported done
[17:57:03.565091] Workload status changed to stopping
[17:57:03.568777] + echo '=== ALL CROSSVAL DONE ==='
[17:57:03.568805] === ALL CROSSVAL DONE ===
[17:57:05.084794] + set +x
[17:57:10.097895] workload reported done
[17:57:10.097995] Workload status changed to waitToBeKilled
[17:57:12.000000] Stopping container vops-sidecar
[17:57:12.000000] Stopping container run-exec
[17:57:12.000000] Terminating VESSL Workload...
[17:57:12.000000] Stopping container ttyd-sidecar
[17:57:12.000000] Stopping container fluentbit
[17:57:12.033881] workload completed
[17:57:12.033981] Workload status changed to completed
