Organization: remilab
Project: byungkwan
[23:36:51.600750] workload awaiting to start
[23:36:51.600850] Workload status changed to pending
[23:36:56.946546] Event Reason: FailedScheduling, Event Note: 0/13 nodes are available: pod has unbound immediate PersistentVolumeClaims. preemption: 0/13 nodes are available: 13 Preemption is not helpful for scheduling.
[23:36:56.946546] Workload is in queue for scheduling. Please wait...
[23:37:05.232227] VESSL Workload assigned successfully. Starting soon.
[23:37:06.000000] Creating VESSL Workload...
[23:37:06.000000] Created container run-exec
[23:37:06.000000] Container image "quay.io/vessl-ai/kernels-toolbox:0.1.188" already present on machine
[23:37:06.000000] Created container vops-init
[23:37:06.000000] Container image "nvcr.io/nvidia/jax:24.10-py3" already present on machine
[23:37:06.000000] Started container vops-init
[23:37:06.001000] Container image "nvcr.io/nvidia/jax:24.10-py3" already present on machine
[23:37:07.000000] Created container vops-sidecar
[23:37:07.000000] Created container ttyd-sidecar
[23:37:07.000000] Starting VESSL Workload...
[23:37:07.000000] Started container vops-sidecar
[23:37:07.000000] Container image "quay.io/vessl-ai/kernels-toolbox:0.1.188" already present on machine
[23:37:07.000000] Started container run-exec
[23:37:07.000000] Started container ttyd-sidecar
[23:37:07.000000] Container image "quay.io/vessl-ai/sidecar:v0.0.3" already present on machine
[23:37:07.746357] Installing VESSL CLI...
[23:37:08.346551] workload reported alive as pod run-execution-oi2scfcdetrb-0
[23:37:08.346651] Workload status changed to initializing
[23:37:09.494969] + set +x
[23:37:12.412441] vessl, version 0.1.199
[23:37:14.619353] workload reported alive as pod run-execution-oi2scfcdetrb-0
[23:37:14.619453] Workload status changed to running
[23:37:14.721187] + mkdir -p /root
[23:37:14.723273] + cd /root
[23:37:14.724018] + cd /root/workspace/byungkwan-workspace/research/rfx
[23:37:14.740841] + git config --global --add safe.directory /root/workspace/byungkwan-workspace/research/rfx
[23:37:14.769007] + git pull --ff-only origin main
[23:37:16.019966] From https://github.com/BK3536/rfx
[23:37:16.020000]  * branch            main       -> FETCH_HEAD
[23:37:16.186711] Already up to date.
[23:37:16.187459] + pip install -q -e '.[dev]'
[23:37:24.850192] WARNING: Running pip as the 'root' user can result in broken permissions and conflicting behaviour with the system package manager. It is recommended to use a virtual environment instead: https://pip.pypa.io/warnings/venv
[23:37:25.014311] === Crossval #10: OpenEMS Patch Antenna ===
[23:37:25.014326] + echo '=== Crossval #10: OpenEMS Patch Antenna ==='
[23:37:25.014335] + python examples/crossval/10_openems_patch_antenna.py
[23:37:26.238633] ============================================================
[23:37:26.238678] Cross-Validation #2: OpenEMS Simple Patch Antenna
[23:37:26.238684] ============================================================
[23:37:26.238689] Patch: 32 x 40 mm on eps_r=3.38
[23:37:26.238693] Substrate: h=1.524mm, 60x60mm
[23:37:26.238697] Analytical f_r: 2.038 GHz
[23:37:26.238701]
[23:37:26.238706] dx = 1.00 mm, dz_sub = 0.254 mm
[23:37:26.238711] z-cells: 6 substrate + 145 air = 157 total
[23:37:26.239105] Steps: 12000
[23:37:26.654835] Nu grid: nz=173, dt=0.79ps
[23:37:26.654938] z_phys first 10: [0.         0.25400007 0.50800014 0.7620002  1.0160003  1.2700003
[23:37:26.654944]  1.5621004  1.9418304  2.4354794  3.077223  ]
[23:37:26.654947] Substrate h=1.524mm, port z=0.762mm
[23:37:26.654948]
[23:37:50.180950] Probe signal: max=4.2888e+07, rms=7.2555e+06
[23:39:19.107242] Harminv: 2.3571 GHz, Q=707
[23:39:19.118615] Resonance: 2.3571 GHz
[23:39:19.119014] Analytical: 2.0383 GHz
[23:39:19.119281] Error: 15.64%
[23:39:19.119526] FAIL: 15.64% error
[23:39:19.119709]
[23:39:19.163758] NTFF extraction: 'NoneType' object has no attribute 'freqs'
[23:39:19.405051]
[23:39:19.405077] Plot saved: /root/workspace/byungkwan-workspace/research/rfx/examples/crossval/10_openems_patch_antenna.png
[23:39:19.554519] + echo '=== Crossval #08: Dipole Radiation (fixed) ==='
[23:39:19.554539] + python examples/crossval/08_dipole_radiation.py
[23:39:19.554552] === Crossval #08: Dipole Radiation (fixed) ===
[23:39:20.450939] ============================================================
[23:39:20.450971] Cross-Validation: Dipole Radiation Pattern
[23:39:20.450974] ============================================================
[23:39:20.450977] Source: Ez dipole at 5 GHz
[23:39:20.450980] Domain: 80mm, dx=1.0mm
[23:39:20.450984]
[23:39:20.450987] Grid: 101x101x101, steps=7868
[23:39:27.950145]
[23:39:27.950177] E-plane correlation with sin²(theta): 0.9882
[23:39:27.950179] H-plane correlation with sin²(theta): 0.9873
[23:39:27.950189] Max far-field power: 8.4828e-27
[23:39:27.950191] FAIL: pattern shape correct (corr=0.988) but power=8.48e-27 at noise floor
[23:39:28.234873] Plot saved: /root/workspace/byungkwan-workspace/research/rfx/examples/crossval/08_dipole_radiation.png
[23:39:28.366797] workload reported done
[23:39:28.366898] Workload status changed to stopping
[23:39:28.370651] === DONE ===
[23:39:28.370651] + echo '=== DONE ==='
[23:39:39.383676] + set +x
[23:39:44.394032] workload reported done
[23:39:44.394132] Workload status changed to waitToBeKilled
[23:39:45.000000] Stopping container vops-sidecar
[23:39:45.000000] Stopping container run-sidecar
[23:39:45.000000] Stopping container run-exec
[23:39:45.000000] Terminating VESSL Workload...
[23:39:45.000000] Stopping container ttyd-sidecar
[23:39:45.000000] Stopping container fluentbit
