Organization: remilab
Project: byungkwan
[19:24:23.206423] workload awaiting to start
[19:24:23.206523] Workload status changed to pending
[19:24:27.075984] Event Reason: FailedScheduling, Event Note: 0/13 nodes are available: pod has unbound immediate PersistentVolumeClaims. preemption: 0/13 nodes are available: 13 Preemption is not helpful for scheduling.
[19:24:27.075984] Workload is in queue for scheduling. Please wait...
[19:24:30.540152] Event Reason: FailedScheduling, Event Note: 0/13 nodes are available: pod has unbound immediate PersistentVolumeClaims. preemption: 0/13 nodes are available: 13 Preemption is not helpful for scheduling.
[19:24:30.540152] Workload is in queue for scheduling. Please wait...
[19:24:32.610744] Event Reason: FailedScheduling, Event Note: 0/13 nodes are available: pod has unbound immediate PersistentVolumeClaims. preemption: 0/13 nodes are available: 13 Preemption is not helpful for scheduling.
[19:24:32.610744] Workload is in queue for scheduling. Please wait...
[19:24:48.619671] Event Reason: FailedScheduling, Event Note: 0/13 nodes are available: pod has unbound immediate PersistentVolumeClaims. preemption: 0/13 nodes are available: 13 Preemption is not helpful for scheduling.
[19:24:48.619671] Workload is in queue for scheduling. Please wait...
[19:26:12.645477] VESSL Workload assigned successfully. Starting soon.
[19:26:13.000000] Container image "quay.io/vessl-ai/kernels-toolbox:0.1.188" already present on machine
[19:26:13.000000] Created container vops-init
[19:26:13.000000] Started container vops-init
[19:26:15.000000] Started container run-sidecar
[19:26:15.000000] Creating VESSL Workload...
[19:26:15.000000] Created container vops-sidecar
[19:26:15.000000] Created container ttyd-sidecar
[19:26:15.000000] Starting VESSL Workload...
[19:26:15.000000] Created container run-exec
[19:26:15.000000] Container image "quay.io/vessl-ai/kernels-toolbox:0.1.188" already present on machine
[19:26:15.000000] Started container run-exec
[19:26:15.000000] Started container fluentbit
[19:26:15.000000] Created container fluentbit
[19:26:15.000000] Container image "nvcr.io/nvidia/jax:24.10-py3" already present on machine
[19:26:15.000000] Container image "quay.io/vessl-ai/fluent-bit:2.1.6" already present on machine
[19:26:15.000000] Container image "quay.io/vessl-ai/sidecar:v0.0.3" already present on machine
[19:26:15.000000] Created container run-sidecar
[19:26:15.001000] Container image "nvcr.io/nvidia/jax:24.10-py3" already present on machine
[19:26:16.000000] Started container vops-sidecar
[19:26:16.001689] Installing VESSL CLI...
[19:26:16.827765] workload reported alive as pod run-execution-qi701dlsrtte-0
[19:26:16.827865] Workload status changed to initializing
[19:26:18.048036] + set +x
[19:26:20.956459] vessl, version 0.1.199
[19:26:23.155611] workload reported alive as pod run-execution-qi701dlsrtte-0
[19:26:23.155711] Workload status changed to running
[19:26:23.310534] + mkdir -p /root
[19:26:23.312534] + cd /root
[19:26:23.313164] + set -euo pipefail
[19:26:23.313170] + cd /root
[19:26:23.313175] + git clone https://github.com/BK3536/rfx.git
[19:26:23.315446] Cloning into 'rfx'...
[19:26:25.238687] + cd rfx
[19:26:25.238700] + pip install --quiet -e '.[all]'
[19:26:28.651956] WARNING: rfx 1807.8.6 does not provide the extra 'dashboard'
[19:26:28.651985] WARNING: rfx 1807.8.6 does not provide the extra 'dev'
[19:26:28.652050] WARNING: rfx 1807.8.6 does not provide the extra 'optimization'
[19:26:28.652059] WARNING: rfx 1807.8.6 does not provide the extra 'visualization'
[19:26:33.204464] WARNING: Running pip as the 'root' user can result in broken permissions and conflicting behaviour with the system package manager. It is recommended to use a virtual environment instead: https://pip.pypa.io/warnings/venv
[19:26:33.411016] + python -c 'import jax; print('"'"'JAX devices:'"'"', jax.devices())'
[19:26:33.700343] JAX devices: [CudaDevice(id=0)]
[19:26:33.757610] + nvidia-smi
[19:26:33.821350] Sat Apr  4 19:26:33 2026
[19:26:33.821395] +---------------------------------------------------------------------------------------+
[19:26:33.821403] | NVIDIA-SMI 535.288.01             Driver Version: 535.288.01   CUDA Version: 12.2     |
[19:26:33.821408] |-----------------------------------------+----------------------+----------------------+
[19:26:33.821413] | GPU  Name                 Persistence-M | Bus-Id        Disp.A | Volatile Uncorr. ECC |
[19:26:33.821417] | Fan  Temp   Perf          Pwr:Usage/Cap |         Memory-Usage | GPU-Util  Compute M. |
[19:26:33.821422] |                                         |                      |               MIG M. |
[19:26:33.821426] |=========================================+======================+======================|
[19:26:33.840901] |   0  NVIDIA GeForce RTX 4090        Off | 00000000:01:00.0 Off |                  Off |
[19:26:33.840908] |  0%   33C    P0              25W / 450W |      1MiB / 24564MiB |      1%      Default |
[19:26:33.840909] |                                         |                      |                  N/A |
[19:26:33.840910] +-----------------------------------------+----------------------+----------------------+
[19:26:33.840912]
[19:26:33.840913] +---------------------------------------------------------------------------------------+
[19:26:33.840914] | Processes:                                                                            |
[19:26:33.840915] |  GPU   GI   CI        PID   Type   Process name                            GPU Memory |
[19:26:33.840916] |        ID   ID                                                             Usage      |
[19:26:33.840917] |  No running processes found                                                           |
[19:26:33.840917] |=======================================================================================|
[19:26:33.840918] +---------------------------------------------------------------------------------------+
[19:26:33.884589] + mkdir -p /output/ex3
[19:26:33.885238] + cp /root/workspace/bk-workspace/papers/rfx-tap/experiments/ex3_farfield_steering.py .
[19:26:33.916676] + OUTPUT_DIR=/output/ex3 python ex3_farfield_steering.py
[19:26:34.539317] Device: DeviceInfo(backend='gpu', gpu_available=True, devices=[{'id': 0, 'kind': 'NVIDIA GeForce RTX 4090', 'platform': 'gpu'}])
[19:26:34.539436]
[19:26:34.539445] === Building simulation (dx=2.00 mm, est. 159 MB) ===
[19:26:34.716840]
[19:26:34.716869] === Far-field beam steering optimization (optimize + NTFF) ===
[19:26:34.716883] Target: steer main beam to theta=30 deg, phi=0 (E-plane)
[19:26:57.585239]   iter    0  loss = -1.398448e-14
[19:30:11.897690]   iter   10  loss = -1.398448e-14
[19:33:26.741178]   iter   20  loss = -1.398448e-14
[19:36:41.602404]   iter   30  loss = -1.398448e-14
[19:39:55.992922]   iter   40  loss = -1.398457e-14
[19:43:10.777993]   iter   50  loss = -1.398455e-14
[19:46:25.853488]   iter   60  loss = -1.398453e-14
[19:49:41.874373]   iter   70  loss = -1.398451e-14
[19:52:37.053684]   iter   79  loss = -1.398457e-14
[19:52:37.091753]
[19:52:37.091780] Optimization complete: 1562.4s
[19:52:37.091783]
[19:52:37.091786] === Computing final radiation patterns (full angular scan) ===
[19:53:33.381829]
[19:53:33.381864] === Running initial (no-parasitic) simulation for comparison ===
[19:54:26.268921]
[19:54:26.268947] Metrics:
[19:54:26.268950] {
[19:54:26.268952]   "experiment": "ex3_farfield_steering",
[19:54:26.268954]   "device": "DeviceInfo(backend='gpu', gpu_available=True, devices=[{'id': 0, 'kind': 'NVIDIA GeForce RTX 4090', 'platform': 'gpu'}])",
[19:54:26.268956]   "target_theta_deg": 30.0,
[19:54:26.268957]   "peak_theta_deg": 95.0,
[19:54:26.268959]   "steering_error_deg": 65.0,
[19:54:26.268960]   "peak_gain_dBi": 4.657153768128731,
[19:54:26.268962]   "hpbw_deg": 94.70496326291212,
[19:54:26.268963]   "n_iterations": 80,
[19:54:26.268965]   "optimization_time_s": 1562.4,
[19:54:26.268966]   "initial_loss": -1.3984483465982397e-14,
[19:54:26.268967]   "final_loss": -1.398456901631007e-14,
[19:54:26.268969]   "beta_schedule": [
[19:54:26.268970]     [
[19:54:26.268972]       0,
[19:54:26.268973]       1
[19:54:26.268975]     ],
[19:54:26.268976]     [
[19:54:26.268977]       20,
[19:54:26.268979]       4
[19:54:26.268981]     ],
[19:54:26.268982]     [
[19:54:26.268983]       40,
[19:54:26.268985]       16
[19:54:26.268986]     ],
[19:54:26.268987]     [
[19:54:26.268989]       60,
[19:54:26.268990]       64
[19:54:26.268992]     ]
[19:54:26.268993]   ],
[19:54:26.268995]   "dx_mm": 2.0
[19:54:26.268996] }
[19:54:26.430513] Saved: /output/ex3/convergence.png
[19:54:26.578655] Saved: /output/ex3/pattern_comparison.png
[19:54:26.720982] Saved: /output/ex3/parasitic_layout.png
[19:54:26.721366]
[19:54:26.721383] All results saved to /output/ex3/
[19:54:35.108398] workload reported done
[19:54:35.108498] Workload status changed to stopping
[19:54:35.122494] + echo '[done] ex3 farfield'
[19:54:35.122523] [done] ex3 farfield
[19:54:47.569086] + set +x
[19:54:52.574202] workload reported done
[19:54:52.574302] Workload status changed to waitToBeKilled
[19:54:54.000000] Stopping container run-sidecar
[19:54:54.000000] Stopping container run-exec
[19:54:54.000000] Terminating VESSL Workload...
[19:54:54.000000] Stopping container ttyd-sidecar
[19:54:54.000000] Stopping container fluentbit
[19:54:54.122852] workload completed
[19:54:54.122952] Workload status changed to completed
