Organization: remilab
Project: byungkwan
[14:17:01.729351] workload awaiting to start
[14:17:01.729451] Workload status changed to pending
[14:17:16.105514] Event Reason: FailedScheduling, Event Note: 0/13 nodes are available: pod has unbound immediate PersistentVolumeClaims. preemption: 0/13 nodes are available: 13 Preemption is not helpful for scheduling.
[14:17:16.105514] Workload is in queue for scheduling. Please wait...
[14:17:19.564015] Event Reason: FailedScheduling, Event Note: 0/13 nodes are available: pod has unbound immediate PersistentVolumeClaims. preemption: 0/13 nodes are available: 13 Preemption is not helpful for scheduling.
[14:17:19.564015] Workload is in queue for scheduling. Please wait...
[14:17:22.204417] Event Reason: FailedScheduling, Event Note: 0/13 nodes are available: pod has unbound immediate PersistentVolumeClaims. preemption: 0/13 nodes are available: 13 Preemption is not helpful for scheduling.
[14:17:22.204417] Workload is in queue for scheduling. Please wait...
[14:17:26.000000] Container image "quay.io/vessl-ai/kernels-toolbox:0.1.188" already present on machine
[14:17:26.000000] Created container vops-init
[14:17:26.220823] VESSL Workload assigned successfully. Starting soon.
[14:17:27.000000] Creating VESSL Workload...
[14:17:27.000000] Starting VESSL Workload...
[14:17:27.000000] Created container run-exec
[14:17:27.000000] Started container run-exec
[14:17:27.000000] Created container fluentbit
[14:17:27.000000] Container image "nvcr.io/nvidia/jax:24.10-py3" already present on machine
[14:17:27.000000] Started container vops-init
[14:17:27.000000] Container image "quay.io/vessl-ai/sidecar:v0.0.3" already present on machine
[14:17:27.001000] Container image "nvcr.io/nvidia/jax:24.10-py3" already present on machine
[14:17:28.000000] Created container vops-sidecar
[14:17:28.000000] Started container vops-sidecar
[14:17:28.000000] Container image "quay.io/vessl-ai/kernels-toolbox:0.1.188" already present on machine
[14:17:28.000000] Started container ttyd-sidecar
[14:17:28.318012] Installing VESSL CLI...
[14:17:28.961814] workload reported alive as pod run-execution-0ou8cjbuo6qi-0
[14:17:28.961914] Workload status changed to initializing
[14:17:30.033293] + set +x
[14:17:32.003724] vessl, version 0.1.199
[14:17:35.194167] workload reported alive as pod run-execution-0ou8cjbuo6qi-0
[14:17:35.194267] Workload status changed to running
[14:17:35.369280] + mkdir -p /root
[14:17:35.371274] + cd /root
[14:17:35.371952] + set -euo pipefail
[14:17:35.372004] + cd /root
[14:17:35.372017] + git clone https://github.com/BK3536/rfx.git
[14:17:35.374255] Cloning into 'rfx'...
[14:17:50.913913] + cd rfx
[14:17:50.913929] + pip install --quiet -e '.[all]'
[14:18:10.729643] WARNING: rfx 1807.8.6 does not provide the extra 'dashboard'
[14:18:10.729694] WARNING: rfx 1807.8.6 does not provide the extra 'dev'
[14:18:10.729695] WARNING: rfx 1807.8.6 does not provide the extra 'optimization'
[14:18:10.729819] WARNING: rfx 1807.8.6 does not provide the extra 'visualization'
[14:18:22.821121] WARNING: Running pip as the 'root' user can result in broken permissions and conflicting behaviour with the system package manager. It is recommended to use a virtual environment instead: https://pip.pypa.io/warnings/venv
[14:18:22.969479] + python -c 'import jax; print('"'"'JAX devices:'"'"', jax.devices())'
[14:18:23.425560] JAX devices: [CudaDevice(id=0)]
[14:18:23.480386] + nvidia-smi
[14:18:23.509158] Sat Apr  4 14:18:23 2026
[14:18:23.509178] +-----------------------------------------------------------------------------------------+
[14:18:23.509185] | NVIDIA-SMI 570.211.01             Driver Version: 570.211.01     CUDA Version: 12.8     |
[14:18:23.509188] |-----------------------------------------+------------------------+----------------------+
[14:18:23.509191] | GPU  Name                 Persistence-M | Bus-Id          Disp.A | Volatile Uncorr. ECC |
[14:18:23.509194] | Fan  Temp   Perf          Pwr:Usage/Cap |           Memory-Usage | GPU-Util  Compute M. |
[14:18:23.509197] |                                         |                        |               MIG M. |
[14:18:23.509201] |=========================================+========================+======================|
[14:18:23.514746] |   0  NVIDIA GeForce RTX 4090        Off |   00000000:01:00.0 Off |                  Off |
[14:18:23.514751] |  0%   34C    P8             23W /  450W |       0MiB /  24564MiB |      0%      Default |
[14:18:23.514753] |                                         |                        |                  N/A |
[14:18:23.514756] +-----------------------------------------+------------------------+----------------------+
[14:18:23.514882]
[14:18:23.514885] +-----------------------------------------------------------------------------------------+
[14:18:23.514887] | Processes:                                                                              |
[14:18:23.514889] |  GPU   GI   CI              PID   Type   Process name                        GPU Memory |
[14:18:23.514891] |        ID   ID                                                               Usage      |
[14:18:23.514894] |=========================================================================================|
[14:18:23.515092] |  No running processes found                                                             |
[14:18:23.515095] +-----------------------------------------------------------------------------------------+
[14:18:23.583448] + mkdir -p /output/ex0
[14:18:23.583981] + cp /root/workspace/bk-workspace/papers/rfx-tap/experiments/ex0_grad_check.py .
[14:18:23.593973] + OUTPUT_DIR=/output/ex0 python ex0_grad_check.py
[14:18:24.407047] Device: DeviceInfo(backend='gpu', gpu_available=True, devices=[{'id': 0, 'kind': 'NVIDIA GeForce RTX 4090', 'platform': 'gpu'}])
[14:18:24.407064]
[14:18:24.407067] === Building simulation ===
[14:18:24.407069] Building grid and design region shape...
[14:18:24.407074] Design region: (11, 9, 6) = 594 variables total
[14:18:24.407410] Probing 10 randomly selected variables: [ 50 453  52 384 258 255 412  55 119 506]
[14:18:24.663184]
[14:18:24.663199] === Objective: S11-like (reflected energy) ===
[14:18:24.792003] jax.errors.SimplifiedTraceback: For simplicity, JAX has removed its internal frames from the traceback of the following exception. Set JAX_TRACEBACK_FILTERING=off to include these.
[14:18:24.792017]
[14:18:24.792019] The above exception was the direct cause of the following exception:
[14:18:24.792021]
[14:18:24.792022] Traceback (most recent call last):
[14:18:24.792024]   File "/root/rfx/ex0_grad_check.py", line 245, in <module>
[14:18:24.792025]     grad_ad_full = grad_fn(latent0)
[14:18:24.792027]   File "/root/rfx/ex0_grad_check.py", line 241, in loss_fn
[14:18:24.792032]     return obj_fn(forward(latent))
[14:18:24.792033]   File "/root/rfx/ex0_grad_check.py", line 138, in forward
[14:18:24.792035]     result = sim._run_forward(
[14:18:24.792036] AttributeError: 'Simulation' object has no attribute '_run_forward'
[14:18:25.018410] workload reported done
[14:18:25.018510] Workload status changed to stopping
[14:18:35.423171] workload reported done
[14:18:35.423271] Workload status changed to waitToBeKilled
[14:18:36.000000] Stopping container vops-sidecar
[14:18:36.000000] Stopping container run-sidecar
[14:18:36.000000] Stopping container run-exec
[14:18:36.000000] Terminating VESSL Workload...
[14:18:36.057774] workload failed
[14:18:36.057874] Workload status changed to failed
