Organization: remilab
Project: byungkwan
[04:33:26.661226] workload awaiting to start
[04:33:26.661326] Workload status changed to pending
[04:33:37.612303] Event Reason: FailedScheduling, Event Note: 0/13 nodes are available: pod has unbound immediate PersistentVolumeClaims. preemption: 0/13 nodes are available: 13 Preemption is not helpful for scheduling.
[04:33:37.612303] Workload is in queue for scheduling. Please wait...
[04:33:42.171745] Event Reason: FailedScheduling, Event Note: 0/13 nodes are available: pod has unbound immediate PersistentVolumeClaims. preemption: 0/13 nodes are available: 13 Preemption is not helpful for scheduling.
[04:33:42.171745] Workload is in queue for scheduling. Please wait...
[04:33:44.910253] Event Reason: FailedScheduling, Event Note: 0/13 nodes are available: pod has unbound immediate PersistentVolumeClaims. preemption: 0/13 nodes are available: 13 Preemption is not helpful for scheduling.
[04:33:44.910253] Workload is in queue for scheduling. Please wait...
[04:38:48.847563] Workload is in queue for scheduling. Please wait...
[04:38:48.847563] Event Reason: FailedScheduling, Event Note: 0/13 nodes are available: 3 Insufficient cpu, 3 Insufficient memory, 6 Insufficient nvidia.com/gpu, 7 node(s) didn't match Pod's node affinity/selector. preemption: 0/13 nodes are available: 6 No preemption victims found for incoming pod, 7 Preemption is not helpful for scheduling.
[04:43:48.852257] Workload is in queue for scheduling. Please wait...
[04:43:48.852257] Event Reason: FailedScheduling, Event Note: 0/13 nodes are available: 3 Insufficient cpu, 3 Insufficient memory, 6 Insufficient nvidia.com/gpu, 7 node(s) didn't match Pod's node affinity/selector. preemption: 0/13 nodes are available: 6 No preemption victims found for incoming pod, 7 Preemption is not helpful for scheduling.
[04:50:25.076205] Workload is in queue for scheduling. Please wait...
[04:50:25.076205] Event Reason: FailedScheduling, Event Note: 0/13 nodes are available: 4 Insufficient cpu, 4 Insufficient memory, 6 Insufficient nvidia.com/gpu, 7 node(s) didn't match Pod's node affinity/selector. preemption: 0/13 nodes are available: 6 No preemption victims found for incoming pod, 7 Preemption is not helpful for scheduling.
[04:50:35.565695] VESSL Workload assigned successfully. Starting soon.
[04:50:36.000000] Container image "quay.io/vessl-ai/kernels-toolbox:0.1.188" already present on machine
[04:50:36.000000] Created container vops-init
[04:50:36.000000] Started container vops-init
[04:50:37.000000] Creating VESSL Workload...
[04:50:37.000000] Created container ttyd-sidecar
[04:50:37.000000] Starting VESSL Workload...
[04:50:37.000000] Created container run-exec
[04:50:37.000000] Started container run-exec
[04:50:37.000000] Started container fluentbit
[04:50:37.000000] Container image "nvcr.io/nvidia/jax:24.10-py3" already present on machine
[04:50:37.000000] Created container run-sidecar
[04:50:37.001000] Container image "nvcr.io/nvidia/jax:24.10-py3" already present on machine
[04:50:38.000000] Created container vops-sidecar
[04:50:38.000000] Started container vops-sidecar
[04:50:38.000000] Container image "quay.io/vessl-ai/kernels-toolbox:0.1.188" already present on machine
[04:50:38.000000] Started container ttyd-sidecar
[04:50:38.252066] Installing VESSL CLI...
[04:50:38.815037] workload reported alive as pod run-execution-8id1e1oikhs5-0
[04:50:38.815137] Workload status changed to initializing
[04:50:39.930242] + set +x
[04:50:42.853034] vessl, version 0.1.199
[04:50:45.056529] workload reported alive as pod run-execution-8id1e1oikhs5-0
[04:50:45.056629] Workload status changed to running
[04:50:45.317790] + mkdir -p /root
[04:50:45.319940] + cd /root
[04:50:45.320677] + set -euo pipefail
[04:50:45.320720] + cd /root
[04:50:45.320731] + git clone https://github.com/BK3536/rfx.git
[04:50:45.323006] Cloning into 'rfx'...
[04:50:47.487463] + cd rfx
[04:50:47.487478] + pip install --quiet -e '.[all]' cma
[04:50:50.716681] WARNING: rfx 1807.8.6 does not provide the extra 'dashboard'
[04:50:50.716750] WARNING: rfx 1807.8.6 does not provide the extra 'dev'
[04:50:50.716902] WARNING: rfx 1807.8.6 does not provide the extra 'optimization'
[04:50:50.716910] WARNING: rfx 1807.8.6 does not provide the extra 'visualization'
[04:50:55.280506] WARNING: Running pip as the 'root' user can result in broken permissions and conflicting behaviour with the system package manager. It is recommended to use a virtual environment instead: https://pip.pypa.io/warnings/venv
[04:50:55.480956] + python -c 'import jax; print('"'"'JAX devices:'"'"', jax.devices())'
[04:50:55.730808] JAX devices: [CudaDevice(id=0)]
[04:50:55.788668] + nvidia-smi
[04:50:55.825468] Sun Apr  5 04:50:55 2026
[04:50:55.825485] +---------------------------------------------------------------------------------------+
[04:50:55.825496] | NVIDIA-SMI 535.288.01             Driver Version: 535.288.01   CUDA Version: 12.2     |
[04:50:55.825502] |-----------------------------------------+----------------------+----------------------+
[04:50:55.825507] | GPU  Name                 Persistence-M | Bus-Id        Disp.A | Volatile Uncorr. ECC |
[04:50:55.825512] | Fan  Temp   Perf          Pwr:Usage/Cap |         Memory-Usage | GPU-Util  Compute M. |
[04:50:55.825516] |                                         |                      |               MIG M. |
[04:50:55.825520] |=========================================+======================+======================|
[04:50:55.850525] |   0  NVIDIA GeForce RTX 4090        Off | 00000000:01:00.0 Off |                  Off |
[04:50:55.850554] |  0%   46C    P0              24W / 450W |      1MiB / 24564MiB |      5%      Default |
[04:50:55.850557] |                                         |                      |                  N/A |
[04:50:55.850560] +-----------------------------------------+----------------------+----------------------+
[04:50:55.850562]
[04:50:55.850565] +---------------------------------------------------------------------------------------+
[04:50:55.850568] | Processes:                                                                            |
[04:50:55.850570] |  GPU   GI   CI        PID   Type   Process name                            GPU Memory |
[04:50:55.850572] |        ID   ID                                                             Usage      |
[04:50:55.850574] |=======================================================================================|
[04:50:55.850583] |  No running processes found                                                           |
[04:50:55.850586] +---------------------------------------------------------------------------------------+
[04:50:55.893728] + mkdir -p /output/ex1
[04:50:55.894579] + cp /root/workspace/bk-workspace/papers/rfx-tap/experiments/ex1_patch_antenna.py .
[04:50:55.941151] + OUTPUT_DIR=/output/ex1 python ex1_patch_antenna.py
[04:50:56.533442] Device: DeviceInfo(backend='gpu', gpu_available=True, devices=[{'id': 0, 'kind': 'NVIDIA GeForce RTX 4090', 'platform': 'gpu'}])
[04:50:56.533664] SimConfig (accuracy='standard'):
[04:50:56.533671]   dx = 5.000 mm (15 cells/λ_min)
[04:50:56.533672]   domain = 194.9 × 194.9 × 151.5 mm
[04:50:56.533673]   cpml = 24 layers (120.0 mm)
[04:50:56.533674]   n_steps = 6664 (8.7 ns)
[04:50:56.533675]   freq = 1.00 – 4.00 GHz
[04:50:56.533676]   source = j_source (CPML boundary: J-source with Cb/dV normalization (Meep convention))
[04:50:56.533678]   dz = 0.400 – 4.997 mm (19 cells, non-uniform)
[04:50:56.533679]     - Non-uniform z mesh enabled: 19 cells, dz=0.400–4.997 mm
[04:50:56.533679]   WARNINGS:
[04:50:56.533680] Estimated memory: 632 MB
[04:50:56.533681]
[04:50:56.533682] === Gradient-based optimisation (Adam) ===
[04:50:57.360571]   optimize: n_steps=2000, grid=(88, 88, 80) (0.6M cells)
[04:50:59.465590] 2026-04-05 04:50:59.465454: W external/xla/xla/service/hlo_rematerialization.cc:3005] Can't reduce memory use below -19.86GiB (-21327313690 bytes) by rematerialization; only reduced to 56.47GiB (60630334808 bytes), down from 56.47GiB (60630365784 bytes) originally
[04:51:13.976439] 2026-04-05 04:51:13.976129: W external/xla/xla/tsl/framework/bfc_allocator.cc:497] Allocator (GPU_0_bfc) ran out of memory trying to allocate 4.62GiB (rounded to 4956160000)requested by op
[04:51:13.976953] 2026-04-05 04:51:13.976689: W external/xla/xla/tsl/framework/bfc_allocator.cc:508] ***********************************************************************************_________________
[04:51:13.977005] E0405 04:51:13.976849     336 pjrt_stream_executor_client.cc:3067] Execution of replica 0 failed: RESOURCE_EXHAUSTED: Out of memory while trying to allocate 4956160000 bytes.
[04:51:13.985974] jax.errors.SimplifiedTraceback: For simplicity, JAX has removed its internal frames from the traceback of the following exception. Set JAX_TRACEBACK_FILTERING=off to include these.
[04:51:13.985980]
[04:51:13.985981] The above exception was the direct cause of the following exception:
[04:51:13.985982]
[04:51:13.985983] Traceback (most recent call last):
[04:51:13.985984]   File "/root/rfx/ex1_patch_antenna.py", line 142, in <module>
[04:51:13.986123]     opt = optimize(
[04:51:13.986129]   File "/root/rfx/rfx/optimize.py", line 227, in optimize
[04:51:13.986130]     loss, grad = grad_fn(latent)
[04:51:13.986131]   File "/root/rfx/rfx/optimize.py", line 207, in forward
[04:51:13.986132]     result = _run(
[04:51:13.986133]   File "/root/rfx/rfx/simulation.py", line 813, in run
[04:51:13.986239]     final_carry, outputs = jax.lax.scan(body, carry_init, xs)
[04:51:13.986244] jaxlib.xla_extension.XlaRuntimeError: RESOURCE_EXHAUSTED: Out of memory while trying to allocate 4956160000 bytes.
[04:51:14.275983] workload reported done
[04:51:14.276083] Workload status changed to stopping
[04:51:21.323391] workload reported done
[04:51:21.323492] Workload status changed to waitToBeKilled
[04:51:24.000000] Stopping container run-exec
[04:51:24.000000] Terminating VESSL Workload...
[04:51:24.000000] Stopping container ttyd-sidecar
[04:51:24.000000] Stopping container fluentbit
[04:51:24.103998] workload failed
[04:51:24.104098] Workload status changed to failed
