Organization: remilab
Project: byungkwan
[15:20:03.549467] workload awaiting to start
[15:20:03.549567] Workload status changed to pending
[15:20:08.897965] VESSL Workload assigned successfully. Starting soon.
[15:20:09.000000] Container image "quay.io/vessl-ai/kernels-toolbox:0.1.188" already present on machine
[15:20:10.000000] Created container vops-init
[15:20:10.000000] Container image "nvcr.io/nvidia/jax:24.10-py3" already present on machine
[15:20:10.000000] Started container vops-init
[15:20:10.001000] Container image "nvcr.io/nvidia/jax:24.10-py3" already present on machine
[15:20:11.000000] Creating VESSL Workload...
[15:20:11.000000] Created container vops-sidecar
[15:20:11.000000] Created container ttyd-sidecar
[15:20:11.000000] Starting VESSL Workload...
[15:20:11.000000] Started container vops-sidecar
[15:20:11.000000] Created container run-exec
[15:20:11.000000] Container image "quay.io/vessl-ai/kernels-toolbox:0.1.188" already present on machine
[15:20:11.000000] Started container run-exec
[15:20:11.000000] Started container fluentbit
[15:20:11.000000] Created container fluentbit
[15:20:11.000000] Started container ttyd-sidecar
[15:20:11.000000] Container image "quay.io/vessl-ai/sidecar:v0.0.3" already present on machine
[15:20:11.000000] Created container run-sidecar
[15:20:11.862200] Installing VESSL CLI...
[15:20:12.469190] workload reported alive as pod run-execution-lekeg9ca06oz-0
[15:20:12.469290] Workload status changed to initializing
[15:20:13.573646] + set +x
[15:20:17.093476] vessl, version 0.1.199
[15:20:18.731101] workload reported alive as pod run-execution-lekeg9ca06oz-0
[15:20:18.731201] Workload status changed to running
[15:20:18.962128] + mkdir -p /root
[15:20:18.964159] + cd /root
[15:20:18.964911] + cd /root/workspace/byungkwan-workspace/research/rfx
[15:20:18.980655] + git config --global --add safe.directory /root/workspace/byungkwan-workspace/research/rfx
[15:20:19.008114] + git pull --ff-only origin main
[15:20:20.685812] From https://github.com/BK3536/rfx
[15:20:20.685853]  * branch            main       -> FETCH_HEAD
[15:20:20.786400] Already up to date.
[15:20:20.787255] + pip install -q -e '.[dev]'
[15:20:30.725678] WARNING: Running pip as the 'root' user can result in broken permissions and conflicting behaviour with the system package manager. It is recommended to use a virtual environment instead: https://pip.pypa.io/warnings/venv
[15:20:30.881742] + python scripts/diagnose_ntff_spectrum.py
[15:20:32.037926] Grid: 51x51x51, steps=2099, dt=3.81ps
[15:20:35.416076]   x_lo face DFT@1GHz = 6.1486e-13
[15:20:35.416113]   x_lo face DFT@3GHz = 1.3238e-12
[15:20:35.416375]   x_lo face DFT@5GHz = 1.4812e-12
[15:20:35.416406]   x_lo face DFT@7GHz = 5.9345e-13
[15:20:35.416413]   x_lo face peak freq = 0.03 GHz, max|signal| = 1.6235e-02
[15:20:35.416417]
[15:20:35.417744]   center DFT@1GHz = 5.0934e-11
[15:20:35.417765]   center DFT@3GHz = 1.1353e-10
[15:20:35.417899]   center DFT@5GHz = 1.3263e-10
[15:20:35.418092]   center DFT@7GHz = 5.0660e-11
[15:20:35.418108]   center peak freq = 0.03 GHz, max|signal| = 1.4200e+00
[15:20:35.418114]
[15:20:35.558124] workload reported done
[15:20:35.558224] Workload status changed to stopping
[15:20:42.971404] + set +x
[15:20:47.996368] workload reported done
[15:20:47.996469] Workload status changed to waitToBeKilled
[15:20:51.000000] Stopping container vops-sidecar
[15:20:51.000000] Stopping container run-sidecar
[15:20:51.000000] Stopping container run-exec
[15:20:51.000000] Terminating VESSL Workload...
[15:20:51.000000] Stopping container ttyd-sidecar
[15:20:51.000000] Stopping container fluentbit
[15:20:51.117418] workload completed
[15:20:51.117518] Workload status changed to completed
