Organization: remilab
Project: byungkwan
[17:11:47.461941] workload awaiting to start
[17:11:47.462041] Workload status changed to pending
[17:11:53.923341] VESSL Workload assigned successfully. Starting soon.
[17:11:54.000000] Container image "quay.io/vessl-ai/kernels-toolbox:0.1.188" already present on machine
[17:11:54.000000] Created container vops-init
[17:11:54.000000] Started container vops-init
[17:11:55.000000] Creating VESSL Workload...
[17:11:55.000000] Created container run-exec
[17:11:55.000000] Container image "nvcr.io/nvidia/jax:24.10-py3" already present on machine
[17:11:55.001000] Container image "nvcr.io/nvidia/jax:24.10-py3" already present on machine
[17:11:56.000000] Created container vops-sidecar
[17:11:56.000000] Started container vops-sidecar
[17:11:56.000000] Container image "quay.io/vessl-ai/kernels-toolbox:0.1.188" already present on machine
[17:11:56.000000] Started container run-exec
[17:11:56.000000] Started container fluentbit
[17:11:56.000000] Started container ttyd-sidecar
[17:11:56.000000] Container image "quay.io/vessl-ai/fluent-bit:2.1.6" already present on machine
[17:11:56.000000] Created container run-sidecar
[17:11:56.680292] Installing VESSL CLI...
[17:11:57.305217] workload reported alive as pod run-execution-wqgkgxlrljma-0
[17:11:57.305317] Workload status changed to initializing
[17:11:58.429537] + set +x
[17:12:01.166841] vessl, version 0.1.199
[17:12:03.570072] workload reported alive as pod run-execution-wqgkgxlrljma-0
[17:12:03.570172] Workload status changed to running
[17:12:03.674526] + mkdir -p /root
[17:12:03.676605] + cd /root
[17:12:03.677270] + set -euo pipefail
[17:12:03.677302] + cd /root
[17:12:03.677315] + git clone https://github.com/bk-squared/rfx.git
[17:12:03.679553] Cloning into 'rfx'...
[17:12:05.739327] + cd rfx
[17:12:05.739341] + pip install --quiet -e '.[all]'
[17:12:09.024400] WARNING: rfx 1807.8.6 does not provide the extra 'dashboard'
[17:12:09.024422] WARNING: rfx 1807.8.6 does not provide the extra 'dev'
[17:12:09.024423] WARNING: rfx 1807.8.6 does not provide the extra 'optimization'
[17:12:09.024535] WARNING: rfx 1807.8.6 does not provide the extra 'visualization'
[17:12:13.844254] WARNING: Running pip as the 'root' user can result in broken permissions and conflicting behaviour with the system package manager. It is recommended to use a virtual environment instead: https://pip.pypa.io/warnings/venv
[17:12:13.994532] + python -c 'import jax; print('"'"'JAX devices:'"'"', jax.devices()); import rfx; print('"'"'rfx'"'"', rfx.__version__)'
[17:12:14.351387] JAX devices: [CudaDevice(id=0)]
[17:12:14.685505] rfx 1.4.0
[17:12:14.840249] + nvidia-smi
[17:12:14.881268] Tue Apr  7 17:12:14 2026
[17:12:14.881311] +---------------------------------------------------------------------------------------+
[17:12:14.881320] | NVIDIA-SMI 535.288.01             Driver Version: 535.288.01   CUDA Version: 12.2     |
[17:12:14.881328] |-----------------------------------------+----------------------+----------------------+
[17:12:14.881335] | GPU  Name                 Persistence-M | Bus-Id        Disp.A | Volatile Uncorr. ECC |
[17:12:14.881343] | Fan  Temp   Perf          Pwr:Usage/Cap |         Memory-Usage | GPU-Util  Compute M. |
[17:12:14.881350] |                                         |                      |               MIG M. |
[17:12:14.881356] |=========================================+======================+======================|
[17:12:14.898728] |   0  NVIDIA GeForce RTX 4090        Off | 00000000:01:00.0 Off |                  Off |
[17:12:14.898734] |  0%   34C    P0              43W / 450W |      1MiB / 24564MiB |      0%      Default |
[17:12:14.898736] |                                         |                      |                  N/A |
[17:12:14.898737] +-----------------------------------------+----------------------+----------------------+
[17:12:14.898738]
[17:12:14.898739] +---------------------------------------------------------------------------------------+
[17:12:14.898740] | Processes:                                                                            |
[17:12:14.898741] |  GPU   GI   CI        PID   Type   Process name                            GPU Memory |
[17:12:14.898743] |        ID   ID                                                             Usage      |
[17:12:14.898744] |=======================================================================================|
[17:12:14.898775] |  No running processes found                                                           |
[17:12:14.898776] +---------------------------------------------------------------------------------------+
[17:12:14.941944] + mkdir -p /output/ex4
[17:12:14.942595] + cp /root/workspace/bk-workspace/papers/rfx-tap/experiments/ex4_ris_optimize.py .
[17:12:14.953194] + OUTPUT_DIR=/output/ex4 python ex4_ris_optimize.py
[17:12:15.670013] Device: DeviceInfo(backend='gpu', gpu_available=True, devices=[{'id': 0, 'kind': 'NVIDIA GeForce RTX 4090', 'platform': 'gpu'}])
[17:12:15.670036]
[17:12:15.670040] === Building simulation ===
[17:12:15.670043] Optimizing: 50 iters, n_steps=300, target=180.0 deg @ 5.0 GHz
[17:12:16.468346]   optimize: n_steps=300, grid=(37, 37, 121) (0.2M cells)
[17:12:19.759307]   iter    0  loss = -6.957582e-06
[17:12:41.654284]   iter   10  loss = -6.957585e-06
[17:13:03.736051]   iter   20  loss = -6.957581e-06
[17:13:25.889338]   iter   30  loss = -6.957579e-06
[17:13:47.985515]   iter   40  loss = -6.957584e-06
[17:14:08.093256]   iter   49  loss = -6.957584e-06
[17:14:08.124596] Optimization complete in 112.5s
[17:14:08.189113] Saved: /output/ex4/convergence.png
[17:14:08.189122]
[17:14:08.189124] === Post-optimization frequency sweep ===
[17:14:08.189132] /root/rfx/ex4_ris_optimize.py:177: UserWarning: Zero-thickness geometry 'pec' along z-axis. On non-uniform mesh this may produce empty rasterization. Consider giving it at least one cell of thickness (0.50mm).
[17:14:08.189133]   result_opt = sim.run(num_periods=30)
[17:14:09.651502] Post-opt eval complete in 1.5s
[17:14:09.827539] Saved: /output/ex4/phase_diagram.png
[17:14:09.827691] Saved: /output/ex4/metrics.json
[17:14:09.827696]
[17:14:09.827698] === Summary ===
[17:14:09.827699] Final loss          : -6.957584e-06
[17:14:09.827700] Phase @ 5.0 GHz   : 26.4 deg  (target 180 deg, error 153.6 deg)
[17:14:09.827701] Amplitude @ target  : 0.016 (-9.1 dB)
[17:14:09.827702] Total runtime       : 113.9s
[17:14:11.294341] + echo '[done] ex4 RIS optimize'
[17:14:11.294366] [done] ex4 RIS optimize
[17:14:11.315692] workload reported done
[17:14:11.315792] Workload status changed to stopping
[17:14:27.704155] + set +x
[17:14:32.739395] workload reported done
[17:14:32.739495] Workload status changed to waitToBeKilled
[17:14:36.000000] Stopping container run-exec
[17:14:36.000000] Terminating VESSL Workload...
[17:14:36.000000] Stopping container ttyd-sidecar
[17:14:36.169798] workload completed
[17:14:36.169899] Workload status changed to completed
