Organization: remilab
Project: byungkwan
[03:15:55.917028] workload awaiting to start
[03:15:55.917128] Workload status changed to pending
[03:15:59.893364] Event Reason: FailedScheduling, Event Note: 0/13 nodes are available: pod has unbound immediate PersistentVolumeClaims. preemption: 0/13 nodes are available: 13 Preemption is not helpful for scheduling.
[03:15:59.893364] Workload is in queue for scheduling. Please wait...
[03:16:13.282498] VESSL Workload assigned successfully. Starting soon.
[03:16:14.000000] Container image "quay.io/vessl-ai/kernels-toolbox:0.1.188" already present on machine
[03:16:14.000000] Created container vops-init
[03:16:14.000000] Started container vops-init
[03:16:15.000000] Started container run-sidecar
[03:16:15.000000] Creating VESSL Workload...
[03:16:15.000000] Starting VESSL Workload...
[03:16:15.000000] Created container run-exec
[03:16:15.000000] Container image "quay.io/vessl-ai/kernels-toolbox:0.1.188" already present on machine
[03:16:15.000000] Started container run-exec
[03:16:15.000000] Started container fluentbit
[03:16:15.000000] Container image "quay.io/vessl-ai/fluent-bit:2.1.6" already present on machine
[03:16:15.000000] Container image "quay.io/vessl-ai/sidecar:v0.0.3" already present on machine
[03:16:15.000000] Container image "nvcr.io/nvidia/jax:24.04-py3" already present on machine
[03:16:15.000000] Created container run-sidecar
[03:16:15.001000] Container image "nvcr.io/nvidia/jax:24.04-py3" already present on machine
[03:16:16.000000] Created container vops-sidecar
[03:16:16.000000] Started container vops-sidecar
[03:16:16.000000] Container image "quay.io/vessl-ai/kernels-toolbox:0.1.188" already present on machine
[03:16:16.000000] Started container ttyd-sidecar
[03:16:16.205419] Installing VESSL CLI...
[03:16:17.025194] workload reported alive as pod run-execution-v5pzpvkneaua-0
[03:16:17.025294] Workload status changed to initializing
[03:16:18.210096] + set +x
[03:16:27.674736] vessl, version 0.1.199
[03:16:28.421235] workload reported alive as pod run-execution-v5pzpvkneaua-0
[03:16:28.421335] Workload status changed to running
[03:16:28.667947] + mkdir -p /root
[03:16:28.669230] + cd /root
[03:16:28.669554] + cd /root/workspace/byungkwan-workspace/research/rfx
[03:16:28.676131] + pip install -q -e .
[03:16:40.150430] WARNING: Running pip as the 'root' user can result in broken permissions and conflicting behaviour with the system package manager. It is recommended to use a virtual environment instead: https://pip.pypa.io/warnings/venv
[03:16:40.479534] + python -c 'import jax; print(f'"'"'Backend: {jax.default_backend()}'"'"')'
[03:16:41.837903] Backend: gpu
[03:16:42.007215] + python examples/10_patch_point_source.py
[03:16:43.301770] Design: L=29.4mm, W=38.0mm, f0=2.400GHz
[03:16:43.301859] Grid: (209, 226, 91), dx=0.5mm, cpml=12, dt=9.533e-13
[03:16:44.196812] PEC cells: 51718, substrate z: 12 to 15, patch z: 15
[03:16:44.349018] n_steps=10491, T_sim=10.0ns
[03:16:44.349041] Running...
[03:17:56.628426]   step 1000/10491 | 14 steps/s | ETA 686s | max|Ez|=3.421e+01
[03:19:04.664270]   step 2000/10491 | 14 steps/s | ETA 596s | max|Ez|=3.421e+01
[03:20:13.861704]   step 3000/10491 | 14 steps/s | ETA 523s | max|Ez|=3.421e+01
[03:21:22.820664]   step 4000/10491 | 14 steps/s | ETA 452s | max|Ez|=3.421e+01
[03:22:32.819992]   step 5000/10491 | 14 steps/s | ETA 383s | max|Ez|=3.421e+01
[03:23:42.392078]   step 6000/10491 | 14 steps/s | ETA 313s | max|Ez|=3.421e+01
[03:24:53.071888]   step 7000/10491 | 14 steps/s | ETA 244s | max|Ez|=3.421e+01
[03:27:11.835825]   step 9000/10491 | 14 steps/s | ETA 104s | max|Ez|=3.421e+01
[03:28:21.819157]   step 10000/10491 | 14 steps/s | ETA 34s | max|Ez|=3.421e+01
[03:28:56.634405] Done in 732.3s (14 steps/s)
[03:28:56.636379] Analysis window: step 1044 to 10491 (9447 samples)
[03:28:56.636419]
[03:28:56.636432] === Results ===
[03:28:56.636437] Resonance PEAK: 2.318 GHz (design: 2.400 GHz)
[03:28:56.636441] Error: 3.4%
[03:28:56.905537] Top spectral peaks (1-4 GHz):
[03:28:56.905564]   1. 2.318 GHz (amp=3.79e+00)
[03:28:56.905574]   2. 3.650 GHz (amp=3.14e+00)
[03:28:56.905582]   3. 1.555 GHz (amp=6.99e-01)
[03:28:56.905589]   4. 1.777 GHz (amp=4.62e-01)
[03:28:56.905612]   5. 2.096 GHz (amp=3.31e-01)
[03:28:57.333617] workload reported done
[03:28:57.333717] Workload status changed to stopping
[03:29:04.863886] + set +x
[03:29:09.881277] workload reported done
[03:29:09.881377] Workload status changed to waitToBeKilled
[03:29:12.000000] Stopping container vops-sidecar
[03:29:12.000000] Stopping container run-sidecar
[03:29:12.000000] Stopping container run-exec
[03:29:12.000000] Terminating VESSL Workload...
[03:29:12.000000] Stopping container ttyd-sidecar
[03:29:12.000000] Stopping container fluentbit
[03:29:12.057067] workload completed
