Organization: remilab
Project: byungkwan
[04:14:17.946526] workload awaiting to start
[04:14:17.946626] Workload status changed to pending
[04:14:24.539420] Event Reason: FailedScheduling, Event Note: 0/13 nodes are available: pod has unbound immediate PersistentVolumeClaims. preemption: 0/13 nodes are available: 13 Preemption is not helpful for scheduling.
[04:14:24.539420] Workload is in queue for scheduling. Please wait...
[04:14:27.115084] Event Reason: FailedScheduling, Event Note: 0/13 nodes are available: pod has unbound immediate PersistentVolumeClaims. preemption: 0/13 nodes are available: 13 Preemption is not helpful for scheduling.
[04:14:27.115084] Workload is in queue for scheduling. Please wait...
[04:14:29.193109] Event Reason: FailedScheduling, Event Note: 0/13 nodes are available: pod has unbound immediate PersistentVolumeClaims. preemption: 0/13 nodes are available: 13 Preemption is not helpful for scheduling.
[04:14:29.193109] Workload is in queue for scheduling. Please wait...
[04:19:48.823406] Workload is in queue for scheduling. Please wait...
[04:19:48.823406] Event Reason: FailedScheduling, Event Note: 0/13 nodes are available: 3 Insufficient cpu, 3 Insufficient memory, 6 Insufficient nvidia.com/gpu, 7 node(s) didn't match Pod's node affinity/selector. preemption: 0/13 nodes are available: 6 No preemption victims found for incoming pod, 7 Preemption is not helpful for scheduling.
[04:24:48.830190] Workload is in queue for scheduling. Please wait...
[04:24:48.830190] Event Reason: FailedScheduling, Event Note: 0/13 nodes are available: 3 Insufficient cpu, 3 Insufficient memory, 6 Insufficient nvidia.com/gpu, 7 node(s) didn't match Pod's node affinity/selector. preemption: 0/13 nodes are available: 6 No preemption victims found for incoming pod, 7 Preemption is not helpful for scheduling.
[04:27:33.749538] VESSL Workload assigned successfully. Starting soon.
[04:27:34.000000] Container image "quay.io/vessl-ai/kernels-toolbox:0.1.188" already present on machine
[04:27:34.000000] Created container vops-init
[04:27:34.000000] Started container vops-init
[04:27:35.000000] Started container run-sidecar
[04:27:35.000000] Creating VESSL Workload...
[04:27:35.000000] Created container ttyd-sidecar
[04:27:35.000000] Starting VESSL Workload...
[04:27:35.000000] Created container run-exec
[04:27:35.000000] Container image "quay.io/vessl-ai/kernels-toolbox:0.1.188" already present on machine
[04:27:35.000000] Container image "nvcr.io/nvidia/jax:24.10-py3" already present on machine
[04:27:35.000000] Container image "quay.io/vessl-ai/sidecar:v0.0.3" already present on machine
[04:27:35.001000] Container image "nvcr.io/nvidia/jax:24.10-py3" already present on machine
[04:27:36.248652] Installing VESSL CLI...
[04:27:46.971443] workload reported alive as pod run-execution-hg70qbyu30j8-0
[04:27:46.971543] Workload status changed to initializing
[04:27:48.072676] + set +x
[04:27:50.988459] vessl, version 0.1.199
[04:27:53.213402] workload reported alive as pod run-execution-hg70qbyu30j8-0
[04:27:53.213502] Workload status changed to running
[04:27:53.351626] + mkdir -p /root
[04:27:53.353694] + cd /root
[04:27:53.354313] + set -euo pipefail
[04:27:53.354324] + cd /root
[04:27:53.354329] + git clone https://github.com/BK3536/rfx.git
[04:27:53.356528] Cloning into 'rfx'...
[04:27:55.425994] + cd rfx
[04:27:55.426040] + pip install --quiet -e '.[all]'
[04:27:58.651271] WARNING: rfx 1807.8.6 does not provide the extra 'dashboard'
[04:27:58.651292] WARNING: rfx 1807.8.6 does not provide the extra 'dev'
[04:27:58.651372] WARNING: rfx 1807.8.6 does not provide the extra 'optimization'
[04:27:58.651511] WARNING: rfx 1807.8.6 does not provide the extra 'visualization'
[04:28:02.796404] WARNING: Running pip as the 'root' user can result in broken permissions and conflicting behaviour with the system package manager. It is recommended to use a virtual environment instead: https://pip.pypa.io/warnings/venv
[04:28:02.945706] + python -c 'import jax; print('"'"'JAX devices:'"'"', jax.devices())'
[04:28:03.284257] JAX devices: [CudaDevice(id=0)]
[04:28:03.327447] + nvidia-smi
[04:28:03.365127] Sun Apr  5 04:28:03 2026
[04:28:03.365142] +---------------------------------------------------------------------------------------+
[04:28:03.365148] | NVIDIA-SMI 535.288.01             Driver Version: 535.288.01   CUDA Version: 12.2     |
[04:28:03.365152] |-----------------------------------------+----------------------+----------------------+
[04:28:03.365156] | GPU  Name                 Persistence-M | Bus-Id        Disp.A | Volatile Uncorr. ECC |
[04:28:03.365160] | Fan  Temp   Perf          Pwr:Usage/Cap |         Memory-Usage | GPU-Util  Compute M. |
[04:28:03.365164] |                                         |                      |               MIG M. |
[04:28:03.365168] |=========================================+======================+======================|
[04:28:03.383423] |   0  NVIDIA GeForce RTX 4090        Off | 00000000:01:00.0 Off |                  Off |
[04:28:03.383427] |  0%   50C    P0              27W / 450W |      1MiB / 24564MiB |      0%      Default |
[04:28:03.383428] |                                         |                      |                  N/A |
[04:28:03.383430] +-----------------------------------------+----------------------+----------------------+
[04:28:03.383431]
[04:28:03.383432] +---------------------------------------------------------------------------------------+
[04:28:03.383433] | Processes:                                                                            |
[04:28:03.383434] |  GPU   GI   CI        PID   Type   Process name                            GPU Memory |
[04:28:03.383435] |        ID   ID                                                             Usage      |
[04:28:03.383436] |=======================================================================================|
[04:28:03.383466] |  No running processes found                                                           |
[04:28:03.383467] +---------------------------------------------------------------------------------------+
[04:28:03.437199] + mkdir -p /output/ex3
[04:28:03.437644] + cp /root/workspace/bk-workspace/papers/rfx-tap/experiments/ex3_farfield_steering.py .
[04:28:03.467078] + OUTPUT_DIR=/output/ex3 python ex3_farfield_steering.py
[04:28:04.230213] Device: DeviceInfo(backend='gpu', gpu_available=True, devices=[{'id': 0, 'kind': 'NVIDIA GeForce RTX 4090', 'platform': 'gpu'}])
[04:28:04.230328]
[04:28:04.230335] === Building simulation (dx=3.00 mm, est. 207 MB) ===
[04:28:04.230337]
[04:28:04.230339] === Beam steering optimization (probe-array surrogate) ===
[04:28:04.230340] Target: steer main beam to theta~30.0 deg via near-field probe ratio
[04:28:04.230358] Traceback (most recent call last):
[04:28:04.230361]   File "/root/rfx/ex3_farfield_steering.py", line 172, in <module>
[04:28:04.230451]     sim, region, beam_steering_objective,
[04:28:04.230457] NameError: name 'beam_steering_objective' is not defined
[04:28:04.323911] workload reported done
[04:28:04.324011] Workload status changed to stopping
[04:28:17.729852] workload reported done
[04:28:17.729952] Workload status changed to waitToBeKilled
[04:28:21.000000] Stopping container vops-sidecar
[04:28:21.000000] Stopping container run-sidecar
[04:28:21.000000] Stopping container run-exec
[04:28:21.000000] Terminating VESSL Workload...
[04:28:21.000000] Stopping container ttyd-sidecar
[04:28:21.082991] workload failed
[04:28:21.083091] Workload status changed to failed
