Organization: remilab
Project: byungkwan
[01:32:02.754689] workload awaiting to start
[01:32:02.754790] Workload status changed to pending
[01:32:14.073318] Event Reason: FailedScheduling, Event Note: 0/13 nodes are available: pod has unbound immediate PersistentVolumeClaims. preemption: 0/13 nodes are available: 13 Preemption is not helpful for scheduling.
[01:32:14.073318] Workload is in queue for scheduling. Please wait...
[01:32:17.519890] Event Reason: FailedScheduling, Event Note: 0/13 nodes are available: pod has unbound immediate PersistentVolumeClaims. preemption: 0/13 nodes are available: 13 Preemption is not helpful for scheduling.
[01:32:17.519890] Workload is in queue for scheduling. Please wait...
[01:32:20.007564] Event Reason: FailedScheduling, Event Note: 0/13 nodes are available: pod has unbound immediate PersistentVolumeClaims. preemption: 0/13 nodes are available: 13 Preemption is not helpful for scheduling.
[01:32:20.007564] Workload is in queue for scheduling. Please wait...
[01:32:25.000000] Container image "quay.io/vessl-ai/kernels-toolbox:0.1.188" already present on machine
[01:32:25.000000] Created container vops-init
[01:32:25.131380] VESSL Workload assigned successfully. Starting soon.
[01:32:26.000000] Started container vops-init
[01:32:27.000000] Started container run-sidecar
[01:32:27.000000] Creating VESSL Workload...
[01:32:27.000000] Created container ttyd-sidecar
[01:32:27.000000] Starting VESSL Workload...
[01:32:27.000000] Created container run-exec
[01:32:27.000000] Container image "quay.io/vessl-ai/kernels-toolbox:0.1.188" already present on machine
[01:32:27.000000] Started container run-exec
[01:32:27.000000] Started container fluentbit
[01:32:27.000000] Created container fluentbit
[01:32:27.000000] Container image "nvcr.io/nvidia/jax:24.10-py3" already present on machine
[01:32:27.000000] Container image "quay.io/vessl-ai/fluent-bit:2.1.6" already present on machine
[01:32:27.000000] Container image "quay.io/vessl-ai/sidecar:v0.0.3" already present on machine
[01:32:27.000000] Created container run-sidecar
[01:32:27.001000] Container image "nvcr.io/nvidia/jax:24.10-py3" already present on machine
[01:32:28.000000] Created container vops-sidecar
[01:32:28.000000] Started container vops-sidecar
[01:32:28.000000] Container image "quay.io/vessl-ai/kernels-toolbox:0.1.188" already present on machine
[01:32:28.000000] Started container ttyd-sidecar
[01:32:28.147589] Installing VESSL CLI...
[01:32:28.680075] workload reported alive as pod run-execution-0qooolidc1be-0
[01:32:28.680175] Workload status changed to initializing
[01:32:29.789949] + set +x
[01:32:32.064185] vessl, version 0.1.199
[01:32:34.946688] workload reported alive as pod run-execution-0qooolidc1be-0
[01:32:34.946789] Workload status changed to running
[01:32:35.275493] + mkdir -p /root
[01:32:35.277483] + cd /root
[01:32:35.277781] + set -euo pipefail
[01:32:35.277821] + cd /root
[01:32:35.277831] + git clone https://github.com/bk-squared/rfx.git
[01:32:35.280137] Cloning into 'rfx'...
[01:32:37.611675] + cd rfx
[01:32:37.611686] + pip install --quiet -e '.[all]'
[01:32:40.247582] WARNING: rfx 1807.8.6 does not provide the extra 'dashboard'
[01:32:40.247605] WARNING: rfx 1807.8.6 does not provide the extra 'dev'
[01:32:40.247619] WARNING: rfx 1807.8.6 does not provide the extra 'optimization'
[01:32:40.247806] WARNING: rfx 1807.8.6 does not provide the extra 'visualization'
[01:32:44.284177] WARNING: Running pip as the 'root' user can result in broken permissions and conflicting behaviour with the system package manager. It is recommended to use a virtual environment instead: https://pip.pypa.io/warnings/venv
[01:32:44.436764] + python -c 'import jax; print('"'"'JAX devices:'"'"', jax.devices())'
[01:32:44.762881] JAX devices: [CudaDevice(id=0)]
[01:32:44.802433] + nvidia-smi
[01:32:44.845165] Wed Apr  8 01:32:44 2026
[01:32:44.845211] +---------------------------------------------------------------------------------------+
[01:32:44.845228] | NVIDIA-SMI 535.288.01             Driver Version: 535.288.01   CUDA Version: 12.2     |
[01:32:44.845238] |-----------------------------------------+----------------------+----------------------+
[01:32:44.845244] | GPU  Name                 Persistence-M | Bus-Id        Disp.A | Volatile Uncorr. ECC |
[01:32:44.845250] | Fan  Temp   Perf          Pwr:Usage/Cap |         Memory-Usage | GPU-Util  Compute M. |
[01:32:44.845257] |                                         |                      |               MIG M. |
[01:32:44.845263] |=========================================+======================+======================|
[01:32:44.861738] |   0  NVIDIA GeForce RTX 4090        Off | 00000000:01:00.0 Off |                  Off |
[01:32:44.861751] |  0%   33C    P0              24W / 450W |      1MiB / 24564MiB |      0%      Default |
[01:32:44.861753] |                                         |                      |                  N/A |
[01:32:44.861755] +-----------------------------------------+----------------------+----------------------+
[01:32:44.861757]
[01:32:44.861758] +---------------------------------------------------------------------------------------+
[01:32:44.861760] | Processes:                                                                            |
[01:32:44.861762] |  GPU   GI   CI        PID   Type   Process name                            GPU Memory |
[01:32:44.861763] |        ID   ID                                                             Usage      |
[01:32:44.861764] |=======================================================================================|
[01:32:44.861766] |  No running processes found                                                           |
[01:32:44.861767] +---------------------------------------------------------------------------------------+
[01:32:44.914422] + mkdir -p /output/ex0
[01:32:44.914989] + cp /root/workspace/bk-workspace/papers/rfx-tap/experiments/ex0_grad_check.py .
[01:32:44.926882] + OUTPUT_DIR=/output/ex0 python ex0_grad_check.py
[01:32:45.627048] Device: DeviceInfo(backend='gpu', gpu_available=True, devices=[{'id': 0, 'kind': 'NVIDIA GeForce RTX 4090', 'platform': 'gpu'}])
[01:32:45.627070]
[01:32:45.627074] === Building simulation cases ===
[01:32:45.817053]
[01:32:45.817075] === FD step-size sweeps ===
[01:32:45.817078]
[01:32:45.817080] --- Case A_pec_cavity ---
[02:10:50.317253]   A_pec_cavity  eps=1e-02  rel_err=1.200e-04  t=2284.5s
[03:34:48.071256]   A_pec_cavity  eps=1e-03  rel_err=1.257e-03  t=2558.7s
[04:18:24.297655]   A_pec_cavity  eps=3e-04  rel_err=4.003e-03  t=2616.2s
[05:02:27.823442]   A_pec_cavity  eps=1e-04  rel_err=1.115e-02  t=2643.5s
[05:46:48.625441]   Best relative error: 1.200e-04  pass=True
[05:46:48.625462]
[05:46:48.625464] --- Case B_cpml_fr4 ---
[06:34:28.471581] + set +x
[06:34:28.665736] + mkdir -p /root
[06:34:28.667874] + cd /root
[06:34:28.668602] + set -euo pipefail
[06:34:28.668635] + cd /root
[06:34:28.668646] + git clone https://github.com/bk-squared/rfx.git
[06:34:28.670701] Cloning into 'rfx'...
[06:34:31.173034] + cd rfx
[06:34:31.173050] + pip install --quiet -e '.[all]'
[06:34:35.056653] WARNING: rfx 1807.8.6 does not provide the extra 'dashboard'
[06:34:35.056679] WARNING: rfx 1807.8.6 does not provide the extra 'dev'
[06:34:35.056791] WARNING: rfx 1807.8.6 does not provide the extra 'optimization'
[06:34:35.056797] WARNING: rfx 1807.8.6 does not provide the extra 'visualization'
[06:34:39.517308] WARNING: Running pip as the 'root' user can result in broken permissions and conflicting behaviour with the system package manager. It is recommended to use a virtual environment instead: https://pip.pypa.io/warnings/venv
[06:34:39.669617] + python -c 'import jax; print('"'"'JAX devices:'"'"', jax.devices())'
[06:34:40.069398] JAX devices: [CudaDevice(id=0)]
[06:34:40.110432] + nvidia-smi
[06:34:40.149049] Wed Apr  8 06:34:40 2026
[06:34:40.149062] +---------------------------------------------------------------------------------------+
[06:34:40.149072] | NVIDIA-SMI 535.288.01             Driver Version: 535.288.01   CUDA Version: 12.2     |
[06:34:40.149078] |-----------------------------------------+----------------------+----------------------+
[06:34:40.149083] | GPU  Name                 Persistence-M | Bus-Id        Disp.A | Volatile Uncorr. ECC |
[06:34:40.149091] | Fan  Temp   Perf          Pwr:Usage/Cap |         Memory-Usage | GPU-Util  Compute M. |
[06:34:40.149096] |                                         |                      |               MIG M. |
[06:34:40.149100] |=========================================+======================+======================|
[06:34:40.172690] |   0  NVIDIA GeForce RTX 4090        Off | 00000000:01:00.0 Off |                  Off |
[06:34:40.172694] |  0%   49C    P0              29W / 450W |      1MiB / 24564MiB |      1%      Default |
[06:34:40.172695] |                                         |                      |                  N/A |
[06:34:40.172696] +-----------------------------------------+----------------------+----------------------+
[06:34:40.172699]
[06:34:40.172700] +---------------------------------------------------------------------------------------+
[06:34:40.172701] | Processes:                                                                            |
[06:34:40.172702] |  GPU   GI   CI        PID   Type   Process name                            GPU Memory |
[06:34:40.172703] |        ID   ID                                                             Usage      |
[06:34:40.172704] |=======================================================================================|
[06:34:40.172731] |  No running processes found                                                           |
[06:34:40.172732] +---------------------------------------------------------------------------------------+
[06:34:40.221527] + mkdir -p /output/ex0
[06:34:40.222101] + cp /root/workspace/bk-workspace/papers/rfx-tap/experiments/ex0_grad_check.py .
[06:34:40.237640] + OUTPUT_DIR=/output/ex0 python ex0_grad_check.py
[06:34:40.961936] Device: DeviceInfo(backend='gpu', gpu_available=True, devices=[{'id': 0, 'kind': 'NVIDIA GeForce RTX 4090', 'platform': 'gpu'}])
[06:34:40.962013]
[06:34:40.962023] === Building simulation cases ===
[06:34:41.181996]
[06:34:41.182018] === FD step-size sweeps ===
[06:34:41.182020]
[06:34:41.182021] --- Case A_pec_cavity ---
[07:12:27.232792]   A_pec_cavity  eps=1e-02  rel_err=1.200e-04  t=2266.1s
[07:53:32.312520]   A_pec_cavity  eps=3e-03  rel_err=3.944e-04  t=2465.1s
[08:36:01.469095]   A_pec_cavity  eps=1e-03  rel_err=1.257e-03  t=2549.2s
[09:19:21.302090]   A_pec_cavity  eps=3e-04  rel_err=4.003e-03  t=2599.8s
[10:03:09.882812]   A_pec_cavity  eps=1e-04  rel_err=1.115e-02  t=2628.6s
[10:47:16.783871]   Best relative error: 1.200e-04  pass=True
[10:47:16.783894]
[10:47:16.783896] --- Case B_cpml_fr4 ---
[11:34:26.919536] + set +x
[11:34:27.128439] + mkdir -p /root
[11:34:27.130460] + cd /root
[11:34:27.131261] + set -euo pipefail
[11:34:27.131310] + cd /root
[11:34:27.131325] + git clone https://github.com/bk-squared/rfx.git
[11:34:27.133505] Cloning into 'rfx'...
[11:34:29.594347] + cd rfx
[11:34:29.594360] + pip install --quiet -e '.[all]'
[11:34:35.314286] WARNING: rfx 1807.8.6 does not provide the extra 'dashboard'
[11:34:35.314380] WARNING: rfx 1807.8.6 does not provide the extra 'dev'
[11:34:35.314398] WARNING: rfx 1807.8.6 does not provide the extra 'optimization'
[11:34:35.314540] WARNING: rfx 1807.8.6 does not provide the extra 'visualization'
[11:34:39.923341] WARNING: Running pip as the 'root' user can result in broken permissions and conflicting behaviour with the system package manager. It is recommended to use a virtual environment instead: https://pip.pypa.io/warnings/venv
[11:34:40.072861] + python -c 'import jax; print('"'"'JAX devices:'"'"', jax.devices())'
[11:34:40.460983] JAX devices: [CudaDevice(id=0)]
[11:34:40.506428] + nvidia-smi
[11:34:40.537970] Wed Apr  8 11:34:40 2026
[11:34:40.538004] +---------------------------------------------------------------------------------------+
[11:34:40.538015] | NVIDIA-SMI 535.288.01             Driver Version: 535.288.01   CUDA Version: 12.2     |
[11:34:40.538022] |-----------------------------------------+----------------------+----------------------+
[11:34:40.538028] | GPU  Name                 Persistence-M | Bus-Id        Disp.A | Volatile Uncorr. ECC |
[11:34:40.538033] | Fan  Temp   Perf          Pwr:Usage/Cap |         Memory-Usage | GPU-Util  Compute M. |
[11:34:40.538038] |                                         |                      |               MIG M. |
[11:34:40.538044] |=========================================+======================+======================|
[11:34:40.560487] |   0  NVIDIA GeForce RTX 4090        Off | 00000000:01:00.0 Off |                  Off |
[11:34:40.560510] |  0%   49C    P0              31W / 450W |      1MiB / 24564MiB |      1%      Default |
[11:34:40.560513] |                                         |                      |                  N/A |
[11:34:40.560514] +-----------------------------------------+----------------------+----------------------+
[11:34:40.560516]
[11:34:40.560517] +---------------------------------------------------------------------------------------+
[11:34:40.560519] | Processes:                                                                            |
[11:34:40.560521] |  GPU   GI   CI        PID   Type   Process name                            GPU Memory |
[11:34:40.560522] |        ID   ID                                                             Usage      |
[11:34:40.560524] |=======================================================================================|
[11:34:40.560526] |  No running processes found                                                           |
[11:34:40.560527] +---------------------------------------------------------------------------------------+
[11:34:40.603101] + mkdir -p /output/ex0
[11:34:40.603590] + cp /root/workspace/bk-workspace/papers/rfx-tap/experiments/ex0_grad_check.py .
[11:34:40.620430] + OUTPUT_DIR=/output/ex0 python ex0_grad_check.py
[11:34:41.326456] Device: DeviceInfo(backend='gpu', gpu_available=True, devices=[{'id': 0, 'kind': 'NVIDIA GeForce RTX 4090', 'platform': 'gpu'}])
[11:34:41.326503]
[11:34:41.326505] === Building simulation cases ===
[11:34:41.535003]
[11:34:41.535047] === FD step-size sweeps ===
[11:34:41.535048]
[11:34:41.535052] --- Case A_pec_cavity ---
[12:12:35.636270]   A_pec_cavity  eps=1e-02  rel_err=1.200e-04  t=2274.1s
[12:53:49.230050]   A_pec_cavity  eps=3e-03  rel_err=3.944e-04  t=2473.6s
[13:36:29.109738]   A_pec_cavity  eps=1e-03  rel_err=1.257e-03  t=2559.9s
[14:19:59.419702]   A_pec_cavity  eps=3e-04  rel_err=4.003e-03  t=2610.3s
[15:04:03.927180]   A_pec_cavity  eps=1e-04  rel_err=1.115e-02  t=2644.5s
[15:48:18.017829]   Best relative error: 1.200e-04  pass=True
[15:48:18.017852]
[15:48:18.017855] --- Case B_cpml_fr4 ---
[16:35:34.519378] + set +x
[16:35:34.810570] + mkdir -p /root
[16:35:34.812654] + cd /root
[16:35:34.813393] + set -euo pipefail
[16:35:34.813428] + cd /root
[16:35:34.813438] + git clone https://github.com/bk-squared/rfx.git
[16:35:34.815691] Cloning into 'rfx'...
[16:35:36.941225] + cd rfx
[16:35:36.941250] + pip install --quiet -e '.[all]'
[16:35:40.491944] WARNING: rfx 1807.8.6 does not provide the extra 'dashboard'
[16:35:40.491965] WARNING: rfx 1807.8.6 does not provide the extra 'dev'
[16:35:40.492081] WARNING: rfx 1807.8.6 does not provide the extra 'optimization'
[16:35:40.492087] WARNING: rfx 1807.8.6 does not provide the extra 'visualization'
[16:35:44.296838] WARNING: Running pip as the 'root' user can result in broken permissions and conflicting behaviour with the system package manager. It is recommended to use a virtual environment instead: https://pip.pypa.io/warnings/venv
[16:35:44.444337] + python -c 'import jax; print('"'"'JAX devices:'"'"', jax.devices())'
[16:35:44.770462] JAX devices: [CudaDevice(id=0)]
[16:35:44.811909] + nvidia-smi
[16:35:44.848827] Wed Apr  8 16:35:44 2026
[16:35:44.848886] +---------------------------------------------------------------------------------------+
[16:35:44.848902] | NVIDIA-SMI 535.288.01             Driver Version: 535.288.01   CUDA Version: 12.2     |
[16:35:44.848911] |-----------------------------------------+----------------------+----------------------+
[16:35:44.848919] | GPU  Name                 Persistence-M | Bus-Id        Disp.A | Volatile Uncorr. ECC |
[16:35:44.848977] | Fan  Temp   Perf          Pwr:Usage/Cap |         Memory-Usage | GPU-Util  Compute M. |
[16:35:44.849010] |                                         |                      |               MIG M. |
[16:35:44.849016] |=========================================+======================+======================|
[16:35:44.870641] |   0  NVIDIA GeForce RTX 4090        Off | 00000000:01:00.0 Off |                  Off |
[16:35:44.870644] |  0%   49C    P0              30W / 450W |      1MiB / 24564MiB |      5%      Default |
[16:35:44.870645] |                                         |                      |                  N/A |
[16:35:44.870646] +-----------------------------------------+----------------------+----------------------+
[16:35:44.870647]
[16:35:44.870649] +---------------------------------------------------------------------------------------+
[16:35:44.870650] | Processes:                                                                            |
[16:35:44.870651] |  GPU   GI   CI        PID   Type   Process name                            GPU Memory |
[16:35:44.870652] |        ID   ID                                                             Usage      |
[16:35:44.870653] |=======================================================================================|
[16:35:44.870748] |  No running processes found                                                           |
[16:35:44.870749] +---------------------------------------------------------------------------------------+
[16:35:44.913038] + mkdir -p /output/ex0
[16:35:44.913572] + cp /root/workspace/bk-workspace/papers/rfx-tap/experiments/ex0_grad_check.py .
[16:35:44.930033] + OUTPUT_DIR=/output/ex0 python ex0_grad_check.py
[16:35:45.646694] Device: DeviceInfo(backend='gpu', gpu_available=True, devices=[{'id': 0, 'kind': 'NVIDIA GeForce RTX 4090', 'platform': 'gpu'}])
[16:35:45.646755]
[16:35:45.646756] === Building simulation cases ===
[16:35:45.857694]
[16:35:45.857715] === FD step-size sweeps ===
[16:35:45.857716]
[16:35:45.857717] --- Case A_pec_cavity ---
[17:13:40.912111]   A_pec_cavity  eps=1e-02  rel_err=1.200e-04  t=2275.1s
[17:54:54.235961]   A_pec_cavity  eps=3e-03  rel_err=3.944e-04  t=2473.3s
[18:37:28.362691]   A_pec_cavity  eps=1e-03  rel_err=1.257e-03  t=2554.1s
[19:21:01.138675]   A_pec_cavity  eps=3e-04  rel_err=4.003e-03  t=2612.8s
[20:04:58.334996]   A_pec_cavity  eps=1e-04  rel_err=1.115e-02  t=2637.2s
[20:49:13.621866]   Best relative error: 1.200e-04  pass=True
[20:49:13.621884]
[20:49:13.621886] --- Case B_cpml_fr4 ---
[21:36:31.033710] + set +x
[21:36:31.218873] + mkdir -p /root
[21:36:31.220941] + cd /root
[21:36:31.221639] + set -euo pipefail
[21:36:31.221672] + cd /root
[21:36:31.221683] + git clone https://github.com/bk-squared/rfx.git
[21:36:31.223704] Cloning into 'rfx'...
[21:36:33.348790] + cd rfx
[21:36:33.348802] + pip install --quiet -e '.[all]'
[21:36:37.611024] WARNING: rfx 1807.8.6 does not provide the extra 'dashboard'
[21:36:37.611042] WARNING: rfx 1807.8.6 does not provide the extra 'dev'
[21:36:37.611208] WARNING: rfx 1807.8.6 does not provide the extra 'optimization'
[21:36:37.611222] WARNING: rfx 1807.8.6 does not provide the extra 'visualization'
[21:36:42.583525] WARNING: Running pip as the 'root' user can result in broken permissions and conflicting behaviour with the system package manager. It is recommended to use a virtual environment instead: https://pip.pypa.io/warnings/venv
[21:36:42.733736] + python -c 'import jax; print('"'"'JAX devices:'"'"', jax.devices())'
[21:36:43.065977] JAX devices: [CudaDevice(id=0)]
[21:36:43.110995] + nvidia-smi
[21:36:43.144793] Wed Apr  8 21:36:43 2026
[21:36:43.144845] +---------------------------------------------------------------------------------------+
[21:36:43.144866] | NVIDIA-SMI 535.288.01             Driver Version: 535.288.01   CUDA Version: 12.2     |
[21:36:43.144877] |-----------------------------------------+----------------------+----------------------+
[21:36:43.144886] | GPU  Name                 Persistence-M | Bus-Id        Disp.A | Volatile Uncorr. ECC |
[21:36:43.144894] | Fan  Temp   Perf          Pwr:Usage/Cap |         Memory-Usage | GPU-Util  Compute M. |
[21:36:43.144903] |                                         |                      |               MIG M. |
[21:36:43.144911] |=========================================+======================+======================|
[21:36:43.167672] |   0  NVIDIA GeForce RTX 4090        Off | 00000000:01:00.0 Off |                  Off |
[21:36:43.167681] |  0%   49C    P0              29W / 450W |      1MiB / 24564MiB |      0%      Default |
[21:36:43.167682] |                                         |                      |                  N/A |
[21:36:43.167683] +-----------------------------------------+----------------------+----------------------+
[21:36:43.167684]
[21:36:43.167686] | Processes:                                                                            |
[21:36:43.167686] +---------------------------------------------------------------------------------------+
[21:36:43.167687] |  GPU   GI   CI        PID   Type   Process name                            GPU Memory |
[21:36:43.167688] |        ID   ID                                                             Usage      |
[21:36:43.167689] |=======================================================================================|
[21:36:43.167690] |  No running processes found                                                           |
[21:36:43.167691] +---------------------------------------------------------------------------------------+
[21:36:43.211014] + mkdir -p /output/ex0
[21:36:43.211666] + cp /root/workspace/bk-workspace/papers/rfx-tap/experiments/ex0_grad_check.py .
[21:36:43.226779] + OUTPUT_DIR=/output/ex0 python ex0_grad_check.py
[21:36:43.931462] Device: DeviceInfo(backend='gpu', gpu_available=True, devices=[{'id': 0, 'kind': 'NVIDIA GeForce RTX 4090', 'platform': 'gpu'}])
[21:36:43.931477]
[21:36:43.931479] === Building simulation cases ===
[21:36:44.137402]
[21:36:44.137420] === FD step-size sweeps ===
[21:36:44.137421]
[21:36:44.137422] --- Case A_pec_cavity ---
[22:14:29.500902]   A_pec_cavity  eps=1e-02  rel_err=1.200e-04  t=2265.4s
[22:55:31.672066]   A_pec_cavity  eps=3e-03  rel_err=3.944e-04  t=2462.2s
[23:37:55.454161]   A_pec_cavity  eps=1e-03  rel_err=1.257e-03  t=2543.8s
[00:21:17.500474]   A_pec_cavity  eps=3e-04  rel_err=4.003e-03  t=2602.0s
[01:05:04.954067]   A_pec_cavity  eps=1e-04  rel_err=1.115e-02  t=2627.5s
[01:49:11.022243]   Best relative error: 1.200e-04  pass=True
[01:49:11.022263]
[01:49:11.022265] --- Case B_cpml_fr4 ---
[02:36:27.493467] + set +x
[02:36:27.698040] + mkdir -p /root
[02:36:27.700045] + cd /root
[02:36:27.700815] + set -euo pipefail
[02:36:27.700843] + cd /root
[02:36:27.700850] + git clone https://github.com/bk-squared/rfx.git
[02:36:27.703117] Cloning into 'rfx'...
[02:36:31.057613] + cd rfx
[02:36:31.057624] + pip install --quiet -e '.[all]'
[02:36:34.947744] WARNING: rfx 1807.8.6 does not provide the extra 'dashboard'
[02:36:34.947850] WARNING: rfx 1807.8.6 does not provide the extra 'dev'
[02:36:34.947852] WARNING: rfx 1807.8.6 does not provide the extra 'optimization'
[02:36:34.947982] WARNING: rfx 1807.8.6 does not provide the extra 'visualization'
[02:36:39.859340] WARNING: Running pip as the 'root' user can result in broken permissions and conflicting behaviour with the system package manager. It is recommended to use a virtual environment instead: https://pip.pypa.io/warnings/venv
[02:36:40.013086] + python -c 'import jax; print('"'"'JAX devices:'"'"', jax.devices())'
[02:36:40.348212] JAX devices: [CudaDevice(id=0)]
[02:36:40.395453] + nvidia-smi
[02:36:40.455981] Thu Apr  9 02:36:40 2026
[02:36:40.455991] +---------------------------------------------------------------------------------------+
[02:36:40.455993] | NVIDIA-SMI 535.288.01             Driver Version: 535.288.01   CUDA Version: 12.2     |
[02:36:40.455994] |-----------------------------------------+----------------------+----------------------+
[02:36:40.455995] | Fan  Temp   Perf          Pwr:Usage/Cap |         Memory-Usage | GPU-Util  Compute M. |
[02:36:40.455995] | GPU  Name                 Persistence-M | Bus-Id        Disp.A | Volatile Uncorr. ECC |
[02:36:40.455996] |                                         |                      |               MIG M. |
[02:36:40.455997] |=========================================+======================+======================|
[02:36:40.476799] |   0  NVIDIA GeForce RTX 4090        Off | 00000000:01:00.0 Off |                  Off |
[02:36:40.476802] |                                         |                      |                  N/A |
[02:36:40.476802] |  0%   50C    P0              30W / 450W |      1MiB / 24564MiB |      5%      Default |
[02:36:40.476803] +-----------------------------------------+----------------------+----------------------+
[02:36:40.476804]
[02:36:40.476805] +---------------------------------------------------------------------------------------+
[02:36:40.476807] | Processes:                                                                            |
[02:36:40.476807] |  GPU   GI   CI        PID   Type   Process name                            GPU Memory |
[02:36:40.476808] |        ID   ID                                                             Usage      |
[02:36:40.476809] |=======================================================================================|
[02:36:40.476916] |  No running processes found                                                           |
[02:36:40.476917] +---------------------------------------------------------------------------------------+
[02:36:40.525210] + mkdir -p /output/ex0
[02:36:40.525874] + cp /root/workspace/bk-workspace/papers/rfx-tap/experiments/ex0_grad_check.py .
[02:36:40.540721] + OUTPUT_DIR=/output/ex0 python ex0_grad_check.py
[02:36:41.305211] Device: DeviceInfo(backend='gpu', gpu_available=True, devices=[{'id': 0, 'kind': 'NVIDIA GeForce RTX 4090', 'platform': 'gpu'}])
[02:36:41.305232]
[02:36:41.305236] === Building simulation cases ===
[02:36:41.520605]
[02:36:41.520627] === FD step-size sweeps ===
[02:36:41.520630]
[02:36:41.520632] --- Case A_pec_cavity ---
[03:14:41.907221]   A_pec_cavity  eps=1e-02  rel_err=1.200e-04  t=2280.4s
[03:55:59.411761]   A_pec_cavity  eps=3e-03  rel_err=3.944e-04  t=2477.5s
[04:38:41.673775]   A_pec_cavity  eps=1e-03  rel_err=1.257e-03  t=2562.3s
[05:22:23.639160]   A_pec_cavity  eps=3e-04  rel_err=4.003e-03  t=2622.0s
[06:06:30.551969]   A_pec_cavity  eps=1e-04  rel_err=1.115e-02  t=2646.9s
[06:50:58.981942]   Best relative error: 1.200e-04  pass=True
[06:50:58.981961]
[06:50:58.981962] --- Case B_cpml_fr4 ---
[07:38:27.250020] + set +x
[07:38:27.528723] + mkdir -p /root
[07:38:27.530797] + cd /root
[07:38:27.531536] + set -euo pipefail
[07:38:27.531565] + cd /root
[07:38:27.531572] + git clone https://github.com/bk-squared/rfx.git
[07:38:27.533788] Cloning into 'rfx'...
[07:38:29.932204] + cd rfx
[07:38:29.932217] + pip install --quiet -e '.[all]'
[07:38:38.623366] WARNING: rfx 1807.8.6 does not provide the extra 'dashboard'
[07:38:38.623394] WARNING: rfx 1807.8.6 does not provide the extra 'dev'
[07:38:38.623504] WARNING: rfx 1807.8.6 does not provide the extra 'optimization'
[07:38:38.623510] WARNING: rfx 1807.8.6 does not provide the extra 'visualization'
[07:38:43.483968] WARNING: Running pip as the 'root' user can result in broken permissions and conflicting behaviour with the system package manager. It is recommended to use a virtual environment instead: https://pip.pypa.io/warnings/venv
[07:38:43.636304] + python -c 'import jax; print('"'"'JAX devices:'"'"', jax.devices())'
[07:38:43.974058] JAX devices: [CudaDevice(id=0)]
[07:38:44.022615] + nvidia-smi
[07:38:44.062126] Thu Apr  9 07:38:44 2026
[07:38:44.062169] +---------------------------------------------------------------------------------------+
[07:38:44.062183] | NVIDIA-SMI 535.288.01             Driver Version: 535.288.01   CUDA Version: 12.2     |
[07:38:44.062192] |-----------------------------------------+----------------------+----------------------+
[07:38:44.062200] | GPU  Name                 Persistence-M | Bus-Id        Disp.A | Volatile Uncorr. ECC |
[07:38:44.062208] | Fan  Temp   Perf          Pwr:Usage/Cap |         Memory-Usage | GPU-Util  Compute M. |
[07:38:44.062217] |                                         |                      |               MIG M. |
[07:38:44.062228] |=========================================+======================+======================|
[07:38:44.082156] |   0  NVIDIA GeForce RTX 4090        Off | 00000000:01:00.0 Off |                  Off |
[07:38:44.082172] |  0%   49C    P0              28W / 450W |      1MiB / 24564MiB |      1%      Default |
[07:38:44.082175] |                                         |                      |                  N/A |
[07:38:44.082177] +-----------------------------------------+----------------------+----------------------+
[07:38:44.082180]
[07:38:44.082182] +---------------------------------------------------------------------------------------+
[07:38:44.082184] | Processes:                                                                            |
[07:38:44.082186] |  GPU   GI   CI        PID   Type   Process name                            GPU Memory |
[07:38:44.082187] |        ID   ID                                                             Usage      |
[07:38:44.082189] |=======================================================================================|
[07:38:44.082191] |  No running processes found                                                           |
[07:38:44.082193] +---------------------------------------------------------------------------------------+
[07:38:44.126297] + mkdir -p /output/ex0
[07:38:44.126949] + cp /root/workspace/bk-workspace/papers/rfx-tap/experiments/ex0_grad_check.py .
[07:38:44.144172] + OUTPUT_DIR=/output/ex0 python ex0_grad_check.py
[07:38:44.888202] Device: DeviceInfo(backend='gpu', gpu_available=True, devices=[{'id': 0, 'kind': 'NVIDIA GeForce RTX 4090', 'platform': 'gpu'}])
[07:38:44.888312]
[07:38:44.888314] === Building simulation cases ===
[07:38:45.099935]
[07:38:45.099952] === FD step-size sweeps ===
[07:38:45.099954]
[07:38:45.099955] --- Case A_pec_cavity ---
[08:16:42.407089]   A_pec_cavity  eps=1e-02  rel_err=1.200e-04  t=2277.3s
[08:57:58.848160]   A_pec_cavity  eps=3e-03  rel_err=3.944e-04  t=2476.4s
[09:40:35.026006]   A_pec_cavity  eps=1e-03  rel_err=1.257e-03  t=2556.2s
[10:24:09.903797]   A_pec_cavity  eps=3e-04  rel_err=4.003e-03  t=2614.9s
[11:08:09.397800]   A_pec_cavity  eps=1e-04  rel_err=1.115e-02  t=2639.5s
[11:52:25.743439]   Best relative error: 1.200e-04  pass=True
[11:52:25.743461]
[11:52:25.743463] --- Case B_cpml_fr4 ---
[12:39:48.716497] + set +x
[12:39:48.926381] + mkdir -p /root
[12:39:48.928459] + cd /root
[12:39:48.929026] + set -euo pipefail
[12:39:48.929071] + cd /root
[12:39:48.929087] + git clone https://github.com/bk-squared/rfx.git
[12:39:48.931289] Cloning into 'rfx'...
[12:39:56.379478] + cd rfx
[12:39:56.379496] + pip install --quiet -e '.[all]'
[12:40:00.201327] WARNING: rfx 1807.8.6 does not provide the extra 'dashboard'
[12:40:00.201349] WARNING: rfx 1807.8.6 does not provide the extra 'dev'
[12:40:00.201352] WARNING: rfx 1807.8.6 does not provide the extra 'optimization'
[12:40:00.201487] WARNING: rfx 1807.8.6 does not provide the extra 'visualization'
[12:40:04.669651] WARNING: Running pip as the 'root' user can result in broken permissions and conflicting behaviour with the system package manager. It is recommended to use a virtual environment instead: https://pip.pypa.io/warnings/venv
[12:40:04.817709] + python -c 'import jax; print('"'"'JAX devices:'"'"', jax.devices())'
[12:40:05.151528] JAX devices: [CudaDevice(id=0)]
[12:40:05.193673] + nvidia-smi
[12:40:05.234244] Thu Apr  9 12:40:05 2026
[12:40:05.234275] +---------------------------------------------------------------------------------------+
[12:40:05.234294] | NVIDIA-SMI 535.288.01             Driver Version: 535.288.01   CUDA Version: 12.2     |
[12:40:05.234305] |-----------------------------------------+----------------------+----------------------+
[12:40:05.234314] | GPU  Name                 Persistence-M | Bus-Id        Disp.A | Volatile Uncorr. ECC |
[12:40:05.234322] | Fan  Temp   Perf          Pwr:Usage/Cap |         Memory-Usage | GPU-Util  Compute M. |
[12:40:05.234330] |                                         |                      |               MIG M. |
[12:40:05.234337] |=========================================+======================+======================|
[12:40:05.254480] |   0  NVIDIA GeForce RTX 4090        Off | 00000000:01:00.0 Off |                  Off |
[12:40:05.254491] |  0%   50C    P0              28W / 450W |      1MiB / 24564MiB |      1%      Default |
[12:40:05.254493] |                                         |                      |                  N/A |
[12:40:05.254495] +-----------------------------------------+----------------------+----------------------+
[12:40:05.254497]
[12:40:05.254499] +---------------------------------------------------------------------------------------+
[12:40:05.254500] | Processes:                                                                            |
[12:40:05.254502] |  GPU   GI   CI        PID   Type   Process name                            GPU Memory |
[12:40:05.254503] |        ID   ID                                                             Usage      |
[12:40:05.254505] |=======================================================================================|
[12:40:05.254506] |  No running processes found                                                           |
[12:40:05.254508] +---------------------------------------------------------------------------------------+
[12:40:05.304969] + mkdir -p /output/ex0
[12:40:05.305607] + cp /root/workspace/bk-workspace/papers/rfx-tap/experiments/ex0_grad_check.py .
[12:40:05.320939] + OUTPUT_DIR=/output/ex0 python ex0_grad_check.py
[12:40:06.016274] Device: DeviceInfo(backend='gpu', gpu_available=True, devices=[{'id': 0, 'kind': 'NVIDIA GeForce RTX 4090', 'platform': 'gpu'}])
[12:40:06.016291]
[12:40:06.016294] === Building simulation cases ===
[12:40:06.225557]
[12:40:06.225580] === FD step-size sweeps ===
[12:40:06.225582]
[12:40:06.225584] --- Case A_pec_cavity ---
[13:18:04.639905]   A_pec_cavity  eps=1e-02  rel_err=1.200e-04  t=2278.4s
[13:59:19.076410]   A_pec_cavity  eps=3e-03  rel_err=3.944e-04  t=2474.4s
[14:41:55.847967]   A_pec_cavity  eps=1e-03  rel_err=1.257e-03  t=2556.8s
[15:25:26.766945]   A_pec_cavity  eps=3e-04  rel_err=4.003e-03  t=2610.9s
[16:09:25.518581]   A_pec_cavity  eps=1e-04  rel_err=1.115e-02  t=2638.8s
[16:53:41.563293]   Best relative error: 1.200e-04  pass=True
[16:53:41.563316]
[16:53:41.563318] --- Case B_cpml_fr4 ---
[17:41:01.434942] + set +x
[17:41:01.647891] + mkdir -p /root
[17:41:01.649817] + cd /root
[17:41:01.650609] + set -euo pipefail
[17:41:01.650614] + cd /root
[17:41:01.650623] + git clone https://github.com/bk-squared/rfx.git
[17:41:01.652885] Cloning into 'rfx'...
[17:41:04.996911] + cd rfx
[17:41:04.996922] + pip install --quiet -e '.[all]'
[17:41:10.310442] WARNING: rfx 1807.8.6 does not provide the extra 'dashboard'
[17:41:10.310463] WARNING: rfx 1807.8.6 does not provide the extra 'dev'
[17:41:10.310584] WARNING: rfx 1807.8.6 does not provide the extra 'optimization'
[17:41:10.310590] WARNING: rfx 1807.8.6 does not provide the extra 'visualization'
[17:41:14.845232] WARNING: Running pip as the 'root' user can result in broken permissions and conflicting behaviour with the system package manager. It is recommended to use a virtual environment instead: https://pip.pypa.io/warnings/venv
[17:41:14.998225] + python -c 'import jax; print('"'"'JAX devices:'"'"', jax.devices())'
[17:41:15.337785] JAX devices: [CudaDevice(id=0)]
[17:41:15.385259] + nvidia-smi
[17:41:15.420270] Thu Apr  9 17:41:15 2026
[17:41:15.420315] +---------------------------------------------------------------------------------------+
[17:41:15.420332] | NVIDIA-SMI 535.288.01             Driver Version: 535.288.01   CUDA Version: 12.2     |
[17:41:15.420340] |-----------------------------------------+----------------------+----------------------+
[17:41:15.420347] | GPU  Name                 Persistence-M | Bus-Id        Disp.A | Volatile Uncorr. ECC |
[17:41:15.420353] | Fan  Temp   Perf          Pwr:Usage/Cap |         Memory-Usage | GPU-Util  Compute M. |
[17:41:15.420359] |                                         |                      |               MIG M. |
[17:41:15.420365] |=========================================+======================+======================|
[17:41:15.437257] |   0  NVIDIA GeForce RTX 4090        Off | 00000000:01:00.0 Off |                  Off |
[17:41:15.437272] |  0%   49C    P0              27W / 450W |      1MiB / 24564MiB |      1%      Default |
[17:41:15.437275] |                                         |                      |                  N/A |
[17:41:15.437276] +-----------------------------------------+----------------------+----------------------+
[17:41:15.437278]
[17:41:15.437279] +---------------------------------------------------------------------------------------+
[17:41:15.437280] | Processes:                                                                            |
[17:41:15.437282] |  GPU   GI   CI        PID   Type   Process name                            GPU Memory |
[17:41:15.437284] |        ID   ID                                                             Usage      |
[17:41:15.437285] |=======================================================================================|
[17:41:15.437286] |  No running processes found                                                           |
[17:41:15.437288] +---------------------------------------------------------------------------------------+
[17:41:15.480206] + mkdir -p /output/ex0
[17:41:15.480899] + cp /root/workspace/bk-workspace/papers/rfx-tap/experiments/ex0_grad_check.py .
[17:41:15.498034] + OUTPUT_DIR=/output/ex0 python ex0_grad_check.py
[17:41:16.237974] Device: DeviceInfo(backend='gpu', gpu_available=True, devices=[{'id': 0, 'kind': 'NVIDIA GeForce RTX 4090', 'platform': 'gpu'}])
[17:41:16.237998]
[17:41:16.238002] === Building simulation cases ===
[17:41:16.456259]
[17:41:16.456278] === FD step-size sweeps ===
[17:41:16.456279]
[17:41:16.456280] --- Case A_pec_cavity ---
[18:19:13.297193]   A_pec_cavity  eps=1e-02  rel_err=1.200e-04  t=2276.8s
[19:00:26.885777]   A_pec_cavity  eps=3e-03  rel_err=3.944e-04  t=2473.6s
[19:43:03.330350]   A_pec_cavity  eps=1e-03  rel_err=1.257e-03  t=2556.4s
[20:26:34.872389]   A_pec_cavity  eps=3e-04  rel_err=4.003e-03  t=2611.5s
[21:10:31.460694]   A_pec_cavity  eps=1e-04  rel_err=1.115e-02  t=2636.6s
[21:54:45.552502]   Best relative error: 1.200e-04  pass=True
[21:54:45.552523]
[21:54:45.552524] --- Case B_cpml_fr4 ---
[22:42:06.022497] + set +x
[22:42:06.257660] + mkdir -p /root
[22:42:06.259631] + cd /root
[22:42:06.260262] + set -euo pipefail
[22:42:06.260292] + cd /root
[22:42:06.260301] + git clone https://github.com/bk-squared/rfx.git
[22:42:06.262455] Cloning into 'rfx'...
[22:42:08.535167] + cd rfx
[22:42:08.535182] + pip install --quiet -e '.[all]'
[22:42:12.670375] WARNING: rfx 1807.8.6 does not provide the extra 'dashboard'
[22:42:12.670396] WARNING: rfx 1807.8.6 does not provide the extra 'dev'
[22:42:12.670397] WARNING: rfx 1807.8.6 does not provide the extra 'optimization'
[22:42:12.670643] WARNING: rfx 1807.8.6 does not provide the extra 'visualization'
[22:42:17.626336] WARNING: Running pip as the 'root' user can result in broken permissions and conflicting behaviour with the system package manager. It is recommended to use a virtual environment instead: https://pip.pypa.io/warnings/venv
[22:42:17.784277] + python -c 'import jax; print('"'"'JAX devices:'"'"', jax.devices())'
[22:42:18.155849] JAX devices: [CudaDevice(id=0)]
[22:42:18.198076] + nvidia-smi
[22:42:18.257047] Thu Apr  9 22:42:18 2026
[22:42:18.257061] +---------------------------------------------------------------------------------------+
[22:42:18.257069] | NVIDIA-SMI 535.288.01             Driver Version: 535.288.01   CUDA Version: 12.2     |
[22:42:18.257075] |-----------------------------------------+----------------------+----------------------+
[22:42:18.257081] | GPU  Name                 Persistence-M | Bus-Id        Disp.A | Volatile Uncorr. ECC |
[22:42:18.257098] | Fan  Temp   Perf          Pwr:Usage/Cap |         Memory-Usage | GPU-Util  Compute M. |
[22:42:18.257106] |                                         |                      |               MIG M. |
[22:42:18.257113] |=========================================+======================+======================|
[22:42:18.276222] |   0  NVIDIA GeForce RTX 4090        Off | 00000000:01:00.0 Off |                  Off |
[22:42:18.276229] |  0%   50C    P0              29W / 450W |      1MiB / 24564MiB |      0%      Default |
[22:42:18.276230] +-----------------------------------------+----------------------+----------------------+
[22:42:18.276230] |                                         |                      |                  N/A |
[22:42:18.276232] +---------------------------------------------------------------------------------------+
[22:42:18.276232]
[22:42:18.276235] | Processes:                                                                            |
[22:42:18.276236] |  GPU   GI   CI        PID   Type   Process name                            GPU Memory |
[22:42:18.276237] |        ID   ID                                                             Usage      |
[22:42:18.276238] |=======================================================================================|
[22:42:18.276323] |  No running processes found                                                           |
[22:42:18.276336] +---------------------------------------------------------------------------------------+
[22:42:18.319166] + mkdir -p /output/ex0
[22:42:18.319659] + cp /root/workspace/bk-workspace/papers/rfx-tap/experiments/ex0_grad_check.py .
[22:42:18.335045] + OUTPUT_DIR=/output/ex0 python ex0_grad_check.py
[22:42:19.046762] Device: DeviceInfo(backend='gpu', gpu_available=True, devices=[{'id': 0, 'kind': 'NVIDIA GeForce RTX 4090', 'platform': 'gpu'}])
[22:42:19.046778]
[22:42:19.046780] === Building simulation cases ===
[22:42:19.258583]
[22:42:19.258605] === FD step-size sweeps ===
[22:42:19.258606]
[22:42:19.258607] --- Case A_pec_cavity ---
[23:20:10.545161]   A_pec_cavity  eps=1e-02  rel_err=1.200e-04  t=2271.3s
[00:01:21.091861]   A_pec_cavity  eps=3e-03  rel_err=3.944e-04  t=2470.5s
[00:43:53.289866]   A_pec_cavity  eps=1e-03  rel_err=1.257e-03  t=2552.2s
[01:27:20.497584]   A_pec_cavity  eps=3e-04  rel_err=4.003e-03  t=2607.2s
[02:05:01.851103] workload request to be terminated
[02:05:01.851203] Workload status changed to waitToBeKilled
[02:05:03.000000] Stopping container vops-sidecar
[02:05:03.000000] Stopping container run-sidecar
[02:05:03.000000] Stopping container run-exec
[02:05:03.000000] Terminating VESSL Workload...
[02:05:03.000000] Stopping container ttyd-sidecar
[02:05:03.000000] Stopping container fluentbit
[02:05:03.071785] workload terminated
[02:05:03.071885] Workload status changed to terminated
