Organization: remilab
Project: byungkwan
[02:10:01.867738] workload awaiting to start
[02:10:01.867839] Workload status changed to pending
[02:10:06.005764] Event Reason: FailedScheduling, Event Note: 0/13 nodes are available: pod has unbound immediate PersistentVolumeClaims. preemption: 0/13 nodes are available: 13 Preemption is not helpful for scheduling.
[02:10:06.005764] Workload is in queue for scheduling. Please wait...
[02:10:13.082563] VESSL Workload assigned successfully. Starting soon.
[02:10:14.000000] Creating VESSL Workload...
[02:10:14.000000] Created container run-exec
[02:10:14.000000] Container image "quay.io/vessl-ai/kernels-toolbox:0.1.188" already present on machine
[02:10:14.000000] Created container vops-init
[02:10:14.000000] Started container vops-init
[02:10:14.000000] Container image "nvcr.io/nvidia/jax:24.04-py3" already present on machine
[02:10:14.001000] Container image "nvcr.io/nvidia/jax:24.04-py3" already present on machine
[02:10:15.000000] Started container run-sidecar
[02:10:15.000000] Created container vops-sidecar
[02:10:15.000000] Starting VESSL Workload...
[02:10:15.000000] Started container vops-sidecar
[02:10:15.000000] Container image "quay.io/vessl-ai/kernels-toolbox:0.1.188" already present on machine
[02:10:15.000000] Started container run-exec
[02:10:15.000000] Started container fluentbit
[02:10:15.000000] Created container fluentbit
[02:10:15.000000] Started container ttyd-sidecar
[02:10:15.000000] Container image "quay.io/vessl-ai/fluent-bit:2.1.6" already present on machine
[02:10:15.000000] Container image "quay.io/vessl-ai/sidecar:v0.0.3" already present on machine
[02:10:15.000000] Created container run-sidecar
[02:10:15.786612] Installing VESSL CLI...
[02:10:16.495441] workload reported alive as pod run-execution-71rqi0qus3vp-0
[02:10:16.495542] Workload status changed to initializing
[02:10:17.583616] + set +x
[02:10:25.656180] vessl, version 0.1.199
[02:10:27.751667] workload reported alive as pod run-execution-71rqi0qus3vp-0
[02:10:27.751767] Workload status changed to running
[02:10:27.842328] + mkdir -p /root
[02:10:27.844183] + cd /root
[02:10:27.844503] + cd /root/workspace/byungkwan-workspace/research/rfx
[02:10:27.849741] + pip install -q -e .
[02:10:39.463608] WARNING: Running pip as the 'root' user can result in broken permissions and conflicting behaviour with the system package manager. It is recommended to use a virtual environment instead: https://pip.pypa.io/warnings/venv
[02:10:39.721679] + python -c 'import jax; print(f'"'"'Backend: {jax.default_backend()}'"'"')'
[02:10:40.869037] Backend: gpu
[02:10:41.022961] + python examples/09_patch_fixed.py
[02:10:42.317457] Design: L=29.4mm, W=38.0mm, f0=2.400GHz, lambda=125mm
[02:10:42.317570] Grid: (209, 227, 91), dx=0.5mm, cpml=12
[02:10:42.317593] h/dx=3.2 cells, margin=31mm (0.25*lambda)
[02:10:42.317623] n_steps=10491, T_sim=10.0ns, dt=9.533e-13s
[02:10:42.317645] Running...
[02:20:45.405253]
[02:20:45.405290] === Results ===
[02:20:45.405295] Resonance PEAK: 1.362 GHz (design: 2.400 GHz)
[02:20:45.405298] Error: 43.2%
[02:20:45.405307] Max|Ez|: 1.070e+01
[02:20:45.405315] NaN: False
[02:20:45.664181]
[02:20:45.664219] Top spectral peaks:
[02:20:45.664227]   1. 1.362 GHz (amp=3.30e+03)
[02:20:46.217073] workload reported done
[02:20:46.217173] Workload status changed to stopping
[02:20:52.006768] + set +x
[02:20:57.050225] workload reported done
[02:20:57.050326] Workload status changed to waitToBeKilled
[02:21:00.000000] Stopping container vops-sidecar
[02:21:00.000000] Stopping container run-sidecar
[02:21:00.000000] Stopping container run-exec
[02:21:00.000000] Terminating VESSL Workload...
[02:21:00.000000] Stopping container ttyd-sidecar
[02:21:00.087652] workload completed
[02:21:00.087752] Workload status changed to completed
