Organization: remilab
Project: byungkwan
[13:26:15.953301] workload awaiting to start
[13:26:15.953401] Workload status changed to pending
[13:26:20.890986] Event Reason: FailedScheduling, Event Note: 0/13 nodes are available: pod has unbound immediate PersistentVolumeClaims. preemption: 0/13 nodes are available: 13 Preemption is not helpful for scheduling.
[13:26:20.890986] Workload is in queue for scheduling. Please wait...
[13:26:27.328929] Event Reason: FailedScheduling, Event Note: 0/13 nodes are available: pod has unbound immediate PersistentVolumeClaims. preemption: 0/13 nodes are available: 13 Preemption is not helpful for scheduling.
[13:26:27.328929] Workload is in queue for scheduling. Please wait...
[13:26:29.530501] VESSL Workload assigned successfully. Starting soon.
[13:26:30.000000] Container image "quay.io/vessl-ai/kernels-toolbox:0.1.188" already present on machine
[13:26:30.000000] Created container vops-init
[13:26:30.000000] Started container vops-init
[13:26:31.000000] Started container run-sidecar
[13:26:31.000000] Creating VESSL Workload...
[13:26:31.000000] Created container vops-sidecar
[13:26:31.000000] Created container ttyd-sidecar
[13:26:31.000000] Starting VESSL Workload...
[13:26:31.000000] Created container run-exec
[13:26:31.000000] Container image "quay.io/vessl-ai/kernels-toolbox:0.1.188" already present on machine
[13:26:31.000000] Started container run-exec
[13:26:31.000000] Started container fluentbit
[13:26:31.000000] Created container fluentbit
[13:26:31.000000] Container image "nvcr.io/nvidia/jax:24.10-py3" already present on machine
[13:26:31.000000] Started container ttyd-sidecar
[13:26:31.000000] Container image "quay.io/vessl-ai/fluent-bit:2.1.6" already present on machine
[13:26:31.000000] Container image "quay.io/vessl-ai/sidecar:v0.0.3" already present on machine
[13:26:31.000000] Created container run-sidecar
[13:26:31.001000] Container image "nvcr.io/nvidia/jax:24.10-py3" already present on machine
[13:26:32.000000] Started container vops-sidecar
[13:26:32.011521] Installing VESSL CLI...
[13:26:32.652987] workload reported alive as pod run-execution-w6fxedxatpvs-0
[13:26:32.653087] Workload status changed to initializing
[13:26:33.776826] + set +x
[13:26:37.228255] vessl, version 0.1.199
[13:26:38.901218] workload reported alive as pod run-execution-w6fxedxatpvs-0
[13:26:38.901318] Workload status changed to running
[13:26:39.266433] + mkdir -p /root
[13:26:39.268315] + cd /root
[13:26:39.268763] + set -euo pipefail
[13:26:39.268793] + cd /root
[13:26:39.268801] + git clone https://github.com/bk-squared/rfx.git
[13:26:39.270852] Cloning into 'rfx'...
[13:26:41.667819] + cd rfx
[13:26:41.667834] + pip install --quiet -e '.[all]'
[13:26:45.022913] WARNING: rfx 1807.8.6 does not provide the extra 'dashboard'
[13:26:45.022942] WARNING: rfx 1807.8.6 does not provide the extra 'dev'
[13:26:45.023060] WARNING: rfx 1807.8.6 does not provide the extra 'optimization'
[13:26:45.023075] WARNING: rfx 1807.8.6 does not provide the extra 'visualization'
[13:26:50.332234] WARNING: Running pip as the 'root' user can result in broken permissions and conflicting behaviour with the system package manager. It is recommended to use a virtual environment instead: https://pip.pypa.io/warnings/venv
[13:26:50.530956] + pip install --quiet scipy
[13:26:50.993153] + python -c 'import jax; print('"'"'JAX:'"'"', jax.devices()); import rfx; print('"'"'rfx'"'"', rfx.__version__)'
[13:26:51.253989] JAX: [CudaDevice(id=0)]
[13:26:51.584383] rfx 1.4.0
[13:26:51.670090] + mkdir -p /output/ex3
[13:26:51.670663] + cp /root/workspace/bk-workspace/papers/rfx-tap/experiments/ex3_flagship.py .
[13:26:51.681470] + OUTPUT_DIR=/output/ex3 python ex3_flagship.py
[13:26:52.217246] Device: DeviceInfo(backend='gpu', gpu_available=True, devices=[{'id': 0, 'kind': 'NVIDIA GeForce RTX 4090', 'platform': 'gpu'}])
[13:26:52.217268] WR-90: 22.9x10.2mm, f0=10GHz
[13:26:52.217269] dx=2.0mm, domain=90x90x150mm
[13:26:52.217270] N_STEPS: full=3148, opt=500
[13:26:52.217392] Design region: 23x10x10mm plug at aperture
[13:26:52.217403] eps range: 1.0 - 12.0
[13:26:52.217405]
[13:26:52.217407] === NTFF sanity check ===
[13:26:52.217511] /root/rfx/ex3_flagship.py:205: UserWarning: 'pec' y-extent 2.00mm = 1.0 cells — under-resolved (< 3 cells). Consider finer mesh for accurate results.
[13:26:52.217521]   result_check = sim.run(n_steps=N_STEPS_FULL)
[13:26:52.217524] /root/rfx/ex3_flagship.py:205: UserWarning: 'pec' x-extent 2.00mm = 1.0 cells — under-resolved (< 3 cells). Consider finer mesh for accurate results.
[13:26:52.217526]   result_check = sim.run(n_steps=N_STEPS_FULL)
[13:26:52.217527] /root/rfx/ex3_flagship.py:205: UserWarning: 'pec' z-extent 2.00mm = 1.0 cells — below 1 cell resolution. Use add_thin_conductor() for sub-cell PEC sheet.
[13:26:52.217529]   result_check = sim.run(n_steps=N_STEPS_FULL)
[13:26:56.234896]   Peak theta=148deg, D=9.35 (9.7 dBi)
[13:26:56.234921]
[13:26:56.234924] === Multi-objective directivity optimization (Adam) ===
[13:26:56.398428]   optimize: n_steps=500, grid=(62, 62, 92) (0.4M cells)
[13:27:20.485100] 2026-04-08 13:27:20.484918: E external/xla/xla/service/hlo_lexer.cc:438] Failed to parse int literal: 95917698225823900304
[13:27:23.287571]   iter    0  loss = 9.616758e+00
[13:31:22.436993]   iter   10  loss = 9.460868e+00
[13:35:24.698287]   iter   20  loss = 9.381130e+00
[13:39:26.716262]   iter   30  loss = 9.327593e+00
[13:43:29.591875]   iter   40  loss = 9.279179e+00
[13:47:32.050183]   iter   50  loss = 9.241604e+00
[13:51:11.046607]   iter   59  loss = 9.211336e+00
[13:51:11.114511] Adam: 60 iters in 1454.9s
[13:51:11.122532]
[13:51:11.122537] === DE baseline (wall-clock budget: 1455s) ===
[14:57:34.620206] E0408 14:57:34.620087     369 pjrt_stream_executor_client.cc:3067] Execution of replica 0 failed: RESOURCE_EXHAUSTED: Failed to get module function: CUDA_ERROR_OUT_OF_MEMORY: out of memory
[14:57:34.623184]   DE run error: RESOURCE_EXHAUSTED: Failed to get module function: CUDA_ERROR_OUT_OF_MEMORY: out of memory
[14:57:34.623188] DE: 1726 evals in 3983.5s
[14:57:34.623189]
[14:57:34.623190] === Post-optimization full forward pass (dx=2mm, multi-freq) ===
[14:57:34.763640] E0408 14:57:34.763567     369 pjrt_stream_executor_client.cc:3067] Execution of replica 0 failed: RESOURCE_EXHAUSTED: Failed to get module function: CUDA_ERROR_OUT_OF_MEMORY: out of memory
[14:57:34.765906] jax.errors.SimplifiedTraceback: For simplicity, JAX has removed its internal frames from the traceback of the following exception. Set JAX_TRACEBACK_FILTERING=off to include these.
[14:57:34.765908]
[14:57:34.765909] The above exception was the direct cause of the following exception:
[14:57:34.765910]
[14:57:34.765913] Traceback (most recent call last):
[14:57:34.765914]   File "/root/rfx/ex3_flagship.py", line 317, in <module>
[14:57:34.766097]     result_opt_raw = sim_eval.forward(
[14:57:34.766099]   File "/root/rfx/rfx/api.py", line 2725, in forward
[14:57:34.766296]     return self._forward_from_materials(
[14:57:34.766297]   File "/root/rfx/rfx/api.py", line 2641, in _forward_from_materials
[14:57:34.766463]     result = _run(
[14:57:34.766464]   File "/root/rfx/rfx/simulation.py", line 577, in run
[14:57:34.766562]     carry_init["ntff"] = init_ntff_data(ntff)
[14:57:34.766563]   File "/root/rfx/rfx/farfield.py", line 129, in init_ntff_data
[14:57:34.766564]     x_lo=_z((nf, nj, nk, 4)), x_hi=_z((nf, nj, nk, 4)),
[14:57:34.766565]   File "/root/rfx/rfx/farfield.py", line 127, in <lambda>
[14:57:34.766566]     _z = lambda shape: jnp.zeros(shape, dtype=_cdtype)
[14:57:34.766567]   File "/opt/jax/jax/_src/numpy/lax_numpy.py", line 4573, in zeros
[14:57:34.766788]     return lax.full(shape, 0, _jnp_dtype(dtype), sharding=_normalize_to_sharding(device))
[14:57:34.766789]   File "/opt/jax/jax/_src/lax/lax.py", line 1296, in full
[14:57:34.766881]     return broadcast(fill_value, shape)
[14:57:34.766883]   File "/opt/jax/jax/_src/lax/lax.py", line 826, in broadcast
[14:57:34.766884]     return broadcast_in_dim(operand, tuple(sizes) + np.shape(operand), dims)
[14:57:34.766886]   File "/opt/jax/jax/_src/lax/lax.py", line 855, in broadcast_in_dim
[14:57:34.766978]     return broadcast_in_dim_p.bind(
[14:57:34.766979]   File "/opt/jax/jax/_src/core.py", line 439, in bind
[14:57:34.766980]     return self.bind_with_trace(find_top_trace(args), args, params)
[14:57:34.766981]   File "/opt/jax/jax/_src/core.py", line 443, in bind_with_trace
[14:57:34.766982]     out = trace.process_primitive(self, map(trace.full_raise, args), params)
[14:57:34.766983]   File "/opt/jax/jax/_src/core.py", line 949, in process_primitive
[14:57:34.767021]     return primitive.impl(*tracers, **params)
[14:57:34.767022]   File "/opt/jax/jax/_src/dispatch.py", line 88, in apply_primitive
[14:57:34.767038]     outs = fun(*args)
[14:57:34.767040] jaxlib.xla_extension.XlaRuntimeError: RESOURCE_EXHAUSTED: Failed to get module function: CUDA_ERROR_OUT_OF_MEMORY: out of memory
[14:58:12.487686] workload reported done
[14:58:12.487786] Workload status changed to stopping
[14:58:16.051386] workload reported done
[14:58:16.051486] Workload status changed to waitToBeKilled
[14:58:18.000000] Stopping container vops-sidecar
[14:58:18.000000] Stopping container run-sidecar
[14:58:18.000000] Stopping container run-exec
[14:58:18.000000] Terminating VESSL Workload...
[14:58:18.000000] Stopping container ttyd-sidecar
[14:58:18.000000] Stopping container fluentbit
[14:58:18.128888] workload failed
[14:58:18.128988] Workload status changed to failed
