Organization: remilab
Project: byungkwan
[14:17:01.282461] workload awaiting to start
[14:17:01.282561] Workload status changed to pending
[14:17:11.333158] Event Reason: FailedScheduling, Event Note: 0/13 nodes are available: pod has unbound immediate PersistentVolumeClaims. preemption: 0/13 nodes are available: 13 Preemption is not helpful for scheduling.
[14:17:11.333158] Workload is in queue for scheduling. Please wait...
[14:17:14.765714] Event Reason: FailedScheduling, Event Note: 0/13 nodes are available: pod has unbound immediate PersistentVolumeClaims. preemption: 0/13 nodes are available: 13 Preemption is not helpful for scheduling.
[14:17:14.765714] Workload is in queue for scheduling. Please wait...
[14:17:17.201610] Event Reason: FailedScheduling, Event Note: 0/13 nodes are available: pod has unbound immediate PersistentVolumeClaims. preemption: 0/13 nodes are available: 13 Preemption is not helpful for scheduling.
[14:17:17.201610] Workload is in queue for scheduling. Please wait...
[14:17:21.203772] Event Reason: FailedScheduling, Event Note: 0/13 nodes are available: pod has unbound immediate PersistentVolumeClaims. preemption: 0/13 nodes are available: 13 Preemption is not helpful for scheduling.
[14:17:21.203772] Workload is in queue for scheduling. Please wait...
[14:17:29.000000] Container image "quay.io/vessl-ai/kernels-toolbox:0.1.188" already present on machine
[14:17:29.226173] VESSL Workload assigned successfully. Starting soon.
[14:17:30.000000] Created container vops-init
[14:17:30.000000] Started container vops-init
[14:17:31.000000] Pulling image "nvcr.io/nvidia/jax:24.10-py3"
[14:17:31.001000] Pulling image "nvcr.io/nvidia/jax:24.10-py3"
[14:19:35.000000] Creating VESSL Workload...
[14:19:35.000000] Starting VESSL Workload...
[14:19:35.000000] Created container run-exec
[14:19:35.000000] Started container run-exec
[14:19:35.000000] Successfully pulled image "nvcr.io/nvidia/jax:24.10-py3" in 2m4.572s (2m4.572s including waiting)
[14:19:35.000000] Created container run-sidecar
[14:19:35.001000] Successfully pulled image "nvcr.io/nvidia/jax:24.10-py3" in 2m4.572s (2m4.572s including waiting)
[14:19:36.000000] Started container run-sidecar
[14:19:36.000000] Created container vops-sidecar
[14:19:36.000000] Created container ttyd-sidecar
[14:19:36.000000] Started container vops-sidecar
[14:19:36.000000] Container image "quay.io/vessl-ai/kernels-toolbox:0.1.188" already present on machine
[14:19:36.000000] Started container fluentbit
[14:19:36.452067] Installing VESSL CLI...
[14:19:37.271823] workload reported alive as pod run-execution-abjax2bm8mpg-0
[14:19:37.271923] Workload status changed to initializing
[14:19:38.378901] + set +x
[14:19:43.237147] vessl, version 0.1.199
[14:19:43.540213] workload reported alive as pod run-execution-abjax2bm8mpg-0
[14:19:43.540313] Workload status changed to running
[14:19:43.687509] + mkdir -p /root
[14:19:43.689443] + cd /root
[14:19:43.690274] + set -euo pipefail
[14:19:43.690291] + cd /root
[14:19:43.690302] + git clone https://github.com/BK3536/rfx.git
[14:19:43.692585] Cloning into 'rfx'...
[14:19:45.779733] + cd rfx
[14:19:45.779748] + pip install --quiet -e '.[all]'
[14:19:48.793801] WARNING: rfx 1807.8.6 does not provide the extra 'dashboard'
[14:19:48.793835] WARNING: rfx 1807.8.6 does not provide the extra 'dev'
[14:19:48.793916] WARNING: rfx 1807.8.6 does not provide the extra 'optimization'
[14:19:48.793919] WARNING: rfx 1807.8.6 does not provide the extra 'visualization'
[14:19:53.431999] WARNING: Running pip as the 'root' user can result in broken permissions and conflicting behaviour with the system package manager. It is recommended to use a virtual environment instead: https://pip.pypa.io/warnings/venv
[14:19:53.633998] + python -c 'import jax; print('"'"'JAX devices:'"'"', jax.devices())'
[14:19:53.932809] JAX devices: [CudaDevice(id=0)]
[14:19:53.981977] + nvidia-smi
[14:19:54.025084] Sat Apr  4 14:19:54 2026
[14:19:54.025131] +---------------------------------------------------------------------------------------+
[14:19:54.025149] | NVIDIA-SMI 535.288.01             Driver Version: 535.288.01   CUDA Version: 12.2     |
[14:19:54.025160] |-----------------------------------------+----------------------+----------------------+
[14:19:54.025168] | GPU  Name                 Persistence-M | Bus-Id        Disp.A | Volatile Uncorr. ECC |
[14:19:54.025175] | Fan  Temp   Perf          Pwr:Usage/Cap |         Memory-Usage | GPU-Util  Compute M. |
[14:19:54.025182] |                                         |                      |               MIG M. |
[14:19:54.025189] |=========================================+======================+======================|
[14:19:54.046579] |   0  NVIDIA GeForce RTX 4090        Off | 00000000:01:00.0 Off |                  Off |
[14:19:54.046594] |  0%   32C    P0              22W / 450W |      1MiB / 24564MiB |      1%      Default |
[14:19:54.046597] |                                         |                      |                  N/A |
[14:19:54.046599] +-----------------------------------------+----------------------+----------------------+
[14:19:54.046601]
[14:19:54.046603] +---------------------------------------------------------------------------------------+
[14:19:54.046605] | Processes:                                                                            |
[14:19:54.046607] |  GPU   GI   CI        PID   Type   Process name                            GPU Memory |
[14:19:54.046609] |        ID   ID                                                             Usage      |
[14:19:54.046611] |=======================================================================================|
[14:19:54.046613] |  No running processes found                                                           |
[14:19:54.046614] +---------------------------------------------------------------------------------------+
[14:19:54.090072] + mkdir -p /output/ex3
[14:19:54.090894] + cp /root/workspace/bk-workspace/papers/rfx-tap/experiments/ex3_farfield_shaping.py .
[14:19:54.115677] + OUTPUT_DIR=/output/ex3 python ex3_farfield_shaping.py
[14:19:54.736659] Device: DeviceInfo(backend='gpu', gpu_available=True, devices=[{'id': 0, 'kind': 'NVIDIA GeForce RTX 4090', 'platform': 'gpu'}])
[14:19:54.736677]
[14:19:54.736678] === Far-field pattern shaping optimization ===
[14:19:54.736679] Target: steer main beam to theta=30.0 deg
[14:19:54.736680]
[14:19:54.736681] --- Optimizing left parasitic region ---
[14:20:02.511399]   iter    0  loss = 0.000000e+00
[14:21:04.326221]   iter   10  loss = 0.000000e+00
[14:22:06.684433]   iter   20  loss = 0.000000e+00
[14:23:09.451884]   iter   30  loss = 0.000000e+00
[14:24:05.659061]   iter   39  loss = 0.000000e+00
[14:24:05.700150]
[14:24:05.700161] --- Optimizing right parasitic region ---
[14:24:11.823214]   iter    0  loss = 0.000000e+00
[14:25:14.417291]   iter   10  loss = 0.000000e+00
[14:26:18.235394]   iter   20  loss = 0.000000e+00
[14:27:20.672327]   iter   30  loss = 0.000000e+00
[14:28:17.127826]   iter   39  loss = 0.000000e+00
[14:28:17.128042]
[14:28:17.128055] === Computing final radiation patterns ===
[14:29:17.401432] Traceback (most recent call last):
[14:29:17.401449]   File "/root/rfx/ex3_farfield_shaping.py", line 166, in <module>
[14:29:17.401453]     ff_final = compute_far_field(
[14:29:17.401454] TypeError: compute_far_field() got an unexpected keyword argument 'freqs'
[14:29:21.785278] workload reported done
[14:29:21.785378] Workload status changed to stopping
[14:29:31.798582] workload reported done
[14:29:31.798682] Workload status changed to waitToBeKilled
[14:29:33.000000] Stopping container run-sidecar
[14:29:33.000000] Stopping container run-exec
[14:29:33.000000] Terminating VESSL Workload...
[14:29:33.000000] Stopping container ttyd-sidecar
[14:29:33.000000] Stopping container fluentbit
[14:29:33.052599] workload failed
[14:29:33.052699] Workload status changed to failed
