Organization: remilab
Project: byungkwan
[15:25:44.019027] workload awaiting to start
[15:25:44.019128] Workload status changed to pending
[15:25:47.997293] Event Reason: FailedScheduling, Event Note: 0/13 nodes are available: pod has unbound immediate PersistentVolumeClaims. preemption: 0/13 nodes are available: 13 Preemption is not helpful for scheduling.
[15:25:47.997293] Workload is in queue for scheduling. Please wait...
[15:25:49.314269] VESSL Workload assigned successfully. Starting soon.
[15:25:50.000000] Container image "quay.io/vessl-ai/kernels-toolbox:0.1.188" already present on machine
[15:25:50.000000] Created container vops-init
[15:25:50.000000] Started container vops-init
[15:25:51.000000] Creating VESSL Workload...
[15:25:51.000000] Created container run-exec
[15:25:51.000000] Container image "nvcr.io/nvidia/jax:24.10-py3" already present on machine
[15:25:51.001000] Container image "nvcr.io/nvidia/jax:24.10-py3" already present on machine
[15:25:52.000000] Started container run-sidecar
[15:25:52.000000] Created container vops-sidecar
[15:25:52.000000] Created container ttyd-sidecar
[15:25:52.000000] Started container vops-sidecar
[15:25:52.000000] Container image "quay.io/vessl-ai/kernels-toolbox:0.1.188" already present on machine
[15:25:52.000000] Started container run-exec
[15:25:52.000000] Started container ttyd-sidecar
[15:25:52.000000] Container image "quay.io/vessl-ai/fluent-bit:2.1.6" already present on machine
[15:25:52.000000] Created container run-sidecar
[15:25:52.587072] Installing VESSL CLI...
[15:25:53.219760] workload reported alive as pod run-execution-1x0ybunkfjol-0
[15:25:53.219860] Workload status changed to initializing
[15:25:54.302999] + set +x
[15:25:57.535224] vessl, version 0.1.199
[15:25:59.433886] workload reported alive as pod run-execution-1x0ybunkfjol-0
[15:25:59.433986] Workload status changed to running
[15:25:59.523973] + mkdir -p /root
[15:25:59.525931] + cd /root
[15:25:59.526583] + cd /root/workspace/byungkwan-workspace/research/rfx
[15:25:59.542375] + git config --global --add safe.directory /root/workspace/byungkwan-workspace/research/rfx
[15:25:59.568837] + git pull --ff-only origin main
[15:26:00.749073] From https://github.com/BK3536/rfx
[15:26:00.749106]  * branch            main       -> FETCH_HEAD
[15:26:00.849309] Already up to date.
[15:26:00.850291] + pip install -q -e '.[dev]'
[15:26:09.431765] WARNING: Running pip as the 'root' user can result in broken permissions and conflicting behaviour with the system package manager. It is recommended to use a virtual environment instead: https://pip.pypa.io/warnings/venv
[15:26:09.597858] ==== GRADIENT TESTS ====
[15:26:09.597894] + echo '==== GRADIENT TESTS ===='
[15:26:09.597897] + pytest tests/test_gradient_simple.py -v -s '--tb=short'
[15:26:09.756983] ============================= test session starts ==============================
[15:26:09.757012] platform linux -- Python 3.10.12, pytest-9.0.2, pluggy-1.6.0 -- /usr/bin/python3
[15:26:09.759282] cachedir: .pytest_cache
[15:26:09.759301] rootdir: /root/workspace/byungkwan-workspace/research/rfx
[15:26:09.759306] configfile: pyproject.toml
[15:26:09.759309] plugins: xdist-3.8.0
[15:26:10.121896] collecting ... collected 2 items
[15:26:10.122049]
[15:26:13.120741] tests/test_gradient_simple.py::test_gradient_eps_shifts_energy
[15:26:13.120756] Gradient d(energy)/d(eps_r):
[15:26:13.120758]   Max:  2.341952e-03
[15:26:13.120759]   Mean: 7.216257e-06
[15:26:13.167341] PASSED
[15:26:14.192094] tests/test_gradient_simple.py::test_gradient_finite_difference_match
[15:26:14.192116] AD gradient at (8,5,5):  -4.636321e-07
[15:26:14.192119] FD gradient at (8,5,5):  -4.691174e-07
[15:26:14.192121] Relative error: 1.17%
[15:26:14.213568] PASSED
[15:26:14.213676]
[15:26:14.213690] ============================== 2 passed in 4.46s ===============================
[15:26:14.529339]
[15:26:14.529342] + echo
[15:26:14.529436] ==== NON-UNIFORM CONVERGENCE ====
[15:26:14.529442] + echo '==== NON-UNIFORM CONVERGENCE ===='
[15:26:14.529445] + pytest tests/test_nonuniform_convergence.py -v -s '--tb=short' -k 'not slow'
[15:26:14.610337] ============================= test session starts ==============================
[15:26:14.610350] platform linux -- Python 3.10.12, pytest-9.0.2, pluggy-1.6.0 -- /usr/bin/python3
[15:26:14.611270] cachedir: .pytest_cache
[15:26:14.611276] rootdir: /root/workspace/byungkwan-workspace/research/rfx
[15:26:14.611278] configfile: pyproject.toml
[15:26:14.611279] plugins: xdist-3.8.0
[15:26:14.937429] collecting ... collected 2 items / 1 deselected / 1 selected
[15:26:14.938057]
[15:26:15.941430] tests/test_nonuniform_convergence.py::test_nonuniform_cfl_uses_min_dz dt = 0.66 ps, CFL limit = 0.66 ps
[15:26:15.941447] dx=5.0mm, min_dz=0.2mm
[15:26:15.961920] PASSED
[15:26:15.962485]
[15:26:15.962530] ======================= 1 passed, 1 deselected in 1.35s ========================
[15:26:16.144469] + echo
[15:26:16.144477]
[15:26:16.144493] + echo '==== ISSUES #13 + #17 ===='
[15:26:16.144494] + python scripts/gpu_verify_issues.py
[15:26:16.144507] ==== ISSUES #13 + #17 ====
[15:26:16.236176] === #13: optimize() memory test ===
[15:26:17.311467]   optimize: n_steps=1000, grid=(16, 11, 11) (0.0M cells)
[15:26:19.241883]   iter    0  loss = 1.547135e-03
[15:26:20.021598]   iter    2  loss = 1.514157e-03
[15:26:20.053648] PASS: loss history = [0.00154713517986238, 0.0015305673005059361, 0.001514157047495246]
[15:26:20.053672]
[15:26:20.053677] === #13: topology conductor occupancy ===
[15:26:22.495157]   iter    0  loss = -1.840536e-03  beta = 1.0  binarization = 1.000
[15:26:26.532557]   iter    4  loss = -2.136036e-03  beta = 1.0  binarization = 0.999
[15:26:26.533762] Loss history: [-0.0018405355513095856, -0.0019111854489892721, -0.001983766444027424, -0.0020590294152498245, -0.0021360358223319054]
[15:26:26.533775] PASS: loss changed (gradient is non-zero)
[15:26:26.533778]
[15:26:26.533780] === #17: NTFF far-field power ===
[15:26:26.533782] Grid: 61x61x61, steps=3934
[15:26:30.649754] Max far-field power: 1.9901e-22
[15:26:30.649811] FAIL: far-field power 1.99e-22 is near zero
[15:26:30.649817]
[15:26:30.649822] ============================================================
[15:26:30.649827] SUMMARY
[15:26:30.649831] ============================================================
[15:26:30.649835]   optimize_memory: PASS
[15:26:30.649840]   topology_gradient: PASS
[15:26:30.649844]   ntff_power: FAIL
[15:26:30.649848]
[15:26:30.649852] 2/3 passed
[15:26:30.972432] + true
[15:26:30.990219] workload reported done
[15:26:30.990319] Workload status changed to stopping
[15:26:35.535523] + set +x
[15:26:40.565240] workload reported done
[15:26:40.565340] Workload status changed to waitToBeKilled
[15:26:42.000000] Stopping container vops-sidecar
[15:26:42.000000] Stopping container run-sidecar
[15:26:42.000000] Stopping container run-exec
[15:26:42.000000] Terminating VESSL Workload...
[15:26:42.000000] Stopping container ttyd-sidecar
[15:26:42.156431] workload completed
[15:26:42.156531] Workload status changed to completed
