Organization: remilab
Project: byungkwan
[14:11:31.711585] workload awaiting to start
[14:11:31.711685] Workload status changed to pending
[14:11:35.889196] Event Reason: FailedScheduling, Event Note: 0/13 nodes are available: pod has unbound immediate PersistentVolumeClaims. preemption: 0/13 nodes are available: 13 Preemption is not helpful for scheduling.
[14:11:35.889196] Workload is in queue for scheduling. Please wait...
[14:11:39.443675] Event Reason: FailedScheduling, Event Note: 0/13 nodes are available: pod has unbound immediate PersistentVolumeClaims. preemption: 0/13 nodes are available: 13 Preemption is not helpful for scheduling.
[14:11:39.443675] Workload is in queue for scheduling. Please wait...
[14:11:42.000000] Container image "quay.io/vessl-ai/kernels-toolbox:0.1.188" already present on machine
[14:11:42.000000] Created container vops-init
[14:11:42.000000] Started container vops-init
[14:11:42.011352] VESSL Workload assigned successfully. Starting soon.
[14:11:43.000000] Creating VESSL Workload...
[14:11:43.000000] Created container ttyd-sidecar
[14:11:43.000000] Starting VESSL Workload...
[14:11:43.000000] Created container run-exec
[14:11:43.000000] Container image "quay.io/vessl-ai/kernels-toolbox:0.1.188" already present on machine
[14:11:43.000000] Started container run-exec
[14:11:43.000000] Started container fluentbit
[14:11:43.000000] Created container fluentbit
[14:11:43.000000] Container image "nvcr.io/nvidia/jax:24.10-py3" already present on machine
[14:11:43.000000] Container image "quay.io/vessl-ai/fluent-bit:2.1.6" already present on machine
[14:11:43.000000] Container image "quay.io/vessl-ai/sidecar:v0.0.3" already present on machine
[14:11:43.001000] Container image "nvcr.io/nvidia/jax:24.10-py3" already present on machine
[14:11:44.000000] Container image "quay.io/vessl-ai/kernels-toolbox:0.1.188" already present on machine
[14:11:44.000000] Started container ttyd-sidecar
[14:11:44.224049] Installing VESSL CLI...
[14:11:44.927719] workload reported alive as pod run-execution-aadimp5s8w0x-0
[14:11:44.927819] Workload status changed to initializing
[14:11:46.037030] + set +x
[14:11:48.458288] vessl, version 0.1.199
[14:11:51.171534] workload reported alive as pod run-execution-aadimp5s8w0x-0
[14:11:51.171634] Workload status changed to running
[14:11:51.406277] + mkdir -p /root
[14:11:51.408247] + cd /root
[14:11:51.408939] + set -euo pipefail
[14:11:51.408982] + cd /root
[14:11:51.408995] + git clone https://github.com/BK3536/rfx.git
[14:11:51.411210] Cloning into 'rfx'...
[14:11:53.149295] + cd rfx
[14:11:53.149307] + pip install --quiet -e '.[all]'
[14:11:55.857972] WARNING: rfx 1807.8.6 does not provide the extra 'dashboard'
[14:11:55.858063] WARNING: rfx 1807.8.6 does not provide the extra 'dev'
[14:11:55.858076] WARNING: rfx 1807.8.6 does not provide the extra 'optimization'
[14:11:55.858226] WARNING: rfx 1807.8.6 does not provide the extra 'visualization'
[14:11:59.667105] WARNING: Running pip as the 'root' user can result in broken permissions and conflicting behaviour with the system package manager. It is recommended to use a virtual environment instead: https://pip.pypa.io/warnings/venv
[14:11:59.820188] + python -c 'import jax; print('"'"'JAX devices:'"'"', jax.devices())'
[14:12:00.148244] JAX devices: [CudaDevice(id=0)]
[14:12:00.189917] + nvidia-smi
[14:12:00.229644] Sat Apr  4 14:12:00 2026
[14:12:00.229687] +---------------------------------------------------------------------------------------+
[14:12:00.229700] | NVIDIA-SMI 535.288.01             Driver Version: 535.288.01   CUDA Version: 12.2     |
[14:12:00.229716] |-----------------------------------------+----------------------+----------------------+
[14:12:00.229744] | GPU  Name                 Persistence-M | Bus-Id        Disp.A | Volatile Uncorr. ECC |
[14:12:00.229750] | Fan  Temp   Perf          Pwr:Usage/Cap |         Memory-Usage | GPU-Util  Compute M. |
[14:12:00.229755] |                                         |                      |               MIG M. |
[14:12:00.229762] |=========================================+======================+======================|
[14:12:00.249254] |   0  NVIDIA GeForce RTX 4090        Off | 00000000:01:00.0 Off |                  Off |
[14:12:00.249264] |  0%   33C    P0              24W / 450W |      1MiB / 24564MiB |      5%      Default |
[14:12:00.249266] |                                         |                      |                  N/A |
[14:12:00.249267] +-----------------------------------------+----------------------+----------------------+
[14:12:00.249268]
[14:12:00.249269] +---------------------------------------------------------------------------------------+
[14:12:00.249270] | Processes:                                                                            |
[14:12:00.249271] |  GPU   GI   CI        PID   Type   Process name                            GPU Memory |
[14:12:00.249272] |        ID   ID                                                             Usage      |
[14:12:00.249273] |=======================================================================================|
[14:12:00.249296] |  No running processes found                                                           |
[14:12:00.249297] +---------------------------------------------------------------------------------------+
[14:12:00.292454] + mkdir -p /output/ex2
[14:12:00.293077] + cp /root/workspace/bk-workspace/papers/rfx-tap/experiments/ex2_filter_topology.py .
[14:12:00.319425] + OUTPUT_DIR=/output/ex2 python ex2_filter_topology.py
[14:12:01.029485] Device: DeviceInfo(backend='gpu', gpu_available=True, devices=[{'id': 0, 'kind': 'NVIDIA GeForce RTX 4090', 'platform': 'gpu'}])
[14:12:01.029498]
[14:12:01.029500] === Building simulation ===
[14:12:01.029504]
[14:12:01.029506] === Running topology_optimize (100 iterations, beta continuation) ===
[14:12:01.029507] beta schedule: 1 @ iter 0, 4 @ iter 30, 16 @ iter 60, 64 @ iter 80
[14:12:04.053572] 2026-04-04 14:12:04.053384: W external/xla/xla/service/hlo_rematerialization.cc:3005] Can't reduce memory use below -23.79GiB (-25543233410 bytes) by rematerialization; only reduced to 83.60GiB (89768873456 bytes), down from 83.60GiB (89768873456 bytes) originally
[14:12:14.887060] 2026-04-04 14:12:14.886777: W external/xla/xla/tsl/framework/bfc_allocator.cc:497] Allocator (GPU_0_bfc) ran out of memory trying to allocate 5.23GiB (rounded to 5614327040)requested by op
[14:12:14.887569] 2026-04-04 14:12:14.887327: W external/xla/xla/tsl/framework/bfc_allocator.cc:508] *****************************************************************************************___________
[14:12:14.887615] E0404 14:12:14.887437     362 pjrt_stream_executor_client.cc:3067] Execution of replica 0 failed: RESOURCE_EXHAUSTED: Out of memory while trying to allocate 5614326900 bytes.
[14:12:14.897912] jax.errors.SimplifiedTraceback: For simplicity, JAX has removed its internal frames from the traceback of the following exception. Set JAX_TRACEBACK_FILTERING=off to include these.
[14:12:14.897924]
[14:12:14.897926] The above exception was the direct cause of the following exception:
[14:12:14.897928]
[14:12:14.897929] Traceback (most recent call last):
[14:12:14.897931]   File "/root/rfx/ex2_filter_topology.py", line 161, in <module>
[14:12:14.897933]     result = topology_optimize(
[14:12:14.897934]   File "/root/rfx/rfx/topology.py", line 468, in topology_optimize
[14:12:14.898055]     loss, grad = jax.value_and_grad(lambda l: forward(l, beta))(logit)
[14:12:14.898061]   File "/root/rfx/rfx/topology.py", line 468, in <lambda>
[14:12:14.898062]     loss, grad = jax.value_and_grad(lambda l: forward(l, beta))(logit)
[14:12:14.898063]   File "/root/rfx/rfx/topology.py", line 453, in forward
[14:12:14.898218]     result = _run(
[14:12:14.898224]   File "/root/rfx/rfx/simulation.py", line 813, in run
[14:12:14.898225]     final_carry, outputs = jax.lax.scan(body, carry_init, xs)
[14:12:14.898226] jaxlib.xla_extension.XlaRuntimeError: RESOURCE_EXHAUSTED: Out of memory while trying to allocate 5614326900 bytes.
[14:12:15.234624] workload reported done
[14:12:15.234724] Workload status changed to stopping
[14:12:27.448768] workload reported done
[14:12:27.448868] Workload status changed to waitToBeKilled
[14:12:30.000000] Stopping container run-sidecar
[14:12:30.000000] Stopping container run-exec
[14:12:30.000000] Terminating VESSL Workload...
[14:12:30.000000] Stopping container ttyd-sidecar
[14:12:30.000000] Stopping container fluentbit
[14:12:30.082758] workload failed
[14:12:30.082859] Workload status changed to failed
