Organization: remilab
Project: byungkwan
[12:17:54.924609] workload awaiting to start
[12:17:54.924710] Workload status changed to pending
[12:17:59.977913] Event Reason: FailedScheduling, Event Note: 0/13 nodes are available: pod has unbound immediate PersistentVolumeClaims. preemption: 0/13 nodes are available: 13 Preemption is not helpful for scheduling.
[12:17:59.977913] Workload is in queue for scheduling. Please wait...
[12:18:01.001024] VESSL Workload assigned successfully. Starting soon.
[12:18:02.000000] Container image "quay.io/vessl-ai/kernels-toolbox:0.1.188" already present on machine
[12:18:02.000000] Created container vops-init
[12:18:02.000000] Started container vops-init
[12:18:03.000000] Started container run-sidecar
[12:18:03.000000] Creating VESSL Workload...
[12:18:03.000000] Created container vops-sidecar
[12:18:03.000000] Starting VESSL Workload...
[12:18:03.000000] Created container run-exec
[12:18:03.000000] Started container run-exec
[12:18:03.000000] Started container fluentbit
[12:18:03.000000] Container image "quay.io/vessl-ai/fluent-bit:2.1.6" already present on machine
[12:18:03.000000] Container image "quay.io/vessl-ai/sidecar:v0.0.3" already present on machine
[12:18:03.000000] Container image "nvcr.io/nvidia/jax:24.04-py3" already present on machine
[12:18:03.000000] Created container run-sidecar
[12:18:03.001000] Container image "nvcr.io/nvidia/jax:24.04-py3" already present on machine
[12:18:04.000000] Started container vops-sidecar
[12:18:04.050092] Installing VESSL CLI...
[12:18:04.781284] workload reported alive as pod run-execution-janpu7vcgmly-0
[12:18:04.781384] Workload status changed to initializing
[12:18:05.983287] + set +x
[12:18:08.452249] vessl, version 0.1.199
[12:18:11.084612] workload reported alive as pod run-execution-janpu7vcgmly-0
[12:18:11.084713] Workload status changed to running
[12:18:11.204157] + mkdir -p /root
[12:18:11.206215] + cd /root
[12:18:11.206790] + cd /root/workspace/byungkwan-workspace/research/rfx
[12:18:11.233176] + pip install -q -e .
[12:18:17.215753] WARNING: Running pip as the 'root' user can result in broken permissions and conflicting behaviour with the system package manager. It is recommended to use a virtual environment instead: https://pip.pypa.io/warnings/venv
[12:18:17.296352] + python -c 'import jax; print(f'"'"'Backend: {jax.default_backend()}'"'"')'
[12:18:17.954091] Backend: gpu
[12:18:18.019704] + python examples/17_volume_comp.py
[12:18:19.076160] Grid: (393, 427, 157), cells=26.3M
[12:18:19.571331] Source amp=1.0 (bandpass filter for cavity mode extraction), h/dx=6
[12:19:00.124920]   step 1000/5000 | 25/s | max|Ez|=1.091e+02
[12:19:39.534875]   step 2000/5000 | 25/s | max|Ez|=1.102e+02
[12:20:18.934667]   step 3000/5000 | 25/s | max|Ez|=1.102e+02
[12:20:58.334614]   step 4000/5000 | 25/s | max|Ez|=1.102e+02
[12:21:37.683747] Done in 198s
[12:21:37.683768] Ring-down: std=8.681e-01, peak=1.597e+00
[12:21:37.794119] After bandpass: std=3.735e+29
[12:21:40.498733]
[12:21:40.498829] Harminv: 0 modes
[12:21:40.500946] FFT: 1.5299 GHz (err=36.25%)
[12:21:40.846510] workload reported done
[12:21:40.846610] Workload status changed to stopping
[12:21:47.235667] + set +x
[12:21:52.265763] workload reported done
[12:21:52.265863] Workload status changed to waitToBeKilled
[12:21:54.000000] Stopping container vops-sidecar
[12:21:54.000000] Stopping container run-sidecar
[12:21:54.000000] Stopping container run-exec
[12:21:54.000000] Terminating VESSL Workload...
[12:21:54.000000] Stopping container ttyd-sidecar
[12:21:54.158103] workload completed
[12:21:54.158203] Workload status changed to completed
