Organization: remilab
Project: byungkwan
[18:21:37.773187] workload awaiting to start
[18:21:37.773287] Workload status changed to pending
[18:21:41.971244] Event Reason: FailedScheduling, Event Note: 0/13 nodes are available: pod has unbound immediate PersistentVolumeClaims. preemption: 0/13 nodes are available: 13 Preemption is not helpful for scheduling.
[18:21:41.971244] Workload is in queue for scheduling. Please wait...
[18:21:55.267295] VESSL Workload assigned successfully. Starting soon.
[18:21:56.000000] Container image "quay.io/vessl-ai/kernels-toolbox:0.1.188" already present on machine
[18:21:56.000000] Created container vops-init
[18:21:56.000000] Started container vops-init
[18:21:57.000000] Creating VESSL Workload...
[18:21:57.000000] Created container run-exec
[18:21:57.000000] Container image "nvcr.io/nvidia/jax:24.10-py3" already present on machine
[18:21:57.001000] Container image "nvcr.io/nvidia/jax:24.10-py3" already present on machine
[18:21:58.000000] Started container run-sidecar
[18:21:58.000000] Created container vops-sidecar
[18:21:58.000000] Created container ttyd-sidecar
[18:21:58.000000] Starting VESSL Workload...
[18:21:58.000000] Started container vops-sidecar
[18:21:58.000000] Container image "quay.io/vessl-ai/kernels-toolbox:0.1.188" already present on machine
[18:21:58.000000] Started container run-exec
[18:21:58.000000] Started container fluentbit
[18:21:58.000000] Created container fluentbit
[18:21:58.000000] Started container ttyd-sidecar
[18:21:58.000000] Container image "quay.io/vessl-ai/fluent-bit:2.1.6" already present on machine
[18:21:58.000000] Container image "quay.io/vessl-ai/sidecar:v0.0.3" already present on machine
[18:21:58.000000] Created container run-sidecar
[18:21:58.538119] Installing VESSL CLI...
[18:21:59.178696] workload reported alive as pod run-execution-ighr6tii43ya-0
[18:21:59.178796] Workload status changed to initializing
[18:22:00.408129] + set +x
[18:22:03.572630] vessl, version 0.1.199
[18:22:05.532163] workload reported alive as pod run-execution-ighr6tii43ya-0
[18:22:05.532264] Workload status changed to running
[18:22:05.715961] + mkdir -p /root
[18:22:05.717739] + cd /root
[18:22:05.718207] + set -euo pipefail
[18:22:05.718255] + cd /root
[18:22:05.718262] + git clone https://github.com/BK3536/rfx.git
[18:22:05.720447] Cloning into 'rfx'...
[18:22:08.284755] + cd rfx
[18:22:08.284793] + pip install --quiet -e '.[all]'
[18:22:11.825043] WARNING: rfx 1807.8.6 does not provide the extra 'dashboard'
[18:22:11.825071] WARNING: rfx 1807.8.6 does not provide the extra 'dev'
[18:22:11.825109] WARNING: rfx 1807.8.6 does not provide the extra 'optimization'
[18:22:11.825225] WARNING: rfx 1807.8.6 does not provide the extra 'visualization'
[18:22:16.234416] WARNING: Running pip as the 'root' user can result in broken permissions and conflicting behaviour with the system package manager. It is recommended to use a virtual environment instead: https://pip.pypa.io/warnings/venv
[18:22:16.432462] + python -c 'import jax; print('"'"'JAX devices:'"'"', jax.devices())'
[18:22:16.739924] JAX devices: [CudaDevice(id=0)]
[18:22:16.785237] + nvidia-smi
[18:22:16.820933] Sat Apr  4 18:22:16 2026
[18:22:16.820951] +---------------------------------------------------------------------------------------+
[18:22:16.820963] | NVIDIA-SMI 535.288.01             Driver Version: 535.288.01   CUDA Version: 12.2     |
[18:22:16.820969] |-----------------------------------------+----------------------+----------------------+
[18:22:16.820976] | GPU  Name                 Persistence-M | Bus-Id        Disp.A | Volatile Uncorr. ECC |
[18:22:16.820980] | Fan  Temp   Perf          Pwr:Usage/Cap |         Memory-Usage | GPU-Util  Compute M. |
[18:22:16.820984] |                                         |                      |               MIG M. |
[18:22:16.820988] |=========================================+======================+======================|
[18:22:16.844516] |   0  NVIDIA GeForce RTX 4090        Off | 00000000:01:00.0 Off |                  Off |
[18:22:16.844520] |  0%   32C    P0              22W / 450W |      1MiB / 24564MiB |      1%      Default |
[18:22:16.844522] +-----------------------------------------+----------------------+----------------------+
[18:22:16.844522] |                                         |                      |                  N/A |
[18:22:16.844523]
[18:22:16.844525] +---------------------------------------------------------------------------------------+
[18:22:16.844526] | Processes:                                                                            |
[18:22:16.844529] |  GPU   GI   CI        PID   Type   Process name                            GPU Memory |
[18:22:16.844535] |        ID   ID                                                             Usage      |
[18:22:16.844536] |=======================================================================================|
[18:22:16.844565] |  No running processes found                                                           |
[18:22:16.844566] +---------------------------------------------------------------------------------------+
[18:22:16.888855] + mkdir -p /output/ex3
[18:22:16.889459] + cp /root/workspace/bk-workspace/papers/rfx-tap/experiments/ex3_farfield_shaping.py .
[18:22:16.919345] + OUTPUT_DIR=/output/ex3 python ex3_farfield_shaping.py
[18:22:17.543606] Device: DeviceInfo(backend='gpu', gpu_available=True, devices=[{'id': 0, 'kind': 'NVIDIA GeForce RTX 4090', 'platform': 'gpu'}])
[18:22:17.543630]
[18:22:17.543634] === Far-field pattern shaping optimization ===
[18:22:17.543636] Target: steer main beam to theta=30.0 deg
[18:22:17.543638]
[18:22:17.543639] --- Optimizing left parasitic region ---
[18:22:41.709537]   iter    0  loss = -1.166387e-19
[18:26:09.784123]   iter   10  loss = -1.166387e-19
[18:29:40.130906]   iter   20  loss = -1.166387e-19
[18:33:09.764745]   iter   30  loss = -1.166387e-19
[18:36:18.375961]   iter   39  loss = -1.166387e-19
[18:36:18.416675]
[18:36:18.416705] --- Optimizing right parasitic region ---
[18:36:39.284281]   iter    0  loss = -1.334140e-19
[18:38:04.083368] workload request to be terminated
[18:38:04.083468] Workload status changed to waitToBeKilled
[18:38:06.000000] Stopping container vops-sidecar
[18:38:06.000000] Stopping container run-sidecar
[18:38:06.000000] Stopping container run-exec
[18:38:06.000000] Terminating VESSL Workload...
[18:38:06.000000] Stopping container fluentbit
[18:38:06.161216] workload terminated
[18:38:06.161317] Workload status changed to terminated
