Organization: remilab
Project: byungkwan
[15:35:30.266982] workload awaiting to start
[15:35:30.267082] Workload status changed to pending
[15:35:36.027021] VESSL Workload assigned successfully. Starting soon.
[15:35:37.000000] Creating VESSL Workload...
[15:35:37.000000] Created container run-exec
[15:35:37.000000] Container image "quay.io/vessl-ai/kernels-toolbox:0.1.188" already present on machine
[15:35:37.000000] Created container vops-init
[15:35:37.000000] Container image "nvcr.io/nvidia/jax:24.10-py3" already present on machine
[15:35:37.000000] Started container vops-init
[15:35:37.001000] Container image "nvcr.io/nvidia/jax:24.10-py3" already present on machine
[15:35:38.000000] Started container run-sidecar
[15:35:38.000000] Created container ttyd-sidecar
[15:35:38.000000] Container image "quay.io/vessl-ai/kernels-toolbox:0.1.188" already present on machine
[15:35:38.000000] Started container run-exec
[15:35:38.000000] Started container fluentbit
[15:35:38.000000] Created container fluentbit
[15:35:38.000000] Container image "quay.io/vessl-ai/fluent-bit:2.1.6" already present on machine
[15:35:38.509505] Installing VESSL CLI...
[15:35:39.226641] workload reported alive as pod run-execution-h1f6vmrwx178-0
[15:35:40.451937] + set +x
[15:35:43.503422] vessl, version 0.1.199
[15:35:45.612364] workload reported alive as pod run-execution-h1f6vmrwx178-0
[15:35:45.612464] Workload status changed to running
[15:35:45.844824] + mkdir -p /root
[15:35:45.846977] + cd /root
[15:35:45.847499] + set -euo pipefail
[15:35:45.847513] + cd /root
[15:35:45.847522] + git clone https://github.com/BK3536/rfx.git
[15:35:45.849746] Cloning into 'rfx'...
[15:35:49.533772] + cd rfx
[15:35:49.533785] + pip install --quiet -e '.[all]'
[15:35:53.035263] WARNING: rfx 1807.8.6 does not provide the extra 'dashboard'
[15:35:53.035296] WARNING: rfx 1807.8.6 does not provide the extra 'dev'
[15:35:53.035436] WARNING: rfx 1807.8.6 does not provide the extra 'optimization'
[15:35:53.035442] WARNING: rfx 1807.8.6 does not provide the extra 'visualization'
[15:35:58.402280] WARNING: Running pip as the 'root' user can result in broken permissions and conflicting behaviour with the system package manager. It is recommended to use a virtual environment instead: https://pip.pypa.io/warnings/venv
[15:35:58.601483] + python -c 'import jax; print('"'"'JAX devices:'"'"', jax.devices())'
[15:35:58.866099] JAX devices: [CudaDevice(id=0)]
[15:35:58.911036] + nvidia-smi
[15:35:58.969223] Sun Apr  5 15:35:58 2026
[15:35:58.969270] +---------------------------------------------------------------------------------------+
[15:35:58.969287] | NVIDIA-SMI 535.288.01             Driver Version: 535.288.01   CUDA Version: 12.2     |
[15:35:58.969297] |-----------------------------------------+----------------------+----------------------+
[15:35:58.969305] | GPU  Name                 Persistence-M | Bus-Id        Disp.A | Volatile Uncorr. ECC |
[15:35:58.969311] | Fan  Temp   Perf          Pwr:Usage/Cap |         Memory-Usage | GPU-Util  Compute M. |
[15:35:58.969316] |                                         |                      |               MIG M. |
[15:35:58.969322] |=========================================+======================+======================|
[15:35:58.993204] |   0  NVIDIA GeForce RTX 4090        Off | 00000000:01:00.0 Off |                  Off |
[15:35:58.993233] |  0%   32C    P0              25W / 450W |      1MiB / 24564MiB |      1%      Default |
[15:35:58.993238] |                                         |                      |                  N/A |
[15:35:58.993242] +-----------------------------------------+----------------------+----------------------+
[15:35:58.993245]
[15:35:58.993249] +---------------------------------------------------------------------------------------+
[15:35:58.993252] | Processes:                                                                            |
[15:35:58.993255] |  GPU   GI   CI        PID   Type   Process name                            GPU Memory |
[15:35:58.993259] |        ID   ID                                                             Usage      |
[15:35:58.993263] |=======================================================================================|
[15:35:58.993266] |  No running processes found                                                           |
[15:35:58.993270] +---------------------------------------------------------------------------------------+
[15:35:59.037406] + mkdir -p /output/ex5_opt
[15:35:59.038014] + cp /root/workspace/bk-workspace/papers/rfx-tap/experiments/ex5_waveguide_iris_opt.py .
[15:35:59.069211] + OUTPUT_DIR=/output/ex5_opt python ex5_waveguide_iris_opt.py
[15:35:59.651978] Device: DeviceInfo(backend='gpu', gpu_available=True, devices=[{'id': 0, 'kind': 'NVIDIA GeForce RTX 4090', 'platform': 'gpu'}])
[15:35:59.859872]
[15:35:59.859916] === ex5 5-parameter waveguide iris search ===
[15:35:59.859917] Bounds: {'a1_mm': (5.5, 9.5), 'a2_mm': (4.0, 8.0), 'a3_mm': (5.5, 9.5), 's12_mm': (10.0, 22.0), 's23_mm': (10.0, 22.0)}
[15:35:59.860029]
[15:35:59.860031] === Stage 1 (global DOE) ===
[15:35:59.860032] [01/28] {'a1_mm': 7.2, 'a2_mm': 5.6, 'a3_mm': 7.2, 's12_mm': 14.0, 's23_mm': 14.0}
[15:36:02.234836]   score=-25.798, f_peak=8.50 GHz, S21@10=-4.97 dB, ripple=9.44 dB, stop leak=1.11 dB
[15:36:02.234856] [02/28] {'a1_mm': 8.595824194223853, 'a2_mm': 5.75551375900821, 'a3_mm': 8.934391679645529, 's12_mm': 18.368416348712366, 's23_mm': 11.130128174651794}
[15:36:03.516101]   score=-19.453, f_peak=8.50 GHz, S21@10=-3.06 dB, ripple=6.03 dB, stop leak=1.48 dB
[15:36:03.516116] [03/28] {'a1_mm': 9.402489406547023, 'a2_mm': 7.044558807961412, 'a3_mm': 8.644257221107814, 's12_mm': 11.537363592106551, 's23_mm': 15.404631254746805}
[15:36:04.734941]   score=-19.993, f_peak=8.60 GHz, S21@10=-2.55 dB, ripple=6.10 dB, stop leak=2.92 dB
[15:36:04.734959] [04/28] {'a1_mm': 6.983192096930325, 'a2_mm': 7.707059955394407, 'a3_mm': 8.075460480322658, 's12_mm': 19.87313935924996, 's23_mm': 15.320970385927973}
[15:36:05.932539]   score=-19.618, f_peak=8.60 GHz, S21@10=-3.09 dB, ripple=5.88 dB, stop leak=2.63 dB
[15:36:05.932564] [05/28] {'a1_mm': 6.4089548871391075, 'a2_mm': 6.21833914806334, 'a3_mm': 5.755269024416702, 's12_mm': 19.931574063910986, 's23_mm': 17.579972789464776}
[15:36:07.135726]   score=-23.060, f_peak=8.50 GHz, S21@10=-4.81 dB, ripple=6.83 dB, stop leak=1.51 dB
[15:36:07.136102] [06/28] {'a1_mm': 8.532350960341496, 'a2_mm': 5.418103872519474, 'a3_mm': 9.382792097579614, 's12_mm': 20.717453455866373, 's23_mm': 19.340601964885142}
[15:36:08.366432]   score=-19.498, f_peak=8.50 GHz, S21@10=-3.34 dB, ripple=5.49 dB, stop leak=1.82 dB
[15:36:08.366453] [07/28] {'a1_mm': 6.27855483140787, 'a2_mm': 5.866884014908137, 'a3_mm': 5.675215063148915, 's12_mm': 11.851473904810574, 's23_mm': 18.196587438909454}
[15:36:09.580668]   score=-25.256, f_peak=8.50 GHz, S21@10=-5.70 dB, ripple=7.87 dB, stop leak=1.15 dB
[15:36:09.580688] [08/28] {'a1_mm': 8.479048623631268, 'a2_mm': 7.87003892973684, 'a3_mm': 6.803301432552608, 's12_mm': 14.445516472418426, 's23_mm': 15.634669735309695}
[15:36:10.791498]   score=-17.827, f_peak=9.20 GHz, S21@10=-2.73 dB, ripple=5.61 dB, stop leak=2.66 dB
[15:36:10.791515] [09/28] {'a1_mm': 6.257885436337142, 'a2_mm': 4.519686021341887, 'a3_mm': 7.4028197049037345, 's12_mm': 12.722912188610609, 's23_mm': 18.037767936190125}
[15:36:12.038695]   score=-24.076, f_peak=8.50 GHz, S21@10=-5.27 dB, ripple=7.56 dB, stop leak=1.25 dB
[15:36:12.038714] [10/28] {'a1_mm': 7.248607675489323, 'a2_mm': 7.33071278423135, 'a3_mm': 8.301060408008997, 's12_mm': 13.748399696584492, 's23_mm': 19.987117616742413}
[15:36:13.237354]   score=-19.733, f_peak=8.60 GHz, S21@10=-2.89 dB, ripple=6.20 dB, stop leak=2.75 dB
[15:36:13.237373] [11/28] {'a1_mm': 8.719057429987208, 'a2_mm': 5.549913516120698, 'a3_mm': 6.653312415720976, 's12_mm': 18.189946047699706, 's23_mm': 11.677029803311719}
[15:36:14.441267]   score=-20.975, f_peak=8.50 GHz, S21@10=-3.49 dB, ripple=6.85 dB, stop leak=1.17 dB
[15:36:14.441293] [12/28] {'a1_mm': 6.299632809900434, 'a2_mm': 4.0294490790040225, 'a3_mm': 8.647697510008554, 's12_mm': 17.978210279104385, 's23_mm': 18.46198454351602}
[15:36:15.688478]   score=-22.756, f_peak=8.50 GHz, S21@10=-5.00 dB, ripple=6.39 dB, stop leak=0.47 dB
[15:36:15.688501] [13/28] {'a1_mm': 8.622916124087872, 'a2_mm': 5.83566310215336, 'a3_mm': 7.7749647838115745, 's12_mm': 11.67756397753189, 's23_mm': 11.37436088243168}
[15:36:16.895949]   score=-22.740, f_peak=8.50 GHz, S21@10=-3.40 dB, ripple=8.51 dB, stop leak=0.92 dB
[15:36:16.895972] [14/28] {'a1_mm': 8.173611847161887, 'a2_mm': 5.88438482457253, 'a3_mm': 7.760944425924755, 's12_mm': 19.179986288992307, 's23_mm': 17.61661984000709}
[15:36:18.101111]   score=-19.839, f_peak=8.50 GHz, S21@10=-3.34 dB, ripple=5.58 dB, stop leak=2.15 dB
[15:36:18.101131] [15/28] {'a1_mm': 7.714317602631983, 'a2_mm': 6.236828642981655, 'a3_mm': 6.715800392250449, 's12_mm': 10.369814014815272, 's23_mm': 15.240608670788347}
[15:36:19.353982]   score=-20.954, f_peak=8.60 GHz, S21@10=-2.80 dB, ripple=7.31 dB, stop leak=2.22 dB
[15:36:19.354001] [16/28] {'a1_mm': 6.358338691278117, 'a2_mm': 5.634114574898545, 'a3_mm': 8.913612293072664, 's12_mm': 12.807273830384089, 's23_mm': 10.699632900268792}
[15:36:20.563324]   score=-23.195, f_peak=8.50 GHz, S21@10=-3.62 dB, ripple=8.80 dB, stop leak=1.01 dB
[15:36:20.563344] [17/28] {'a1_mm': 6.625535568087987, 'a2_mm': 5.1743750310667345, 'a3_mm': 8.14766605890758, 's12_mm': 16.68438582809534, 's23_mm': 19.40677850927696}
[15:36:21.760231]   score=-22.013, f_peak=8.50 GHz, S21@10=-4.20 dB, ripple=6.85 dB, stop leak=1.67 dB
[15:36:21.760253] [18/28] {'a1_mm': 8.15725416130955, 'a2_mm': 5.625547445760282, 'a3_mm': 8.756081538664139, 's12_mm': 12.003675038892446, 's23_mm': 10.272544877606325}
[15:36:22.956804]   score=-22.320, f_peak=8.00 GHz, S21@10=-3.39 dB, ripple=6.91 dB, stop leak=1.36 dB
[15:36:22.956825] [19/28] {'a1_mm': 5.860191443102567, 'a2_mm': 6.889437402385801, 'a3_mm': 7.3475089210055495, 's12_mm': 11.935261348403222, 's23_mm': 16.012537301240364}
[15:36:24.128709]   score=-22.858, f_peak=8.50 GHz, S21@10=-3.26 dB, ripple=8.49 dB, stop leak=1.77 dB
[15:36:24.128739] [20/28] {'a1_mm': 6.109248410852674, 'a2_mm': 6.785281500310944, 'a3_mm': 7.284625102296123, 's12_mm': 14.57225471315779, 's23_mm': 13.618145069774519}
[15:36:25.329857]   score=-22.636, f_peak=8.50 GHz, S21@10=-3.29 dB, ripple=8.44 dB, stop leak=1.88 dB
[15:36:25.329876] [21/28] {'a1_mm': 8.021130372475554, 'a2_mm': 5.447250442213562, 'a3_mm': 5.8505996772644036, 's12_mm': 11.416070825446184, 's23_mm': 21.542771974594174}
[15:36:26.335796]   score=-20.960, f_peak=8.50 GHz, S21@10=-4.37 dB, ripple=4.96 dB, stop leak=1.20 dB
[15:36:26.335816] [22/28] {'a1_mm': 9.134322762830429, 'a2_mm': 6.798828535242999, 'a3_mm': 6.563479845838078, 's12_mm': 21.630116528172685, 's23_mm': 19.345010847589535}
[15:36:27.537276]   score=-19.939, f_peak=8.50 GHz, S21@10=-2.93 dB, ripple=5.64 dB, stop leak=2.59 dB
[15:36:27.537298] [23/28] {'a1_mm': 8.367560756635982, 'a2_mm': 5.797446008575155, 'a3_mm': 6.588966247380636, 's12_mm': 11.15669154584199, 's23_mm': 20.831228758526102}
[15:36:28.714589]   score=-21.742, f_peak=8.00 GHz, S21@10=-4.19 dB, ripple=4.96 dB, stop leak=1.62 dB
[15:36:28.714601] [24/28] {'a1_mm': 7.323105159334444, 'a2_mm': 4.809453459180921, 'a3_mm': 6.7238264966026104, 's12_mm': 16.95063482730275, 's23_mm': 12.12127339527078}
[15:36:29.819117]   score=-23.659, f_peak=8.50 GHz, S21@10=-4.40 dB, ripple=8.04 dB, stop leak=1.19 dB
[15:36:29.819146] [25/28] {'a1_mm': 8.926457136369502, 'a2_mm': 7.03407811934084, 'a3_mm': 8.377851823803747, 's12_mm': 15.185116477301245, 's23_mm': 17.52770608842932}
[15:36:30.925812]   score=-18.758, f_peak=8.60 GHz, S21@10=-2.46 dB, ripple=5.22 dB, stop leak=2.94 dB
[15:36:30.925836] [26/28] {'a1_mm': 7.836391875650943, 'a2_mm': 6.5993864062192795, 'a3_mm': 5.837777284559556, 's12_mm': 14.989688826047315, 's23_mm': 10.49937008634271}
[15:36:32.035673]   score=-22.468, f_peak=8.50 GHz, S21@10=-2.52 dB, ripple=9.09 dB, stop leak=1.10 dB
[15:36:32.035696] [27/28] {'a1_mm': 7.475963276978076, 'a2_mm': 5.319444849331141, 'a3_mm': 6.078096755464188, 's12_mm': 11.240835612670619, 's23_mm': 17.051734866132545}
[15:36:33.239787]   score=-25.715, f_peak=8.50 GHz, S21@10=-5.38 dB, ripple=8.74 dB, stop leak=0.87 dB
[15:36:33.239810] [28/28] {'a1_mm': 6.182371874147544, 'a2_mm': 7.700480473507189, 'a3_mm': 7.824244558801579, 's12_mm': 14.162437654418046, 's23_mm': 17.090985897777003}
[15:36:34.534621]   score=-21.349, f_peak=8.60 GHz, S21@10=-3.43 dB, ripple=6.88 dB, stop leak=2.40 dB
[15:36:34.534642] Best of Stage 1 (global DOE): 8.48, 7.87, 6.80, 14.45, 15.63 mm
[15:36:34.534734]
[15:36:34.534743] === Stage 2 (local refinement) ===
[15:36:34.534745] [01/18] {'a1_mm': 8.479048623631268, 'a2_mm': 7.87003892973684, 'a3_mm': 6.803301432552608, 's12_mm': 14.445516472418426, 's23_mm': 15.634669735309695}
[15:36:35.734571]   score=-17.827, f_peak=9.20 GHz, S21@10=-2.73 dB, ripple=5.61 dB, stop leak=2.66 dB
[15:36:35.734593] [02/18] {'a1_mm': 8.390159544791759, 'a2_mm': 7.2817164119357765, 'a3_mm': 6.397069800069591, 's12_mm': 14.83740878173117, 's23_mm': 16.682327945177672}
[15:36:36.838148]   score=-19.551, f_peak=8.60 GHz, S21@10=-3.03 dB, ripple=5.62 dB, stop leak=2.54 dB
[15:36:36.838164] [03/18] {'a1_mm': 9.277740980307982, 'a2_mm': 8.0, 'a3_mm': 6.969065205863007, 's12_mm': 13.208593822378596, 's23_mm': 12.969611884395558}
[15:36:38.039543]   score=-20.315, f_peak=8.60 GHz, S21@10=-2.56 dB, ripple=6.57 dB, stop leak=2.59 dB
[15:36:38.039564] [04/18] {'a1_mm': 8.586133208568802, 'a2_mm': 7.544862491612709, 'a3_mm': 6.637158528480734, 's12_mm': 13.680395473593666, 's23_mm': 15.458681127289212}
[15:36:39.141654]   score=-20.118, f_peak=8.60 GHz, S21@10=-2.99 dB, ripple=6.23 dB, stop leak=2.46 dB
[15:36:39.141684] [05/18] {'a1_mm': 8.905440715946325, 'a2_mm': 7.932858356714977, 'a3_mm': 6.7398474977371325, 's12_mm': 13.150949281386161, 's23_mm': 13.541316054429249}
[15:36:40.252041]   score=-20.074, f_peak=8.60 GHz, S21@10=-2.64 dB, ripple=6.46 dB, stop leak=2.62 dB
[15:36:40.252060] [06/18] {'a1_mm': 8.284525460001936, 'a2_mm': 7.848525909409512, 'a3_mm': 7.510473397984562, 's12_mm': 14.608359624259533, 's23_mm': 16.863094124088516}
[15:36:41.368372]   score=-17.646, f_peak=9.20 GHz, S21@10=-2.68 dB, ripple=5.36 dB, stop leak=2.65 dB
[15:36:41.368394] [07/18] {'a1_mm': 8.279330384215607, 'a2_mm': 7.39606142317003, 'a3_mm': 6.417254727659659, 's12_mm': 13.538983891748734, 's23_mm': 18.29525690085365}
[15:36:42.468147]   score=-19.343, f_peak=8.60 GHz, S21@10=-3.08 dB, ripple=5.33 dB, stop leak=2.58 dB
[15:36:42.468168] [08/18] {'a1_mm': 8.150493951941513, 'a2_mm': 8.0, 'a3_mm': 6.442130561317797, 's12_mm': 15.609982738511231, 's23_mm': 16.115858442942024}
[15:36:43.671788]   score=-19.137, f_peak=8.60 GHz, S21@10=-2.62 dB, ripple=5.45 dB, stop leak=2.64 dB
[15:36:43.671807] [09/18] {'a1_mm': 8.416393464568031, 'a2_mm': 7.853733919282666, 'a3_mm': 6.541386354380852, 's12_mm': 15.003106724271026, 's23_mm': 15.065940384883719}
[15:36:44.771307]   score=-17.773, f_peak=9.20 GHz, S21@10=-2.64 dB, ripple=5.58 dB, stop leak=2.63 dB
[15:36:44.771326] [10/18] {'a1_mm': 7.988806318124369, 'a2_mm': 7.358863900008992, 'a3_mm': 6.872336599641456, 's12_mm': 16.41938054293147, 's23_mm': 15.834659252276493}
[15:36:45.872273]   score=-20.581, f_peak=8.60 GHz, S21@10=-3.20 dB, ripple=6.57 dB, stop leak=2.49 dB
[15:36:45.872288] [11/18] {'a1_mm': 8.431593293187316, 'a2_mm': 7.984369385577857, 'a3_mm': 7.325702129235339, 's12_mm': 14.719744599123246, 's23_mm': 15.121010696767524}
[15:36:47.076276]   score=-17.773, f_peak=9.20 GHz, S21@10=-2.64 dB, ripple=5.58 dB, stop leak=2.63 dB
[15:36:47.076301] [12/18] {'a1_mm': 8.921564107655223, 'a2_mm': 8.0, 'a3_mm': 7.417603829351005, 's12_mm': 14.674559518945808, 's23_mm': 14.10408344565907}
[15:36:48.278993]   score=-19.340, f_peak=8.60 GHz, S21@10=-2.56 dB, ripple=5.90 dB, stop leak=2.59 dB
[15:36:48.279014] [13/18] {'a1_mm': 7.931784943933002, 'a2_mm': 8.0, 'a3_mm': 7.492767720865928, 's12_mm': 14.221117455815175, 's23_mm': 15.15568558388971}
[15:36:49.508774]   score=-20.040, f_peak=8.60 GHz, S21@10=-2.69 dB, ripple=6.42 dB, stop leak=2.63 dB
[15:36:49.508796] [14/18] {'a1_mm': 9.063626340528149, 'a2_mm': 7.427220656919444, 'a3_mm': 6.445410624970277, 's12_mm': 15.24967496577973, 's23_mm': 15.141413331735208}
[15:36:50.718657]   score=-19.838, f_peak=8.60 GHz, S21@10=-2.92 dB, ripple=5.91 dB, stop leak=2.46 dB
[15:36:50.718681] [15/18] {'a1_mm': 8.476999876943239, 'a2_mm': 7.8046617703270345, 'a3_mm': 6.938331252072182, 's12_mm': 16.20486879906057, 's23_mm': 15.747900868936876}
[15:36:51.924251]   score=-19.613, f_peak=8.60 GHz, S21@10=-2.93 dB, ripple=5.81 dB, stop leak=2.49 dB
[15:36:51.924272] [16/18] {'a1_mm': 8.736624140942011, 'a2_mm': 7.049970089324431, 'a3_mm': 6.783814071780561, 's12_mm': 13.391478634552337, 's23_mm': 14.11115340978016}
[15:36:53.127553]   score=-20.983, f_peak=8.60 GHz, S21@10=-3.22 dB, ripple=6.93 dB, stop leak=2.26 dB
[15:36:53.127571] [17/18] {'a1_mm': 8.127787676859768, 'a2_mm': 7.736389553456514, 'a3_mm': 7.169662449495013, 's12_mm': 12.78752557524397, 's23_mm': 15.672959101052717}
[15:36:54.233806]   score=-21.096, f_peak=8.60 GHz, S21@10=-2.98 dB, ripple=7.14 dB, stop leak=2.41 dB
[15:36:54.233826] [18/18] {'a1_mm': 8.285380850297837, 'a2_mm': 7.738969691992056, 'a3_mm': 7.2044045626744495, 's12_mm': 15.118160768673333, 's23_mm': 17.306417369613126}
[15:36:55.243339]   score=-19.551, f_peak=8.60 GHz, S21@10=-3.03 dB, ripple=5.62 dB, stop leak=2.54 dB
[15:36:55.243358] Best of Stage 2 (local refinement): 8.28, 7.85, 7.51, 14.61, 16.86 mm
[15:36:55.243360]
[15:36:55.243361] Best design overall: 8.28, 7.85, 7.51, 14.61, 16.86 mm
[15:36:55.329334] Saved: /output/ex5_opt/search_convergence.png
[15:36:55.431506] Saved: /output/ex5_opt/candidate_scatter.png
[15:36:55.496755] Saved: /output/ex5_opt/parameter_sensitivity.png
[15:36:55.597036] Saved: /output/ex5_opt/best_design_sparams.png
[15:36:55.662292] Saved: /output/ex5_opt/best_geometry_profile.png
[15:36:55.662846] Saved: /output/ex5_opt/metrics.json
[15:36:55.662852]
[15:36:55.662853] === Summary ===
[15:36:55.662854] Best apertures (mm)        : 8.28, 7.85, 7.51
[15:36:55.662855] Best spacings (mm)         : 14.61, 16.86
[15:36:55.662863] Center error               : 0.800 GHz
[15:36:55.662863] Peak |S21| frequency       : 9.200 GHz
[15:36:55.662864] Mean |S21| in passband     : -2.72 dB
[15:36:55.662865] Worst |S21| in passband    : -4.96 dB
[15:36:55.662866] Mean |S11| in passband     : -12.99 dB
[15:36:55.662867] Stopband leak              : 2.65 dB
[15:36:55.662867] Passband ripple            : 5.36 dB
[15:36:55.662868] Reciprocity error          : 0.0489
[15:36:56.577579] [done] ex5 waveguide iris search
[15:36:56.577579] + echo '[done] ex5 waveguide iris search'
[15:36:56.599847] workload reported done
[15:36:56.599947] Workload status changed to stopping
[15:36:57.861546] + set +x
[15:37:02.898724] workload reported done
[15:37:02.898824] Workload status changed to waitToBeKilled
[15:37:06.000000] Stopping container vops-sidecar
[15:37:06.000000] Stopping container run-sidecar
[15:37:06.000000] Stopping container run-exec
[15:37:06.000000] Terminating VESSL Workload...
[15:37:06.000000] Stopping container ttyd-sidecar
[15:37:06.000000] Stopping container fluentbit
[15:37:06.183565] workload completed
[15:37:06.183665] Workload status changed to completed
