Organization: remilab
Project: byungkwan
[23:26:11.926296] workload awaiting to start
[23:26:11.926396] Workload status changed to pending
[23:26:17.925965] Event Reason: FailedScheduling, Event Note: 0/13 nodes are available: pod has unbound immediate PersistentVolumeClaims. preemption: 0/13 nodes are available: 13 Preemption is not helpful for scheduling.
[23:26:17.925965] Workload is in queue for scheduling. Please wait...
[23:26:20.000000] Container image "quay.io/vessl-ai/kernels-toolbox:0.1.188" already present on machine
[23:26:20.000000] Created container vops-init
[23:26:20.199922] VESSL Workload assigned successfully. Starting soon.
[23:26:21.000000] Started container vops-init
[23:26:22.000000] Started container run-sidecar
[23:26:22.000000] Creating VESSL Workload...
[23:26:22.000000] Created container vops-sidecar
[23:26:22.000000] Created container ttyd-sidecar
[23:26:22.000000] Created container run-exec
[23:26:22.000000] Container image "quay.io/vessl-ai/kernels-toolbox:0.1.188" already present on machine
[23:26:22.000000] Started container run-exec
[23:26:22.000000] Container image "nvcr.io/nvidia/jax:24.10-py3" already present on machine
[23:26:22.000000] Started container ttyd-sidecar
[23:26:22.000000] Container image "quay.io/vessl-ai/fluent-bit:2.1.6" already present on machine
[23:26:22.000000] Container image "quay.io/vessl-ai/sidecar:v0.0.3" already present on machine
[23:26:22.001000] Container image "nvcr.io/nvidia/jax:24.10-py3" already present on machine
[23:26:23.000000] Started container vops-sidecar
[23:26:23.046317] Installing VESSL CLI...
[23:26:23.800097] workload reported alive as pod run-execution-025m5tqk3y6j-0
[23:26:23.800198] Workload status changed to initializing
[23:26:24.921508] + set +x
[23:26:27.459087] vessl, version 0.1.199
[23:26:30.081078] workload reported alive as pod run-execution-025m5tqk3y6j-0
[23:26:30.081178] Workload status changed to running
[23:26:30.176628] + mkdir -p /root
[23:26:30.178601] + cd /root
[23:26:30.178968] + cd /root/workspace/byungkwan-workspace/research/rfx
[23:26:30.194633] + git config --global --add safe.directory /root/workspace/byungkwan-workspace/research/rfx
[23:26:30.221829] + git pull --ff-only origin main
[23:26:31.515647] From https://github.com/BK3536/rfx
[23:26:31.515684]  * branch            main       -> FETCH_HEAD
[23:26:31.614897] Already up to date.
[23:26:31.615746] + pip install -q -e '.[dev]'
[23:26:39.957386] WARNING: Running pip as the 'root' user can result in broken permissions and conflicting behaviour with the system package manager. It is recommended to use a virtual environment instead: https://pip.pypa.io/warnings/venv
[23:26:40.118763] + echo '=== Crossval #10: OpenEMS Patch Antenna ==='
[23:26:40.118770] === Crossval #10: OpenEMS Patch Antenna ===
[23:26:40.118796] + python examples/crossval/10_openems_patch_antenna.py
[23:26:41.204089] ============================================================
[23:26:41.204129] Cross-Validation #2: OpenEMS Simple Patch Antenna
[23:26:41.204135] ============================================================
[23:26:41.204139] Patch: 32 x 40 mm on eps_r=3.38
[23:26:41.204142] Substrate: h=1.524mm, 60x60mm
[23:26:41.204144] Analytical f_r: 2.038 GHz
[23:26:41.204147]
[23:26:41.204383] dx = 1.00 mm, dz_sub = 0.254 mm
[23:26:41.204412] z-cells: 6 substrate + 149 air = 160 total
[23:26:41.204695] Steps: 12000
[23:26:41.589924] Nu grid: nz=176, dt=0.79ps
[23:26:41.590026] z_phys first 10: [0.         0.25400007 0.50800014 0.7620002  1.0160003  1.2700003
[23:26:41.590054]  1.5621004  1.9418304  2.4354794  3.077223  ]
[23:26:41.590056] Substrate h=1.524mm, port z=0.762mm
[23:26:41.590057]
[23:27:05.869028] Probe signal: max=4.2888e+07, rms=1.0261e+07
[23:27:05.876509] FFT peak: 2.4086 GHz (at 0.0 dB)
[23:27:05.876522] Analytical: 2.0383 GHz
[23:27:05.876525] Error: 18.17%
[23:28:36.787581] FAIL: 18.17% error
[23:28:36.787658]
[23:28:36.803479] NTFF extraction: 'NoneType' object has no attribute 'freqs'
[23:28:37.082166]
[23:28:37.082187] Plot saved: /root/workspace/byungkwan-workspace/research/rfx/examples/crossval/10_openems_patch_antenna.png
[23:28:37.233537] === Crossval #08: Dipole Radiation (fixed) ===
[23:28:37.233571] + echo '=== Crossval #08: Dipole Radiation (fixed) ==='
[23:28:37.233649] + python examples/crossval/08_dipole_radiation.py
[23:28:38.239338] ============================================================
[23:28:38.239385] Cross-Validation: Dipole Radiation Pattern
[23:28:38.239391] ============================================================
[23:28:38.239395] Source: Ez dipole at 5 GHz
[23:28:38.239401] Domain: 80mm, dx=1.0mm
[23:28:38.239405]
[23:28:38.239520] Grid: 101x101x101, steps=7868
[23:28:45.711320]
[23:28:45.711351] E-plane correlation with sin²(theta): 0.9882
[23:28:45.711353] H-plane correlation with sin²(theta): 0.9873
[23:28:45.711355] Max far-field power: 8.4828e-27
[23:28:45.711365] FAIL: pattern shape correct (corr=0.988) but power=8.48e-27 at noise floor
[23:28:45.979997] Plot saved: /root/workspace/byungkwan-workspace/research/rfx/examples/crossval/08_dipole_radiation.png
[23:28:46.118588] === DONE ===
[23:28:46.118596] + echo '=== DONE ==='
[23:28:46.132670] workload reported done
[23:28:46.132771] Workload status changed to stopping
[23:28:54.784079] + set +x
[23:28:59.811662] workload reported done
[23:28:59.811762] Workload status changed to waitToBeKilled
[23:29:03.000000] Stopping container vops-sidecar
[23:29:03.000000] Stopping container run-sidecar
[23:29:03.000000] Stopping container run-exec
[23:29:03.000000] Terminating VESSL Workload...
[23:29:03.000000] Stopping container fluentbit
[23:29:03.062265] workload completed
[23:29:03.062365] Workload status changed to completed
