Organization: remilab
Project: byungkwan
[13:01:39.437040] workload awaiting to start
[13:01:39.437140] Workload status changed to pending
[13:01:44.925111] Event Reason: FailedScheduling, Event Note: 0/13 nodes are available: pod has unbound immediate PersistentVolumeClaims. preemption: 0/13 nodes are available: 13 Preemption is not helpful for scheduling.
[13:01:44.925111] Workload is in queue for scheduling. Please wait...
[13:01:48.257622] VESSL Workload assigned successfully. Starting soon.
[13:01:49.000000] Container image "quay.io/vessl-ai/kernels-toolbox:0.1.188" already present on machine
[13:01:49.000000] Created container vops-init
[13:01:49.000000] Started container vops-init
[13:01:50.000000] Started container run-sidecar
[13:01:50.000000] Creating VESSL Workload...
[13:01:50.000000] Starting VESSL Workload...
[13:01:50.000000] Created container run-exec
[13:01:50.000000] Started container run-exec
[13:01:50.000000] Container image "nvcr.io/nvidia/jax:24.10-py3" already present on machine
[13:01:50.000000] Container image "quay.io/vessl-ai/fluent-bit:2.1.6" already present on machine
[13:01:50.000000] Container image "quay.io/vessl-ai/sidecar:v0.0.3" already present on machine
[13:01:50.001000] Container image "nvcr.io/nvidia/jax:24.10-py3" already present on machine
[13:01:51.000000] Created container vops-sidecar
[13:01:51.000000] Created container ttyd-sidecar
[13:01:51.000000] Started container fluentbit
[13:01:51.000000] Started container ttyd-sidecar
[13:01:51.477924] Installing VESSL CLI...
[13:01:52.101620] workload reported alive as pod run-execution-d45mc0e4bait-0
[13:01:52.101720] Workload status changed to initializing
[13:01:53.339865] + set +x
[13:01:56.777648] vessl, version 0.1.199
[13:01:58.486633] workload reported alive as pod run-execution-d45mc0e4bait-0
[13:01:58.486733] Workload status changed to running
[13:01:58.833391] + mkdir -p /root
[13:01:58.835424] + cd /root
[13:01:58.835931] + cd /root/workspace/byungkwan-workspace/research/rfx
[13:01:58.850822] + git config --global --add safe.directory /root/workspace/byungkwan-workspace/research/rfx
[13:01:58.874753] + git pull --ff-only origin main
[13:01:59.927689] From https://github.com/BK3536/rfx
[13:01:59.927725]  * branch            main       -> FETCH_HEAD
[13:02:00.069125] Already up to date.
[13:02:00.069909] + pip install -q -e '.[dev]'
[13:02:08.576814] WARNING: Running pip as the 'root' user can result in broken permissions and conflicting behaviour with the system package manager. It is recommended to use a virtual environment instead: https://pip.pypa.io/warnings/venv
[13:02:08.735847] + pytest tests/test_physics_integrity.py -v -s '--tb=short'
[13:02:08.939035] ============================= test session starts ==============================
[13:02:08.939071] platform linux -- Python 3.10.12, pytest-9.0.2, pluggy-1.6.0 -- /usr/bin/python3
[13:02:08.942100] cachedir: .pytest_cache
[13:02:08.942135] rootdir: /root/workspace/byungkwan-workspace/research/rfx
[13:02:08.942142] configfile: pyproject.toml
[13:02:08.942146] plugins: xdist-3.8.0
[13:02:10.539039] collecting ... collected 6 items
[13:02:10.539893]
[13:02:11.253742] tests/test_physics_integrity.py::test_maxwell_residual_vacuum
[13:02:11.253760] Faraday residual (Hx component):
[13:02:11.253761]   Max:  7.63e-06
[13:02:11.253762]   Mean: 6.20e-07
[13:02:11.303365]   Relative: 1.16e-14
[13:02:11.303953] PASSED
[13:02:14.517315] tests/test_physics_integrity.py::test_energy_conservation_pec_cavity
[13:02:14.517333] Energy conservation (500 steps):
[13:02:14.517334]   Initial: 6.861996e-05
[13:02:14.517335]   Final:   6.705480e-05
[13:02:14.517336]   Drift:   2.28e-02
[13:02:14.753582] FAILED
[13:02:16.029573] tests/test_physics_integrity.py::test_energy_decay_lossy
[13:02:16.029587] Lossy energy decay:
[13:02:16.029588]   Initial: 1.098592e-13
[13:02:16.029589]   Final:   1.676405e-17
[13:02:16.029590]   Ratio:   0.0002
[13:02:16.029591]   Significant increases: 20/199 (10.1%)
[13:02:16.029975] PASSED
[13:03:06.009789] tests/test_physics_integrity.py::test_field_pattern_tm110
[13:03:06.009810] TM110 field pattern correlation:
[13:03:06.009812]   Correlation: 0.9559
[13:03:06.023784] PASSED
[13:03:08.344255] tests/test_physics_integrity.py::test_reciprocity_two_port
[13:03:08.344290] Reciprocity (S12 vs S21):
[13:03:08.344292]   Mean |S12|: 0.8365
[13:03:08.344293]   Mean |S21|: 0.7492
[13:03:08.344294]   Max diff:   2.090548
[13:03:08.344299]   Rel diff:   3.49e-01
[13:03:08.348510] FAILED
[13:03:49.892962] tests/test_physics_integrity.py::test_convergence_order   dx=2.0mm: f=4.797461 GHz, err=3.249862e-04
[13:05:11.579766]   dx=1.0mm: f=4.798653 GHz, err=7.657903e-05
[13:07:56.331364]   dx=0.5mm: f=4.798951 GHz, err=1.453145e-05
[13:07:56.331404]
[13:07:56.331415] Convergence order:
[13:07:56.331416]   Rate (coarse→medium): 2.09
[13:07:56.331417]   Rate (medium→fine):   2.40
[13:07:56.367829] PASSED
[13:07:56.367860]
[13:07:56.367960] =================================== FAILURES ===================================
[13:07:56.367966] _____________________ test_energy_conservation_pec_cavity ______________________
[13:07:56.367970] tests/test_physics_integrity.py:131: in test_energy_conservation_pec_cavity
[13:07:56.367977]     assert drift < 0.01, f"Energy drift {drift:.2e} exceeds 1% tolerance"
[13:07:56.367995] E   AssertionError: Energy drift 2.28e-02 exceeds 1% tolerance
[13:07:56.367999] E   assert 0.022809007051703124 < 0.01
[13:07:56.368150] __________________________ test_reciprocity_two_port ___________________________
[13:07:56.368155] tests/test_physics_integrity.py:279: in test_reciprocity_two_port
[13:07:56.368159]     assert max_diff < 0.01, f"Reciprocity violation: max |S12-S21| = {max_diff:.4f}"
[13:07:56.368162] E   AssertionError: Reciprocity violation: max |S12-S21| = 2.0905
[13:07:56.368165] E   assert 2.0905476 < 0.01
[13:07:56.368582] =========================== short test summary info ============================
[13:07:56.368587] FAILED tests/test_physics_integrity.py::test_energy_conservation_pec_cavity
[13:07:56.368590] FAILED tests/test_physics_integrity.py::test_reciprocity_two_port - Assertion...
[13:07:56.368756] =================== 2 failed, 4 passed in 347.43s (0:05:47) ====================
[13:07:56.728983] workload reported done
[13:07:56.729084] Workload status changed to stopping
[13:08:10.904233] workload reported done
[13:08:10.904333] Workload status changed to waitToBeKilled
[13:08:12.000000] Stopping container vops-sidecar
[13:08:12.000000] Stopping container run-sidecar
[13:08:12.000000] Stopping container run-exec
[13:08:12.000000] Terminating VESSL Workload...
[13:08:12.000000] Stopping container ttyd-sidecar
[13:08:12.000000] Stopping container fluentbit
[13:08:12.081553] workload failed
[13:08:12.081653] Workload status changed to failed
