Organization: remilab
Project: byungkwan
[09:19:21.541692] workload awaiting to start
[09:19:21.541792] Workload status changed to pending
[09:19:26.966041] Event Reason: FailedScheduling, Event Note: 0/13 nodes are available: pod has unbound immediate PersistentVolumeClaims. preemption: 0/13 nodes are available: 13 Preemption is not helpful for scheduling.
[09:19:26.966041] Workload is in queue for scheduling. Please wait...
[09:19:39.894713] VESSL Workload assigned successfully. Starting soon.
[09:19:40.000000] Container image "quay.io/vessl-ai/kernels-toolbox:0.1.188" already present on machine
[09:19:40.000000] Created container vops-init
[09:19:41.000000] Creating VESSL Workload...
[09:19:41.000000] Created container run-exec
[09:19:41.000000] Started container vops-init
[09:19:41.000000] Container image "nvcr.io/nvidia/jax:24.04-py3" already present on machine
[09:19:41.001000] Container image "nvcr.io/nvidia/jax:24.04-py3" already present on machine
[09:19:42.000000] Started container run-sidecar
[09:19:42.000000] Created container vops-sidecar
[09:19:42.000000] Starting VESSL Workload...
[09:19:42.000000] Started container vops-sidecar
[09:19:42.000000] Container image "quay.io/vessl-ai/kernels-toolbox:0.1.188" already present on machine
[09:19:42.000000] Started container run-exec
[09:19:42.000000] Started container fluentbit
[09:19:42.000000] Started container ttyd-sidecar
[09:19:42.000000] Container image "quay.io/vessl-ai/fluent-bit:2.1.6" already present on machine
[09:19:42.000000] Container image "quay.io/vessl-ai/sidecar:v0.0.3" already present on machine
[09:19:42.000000] Created container run-sidecar
[09:19:42.586649] Installing VESSL CLI...
[09:19:43.362218] workload reported alive as pod run-execution-m4bvp0s6ibrl-0
[09:19:43.362318] Workload status changed to initializing
[09:19:44.464535] + set +x
[09:19:53.569954] vessl, version 0.1.199
[09:19:54.597459] workload reported alive as pod run-execution-m4bvp0s6ibrl-0
[09:19:54.597559] Workload status changed to running
[09:19:54.717999] + mkdir -p /root
[09:19:54.720909] + cd /root
[09:19:54.721517] + cd /root/workspace/byungkwan-workspace/research/rfx
[09:19:54.726464] + echo '=== Patch Antenna on GPU ==='
[09:19:54.726496] === Patch Antenna on GPU ===
[09:19:54.726805] + hostname
[09:19:54.728865] Node:run-execution-m4bvp0s6ibrl-0
[09:19:54.728866] + echo Node:run-execution-m4bvp0s6ibrl-0
[09:19:54.729171] + date
[09:19:54.731721] + echo 'Start:Wed Apr  1 09:19:54 UTC 2026'
[09:19:54.731746] Start:Wed Apr  1 09:19:54 UTC 2026
[09:19:54.731747] + pip install -q -e .
[09:20:06.967311] WARNING: Running pip as the 'root' user can result in broken permissions and conflicting behaviour with the system package manager. It is recommended to use a virtual environment instead: https://pip.pypa.io/warnings/venv
[09:20:07.253226] + python -c 'import jax; print(f'"'"'Backend: {jax.default_backend()}, Devices: {jax.devices()}'"'"')'
[09:20:08.571947] Backend: gpu, Devices: [cuda(id=0)]
[09:20:08.760786] + python examples/04_patch_antenna.py
[09:20:10.069272] Patch: 29.4 x 38.0 mm, substrate h=1.6 mm
[09:20:10.069714] Domain: 69x78x17 mm, dx=0.5 mm
[09:20:10.069959] Feed: (29.8, 39.0) mm, extent=1.6 mm
[09:20:10.070191] Running...
[09:20:17.353477] Traceback (most recent call last):
[09:20:17.353514]   File "/root/workspace/byungkwan-workspace/research/rfx/examples/04_patch_antenna.py", line 78, in <module>
[09:20:17.357454]     s11 = result.s_params[0, 0, :]
[09:20:17.357475] TypeError: 'NoneType' object is not subscriptable
[09:20:17.716815] workload reported done
[09:20:17.716916] Workload status changed to stopping
[09:20:30.767725] workload reported done
[09:20:30.767825] Workload status changed to waitToBeKilled
[09:20:33.000000] Stopping container run-sidecar
[09:20:33.000000] Stopping container run-exec
[09:20:33.000000] Terminating VESSL Workload...
[09:20:33.000000] Stopping container ttyd-sidecar
[09:20:33.000000] Stopping container fluentbit
[09:20:33.048008] workload failed
[09:20:33.048108] Workload status changed to failed
