Organization: remilab
Project: byungkwan
[03:21:35.921850] workload awaiting to start
[03:21:35.921950] Workload status changed to pending
[03:21:41.873755] Event Reason: FailedScheduling, Event Note: 0/13 nodes are available: pod has unbound immediate PersistentVolumeClaims. preemption: 0/13 nodes are available: 13 Preemption is not helpful for scheduling.
[03:21:41.873755] Workload is in queue for scheduling. Please wait...
[03:21:43.236165] VESSL Workload assigned successfully. Starting soon.
[03:21:44.000000] Container image "quay.io/vessl-ai/kernels-toolbox:0.1.188" already present on machine
[03:21:44.000000] Created container vops-init
[03:21:44.000000] Started container vops-init
[03:21:45.000000] Created container ttyd-sidecar
[03:21:45.000000] Starting VESSL Workload...
[03:21:45.000000] Created container run-exec
[03:21:45.000000] Container image "quay.io/vessl-ai/kernels-toolbox:0.1.188" already present on machine
[03:21:45.000000] Started container run-exec
[03:21:45.000000] Started container fluentbit
[03:21:45.000000] Created container fluentbit
[03:21:45.000000] Container image "nvcr.io/nvidia/jax:24.10-py3" already present on machine
[03:21:45.000000] Started container ttyd-sidecar
[03:21:45.001000] Container image "nvcr.io/nvidia/jax:24.10-py3" already present on machine
[03:21:46.086725] Installing VESSL CLI...
[03:21:46.852103] Workload status changed to initializing
[03:21:47.994744] + set +x
[03:21:51.115172] vessl, version 0.1.199
[03:21:53.106025] workload reported alive as pod run-execution-gmzbxnl7tahe-0
[03:21:53.106126] Workload status changed to running
[03:21:53.473931] + mkdir -p /root
[03:21:53.475841] + cd /root
[03:21:53.476383] + set -euo pipefail
[03:21:53.476418] + cd /root
[03:21:53.476428] + git clone https://github.com/BK3536/rfx.git
[03:21:53.478510] Cloning into 'rfx'...
[03:21:55.559765] + cd rfx
[03:21:55.559783] + pip install --quiet -e '.[all]' cma
[03:21:58.877694] WARNING: rfx 1807.8.6 does not provide the extra 'dashboard'
[03:21:58.877737] WARNING: rfx 1807.8.6 does not provide the extra 'dev'
[03:21:58.877830] WARNING: rfx 1807.8.6 does not provide the extra 'optimization'
[03:21:58.877838] WARNING: rfx 1807.8.6 does not provide the extra 'visualization'
[03:22:03.639213] WARNING: Running pip as the 'root' user can result in broken permissions and conflicting behaviour with the system package manager. It is recommended to use a virtual environment instead: https://pip.pypa.io/warnings/venv
[03:22:03.830964] + python -c 'import jax; print('"'"'JAX devices:'"'"', jax.devices())'
[03:22:04.134537] JAX devices: [CudaDevice(id=0)]
[03:22:04.184813] + nvidia-smi
[03:22:04.220015] Sun Apr  5 03:22:04 2026
[03:22:04.220030] +---------------------------------------------------------------------------------------+
[03:22:04.220042] | NVIDIA-SMI 535.288.01             Driver Version: 535.288.01   CUDA Version: 12.2     |
[03:22:04.220057] |-----------------------------------------+----------------------+----------------------+
[03:22:04.220064] | GPU  Name                 Persistence-M | Bus-Id        Disp.A | Volatile Uncorr. ECC |
[03:22:04.220072] | Fan  Temp   Perf          Pwr:Usage/Cap |         Memory-Usage | GPU-Util  Compute M. |
[03:22:04.220078] |                                         |                      |               MIG M. |
[03:22:04.220085] |=========================================+======================+======================|
[03:22:04.240629] |   0  NVIDIA GeForce RTX 4090        Off | 00000000:01:00.0 Off |                  Off |
[03:22:04.240633] |  0%   38C    P0              22W / 450W |      1MiB / 24564MiB |      0%      Default |
[03:22:04.240634] |                                         |                      |                  N/A |
[03:22:04.240635] +-----------------------------------------+----------------------+----------------------+
[03:22:04.240637]
[03:22:04.240638] +---------------------------------------------------------------------------------------+
[03:22:04.240639] | Processes:                                                                            |
[03:22:04.240640] |  GPU   GI   CI        PID   Type   Process name                            GPU Memory |
[03:22:04.240641] |        ID   ID                                                             Usage      |
[03:22:04.240642] |=======================================================================================|
[03:22:04.240669] +---------------------------------------------------------------------------------------+
[03:22:04.240669] |  No running processes found                                                           |
[03:22:04.283593] + mkdir -p /output/ex1
[03:22:04.284216] + cp /root/workspace/bk-workspace/papers/rfx-tap/experiments/ex1_patch_antenna.py .
[03:22:04.324910] + OUTPUT_DIR=/output/ex1 python ex1_patch_antenna.py
[03:22:04.936018] Device: DeviceInfo(backend='gpu', gpu_available=True, devices=[{'id': 0, 'kind': 'NVIDIA GeForce RTX 4090', 'platform': 'gpu'}])
[03:22:04.936147] SimConfig (accuracy='standard'):
[03:22:04.936149]   dx = 3.000 mm (25 cells/λ_min)
[03:22:04.936150]   domain = 194.9 × 194.9 × 151.5 mm
[03:22:04.936151]   cpml = 40 layers (120.0 mm)
[03:22:04.936152]   freq = 1.00 – 4.00 GHz
[03:22:04.936152]   n_steps = 6739 (8.7 ns)
[03:22:04.936154]   source = j_source (CPML boundary: J-source with Cb/dV normalization (Meep convention))
[03:22:04.936155]   dz = 0.400 – 2.998 mm (29 cells, non-uniform)
[03:22:04.936156]   WARNINGS:
[03:22:04.936157]     - Non-uniform z mesh enabled: 29 cells, dz=0.400–2.998 mm
[03:22:04.936157] Estimated memory: 2608 MB
[03:22:04.936159]
[03:22:04.936160] === Gradient-based optimisation (Adam) ===
[03:22:07.664442] 2026-04-05 03:22:07.664241: W external/xla/xla/service/hlo_rematerialization.cc:3005] Can't reduce memory use below -3.96GiB (-4255163874 bytes) by rematerialization; only reduced to 28.45GiB (30545698153 bytes), down from 28.45GiB (30546006669 bytes) originally
[03:22:28.311192] 2026-04-05 03:22:28.310917: W external/xla/xla/tsl/framework/bfc_allocator.cc:497] Allocator (GPU_0_bfc) ran out of memory trying to allocate 644.01MiB (rounded to 675290880)requested by op
[03:22:28.311719] 2026-04-05 03:22:28.311482: W external/xla/xla/tsl/framework/bfc_allocator.cc:508] ***************************************************************************************************_
[03:22:28.311839] E0405 03:22:28.311636     335 pjrt_stream_executor_client.cc:3067] Execution of replica 0 failed: RESOURCE_EXHAUSTED: Out of memory while trying to allocate 675290880 bytes.
[03:22:28.321211] jax.errors.SimplifiedTraceback: For simplicity, JAX has removed its internal frames from the traceback of the following exception. Set JAX_TRACEBACK_FILTERING=off to include these.
[03:22:28.321217]
[03:22:28.321219] The above exception was the direct cause of the following exception:
[03:22:28.321220]
[03:22:28.321221] Traceback (most recent call last):
[03:22:28.321223]   File "/root/rfx/ex1_patch_antenna.py", line 142, in <module>
[03:22:28.321336]     opt = optimize(
[03:22:28.321342]   File "/root/rfx/rfx/optimize.py", line 222, in optimize
[03:22:28.321344]     loss, grad = grad_fn(latent)
[03:22:28.321345]   File "/root/rfx/rfx/optimize.py", line 202, in forward
[03:22:28.321346]     result = _run(
[03:22:28.321346]   File "/root/rfx/rfx/simulation.py", line 813, in run
[03:22:28.321513]     final_carry, outputs = jax.lax.scan(body, carry_init, xs)
[03:22:28.321520] jaxlib.xla_extension.XlaRuntimeError: RESOURCE_EXHAUSTED: Out of memory while trying to allocate 675290880 bytes.
[03:22:28.595883] workload reported done
[03:22:28.595983] Workload status changed to stopping
[03:22:41.481930] workload reported done
[03:22:41.482030] Workload status changed to waitToBeKilled
[03:22:42.000000] Stopping container vops-sidecar
[03:22:42.000000] Stopping container run-sidecar
[03:22:42.000000] Stopping container run-exec
[03:22:42.000000] Terminating VESSL Workload...
[03:22:42.000000] Stopping container ttyd-sidecar
[03:22:42.000000] Stopping container fluentbit
[03:22:42.134490] workload failed
[03:22:42.134590] Workload status changed to failed
