Organization: remilab
Project: byungkwan
[15:25:01.155284] workload awaiting to start
[15:25:01.155384] Workload status changed to pending
[15:25:10.964676] Event Reason: FailedScheduling, Event Note: 0/13 nodes are available: pod has unbound immediate PersistentVolumeClaims. preemption: 0/13 nodes are available: 13 Preemption is not helpful for scheduling.
[15:25:10.964676] Workload is in queue for scheduling. Please wait...
[15:25:24.700330] VESSL Workload assigned successfully. Starting soon.
[15:25:25.000000] Container image "quay.io/vessl-ai/kernels-toolbox:0.1.188" already present on machine
[15:25:25.000000] Created container vops-init
[15:25:25.000000] Started container vops-init
[15:25:26.000000] Creating VESSL Workload...
[15:25:26.000000] Created container vops-sidecar
[15:25:26.000000] Created container ttyd-sidecar
[15:25:26.000000] Starting VESSL Workload...
[15:25:26.000000] Started container vops-sidecar
[15:25:26.000000] Created container run-exec
[15:25:26.000000] Container image "quay.io/vessl-ai/kernels-toolbox:0.1.188" already present on machine
[15:25:26.000000] Started container run-exec
[15:25:26.000000] Started container fluentbit
[15:25:26.000000] Container image "nvcr.io/nvidia/jax:24.10-py3" already present on machine
[15:25:26.000000] Started container ttyd-sidecar
[15:25:26.000000] Container image "quay.io/vessl-ai/sidecar:v0.0.3" already present on machine
[15:25:26.000000] Created container run-sidecar
[15:25:26.001000] Container image "nvcr.io/nvidia/jax:24.10-py3" already present on machine
[15:25:26.805938] Installing VESSL CLI...
[15:25:27.461969] workload reported alive as pod run-execution-feg9ms91vc93-0
[15:25:27.462070] Workload status changed to initializing
[15:25:28.683989] + set +x
[15:25:30.661041] vessl, version 0.1.199
[15:25:33.883204] workload reported alive as pod run-execution-feg9ms91vc93-0
[15:25:33.883304] Workload status changed to running
[15:25:34.004417] + mkdir -p /root
[15:25:34.005778] + cd /root
[15:25:34.006089] + set -euo pipefail
[15:25:34.006115] + cd /root
[15:25:34.006121] + git clone https://github.com/BK3536/rfx.git
[15:25:34.007977] Cloning into 'rfx'...
[15:25:36.456230] + cd rfx
[15:25:36.456242] + pip install --quiet -e '.[all]'
[15:25:39.375998] WARNING: rfx 1807.8.6 does not provide the extra 'dashboard'
[15:25:39.376020] WARNING: rfx 1807.8.6 does not provide the extra 'dev'
[15:25:39.376181] WARNING: rfx 1807.8.6 does not provide the extra 'optimization'
[15:25:39.376187] WARNING: rfx 1807.8.6 does not provide the extra 'visualization'
[15:25:43.601163] WARNING: Running pip as the 'root' user can result in broken permissions and conflicting behaviour with the system package manager. It is recommended to use a virtual environment instead: https://pip.pypa.io/warnings/venv
[15:25:43.751334] + python -c 'import jax; print('"'"'JAX devices:'"'"', jax.devices())'
[15:25:44.153892] JAX devices: [CudaDevice(id=0)]
[15:25:44.212309] + nvidia-smi
[15:25:44.247308] Sat Apr  4 15:25:44 2026
[15:25:44.247316] +-----------------------------------------------------------------------------------------+
[15:25:44.247318] | NVIDIA-SMI 570.211.01             Driver Version: 570.211.01     CUDA Version: 12.8     |
[15:25:44.247319] |-----------------------------------------+------------------------+----------------------+
[15:25:44.247320] | Fan  Temp   Perf          Pwr:Usage/Cap |           Memory-Usage | GPU-Util  Compute M. |
[15:25:44.247320] | GPU  Name                 Persistence-M | Bus-Id          Disp.A | Volatile Uncorr. ECC |
[15:25:44.247321] |                                         |                        |               MIG M. |
[15:25:44.247322] |=========================================+========================+======================|
[15:25:44.253001] |   0  NVIDIA GeForce RTX 4090        Off |   00000000:01:00.0 Off |                  Off |
[15:25:44.253021] |  0%   42C    P8             25W /  450W |       0MiB /  24564MiB |      0%      Default |
[15:25:44.253025] |                                         |                        |                  N/A |
[15:25:44.253028] +-----------------------------------------+------------------------+----------------------+
[15:25:44.253094]
[15:25:44.253101] +-----------------------------------------------------------------------------------------+
[15:25:44.253104] | Processes:                                                                              |
[15:25:44.253107] |  GPU   GI   CI              PID   Type   Process name                        GPU Memory |
[15:25:44.253110] |        ID   ID                                                               Usage      |
[15:25:44.253113] |=========================================================================================|
[15:25:44.253428] |  No running processes found                                                             |
[15:25:44.253433] +-----------------------------------------------------------------------------------------+
[15:25:44.327852] + mkdir -p /output/ex2
[15:25:44.328430] + cp /root/workspace/bk-workspace/papers/rfx-tap/experiments/ex2_filter_topology.py .
[15:25:44.355608] + OUTPUT_DIR=/output/ex2 python ex2_filter_topology.py
[15:25:45.159609] Device: DeviceInfo(backend='gpu', gpu_available=True, devices=[{'id': 0, 'kind': 'NVIDIA GeForce RTX 4090', 'platform': 'gpu'}])
[15:25:45.159806]
[15:25:45.159817] === Building simulation (dx=1.25 mm, est. 5149 MB) ===
[15:25:45.159818]
[15:25:45.159820] === Running topology_optimize (100 iterations, beta continuation) ===
[15:25:45.159821] beta schedule: 1 @ iter 0, 4 @ iter 30, 16 @ iter 60, 64 @ iter 80
[15:25:51.122418]   iter    0  loss = -4.560433e-04  beta = 1.0  binarization = 1.000
[15:26:23.112884]   iter   10  loss = -4.560428e-04  beta = 1.0  binarization = 1.000
[15:26:54.799405]   iter   20  loss = -4.560432e-04  beta = 1.0  binarization = 1.000
[15:27:26.460363]   iter   30  loss = -4.560445e-04  beta = 4.0  binarization = 1.000
[15:27:57.909748]   iter   40  loss = -4.560439e-04  beta = 4.0  binarization = 1.000
[15:28:29.265158]   iter   50  loss = -4.560465e-04  beta = 4.0  binarization = 1.000
[15:28:59.926807]   iter   60  loss = -4.560560e-04  beta = 16.0  binarization = 1.000
[15:29:31.894660]   iter   70  loss = -4.560576e-04  beta = 16.0  binarization = 1.000
[15:30:02.858414]   iter   80  loss = -4.560670e-04  beta = 64.0  binarization = 1.000
[15:30:34.017251]   iter   90  loss = -4.560679e-04  beta = 64.0  binarization = 1.000
[15:31:02.354200]   iter   99  loss = -4.560682e-04  beta = 64.0  binarization = 1.000
[15:31:02.439876]
[15:31:02.439900] Optimization complete: 317.3s
[15:31:02.439923] Traceback (most recent call last):
[15:31:02.439924]   File "/root/rfx/ex2_filter_topology.py", line 184, in <module>
[15:31:02.440019]     loss_history = result.loss_history
[15:31:02.440025] AttributeError: 'TopologyResult' object has no attribute 'loss_history'. Did you mean: 'beta_history'?
[15:31:08.680506] workload reported done
[15:31:08.680606] Workload status changed to stopping
[15:31:22.089899] workload reported done
[15:31:22.089999] Workload status changed to waitToBeKilled
[15:31:24.000000] Stopping container run-exec
[15:31:24.000000] Terminating VESSL Workload...
[15:31:24.000000] Stopping container ttyd-sidecar
[15:31:24.000000] Stopping container fluentbit
[15:31:24.050800] workload failed
[15:31:24.050900] Workload status changed to failed
