Organization: remilab
Project: byungkwan
[15:10:00.557644] workload awaiting to start
[15:10:00.557745] Workload status changed to pending
[15:10:16.366486] VESSL Workload assigned successfully. Starting soon.
[15:10:17.000000] Started container run-sidecar
[15:10:17.000000] Creating VESSL Workload...
[15:10:17.000000] Starting VESSL Workload...
[15:10:17.000000] Created container run-exec
[15:10:17.000000] Container image "quay.io/vessl-ai/kernels-toolbox:0.1.188" already present on machine
[15:10:17.000000] Started container run-exec
[15:10:17.000000] Started container fluentbit
[15:10:17.000000] Created container vops-init
[15:10:17.000000] Container image "nvcr.io/nvidia/jax:24.10-py3" already present on machine
[15:10:17.000000] Started container vops-init
[15:10:17.000000] Container image "quay.io/vessl-ai/fluent-bit:2.1.6" already present on machine
[15:10:17.000000] Created container run-sidecar
[15:10:17.001000] Container image "nvcr.io/nvidia/jax:24.10-py3" already present on machine
[15:10:18.000000] Created container vops-sidecar
[15:10:18.000000] Container image "quay.io/vessl-ai/kernels-toolbox:0.1.188" already present on machine
[15:10:18.000000] Started container ttyd-sidecar
[15:10:18.136500] Installing VESSL CLI...
[15:10:18.771877] workload reported alive as pod run-execution-bevubhm00bcr-0
[15:10:18.771977] Workload status changed to initializing
[15:10:20.236211] + set +x
[15:10:22.036331] vessl, version 0.1.199
[15:10:25.384124] workload reported alive as pod run-execution-bevubhm00bcr-0
[15:10:25.384224] Workload status changed to running
[15:10:25.519110] + mkdir -p /root
[15:10:25.520868] + cd /root
[15:10:25.521352] + set -euo pipefail
[15:10:25.521415] + cd /root
[15:10:25.521433] + git clone https://github.com/BK3536/rfx.git
[15:10:25.523543] Cloning into 'rfx'...
[15:10:27.955669] + cd rfx
[15:10:27.955687] + pip install --quiet -e '.[all]'
[15:10:30.484231] WARNING: rfx 1807.8.6 does not provide the extra 'dashboard'
[15:10:30.484257] WARNING: rfx 1807.8.6 does not provide the extra 'dev'
[15:10:30.484433] WARNING: rfx 1807.8.6 does not provide the extra 'optimization'
[15:10:30.484440] WARNING: rfx 1807.8.6 does not provide the extra 'visualization'
[15:10:34.185522] WARNING: Running pip as the 'root' user can result in broken permissions and conflicting behaviour with the system package manager. It is recommended to use a virtual environment instead: https://pip.pypa.io/warnings/venv
[15:10:34.337144] + python -c 'import jax; print('"'"'JAX devices:'"'"', jax.devices())'
[15:10:34.738234] JAX devices: [CudaDevice(id=0)]
[15:10:34.796847] + nvidia-smi
[15:10:34.830030] Sat Apr  4 15:10:34 2026
[15:10:34.830062] +-----------------------------------------------------------------------------------------+
[15:10:34.830076] | NVIDIA-SMI 570.211.01             Driver Version: 570.211.01     CUDA Version: 12.8     |
[15:10:34.830083] |-----------------------------------------+------------------------+----------------------+
[15:10:34.830090] | GPU  Name                 Persistence-M | Bus-Id          Disp.A | Volatile Uncorr. ECC |
[15:10:34.830096] | Fan  Temp   Perf          Pwr:Usage/Cap |           Memory-Usage | GPU-Util  Compute M. |
[15:10:34.830102] |                                         |                        |               MIG M. |
[15:10:34.830107] |=========================================+========================+======================|
[15:10:34.835314] |   0  NVIDIA GeForce RTX 4090        Off |   00000000:01:00.0 Off |                  Off |
[15:10:34.835349] |  0%   34C    P8             24W /  450W |       0MiB /  24564MiB |      0%      Default |
[15:10:34.835353] |                                         |                        |                  N/A |
[15:10:34.835361] +-----------------------------------------+------------------------+----------------------+
[15:10:34.835479]
[15:10:34.835482] +-----------------------------------------------------------------------------------------+
[15:10:34.835485] | Processes:                                                                              |
[15:10:34.835487] |  GPU   GI   CI              PID   Type   Process name                        GPU Memory |
[15:10:34.835490] |        ID   ID                                                               Usage      |
[15:10:34.835493] |=========================================================================================|
[15:10:34.835765] |  No running processes found                                                             |
[15:10:34.835768] +-----------------------------------------------------------------------------------------+
[15:10:34.901403] + mkdir -p /output/ex3
[15:10:34.901992] + cp /root/workspace/bk-workspace/papers/rfx-tap/experiments/ex3_farfield_shaping.py .
[15:10:34.924938] + OUTPUT_DIR=/output/ex3 python ex3_farfield_shaping.py
[15:10:35.664293] Device: DeviceInfo(backend='gpu', gpu_available=True, devices=[{'id': 0, 'kind': 'NVIDIA GeForce RTX 4090', 'platform': 'gpu'}])
[15:10:35.664310]
[15:10:35.664313] === Far-field pattern shaping optimization ===
[15:10:35.664315] Target: steer main beam to theta=30.0 deg
[15:10:35.664316]
[15:10:35.664318] --- Optimizing left parasitic region ---
[15:10:44.866058]   iter    0  loss = -4.422906e-06
[15:11:57.758820]   iter   10  loss = -4.427239e-06
[15:13:10.639982]   iter   20  loss = -4.432547e-06
[15:14:23.509593]   iter   30  loss = -4.438386e-06
[15:15:29.660626]   iter   39  loss = -4.444797e-06
[15:15:29.697862]
[15:15:29.697895] --- Optimizing right parasitic region ---
[15:15:36.778316]   iter    0  loss = -4.457610e-06
[15:16:50.018240]   iter   10  loss = -4.459045e-06
[15:18:03.481904]   iter   20  loss = -4.459061e-06
[15:19:16.137011]   iter   30  loss = -4.458207e-06
[15:20:23.116595]   iter   39  loss = -4.458166e-06
[15:20:23.117772]
[15:20:23.117783] === Computing final radiation patterns ===
[15:21:22.997444] Traceback (most recent call last):
[15:21:22.997466]   File "/root/rfx/ex3_farfield_shaping.py", line 183, in <module>
[15:21:22.997545]     hpbw = half_power_beamwidth(ff_final, freq_idx=0, phi_idx=0)
[15:21:22.997576] TypeError: half_power_beamwidth() got an unexpected keyword argument 'phi_idx'
[15:21:28.547268] workload reported done
[15:21:28.547369] Workload status changed to stopping
[15:21:37.645448] workload reported done
[15:21:37.645548] Workload status changed to waitToBeKilled
[15:21:39.000000] Stopping container run-sidecar
[15:21:39.000000] Stopping container run-exec
[15:21:39.000000] Terminating VESSL Workload...
[15:21:39.000000] Stopping container ttyd-sidecar
[15:21:39.000000] Stopping container fluentbit
[15:21:39.091747] workload failed
[15:21:39.091847] Workload status changed to failed
