Organization: remilab
Project: byungkwan
[08:13:14.262259] workload awaiting to start
[08:13:14.262359] Workload status changed to pending
[08:13:18.033144] Event Reason: FailedScheduling, Event Note: 0/13 nodes are available: pod has unbound immediate PersistentVolumeClaims. preemption: 0/13 nodes are available: 13 Preemption is not helpful for scheduling.
[08:13:18.033144] Workload is in queue for scheduling. Please wait...
[08:13:29.217802] Event Reason: FailedScheduling, Event Note: 0/13 nodes are available: pod has unbound immediate PersistentVolumeClaims. preemption: 0/13 nodes are available: 13 Preemption is not helpful for scheduling.
[08:13:29.217802] Workload is in queue for scheduling. Please wait...
[08:13:31.956573] VESSL Workload assigned successfully. Starting soon.
[08:13:33.000000] Container image "quay.io/vessl-ai/kernels-toolbox:0.1.188" already present on machine
[08:13:33.000000] Created container vops-init
[08:13:33.000000] Started container vops-init
[08:13:34.000000] Started container run-sidecar
[08:13:34.000000] Creating VESSL Workload...
[08:13:34.000000] Created container ttyd-sidecar
[08:13:34.000000] Starting VESSL Workload...
[08:13:34.000000] Created container run-exec
[08:13:34.000000] Container image "quay.io/vessl-ai/kernels-toolbox:0.1.188" already present on machine
[08:13:34.000000] Started container run-exec
[08:13:34.000000] Started container fluentbit
[08:13:34.000000] Started container ttyd-sidecar
[08:13:34.000000] Container image "quay.io/vessl-ai/fluent-bit:2.1.6" already present on machine
[08:13:34.000000] Container image "quay.io/vessl-ai/sidecar:v0.0.3" already present on machine
[08:13:34.000000] Container image "nvcr.io/nvidia/jax:24.04-py3" already present on machine
[08:13:34.001000] Container image "nvcr.io/nvidia/jax:24.04-py3" already present on machine
[08:13:35.000000] Created container vops-sidecar
[08:13:35.000000] Started container vops-sidecar
[08:13:35.133493] Installing VESSL CLI...
[08:13:35.752085] workload reported alive as pod run-execution-pwps4fp5f78o-0
[08:13:35.752185] Workload status changed to initializing
[08:13:36.851108] + set +x
[08:13:39.918706] vessl, version 0.1.199
[08:13:41.968669] workload reported alive as pod run-execution-pwps4fp5f78o-0
[08:13:41.968770] Workload status changed to running
[08:13:42.173027] + mkdir -p /root
[08:13:42.175064] + cd /root
[08:13:42.175774] + cd /root/workspace/byungkwan-workspace/research/rfx
[08:13:42.195884] + pip install -q -e .
[08:13:47.501759] WARNING: Running pip as the 'root' user can result in broken permissions and conflicting behaviour with the system package manager. It is recommended to use a virtual environment instead: https://pip.pypa.io/warnings/venv
[08:13:47.582465] + python -c 'import jax; print(f'"'"'Backend: {jax.default_backend()}'"'"')'
[08:13:48.243339] Backend: gpu
[08:13:48.308061] + python examples/15_fine_grid_test.py
[08:13:49.355520] dx=0.25mm, grid=(516, 551, 238)
[08:13:49.355730] Cells: 67.7M, est memory: 1.6GB
[08:13:49.355825] h/dx=6, L/dx=118
[08:13:49.355901] n_steps=20981, T_sim=10.0ns
[08:13:49.355956]
[08:13:49.356018] Running with subpixel smoothing...
[08:25:42.756410] Runtime: 713.4s (1990 Mcells/s)
[08:26:23.381815]
[08:26:23.381991] Harminv modes:
[08:26:23.509601] FFT: 1.5545 GHz (err=35.23%)
[08:26:23.681869] workload reported done
[08:26:23.681969] Workload status changed to stopping
[08:26:30.295952] + set +x
[08:26:35.327310] workload reported done
[08:26:35.327410] Workload status changed to waitToBeKilled
[08:26:36.000000] Stopping container vops-sidecar
[08:26:36.000000] Stopping container run-sidecar
[08:26:36.000000] Stopping container run-exec
[08:26:36.000000] Terminating VESSL Workload...
[08:26:36.077916] workload completed
[08:26:36.078017] Workload status changed to completed
