Organization: remilab
Project: byungkwan
[14:12:05.471001] workload awaiting to start
[14:12:05.471102] Workload status changed to pending
[14:12:11.925813] Event Reason: FailedScheduling, Event Note: 0/13 nodes are available: pod has unbound immediate PersistentVolumeClaims. preemption: 0/13 nodes are available: 13 Preemption is not helpful for scheduling.
[14:12:11.925813] Workload is in queue for scheduling. Please wait...
[14:12:13.997219] VESSL Workload assigned successfully. Starting soon.
[14:12:15.000000] Container image "quay.io/vessl-ai/kernels-toolbox:0.1.188" already present on machine
[14:12:15.000000] Created container vops-init
[14:12:15.000000] Container image "nvcr.io/nvidia/jax:24.10-py3" already present on machine
[14:12:15.000000] Started container vops-init
[14:12:15.001000] Container image "nvcr.io/nvidia/jax:24.10-py3" already present on machine
[14:12:16.000000] Started container run-sidecar
[14:12:16.000000] Creating VESSL Workload...
[14:12:16.000000] Created container vops-sidecar
[14:12:16.000000] Created container ttyd-sidecar
[14:12:16.000000] Starting VESSL Workload...
[14:12:16.000000] Started container vops-sidecar
[14:12:16.000000] Created container run-exec
[14:12:16.000000] Container image "quay.io/vessl-ai/kernels-toolbox:0.1.188" already present on machine
[14:12:16.000000] Started container run-exec
[14:12:16.000000] Started container fluentbit
[14:12:16.000000] Created container fluentbit
[14:12:16.000000] Started container ttyd-sidecar
[14:12:16.000000] Container image "quay.io/vessl-ai/fluent-bit:2.1.6" already present on machine
[14:12:16.000000] Created container run-sidecar
[14:12:16.847362] Installing VESSL CLI...
[14:12:17.477627] workload reported alive as pod run-execution-n7gkjs19us0n-0
[14:12:17.477727] Workload status changed to initializing
[14:12:18.680207] + set +x
[14:12:22.053167] vessl, version 0.1.199
[14:12:23.814450] workload reported alive as pod run-execution-n7gkjs19us0n-0
[14:12:23.814550] Workload status changed to running
[14:12:24.005079] + mkdir -p /root
[14:12:24.007061] + cd /root
[14:12:24.007392] + set -euo pipefail
[14:12:24.007400] + cd /root
[14:12:24.007408] + git clone https://github.com/BK3536/rfx.git
[14:12:24.009634] Cloning into 'rfx'...
[14:12:26.418985] + cd rfx
[14:12:26.419002] + pip install --quiet -e '.[all]'
[14:12:29.454882] WARNING: rfx 1807.8.6 does not provide the extra 'dashboard'
[14:12:29.454915] WARNING: rfx 1807.8.6 does not provide the extra 'dev'
[14:12:29.454916] WARNING: rfx 1807.8.6 does not provide the extra 'optimization'
[14:12:29.455101] WARNING: rfx 1807.8.6 does not provide the extra 'visualization'
[14:12:34.146082] WARNING: Running pip as the 'root' user can result in broken permissions and conflicting behaviour with the system package manager. It is recommended to use a virtual environment instead: https://pip.pypa.io/warnings/venv
[14:12:34.349266] + python -c 'import jax; print('"'"'JAX devices:'"'"', jax.devices())'
[14:12:34.638829] JAX devices: [CudaDevice(id=0)]
[14:12:34.687750] + nvidia-smi
[14:12:34.725244] Sun Apr  5 14:12:34 2026
[14:12:34.725293] +---------------------------------------------------------------------------------------+
[14:12:34.725307] | NVIDIA-SMI 535.288.01             Driver Version: 535.288.01   CUDA Version: 12.2     |
[14:12:34.725315] |-----------------------------------------+----------------------+----------------------+
[14:12:34.725322] | GPU  Name                 Persistence-M | Bus-Id        Disp.A | Volatile Uncorr. ECC |
[14:12:34.725330] | Fan  Temp   Perf          Pwr:Usage/Cap |         Memory-Usage | GPU-Util  Compute M. |
[14:12:34.725338] |                                         |                      |               MIG M. |
[14:12:34.725349] |=========================================+======================+======================|
[14:12:34.745510] |   0  NVIDIA GeForce RTX 4090        Off | 00000000:01:00.0 Off |                  Off |
[14:12:34.745527] |  0%   36C    P0              21W / 450W |      1MiB / 24564MiB |      2%      Default |
[14:12:34.745529] |                                         |                      |                  N/A |
[14:12:34.745532] +-----------------------------------------+----------------------+----------------------+
[14:12:34.745534]
[14:12:34.745536] +---------------------------------------------------------------------------------------+
[14:12:34.745538] | Processes:                                                                            |
[14:12:34.745540] |  GPU   GI   CI        PID   Type   Process name                            GPU Memory |
[14:12:34.745541] |        ID   ID                                                             Usage      |
[14:12:34.745543] |=======================================================================================|
[14:12:34.745545] |  No running processes found                                                           |
[14:12:34.745547] +---------------------------------------------------------------------------------------+
[14:12:34.794944] + mkdir -p /output/ex3
[14:12:34.795519] + cp /root/workspace/bk-workspace/papers/rfx-tap/experiments/ex3_farfield_steering.py .
[14:12:34.825145] + OUTPUT_DIR=/output/ex3 python ex3_farfield_steering.py
[14:12:35.436940] Device: DeviceInfo(backend='gpu', gpu_available=True, devices=[{'id': 0, 'kind': 'NVIDIA GeForce RTX 4090', 'platform': 'gpu'}])
[14:12:35.437068]
[14:12:35.437075] === Building simulation (dx=3.00 mm, est. 109 MB) ===
[14:12:35.627472]
[14:12:35.627496] === Pre-optimization NTFF sanity check (sim.run) ===
[14:13:06.839213]   ntff_data is None: False
[14:13:06.839231]   ntff_box is None: False
[14:13:06.839539]   max|ntff_data.x_lo| = 2.109442e-11
[14:13:06.840884]   Far-field (NumPy): P_broad=8.632166e-30, P_30deg=3.683555e-27
[14:13:06.840891]   WARNING: far-field power is near-zero. NTFF may not be working correctly.
[14:13:06.840892]   Skipping gradient-based optimization. Using probe-array fallback.
[14:13:06.840893]
[14:13:06.840894] === Beam steering optimization ===
[14:13:06.840895] Target: steer main beam to theta~30.0 deg via near-field probe ratio
[14:13:06.970575]   optimize: n_steps=3000, grid=(42, 42, 39) (0.1M cells)
[14:13:22.429257]   [diag] ntff_data=True, ntff_box=True
[14:13:22.498557]   [diag] max|x_lo|=1.3557198419444916e-10
[14:13:23.895118]   [diag] P_broad=1.7215731849589204e-25, P_target=1.760361352409121e-25
[14:13:27.593466]   iter    0  loss = -1.760361e-13
[14:13:42.293262]   [diag] max|x_lo|=1.3557198419444916e-10
[14:13:42.350927]   [diag] P_broad=1.7215731849589204e-25, P_target=1.760361352409121e-25
[14:13:59.976380]   [diag] P_broad=1.7215731849589204e-25, P_target=1.760361352409121e-25
[14:14:17.376902]   [diag] P_broad=1.7215731849589204e-25, P_target=1.760361352409121e-25
[14:14:35.207263]   [diag] P_broad=1.7215731849589204e-25, P_target=1.760361352409121e-25
[14:14:53.302039]   [diag] P_broad=1.7215731849589204e-25, P_target=1.760361352409121e-25
[14:15:11.223611]   [diag] P_broad=1.7215731849589204e-25, P_target=1.760361352409121e-25
[14:15:29.235845]   [diag] P_broad=1.7215731849589204e-25, P_target=1.760361352409121e-25
[14:15:46.891418]   [diag] P_broad=1.7215731849589204e-25, P_target=1.760361352409121e-25
[14:16:04.614995]   [diag] P_broad=1.7215756501492492e-25, P_target=1.7603618454471868e-25
[14:16:22.422126]   [diag] P_broad=1.7215756501492492e-25, P_target=1.7603618454471868e-25
[14:16:24.761353]   iter   10  loss = -1.760362e-13
[14:16:40.223432]   [diag] P_broad=1.7215756501492492e-25, P_target=1.7603618454471868e-25
[14:16:57.997816]   [diag] P_broad=1.7215756501492492e-25, P_target=1.7603620919662197e-25
[14:17:15.505229]   [diag] P_broad=1.7215756501492492e-25, P_target=1.7603620919662197e-25
[14:17:33.399079]   [diag] P_broad=1.7215756501492492e-25, P_target=1.7603620919662197e-25
[14:17:51.237399]   [diag] P_broad=1.7215756501492492e-25, P_target=1.7603618454471868e-25
[14:18:08.766389]   [diag] P_broad=1.7215756501492492e-25, P_target=1.760361598928154e-25
[14:18:26.677100]   [diag] P_broad=1.7215756501492492e-25, P_target=1.7603618454471868e-25
[14:18:44.195174]   [diag] P_broad=1.7215756501492492e-25, P_target=1.7603620919662197e-25
[14:19:02.190349]   [diag] P_broad=1.7215671452426148e-25, P_target=1.7603542033571675e-25
[14:19:19.723529]   [diag] P_broad=1.7215703499900422e-25, P_target=1.7603473008242468e-25
[14:19:22.073888]   iter   20  loss = -1.760347e-13
[14:19:37.207523]   [diag] P_broad=1.7215784851181273e-25, P_target=1.7603549429142662e-25
[14:19:55.245939]   [diag] P_broad=1.721570596509075e-25, P_target=1.7603473008242468e-25
[14:20:12.725784]   [diag] P_broad=1.721570596509075e-25, P_target=1.7603473008242468e-25
[14:20:31.130366]   [diag] P_broad=1.7215701034710094e-25, P_target=1.7603473008242468e-25
[14:20:48.642661]   [diag] P_broad=1.7215676382806805e-25, P_target=1.7603566685474963e-25
[14:21:06.191333]   [diag] P_broad=1.721570596509075e-25, P_target=1.7603473008242468e-25
[14:21:24.362815]   [diag] P_broad=1.721570596509075e-25, P_target=1.7603473008242468e-25
[14:21:41.826436]   [diag] P_broad=1.721570596509075e-25, P_target=1.7603473008242468e-25
[14:21:59.343130]   [diag] P_broad=1.721570596509075e-25, P_target=1.7603473008242468e-25
[14:22:17.564159]   [diag] P_broad=1.721570843028108e-25, P_target=1.7603475473432797e-25
[14:22:19.923805]   iter   30  loss = -1.760348e-13
[14:22:35.089264]   [diag] P_broad=1.721570596509075e-25, P_target=1.7603473008242468e-25
[14:22:52.563308]   [diag] P_broad=1.7215832922392685e-25, P_target=1.7603545731357168e-25
[14:23:10.074636]   [diag] P_broad=1.721570843028108e-25, P_target=1.7603473008242468e-25
[14:23:28.404369]   [diag] P_broad=1.721570596509075e-25, P_target=1.7603473008242468e-25
[14:23:45.927104]   [diag] P_broad=1.7215832922392685e-25, P_target=1.7603546963952333e-25
[14:24:03.380643]   [diag] P_broad=1.7215835387583014e-25, P_target=1.7603545731357168e-25
[14:24:21.806700]   [diag] P_broad=1.7215832922392685e-25, P_target=1.7603544498762004e-25
[14:24:39.334744]   [diag] P_broad=1.7215835387583014e-25, P_target=1.7603545731357168e-25
[14:24:56.820890]   [diag] P_broad=1.721570843028108e-25, P_target=1.7603466845266646e-25
[14:25:14.325844]   [diag] P_broad=1.7215827992012028e-25, P_target=1.7603549429142662e-25
[14:25:16.685046]   iter   40  loss = -1.760355e-13
[14:25:31.901255]   [diag] P_broad=1.7215841550558836e-25, P_target=1.7603548196547497e-25
[14:25:50.406560]   [diag] P_broad=1.7215841550558836e-25, P_target=1.7603548196547497e-25
[14:26:07.886462]   [diag] P_broad=1.7215825526821699e-25, P_target=1.760355189433299e-25
[14:26:25.377768]   [diag] P_broad=1.7215837852773343e-25, P_target=1.760355435952332e-25
[14:26:42.868505]   [diag] P_broad=1.721583168979752e-25, P_target=1.760355435952332e-25
[14:27:01.480026]   [diag] P_broad=1.7215888389175083e-25, P_target=1.7603652967136472e-25
[14:27:18.991438]   [diag] P_broad=1.7215841550558836e-25, P_target=1.7603548196547497e-25
[14:27:36.532883]   [diag] P_broad=1.721583168979752e-25, P_target=1.760355435952332e-25
[14:27:54.022242]   [diag] P_broad=1.7215888389175083e-25, P_target=1.7603652967136472e-25
[14:28:11.564292]   [diag] P_broad=1.7215703499900422e-25, P_target=1.7603475473432797e-25
[14:28:13.925634]   iter   50  loss = -1.760348e-13
[14:28:30.388766]   [diag] P_broad=1.7215837852773343e-25, P_target=1.760355435952332e-25
[14:28:47.925307]   [diag] P_broad=1.721585634170081e-25, P_target=1.7603672688659102e-25
[14:29:05.404735]   [diag] P_broad=1.7215858806891138e-25, P_target=1.7603672688659102e-25
[14:29:22.947607]   [diag] P_broad=1.7215858806891138e-25, P_target=1.7603672688659102e-25
[14:29:40.461687]   [diag] P_broad=1.7215835387583014e-25, P_target=1.7603745411773802e-25
[14:29:57.959995]   [diag] P_broad=1.7215858806891138e-25, P_target=1.7603672688659102e-25
[14:30:16.855985]   [diag] P_broad=1.7215852643915316e-25, P_target=1.760367761903976e-25
[14:30:34.373928]   [diag] P_broad=1.7215793479347424e-25, P_target=1.7603588872187923e-25
[14:30:51.888856]   [diag] P_broad=1.7215827992012028e-25, P_target=1.7603755272535118e-25
[14:30:54.246962]   iter   59  loss = -1.760376e-13
[14:30:54.286861]
[14:30:54.286878] Optimization complete: 1067.4s
[14:30:54.286879]
[14:30:54.286880] === Computing final radiation patterns (full angular scan) ===
[14:31:31.397699]
[14:31:31.397717] === Running initial (no-parasitic) simulation for comparison ===
[14:32:09.006062]
[14:32:09.006080] Metrics:
[14:32:09.006081] {
[14:32:09.006082]   "experiment": "ex3_farfield_steering",
[14:32:09.006083]   "device": "DeviceInfo(backend='gpu', gpu_available=True, devices=[{'id': 0, 'kind': 'NVIDIA GeForce RTX 4090', 'platform': 'gpu'}])",
[14:32:09.006085]   "target_theta_deg": 30.0,
[14:32:09.006086]   "peak_theta_deg": 97.0,
[14:32:09.006086]   "steering_error_deg": 67.0,
[14:32:09.006088]   "peak_gain_dBi": 4.760737809696459,
[14:32:09.006088]   "hpbw_deg": 95.04474013484888,
[14:32:09.006090]   "n_iterations": 60,
[14:32:09.006091]   "optimization_time_s": 1067.4,
[14:32:09.006092]   "initial_loss": -1.7603613336990287e-13,
[14:32:09.006093]   "final_loss": -1.7603755638525426e-13,
[14:32:09.006093]   "beta_schedule": [
[14:32:09.006094]     [
[14:32:09.006096]       0,
[14:32:09.006097]       1
[14:32:09.006098]     ],
[14:32:09.006099]     [
[14:32:09.006100]       20,
[14:32:09.006100]       4
[14:32:09.006101]     ],
[14:32:09.006102]     [
[14:32:09.006103]       40,
[14:32:09.006104]       16
[14:32:09.006105]     ],
[14:32:09.006105]     [
[14:32:09.006106]       60,
[14:32:09.006107]       64
[14:32:09.006108]     ]
[14:32:09.006109]   ],
[14:32:09.006110]   "dx_mm": 3.0
[14:32:09.006111] }
[14:32:09.098173] Saved: /output/ex3/convergence.png
[14:32:09.249574] Saved: /output/ex3/pattern_comparison.png
[14:32:09.391817] Saved: /output/ex3/parasitic_layout.png
[14:32:09.392372]
[14:32:09.392379] All results saved to /output/ex3/
[14:32:16.101331] + echo '[done] ex3 farfield'
[14:32:16.101331] [done] ex3 farfield
[14:32:16.118919] workload reported done
[14:32:16.119019] Workload status changed to stopping
[14:32:24.178346] + set +x
[14:32:29.202208] workload reported done
[14:32:29.202308] Workload status changed to waitToBeKilled
[14:32:30.000000] Stopping container vops-sidecar
[14:32:30.000000] Stopping container run-sidecar
[14:32:30.000000] Stopping container run-exec
[14:32:30.000000] Terminating VESSL Workload...
[14:32:30.000000] Stopping container ttyd-sidecar
[14:32:30.000000] Stopping container fluentbit
[14:32:30.064214] workload completed
