Organization: remilab
Project: byungkwan
[14:31:05.439495] workload awaiting to start
[14:31:05.439595] Workload status changed to pending
[14:31:08.904911] Event Reason: FailedScheduling, Event Note: 0/13 nodes are available: pod has unbound immediate PersistentVolumeClaims. preemption: 0/13 nodes are available: 13 Preemption is not helpful for scheduling.
[14:31:08.904911] Workload is in queue for scheduling. Please wait...
[14:31:18.562838] VESSL Workload assigned successfully. Starting soon.
[14:31:19.000000] Container image "quay.io/vessl-ai/kernels-toolbox:0.1.188" already present on machine
[14:31:19.000000] Created container vops-init
[14:31:19.000000] Started container vops-init
[14:31:21.000000] Creating VESSL Workload...
[14:31:21.000000] Created container vops-sidecar
[14:31:21.000000] Created container ttyd-sidecar
[14:31:21.000000] Starting VESSL Workload...
[14:31:21.000000] Started container vops-sidecar
[14:31:21.000000] Created container run-exec
[14:31:21.000000] Container image "quay.io/vessl-ai/kernels-toolbox:0.1.188" already present on machine
[14:31:21.000000] Started container run-exec
[14:31:21.000000] Started container fluentbit
[14:31:21.000000] Created container fluentbit
[14:31:21.000000] Container image "nvcr.io/nvidia/jax:24.10-py3" already present on machine
[14:31:21.000000] Started container ttyd-sidecar
[14:31:21.000000] Container image "quay.io/vessl-ai/fluent-bit:2.1.6" already present on machine
[14:31:21.001000] Container image "nvcr.io/nvidia/jax:24.10-py3" already present on machine
[14:31:21.973776] Installing VESSL CLI...
[14:31:22.507167] workload reported alive as pod run-execution-c2wkfz9z3b2m-0
[14:31:22.507267] Workload status changed to initializing
[14:31:23.676358] + set +x
[14:31:27.240129] vessl, version 0.1.199
[14:31:28.788865] workload reported alive as pod run-execution-c2wkfz9z3b2m-0
[14:31:28.788965] Workload status changed to running
[14:31:28.922773] + mkdir -p /root
[14:31:28.924696] + cd /root
[14:31:28.925097] + cd /root/workspace/byungkwan-workspace/research/rfx
[14:31:28.937076] + git config --global --add safe.directory /root/workspace/byungkwan-workspace/research/rfx
[14:31:28.960162] + git pull --ff-only origin main
[14:31:30.076713] From https://github.com/BK3536/rfx
[14:31:30.076760]  * branch            main       -> FETCH_HEAD
[14:31:30.188941] Already up to date.
[14:31:30.189796] + pip install -q -e '.[dev]'
[14:31:38.606467] WARNING: Running pip as the 'root' user can result in broken permissions and conflicting behaviour with the system package manager. It is recommended to use a virtual environment instead: https://pip.pypa.io/warnings/venv
[14:31:38.763095] + echo '==== NTFF Deep Diagnosis ===='
[14:31:38.763114] + python scripts/diagnose_ntff_deep.py
[14:31:38.763127] ==== NTFF Deep Diagnosis ====
[14:31:40.024114] Grid: 51x51x51, steps=2099, dt=3.81ps
[14:31:40.192245] NTFF box: i=[22,27], j=[22,27], k=[22,27]
[14:31:40.192268] Grid shape: (51, 51, 51), CPML=10
[14:31:40.192271] Interior region: [10, 41] x [10, 41] x [10, 41]
[14:31:40.192273] NTFF box inside interior: x=[22>10?], x_hi=[27<41?]
[14:31:44.082758]
[14:31:44.082798] Probe time series shape: (2099, 3)
[14:31:44.082813]   Probe 0 (x_lo face): max|Ez| = 5.7226e-02
[14:31:44.082818]   Probe 1 (x_hi face): max|Ez| = 1.9853e-01
[14:31:44.082822]   Probe 2 (center): max|Ez| = 4.7794e+00
[14:31:44.083444]   NTFF x_lo: max|val|=2.1568e-13
[14:31:44.083907]   NTFF x_hi: max|val|=7.8093e-13
[14:31:44.084367]   NTFF y_lo: max|val|=2.1568e-13
[14:31:44.084762]   NTFF y_hi: max|val|=7.8093e-13
[14:31:44.085115]   NTFF z_lo: max|val|=1.1717e-13
[14:31:44.085479]   NTFF z_hi: max|val|=1.4478e-12
[14:31:44.085708]   Kahan c_x_lo: max|val|=6.7000e-21
[14:31:44.085781]   Kahan c_x_hi: max|val|=1.9555e-20
[14:31:44.085789]
[14:31:44.085794] --- Manual DFT at 5 GHz ---
[14:31:44.086094]   Probe 0 (x_lo face): manual DFT at 5GHz = 2.1568e-13
[14:31:44.086145]   Probe 1 (x_hi face): manual DFT at 5GHz = 7.8093e-13
[14:31:44.086261]   Probe 2 (center): manual DFT at 5GHz = 1.9372e-11
[14:31:44.219870] + echo
[14:31:44.219893] + echo '==== Waveguide normalize=True vs False ===='
[14:31:44.219896] + python scripts/diagnose_wg_normalize.py
[14:31:44.219907]
[14:31:44.219910] ==== Waveguide normalize=True vs False ====
[14:31:45.111344]
[14:31:45.111383] ==================================================
[14:31:45.111391] normalize = False
[14:31:45.111397] ==================================================
[14:31:47.117421]   Mean |S11| = 0.1349
[14:31:47.117443]   Mean |S21| = 0.7810
[14:31:47.117445]   Mean |S12| = 0.8203
[14:31:47.117447]   |S21-S12| rel = 6.34%
[14:31:47.117449]   Power: |S11|²+|S21|² = 0.6408
[14:31:47.117451]
[14:31:47.117453] ==================================================
[14:31:47.117455] normalize = True
[14:31:47.117467] ==================================================
[14:31:49.454410]   Mean |S11| = 0.1349
[14:31:49.454432]   Mean |S21| = 1.0000
[14:31:49.454433]   Mean |S12| = 1.0000
[14:31:49.454434]   |S21-S12| rel = 0.00%
[14:31:49.454436]   Power: |S11|²+|S21|² = 1.0239
[14:31:49.584614] workload reported done
[14:31:49.584714] Workload status changed to stopping
[14:32:04.938253] + set +x
[14:32:09.927968] workload reported done
[14:32:09.928068] Workload status changed to waitToBeKilled
[14:32:12.000000] Stopping container vops-sidecar
[14:32:12.000000] Stopping container run-sidecar
[14:32:12.000000] Stopping container run-exec
[14:32:12.000000] Terminating VESSL Workload...
[14:32:12.000000] Stopping container ttyd-sidecar
[14:32:12.000000] Stopping container fluentbit
[14:32:12.101910] Workload status changed to completed
