Organization: remilab
Project: byungkwan
[02:54:16.019183] workload awaiting to start
[02:54:16.019283] Workload status changed to pending
[02:54:26.455164] VESSL Workload assigned successfully. Starting soon.
[02:54:27.000000] Container image "quay.io/vessl-ai/kernels-toolbox:0.1.188" already present on machine
[02:54:27.000000] Created container vops-init
[02:54:27.000000] Started container vops-init
[02:54:28.000000] Started container run-sidecar
[02:54:28.000000] Creating VESSL Workload...
[02:54:28.000000] Created container ttyd-sidecar
[02:54:28.000000] Starting VESSL Workload...
[02:54:28.000000] Created container run-exec
[02:54:28.000000] Container image "quay.io/vessl-ai/kernels-toolbox:0.1.188" already present on machine
[02:54:28.000000] Started container run-exec
[02:54:28.000000] Started container fluentbit
[02:54:28.000000] Created container fluentbit
[02:54:28.000000] Container image "nvcr.io/nvidia/jax:24.10-py3" already present on machine
[02:54:28.000000] Container image "quay.io/vessl-ai/fluent-bit:2.1.6" already present on machine
[02:54:28.000000] Container image "quay.io/vessl-ai/sidecar:v0.0.3" already present on machine
[02:54:28.000000] Created container run-sidecar
[02:54:28.001000] Container image "nvcr.io/nvidia/jax:24.10-py3" already present on machine
[02:54:29.000000] Created container vops-sidecar
[02:54:29.000000] Started container vops-sidecar
[02:54:29.000000] Container image "quay.io/vessl-ai/kernels-toolbox:0.1.188" already present on machine
[02:54:29.000000] Started container ttyd-sidecar
[02:54:29.275250] Installing VESSL CLI...
[02:54:29.755059] workload reported alive as pod run-execution-pf7wvdcgeq6c-0
[02:54:29.755159] Workload status changed to initializing
[02:54:30.883822] + set +x
[02:54:34.375693] vessl, version 0.1.199
[02:54:36.005967] workload reported alive as pod run-execution-pf7wvdcgeq6c-0
[02:54:36.006068] Workload status changed to running
[02:54:36.280696] + mkdir -p /root
[02:54:36.282745] + cd /root
[02:54:36.283327] + set -euo pipefail
[02:54:36.283349] + cd /root
[02:54:36.283359] + git clone https://github.com/BK3536/rfx.git
[02:54:36.285625] Cloning into 'rfx'...
[02:54:38.408144] + cd rfx
[02:54:38.408163] + pip install --quiet -e '.[all]'
[02:54:41.985481] WARNING: rfx 1807.8.6 does not provide the extra 'dashboard'
[02:54:41.985510] WARNING: rfx 1807.8.6 does not provide the extra 'dev'
[02:54:41.985591] WARNING: rfx 1807.8.6 does not provide the extra 'optimization'
[02:54:41.985597] WARNING: rfx 1807.8.6 does not provide the extra 'visualization'
[02:54:47.109420] WARNING: Running pip as the 'root' user can result in broken permissions and conflicting behaviour with the system package manager. It is recommended to use a virtual environment instead: https://pip.pypa.io/warnings/venv
[02:54:47.314496] + python -c 'import jax; print('"'"'JAX devices:'"'"', jax.devices())'
[02:54:47.633057] JAX devices: [CudaDevice(id=0)]
[02:54:47.681962] + nvidia-smi
[02:54:47.748806] Sun Apr  5 02:54:47 2026
[02:54:47.748827] +---------------------------------------------------------------------------------------+
[02:54:47.748838] | NVIDIA-SMI 535.288.01             Driver Version: 535.288.01   CUDA Version: 12.2     |
[02:54:47.748845] |-----------------------------------------+----------------------+----------------------+
[02:54:47.748850] | GPU  Name                 Persistence-M | Bus-Id        Disp.A | Volatile Uncorr. ECC |
[02:54:47.748855] | Fan  Temp   Perf          Pwr:Usage/Cap |         Memory-Usage | GPU-Util  Compute M. |
[02:54:47.748861] |                                         |                      |               MIG M. |
[02:54:47.748866] |=========================================+======================+======================|
[02:54:47.767457] |   0  NVIDIA GeForce RTX 4090        Off | 00000000:01:00.0 Off |                  Off |
[02:54:47.767467] |  0%   32C    P0              23W / 450W |      1MiB / 24564MiB |      0%      Default |
[02:54:47.767468] |                                         |                      |                  N/A |
[02:54:47.767469] +-----------------------------------------+----------------------+----------------------+
[02:54:47.767470]
[02:54:47.767471] +---------------------------------------------------------------------------------------+
[02:54:47.767472] | Processes:                                                                            |
[02:54:47.767473] |  GPU   GI   CI        PID   Type   Process name                            GPU Memory |
[02:54:47.767474] |        ID   ID                                                             Usage      |
[02:54:47.767475] |=======================================================================================|
[02:54:47.767491] |  No running processes found                                                           |
[02:54:47.767492] +---------------------------------------------------------------------------------------+
[02:54:47.811041] + mkdir -p /output/ex2
[02:54:47.811624] + cp /root/workspace/bk-workspace/papers/rfx-tap/experiments/ex2_filter_topology.py .
[02:54:47.837493] + OUTPUT_DIR=/output/ex2 python ex2_filter_topology.py
[02:54:48.452370] Device: DeviceInfo(backend='gpu', gpu_available=True, devices=[{'id': 0, 'kind': 'NVIDIA GeForce RTX 4090', 'platform': 'gpu'}])
[02:54:48.452446]
[02:54:48.452456] === Grid: dx=1.500 mm, est. 17802 MB ===
[02:54:48.452498]
[02:54:48.452499] === Topology optimization: 120 iterations ===
[02:54:48.452500] Beta schedule: 1@0, 4@30, 16@60, 32@80, 64@100
[02:54:55.248744]   iter    0  loss = -1.729874e+05  beta = 1.0  binarization = 1.000
[02:55:29.479670]   iter   10  loss = -1.729874e+05  beta = 1.0  binarization = 0.978
[02:56:02.411294]   iter   20  loss = -1.729874e+05  beta = 1.0  binarization = 0.925
[02:56:35.648736]   iter   30  loss = -1.729875e+05  beta = 4.0  binarization = 0.610
[02:57:07.901450]   iter   40  loss = -1.729875e+05  beta = 4.0  binarization = 0.486
[02:57:39.930352]   iter   50  loss = -1.729875e+05  beta = 4.0  binarization = 0.399
[02:58:12.145409]   iter   60  loss = -1.729875e+05  beta = 16.0  binarization = 0.043
[02:58:45.025662]   iter   70  loss = -1.729875e+05  beta = 16.0  binarization = 0.044
[02:59:17.010926]   iter   80  loss = -1.729875e+05  beta = 32.0  binarization = 0.039
[02:59:48.755355]   iter   90  loss = -1.729876e+05  beta = 32.0  binarization = 0.046
[03:00:20.698098]   iter  100  loss = -1.729876e+05  beta = 64.0  binarization = 0.027
[03:00:52.785589]   iter  110  loss = -1.729876e+05  beta = 64.0  binarization = 0.023
[03:01:22.338550]   iter  119  loss = -1.729876e+05  beta = 64.0  binarization = 0.018
[03:01:22.369124]
[03:01:22.369142] Optimization complete in 393.9s
[03:01:22.732070]
[03:01:22.732091] Generating topology_evolution.png ...
[03:01:22.752562] /root/rfx/ex2_filter_topology.py:280: UserWarning: This figure includes Axes that are not compatible with tight_layout, so results might be incorrect.
[03:01:22.752567]   plt.tight_layout()
[03:01:23.019220] Saved: topology_evolution.png
[03:01:23.019239] Generating convergence.png ...
[03:01:23.036061] /root/rfx/ex2_filter_topology.py:313: UserWarning: Tight layout not applied. The bottom and top margins cannot be made large enough to accommodate all Axes decorations.
[03:01:23.036075]   plt.tight_layout()
[03:01:23.105180] Saved: convergence.png
[03:01:23.105194] Generating binary_design.png ...
[03:01:23.290677] Saved: binary_design.png
[03:01:23.290694]
[03:01:23.290696] === S-parameter sweeps ===
[03:01:23.290697] Running S-param sweep: initial (no topology) ...
[03:04:47.542948]   done in 204.3s
[03:04:47.542968] Running S-param sweep: optimized (base + feed lines, no design region material) ...
[03:08:07.518672]   done in 200.0s
[03:08:07.518692] Running S-param sweep: binary (full-metal design region as PEC proxy) ...
[03:11:31.888524]   done in 204.4s
[03:11:31.888548] Generating sparam_comparison.png ...
[03:11:32.070436] Saved: sparam_comparison.png
[03:11:32.070679]
[03:11:32.070684] Metrics saved: /output/ex2/metrics.json
[03:11:32.070774] {
[03:11:32.070777]   "experiment": "ex2_filter_topology",
[03:11:32.070791]   "device": "DeviceInfo(backend='gpu', gpu_available=True, devices=[{'id': 0, 'kind': 'NVIDIA GeForce RTX 4090', 'platform': 'gpu'}])",
[03:11:32.070794]   "total_iters": 120,
[03:11:32.070796]   "opt_time_s": 393.9,
[03:11:32.070797]   "initial_loss": -172987.40625,
[03:11:32.070799]   "final_loss": -172987.59375,
[03:11:32.070800]   "improvement_pct": -0.0,
[03:11:32.070802]   "design_region_cells": [
[03:11:32.070803]     22,
[03:11:32.070804]     13,
[03:11:32.070806]     2
[03:11:32.070808]   ],
[03:11:32.070809]   "binarization": 0.0378,
[03:11:32.070811]   "passband_ghz": [
[03:11:32.070812]     2.0,
[03:11:32.070814]     2.5
[03:11:32.070815]   ],
[03:11:32.070817]   "beta_schedule": [
[03:11:32.070818]     [
[03:11:32.070819]       0,
[03:11:32.070821]       1
[03:11:32.070822]     ],
[03:11:32.070823]     [
[03:11:32.070825]       30,
[03:11:32.070827]       4
[03:11:32.070828]     ],
[03:11:32.070829]     [
[03:11:32.070831]       60,
[03:11:32.070832]       16
[03:11:32.070834]     ],
[03:11:32.070835]     [
[03:11:32.070837]       80,
[03:11:32.070838]       32
[03:11:32.070839]     ],
[03:11:32.070841]     [
[03:11:32.070842]       100,
[03:11:32.070844]       64
[03:11:32.070845]     ]
[03:11:32.070847]   ],
[03:11:32.070848]   "filter_radius_mm": 3.0,
[03:11:32.070849]   "dx_mm": 1.5,
[03:11:32.070851]   "insertion_loss_dB": 140.4589080810547,
[03:11:32.070852]   "return_loss_dB": 0.14361795783042908,
[03:11:32.070854]   "bandwidth_MHz": null,
[03:11:32.070855]   "binary_insertion_loss_dB": 140.4589080810547,
[03:11:32.070857]   "binary_return_loss_dB": 0.14361795783042908,
[03:11:32.070858]   "binary_bandwidth_MHz": null
[03:11:32.070859] }
[03:11:32.070861]
[03:11:32.070862] All outputs written to: /output/ex2/
[03:11:32.070864] Done.
[03:11:41.883093] workload reported done
[03:11:41.883193] Workload status changed to stopping
[03:11:41.903338] + echo '[done] ex2 filter topology'
[03:11:41.903373] [done] ex2 filter topology
[03:11:48.409988] + set +x
[03:11:53.401393] workload reported done
[03:11:53.401493] Workload status changed to waitToBeKilled
[03:11:54.000000] Stopping container vops-sidecar
[03:11:54.000000] Stopping container run-sidecar
[03:11:54.000000] Stopping container run-exec
[03:11:54.000000] Terminating VESSL Workload...
[03:11:54.000000] Stopping container ttyd-sidecar
[03:11:54.111708] workload completed
[03:11:54.111809] Workload status changed to completed
