Organization: remilab
Project: byungkwan
[02:12:04.881448] workload awaiting to start
[02:12:04.881548] Workload status changed to pending
[02:12:08.910740] Event Reason: FailedScheduling, Event Note: 0/13 nodes are available: pod has unbound immediate PersistentVolumeClaims. preemption: 0/13 nodes are available: 13 Preemption is not helpful for scheduling.
[02:12:08.910740] Workload is in queue for scheduling. Please wait...
[02:12:20.726222] VESSL Workload assigned successfully. Starting soon.
[02:12:21.000000] Container image "quay.io/vessl-ai/kernels-toolbox:0.1.188" already present on machine
[02:12:21.000000] Created container vops-init
[02:12:21.000000] Started container vops-init
[02:12:22.000000] Creating VESSL Workload...
[02:12:22.000000] Created container run-exec
[02:12:22.000000] Container image "nvcr.io/nvidia/jax:24.10-py3" already present on machine
[02:12:22.001000] Container image "nvcr.io/nvidia/jax:24.10-py3" already present on machine
[02:12:23.000000] Started container run-sidecar
[02:12:23.000000] Created container vops-sidecar
[02:12:23.000000] Created container ttyd-sidecar
[02:12:23.000000] Started container vops-sidecar
[02:12:23.000000] Container image "quay.io/vessl-ai/kernels-toolbox:0.1.188" already present on machine
[02:12:23.000000] Started container run-exec
[02:12:23.000000] Started container fluentbit
[02:12:23.000000] Created container fluentbit
[02:12:23.000000] Started container ttyd-sidecar
[02:12:23.000000] Container image "quay.io/vessl-ai/fluent-bit:2.1.6" already present on machine
[02:12:23.000000] Container image "quay.io/vessl-ai/sidecar:v0.0.3" already present on machine
[02:12:23.000000] Created container run-sidecar
[02:12:23.605103] Installing VESSL CLI...
[02:12:24.193489] workload reported alive as pod run-execution-0kf91zkndiht-0
[02:12:24.193589] Workload status changed to initializing
[02:12:25.446567] + set +x
[02:12:28.392185] vessl, version 0.1.199
[02:12:30.554237] workload reported alive as pod run-execution-0kf91zkndiht-0
[02:12:30.554337] Workload status changed to running
[02:12:30.682773] + mkdir -p /root
[02:12:30.684805] + cd /root
[02:12:30.685530] + cd /root/workspace/byungkwan-workspace/research/rfx
[02:12:30.700165] + git config --global --add safe.directory /root/workspace/byungkwan-workspace/research/rfx
[02:12:30.727897] + git pull --ff-only origin main
[02:12:31.938923] From https://github.com/BK3536/rfx
[02:12:31.938937]  * branch            main       -> FETCH_HEAD
[02:12:32.038328] Already up to date.
[02:12:32.039075] + pip install -q -e '.[dev]'
[02:12:40.514990] WARNING: Running pip as the 'root' user can result in broken permissions and conflicting behaviour with the system package manager. It is recommended to use a virtual environment instead: https://pip.pypa.io/warnings/venv
[02:12:40.672661] + echo '=== Non-uniform vs Uniform Runner Diagnostic ==='
[02:12:40.672682] + python examples/crossval/11_nu_vs_uniform_diagnostic.py
[02:12:40.672695] === Non-uniform vs Uniform Runner Diagnostic ===
[02:12:41.709145] ============================================================
[02:12:41.709176] Diagnostic: Non-uniform vs Uniform Runner
[02:12:41.709179] ============================================================
[02:12:41.709182] Patch: 32x40mm, eps_r=3.38
[02:12:41.709184] Analytical f_r: 2.0383 GHz
[02:12:41.709185]
[02:12:41.709188]
[02:12:41.709190] ==================================================
[02:12:41.709193]   UNIFORM (dx=dy=dz=1mm)
[02:12:41.709195] ==================================================
[02:12:41.709214] Grid: 217x217x167, dt=1.91ps
[02:12:41.709233] Steps: 10491
[02:20:44.576120]   Probe 0 (feed): FFT=2.3886GHz, Harminv=0.9138GHz (Q=1), max=4.29e+01
[02:22:14.815537]   Probe 1 (center): FFT=1.9442GHz, Harminv=0.9113GHz (Q=1), max=1.51e-01
[02:23:43.176015]   Probe 2 (edge): FFT=1.9442GHz, Harminv=1.9488GHz (Q=57), max=5.38e-03
[02:23:43.176099]
[02:23:43.176105] ==================================================
[02:23:43.176111]   NON-UNIFORM (dx=dy=1mm, dz graded)
[02:23:43.176127] ==================================================
[02:23:43.384740] Grid: 216x216x173, dt=0.79ps
[02:23:43.408921] Port cell: z_idx=9, dz=0.254mm
[02:23:43.408942]   sigma_old (1/(Z0*dz)): 78.74 S/m
[02:23:43.408944]   sigma_new (dz/(Z0*dx*dy)): 5.08 S/m
[02:23:43.408946]   Ratio: 15.5x overload (fixed)
[02:23:43.408948] Steps: 25336
[02:26:06.376287]   Probe 0 (feed): FFT=2.3888GHz, Harminv=0.9351GHz (Q=1), max=6.63e+08
[02:27:33.459953]   Probe 1 (center): FFT=2.3888GHz, Harminv=3.7612GHz (Q=42), max=9.09e+04
[02:29:01.070869]   Probe 2 (edge): FFT=1.9444GHz, Harminv=1.9519GHz (Q=78), max=1.23e+05
[02:29:01.071015]
[02:29:01.071022] ============================================================
[02:29:01.071026] COMPARISON SUMMARY
[02:29:01.071041] ============================================================
[02:29:01.071056]                              Uniform     Non-uniform      Analytical
[02:29:01.071069] -----------------------------------------------------------------
[02:29:01.071091] Harminv (feed  ):         0.9138GHz         0.9351GHz         2.0383GHz
[02:29:01.071104] Harminv (center):         0.9113GHz         3.7612GHz         2.0383GHz
[02:29:01.071121] Harminv (edge  ):         1.9488GHz         1.9519GHz         2.0383GHz
[02:29:01.071124]
[02:29:01.071154] FFT (feed  ):         2.3886GHz ( 17.2%)     2.3888GHz ( 17.2%)
[02:29:01.071175] FFT (center):         1.9442GHz (  4.6%)     2.3888GHz ( 17.2%)
[02:29:01.071191] FFT (edge  ):         1.9442GHz (  4.6%)     1.9444GHz (  4.6%)
[02:29:01.374374]
[02:29:01.374393] Plot saved: /root/workspace/byungkwan-workspace/research/rfx/examples/crossval/11_nu_vs_uniform_diagnostic.png
[02:29:01.641870] + echo '=== Re-run Crossval #10 (with port sigma fix) ==='
[02:29:01.641889] + python examples/crossval/10_openems_patch_antenna.py
[02:29:01.641899] === Re-run Crossval #10 (with port sigma fix) ===
[02:29:02.611435] ============================================================
[02:29:02.611480] Cross-Validation #2: OpenEMS Simple Patch Antenna
[02:29:02.611490] ============================================================
[02:29:02.611496] Patch: 32 x 40 mm on eps_r=3.38
[02:29:02.611502] Substrate: h=1.524mm, 60x60mm
[02:29:02.611507] Analytical f_r: 2.038 GHz
[02:29:02.611513]
[02:29:02.611519] dx = 1.00 mm, dz_sub = 0.254 mm
[02:29:02.611526] z-cells: 6 substrate + 145 air = 157 total
[02:29:02.611800] Steps: 12000
[02:29:02.957890] Nu grid: nz=173, dt=0.79ps
[02:29:02.958139] z_phys first 10: [0.         0.25400007 0.50800014 0.7620002  1.0160003  1.2700003
[02:29:02.958142]  1.5621004  1.9418304  2.4354794  3.077223  ]
[02:29:02.958143] Substrate h=1.524mm, port z=0.762mm
[02:29:02.958145]
[02:29:26.492840] Probe signal: max=6.6279e+08, rms=1.1217e+08
[02:30:54.571779] Harminv: 3.8212 GHz, Q=32
[02:30:54.574915] Resonance: 3.8212 GHz
[02:30:54.574933] Analytical: 2.0383 GHz
[02:30:54.574945] Error: 87.47%
[02:30:54.574959] FAIL: 87.47% error
[02:30:54.574962]
[02:30:54.584884] NTFF extraction: 'NoneType' object has no attribute 'freqs'
[02:30:54.856257]
[02:30:54.856281] Plot saved: /root/workspace/byungkwan-workspace/research/rfx/examples/crossval/10_openems_patch_antenna.png
[02:30:55.014393] workload reported done
[02:30:55.014493] Workload status changed to stopping
[02:30:55.019924] + echo '=== DONE ==='
[02:30:55.019954] === DONE ===
[02:30:58.621411] + set +x
[02:31:03.629791] workload reported done
[02:31:03.629892] Workload status changed to waitToBeKilled
[02:31:06.000000] Stopping container vops-sidecar
[02:31:06.000000] Stopping container run-sidecar
[02:31:06.000000] Stopping container run-exec
[02:31:06.000000] Terminating VESSL Workload...
[02:31:06.107086] workload completed
[02:31:06.107186] Workload status changed to completed
