Organization: remilab
Project: byungkwan
[04:14:18.162517] workload awaiting to start
[04:14:18.162617] Workload status changed to pending
[04:14:34.109434] Event Reason: FailedScheduling, Event Note: 0/13 nodes are available: pod has unbound immediate PersistentVolumeClaims. preemption: 0/13 nodes are available: 13 Preemption is not helpful for scheduling.
[04:14:34.109434] Workload is in queue for scheduling. Please wait...
[04:14:42.104499] Event Reason: FailedScheduling, Event Note: 0/13 nodes are available: pod has unbound immediate PersistentVolumeClaims. preemption: 0/13 nodes are available: 13 Preemption is not helpful for scheduling.
[04:14:42.104499] Workload is in queue for scheduling. Please wait...
[04:14:44.201901] Event Reason: FailedScheduling, Event Note: 0/13 nodes are available: pod has unbound immediate PersistentVolumeClaims. preemption: 0/13 nodes are available: 13 Preemption is not helpful for scheduling.
[04:14:44.201901] Workload is in queue for scheduling. Please wait...
[04:19:48.825146] Workload is in queue for scheduling. Please wait...
[04:19:48.825146] Event Reason: FailedScheduling, Event Note: 0/13 nodes are available: 3 Insufficient cpu, 3 Insufficient memory, 6 Insufficient nvidia.com/gpu, 7 node(s) didn't match Pod's node affinity/selector. preemption: 0/13 nodes are available: 6 No preemption victims found for incoming pod, 7 Preemption is not helpful for scheduling.
[04:24:48.832066] Workload is in queue for scheduling. Please wait...
[04:24:48.832066] Event Reason: FailedScheduling, Event Note: 0/13 nodes are available: 3 Insufficient cpu, 3 Insufficient memory, 6 Insufficient nvidia.com/gpu, 7 node(s) didn't match Pod's node affinity/selector. preemption: 0/13 nodes are available: 6 No preemption victims found for incoming pod, 7 Preemption is not helpful for scheduling.
[04:27:44.689651] Workload is in queue for scheduling. Please wait...
[04:27:44.689651] Event Reason: FailedScheduling, Event Note: 0/13 nodes are available: 3 Insufficient cpu, 3 Insufficient memory, 6 Insufficient nvidia.com/gpu, 7 node(s) didn't match Pod's node affinity/selector. preemption: 0/13 nodes are available: 6 No preemption victims found for incoming pod, 7 Preemption is not helpful for scheduling.
[04:28:51.710798] VESSL Workload assigned successfully. Starting soon.
[04:28:52.000000] Container image "quay.io/vessl-ai/kernels-toolbox:0.1.188" already present on machine
[04:28:52.000000] Created container vops-init
[04:28:52.000000] Started container vops-init
[04:28:53.000000] Started container run-sidecar
[04:28:53.000000] Creating VESSL Workload...
[04:28:53.000000] Created container ttyd-sidecar
[04:28:53.000000] Starting VESSL Workload...
[04:28:53.000000] Created container run-exec
[04:28:53.000000] Container image "quay.io/vessl-ai/kernels-toolbox:0.1.188" already present on machine
[04:28:53.000000] Started container run-exec
[04:28:53.000000] Started container fluentbit
[04:28:53.000000] Created container fluentbit
[04:28:53.000000] Container image "nvcr.io/nvidia/jax:24.10-py3" already present on machine
[04:28:53.000000] Container image "quay.io/vessl-ai/fluent-bit:2.1.6" already present on machine
[04:28:53.000000] Container image "quay.io/vessl-ai/sidecar:v0.0.3" already present on machine
[04:28:53.000000] Created container run-sidecar
[04:28:53.001000] Container image "nvcr.io/nvidia/jax:24.10-py3" already present on machine
[04:28:54.000000] Started container vops-sidecar
[04:28:54.000000] Container image "quay.io/vessl-ai/kernels-toolbox:0.1.188" already present on machine
[04:28:54.000000] Started container ttyd-sidecar
[04:28:54.117411] Installing VESSL CLI...
[04:28:55.010629] workload reported alive as pod run-execution-jt916ruwlimj-0
[04:28:55.010729] Workload status changed to initializing
[04:28:56.126220] + set +x
[04:28:58.859303] vessl, version 0.1.199
[04:29:01.290601] workload reported alive as pod run-execution-jt916ruwlimj-0
[04:29:01.290701] Workload status changed to running
[04:29:01.651955] + mkdir -p /root
[04:29:01.654027] + cd /root
[04:29:01.654514] + set -euo pipefail
[04:29:01.654552] + cd /root
[04:29:01.654561] + git clone https://github.com/BK3536/rfx.git
[04:29:01.656688] Cloning into 'rfx'...
[04:29:03.879242] + cd rfx
[04:29:03.879259] + pip install --quiet -e '.[all]'
[04:29:06.626662] WARNING: rfx 1807.8.6 does not provide the extra 'dashboard'
[04:29:06.626683] WARNING: rfx 1807.8.6 does not provide the extra 'dev'
[04:29:06.626685] WARNING: rfx 1807.8.6 does not provide the extra 'optimization'
[04:29:06.626916] WARNING: rfx 1807.8.6 does not provide the extra 'visualization'
[04:29:10.576783] WARNING: Running pip as the 'root' user can result in broken permissions and conflicting behaviour with the system package manager. It is recommended to use a virtual environment instead: https://pip.pypa.io/warnings/venv
[04:29:10.728867] + python -c 'import jax; print('"'"'JAX devices:'"'"', jax.devices())'
[04:29:11.049254] JAX devices: [CudaDevice(id=0)]
[04:29:11.093599] + nvidia-smi
[04:29:11.105028] Sun Apr  5 04:29:11 2026
[04:29:11.105046] +---------------------------------------------------------------------------------------+
[04:29:11.105053] | NVIDIA-SMI 535.288.01             Driver Version: 535.288.01   CUDA Version: 12.2     |
[04:29:11.105057] |-----------------------------------------+----------------------+----------------------+
[04:29:11.105060] | GPU  Name                 Persistence-M | Bus-Id        Disp.A | Volatile Uncorr. ECC |
[04:29:11.105063] | Fan  Temp   Perf          Pwr:Usage/Cap |         Memory-Usage | GPU-Util  Compute M. |
[04:29:11.105066] |                                         |                      |               MIG M. |
[04:29:11.105069] |=========================================+======================+======================|
[04:29:11.118203] |   0  NVIDIA GeForce RTX 4090        Off | 00000000:01:00.0 Off |                  Off |
[04:29:11.118213] |  0%   48C    P0              26W / 450W |      1MiB / 24564MiB |      0%      Default |
[04:29:11.118215] |                                         |                      |                  N/A |
[04:29:11.118217] +-----------------------------------------+----------------------+----------------------+
[04:29:11.118219]
[04:29:11.118221] +---------------------------------------------------------------------------------------+
[04:29:11.118225] | Processes:                                                                            |
[04:29:11.118227] |  GPU   GI   CI        PID   Type   Process name                            GPU Memory |
[04:29:11.118228] |        ID   ID                                                             Usage      |
[04:29:11.118229] |=======================================================================================|
[04:29:11.118231] |  No running processes found                                                           |
[04:29:11.118232] +---------------------------------------------------------------------------------------+
[04:29:11.163289] + mkdir -p /output/ex2
[04:29:11.163880] + cp /root/workspace/bk-workspace/papers/rfx-tap/experiments/ex2_filter_topology.py .
[04:29:11.244799] + OUTPUT_DIR=/output/ex2 python ex2_filter_topology.py
[04:29:11.976746] Device: DeviceInfo(backend='gpu', gpu_available=True, devices=[{'id': 0, 'kind': 'NVIDIA GeForce RTX 4090', 'platform': 'gpu'}])
[04:29:11.976897]
[04:29:11.976900] === Grid: dx=1.500 mm, est. 17802 MB ===
[04:29:11.976901]
[04:29:11.976902] === Topology optimization: 120 iterations ===
[04:29:11.976903] Beta schedule: 1@0, 4@30, 16@60, 32@80, 64@100
[04:29:18.425138]   iter    0  loss = -1.729845e+05  beta = 1.0  binarization = 1.000
[04:29:51.236582]   iter   10  loss = -1.730071e+05  beta = 1.0  binarization = 0.972
[04:30:23.041852]   iter   20  loss = -1.730107e+05  beta = 1.0  binarization = 0.927
[04:30:54.608653]   iter   30  loss = -1.730124e+05  beta = 4.0  binarization = 0.688
[04:31:25.797190]   iter   40  loss = -1.730125e+05  beta = 4.0  binarization = 0.651
[04:31:56.616652]   iter   50  loss = -1.730125e+05  beta = 4.0  binarization = 0.636
[04:32:27.907397]   iter   60  loss = -1.730125e+05  beta = 16.0  binarization = 0.021
[04:32:59.696159]   iter   70  loss = -1.730125e+05  beta = 16.0  binarization = 0.021
[04:33:30.471824]   iter   80  loss = -1.730125e+05  beta = 32.0  binarization = 0.000
[04:34:01.050902]   iter   90  loss = -1.730125e+05  beta = 32.0  binarization = 0.000
[04:34:31.980629]   iter  100  loss = -1.730125e+05  beta = 64.0  binarization = 0.000
[04:35:02.862761]   iter  110  loss = -1.730125e+05  beta = 64.0  binarization = 0.000
[04:35:31.024586]   iter  119  loss = -1.730125e+05  beta = 64.0  binarization = 0.000
[04:35:31.063622]
[04:35:31.063644] Optimization complete in 379.1s
[04:35:31.387021]
[04:35:31.387038] Generating topology_evolution.png ...
[04:35:31.407158] /root/rfx/ex2_filter_topology.py:280: UserWarning: This figure includes Axes that are not compatible with tight_layout, so results might be incorrect.
[04:35:31.407170]   plt.tight_layout()
[04:35:31.666525] Saved: topology_evolution.png
[04:35:31.666542] Generating convergence.png ...
[04:35:31.683669] /root/rfx/ex2_filter_topology.py:313: UserWarning: Tight layout not applied. The bottom and top margins cannot be made large enough to accommodate all Axes decorations.
[04:35:31.683681]   plt.tight_layout()
[04:35:31.752270] Saved: convergence.png
[04:35:31.752280] Generating binary_design.png ...
[04:35:31.929243] Saved: binary_design.png
[04:35:31.929256]
[04:35:31.929259] === S-parameter sweeps ===
[04:35:31.929261] Running S-param sweep: initial (no topology) ...
[04:39:02.829387]   done in 210.9s
[04:39:02.829403] Running S-param sweep: optimized (base + feed lines, no design region material) ...
[04:42:31.736032]   done in 208.9s
[04:42:31.736046] Running S-param sweep: binary (full-metal design region as PEC proxy) ...
[04:45:59.517600]   done in 207.8s
[04:45:59.517613] Generating sparam_comparison.png ...
[04:45:59.698814] Saved: sparam_comparison.png
[04:45:59.699027]
[04:45:59.699033] Metrics saved: /output/ex2/metrics.json
[04:45:59.699036] {
[04:45:59.699037]   "experiment": "ex2_filter_topology",
[04:45:59.699047]   "device": "DeviceInfo(backend='gpu', gpu_available=True, devices=[{'id': 0, 'kind': 'NVIDIA GeForce RTX 4090', 'platform': 'gpu'}])",
[04:45:59.699049]   "total_iters": 120,
[04:45:59.699051]   "opt_time_s": 379.1,
[04:45:59.699053]   "initial_loss": -172984.546875,
[04:45:59.699054]   "final_loss": -173012.5,
[04:45:59.699056]   "improvement_pct": -0.0,
[04:45:59.699057]   "design_region_cells": [
[04:45:59.699059]     22,
[04:45:59.699060]     13,
[04:45:59.699061]     2
[04:45:59.699063]   ],
[04:45:59.699064]   "binarization": 0.0,
[04:45:59.699066]   "passband_ghz": [
[04:45:59.699067]     2.0,
[04:45:59.699069]     2.5
[04:45:59.699070]   ],
[04:45:59.699071]   "beta_schedule": [
[04:45:59.699073]     [
[04:45:59.699074]       0,
[04:45:59.699075]       1
[04:45:59.699077]     ],
[04:45:59.699079]     [
[04:45:59.699081]       30,
[04:45:59.699083]       4
[04:45:59.699085]     ],
[04:45:59.699087]     [
[04:45:59.699089]       60,
[04:45:59.699090]       16
[04:45:59.699092]     ],
[04:45:59.699094]     [
[04:45:59.699096]       80,
[04:45:59.699098]       32
[04:45:59.699099]     ],
[04:45:59.699101]     [
[04:45:59.699103]       100,
[04:45:59.699117]       64
[04:45:59.699119]     ]
[04:45:59.699121]   ],
[04:45:59.699122]   "filter_radius_mm": 3.0,
[04:45:59.699124]   "dx_mm": 1.5,
[04:45:59.699126]   "insertion_loss_dB": 140.4589080810547,
[04:45:59.699128]   "return_loss_dB": 0.14361795783042908,
[04:45:59.699129]   "bandwidth_MHz": null,
[04:45:59.699131]   "binary_insertion_loss_dB": 140.4589080810547,
[04:45:59.699133]   "binary_return_loss_dB": 0.14361795783042908,
[04:45:59.699135]   "binary_bandwidth_MHz": null
[04:45:59.699137] }
[04:45:59.699139]
[04:45:59.699141] All outputs written to: /output/ex2/
[04:45:59.699142] Done.
[04:46:07.435079] + echo '[done] ex2 filter topology'
[04:46:07.435090] [done] ex2 filter topology
[04:46:07.452737] workload reported done
[04:46:07.452837] Workload status changed to stopping
[04:46:13.779548] + set +x
[04:46:18.810312] workload reported done
[04:46:18.810412] Workload status changed to waitToBeKilled
[04:46:21.000000] Stopping container vops-sidecar
[04:46:21.000000] Stopping container run-exec
[04:46:21.000000] Terminating VESSL Workload...
[04:46:21.000000] Stopping container ttyd-sidecar
[04:46:21.000000] Stopping container fluentbit
[04:46:21.064354] workload completed
[04:46:21.064455] Workload status changed to completed
