Organization: remilab
Project: byungkwan
[01:49:59.755929] workload awaiting to start
[01:49:59.756030] Workload status changed to pending
[01:50:05.926691] Event Reason: FailedScheduling, Event Note: 0/13 nodes are available: pod has unbound immediate PersistentVolumeClaims. preemption: 0/13 nodes are available: 13 Preemption is not helpful for scheduling.
[01:50:05.926691] Workload is in queue for scheduling. Please wait...
[01:50:09.379275] Event Reason: FailedScheduling, Event Note: 0/13 nodes are available: pod has unbound immediate PersistentVolumeClaims. preemption: 0/13 nodes are available: 13 Preemption is not helpful for scheduling.
[01:50:09.379275] Workload is in queue for scheduling. Please wait...
[01:50:11.670169] VESSL Workload assigned successfully. Starting soon.
[01:50:12.000000] Container image "quay.io/vessl-ai/kernels-toolbox:0.1.188" already present on machine
[01:50:12.000000] Created container vops-init
[01:50:12.000000] Started container vops-init
[01:50:13.000000] Pulling image "nvcr.io/nvidia/jax:24.10-py3"
[01:50:13.001000] Pulling image "nvcr.io/nvidia/jax:24.10-py3"
[01:52:01.000000] Creating VESSL Workload...
[01:52:01.000000] Created container run-exec
[01:52:01.000000] Successfully pulled image "nvcr.io/nvidia/jax:24.10-py3" in 1m48.54s (1m48.54s including waiting)
[01:52:01.001000] Successfully pulled image "nvcr.io/nvidia/jax:24.10-py3" in 1m48.54s (1m48.54s including waiting)
[01:52:02.000000] Started container run-sidecar
[01:52:02.000000] Created container vops-sidecar
[01:52:02.000000] Starting VESSL Workload...
[01:52:02.000000] Started container vops-sidecar
[01:52:02.000000] Container image "quay.io/vessl-ai/kernels-toolbox:0.1.188" already present on machine
[01:52:02.000000] Started container run-exec
[01:52:02.000000] Started container ttyd-sidecar
[01:52:02.000000] Created container run-sidecar
[01:52:02.844668] Installing VESSL CLI...
[01:52:03.549298] workload reported alive as pod run-execution-nfa8xoecgwwf-0
[01:52:03.549398] Workload status changed to initializing
[01:52:04.715244] + set +x
[01:52:20.673478] vessl, version 0.1.199
[01:52:24.833920] workload reported alive as pod run-execution-nfa8xoecgwwf-0
[01:52:24.834020] Workload status changed to running
[01:52:24.992464] + mkdir -p /root
[01:52:24.994296] + cd /root
[01:52:24.994660] + set -euo pipefail
[01:52:24.994678] + cd /root
[01:52:24.994686] + git clone https://github.com/bk-squared/rfx.git
[01:52:24.996213] Cloning into 'rfx'...
[01:52:35.322540] + cd rfx
[01:52:35.322566] + pip install --quiet -e '.[all]'
[01:53:10.452384] WARNING: rfx 1807.8.6 does not provide the extra 'dashboard'
[01:53:10.452414] WARNING: rfx 1807.8.6 does not provide the extra 'dev'
[01:53:10.452665] WARNING: rfx 1807.8.6 does not provide the extra 'optimization'
[01:53:10.452675] WARNING: rfx 1807.8.6 does not provide the extra 'visualization'
[01:53:15.801986] WARNING: Running pip as the 'root' user can result in broken permissions and conflicting behaviour with the system package manager. It is recommended to use a virtual environment instead: https://pip.pypa.io/warnings/venv
[01:53:16.019422] + pip install --quiet scipy
[01:53:16.668639] + python -c 'import jax; print('"'"'JAX:'"'"', jax.devices()); import rfx; print('"'"'rfx'"'"', rfx.__version__)'
[01:53:17.049487] JAX: [CudaDevice(id=0)]
[01:53:17.578330] rfx 1.4.0
[01:53:17.700044] + mkdir -p /output/ex3
[01:53:17.702019] + cp /root/workspace/bk-workspace/papers/rfx-tap/experiments/ex3_flagship.py .
[01:53:17.714881] + OUTPUT_DIR=/output/ex3 python ex3_flagship.py
[01:53:18.474795] Device: DeviceInfo(backend='gpu', gpu_available=True, devices=[{'id': 0, 'kind': 'NVIDIA GeForce RTX 4090', 'platform': 'gpu'}])
[01:53:18.474826] WR-90: 22.9x10.2mm, f0=10GHz
[01:53:18.474831] dx=2.0mm, domain=80x80x80mm
[01:53:18.474834] N_STEPS: full=3148, opt=800
[01:53:18.474866] Design region: 23x10x10mm plug at aperture
[01:53:18.474871] eps range: 1.0 - 12.0
[01:53:18.474876]
[01:53:18.474881] === NTFF sanity check ===
[01:53:18.475055] /root/rfx/ex3_flagship.py:197: UserWarning: 'pec' y-extent 2.00mm = 1.0 cells — under-resolved (< 3 cells). Consider finer mesh for accurate results.
[01:53:18.475061]   result_check = sim.run(n_steps=N_STEPS_FULL)
[01:53:18.475073] /root/rfx/ex3_flagship.py:197: UserWarning: 'pec' x-extent 2.00mm = 1.0 cells — below 1 cell resolution. Use add_thin_conductor() for sub-cell PEC sheet.
[01:53:18.475082]   result_check = sim.run(n_steps=N_STEPS_FULL)
[01:53:18.475091] /root/rfx/ex3_flagship.py:197: UserWarning: 'pec' x-extent 2.00mm = 1.0 cells — under-resolved (< 3 cells). Consider finer mesh for accurate results.
[01:53:18.475095]   result_check = sim.run(n_steps=N_STEPS_FULL)
[01:53:18.475098] /root/rfx/ex3_flagship.py:197: UserWarning: 'pec' z-extent 2.00mm = 1.0 cells — under-resolved (< 3 cells). Consider finer mesh for accurate results.
[01:53:18.475101]   result_check = sim.run(n_steps=N_STEPS_FULL)
[01:53:24.748533]   Peak theta=56deg, D=7.26 (8.6 dBi)
[01:53:24.748557]
[01:53:24.748562] === Multi-objective directivity optimization (Adam) ===
[01:53:24.966547]   optimize: n_steps=800, grid=(57, 57, 57) (0.2M cells)
[01:53:45.650325] jax.errors.SimplifiedTraceback: For simplicity, JAX has removed its internal frames from the traceback of the following exception. Set JAX_TRACEBACK_FILTERING=off to include these.
[01:53:45.650353]
[01:53:45.650370] The above exception was the direct cause of the following exception:
[01:53:45.650373]
[01:53:45.650377] Traceback (most recent call last):
[01:53:45.650381]   File "/root/rfx/ex3_flagship.py", line 219, in <module>
[01:53:45.650454]     opt = optimize(
[01:53:45.650461]   File "/root/rfx/rfx/optimize.py", line 187, in optimize
[01:53:45.650501]     loss, grad = grad_fn(latent)
[01:53:45.650514]   File "/root/rfx/rfx/optimize.py", line 181, in forward
[01:53:45.650548]     return objective(result, ntff_box=result.ntff_box)
[01:53:45.650552]   File "/root/rfx/ex3_flagship.py", line 166, in multi_objective
[01:53:45.650620]     ff = compute_far_field_jax(result.ntff_data, ntff_box, grid, theta_pts, phi_pts)
[01:53:45.650624]   File "/root/rfx/rfx/farfield.py", line 621, in compute_far_field_jax
[01:53:45.650715]     if dS_k.ndim > 0:
[01:53:45.650719] AttributeError: 'float' object has no attribute 'ndim'
[01:53:46.134520] workload reported done
[01:53:46.134620] Workload status changed to stopping
[01:53:49.005074] workload reported done
[01:53:49.005174] Workload status changed to waitToBeKilled
[01:53:51.000000] Stopping container run-sidecar
[01:53:51.000000] Stopping container run-exec
[01:53:51.000000] Terminating VESSL Workload...
[01:53:51.000000] Stopping container ttyd-sidecar
[01:53:51.031503] workload failed
[01:53:51.031603] Workload status changed to failed
