Organization: remilab
Project: byungkwan
[07:04:39.557323] workload awaiting to start
[07:04:39.557423] Workload status changed to pending
[07:04:44.971634] Event Reason: FailedScheduling, Event Note: 0/13 nodes are available: pod has unbound immediate PersistentVolumeClaims. preemption: 0/13 nodes are available: 13 Preemption is not helpful for scheduling.
[07:04:44.971634] Workload is in queue for scheduling. Please wait...
[07:04:47.147822] VESSL Workload assigned successfully. Starting soon.
[07:04:48.000000] Container image "quay.io/vessl-ai/kernels-toolbox:0.1.188" already present on machine
[07:04:48.000000] Created container vops-init
[07:04:48.000000] Started container vops-init
[07:04:49.000000] Creating VESSL Workload...
[07:04:49.000000] Starting VESSL Workload...
[07:04:49.000000] Created container run-exec
[07:04:49.000000] Started container run-exec
[07:04:49.000000] Container image "nvcr.io/nvidia/jax:24.10-py3" already present on machine
[07:04:49.000000] Container image "quay.io/vessl-ai/sidecar:v0.0.3" already present on machine
[07:04:49.000000] Created container run-sidecar
[07:04:49.001000] Container image "nvcr.io/nvidia/jax:24.10-py3" already present on machine
[07:04:50.000000] Created container vops-sidecar
[07:04:50.000000] Created container ttyd-sidecar
[07:04:50.000000] Started container vops-sidecar
[07:04:50.000000] Container image "quay.io/vessl-ai/kernels-toolbox:0.1.188" already present on machine
[07:04:50.000000] Started container fluentbit
[07:04:50.000000] Started container ttyd-sidecar
[07:04:50.425882] Installing VESSL CLI...
[07:04:50.999990] workload reported alive as pod run-execution-sms2n22n0ouw-0
[07:04:51.000090] Workload status changed to initializing
[07:04:52.201299] + set +x
[07:04:55.086900] vessl, version 0.1.199
[07:04:57.277173] workload reported alive as pod run-execution-sms2n22n0ouw-0
[07:04:57.277273] Workload status changed to running
[07:04:57.401277] + mkdir -p /root
[07:04:57.403383] + cd /root
[07:04:57.403926] + set -euo pipefail
[07:04:57.403939] + cd /root
[07:04:57.403954] + git clone https://github.com/bk-squared/rfx.git
[07:04:57.406271] Cloning into 'rfx'...
[07:04:59.662725] + cd rfx
[07:04:59.662738] + pip install --quiet -e '.[all]'
[07:05:03.369282] WARNING: rfx 1807.8.6 does not provide the extra 'dashboard'
[07:05:03.369316] WARNING: rfx 1807.8.6 does not provide the extra 'dev'
[07:05:03.369319] WARNING: rfx 1807.8.6 does not provide the extra 'optimization'
[07:05:03.369429] WARNING: rfx 1807.8.6 does not provide the extra 'visualization'
[07:05:07.917641] WARNING: Running pip as the 'root' user can result in broken permissions and conflicting behaviour with the system package manager. It is recommended to use a virtual environment instead: https://pip.pypa.io/warnings/venv
[07:05:08.117611] + python -c 'import jax; print('"'"'JAX devices:'"'"', jax.devices())'
[07:05:08.427962] JAX devices: [CudaDevice(id=0)]
[07:05:08.474512] + cp /root/workspace/bk-workspace/papers/rfx-tap/experiments/ntff_diagnostic.py .
[07:05:08.504649] + python ntff_diagnostic.py
[07:05:09.141868] Device: DeviceInfo(backend='gpu', gpu_available=True, devices=[{'id': 0, 'kind': 'NVIDIA GeForce RTX 4090', 'platform': 'gpu'}])
[07:05:09.141888] Grid: dx=3.0mm, domain=90mm, margin=33mm
[07:05:09.141889] NTFF box: (33,33,33) to (57,57,57) mm
[07:05:12.760989]
[07:05:12.761011] ntff_data is None: False
[07:05:12.761012] ntff_box is None: False
[07:05:12.791713] max|ntff_data.x_lo| = 2.792428e-13
[07:05:12.794620]   theta=  0 deg: P = 4.530466e-35
[07:05:12.794633]   theta= 29 deg: P = 2.518007e-30
[07:05:12.794635]   theta= 59 deg: P = 7.676064e-30
[07:05:12.794637]   theta= 90 deg: P = 1.026404e-29
[07:05:12.794639]   theta=119 deg: P = 7.803149e-30
[07:05:12.794640]   theta=150 deg: P = 2.650416e-30
[07:05:12.794642]   theta=180 deg: P = 5.829232e-34
[07:05:12.794648]
[07:05:12.794650] Directivity = 4.7563 (6.8 dBi)
[07:05:12.794652] Expected: ~1.5 (1.76 dBi) for short dipole
[07:05:12.794653]
[07:05:12.794655] *** NTFF WORKS! Far-field values are physically meaningful. ***
[07:05:12.991700] workload reported done
[07:05:12.991800] Workload status changed to stopping
[07:05:13.019928] [done]
[07:05:13.019954] + echo '[done]'
[07:05:21.411249] + set +x
[07:05:26.397778] workload reported done
[07:05:26.397878] Workload status changed to waitToBeKilled
[07:05:27.000000] Stopping container vops-sidecar
[07:05:27.000000] Stopping container run-exec
[07:05:27.000000] Terminating VESSL Workload...
[07:05:27.000000] Stopping container ttyd-sidecar
[07:05:27.046226] workload completed
[07:05:27.046326] Workload status changed to completed
