Organization: remilab
Project: byungkwan
[19:56:33.948453] workload awaiting to start
[19:56:33.948554] Workload status changed to pending
[19:56:39.180680] Event Reason: FailedScheduling, Event Note: 0/13 nodes are available: pod has unbound immediate PersistentVolumeClaims. preemption: 0/13 nodes are available: 13 Preemption is not helpful for scheduling.
[19:56:39.180680] Workload is in queue for scheduling. Please wait...
[19:56:40.561425] VESSL Workload assigned successfully. Starting soon.
[19:56:41.000000] Container image "quay.io/vessl-ai/kernels-toolbox:0.1.188" already present on machine
[19:56:41.000000] Created container vops-init
[19:56:41.000000] Started container vops-init
[19:56:42.000000] Creating VESSL Workload...
[19:56:42.000000] Container image "nvcr.io/nvidia/jax:24.10-py3" already present on machine
[19:56:42.001000] Container image "nvcr.io/nvidia/jax:24.10-py3" already present on machine
[19:56:43.000000] Started container run-sidecar
[19:56:43.000000] Created container vops-sidecar
[19:56:43.000000] Starting VESSL Workload...
[19:56:43.000000] Started container vops-sidecar
[19:56:43.000000] Container image "quay.io/vessl-ai/kernels-toolbox:0.1.188" already present on machine
[19:56:43.000000] Started container run-exec
[19:56:43.000000] Created container run-sidecar
[19:56:43.715992] Installing VESSL CLI...
[19:56:44.291365] workload reported alive as pod run-execution-dqtlogcytx9r-0
[19:56:44.291465] Workload status changed to initializing
[19:56:45.424680] + set +x
[19:56:48.398587] vessl, version 0.1.199
[19:56:50.556044] workload reported alive as pod run-execution-dqtlogcytx9r-0
[19:56:50.556144] Workload status changed to running
[19:56:50.837386] + mkdir -p /root
[19:56:50.839300] + cd /root
[19:56:50.839768] + set -euo pipefail
[19:56:50.839797] + cd /root
[19:56:50.839804] + git clone https://github.com/BK3536/rfx.git
[19:56:50.841917] Cloning into 'rfx'...
[19:56:52.979365] + cd rfx
[19:56:52.979397] + pip install --quiet -e '.[all]' cma
[19:56:56.166929] WARNING: rfx 1807.8.6 does not provide the extra 'dashboard'
[19:56:56.167075] WARNING: rfx 1807.8.6 does not provide the extra 'dev'
[19:56:56.167091] WARNING: rfx 1807.8.6 does not provide the extra 'optimization'
[19:56:56.167167] WARNING: rfx 1807.8.6 does not provide the extra 'visualization'
[19:57:00.970396] WARNING: Running pip as the 'root' user can result in broken permissions and conflicting behaviour with the system package manager. It is recommended to use a virtual environment instead: https://pip.pypa.io/warnings/venv
[19:57:01.169968] + python -c 'import jax; print('"'"'JAX devices:'"'"', jax.devices())'
[19:57:01.444166] JAX devices: [CudaDevice(id=0)]
[19:57:01.492048] + nvidia-smi
[19:57:01.532228] Sat Apr  4 19:57:01 2026
[19:57:01.532270] +---------------------------------------------------------------------------------------+
[19:57:01.532286] | NVIDIA-SMI 535.288.01             Driver Version: 535.288.01   CUDA Version: 12.2     |
[19:57:01.532294] |-----------------------------------------+----------------------+----------------------+
[19:57:01.532299] | GPU  Name                 Persistence-M | Bus-Id        Disp.A | Volatile Uncorr. ECC |
[19:57:01.532304] | Fan  Temp   Perf          Pwr:Usage/Cap |         Memory-Usage | GPU-Util  Compute M. |
[19:57:01.532309] |                                         |                      |               MIG M. |
[19:57:01.532314] |=========================================+======================+======================|
[19:57:01.550216] |   0  NVIDIA GeForce RTX 4090        Off | 00000000:01:00.0 Off |                  Off |
[19:57:01.550232] |  0%   43C    P0              21W / 450W |      1MiB / 24564MiB |      0%      Default |
[19:57:01.550238] |                                         |                      |                  N/A |
[19:57:01.550240] +-----------------------------------------+----------------------+----------------------+
[19:57:01.550242]
[19:57:01.550244] +---------------------------------------------------------------------------------------+
[19:57:01.550246] | Processes:                                                                            |
[19:57:01.550248] |  GPU   GI   CI        PID   Type   Process name                            GPU Memory |
[19:57:01.550250] |        ID   ID                                                             Usage      |
[19:57:01.550252] |=======================================================================================|
[19:57:01.550259] |  No running processes found                                                           |
[19:57:01.550261] +---------------------------------------------------------------------------------------+
[19:57:01.605466] + mkdir -p /output/ex1
[19:57:01.605947] + cp /root/workspace/bk-workspace/papers/rfx-tap/experiments/ex1_patch_antenna.py .
[19:57:01.641532] + OUTPUT_DIR=/output/ex1 python ex1_patch_antenna.py
[19:57:02.238909] Device: DeviceInfo(backend='gpu', gpu_available=True, devices=[{'id': 0, 'kind': 'NVIDIA GeForce RTX 4090', 'platform': 'gpu'}])
[19:57:02.238932] SimConfig (accuracy='standard'):
[19:57:02.238937]   dx = 3.000 mm (25 cells/λ_min)
[19:57:02.238939]   domain = 194.9 × 194.9 × 151.5 mm
[19:57:02.238941]   cpml = 40 layers (120.0 mm)
[19:57:02.238943]   n_steps = 6739 (8.7 ns)
[19:57:02.238945]   freq = 1.00 – 4.00 GHz
[19:57:02.238947]   source = j_source (CPML boundary: J-source with Cb/dV normalization (Meep convention))
[19:57:02.238949]   dz = 0.400 – 2.998 mm (29 cells, non-uniform)
[19:57:02.238950]   WARNINGS:
[19:57:02.238952]     - Non-uniform z mesh enabled: 29 cells, dz=0.400–2.998 mm
[19:57:02.238953] Estimated memory: 2608 MB
[19:57:02.239036]
[19:57:02.239043] === Gradient-based optimisation (Adam) ===
[19:57:05.026880] 2026-04-04 19:57:05.026699: W external/xla/xla/service/hlo_rematerialization.cc:3005] Can't reduce memory use below -65.39GiB (-70214337781 bytes) by rematerialization; only reduced to 112.75GiB (121062449065 bytes), down from 112.75GiB (121062757581 bytes) originally
[19:57:25.888613] 2026-04-04 19:57:25.888319: W external/xla/xla/tsl/framework/bfc_allocator.cc:497] Allocator (GPU_0_bfc) ran out of memory trying to allocate 9.17GiB (rounded to 9847992064)requested by op
[19:57:25.889091] 2026-04-04 19:57:25.888886: W external/xla/xla/tsl/framework/bfc_allocator.cc:508] ******************************************************______________________________________________
[19:57:25.889277] E0404 19:57:25.889041     336 pjrt_stream_executor_client.cc:3067] Execution of replica 0 failed: RESOURCE_EXHAUSTED: Out of memory while trying to allocate 9847992000 bytes.
[19:57:25.898801] jax.errors.SimplifiedTraceback: For simplicity, JAX has removed its internal frames from the traceback of the following exception. Set JAX_TRACEBACK_FILTERING=off to include these.
[19:57:25.898807]
[19:57:25.898808] The above exception was the direct cause of the following exception:
[19:57:25.898809]
[19:57:25.898810] Traceback (most recent call last):
[19:57:25.898811]   File "/root/rfx/ex1_patch_antenna.py", line 142, in <module>
[19:57:25.898925]     opt = optimize(
[19:57:25.898932]   File "/root/rfx/rfx/optimize.py", line 213, in optimize
[19:57:25.898933]     loss, grad = grad_fn(latent)
[19:57:25.898934]   File "/root/rfx/rfx/optimize.py", line 193, in forward
[19:57:25.899002]     result = _run(
[19:57:25.899003]   File "/root/rfx/rfx/simulation.py", line 813, in run
[19:57:25.899084]     final_carry, outputs = jax.lax.scan(body, carry_init, xs)
[19:57:25.899085] jaxlib.xla_extension.XlaRuntimeError: RESOURCE_EXHAUSTED: Out of memory while trying to allocate 9847992000 bytes.
[19:57:26.207477] workload reported done
[19:57:26.207577] Workload status changed to stopping
[19:57:26.840116] workload reported done
[19:57:26.840216] Workload status changed to waitToBeKilled
[19:57:30.000000] Stopping container vops-sidecar
[19:57:30.000000] Stopping container run-sidecar
[19:57:30.000000] Stopping container run-exec
[19:57:30.000000] Terminating VESSL Workload...
[19:57:30.000000] Stopping container ttyd-sidecar
[19:57:30.000000] Stopping container fluentbit
[19:57:30.066204] workload failed
[19:57:30.066304] Workload status changed to failed
