Organization: remilab
Project: byungkwan
[02:17:09.636922] workload awaiting to start
[02:17:09.637022] Workload status changed to pending
[02:17:14.945325] Event Reason: FailedScheduling, Event Note: 0/13 nodes are available: pod has unbound immediate PersistentVolumeClaims. preemption: 0/13 nodes are available: 13 Preemption is not helpful for scheduling.
[02:17:14.945325] Workload is in queue for scheduling. Please wait...
[02:17:17.644711] VESSL Workload assigned successfully. Starting soon.
[02:17:18.000000] Container image "quay.io/vessl-ai/kernels-toolbox:0.1.188" already present on machine
[02:17:18.000000] Created container vops-init
[02:17:18.000000] Started container vops-init
[02:17:19.000000] Pulling image "nvcr.io/nvidia/jax:24.04-py3"
[02:17:19.001000] Pulling image "nvcr.io/nvidia/jax:24.04-py3"
[02:19:03.000000] Started container run-sidecar
[02:19:03.000000] Creating VESSL Workload...
[02:19:03.000000] Starting VESSL Workload...
[02:19:03.000000] Created container run-exec
[02:19:03.000000] Started container run-exec
[02:19:03.000000] Created container fluentbit
[02:19:03.000000] Container image "quay.io/vessl-ai/fluent-bit:2.1.6" already present on machine
[02:19:03.000000] Successfully pulled image "nvcr.io/nvidia/jax:24.04-py3" in 1m43.402s (1m43.402s including waiting)
[02:19:03.000000] Container image "quay.io/vessl-ai/sidecar:v0.0.3" already present on machine
[02:19:03.000000] Created container run-sidecar
[02:19:03.001000] Successfully pulled image "nvcr.io/nvidia/jax:24.04-py3" in 1m43.402s (1m43.402s including waiting)
[02:19:04.000000] Created container vops-sidecar
[02:19:04.000000] Created container ttyd-sidecar
[02:19:04.000000] Started container vops-sidecar
[02:19:04.000000] Container image "quay.io/vessl-ai/kernels-toolbox:0.1.188" already present on machine
[02:19:04.000000] Started container fluentbit
[02:19:04.000000] Started container ttyd-sidecar
[02:19:04.329736] Installing VESSL CLI...
[02:19:15.120065] workload reported alive as pod run-execution-8t1vmnzli0o9-0
[02:19:15.120165] Workload status changed to initializing
[02:19:16.324874] + set +x
[02:19:57.376960] vessl, version 0.1.199
[02:20:01.551817] workload reported alive as pod run-execution-8t1vmnzli0o9-0
[02:20:01.551918] Workload status changed to running
[02:20:01.701187] + mkdir -p /root
[02:20:01.702644] + cd /root
[02:20:01.702876] + cd /root/workspace/byungkwan-workspace/research/rfx
[02:20:01.724310] + pip install -q -e .
[02:20:44.470734] WARNING: Running pip as the 'root' user can result in broken permissions and conflicting behaviour with the system package manager. It is recommended to use a virtual environment instead: https://pip.pypa.io/warnings/venv
[02:20:44.618283] + python -c 'import jax; d=jax.devices()[0]; print(f'"'"'Backend: {jax.default_backend()}, GPU: {d.device_kind}, Memory: {d.memory_stats()["bytes_limit"]/1e9:.1f}GB'"'"')'
[02:20:45.433198] Backend: gpu, GPU: NVIDIA RTX A6000, Memory: 38.3GB
[02:20:45.550242] + python examples/24_patch_sub1pct.py
[02:20:46.613230] Design: L=29.4mm, W=38.0mm, f0=2.400GHz
[02:20:46.613269] dx=0.125mm, h/dx=13, L/dx=235
[02:20:46.613275] Grid: (761, 829, 288), cells=181.7M, mem=4.4GB
[02:20:46.613278] n_steps=62941, T_sim=15.0ns
[02:20:46.613282] Estimated: 5718s at 2000 Mcells/s
[02:20:46.613285]
[02:20:46.613289] Running with subpixel smoothing...
[05:35:38.692768] Done: 11692s (978 Mcells/s)
[05:38:51.214701] Analysis window: 58768 samples (14.0ns)
[05:38:52.443935]
[05:38:52.443993] Harminv: 2 modes
[05:38:52.444002]   f=1.4133 GHz (err=41.11%), Q=2
[05:38:52.444007]   f=3.6106 GHz (err=50.44%), Q=2
[05:38:53.832950]
[05:38:53.832999] Direct Harminv (no bandpass): 0 modes
[05:38:53.969460]
[05:38:53.969505] FFT peak: 1.5083 GHz (err=37.15%)
[05:38:53.969510]
[05:38:53.969514] ==================================================
[05:38:53.969518] RESULT: 1.4133 GHz, err=41.11%
[05:38:53.969522] Target: <1%  NOT YET
[05:38:53.969525] ==================================================
[05:38:54.384244] workload reported done
[05:38:54.384344] Workload status changed to stopping
[05:39:08.092309] + set +x
[05:39:13.093299] workload reported done
[05:39:13.093399] Workload status changed to waitToBeKilled
[05:39:15.000000] Stopping container run-exec
[05:39:15.000000] Terminating VESSL Workload...
[05:39:15.000000] Stopping container ttyd-sidecar
[05:39:15.000000] Stopping container fluentbit
[05:39:15.207024] workload completed
