Organization: remilab
Project: byungkwan
[03:47:26.088729] workload awaiting to start
[03:47:26.088829] Workload status changed to pending
[03:47:40.272716] Workload is in queue for scheduling. Please wait...
[03:47:40.272716] Event Reason: FailedScheduling, Event Note: 0/13 nodes are available: 3 Insufficient cpu, 3 Insufficient memory, 6 Insufficient nvidia.com/gpu, 7 node(s) didn't match Pod's node affinity/selector. preemption: 0/13 nodes are available: 6 No preemption victims found for incoming pod, 7 Preemption is not helpful for scheduling.
[03:52:48.788321] Workload is in queue for scheduling. Please wait...
[03:52:48.788321] Event Reason: FailedScheduling, Event Note: 0/13 nodes are available: 3 Insufficient cpu, 3 Insufficient memory, 6 Insufficient nvidia.com/gpu, 7 node(s) didn't match Pod's node affinity/selector. preemption: 0/13 nodes are available: 6 No preemption victims found for incoming pod, 7 Preemption is not helpful for scheduling.
[03:57:48.794261] Workload is in queue for scheduling. Please wait...
[03:57:48.794261] Event Reason: FailedScheduling, Event Note: 0/13 nodes are available: 3 Insufficient cpu, 3 Insufficient memory, 6 Insufficient nvidia.com/gpu, 7 node(s) didn't match Pod's node affinity/selector. preemption: 0/13 nodes are available: 6 No preemption victims found for incoming pod, 7 Preemption is not helpful for scheduling.
[04:02:48.799896] Workload is in queue for scheduling. Please wait...
[04:02:48.799896] Event Reason: FailedScheduling, Event Note: 0/13 nodes are available: 3 Insufficient cpu, 3 Insufficient memory, 6 Insufficient nvidia.com/gpu, 7 node(s) didn't match Pod's node affinity/selector. preemption: 0/13 nodes are available: 6 No preemption victims found for incoming pod, 7 Preemption is not helpful for scheduling.
[04:05:36.636726] VESSL Workload assigned successfully. Starting soon.
[04:05:37.000000] Container image "quay.io/vessl-ai/kernels-toolbox:0.1.188" already present on machine
[04:05:37.000000] Created container vops-init
[04:05:37.000000] Started container vops-init
[04:05:38.000000] Started container run-sidecar
[04:05:38.000000] Creating VESSL Workload...
[04:05:38.000000] Created container run-exec
[04:05:38.000000] Started container run-exec
[04:05:38.000000] Created container fluentbit
[04:05:38.000000] Container image "nvcr.io/nvidia/jax:24.10-py3" already present on machine
[04:05:38.000000] Container image "quay.io/vessl-ai/fluent-bit:2.1.6" already present on machine
[04:05:38.000000] Container image "quay.io/vessl-ai/sidecar:v0.0.3" already present on machine
[04:05:38.000000] Created container run-sidecar
[04:05:38.001000] Container image "nvcr.io/nvidia/jax:24.10-py3" already present on machine
[04:05:39.000000] Created container vops-sidecar
[04:05:39.000000] Created container ttyd-sidecar
[04:05:39.000000] Started container vops-sidecar
[04:05:39.000000] Container image "quay.io/vessl-ai/kernels-toolbox:0.1.188" already present on machine
[04:05:39.000000] Started container fluentbit
[04:05:39.000000] Started container ttyd-sidecar
[04:05:39.326110] Installing VESSL CLI...
[04:05:39.755905] workload reported alive as pod run-execution-a01klrqvpa51-0
[04:05:39.756005] Workload status changed to initializing
[04:05:40.874909] + set +x
[04:05:44.599807] vessl, version 0.1.199
[04:05:45.995383] workload reported alive as pod run-execution-a01klrqvpa51-0
[04:05:45.995483] Workload status changed to running
[04:05:46.220770] + mkdir -p /root
[04:05:46.222965] + cd /root
[04:05:46.223610] + set -euo pipefail
[04:05:46.223643] + cd /root
[04:05:46.223652] + git clone https://github.com/BK3536/rfx.git
[04:05:46.225998] Cloning into 'rfx'...
[04:05:48.354064] + cd rfx
[04:05:48.354079] + pip install --quiet -e '.[all]'
[04:06:02.587493] WARNING: rfx 1807.8.6 does not provide the extra 'dashboard'
[04:06:02.587522] WARNING: rfx 1807.8.6 does not provide the extra 'dev'
[04:06:02.587637] WARNING: rfx 1807.8.6 does not provide the extra 'optimization'
[04:06:02.587643] WARNING: rfx 1807.8.6 does not provide the extra 'visualization'
[04:06:07.671559] WARNING: Running pip as the 'root' user can result in broken permissions and conflicting behaviour with the system package manager. It is recommended to use a virtual environment instead: https://pip.pypa.io/warnings/venv
[04:06:07.869620] + python -c 'import jax; print('"'"'JAX devices:'"'"', jax.devices())'
[04:06:08.139377] JAX devices: [CudaDevice(id=0)]
[04:06:08.186670] + nvidia-smi
[04:06:08.252261] Sun Apr  5 04:06:08 2026
[04:06:08.252315] +---------------------------------------------------------------------------------------+
[04:06:08.252330] | NVIDIA-SMI 535.288.01             Driver Version: 535.288.01   CUDA Version: 12.2     |
[04:06:08.252337] |-----------------------------------------+----------------------+----------------------+
[04:06:08.252345] | GPU  Name                 Persistence-M | Bus-Id        Disp.A | Volatile Uncorr. ECC |
[04:06:08.252348] | Fan  Temp   Perf          Pwr:Usage/Cap |         Memory-Usage | GPU-Util  Compute M. |
[04:06:08.252353] |                                         |                      |               MIG M. |
[04:06:08.252357] |=========================================+======================+======================|
[04:06:08.274501] |   0  NVIDIA GeForce RTX 4090        Off | 00000000:01:00.0 Off |                  Off |
[04:06:08.274509] |  0%   46C    P0              24W / 450W |      1MiB / 24564MiB |      5%      Default |
[04:06:08.274510] |                                         |                      |                  N/A |
[04:06:08.274512] +-----------------------------------------+----------------------+----------------------+
[04:06:08.274513]
[04:06:08.274514] +---------------------------------------------------------------------------------------+
[04:06:08.274515] | Processes:                                                                            |
[04:06:08.274516] |  GPU   GI   CI        PID   Type   Process name                            GPU Memory |
[04:06:08.274517] |        ID   ID                                                             Usage      |
[04:06:08.274518] |  No running processes found                                                           |
[04:06:08.274518] |=======================================================================================|
[04:06:08.274519] +---------------------------------------------------------------------------------------+
[04:06:08.317329] + mkdir -p /output/ex3
[04:06:08.317997] + cp /root/workspace/bk-workspace/papers/rfx-tap/experiments/ex3_farfield_steering.py .
[04:06:08.349741] + OUTPUT_DIR=/output/ex3 python ex3_farfield_steering.py
[04:06:08.938651] Device: DeviceInfo(backend='gpu', gpu_available=True, devices=[{'id': 0, 'kind': 'NVIDIA GeForce RTX 4090', 'platform': 'gpu'}])
[04:06:08.938778]
[04:06:08.938779] === Building simulation (dx=3.00 mm, est. 207 MB) ===
[04:06:09.128766]
[04:06:09.128785] === Far-field beam steering optimization (optimize + NTFF) ===
[04:06:09.128786] Target: steer main beam to theta=30 deg, phi=0 (E-plane)
[04:06:09.754659]   optimize: n_steps=500, grid=(42, 42, 32) (0.1M cells)
[04:06:10.180053] /root/rfx/rfx/simulation.py:555: UserWarning: NTFF works best with float64 precision. Set JAX_ENABLE_X64=1 for accurate far-field results. Falling back to complex64.
[04:06:10.180079]   carry_init["ntff"] = init_ntff_data(ntff)
[04:06:30.036339]   iter    0  loss = -2.106709e-13
[04:06:30.049417] /root/rfx/rfx/simulation.py:555: UserWarning: NTFF works best with float64 precision. Set JAX_ENABLE_X64=1 for accurate far-field results. Falling back to complex64.
[04:06:30.049427]   carry_init["ntff"] = init_ntff_data(ntff)
[04:06:46.841302] /root/rfx/rfx/simulation.py:555: UserWarning: NTFF works best with float64 precision. Set JAX_ENABLE_X64=1 for accurate far-field results. Falling back to complex64.
[04:06:46.841335]   carry_init["ntff"] = init_ntff_data(ntff)
[04:07:03.847175] /root/rfx/rfx/simulation.py:555: UserWarning: NTFF works best with float64 precision. Set JAX_ENABLE_X64=1 for accurate far-field results. Falling back to complex64.
[04:07:03.847201]   carry_init["ntff"] = init_ntff_data(ntff)
[04:07:21.202634] /root/rfx/rfx/simulation.py:555: UserWarning: NTFF works best with float64 precision. Set JAX_ENABLE_X64=1 for accurate far-field results. Falling back to complex64.
[04:07:21.202666]   carry_init["ntff"] = init_ntff_data(ntff)
[04:07:38.515834] /root/rfx/rfx/simulation.py:555: UserWarning: NTFF works best with float64 precision. Set JAX_ENABLE_X64=1 for accurate far-field results. Falling back to complex64.
[04:07:38.515859]   carry_init["ntff"] = init_ntff_data(ntff)
[04:07:55.882465] /root/rfx/rfx/simulation.py:555: UserWarning: NTFF works best with float64 precision. Set JAX_ENABLE_X64=1 for accurate far-field results. Falling back to complex64.
[04:07:55.882491]   carry_init["ntff"] = init_ntff_data(ntff)
[04:08:13.419478] /root/rfx/rfx/simulation.py:555: UserWarning: NTFF works best with float64 precision. Set JAX_ENABLE_X64=1 for accurate far-field results. Falling back to complex64.
[04:08:13.419504]   carry_init["ntff"] = init_ntff_data(ntff)
[04:08:30.899974] /root/rfx/rfx/simulation.py:555: UserWarning: NTFF works best with float64 precision. Set JAX_ENABLE_X64=1 for accurate far-field results. Falling back to complex64.
[04:08:30.900001]   carry_init["ntff"] = init_ntff_data(ntff)
[04:08:48.412568] /root/rfx/rfx/simulation.py:555: UserWarning: NTFF works best with float64 precision. Set JAX_ENABLE_X64=1 for accurate far-field results. Falling back to complex64.
[04:08:48.412596]   carry_init["ntff"] = init_ntff_data(ntff)
[04:09:05.704745] /root/rfx/rfx/simulation.py:555: UserWarning: NTFF works best with float64 precision. Set JAX_ENABLE_X64=1 for accurate far-field results. Falling back to complex64.
[04:09:05.704772]   carry_init["ntff"] = init_ntff_data(ntff)
[04:09:23.344327]   iter   10  loss = -2.106702e-13
[04:09:23.360072] /root/rfx/rfx/simulation.py:555: UserWarning: NTFF works best with float64 precision. Set JAX_ENABLE_X64=1 for accurate far-field results. Falling back to complex64.
[04:09:23.360083]   carry_init["ntff"] = init_ntff_data(ntff)
[04:09:40.973302] /root/rfx/rfx/simulation.py:555: UserWarning: NTFF works best with float64 precision. Set JAX_ENABLE_X64=1 for accurate far-field results. Falling back to complex64.
[04:09:40.973332]   carry_init["ntff"] = init_ntff_data(ntff)
[04:09:58.559211] /root/rfx/rfx/simulation.py:555: UserWarning: NTFF works best with float64 precision. Set JAX_ENABLE_X64=1 for accurate far-field results. Falling back to complex64.
[04:09:58.559238]   carry_init["ntff"] = init_ntff_data(ntff)
[04:10:15.859676] /root/rfx/rfx/simulation.py:555: UserWarning: NTFF works best with float64 precision. Set JAX_ENABLE_X64=1 for accurate far-field results. Falling back to complex64.
[04:10:15.859699]   carry_init["ntff"] = init_ntff_data(ntff)
[04:10:33.488140] /root/rfx/rfx/simulation.py:555: UserWarning: NTFF works best with float64 precision. Set JAX_ENABLE_X64=1 for accurate far-field results. Falling back to complex64.
[04:10:33.488172]   carry_init["ntff"] = init_ntff_data(ntff)
[04:10:50.831165] /root/rfx/rfx/simulation.py:555: UserWarning: NTFF works best with float64 precision. Set JAX_ENABLE_X64=1 for accurate far-field results. Falling back to complex64.
[04:10:50.831192]   carry_init["ntff"] = init_ntff_data(ntff)
[04:11:08.530855] /root/rfx/rfx/simulation.py:555: UserWarning: NTFF works best with float64 precision. Set JAX_ENABLE_X64=1 for accurate far-field results. Falling back to complex64.
[04:11:08.530879]   carry_init["ntff"] = init_ntff_data(ntff)
[04:11:25.802242] /root/rfx/rfx/simulation.py:555: UserWarning: NTFF works best with float64 precision. Set JAX_ENABLE_X64=1 for accurate far-field results. Falling back to complex64.
[04:11:25.802287]   carry_init["ntff"] = init_ntff_data(ntff)
[04:11:43.501905] /root/rfx/rfx/simulation.py:555: UserWarning: NTFF works best with float64 precision. Set JAX_ENABLE_X64=1 for accurate far-field results. Falling back to complex64.
[04:11:43.501934]   carry_init["ntff"] = init_ntff_data(ntff)
[04:12:00.790192] /root/rfx/rfx/simulation.py:555: UserWarning: NTFF works best with float64 precision. Set JAX_ENABLE_X64=1 for accurate far-field results. Falling back to complex64.
[04:12:00.790217]   carry_init["ntff"] = init_ntff_data(ntff)
[04:12:18.520334]   iter   20  loss = -2.106714e-13
[04:12:18.532472] /root/rfx/rfx/simulation.py:555: UserWarning: NTFF works best with float64 precision. Set JAX_ENABLE_X64=1 for accurate far-field results. Falling back to complex64.
[04:12:18.532479]   carry_init["ntff"] = init_ntff_data(ntff)
[04:12:35.823423] /root/rfx/rfx/simulation.py:555: UserWarning: NTFF works best with float64 precision. Set JAX_ENABLE_X64=1 for accurate far-field results. Falling back to complex64.
[04:12:35.823450]   carry_init["ntff"] = init_ntff_data(ntff)
[04:12:53.660040] /root/rfx/rfx/simulation.py:555: UserWarning: NTFF works best with float64 precision. Set JAX_ENABLE_X64=1 for accurate far-field results. Falling back to complex64.
[04:12:53.660066]   carry_init["ntff"] = init_ntff_data(ntff)
[04:13:10.984715] /root/rfx/rfx/simulation.py:555: UserWarning: NTFF works best with float64 precision. Set JAX_ENABLE_X64=1 for accurate far-field results. Falling back to complex64.
[04:13:10.984742]   carry_init["ntff"] = init_ntff_data(ntff)
[04:13:28.301299] /root/rfx/rfx/simulation.py:555: UserWarning: NTFF works best with float64 precision. Set JAX_ENABLE_X64=1 for accurate far-field results. Falling back to complex64.
[04:13:28.301327]   carry_init["ntff"] = init_ntff_data(ntff)
[04:13:46.154817] /root/rfx/rfx/simulation.py:555: UserWarning: NTFF works best with float64 precision. Set JAX_ENABLE_X64=1 for accurate far-field results. Falling back to complex64.
[04:13:46.154841]   carry_init["ntff"] = init_ntff_data(ntff)
[04:14:03.409322] /root/rfx/rfx/simulation.py:555: UserWarning: NTFF works best with float64 precision. Set JAX_ENABLE_X64=1 for accurate far-field results. Falling back to complex64.
[04:14:03.409331]   carry_init["ntff"] = init_ntff_data(ntff)
[04:14:21.339057] /root/rfx/rfx/simulation.py:555: UserWarning: NTFF works best with float64 precision. Set JAX_ENABLE_X64=1 for accurate far-field results. Falling back to complex64.
[04:14:21.339088]   carry_init["ntff"] = init_ntff_data(ntff)
[04:14:38.653240] /root/rfx/rfx/simulation.py:555: UserWarning: NTFF works best with float64 precision. Set JAX_ENABLE_X64=1 for accurate far-field results. Falling back to complex64.
[04:14:38.653264]   carry_init["ntff"] = init_ntff_data(ntff)
[04:14:55.944647] /root/rfx/rfx/simulation.py:555: UserWarning: NTFF works best with float64 precision. Set JAX_ENABLE_X64=1 for accurate far-field results. Falling back to complex64.
[04:14:55.944676]   carry_init["ntff"] = init_ntff_data(ntff)
[04:15:13.958893]   iter   30  loss = -2.106721e-13
[04:15:13.971949] /root/rfx/rfx/simulation.py:555: UserWarning: NTFF works best with float64 precision. Set JAX_ENABLE_X64=1 for accurate far-field results. Falling back to complex64.
[04:15:13.971957]   carry_init["ntff"] = init_ntff_data(ntff)
[04:15:31.269704] /root/rfx/rfx/simulation.py:555: UserWarning: NTFF works best with float64 precision. Set JAX_ENABLE_X64=1 for accurate far-field results. Falling back to complex64.
[04:15:31.269729]   carry_init["ntff"] = init_ntff_data(ntff)
[04:15:48.591385] /root/rfx/rfx/simulation.py:555: UserWarning: NTFF works best with float64 precision. Set JAX_ENABLE_X64=1 for accurate far-field results. Falling back to complex64.
[04:15:48.591415]   carry_init["ntff"] = init_ntff_data(ntff)
[04:16:05.886929] /root/rfx/rfx/simulation.py:555: UserWarning: NTFF works best with float64 precision. Set JAX_ENABLE_X64=1 for accurate far-field results. Falling back to complex64.
[04:16:05.886956]   carry_init["ntff"] = init_ntff_data(ntff)
[04:16:23.906389] /root/rfx/rfx/simulation.py:555: UserWarning: NTFF works best with float64 precision. Set JAX_ENABLE_X64=1 for accurate far-field results. Falling back to complex64.
[04:16:23.906419]   carry_init["ntff"] = init_ntff_data(ntff)
[04:16:41.227122] /root/rfx/rfx/simulation.py:555: UserWarning: NTFF works best with float64 precision. Set JAX_ENABLE_X64=1 for accurate far-field results. Falling back to complex64.
[04:16:41.227139]   carry_init["ntff"] = init_ntff_data(ntff)
[04:16:58.505560] /root/rfx/rfx/simulation.py:555: UserWarning: NTFF works best with float64 precision. Set JAX_ENABLE_X64=1 for accurate far-field results. Falling back to complex64.
[04:16:58.505589]   carry_init["ntff"] = init_ntff_data(ntff)
[04:17:16.685326] /root/rfx/rfx/simulation.py:555: UserWarning: NTFF works best with float64 precision. Set JAX_ENABLE_X64=1 for accurate far-field results. Falling back to complex64.
[04:17:16.685367]   carry_init["ntff"] = init_ntff_data(ntff)
[04:17:34.006242] /root/rfx/rfx/simulation.py:555: UserWarning: NTFF works best with float64 precision. Set JAX_ENABLE_X64=1 for accurate far-field results. Falling back to complex64.
[04:17:34.006264]   carry_init["ntff"] = init_ntff_data(ntff)
[04:17:51.262429] /root/rfx/rfx/simulation.py:555: UserWarning: NTFF works best with float64 precision. Set JAX_ENABLE_X64=1 for accurate far-field results. Falling back to complex64.
[04:17:51.262458]   carry_init["ntff"] = init_ntff_data(ntff)
[04:18:08.547241]   iter   40  loss = -2.106723e-13
[04:18:08.560668] /root/rfx/rfx/simulation.py:555: UserWarning: NTFF works best with float64 precision. Set JAX_ENABLE_X64=1 for accurate far-field results. Falling back to complex64.
[04:18:08.560672]   carry_init["ntff"] = init_ntff_data(ntff)
[04:18:25.890281] /root/rfx/rfx/simulation.py:555: UserWarning: NTFF works best with float64 precision. Set JAX_ENABLE_X64=1 for accurate far-field results. Falling back to complex64.
[04:18:25.890312]   carry_init["ntff"] = init_ntff_data(ntff)
[04:18:44.140469] /root/rfx/rfx/simulation.py:555: UserWarning: NTFF works best with float64 precision. Set JAX_ENABLE_X64=1 for accurate far-field results. Falling back to complex64.
[04:18:44.140479]   carry_init["ntff"] = init_ntff_data(ntff)
[04:19:01.404562] /root/rfx/rfx/simulation.py:555: UserWarning: NTFF works best with float64 precision. Set JAX_ENABLE_X64=1 for accurate far-field results. Falling back to complex64.
[04:19:01.404591]   carry_init["ntff"] = init_ntff_data(ntff)
[04:19:18.746296] /root/rfx/rfx/simulation.py:555: UserWarning: NTFF works best with float64 precision. Set JAX_ENABLE_X64=1 for accurate far-field results. Falling back to complex64.
[04:19:18.746325]   carry_init["ntff"] = init_ntff_data(ntff)
[04:19:36.063732] /root/rfx/rfx/simulation.py:555: UserWarning: NTFF works best with float64 precision. Set JAX_ENABLE_X64=1 for accurate far-field results. Falling back to complex64.
[04:19:36.063757]   carry_init["ntff"] = init_ntff_data(ntff)
[04:19:54.431390] /root/rfx/rfx/simulation.py:555: UserWarning: NTFF works best with float64 precision. Set JAX_ENABLE_X64=1 for accurate far-field results. Falling back to complex64.
[04:19:54.431416]   carry_init["ntff"] = init_ntff_data(ntff)
[04:20:11.781882] /root/rfx/rfx/simulation.py:555: UserWarning: NTFF works best with float64 precision. Set JAX_ENABLE_X64=1 for accurate far-field results. Falling back to complex64.
[04:20:11.781912]   carry_init["ntff"] = init_ntff_data(ntff)
[04:20:29.046245] /root/rfx/rfx/simulation.py:555: UserWarning: NTFF works best with float64 precision. Set JAX_ENABLE_X64=1 for accurate far-field results. Falling back to complex64.
[04:20:29.046269]   carry_init["ntff"] = init_ntff_data(ntff)
[04:20:46.379420] /root/rfx/rfx/simulation.py:555: UserWarning: NTFF works best with float64 precision. Set JAX_ENABLE_X64=1 for accurate far-field results. Falling back to complex64.
[04:20:46.379448]   carry_init["ntff"] = init_ntff_data(ntff)
[04:21:03.721785]   iter   50  loss = -2.106723e-13
[04:21:03.734813] /root/rfx/rfx/simulation.py:555: UserWarning: NTFF works best with float64 precision. Set JAX_ENABLE_X64=1 for accurate far-field results. Falling back to complex64.
[04:21:03.734830]   carry_init["ntff"] = init_ntff_data(ntff)
[04:21:22.251527] /root/rfx/rfx/simulation.py:555: UserWarning: NTFF works best with float64 precision. Set JAX_ENABLE_X64=1 for accurate far-field results. Falling back to complex64.
[04:21:22.251566]   carry_init["ntff"] = init_ntff_data(ntff)
[04:21:39.602905] /root/rfx/rfx/simulation.py:555: UserWarning: NTFF works best with float64 precision. Set JAX_ENABLE_X64=1 for accurate far-field results. Falling back to complex64.
[04:21:39.602935]   carry_init["ntff"] = init_ntff_data(ntff)
[04:21:56.920947] /root/rfx/rfx/simulation.py:555: UserWarning: NTFF works best with float64 precision. Set JAX_ENABLE_X64=1 for accurate far-field results. Falling back to complex64.
[04:21:56.920969]   carry_init["ntff"] = init_ntff_data(ntff)
[04:22:14.240660] /root/rfx/rfx/simulation.py:555: UserWarning: NTFF works best with float64 precision. Set JAX_ENABLE_X64=1 for accurate far-field results. Falling back to complex64.
[04:22:14.240686]   carry_init["ntff"] = init_ntff_data(ntff)
[04:22:31.562992] /root/rfx/rfx/simulation.py:555: UserWarning: NTFF works best with float64 precision. Set JAX_ENABLE_X64=1 for accurate far-field results. Falling back to complex64.
[04:22:31.563021]   carry_init["ntff"] = init_ntff_data(ntff)
[04:22:48.870231] /root/rfx/rfx/simulation.py:555: UserWarning: NTFF works best with float64 precision. Set JAX_ENABLE_X64=1 for accurate far-field results. Falling back to complex64.
[04:22:48.870259]   carry_init["ntff"] = init_ntff_data(ntff)
[04:23:07.521673] /root/rfx/rfx/simulation.py:555: UserWarning: NTFF works best with float64 precision. Set JAX_ENABLE_X64=1 for accurate far-field results. Falling back to complex64.
[04:23:07.521700]   carry_init["ntff"] = init_ntff_data(ntff)
[04:23:24.829844] /root/rfx/rfx/simulation.py:555: UserWarning: NTFF works best with float64 precision. Set JAX_ENABLE_X64=1 for accurate far-field results. Falling back to complex64.
[04:23:24.829866]   carry_init["ntff"] = init_ntff_data(ntff)
[04:23:42.146961] /root/rfx/rfx/simulation.py:555: UserWarning: NTFF works best with float64 precision. Set JAX_ENABLE_X64=1 for accurate far-field results. Falling back to complex64.
[04:23:42.147003]   carry_init["ntff"] = init_ntff_data(ntff)
[04:23:59.472293]   iter   60  loss = -2.106730e-13
[04:23:59.484036] /root/rfx/rfx/simulation.py:555: UserWarning: NTFF works best with float64 precision. Set JAX_ENABLE_X64=1 for accurate far-field results. Falling back to complex64.
[04:23:59.484047]   carry_init["ntff"] = init_ntff_data(ntff)
[04:24:16.848463] /root/rfx/rfx/simulation.py:555: UserWarning: NTFF works best with float64 precision. Set JAX_ENABLE_X64=1 for accurate far-field results. Falling back to complex64.
[04:24:16.848486]   carry_init["ntff"] = init_ntff_data(ntff)
[04:24:34.214040] /root/rfx/rfx/simulation.py:555: UserWarning: NTFF works best with float64 precision. Set JAX_ENABLE_X64=1 for accurate far-field results. Falling back to complex64.
[04:24:34.214064]   carry_init["ntff"] = init_ntff_data(ntff)
[04:24:52.960023] /root/rfx/rfx/simulation.py:555: UserWarning: NTFF works best with float64 precision. Set JAX_ENABLE_X64=1 for accurate far-field results. Falling back to complex64.
[04:24:52.960055]   carry_init["ntff"] = init_ntff_data(ntff)
[04:25:10.260951] /root/rfx/rfx/simulation.py:555: UserWarning: NTFF works best with float64 precision. Set JAX_ENABLE_X64=1 for accurate far-field results. Falling back to complex64.
[04:25:10.260983]   carry_init["ntff"] = init_ntff_data(ntff)
[04:25:27.593343] /root/rfx/rfx/simulation.py:555: UserWarning: NTFF works best with float64 precision. Set JAX_ENABLE_X64=1 for accurate far-field results. Falling back to complex64.
[04:25:27.593378]   carry_init["ntff"] = init_ntff_data(ntff)
[04:25:44.897185] /root/rfx/rfx/simulation.py:555: UserWarning: NTFF works best with float64 precision. Set JAX_ENABLE_X64=1 for accurate far-field results. Falling back to complex64.
[04:25:44.897212]   carry_init["ntff"] = init_ntff_data(ntff)
[04:26:02.193667] /root/rfx/rfx/simulation.py:555: UserWarning: NTFF works best with float64 precision. Set JAX_ENABLE_X64=1 for accurate far-field results. Falling back to complex64.
[04:26:02.193697]   carry_init["ntff"] = init_ntff_data(ntff)
[04:26:19.523420] /root/rfx/rfx/simulation.py:555: UserWarning: NTFF works best with float64 precision. Set JAX_ENABLE_X64=1 for accurate far-field results. Falling back to complex64.
[04:26:19.523444]   carry_init["ntff"] = init_ntff_data(ntff)
[04:26:38.475215] /root/rfx/rfx/simulation.py:555: UserWarning: NTFF works best with float64 precision. Set JAX_ENABLE_X64=1 for accurate far-field results. Falling back to complex64.
[04:26:38.475241]   carry_init["ntff"] = init_ntff_data(ntff)
[04:26:55.716181]   iter   70  loss = -2.106722e-13
[04:26:55.732955] /root/rfx/rfx/simulation.py:555: UserWarning: NTFF works best with float64 precision. Set JAX_ENABLE_X64=1 for accurate far-field results. Falling back to complex64.
[04:26:55.732967]   carry_init["ntff"] = init_ntff_data(ntff)
[04:27:05.210258] workload request to be terminated
[04:27:05.210358] Workload status changed to waitToBeKilled
[04:27:06.000000] Stopping container vops-sidecar
[04:27:06.000000] Stopping container run-sidecar
[04:27:06.000000] Stopping container run-exec
[04:27:06.000000] Terminating VESSL Workload...
[04:27:06.000000] Stopping container ttyd-sidecar
[04:27:06.000000] Stopping container fluentbit
[04:27:06.166553] workload terminated
[04:27:06.166653] Workload status changed to terminated
