Organization: remilab
Project: byungkwan
[13:58:37.114877] workload awaiting to start
[13:58:37.114977] Workload status changed to pending
[13:58:41.594195] Event Reason: FailedScheduling, Event Note: 0/13 nodes are available: pod has unbound immediate PersistentVolumeClaims. preemption: 0/13 nodes are available: 13 Preemption is not helpful for scheduling.
[13:58:41.594195] Workload is in queue for scheduling. Please wait...
[13:58:43.947544] VESSL Workload assigned successfully. Starting soon.
[13:58:44.000000] Container image "quay.io/vessl-ai/kernels-toolbox:0.1.188" already present on machine
[13:58:44.000000] Created container vops-init
[13:58:45.000000] Started container run-sidecar
[13:58:45.000000] Creating VESSL Workload...
[13:58:45.000000] Starting VESSL Workload...
[13:58:45.000000] Created container run-exec
[13:58:45.000000] Started container run-exec
[13:58:45.000000] Created container fluentbit
[13:58:45.000000] Container image "nvcr.io/nvidia/jax:24.10-py3" already present on machine
[13:58:45.000000] Started container vops-init
[13:58:45.000000] Container image "quay.io/vessl-ai/fluent-bit:2.1.6" already present on machine
[13:58:45.000000] Container image "quay.io/vessl-ai/sidecar:v0.0.3" already present on machine
[13:58:45.000000] Created container run-sidecar
[13:58:45.001000] Container image "nvcr.io/nvidia/jax:24.10-py3" already present on machine
[13:58:46.000000] Created container vops-sidecar
[13:58:46.000000] Created container ttyd-sidecar
[13:58:46.000000] Started container vops-sidecar
[13:58:46.000000] Container image "quay.io/vessl-ai/kernels-toolbox:0.1.188" already present on machine
[13:58:46.000000] Started container fluentbit
[13:58:46.000000] Started container ttyd-sidecar
[13:58:46.241651] Installing VESSL CLI...
[13:58:46.948200] workload reported alive as pod run-execution-vsb6t6vjc2ba-0
[13:58:46.948300] Workload status changed to initializing
[13:58:48.050324] + set +x
[13:58:50.824688] vessl, version 0.1.199
[13:58:53.204464] workload reported alive as pod run-execution-vsb6t6vjc2ba-0
[13:58:53.204564] Workload status changed to running
[13:58:53.396471] + mkdir -p /root
[13:58:53.398488] + cd /root
[13:58:53.399169] + set -euo pipefail
[13:58:53.399205] + cd /root
[13:58:53.399212] + git clone https://github.com/BK3536/rfx.git
[13:58:53.401417] Cloning into 'rfx'...
[13:58:55.507610] + cd rfx
[13:58:55.507625] + pip install --quiet -e '.[all]'
[13:58:58.454460] WARNING: rfx 1807.8.6 does not provide the extra 'dashboard'
[13:58:58.454482] WARNING: rfx 1807.8.6 does not provide the extra 'dev'
[13:58:58.454627] WARNING: rfx 1807.8.6 does not provide the extra 'optimization'
[13:58:58.454633] WARNING: rfx 1807.8.6 does not provide the extra 'visualization'
[13:59:02.297050] WARNING: Running pip as the 'root' user can result in broken permissions and conflicting behaviour with the system package manager. It is recommended to use a virtual environment instead: https://pip.pypa.io/warnings/venv
[13:59:02.446113] + python -c 'import jax; print('"'"'JAX devices:'"'"', jax.devices())'
[13:59:02.783683] JAX devices: [CudaDevice(id=0)]
[13:59:02.829706] + nvidia-smi
[13:59:02.869624] Sun Apr  5 13:59:02 2026
[13:59:02.869643] +---------------------------------------------------------------------------------------+
[13:59:02.869650] | NVIDIA-SMI 535.288.01             Driver Version: 535.288.01   CUDA Version: 12.2     |
[13:59:02.869656] |-----------------------------------------+----------------------+----------------------+
[13:59:02.869661] | GPU  Name                 Persistence-M | Bus-Id        Disp.A | Volatile Uncorr. ECC |
[13:59:02.869673] | Fan  Temp   Perf          Pwr:Usage/Cap |         Memory-Usage | GPU-Util  Compute M. |
[13:59:02.869677] |                                         |                      |               MIG M. |
[13:59:02.869681] |=========================================+======================+======================|
[13:59:02.889513] |   0  NVIDIA GeForce RTX 4090        Off | 00000000:01:00.0 Off |                  Off |
[13:59:02.889523] |  0%   33C    P0              25W / 450W |      1MiB / 24564MiB |      0%      Default |
[13:59:02.889525] |                                         |                      |                  N/A |
[13:59:02.889526] +-----------------------------------------+----------------------+----------------------+
[13:59:02.889528]
[13:59:02.889529] +---------------------------------------------------------------------------------------+
[13:59:02.889530] | Processes:                                                                            |
[13:59:02.889531] |  GPU   GI   CI        PID   Type   Process name                            GPU Memory |
[13:59:02.889532] |        ID   ID                                                             Usage      |
[13:59:02.889533] |=======================================================================================|
[13:59:02.889545] |  No running processes found                                                           |
[13:59:02.889546] +---------------------------------------------------------------------------------------+
[13:59:02.933554] + mkdir -p /output/ex3
[13:59:02.934274] + cp /root/workspace/bk-workspace/papers/rfx-tap/experiments/ex3_farfield_steering.py .
[13:59:02.958255] + OUTPUT_DIR=/output/ex3 python ex3_farfield_steering.py
[13:59:03.725881] Device: DeviceInfo(backend='gpu', gpu_available=True, devices=[{'id': 0, 'kind': 'NVIDIA GeForce RTX 4090', 'platform': 'gpu'}])
[13:59:03.725988]
[13:59:03.725990] === Building simulation (dx=3.00 mm, est. 109 MB) ===
[13:59:03.902610]
[13:59:03.902630] === Beam steering optimization (probe-array surrogate) ===
[13:59:03.902632] Target: steer main beam to theta~30.0 deg via near-field probe ratio
[13:59:04.502688]   optimize: n_steps=500, grid=(42, 42, 39) (0.1M cells)
[13:59:18.989903]   [diag] ntff_data=True, ntff_box=True
[13:59:19.055075]   [diag] max|x_lo|=1.3562720391213645e-10
[13:59:20.336980]   [diag] P_broad=1.7213955679957292e-25, P_target=1.7597370429583485e-25
[13:59:23.637142]   iter    0  loss = -1.759737e-13
[13:59:37.153312]   [diag] max|x_lo|=1.3562720391213645e-10
[13:59:37.205706]   [diag] P_broad=1.7213955679957292e-25, P_target=1.7597370429583485e-25
[13:59:53.175152]   [diag] P_broad=1.7213955679957292e-25, P_target=1.7597370429583485e-25
[14:00:09.316137]   [diag] P_broad=1.7213955679957292e-25, P_target=1.7597366731797992e-25
[14:00:25.511608]   [diag] P_broad=1.7213955679957292e-25, P_target=1.7597366731797992e-25
[14:00:41.923686]   [diag] P_broad=1.72139692385041e-25, P_target=1.7597361801417334e-25
[14:00:57.936049]   [diag] P_broad=1.721381269891822e-25, P_target=1.7597401244462595e-25
[14:01:13.935063]   [diag] P_broad=1.721381269891822e-25, P_target=1.7597401244462595e-25
[14:01:30.308687]   [diag] P_broad=1.721381269891822e-25, P_target=1.7597397546677102e-25
[14:01:46.393963]   [diag] P_broad=1.7213816396703714e-25, P_target=1.7597404942248089e-25
[14:02:02.633280]   [diag] P_broad=1.7213816396703714e-25, P_target=1.7597404942248089e-25
[14:02:04.890871]   iter   10  loss = -1.759740e-13
[14:02:18.752434]   [diag] P_broad=1.7213816396703714e-25, P_target=1.7597403709652924e-25
[14:02:34.886365]   [diag] P_broad=1.7213822559679536e-25, P_target=1.759739384889161e-25
[14:02:51.006527]   [diag] P_broad=1.7213829955250522e-25, P_target=1.759740001186743e-25
[14:03:06.896347]   [diag] P_broad=1.7213829955250522e-25, P_target=1.759740001186743e-25
[14:03:23.091523]   [diag] P_broad=1.721381269891822e-25, P_target=1.759739384889161e-25
[14:03:38.932761]   [diag] P_broad=1.721380160556174e-25, P_target=1.7597434524532034e-25
[14:03:55.067497]   [diag] P_broad=1.7213813931513385e-25, P_target=1.7597436989722363e-25
[14:04:10.921884]   [diag] P_broad=1.7213875561271606e-25, P_target=1.7597353173251183e-25
[14:04:27.184516]   [diag] P_broad=1.7213813931513385e-25, P_target=1.7597436989722363e-25
[14:04:43.146392]   [diag] P_broad=1.721382625746503e-25, P_target=1.759743082674654e-25
[14:04:45.200806]   iter   20  loss = -1.759743e-13
[14:04:59.388998]   [diag] P_broad=1.721382625746503e-25, P_target=1.759743082674654e-25
[14:05:15.562664]   [diag] P_broad=1.721382625746503e-25, P_target=1.759743082674654e-25
[14:05:31.810122]   [diag] P_broad=1.721382625746503e-25, P_target=1.759743082674654e-25
[14:05:48.139488]   [diag] P_broad=1.7213848444177989e-25, P_target=1.7597432059341706e-25
[14:06:03.973984]   [diag] P_broad=1.72138965153894e-25, P_target=1.7597354405846348e-25
[14:06:20.298822]   [diag] P_broad=1.721383488563118e-25, P_target=1.7597438222317528e-25
[14:06:36.348380]   [diag] P_broad=1.721391870210236e-25, P_target=1.7597359336227005e-25
[14:06:52.208121]   [diag] P_broad=1.721383488563118e-25, P_target=1.7597443152698185e-25
[14:07:08.600035]   [diag] P_broad=1.7213848444177989e-25, P_target=1.7597432059341706e-25
[14:07:24.557375]   [diag] P_broad=1.7213852141963482e-25, P_target=1.759746657200631e-25
[14:07:26.616958]   iter   30  loss = -1.759747e-13
[14:07:40.496086]   [diag] P_broad=1.7213838583416673e-25, P_target=1.7597440687507856e-25
[14:07:56.446105]   [diag] P_broad=1.72138965153894e-25, P_target=1.7597372894773814e-25
[14:08:13.054503]   [diag] P_broad=1.7213923632483017e-25, P_target=1.7597386453320622e-25
[14:08:29.023446]   [diag] P_broad=1.7213838583416673e-25, P_target=1.7597440687507856e-25
[14:08:44.929307]   [diag] P_broad=1.7213825024869865e-25, P_target=1.7597445617888514e-25
[14:09:01.461385]   [diag] P_broad=1.7213838583416673e-25, P_target=1.7597440687507856e-25
[14:09:17.454666]   [diag] P_broad=1.7213908841341045e-25, P_target=1.759736056882217e-25
[14:09:33.493421]   [diag] P_broad=1.7213926097673346e-25, P_target=1.7597396314081938e-25
[14:09:49.455100]   [diag] P_broad=1.7213926097673346e-25, P_target=1.759739384889161e-25
[14:10:05.303924]   [diag] P_broad=1.7213852141963482e-25, P_target=1.7597470269791802e-25
[14:10:08.094045]   iter   40  loss = -1.759747e-13
[14:10:21.958996]   [diag] P_broad=1.7213926097673346e-25, P_target=1.7597396314081938e-25
[14:10:37.894298]   [diag] P_broad=1.7213923632483017e-25, P_target=1.7597398779272267e-25
[14:10:53.811923]   [diag] P_broad=1.7213923632483017e-25, P_target=1.759740001186743e-25
[14:11:09.831010]   [diag] P_broad=1.7213911306531373e-25, P_target=1.759736919698832e-25
[14:11:26.627460]   [diag] P_broad=1.7213852141963482e-25, P_target=1.759747520017246e-25
[14:11:42.552426]   [diag] P_broad=1.7213852141963482e-25, P_target=1.7597471502386967e-25
[14:11:58.482881]   [diag] P_broad=1.7213852141963482e-25, P_target=1.759747520017246e-25
[14:12:14.429392]   [diag] P_broad=1.7213852141963482e-25, P_target=1.759747520017246e-25
[14:12:30.398383]   [diag] P_broad=1.7213908841341045e-25, P_target=1.7597406174843253e-25
[14:12:47.302924]   [diag] P_broad=1.7213908841341045e-25, P_target=1.7597406174843253e-25
[14:12:49.366107]   iter   50  loss = -1.759741e-13
[14:13:03.194490]   [diag] P_broad=1.7213839816011838e-25, P_target=1.7597482595743446e-25
[14:13:19.232948]   [diag] P_broad=1.721383735082151e-25, P_target=1.7597482595743446e-25
[14:13:35.159602]   [diag] P_broad=1.7213839816011838e-25, P_target=1.7597482595743446e-25
[14:13:51.089975]   [diag] P_broad=1.7213839816011838e-25, P_target=1.7597482595743446e-25
[14:14:07.953114]   [diag] P_broad=1.7213900213174894e-25, P_target=1.759754792328716e-25
[14:14:23.834756]   [diag] P_broad=1.721383735082151e-25, P_target=1.7597482595743446e-25
[14:14:39.717156]   [diag] P_broad=1.7213908841341045e-25, P_target=1.7597406174843253e-25
[14:14:55.623487]   [diag] P_broad=1.721383735082151e-25, P_target=1.7597482595743446e-25
[14:15:11.620801]   [diag] P_broad=1.7213908841341045e-25, P_target=1.759740001186743e-25
[14:15:27.640337]   [diag] P_broad=1.7213911306531373e-25, P_target=1.7597403709652924e-25
[14:15:29.723414]   iter   60  loss = -1.759740e-13
[14:15:44.648564]   [diag] P_broad=1.7213908841341045e-25, P_target=1.759740001186743e-25
[14:16:00.511374]   [diag] P_broad=1.7213908841341045e-25, P_target=1.7597403709652924e-25
[14:16:16.401705]   [diag] P_broad=1.7213908841341045e-25, P_target=1.7597403709652924e-25
[14:16:32.266743]   [diag] P_broad=1.7213975401479923e-25, P_target=1.759748629352894e-25
[14:16:48.229377]   [diag] P_broad=1.7213972936289594e-25, P_target=1.7597467804601473e-25
[14:17:04.108189]   [diag] P_broad=1.7213974168884758e-25, P_target=1.7597487526124104e-25
[14:17:21.356741]   [diag] P_broad=1.7213975401479923e-25, P_target=1.759748629352894e-25
[14:17:37.298157]   [diag] P_broad=1.721397170369443e-25, P_target=1.7597488758719268e-25
[14:17:53.273180]   [diag] P_broad=1.7213956912552456e-25, P_target=1.7597473967577295e-25
[14:18:09.170053]   [diag] P_broad=1.721397170369443e-25, P_target=1.7597493689099926e-25
[14:18:11.232548]   iter   70  loss = -1.759749e-13
[14:18:25.096237]   [diag] P_broad=1.7213956912552456e-25, P_target=1.7597473967577295e-25
[14:18:41.125062]   [diag] P_broad=1.7213954447362128e-25, P_target=1.7597470269791802e-25
[14:18:57.124909]   [diag] P_broad=1.7213953214766963e-25, P_target=1.759747273498213e-25
[14:19:12.965641]   [diag] P_broad=1.7213954447362128e-25, P_target=1.7597481363148282e-25
[14:19:30.228579]   [diag] P_broad=1.7213948284386306e-25, P_target=1.7597481363148282e-25
[14:19:46.165740]   [diag] P_broad=1.7213953214766963e-25, P_target=1.759747273498213e-25
[14:20:02.051563]   [diag] P_broad=1.721393842362499e-25, P_target=1.7597481363148282e-25
[14:20:17.983526]   [diag] P_broad=1.7213953214766963e-25, P_target=1.7597502317266077e-25
[14:20:33.954226]   [diag] P_broad=1.7213937191029826e-25, P_target=1.7597488758719268e-25
[14:20:36.027985]   iter   79  loss = -1.759749e-13
[14:20:36.062712]
[14:20:36.062737] Optimization complete: 1292.2s
[14:20:36.062740]
[14:20:36.062742] === Computing final radiation patterns (full angular scan) ===
[14:21:14.492090]
[14:21:14.492111] === Running initial (no-parasitic) simulation for comparison ===
[14:21:53.254490]
[14:21:53.254504] Metrics:
[14:21:53.254506] {
[14:21:53.254507]   "experiment": "ex3_farfield_steering",
[14:21:53.254508]   "device": "DeviceInfo(backend='gpu', gpu_available=True, devices=[{'id': 0, 'kind': 'NVIDIA GeForce RTX 4090', 'platform': 'gpu'}])",
[14:21:53.254509]   "target_theta_deg": 30.0,
[14:21:53.254510]   "peak_theta_deg": 97.0,
[14:21:53.254511]   "steering_error_deg": 67.0,
[14:21:53.254512]   "peak_gain_dBi": 4.760737809696459,
[14:21:53.254512]   "hpbw_deg": 95.04474013484888,
[14:21:53.254513]   "n_iterations": 80,
[14:21:53.254514]   "optimization_time_s": 1292.2,
[14:21:53.254515]   "initial_loss": -1.7597369687729486e-13,
[14:21:53.254516]   "final_loss": -1.759748894996846e-13,
[14:21:53.254517]   "beta_schedule": [
[14:21:53.254518]     [
[14:21:53.254519]       0,
[14:21:53.254523]       1
[14:21:53.254524]     ],
[14:21:53.254525]     [
[14:21:53.254526]       20,
[14:21:53.254527]       4
[14:21:53.254528]     ],
[14:21:53.254529]       40,
[14:21:53.254529]     [
[14:21:53.254530]       16
[14:21:53.254531]     ],
[14:21:53.254532]     [
[14:21:53.254533]       60,
[14:21:53.254534]       64
[14:21:53.254534]     ]
[14:21:53.254535]   ],
[14:21:53.254536]   "dx_mm": 3.0
[14:21:53.254537] }
[14:21:53.356916] Saved: /output/ex3/convergence.png
[14:21:53.505379] Saved: /output/ex3/pattern_comparison.png
[14:21:53.644012] Saved: /output/ex3/parasitic_layout.png
[14:21:53.644444]
[14:21:53.644452] All results saved to /output/ex3/
[14:22:00.739232] + echo '[done] ex3 farfield'
[14:22:00.739232] [done] ex3 farfield
[14:22:00.758394] workload reported done
[14:22:00.758494] Workload status changed to stopping
[14:22:05.592875] + set +x
[14:22:10.631437] workload reported done
[14:22:10.631537] Workload status changed to waitToBeKilled
[14:22:12.000000] Stopping container vops-sidecar
[14:22:12.000000] Stopping container run-exec
[14:22:12.000000] Terminating VESSL Workload...
[14:22:12.000000] Stopping container ttyd-sidecar
[14:22:12.000000] Stopping container fluentbit
[14:22:12.170097] workload completed
[14:22:12.170197] Workload status changed to completed
