Organization: remilab
Project: byungkwan
[13:52:14.443089] workload awaiting to start
[13:52:14.443189] Workload status changed to pending
[13:52:20.993597] Event Reason: FailedScheduling, Event Note: 0/13 nodes are available: pod has unbound immediate PersistentVolumeClaims. preemption: 0/13 nodes are available: 13 Preemption is not helpful for scheduling.
[13:52:20.993597] Workload is in queue for scheduling. Please wait...
[13:52:28.925528] VESSL Workload assigned successfully. Starting soon.
[13:52:29.000000] Container image "quay.io/vessl-ai/kernels-toolbox:0.1.188" already present on machine
[13:52:29.000000] Created container vops-init
[13:52:30.000000] Creating VESSL Workload...
[13:52:30.000000] Created container ttyd-sidecar
[13:52:30.000000] Starting VESSL Workload...
[13:52:30.000000] Container image "quay.io/vessl-ai/kernels-toolbox:0.1.188" already present on machine
[13:52:30.000000] Started container run-exec
[13:52:30.000000] Container image "nvcr.io/nvidia/jax:24.10-py3" already present on machine
[13:52:30.000000] Started container vops-init
[13:52:30.000000] Container image "quay.io/vessl-ai/sidecar:v0.0.3" already present on machine
[13:52:30.000000] Created container run-sidecar
[13:52:31.000000] Created container vops-sidecar
[13:52:31.000000] Container image "quay.io/vessl-ai/kernels-toolbox:0.1.188" already present on machine
[13:52:31.262071] Installing VESSL CLI...
[13:52:31.981492] workload reported alive as pod run-execution-ezkj20gxvqg1-0
[13:52:31.981592] Workload status changed to initializing
[13:52:33.078360] + set +x
[13:52:36.290728] vessl, version 0.1.199
[13:52:38.227237] workload reported alive as pod run-execution-ezkj20gxvqg1-0
[13:52:38.227337] Workload status changed to running
[13:52:38.401792] + mkdir -p /root
[13:52:38.403798] + cd /root
[13:52:38.404408] + set -euo pipefail
[13:52:38.404441] + cd /root
[13:52:38.404448] + git clone https://github.com/BK3536/rfx.git
[13:52:38.406802] Cloning into 'rfx'...
[13:52:41.241036] + cd rfx
[13:52:41.241050] + pip install --quiet -e '.[all]'
[13:52:44.049935] WARNING: rfx 1807.8.6 does not provide the extra 'dashboard'
[13:52:44.049980] WARNING: rfx 1807.8.6 does not provide the extra 'dev'
[13:52:44.049982] WARNING: rfx 1807.8.6 does not provide the extra 'optimization'
[13:52:44.050163] WARNING: rfx 1807.8.6 does not provide the extra 'visualization'
[13:52:48.083577] WARNING: Running pip as the 'root' user can result in broken permissions and conflicting behaviour with the system package manager. It is recommended to use a virtual environment instead: https://pip.pypa.io/warnings/venv
[13:52:48.234751] + python -c 'import jax; print('"'"'JAX devices:'"'"', jax.devices())'
[13:52:48.561299] JAX devices: [CudaDevice(id=0)]
[13:52:48.608420] + nvidia-smi
[13:52:48.641324] Sun Apr  5 13:52:48 2026
[13:52:48.641336] +---------------------------------------------------------------------------------------+
[13:52:48.641344] | NVIDIA-SMI 535.288.01             Driver Version: 535.288.01   CUDA Version: 12.2     |
[13:52:48.641349] |-----------------------------------------+----------------------+----------------------+
[13:52:48.641354] | GPU  Name                 Persistence-M | Bus-Id        Disp.A | Volatile Uncorr. ECC |
[13:52:48.641359] | Fan  Temp   Perf          Pwr:Usage/Cap |         Memory-Usage | GPU-Util  Compute M. |
[13:52:48.641368] |                                         |                      |               MIG M. |
[13:52:48.641373] |=========================================+======================+======================|
[13:52:48.661984] |   0  NVIDIA GeForce RTX 4090        Off | 00000000:01:00.0 Off |                  Off |
[13:52:48.661994] |  0%   33C    P0              23W / 450W |      1MiB / 24564MiB |      0%      Default |
[13:52:48.661995] |                                         |                      |                  N/A |
[13:52:48.661996] +-----------------------------------------+----------------------+----------------------+
[13:52:48.661997]
[13:52:48.661999] +---------------------------------------------------------------------------------------+
[13:52:48.662000] | Processes:                                                                            |
[13:52:48.662001] |  GPU   GI   CI        PID   Type   Process name                            GPU Memory |
[13:52:48.662002] |        ID   ID                                                             Usage      |
[13:52:48.662003] |=======================================================================================|
[13:52:48.662004] |  No running processes found                                                           |
[13:52:48.662005] +---------------------------------------------------------------------------------------+
[13:52:48.717687] + mkdir -p /output/ex3
[13:52:48.718265] + cp /root/workspace/bk-workspace/papers/rfx-tap/experiments/ex3_farfield_steering.py .
[13:52:48.767573] + OUTPUT_DIR=/output/ex3 python ex3_farfield_steering.py
[13:52:49.517305] Device: DeviceInfo(backend='gpu', gpu_available=True, devices=[{'id': 0, 'kind': 'NVIDIA GeForce RTX 4090', 'platform': 'gpu'}])
[13:52:49.517398]
[13:52:49.517400] === Building simulation (dx=3.00 mm, est. 109 MB) ===
[13:52:49.692324]
[13:52:49.692340] === Beam steering optimization (probe-array surrogate) ===
[13:52:49.692341] Target: steer main beam to theta~30.0 deg via near-field probe ratio
[13:52:50.293639]   optimize: n_steps=500, grid=(42, 42, 39) (0.1M cells)
[13:53:04.739532]   [diag] ntff_data=True, ntff_box=True
[13:53:04.804779] jax.errors.SimplifiedTraceback: For simplicity, JAX has removed its internal frames from the traceback of the following exception. Set JAX_TRACEBACK_FILTERING=off to include these.
[13:53:04.804791]
[13:53:04.804793] The above exception was the direct cause of the following exception:
[13:53:04.804794]
[13:53:04.804795] Traceback (most recent call last):
[13:53:04.804796]   File "/root/rfx/ex3_farfield_steering.py", line 208, in <module>
[13:53:04.804800]     opt_result = optimize(
[13:53:04.804802]   File "/root/rfx/rfx/optimize.py", line 187, in optimize
[13:53:04.804803]     loss, grad = grad_fn(latent)
[13:53:04.804804]   File "/root/rfx/rfx/optimize.py", line 181, in forward
[13:53:04.804945]     return objective(result, ntff_box=result.ntff_box)
[13:53:04.804951]   File "/root/rfx/ex3_farfield_steering.py", line 177, in beam_steering_objective
[13:53:04.804953]     mag = float(jnp.max(jnp.abs(result.ntff_data.x_lo)))
[13:53:04.804954] jax.errors.ConcretizationTypeError: Abstract tracer value encountered where concrete value is expected: traced array with shape float32[]
[13:53:04.804955]
[13:53:04.804955] The problem arose with the `float` function. If trying to convert the data type of a value, try using `x.astype(float)` or `jnp.array(x, float)` instead.
[13:53:04.804956] See https://jax.readthedocs.io/en/latest/errors.html#jax.errors.ConcretizationTypeError
[13:53:05.102252] workload reported done
[13:53:05.102352] Workload status changed to stopping
[13:53:14.444593] workload reported done
[13:53:14.444693] Workload status changed to waitToBeKilled
[13:53:15.000000] Stopping container vops-sidecar
[13:53:15.000000] Stopping container run-sidecar
[13:53:15.000000] Stopping container run-exec
[13:53:15.000000] Terminating VESSL Workload...
[13:53:15.000000] Stopping container ttyd-sidecar
[13:53:15.000000] Stopping container fluentbit
[13:53:15.068439] workload failed
[13:53:15.068539] Workload status changed to failed
