Organization: remilab
Project: byungkwan
[16:52:35.711841] workload awaiting to start
[16:52:35.711941] Workload status changed to pending
[16:52:42.002965] VESSL Workload assigned successfully. Starting soon.
[16:52:43.000000] Creating VESSL Workload...
[16:52:43.000000] Created container run-exec
[16:52:43.000000] Container image "quay.io/vessl-ai/kernels-toolbox:0.1.188" already present on machine
[16:52:43.000000] Created container vops-init
[16:52:43.000000] Container image "nvcr.io/nvidia/jax:24.10-py3" already present on machine
[16:52:43.000000] Started container vops-init
[16:52:43.001000] Container image "nvcr.io/nvidia/jax:24.10-py3" already present on machine
[16:52:44.000000] Started container run-sidecar
[16:52:44.000000] Created container vops-sidecar
[16:52:44.000000] Created container ttyd-sidecar
[16:52:44.000000] Starting VESSL Workload...
[16:52:44.000000] Started container vops-sidecar
[16:52:44.000000] Container image "quay.io/vessl-ai/kernels-toolbox:0.1.188" already present on machine
[16:52:44.000000] Started container run-exec
[16:52:44.000000] Started container ttyd-sidecar
[16:52:44.000000] Container image "quay.io/vessl-ai/sidecar:v0.0.3" already present on machine
[16:52:44.681796] Installing VESSL CLI...
[16:52:45.395343] workload reported alive as pod run-execution-suepgmsiw7ll-0
[16:52:46.512813] + set +x
[16:52:48.894743] vessl, version 0.1.199
[16:52:51.659791] workload reported alive as pod run-execution-suepgmsiw7ll-0
[16:52:51.659891] Workload status changed to running
[16:52:51.753399] + mkdir -p /root
[16:52:51.755145] + cd /root
[16:52:51.755484] + set -euo pipefail
[16:52:51.755498] + cd /root
[16:52:51.755509] + git clone https://github.com/bk-squared/rfx.git
[16:52:51.757572] Cloning into 'rfx'...
[16:52:53.839385] + cd rfx
[16:52:53.839417] + pip install --quiet -e '.[all]'
[16:52:56.775402] WARNING: rfx 1807.8.6 does not provide the extra 'dashboard'
[16:52:56.775424] WARNING: rfx 1807.8.6 does not provide the extra 'dev'
[16:52:56.775425] WARNING: rfx 1807.8.6 does not provide the extra 'optimization'
[16:52:56.775563] WARNING: rfx 1807.8.6 does not provide the extra 'visualization'
[16:53:00.668397] WARNING: Running pip as the 'root' user can result in broken permissions and conflicting behaviour with the system package manager. It is recommended to use a virtual environment instead: https://pip.pypa.io/warnings/venv
[16:53:00.817107] + python -c 'import jax; print('"'"'JAX devices:'"'"', jax.devices()); import rfx; print('"'"'rfx'"'"', rfx.__version__)'
[16:53:01.133493] JAX devices: [CudaDevice(id=0)]
[16:53:01.485307] rfx 1.4.0
[16:53:01.629608] + nvidia-smi
[16:53:01.688339] Tue Apr  7 16:53:01 2026
[16:53:01.688368] +---------------------------------------------------------------------------------------+
[16:53:01.688376] | NVIDIA-SMI 535.288.01             Driver Version: 535.288.01   CUDA Version: 12.2     |
[16:53:01.688381] |-----------------------------------------+----------------------+----------------------+
[16:53:01.688386] | GPU  Name                 Persistence-M | Bus-Id        Disp.A | Volatile Uncorr. ECC |
[16:53:01.688392] | Fan  Temp   Perf          Pwr:Usage/Cap |         Memory-Usage | GPU-Util  Compute M. |
[16:53:01.688397] |                                         |                      |               MIG M. |
[16:53:01.688402] |=========================================+======================+======================|
[16:53:01.701912] |   0  NVIDIA GeForce RTX 4090        Off | 00000000:01:00.0 Off |                  Off |
[16:53:01.701930] |  0%   34C    P0              46W / 450W |      1MiB / 24564MiB |      0%      Default |
[16:53:01.701932] +-----------------------------------------+----------------------+----------------------+
[16:53:01.701932] |                                         |                      |                  N/A |
[16:53:01.701933]
[16:53:01.701934] +---------------------------------------------------------------------------------------+
[16:53:01.701935] | Processes:                                                                            |
[16:53:01.701936] |  GPU   GI   CI        PID   Type   Process name                            GPU Memory |
[16:53:01.701937] |        ID   ID                                                             Usage      |
[16:53:01.701937] |=======================================================================================|
[16:53:01.701955] |  No running processes found                                                           |
[16:53:01.701956] +---------------------------------------------------------------------------------------+
[16:53:01.749764] + mkdir -p /output/ex5
[16:53:01.750276] + cp /root/workspace/bk-workspace/papers/rfx-tap/experiments/ex5_waveguide_opt.py .
[16:53:01.760448] + OUTPUT_DIR=/output/ex5 python ex5_waveguide_opt.py
[16:53:02.456831] Device: DeviceInfo(backend='gpu', gpu_available=True, devices=[{'id': 0, 'kind': 'NVIDIA GeForce RTX 4090', 'platform': 'gpu'}])
[16:53:02.649170] === ex5: Differentiable WR-90 iris filter optimization ===
[16:53:02.649188] dx=2.0 mm, iris_x=[18.0, 38.0, 58.0] mm
[16:53:02.649191] N_ITERS=60, LR=0.02, N_STEPS=800
[16:53:02.649194] Output directory: /output/ex5
[16:53:02.670403]
[16:53:02.670420] --- Optimizing iris 1 / 3 ---
[16:53:03.405386]   optimize: n_steps=800, grid=(61, 13, 7) (0.0M cells)
[16:53:03.589827] jax.errors.SimplifiedTraceback: For simplicity, JAX has removed its internal frames from the traceback of the following exception. Set JAX_TRACEBACK_FILTERING=off to include these.
[16:53:03.589841]
[16:53:03.589843] The above exception was the direct cause of the following exception:
[16:53:03.589844]
[16:53:03.589845] Traceback (most recent call last):
[16:53:03.589846]   File "/root/rfx/ex5_waveguide_opt.py", line 317, in <module>
[16:53:03.589847]     main()
[16:53:03.589848]   File "/root/rfx/ex5_waveguide_opt.py", line 252, in main
[16:53:03.589878]     histories = run_optimization(sim, regions)
[16:53:03.589879]   File "/root/rfx/ex5_waveguide_opt.py", line 164, in run_optimization
[16:53:03.589880]     result = optimize(
[16:53:03.589881]   File "/root/rfx/rfx/optimize.py", line 187, in optimize
[16:53:03.589882]     loss, grad = grad_fn(latent)
[16:53:03.589883]   File "/root/rfx/rfx/optimize.py", line 169, in forward
[16:53:03.589884]     result = sim._forward_from_materials(
[16:53:03.589885]   File "/root/rfx/rfx/api.py", line 2297, in _forward_from_materials
[16:53:03.590147]     result = _run(
[16:53:03.590153]   File "/root/rfx/rfx/simulation.py", line 834, in run
[16:53:03.590157]     final_carry, outputs = jax.lax.scan(body, carry_init, xs)
[16:53:03.590157]   File "/root/rfx/rfx/simulation.py", line 659, in step_fn
[16:53:03.590158]     st, cpml_new = apply_cpml_h(
[16:53:03.590162]   File "/root/rfx/rfx/boundaries/cpml.py", line 632, in apply_cpml_h
[16:53:03.590292]     new_psi_hx_zlo = b_zl * cpml_state.psi_hx_zlo + c_zl * curl_ey_dz_zlo_t
[16:53:03.590297]   File "/opt/jax/jax/_src/numpy/array_methods.py", line 1036, in op
[16:53:03.590298]     return getattr(self.aval, f"_{name}")(self, *args)
[16:53:03.590299]   File "/opt/jax/jax/_src/numpy/array_methods.py", line 573, in deferring_binary_op
[16:53:03.590420]     return binary_op(*args)
[16:53:03.590426]   File "/opt/jax/jax/_src/numpy/ufunc_api.py", line 177, in __call__
[16:53:03.590427]     return call(*args)
[16:53:03.590428]   File "/opt/jax/jax/_src/numpy/ufuncs.py", line 679, in _multiply
[16:53:03.590429]     return lax.mul(x, y) if x.dtype != bool else lax.bitwise_and(x, y)
[16:53:03.590430] TypeError: mul got incompatible shapes for broadcasting: (10, 1, 1), (7, 61, 13).
[16:53:03.821170] workload reported done
[16:53:03.821270] Workload status changed to stopping
[16:53:15.788987] workload reported done
[16:53:15.789087] Workload status changed to waitToBeKilled
[16:53:18.000000] Stopping container vops-sidecar
[16:53:18.000000] Stopping container run-sidecar
[16:53:18.000000] Stopping container run-exec
[16:53:18.000000] Terminating VESSL Workload...
[16:53:18.000000] Stopping container ttyd-sidecar
[16:53:18.000000] Stopping container fluentbit
[16:53:18.097426] workload failed
[16:53:18.097526] Workload status changed to failed
