Organization: remilab
Project: byungkwan
[13:08:42.078193] workload awaiting to start
[13:08:42.078293] Workload status changed to pending
[13:08:47.621405] VESSL Workload assigned successfully. Starting soon.
[13:08:48.000000] Container image "quay.io/vessl-ai/kernels-toolbox:0.1.188" already present on machine
[13:08:48.000000] Created container vops-init
[13:08:48.000000] Started container vops-init
[13:08:49.000000] Creating VESSL Workload...
[13:08:49.000000] Starting VESSL Workload...
[13:08:49.000000] Created container run-exec
[13:08:49.000000] Started container run-exec
[13:08:49.000000] Container image "nvcr.io/nvidia/jax:24.10-py3" already present on machine
[13:08:49.000000] Container image "quay.io/vessl-ai/sidecar:v0.0.3" already present on machine
[13:08:49.000000] Created container run-sidecar
[13:08:49.001000] Container image "nvcr.io/nvidia/jax:24.10-py3" already present on machine
[13:08:50.000000] Started container run-sidecar
[13:08:50.000000] Created container vops-sidecar
[13:08:50.000000] Created container ttyd-sidecar
[13:08:50.000000] Started container vops-sidecar
[13:08:50.000000] Container image "quay.io/vessl-ai/kernels-toolbox:0.1.188" already present on machine
[13:08:50.000000] Started container fluentbit
[13:08:50.000000] Created container fluentbit
[13:08:50.000000] Started container ttyd-sidecar
[13:08:50.000000] Container image "quay.io/vessl-ai/fluent-bit:2.1.6" already present on machine
[13:08:50.315453] Installing VESSL CLI...
[13:08:51.294006] workload reported alive as pod run-execution-nhazisv6unpj-0
[13:08:51.294106] Workload status changed to initializing
[13:08:52.385163] + set +x
[13:08:56.674138] vessl, version 0.1.199
[13:08:57.521498] workload reported alive as pod run-execution-nhazisv6unpj-0
[13:08:57.521598] Workload status changed to running
[13:08:57.693190] + mkdir -p /root
[13:08:57.695413] + cd /root
[13:08:57.695431] + set -euo pipefail
[13:08:57.695438] + cd /root
[13:08:57.695447] + git clone https://github.com/bk-squared/rfx.git
[13:08:57.697421] Cloning into 'rfx'...
[13:09:01.244830] + cd rfx
[13:09:01.244857] + pip install --quiet -e '.[all]'
[13:09:05.471937] WARNING: rfx 1807.8.6 does not provide the extra 'dashboard'
[13:09:05.471998] WARNING: rfx 1807.8.6 does not provide the extra 'dev'
[13:09:05.472269] WARNING: rfx 1807.8.6 does not provide the extra 'optimization'
[13:09:05.472277] WARNING: rfx 1807.8.6 does not provide the extra 'visualization'
[13:09:11.142445] WARNING: Running pip as the 'root' user can result in broken permissions and conflicting behaviour with the system package manager. It is recommended to use a virtual environment instead: https://pip.pypa.io/warnings/venv
[13:09:11.369490] + pip install --quiet scipy
[13:09:12.023029] + python -c 'import jax; print('"'"'JAX:'"'"', jax.devices()); import rfx; print('"'"'rfx'"'"', rfx.__version__)'
[13:09:12.421355] JAX: [CudaDevice(id=0)]
[13:09:12.905928] rfx 1.4.0
[13:09:13.024235] + mkdir -p /output/ex3
[13:09:13.025819] + cp /root/workspace/bk-workspace/papers/rfx-tap/experiments/ex3_flagship.py .
[13:09:13.037457] + OUTPUT_DIR=/output/ex3 python ex3_flagship.py
[13:09:13.788884] Device: DeviceInfo(backend='gpu', gpu_available=True, devices=[{'id': 0, 'kind': 'NVIDIA GeForce RTX 4090', 'platform': 'gpu'}])
[13:09:13.788912] WR-90: 22.9x10.2mm, f0=10GHz
[13:09:13.788918] dx=2.0mm, domain=80x80x130mm
[13:09:13.788922] N_STEPS: full=3148, opt=500
[13:09:13.788982] Design region: 23x10x10mm plug at aperture
[13:09:13.788995] eps range: 1.0 - 12.0
[13:09:13.788999]
[13:09:13.789003] === NTFF sanity check ===
[13:09:13.789284] /root/rfx/ex3_flagship.py:206: UserWarning: 'pec' y-extent 2.00mm = 1.0 cells — under-resolved (< 3 cells). Consider finer mesh for accurate results.
[13:09:13.789293]   result_check = sim.run(n_steps=N_STEPS_FULL)
[13:09:13.789302] /root/rfx/ex3_flagship.py:206: UserWarning: 'pec' x-extent 2.00mm = 1.0 cells — below 1 cell resolution. Use add_thin_conductor() for sub-cell PEC sheet.
[13:09:13.789306]   result_check = sim.run(n_steps=N_STEPS_FULL)
[13:09:13.789310] /root/rfx/ex3_flagship.py:206: UserWarning: 'pec' x-extent 2.00mm = 1.0 cells — under-resolved (< 3 cells). Consider finer mesh for accurate results.
[13:09:13.789313]   result_check = sim.run(n_steps=N_STEPS_FULL)
[13:09:13.789318] /root/rfx/ex3_flagship.py:206: UserWarning: 'pec' z-extent 2.00mm = 1.0 cells — below 1 cell resolution. Use add_thin_conductor() for sub-cell PEC sheet.
[13:09:13.789322]   result_check = sim.run(n_steps=N_STEPS_FULL)
[13:09:19.574464]   Peak theta=177deg, D=12.93 (11.1 dBi)
[13:09:19.574496]
[13:09:19.574503] === Multi-objective directivity optimization (Adam) ===
[13:09:19.839531]   optimize: n_steps=500, grid=(57, 57, 82) (0.3M cells)
[13:10:03.259756]   iter    0  loss = 9.436091e+00
[13:16:39.596560]   iter   10  loss = 9.318054e+00
[13:23:16.585313]   iter   20  loss = 9.174518e+00
[13:29:54.771446]   iter   30  loss = 8.951060e+00
[13:36:33.285908]   iter   40  loss = 8.850620e+00
[13:43:11.433190]   iter   50  loss = 8.860206e+00
[13:49:11.915565]   iter   59  loss = 8.819575e+00
[13:49:11.967308] Adam: 60 iters in 2392.4s
[13:49:11.980843]
[13:49:11.980855] === DE baseline (wall-clock budget: 2392s) ===
[15:04:44.586506] workload reported done
[15:04:44.586606] Workload status changed to stopping
[15:04:48.036453] workload reported done
[15:04:48.036554] Workload status changed to waitToBeKilled
[15:04:51.000000] Stopping container vops-sidecar
[15:04:51.000000] Stopping container run-sidecar
[15:04:51.000000] Stopping container run-exec
[15:04:51.000000] Terminating VESSL Workload...
[15:04:51.000000] Stopping container ttyd-sidecar
[15:04:51.000000] Stopping container fluentbit
[15:04:51.060683] workload failed
