Organization: remilab
Project: byungkwan
[15:10:00.820661] workload awaiting to start
[15:10:00.820761] Workload status changed to pending
[15:10:21.160215] VESSL Workload assigned successfully. Starting soon.
[15:10:22.000000] Container image "quay.io/vessl-ai/kernels-toolbox:0.1.188" already present on machine
[15:10:22.000000] Created container vops-init
[15:10:22.000000] Started container vops-init
[15:10:23.000000] Started container run-sidecar
[15:10:23.000000] Creating VESSL Workload...
[15:10:23.000000] Starting VESSL Workload...
[15:10:23.000000] Created container run-exec
[15:10:23.000000] Started container run-exec
[15:10:23.000000] Container image "nvcr.io/nvidia/jax:24.10-py3" already present on machine
[15:10:23.000000] Container image "quay.io/vessl-ai/fluent-bit:2.1.6" already present on machine
[15:10:23.000000] Container image "quay.io/vessl-ai/sidecar:v0.0.3" already present on machine
[15:10:23.000000] Created container run-sidecar
[15:10:23.001000] Container image "nvcr.io/nvidia/jax:24.10-py3" already present on machine
[15:10:24.000000] Created container vops-sidecar
[15:10:24.000000] Created container ttyd-sidecar
[15:10:24.000000] Started container vops-sidecar
[15:10:24.000000] Container image "quay.io/vessl-ai/kernels-toolbox:0.1.188" already present on machine
[15:10:24.000000] Started container fluentbit
[15:10:24.000000] Created container fluentbit
[15:10:24.000000] Started container ttyd-sidecar
[15:10:24.427133] Installing VESSL CLI...
[15:10:24.971554] workload reported alive as pod run-execution-f8lpuxyj61mx-0
[15:10:24.971654] Workload status changed to initializing
[15:10:26.088484] + set +x
[15:10:28.834475] vessl, version 0.1.199
[15:10:31.220299] workload reported alive as pod run-execution-f8lpuxyj61mx-0
[15:10:31.220399] Workload status changed to running
[15:10:31.460186] + mkdir -p /root
[15:10:31.462054] + cd /root
[15:10:31.462271] + set -euo pipefail
[15:10:31.462299] + cd /root
[15:10:31.462306] + git clone https://github.com/BK3536/rfx.git
[15:10:31.464520] Cloning into 'rfx'...
[15:10:34.192300] + cd rfx
[15:10:34.192314] + pip install --quiet -e '.[all]'
[15:10:37.218983] WARNING: rfx 1807.8.6 does not provide the extra 'dashboard'
[15:10:37.219010] WARNING: rfx 1807.8.6 does not provide the extra 'dev'
[15:10:37.219100] WARNING: rfx 1807.8.6 does not provide the extra 'optimization'
[15:10:37.219121] WARNING: rfx 1807.8.6 does not provide the extra 'visualization'
[15:10:41.894432] WARNING: Running pip as the 'root' user can result in broken permissions and conflicting behaviour with the system package manager. It is recommended to use a virtual environment instead: https://pip.pypa.io/warnings/venv
[15:10:42.095961] + python -c 'import jax; print('"'"'JAX devices:'"'"', jax.devices())'
[15:10:42.358258] JAX devices: [CudaDevice(id=0)]
[15:10:42.403338] + nvidia-smi
[15:10:42.437340] Sat Apr  4 15:10:42 2026
[15:10:42.437362] +---------------------------------------------------------------------------------------+
[15:10:42.437369] | NVIDIA-SMI 535.288.01             Driver Version: 535.288.01   CUDA Version: 12.2     |
[15:10:42.437373] |-----------------------------------------+----------------------+----------------------+
[15:10:42.437377] | GPU  Name                 Persistence-M | Bus-Id        Disp.A | Volatile Uncorr. ECC |
[15:10:42.437380] | Fan  Temp   Perf          Pwr:Usage/Cap |         Memory-Usage | GPU-Util  Compute M. |
[15:10:42.437385] |                                         |                      |               MIG M. |
[15:10:42.437389] |=========================================+======================+======================|
[15:10:42.457405] |   0  NVIDIA GeForce RTX 4090        Off | 00000000:01:00.0 Off |                  Off |
[15:10:42.457409] |  0%   32C    P0              21W / 450W |      1MiB / 24564MiB |      1%      Default |
[15:10:42.457411] |                                         |                      |                  N/A |
[15:10:42.457412] +-----------------------------------------+----------------------+----------------------+
[15:10:42.457412]
[15:10:42.457413] +---------------------------------------------------------------------------------------+
[15:10:42.457414] | Processes:                                                                            |
[15:10:42.457418] |  GPU   GI   CI        PID   Type   Process name                            GPU Memory |
[15:10:42.457419] |        ID   ID                                                             Usage      |
[15:10:42.457420] |=======================================================================================|
[15:10:42.457441] |  No running processes found                                                           |
[15:10:42.457442] +---------------------------------------------------------------------------------------+
[15:10:42.502973] + mkdir -p /output/ex0
[15:10:42.503656] + cp /root/workspace/bk-workspace/papers/rfx-tap/experiments/ex0_grad_check.py .
[15:10:42.534843] + OUTPUT_DIR=/output/ex0 python ex0_grad_check.py
[15:10:43.137267] Device: DeviceInfo(backend='gpu', gpu_available=True, devices=[{'id': 0, 'kind': 'NVIDIA GeForce RTX 4090', 'platform': 'gpu'}])
[15:10:43.137288]
[15:10:43.137291] === Simulation: 30x20x15 mm PEC cavity, dx=1mm ===
[15:10:43.297822]
[15:10:43.297850] Checking gradients for 3 objectives...
[15:10:43.297853]
[15:10:43.297855] --- reflected_energy ---
[15:50:04.116314]   Relative error: 9.06e-04
[15:50:04.116344]   Time: 2360.8s
[15:50:04.116346]
[15:50:04.116348] --- transmitted_power ---
[16:33:39.356730]   Relative error: 7.73e-04
[16:33:39.356752]   Time: 2615.2s
[16:33:39.356754]
[16:33:39.356755] --- total_energy ---
[17:18:47.050535]   Relative error: 7.73e-04
[17:18:47.050555]   Time: 2707.7s
[17:18:47.050782]
[17:18:47.050784] Metrics: {
[17:18:47.050785]   "experiment": "ex0_grad_check",
[17:18:47.050786]   "device": "DeviceInfo(backend='gpu', gpu_available=True, devices=[{'id': 0, 'kind': 'NVIDIA GeForce RTX 4090', 'platform': 'gpu'}])",
[17:18:47.050788]   "objectives": {
[17:18:47.050789]     "reflected_energy": {
[17:18:47.050789]       "relative_error": 0.000905793619342471,
[17:18:47.050790]       "pass": true,
[17:18:47.050791]       "time_s": 2360.8,
[17:18:47.050792]       "ad_grad_sample": [
[17:18:47.050793]         0.0,
[17:18:47.050794]         0.0,
[17:18:47.050795]         0.0,
[17:18:47.050796]         0.0,
[17:18:47.050797]         0.0,
[17:18:47.050798]         0.0,
[17:18:47.050799]         0.0,
[17:18:47.050800]         0.0
[17:18:47.050801]       ],
[17:18:47.050802]       "fd_grad_sample": [
[17:18:47.050803]         0.0,
[17:18:47.050804]         0.0,
[17:18:47.050805]         0.0,
[17:18:47.050806]         0.0,
[17:18:47.050807]         0.0,
[17:18:47.050808]         0.0,
[17:18:47.050809]         0.0,
[17:18:47.050810]         0.0
[17:18:47.050811]       ]
[17:18:47.050812]     "transmitted_power": {
[17:18:47.050812]     },
[17:18:47.050813]       "relative_error": 0.0007729034851546829,
[17:18:47.050814]       "pass": true,
[17:18:47.050815]       "time_s": 2615.2,
[17:18:47.050816]       "ad_grad_sample": [
[17:18:47.050817]         0.0,
[17:18:47.050818]         0.0,
[17:18:47.050819]         0.0,
[17:18:47.050820]         0.0,
[17:18:47.050821]         0.0,
[17:18:47.050822]         0.0,
[17:18:47.050823]         0.0,
[17:18:47.050824]         0.0
[17:18:47.050829]       ],
[17:18:47.050831]       "fd_grad_sample": [
[17:18:47.050831]         0.0,
[17:18:47.050832]         0.0,
[17:18:47.050833]         0.0,
[17:18:47.050834]         0.0,
[17:18:47.050835]         0.0,
[17:18:47.050836]         0.0,
[17:18:47.050837]         0.0,
[17:18:47.050838]         0.0,
[17:18:47.050838]         0.0
[17:18:47.050839]       ]
[17:18:47.050840]     },
[17:18:47.050841]     "total_energy": {
[17:18:47.050842]       "relative_error": 0.0007729034851546829,
[17:18:47.050843]       "pass": true,
[17:18:47.050843]       "time_s": 2707.7,
[17:18:47.050844]       "ad_grad_sample": [
[17:18:47.050845]         0.0,
[17:18:47.050846]         0.0,
[17:18:47.050847]         0.0,
[17:18:47.050848]         0.0,
[17:18:47.050849]         0.0,
[17:18:47.050850]         0.0,
[17:18:47.050851]         0.0,
[17:18:47.050852]         0.0
[17:18:47.050853]       ],
[17:18:47.050856]       "fd_grad_sample": [
[17:18:47.050856]         0.0,
[17:18:47.050857]         0.0,
[17:18:47.050858]         0.0,
[17:18:47.050859]         0.0,
[17:18:47.050860]         0.0,
[17:18:47.050861]         0.0,
[17:18:47.050862]         0.0,
[17:18:47.050863]         0.0,
[17:18:47.050864]         0.0
[17:18:47.050864]       ]
[17:18:47.050865]     }
[17:18:47.050866]   },
[17:18:47.050867]   "all_pass": true
[17:18:47.050868] }
[17:18:47.260475]
[17:18:47.260495] Results saved to /output/ex0/
[17:18:47.260497] Overall: PASS
[17:18:57.253122] [done] ex0 gradient check
[17:18:57.253123] + echo '[done] ex0 gradient check'
[17:18:57.270273] workload reported done
[17:18:57.270373] Workload status changed to stopping
[17:19:08.354294] + set +x
[17:19:13.378922] workload reported done
[17:19:13.379022] Workload status changed to waitToBeKilled
[17:19:15.000000] Stopping container vops-sidecar
[17:19:15.000000] Stopping container run-sidecar
[17:19:15.000000] Stopping container run-exec
[17:19:15.000000] Terminating VESSL Workload...
[17:19:15.000000] Stopping container ttyd-sidecar
[17:19:15.000000] Stopping container fluentbit
[17:19:15.124657] workload completed
[17:19:15.124757] Workload status changed to completed
