Organization: remilab
Project: byungkwan
[09:35:18.562640] workload awaiting to start
[09:35:18.562740] Workload status changed to pending
[09:35:23.671994] Event Reason: FailedScheduling, Event Note: 0/13 nodes are available: pod has unbound immediate PersistentVolumeClaims. preemption: 0/13 nodes are available: 13 Preemption is not helpful for scheduling.
[09:35:23.671994] Workload is in queue for scheduling. Please wait...
[09:35:26.626669] VESSL Workload assigned successfully. Starting soon.
[09:35:27.000000] Container image "quay.io/vessl-ai/kernels-toolbox:0.1.188" already present on machine
[09:35:27.000000] Created container vops-init
[09:35:27.000000] Started container vops-init
[09:35:28.000000] Pulling image "nvcr.io/nvidia/jax:24.10-py3"
[09:35:28.001000] Pulling image "nvcr.io/nvidia/jax:24.10-py3"
[09:37:40.000000] Creating VESSL Workload...
[09:37:40.000000] Created container run-exec
[09:37:40.000000] Successfully pulled image "nvcr.io/nvidia/jax:24.10-py3" in 2m12.247s (2m12.247s including waiting)
[09:37:40.001000] Successfully pulled image "nvcr.io/nvidia/jax:24.10-py3" in 2m12.247s (2m12.247s including waiting)
[09:37:41.000000] Started container run-sidecar
[09:37:41.000000] Starting VESSL Workload...
[09:37:41.000000] Started container run-exec
[09:37:41.000000] Container image "quay.io/vessl-ai/fluent-bit:2.1.6" already present on machine
[09:37:41.000000] Container image "quay.io/vessl-ai/sidecar:v0.0.3" already present on machine
[09:37:41.000000] Created container run-sidecar
[09:37:42.000000] Created container vops-sidecar
[09:37:42.000000] Created container ttyd-sidecar
[09:37:42.000000] Started container vops-sidecar
[09:37:42.000000] Container image "quay.io/vessl-ai/kernels-toolbox:0.1.188" already present on machine
[09:37:42.000000] Started container fluentbit
[09:37:42.000000] Created container fluentbit
[09:37:42.000000] Started container ttyd-sidecar
[09:37:42.534044] Installing VESSL CLI...
[09:38:02.794883] workload reported alive as pod run-execution-fqunjdsek35s-0
[09:38:02.794984] Workload status changed to initializing
[09:38:03.944497] + set +x
[09:39:00.224777] vessl, version 0.1.199
[09:39:04.145831] workload reported alive as pod run-execution-fqunjdsek35s-0
[09:39:04.145931] Workload status changed to running
[09:39:04.386954] + mkdir -p /root
[09:39:04.388549] + cd /root
[09:39:04.388982] + set -euo pipefail
[09:39:04.389005] + cd /root
[09:39:04.389015] + git clone https://github.com/bk-squared/rfx.git
[09:39:04.390767] Cloning into 'rfx'...
[09:39:11.685342] + cd rfx
[09:39:11.685394] + pip install --quiet -e '.[all]'
[09:39:46.749555] WARNING: rfx 1807.8.6 does not provide the extra 'dashboard'
[09:39:46.749639] WARNING: rfx 1807.8.6 does not provide the extra 'dev'
[09:39:46.749719] WARNING: rfx 1807.8.6 does not provide the extra 'optimization'
[09:39:46.749797] WARNING: rfx 1807.8.6 does not provide the extra 'visualization'
[09:39:52.617522] WARNING: Running pip as the 'root' user can result in broken permissions and conflicting behaviour with the system package manager. It is recommended to use a virtual environment instead: https://pip.pypa.io/warnings/venv
[09:39:52.900245] + pip install --quiet scipy
[09:39:53.565876] + python -c 'import jax; print('"'"'JAX:'"'"', jax.devices()); import rfx; print('"'"'rfx'"'"', rfx.__version__)'
[09:39:53.964010] JAX: [CudaDevice(id=0)]
[09:39:54.444608] rfx 1.4.0
[09:39:54.594906] + nvidia-smi
[09:39:54.630663] Wed Apr  8 09:39:54 2026
[09:39:54.630693] +---------------------------------------------------------------------------------------+
[09:39:54.630699] | NVIDIA-SMI 535.288.01             Driver Version: 535.288.01   CUDA Version: 12.6     |
[09:39:54.630703] |-----------------------------------------+----------------------+----------------------+
[09:39:54.630706] | GPU  Name                 Persistence-M | Bus-Id        Disp.A | Volatile Uncorr. ECC |
[09:39:54.630709] | Fan  Temp   Perf          Pwr:Usage/Cap |         Memory-Usage | GPU-Util  Compute M. |
[09:39:54.630712] |                                         |                      |               MIG M. |
[09:39:54.630715] |=========================================+======================+======================|
[09:39:54.651273] |   0  NVIDIA RTX A6000               Off | 00000000:61:00.0 Off |                  Off |
[09:39:54.651309] | 30%   37C    P0              64W / 300W |      1MiB / 49140MiB |      0%      Default |
[09:39:54.651318] |                                         |                      |                  N/A |
[09:39:54.651327] +-----------------------------------------+----------------------+----------------------+
[09:39:54.651334]
[09:39:54.651342] +---------------------------------------------------------------------------------------+
[09:39:54.651351] | Processes:                                                                            |
[09:39:54.651358] |  GPU   GI   CI        PID   Type   Process name                            GPU Memory |
[09:39:54.651367] |        ID   ID                                                             Usage      |
[09:39:54.651375] |=======================================================================================|
[09:39:54.651399] |  No running processes found                                                           |
[09:39:54.651409] +---------------------------------------------------------------------------------------+
[09:39:54.748673] + mkdir -p /output/ex3
[09:39:54.750635] + cp /root/workspace/bk-workspace/papers/rfx-tap/experiments/ex3_flagship.py .
[09:39:54.766360] + OUTPUT_DIR=/output/ex3 python ex3_flagship.py
[09:39:55.506024] Device: DeviceInfo(backend='gpu', gpu_available=True, devices=[{'id': 0, 'kind': 'NVIDIA RTX A6000', 'platform': 'gpu'}])
[09:39:55.506053] WR-90: 22.9x10.2mm, f0=10GHz
[09:39:55.506057] dx=2.0mm, domain=80x80x80mm
[09:39:55.506060] N_STEPS: full=3148, opt=500
[09:39:55.506092] Design region: 23x10x10mm plug at aperture
[09:39:55.506127] eps range: 1.0 - 12.0
[09:39:55.506132]
[09:39:55.506140] === NTFF sanity check ===
[09:39:55.506336] /root/rfx/ex3_flagship.py:200: UserWarning: 'pec' y-extent 2.00mm = 1.0 cells — under-resolved (< 3 cells). Consider finer mesh for accurate results.
[09:39:55.506346]   result_check = sim.run(n_steps=N_STEPS_FULL)
[09:39:55.506350] /root/rfx/ex3_flagship.py:200: UserWarning: 'pec' x-extent 2.00mm = 1.0 cells — below 1 cell resolution. Use add_thin_conductor() for sub-cell PEC sheet.
[09:39:55.506354]   result_check = sim.run(n_steps=N_STEPS_FULL)
[09:39:55.506357] /root/rfx/ex3_flagship.py:200: UserWarning: 'pec' x-extent 2.00mm = 1.0 cells — under-resolved (< 3 cells). Consider finer mesh for accurate results.
[09:39:55.506360]   result_check = sim.run(n_steps=N_STEPS_FULL)
[09:39:55.506363] /root/rfx/ex3_flagship.py:200: UserWarning: 'pec' z-extent 2.00mm = 1.0 cells — under-resolved (< 3 cells). Consider finer mesh for accurate results.
[09:39:55.506366]   result_check = sim.run(n_steps=N_STEPS_FULL)
[09:40:04.116363]   Peak theta=177deg, D=7.61 (8.8 dBi)
[09:40:04.116435]
[09:40:04.116447] === Multi-objective directivity optimization (Adam) ===
[09:40:04.394701]   optimize: n_steps=500, grid=(57, 57, 57) (0.2M cells)
[09:40:38.519485]   iter    0  loss = 9.500938e+00
[09:45:41.541994]   iter   10  loss = 9.494609e+00
[10:00:50.191899]   iter   40  loss = 9.487036e+00
[10:10:21.653296]   iter   59  loss = 9.482045e+00
[10:10:21.909171] Adam: 60 iters in 1817.8s
[10:10:21.927355]
[10:10:21.927392] === DE baseline (wall-clock budget: 1818s) ===
[13:16:07.000000] Container image "nvcr.io/nvidia/jax:24.10-py3" already present on machine
[13:16:07.001000] Container image "nvcr.io/nvidia/jax:24.10-py3" already present on machine
[13:16:08.988525] + set +x
[13:16:09.227802] + mkdir -p /root
[13:16:09.229261] + cd /root
[13:16:09.229482] + set -euo pipefail
[13:16:09.229489] + cd /root
[13:16:09.229494] + git clone https://github.com/bk-squared/rfx.git
[13:16:09.231324] Cloning into 'rfx'...
[13:16:16.715917] + cd rfx
[13:16:16.715974] + pip install --quiet -e '.[all]'
[13:17:42.229297] WARNING: rfx 1807.8.6 does not provide the extra 'dashboard'
[13:17:42.229359] WARNING: rfx 1807.8.6 does not provide the extra 'dev'
[13:17:42.229434] WARNING: rfx 1807.8.6 does not provide the extra 'optimization'
[13:17:42.229499] WARNING: rfx 1807.8.6 does not provide the extra 'visualization'
[13:17:47.621926] WARNING: Running pip as the 'root' user can result in broken permissions and conflicting behaviour with the system package manager. It is recommended to use a virtual environment instead: https://pip.pypa.io/warnings/venv
[13:17:47.900907] + pip install --quiet scipy
[13:17:48.571669] + python -c 'import jax; print('"'"'JAX:'"'"', jax.devices()); import rfx; print('"'"'rfx'"'"', rfx.__version__)'
[13:17:48.972979] JAX: [CudaDevice(id=0)]
[13:17:49.455864] rfx 1.4.0
[13:17:49.649166] + nvidia-smi
[13:17:49.682696] Wed Apr  8 13:17:49 2026
[13:17:49.682730] +---------------------------------------------------------------------------------------+
[13:17:49.682736] | NVIDIA-SMI 535.288.01             Driver Version: 535.288.01   CUDA Version: 12.6     |
[13:17:49.682739] |-----------------------------------------+----------------------+----------------------+
[13:17:49.682742] | GPU  Name                 Persistence-M | Bus-Id        Disp.A | Volatile Uncorr. ECC |
[13:17:49.682746] | Fan  Temp   Perf          Pwr:Usage/Cap |         Memory-Usage | GPU-Util  Compute M. |
[13:17:49.682749] |                                         |                      |               MIG M. |
[13:17:49.682752] |=========================================+======================+======================|
[13:17:49.706808] |   0  NVIDIA RTX A6000               Off | 00000000:61:00.0 Off |                  Off |
[13:17:49.706841] | 30%   40C    P0              65W / 300W |      1MiB / 49140MiB |      0%      Default |
[13:17:49.706845] |                                         |                      |                  N/A |
[13:17:49.706848] +-----------------------------------------+----------------------+----------------------+
[13:17:49.706852]
[13:17:49.706855] +---------------------------------------------------------------------------------------+
[13:17:49.706858] | Processes:                                                                            |
[13:17:49.706861] |  GPU   GI   CI        PID   Type   Process name                            GPU Memory |
[13:17:49.706864] |        ID   ID                                                             Usage      |
[13:17:49.706867] |=======================================================================================|
[13:17:49.706976] |  No running processes found                                                           |
[13:17:49.706985] +---------------------------------------------------------------------------------------+
[13:17:49.806048] + mkdir -p /output/ex3
[13:17:49.807963] + cp /root/workspace/bk-workspace/papers/rfx-tap/experiments/ex3_flagship.py .
[13:17:49.823020] + OUTPUT_DIR=/output/ex3 python ex3_flagship.py
[13:17:50.514977] Device: DeviceInfo(backend='gpu', gpu_available=True, devices=[{'id': 0, 'kind': 'NVIDIA RTX A6000', 'platform': 'gpu'}])
[13:17:50.515016] WR-90: 22.9x10.2mm, f0=10GHz
[13:17:50.515020] dx=2.0mm, domain=80x80x130mm
[13:17:50.515024] N_STEPS: full=3148, opt=500
[13:17:50.515055] Design region: 23x10x10mm plug at aperture
[13:17:50.515068] eps range: 1.0 - 12.0
[13:17:50.515072]
[13:17:50.515077] === NTFF sanity check ===
[13:17:50.515286] /root/rfx/ex3_flagship.py:206: UserWarning: 'pec' y-extent 2.00mm = 1.0 cells — under-resolved (< 3 cells). Consider finer mesh for accurate results.
[13:17:50.515292]   result_check = sim.run(n_steps=N_STEPS_FULL)
[13:17:50.515296] /root/rfx/ex3_flagship.py:206: UserWarning: 'pec' x-extent 2.00mm = 1.0 cells — below 1 cell resolution. Use add_thin_conductor() for sub-cell PEC sheet.
[13:17:50.515300]   result_check = sim.run(n_steps=N_STEPS_FULL)
[13:17:50.515303] /root/rfx/ex3_flagship.py:206: UserWarning: 'pec' x-extent 2.00mm = 1.0 cells — under-resolved (< 3 cells). Consider finer mesh for accurate results.
[13:17:50.515306]   result_check = sim.run(n_steps=N_STEPS_FULL)
[13:17:50.515312] /root/rfx/ex3_flagship.py:206: UserWarning: 'pec' z-extent 2.00mm = 1.0 cells — below 1 cell resolution. Use add_thin_conductor() for sub-cell PEC sheet.
[13:17:50.515316]   result_check = sim.run(n_steps=N_STEPS_FULL)
[13:17:57.325931]   Peak theta=177deg, D=12.93 (11.1 dBi)
[13:17:57.326003]
[13:17:57.326014] === Multi-objective directivity optimization (Adam) ===
[13:17:57.622625]   optimize: n_steps=500, grid=(57, 57, 82) (0.3M cells)
[13:18:43.854953]   iter    0  loss = 9.436091e+00
[13:25:44.116651]   iter   10  loss = 9.317461e+00
[13:32:47.916613]   iter   20  loss = 9.174834e+00
[13:39:52.227442]   iter   30  loss = 8.950366e+00
[13:53:57.957852]   iter   50  loss = 8.849708e+00
[16:31:23.256544] + set +x
[16:31:23.469539] + mkdir -p /root
[16:31:23.470716] + cd /root
[16:31:23.470912] + set -euo pipefail
[16:31:23.470921] + cd /root
[16:31:23.470928] + git clone https://github.com/bk-squared/rfx.git
[16:31:23.472677] Cloning into 'rfx'...
[16:31:35.930364] + cd rfx
[16:31:35.930419] + pip install --quiet -e '.[all]'
[16:31:45.148780] WARNING: rfx 1807.8.6 does not provide the extra 'dashboard'
[16:31:45.148839] WARNING: rfx 1807.8.6 does not provide the extra 'dev'
[16:31:45.148944] WARNING: rfx 1807.8.6 does not provide the extra 'optimization'
[16:31:45.148968] WARNING: rfx 1807.8.6 does not provide the extra 'visualization'
[16:31:51.676490] WARNING: Running pip as the 'root' user can result in broken permissions and conflicting behaviour with the system package manager. It is recommended to use a virtual environment instead: https://pip.pypa.io/warnings/venv
[16:31:52.021894] + pip install --quiet scipy
[16:31:52.699157] + python -c 'import jax; print('"'"'JAX:'"'"', jax.devices()); import rfx; print('"'"'rfx'"'"', rfx.__version__)'
[16:31:53.079241] JAX: [CudaDevice(id=0)]
[16:31:53.617005] rfx 1.4.0
[16:31:53.774513] + nvidia-smi
[16:31:53.806919] Wed Apr  8 16:31:53 2026
[16:31:53.806962] +---------------------------------------------------------------------------------------+
[16:31:53.806968] | NVIDIA-SMI 535.288.01             Driver Version: 535.288.01   CUDA Version: 12.6     |
[16:31:53.806972] |-----------------------------------------+----------------------+----------------------+
[16:31:53.806975] | GPU  Name                 Persistence-M | Bus-Id        Disp.A | Volatile Uncorr. ECC |
[16:31:53.806978] | Fan  Temp   Perf          Pwr:Usage/Cap |         Memory-Usage | GPU-Util  Compute M. |
[16:31:53.806981] |                                         |                      |               MIG M. |
[16:31:53.806983] |=========================================+======================+======================|
[16:31:53.830370] |   0  NVIDIA RTX A6000               Off | 00000000:61:00.0 Off |                  Off |
[16:31:53.830401] | 30%   44C    P0              72W / 300W |      1MiB / 49140MiB |      3%      Default |
[16:31:53.830406] |                                         |                      |                  N/A |
[16:31:53.830410] +-----------------------------------------+----------------------+----------------------+
[16:31:53.830413]
[16:31:53.830416] +---------------------------------------------------------------------------------------+
[16:31:53.830419] | Processes:                                                                            |
[16:31:53.830422] |  GPU   GI   CI        PID   Type   Process name                            GPU Memory |
[16:31:53.830425] |        ID   ID                                                             Usage      |
[16:31:53.830428] |=======================================================================================|
[16:31:53.830566] |  No running processes found                                                           |
[16:31:53.830605] +---------------------------------------------------------------------------------------+
[16:31:53.928475] + mkdir -p /output/ex3
[16:31:53.930408] + cp /root/workspace/bk-workspace/papers/rfx-tap/experiments/ex3_flagship.py .
[16:31:53.944797] + OUTPUT_DIR=/output/ex3 python ex3_flagship.py
[16:31:54.716241] Device: DeviceInfo(backend='gpu', gpu_available=True, devices=[{'id': 0, 'kind': 'NVIDIA RTX A6000', 'platform': 'gpu'}])
[16:31:54.716276] WR-90: 22.9x10.2mm, f0=10GHz
[16:31:54.716280] dx=1.0mm, domain=90x90x150mm
[16:31:54.716284] N_STEPS: full=6295, opt=500
[16:31:54.716300] Design region: 23x10x10mm plug at aperture
[16:31:54.716304] eps range: 1.0 - 12.0
[16:31:54.716307]
[16:31:54.716310] === NTFF sanity check ===
[16:31:54.716708] /root/rfx/ex3_flagship.py:205: UserWarning: 'pec' y-extent 2.00mm = 2.0 cells — under-resolved (< 3 cells). Consider finer mesh for accurate results.
[16:31:54.716777]   result_check = sim.run(n_steps=N_STEPS_FULL)
[16:31:54.716788] /root/rfx/ex3_flagship.py:205: UserWarning: 'pec' x-extent 2.00mm = 2.0 cells — under-resolved (< 3 cells). Consider finer mesh for accurate results.
[16:31:54.716796]   result_check = sim.run(n_steps=N_STEPS_FULL)
[16:31:54.716805] /root/rfx/ex3_flagship.py:205: UserWarning: 'pec' z-extent 2.00mm = 2.0 cells — under-resolved (< 3 cells). Consider finer mesh for accurate results.
[16:31:54.716812]   result_check = sim.run(n_steps=N_STEPS_FULL)
[16:32:07.832416]   Peak theta=177deg, D=15.55 (11.9 dBi)
[16:32:07.832462]
[16:32:07.832467] === Multi-objective directivity optimization (Adam) ===
[16:32:08.134144]   optimize: n_steps=500, grid=(107, 107, 167) (1.9M cells)
[16:32:17.521746] 2026-04-08 16:32:17.521550: W external/xla/xla/service/hlo_rematerialization.cc:3005] Can't reduce memory use below 17.51GiB (18801998079 bytes) by rematerialization; only reduced to 26.60GiB (28562371378 bytes), down from 26.60GiB (28562371586 bytes) originally
[16:32:55.320721] 2026-04-08 16:32:55.320520: W external/xla/xla/service/hlo_rematerialization.cc:3005] Can't reduce memory use below 17.53GiB (18822699823 bytes) by rematerialization; only reduced to 20.32GiB (21821932303 bytes), down from 20.32GiB (21821932367 bytes) originally
[16:33:07.587722] 2026-04-08 16:33:07.587445: W external/xla/xla/tsl/framework/bfc_allocator.cc:497] Allocator (GPU_0_bfc) ran out of memory trying to allocate 20.23GiB (rounded to 21718113280)requested by op
[16:33:07.587992] 2026-04-08 16:33:07.587840: W external/xla/xla/tsl/framework/bfc_allocator.cc:508] **********************************************************__________________________________________
[16:33:07.588018] E0408 16:33:07.587909     840 pjrt_stream_executor_client.cc:3067] Execution of replica 0 failed: RESOURCE_EXHAUSTED: Out of memory while trying to allocate 21718113028 bytes.
[16:33:07.598681] Traceback (most recent call last):
[16:33:07.598710]   File "/root/rfx/ex3_flagship.py", line 227, in <module>
[16:33:07.598835]     opt = optimize(
[16:33:07.598849]   File "/root/rfx/rfx/optimize.py", line 187, in optimize
[16:33:07.598857]     loss, grad = grad_fn(latent)
[16:33:07.598865]   File "/root/rfx/rfx/optimize.py", line 169, in forward
[16:33:07.598898]     result = sim._forward_from_materials(
[16:33:07.598907]   File "/root/rfx/rfx/api.py", line 2641, in _forward_from_materials
[16:33:07.599233]     result = _run(
[16:33:07.599272]   File "/root/rfx/rfx/simulation.py", line 839, in run
[16:33:07.599370]     final_carry, outputs = jax.lax.scan(body, carry_init, xs)
[16:33:07.599407] jax._src.source_info_util.JaxStackTraceBeforeTransformation: jaxlib.xla_extension.XlaRuntimeError: RESOURCE_EXHAUSTED: Out of memory while trying to allocate 21718113028 bytes.
[16:33:07.599416]
[16:33:07.599425] The preceding stack trace is the source of the JAX operation that, once transformed by JAX, triggered the following exception.
[16:33:07.599433]
[16:33:07.599473] --------------------
[16:33:07.599481]
[16:33:07.599489] The above exception was the direct cause of the following exception:
[16:33:07.599497]
[16:33:07.599505] jax.errors.SimplifiedTraceback: For simplicity, JAX has removed its internal frames from the traceback of the following exception. Set JAX_TRACEBACK_FILTERING=off to include these.
[16:33:07.599513]
[16:33:07.599520] The above exception was the direct cause of the following exception:
[16:33:07.599527]
[16:33:07.599535] Traceback (most recent call last):
[16:33:07.599542]   File "/root/rfx/ex3_flagship.py", line 227, in <module>
[16:33:07.599559]     opt = optimize(
[16:33:07.599567]   File "/root/rfx/rfx/optimize.py", line 187, in optimize
[16:33:07.599581]     loss, grad = grad_fn(latent)
[16:33:07.599589] jaxlib.xla_extension.XlaRuntimeError: RESOURCE_EXHAUSTED: Out of memory while trying to allocate 21718113028 bytes.
[16:33:08.465283] workload reported done
[16:33:08.465383] Workload status changed to stopping
[16:33:11.535133] workload reported done
[16:33:11.535233] Workload status changed to waitToBeKilled
[16:33:15.000000] Stopping container vops-sidecar
[16:33:15.000000] Stopping container run-sidecar
[16:33:15.000000] Stopping container run-exec
[16:33:15.000000] Terminating VESSL Workload...
[16:33:15.000000] Stopping container fluentbit
[16:33:15.117739] workload failed
[16:33:15.117839] Workload status changed to failed
