Organization: remilab
Project: byungkwan
[02:36:30.989701] workload awaiting to start
[02:36:30.989801] Workload status changed to pending
[02:36:35.951481] VESSL Workload assigned successfully. Starting soon.
[02:36:36.000000] Container image "quay.io/vessl-ai/kernels-toolbox:0.1.188" already present on machine
[02:36:36.000000] Created container vops-init
[02:36:37.000000] Started container vops-init
[02:36:38.000000] Started container run-sidecar
[02:36:38.000000] Created container vops-sidecar
[02:36:38.000000] Created container ttyd-sidecar
[02:36:38.000000] Container image "quay.io/vessl-ai/kernels-toolbox:0.1.188" already present on machine
[02:36:38.000000] Started container run-exec
[02:36:38.000000] Created container fluentbit
[02:36:38.000000] Container image "nvcr.io/nvidia/jax:24.10-py3" already present on machine
[02:36:38.000000] Container image "quay.io/vessl-ai/fluent-bit:2.1.6" already present on machine
[02:36:38.000000] Container image "quay.io/vessl-ai/sidecar:v0.0.3" already present on machine
[02:36:38.000000] Created container run-sidecar
[02:36:38.001000] Container image "nvcr.io/nvidia/jax:24.10-py3" already present on machine
[02:36:38.964727] Installing VESSL CLI...
[02:36:39.517554] workload reported alive as pod run-execution-19qhhp6zvh1j-0
[02:36:40.614284] + set +x
[02:36:43.750750] vessl, version 0.1.199
[02:36:45.758998] workload reported alive as pod run-execution-19qhhp6zvh1j-0
[02:36:45.759098] Workload status changed to running
[02:36:45.856301] + mkdir -p /root
[02:36:45.858359] + cd /root
[02:36:45.858930] + cd /root/workspace/byungkwan-workspace/research/rfx
[02:36:45.874889] + git config --global --add safe.directory /root/workspace/byungkwan-workspace/research/rfx
[02:36:45.901871] + git pull --ff-only origin main
[02:36:47.096072] From https://github.com/BK3536/rfx
[02:36:47.096114]  * branch            main       -> FETCH_HEAD
[02:36:47.182886] Already up to date.
[02:36:47.183620] + pip install -q -e '.[dev]'
[02:36:55.272092] WARNING: Running pip as the 'root' user can result in broken permissions and conflicting behaviour with the system package manager. It is recommended to use a virtual environment instead: https://pip.pypa.io/warnings/venv
[02:36:55.429785] + echo '=== Crossval #10: OpenEMS Patch Antenna ==='
[02:36:55.429797] === Crossval #10: OpenEMS Patch Antenna ===
[02:36:55.429805] + python examples/crossval/10_openems_patch_antenna.py
[02:36:56.527640] ============================================================
[02:36:56.527708] Cross-Validation #2: OpenEMS Simple Patch Antenna
[02:36:56.527720] ============================================================
[02:36:56.527728] Patch: 32 x 40 mm on eps_r=3.38
[02:36:56.527735] Substrate: h=1.524mm, 60x60mm
[02:36:56.527743] Analytical f_r: 2.038 GHz
[02:36:56.527750]
[02:36:56.527758] dx = 1.00 mm, dz_sub = 0.254 mm
[02:36:56.527765] z-cells: 6 substrate + 145 air = 157 total
[02:36:56.528046] Steps: 12000
[02:36:56.878871] Nu grid: nz=173, dt=0.79ps
[02:36:56.879017] z_phys first 10: [0.         0.25400007 0.50800014 0.7620002  1.0160003  1.2700003
[02:36:56.879024]  1.5621004  1.9418304  2.4354794  3.077223  ]
[02:36:56.879025] Substrate h=1.524mm, port z=0.762mm
[02:36:56.879026]
[02:37:22.715241] Probe signal: max=6.6279e+08, rms=9.1585e+07
[02:38:51.166601] Harminv (edge probe): 1.9550 GHz, Q=48
[02:38:51.169745] Resonance: 1.9550 GHz
[02:38:51.169761] Analytical: 2.0383 GHz
[02:38:51.169776] Error: 4.09%
[02:38:51.169790] PASS: resonance within 5%
[02:38:51.169794]
[02:38:51.179683] NTFF extraction: 'NoneType' object has no attribute 'freqs'
[02:38:51.453767]
[02:38:51.453789] Plot saved: /root/workspace/byungkwan-workspace/research/rfx/examples/crossval/10_openems_patch_antenna.png
[02:38:51.606614] + echo '=== Crossval #08: Dipole Radiation (fixed) ==='
[02:38:51.606632] + python examples/crossval/08_dipole_radiation.py
[02:38:51.606642] === Crossval #08: Dipole Radiation (fixed) ===
[02:38:52.567483] ============================================================
[02:38:52.567525] Cross-Validation: Dipole Radiation Pattern
[02:38:52.567529] ============================================================
[02:38:52.567533] Source: Ez dipole at 5 GHz
[02:38:52.567537] Domain: 80mm, dx=1.0mm
[02:38:52.567540]
[02:38:52.567704] Grid: 101x101x101, steps=7868
[02:39:00.048428]
[02:39:00.048456] E-plane correlation with sin²(theta): 0.9882
[02:39:00.048459] H-plane correlation with sin²(theta): 0.9873
[02:39:00.048473] Max far-field power: 8.4828e-27
[02:39:00.048475] FAIL: pattern shape correct (corr=0.988) but power=8.48e-27 at noise floor
[02:39:00.327217] Plot saved: /root/workspace/byungkwan-workspace/research/rfx/examples/crossval/08_dipole_radiation.png
[02:39:00.459913] + echo '=== DONE ==='
[02:39:00.459917] === DONE ===
[02:39:00.465914] workload reported done
[02:39:00.466015] Workload status changed to stopping
[02:39:10.419665] + set +x
[02:39:15.439368] workload reported done
[02:39:15.439468] Workload status changed to waitToBeKilled
[02:39:18.000000] Stopping container vops-sidecar
[02:39:18.000000] Stopping container run-exec
[02:39:18.000000] Terminating VESSL Workload...
[02:39:18.000000] Stopping container ttyd-sidecar
[02:39:18.063726] workload completed
[02:39:18.063826] Workload status changed to completed
