Organization: remilab
Project: byungkwan
[04:59:27.529830] workload awaiting to start
[04:59:27.529930] Workload status changed to pending
[04:59:32.978266] VESSL Workload assigned successfully. Starting soon.
[04:59:33.000000] Container image "quay.io/vessl-ai/kernels-toolbox:0.1.188" already present on machine
[04:59:33.000000] Created container vops-init
[04:59:33.000000] Started container vops-init
[04:59:34.000000] Creating VESSL Workload...
[04:59:34.000000] Created container run-exec
[04:59:34.000000] Container image "nvcr.io/nvidia/jax:24.04-py3" already present on machine
[04:59:34.001000] Container image "nvcr.io/nvidia/jax:24.04-py3" already present on machine
[04:59:35.000000] Started container run-sidecar
[04:59:35.000000] Created container vops-sidecar
[04:59:35.000000] Starting VESSL Workload...
[04:59:35.000000] Started container vops-sidecar
[04:59:35.000000] Container image "quay.io/vessl-ai/kernels-toolbox:0.1.188" already present on machine
[04:59:35.000000] Started container run-exec
[04:59:35.000000] Started container fluentbit
[04:59:35.000000] Started container ttyd-sidecar
[04:59:35.000000] Container image "quay.io/vessl-ai/fluent-bit:2.1.6" already present on machine
[04:59:35.000000] Container image "quay.io/vessl-ai/sidecar:v0.0.3" already present on machine
[04:59:35.724187] Installing VESSL CLI...
[04:59:36.503006] workload reported alive as pod run-execution-oxwq15rz31mq-0
[04:59:36.503106] Workload status changed to initializing
[04:59:37.731663] + set +x
[04:59:40.397182] vessl, version 0.1.199
[04:59:42.883769] workload reported alive as pod run-execution-oxwq15rz31mq-0
[04:59:42.883869] Workload status changed to running
[04:59:43.315899] + mkdir -p /root
[04:59:43.317918] + cd /root
[04:59:43.318485] + cd /root/workspace/byungkwan-workspace/research/rfx
[04:59:43.333835] + pip install -q -e .
[04:59:49.062835] WARNING: Running pip as the 'root' user can result in broken permissions and conflicting behaviour with the system package manager. It is recommended to use a virtual environment instead: https://pip.pypa.io/warnings/venv
[04:59:49.141068] + python -c 'import jax; print(f'"'"'Backend: {jax.default_backend()}'"'"')'
[04:59:49.726746] Backend: gpu
[04:59:49.780962] + echo '=== Non-uniform fine lateral dx=0.25mm + raw source ==='
[04:59:49.780972] + python examples/26_nonuniform_fine.py
[04:59:49.780978] === Non-uniform fine lateral dx=0.25mm + raw source ===
[04:59:51.169719] dx=0.25mm, dz_sub=0.4mm, dz_air=0.5mm
[04:59:51.169737] Grid: (392, 426, 90), cells=15.0M
[04:59:51.169740] h snapped: 1.600mm
[04:59:51.474903] n_steps=18729, T_sim=10.0ns
[04:59:51.474919] Running...
[05:02:04.737494] Done: 133.3s (2112 Mcells/s)
[05:02:07.908281] Traceback (most recent call last):
[05:02:07.908301]   File "/root/workspace/byungkwan-workspace/research/rfx/examples/26_nonuniform_fine.py", line 68, in <module>
[05:02:07.927172]     modes=harminv(w,grid.dt,1.5e9,3.5e9)
[05:02:07.927179]   File "/root/workspace/byungkwan-workspace/research/rfx/rfx/harminv.py", line 88, in harminv
[05:02:07.937395]     U, sv, Vh = np.linalg.svd(Y0, full_matrices=False)
[05:02:07.937410]   File "/usr/local/lib/python3.10/dist-packages/numpy/linalg/linalg.py", line 1681, in svd
[05:02:07.937538]     u, s, vh = gufunc(a, signature=signature, extobj=extobj)
[05:02:07.937541]   File "/usr/local/lib/python3.10/dist-packages/numpy/linalg/linalg.py", line 121, in _raise_linalgerror_svd_nonconvergence
[05:02:07.937587]     raise LinAlgError("SVD did not converge")
[05:02:07.937596] numpy.linalg.LinAlgError: SVD did not converge
[05:02:08.119489] workload reported done
[05:02:08.119589] Workload status changed to stopping
[05:02:19.359803] workload reported done
[05:02:19.359903] Workload status changed to waitToBeKilled
[05:02:21.000000] Stopping container vops-sidecar
[05:02:21.000000] Stopping container run-sidecar
[05:02:21.000000] Stopping container run-exec
[05:02:21.000000] Terminating VESSL Workload...
[05:02:21.000000] Stopping container ttyd-sidecar
[05:02:21.000000] Stopping container fluentbit
[05:02:21.118359] workload failed
[05:02:21.118459] Workload status changed to failed
