Organization: remilab
Project: byungkwan
[16:52:09.387288] workload awaiting to start
[16:52:09.387388] Workload status changed to pending
[16:52:14.923024] VESSL Workload assigned successfully. Starting soon.
[16:52:15.000000] Container image "quay.io/vessl-ai/kernels-toolbox:0.1.188" already present on machine
[16:52:15.000000] Created container vops-init
[16:52:16.000000] Creating VESSL Workload...
[16:52:16.000000] Starting VESSL Workload...
[16:52:16.000000] Created container run-exec
[16:52:16.000000] Started container run-exec
[16:52:16.000000] Started container vops-init
[16:52:16.000000] Container image "quay.io/vessl-ai/fluent-bit:2.1.6" already present on machine
[16:52:16.000000] Container image "quay.io/vessl-ai/sidecar:v0.0.3" already present on machine
[16:52:16.000000] Container image "nvcr.io/nvidia/jax:24.04-py3" already present on machine
[16:52:16.000000] Created container run-sidecar
[16:52:16.001000] Container image "nvcr.io/nvidia/jax:24.04-py3" already present on machine
[16:52:17.000000] Created container vops-sidecar
[16:52:17.000000] Started container vops-sidecar
[16:52:17.000000] Container image "quay.io/vessl-ai/kernels-toolbox:0.1.188" already present on machine
[16:52:17.000000] Started container ttyd-sidecar
[16:52:17.303147] Installing VESSL CLI...
[16:52:28.150876] workload reported alive as pod run-execution-rwt4pofzvt3p-0
[16:52:28.150976] Workload status changed to initializing
[16:52:29.330726] + set +x
[16:52:31.707954] vessl, version 0.1.199
[16:52:34.468275] workload reported alive as pod run-execution-rwt4pofzvt3p-0
[16:52:34.468375] Workload status changed to running
[16:52:34.652871] + mkdir -p /root
[16:52:34.655037] + cd /root
[16:52:34.655682] + cd /root/workspace/byungkwan-workspace/research/rfx
[16:52:34.671353] + pip install -q -e .
[16:52:40.335653] WARNING: Running pip as the 'root' user can result in broken permissions and conflicting behaviour with the system package manager. It is recommended to use a virtual environment instead: https://pip.pypa.io/warnings/venv
[16:52:40.418280] + python -c 'import jax; d=jax.devices()[0]; print(f'"'"'Backend: {jax.default_backend()}, Memory: {d.memory_stats()["bytes_limit"]/1e9:.1f}GB'"'"')'
[16:52:41.051109] Backend: gpu, Memory: 18.9GB
[16:52:41.114006] + python examples/20_convergence_0125.py
[16:52:42.222461] dx=0.125mm, grid=(685, 753, 262)
[16:52:42.222477] Cells: 135.1M, est field memory: 3.2GB
[16:52:42.222480] h/dx=13, L/dx=235
[16:52:42.222481] n_steps=41961, T_sim=10.0ns
[16:52:42.222483] Estimated time: 2835s at 2000 Mcells/s
[16:52:42.222485] Running...
[16:52:53.835203] 2026-04-02 16:52:53.834862: W external/tsl/tsl/framework/bfc_allocator.cc:482] Allocator (GPU_0_bfc) ran out of memory trying to allocate 515.52MiB (rounded to 540563712)requested by op
[16:52:53.835282] 2026-04-02 16:52:53.835130: W external/tsl/tsl/framework/bfc_allocator.cc:494] *****************************************************_********************************__*****_****_*
[16:52:53.835293] E0402 16:52:53.835224     171 pjrt_stream_executor_client.cc:2809] Execution of replica 0 failed: RESOURCE_EXHAUSTED: Out of memory while trying to allocate 540563640 bytes.
[16:52:53.835299] BufferAssignment OOM Debugging.
[16:52:53.835303] BufferAssignment stats:
[16:52:53.835309]              parameter allocation:    1.01GiB
[16:52:53.835313]               constant allocation:         0B
[16:52:53.835317]         maybe_live_out allocation:  515.52MiB
[16:52:53.835321]      preallocated temp allocation:         0B
[16:52:53.835325]                  total allocation:    1.51GiB
[16:52:53.835330]               total fragmentation:         0B (0.00%)
[16:52:53.835334] Peak buffers:
[16:52:53.835339] 	Buffer 1:
[16:52:53.835345] 		Size: 515.52MiB
[16:52:53.835349] 		Entry Parameter Subshape: f32[685,753,262]
[16:52:53.835361] 		==========================
[16:52:53.835366]
[16:52:53.835371] 	Buffer 2:
[16:52:53.835376] 		Size: 515.52MiB
[16:52:53.835381] 		Entry Parameter Subshape: f32[685,753,262]
[16:52:53.835385] 		==========================
[16:52:53.835389]
[16:52:53.835393] 	Buffer 3:
[16:52:53.835398] 		Size: 515.52MiB
[16:52:53.835404] 		Operator: op_name="jit(fn)/jit(main)/mul" source_file="/root/workspace/byungkwan-workspace/research/rfx/rfx/geometry/smoothing.py" source_line=180
[16:52:53.835411] 		XLA Label: fusion
[16:52:53.835416] 		Shape: f32[685,753,262]
[16:52:53.835420] 		==========================
[16:52:53.835424]
[16:52:53.835428]
[16:52:53.835603] Traceback (most recent call last):
[16:52:53.835642]   File "/root/workspace/byungkwan-workspace/research/rfx/examples/20_convergence_0125.py", line 53, in <module>
[16:52:53.836068]     result = sim.run(n_steps=n_steps, subpixel_smoothing=True)
[16:52:53.836076]   File "/root/workspace/byungkwan-workspace/research/rfx/rfx/api.py", line 1590, in run
[16:52:53.859515]     aniso_eps = compute_smoothed_eps(grid, shape_eps_pairs, background_eps=1.0)
[16:52:53.859547]   File "/root/workspace/byungkwan-workspace/research/rfx/rfx/geometry/smoothing.py", line 264, in compute_smoothed_eps
[16:52:53.872855]     smooth_ex = _anisotropic_eps(f_ex, eps_r, eps_outside_ex, jnp.abs(nx_ex))
[16:52:53.872885]   File "/root/workspace/byungkwan-workspace/research/rfx/rfx/geometry/smoothing.py", line 189, in _anisotropic_eps
[16:52:53.877164]     return cos2 * eps_par + sin2 * eps_perp
[16:52:53.877202]   File "/opt/jax/jax/_src/numpy/array_methods.py", line 264, in deferring_binary_op
[16:52:53.877219]     return binary_op(*args)
[16:52:53.877225] ValueError: RESOURCE_EXHAUSTED: Out of memory while trying to allocate 540563640 bytes.
[16:52:53.877230] BufferAssignment OOM Debugging.
[16:52:53.877234] BufferAssignment stats:
[16:52:53.877239]              parameter allocation:    1.01GiB
[16:52:53.877244]               constant allocation:         0B
[16:52:53.877249]         maybe_live_out allocation:  515.52MiB
[16:52:53.877256]      preallocated temp allocation:         0B
[16:52:53.877260]                  total allocation:    1.51GiB
[16:52:53.877264]               total fragmentation:         0B (0.00%)
[16:52:53.877269] Peak buffers:
[16:52:53.877273] 	Buffer 1:
[16:52:53.877277] 		Size: 515.52MiB
[16:52:53.877281] 		Entry Parameter Subshape: f32[685,753,262]
[16:52:53.877285] 		==========================
[16:52:53.877289]
[16:52:53.877294] 	Buffer 2:
[16:52:53.877298] 		Size: 515.52MiB
[16:52:53.877302] 		Entry Parameter Subshape: f32[685,753,262]
[16:52:53.877306] 		==========================
[16:52:53.877310]
[16:52:53.877314] 	Buffer 3:
[16:52:53.877318] 		Size: 515.52MiB
[16:52:53.877323] 		Operator: op_name="jit(fn)/jit(main)/mul" source_file="/root/workspace/byungkwan-workspace/research/rfx/rfx/geometry/smoothing.py" source_line=180
[16:52:53.877327] 		XLA Label: fusion
[16:52:53.877331] 		Shape: f32[685,753,262]
[16:52:53.877335] 		==========================
[16:52:53.877339]
[16:52:53.877343]
[16:52:54.063048] workload reported done
[16:52:54.063148] Workload status changed to stopping
[16:52:58.689518] workload reported done
[16:52:58.689619] Workload status changed to waitToBeKilled
[16:53:00.000000] Stopping container vops-sidecar
[16:53:00.000000] Stopping container run-sidecar
[16:53:00.000000] Stopping container run-exec
[16:53:00.000000] Terminating VESSL Workload...
[16:53:00.103041] workload failed
[16:53:00.103141] Workload status changed to failed
