Organization: remilab
Project: byungkwan
[19:46:16.769952] workload awaiting to start
[19:46:16.770052] Workload status changed to pending
[19:46:30.957086] Event Reason: FailedScheduling, Event Note: 0/13 nodes are available: pod has unbound immediate PersistentVolumeClaims. preemption: 0/13 nodes are available: 13 Preemption is not helpful for scheduling.
[19:46:30.957086] Workload is in queue for scheduling. Please wait...
[19:46:40.523141] Workload is in queue for scheduling. Please wait...
[19:46:40.523141] Event Reason: FailedScheduling, Event Note: 0/13 nodes are available: 3 Insufficient cpu, 3 Insufficient memory, 6 Insufficient nvidia.com/gpu, 7 node(s) didn't match Pod's node affinity/selector. preemption: 0/13 nodes are available: 6 No preemption victims found for incoming pod, 7 Preemption is not helpful for scheduling.
[19:47:57.565033] Workload is in queue for scheduling. Please wait...
[19:47:57.565033] Event Reason: FailedScheduling, Event Note: 0/13 nodes are available: 3 Insufficient cpu, 3 Insufficient memory, 6 Insufficient nvidia.com/gpu, 7 node(s) didn't match Pod's node affinity/selector. preemption: 0/13 nodes are available: 6 No preemption victims found for incoming pod, 7 Preemption is not helpful for scheduling.
[19:49:15.589972] VESSL Workload assigned successfully. Starting soon.
[19:49:16.000000] Container image "quay.io/vessl-ai/kernels-toolbox:0.1.188" already present on machine
[19:49:16.000000] Created container vops-init
[19:49:16.000000] Started container vops-init
[19:49:17.000000] Creating VESSL Workload...
[19:49:17.000000] Created container run-exec
[19:49:17.000000] Container image "nvcr.io/nvidia/jax:24.10-py3" already present on machine
[19:49:17.001000] Container image "nvcr.io/nvidia/jax:24.10-py3" already present on machine
[19:49:18.000000] Started container run-sidecar
[19:49:18.000000] Created container vops-sidecar
[19:49:18.000000] Created container ttyd-sidecar
[19:49:18.000000] Starting VESSL Workload...
[19:49:18.000000] Started container vops-sidecar
[19:49:18.000000] Container image "quay.io/vessl-ai/kernels-toolbox:0.1.188" already present on machine
[19:49:18.000000] Started container run-exec
[19:49:18.000000] Started container fluentbit
[19:49:18.000000] Created container fluentbit
[19:49:18.000000] Started container ttyd-sidecar
[19:49:18.000000] Container image "quay.io/vessl-ai/fluent-bit:2.1.6" already present on machine
[19:49:18.000000] Container image "quay.io/vessl-ai/sidecar:v0.0.3" already present on machine
[19:49:18.587946] Installing VESSL CLI...
[19:49:19.378195] workload reported alive as pod run-execution-odnzlcz9h6il-0
[19:49:19.378295] Workload status changed to initializing
[19:49:20.521199] + set +x
[19:49:24.575186] vessl, version 0.1.199
[19:49:25.664601] workload reported alive as pod run-execution-odnzlcz9h6il-0
[19:49:25.664701] Workload status changed to running
[19:49:25.758475] + mkdir -p /root
[19:49:25.760591] + cd /root
[19:49:25.761280] + set -euo pipefail
[19:49:25.761313] + cd /root
[19:49:25.761323] + git clone https://github.com/BK3536/rfx.git
[19:49:25.763568] Cloning into 'rfx'...
[19:49:27.812153] + cd rfx
[19:49:27.812171] + pip install --quiet -e '.[all]'
[19:49:30.604760] WARNING: rfx 1807.8.6 does not provide the extra 'dashboard'
[19:49:30.604791] WARNING: rfx 1807.8.6 does not provide the extra 'dev'
[19:49:30.604794] WARNING: rfx 1807.8.6 does not provide the extra 'optimization'
[19:49:30.605018] WARNING: rfx 1807.8.6 does not provide the extra 'visualization'
[19:49:34.404689] WARNING: Running pip as the 'root' user can result in broken permissions and conflicting behaviour with the system package manager. It is recommended to use a virtual environment instead: https://pip.pypa.io/warnings/venv
[19:49:34.554563] + python -c 'import jax; print('"'"'JAX devices:'"'"', jax.devices())'
[19:49:34.888246] JAX devices: [CudaDevice(id=0)]
[19:49:34.933282] + nvidia-smi
[19:49:34.960097] Sat Apr  4 19:49:34 2026
[19:49:34.960119] +---------------------------------------------------------------------------------------+
[19:49:34.960125] | NVIDIA-SMI 535.288.01             Driver Version: 535.288.01   CUDA Version: 12.2     |
[19:49:34.960130] |-----------------------------------------+----------------------+----------------------+
[19:49:34.960133] | GPU  Name                 Persistence-M | Bus-Id        Disp.A | Volatile Uncorr. ECC |
[19:49:34.960136] | Fan  Temp   Perf          Pwr:Usage/Cap |         Memory-Usage | GPU-Util  Compute M. |
[19:49:34.960140] |                                         |                      |               MIG M. |
[19:49:34.960143] |=========================================+======================+======================|
[19:49:34.981736] |   0  NVIDIA GeForce RTX 4090        Off | 00000000:01:00.0 Off |                  Off |
[19:49:34.981750] |  0%   34C    P0              23W / 450W |      1MiB / 24564MiB |      0%      Default |
[19:49:34.981752] |                                         |                      |                  N/A |
[19:49:34.981754] +-----------------------------------------+----------------------+----------------------+
[19:49:34.981755]
[19:49:34.981758] +---------------------------------------------------------------------------------------+
[19:49:34.981760] | Processes:                                                                            |
[19:49:34.981761] |  GPU   GI   CI        PID   Type   Process name                            GPU Memory |
[19:49:34.981763] |        ID   ID                                                             Usage      |
[19:49:34.981764] |=======================================================================================|
[19:49:34.981766] |  No running processes found                                                           |
[19:49:34.981767] +---------------------------------------------------------------------------------------+
[19:49:35.030432] + mkdir -p /output/ex2
[19:49:35.031088] + cp /root/workspace/bk-workspace/papers/rfx-tap/experiments/ex2_filter_topology.py .
[19:49:35.080710] + OUTPUT_DIR=/output/ex2 python ex2_filter_topology.py
[19:49:35.830255] Device: DeviceInfo(backend='gpu', gpu_available=True, devices=[{'id': 0, 'kind': 'NVIDIA GeForce RTX 4090', 'platform': 'gpu'}])
[19:49:35.830286]
[19:49:35.830289] === Grid: dx=1.500 mm, est. 17802 MB ===
[19:49:35.830375]
[19:49:35.830383] === Topology optimization: 120 iterations ===
[19:49:35.830385] Beta schedule: 1@0, 4@30, 16@60, 32@80, 64@100
[19:49:42.245329]   iter    0  loss = -1.729875e+05  beta = 1.0  binarization = 1.000
[19:50:15.010311]   iter   10  loss = -1.729875e+05  beta = 1.0  binarization = 1.000
[19:50:46.873418]   iter   20  loss = -1.729875e+05  beta = 1.0  binarization = 1.000
[19:51:18.544334]   iter   30  loss = -1.729875e+05  beta = 4.0  binarization = 0.998
[19:51:49.205995]   iter   40  loss = -1.729875e+05  beta = 4.0  binarization = 0.997
[19:52:20.126120]   iter   50  loss = -1.729875e+05  beta = 4.0  binarization = 0.996
[19:52:51.376199]   iter   60  loss = -1.729875e+05  beta = 16.0  binarization = 0.979
[19:53:22.794239]   iter   70  loss = -1.729875e+05  beta = 16.0  binarization = 0.978
[19:53:53.389806]   iter   80  loss = -1.729875e+05  beta = 32.0  binarization = 0.971
[19:54:23.849412]   iter   90  loss = -1.729875e+05  beta = 32.0  binarization = 0.970
[19:54:54.579319]   iter  100  loss = -1.729875e+05  beta = 64.0  binarization = 0.962
[19:55:25.335853]   iter  110  loss = -1.729875e+05  beta = 64.0  binarization = 0.960
[19:55:53.382652]   iter  119  loss = -1.729875e+05  beta = 64.0  binarization = 0.958
[19:55:53.410089]
[19:55:53.410106] Optimization complete in 377.6s
[19:55:53.730560]
[19:55:53.730577] Generating topology_evolution.png ...
[19:55:53.750403] /root/rfx/ex2_filter_topology.py:280: UserWarning: This figure includes Axes that are not compatible with tight_layout, so results might be incorrect.
[19:55:53.750406]   plt.tight_layout()
[19:55:54.008693] Saved: topology_evolution.png
[19:55:54.008703] Generating convergence.png ...
[19:55:54.025337] /root/rfx/ex2_filter_topology.py:313: UserWarning: Tight layout not applied. The bottom and top margins cannot be made large enough to accommodate all Axes decorations.
[19:55:54.025344]   plt.tight_layout()
[19:55:54.094641] Saved: convergence.png
[19:55:54.094648] Generating binary_design.png ...
[19:55:54.269579] Saved: binary_design.png
[19:55:54.269590]
[19:55:54.269591] === S-parameter sweeps ===
[19:55:54.269593] Running S-param sweep: initial (no topology) ...
[19:59:22.401823]   done in 208.1s
[19:59:22.401839] Running S-param sweep: optimized (base + feed lines, no design region material) ...
[20:02:49.167591]   done in 206.8s
[20:02:49.167608] Running S-param sweep: binary (full-metal design region as PEC proxy) ...
[20:06:16.265943]   done in 207.1s
[20:06:16.265964] Generating sparam_comparison.png ...
[20:06:16.445179] Saved: sparam_comparison.png
[20:06:16.445434]
[20:06:16.445451] Metrics saved: /output/ex2/metrics.json
[20:06:16.445454] {
[20:06:16.445455]   "experiment": "ex2_filter_topology",
[20:06:16.445466]   "device": "DeviceInfo(backend='gpu', gpu_available=True, devices=[{'id': 0, 'kind': 'NVIDIA GeForce RTX 4090', 'platform': 'gpu'}])",
[20:06:16.445468]   "total_iters": 120,
[20:06:16.445470]   "opt_time_s": 377.6,
[20:06:16.445472]   "initial_loss": -172987.53125,
[20:06:16.445473]   "final_loss": -172987.53125,
[20:06:16.445475]   "improvement_pct": 0.0,
[20:06:16.445476]   "design_region_cells": [
[20:06:16.445477]     22,
[20:06:16.445479]     13,
[20:06:16.445481]     2
[20:06:16.445483]   ],
[20:06:16.445485]   "binarization": 0.9414,
[20:06:16.445487]   "passband_ghz": [
[20:06:16.445488]     2.0,
[20:06:16.445490]     2.5
[20:06:16.445492]   ],
[20:06:16.445494]   "beta_schedule": [
[20:06:16.445496]     [
[20:06:16.445498]       0,
[20:06:16.445500]       1
[20:06:16.445502]     ],
[20:06:16.445504]     [
[20:06:16.445506]       30,
[20:06:16.445508]       4
[20:06:16.445509]     ],
[20:06:16.445511]     [
[20:06:16.445513]       60,
[20:06:16.445515]       16
[20:06:16.445517]     ],
[20:06:16.445518]     [
[20:06:16.445520]       80,
[20:06:16.445522]       32
[20:06:16.445524]     ],
[20:06:16.445525]     [
[20:06:16.445527]       100,
[20:06:16.445529]       64
[20:06:16.445531]     ]
[20:06:16.445533]   ],
[20:06:16.445534]   "filter_radius_mm": 3.0,
[20:06:16.445536]   "dx_mm": 1.5,
[20:06:16.445538]   "insertion_loss_dB": 140.4589080810547,
[20:06:16.445540]   "return_loss_dB": 0.14361795783042908,
[20:06:16.445541]   "bandwidth_MHz": null,
[20:06:16.445543]   "binary_insertion_loss_dB": 140.4589080810547,
[20:06:16.445545]   "binary_return_loss_dB": 0.14361795783042908,
[20:06:16.445547]   "binary_bandwidth_MHz": null
[20:06:16.445549] }
[20:06:16.445550]
[20:06:16.445552] All outputs written to: /output/ex2/
[20:06:16.445554] Done.
[20:06:24.114443] + echo '[done] ex2 filter topology'
[20:06:24.114449] [done] ex2 filter topology
[20:06:24.127352] workload reported done
[20:06:24.127452] Workload status changed to stopping
[20:06:37.889622] + set +x
[20:06:42.915974] workload reported done
[20:06:42.916074] Workload status changed to waitToBeKilled
[20:06:45.000000] Stopping container run-sidecar
[20:06:45.000000] Stopping container run-exec
[20:06:45.000000] Terminating VESSL Workload...
[20:06:45.000000] Stopping container ttyd-sidecar
[20:06:45.000000] Stopping container fluentbit
[20:06:45.089429] workload completed
[20:06:45.089529] Workload status changed to completed
