Organization: remilab
Project: byungkwan
[00:48:43.552722] workload awaiting to start
[00:48:43.552822] Workload status changed to pending
[00:48:47.911849] VESSL Workload assigned successfully. Starting soon.
[00:48:48.000000] Container image "quay.io/vessl-ai/kernels-toolbox:0.1.188" already present on machine
[00:48:48.000000] Created container vops-init
[00:48:48.000000] Started container vops-init
[00:48:49.000000] Container image "nvcr.io/nvidia/jax:24.04-py3" already present on machine
[00:48:49.001000] Container image "nvcr.io/nvidia/jax:24.04-py3" already present on machine
[00:48:50.000000] Started container run-sidecar
[00:48:50.000000] Creating VESSL Workload...
[00:48:50.000000] Created container vops-sidecar
[00:48:50.000000] Starting VESSL Workload...
[00:48:50.000000] Started container vops-sidecar
[00:48:50.000000] Created container run-exec
[00:48:50.000000] Container image "quay.io/vessl-ai/kernels-toolbox:0.1.188" already present on machine
[00:48:50.000000] Started container run-exec
[00:48:50.000000] Created container fluentbit
[00:48:50.000000] Started container ttyd-sidecar
[00:48:50.000000] Container image "quay.io/vessl-ai/fluent-bit:2.1.6" already present on machine
[00:48:50.000000] Created container run-sidecar
[00:48:50.847253] Installing VESSL CLI...
[00:48:51.492085] workload reported alive as pod run-execution-n4esj53u1kue-0
[00:48:51.492186] Workload status changed to initializing
[00:48:52.693307] + set +x
[00:48:55.230910] vessl, version 0.1.199
[00:48:57.841803] workload reported alive as pod run-execution-n4esj53u1kue-0
[00:48:57.841903] Workload status changed to running
[00:48:57.934861] + mkdir -p /root
[00:48:57.936868] + cd /root
[00:48:57.937504] + cd /root/workspace/byungkwan-workspace/research/rfx
[00:48:57.951080] + pip install -q -e .
[00:49:03.082211] WARNING: Running pip as the 'root' user can result in broken permissions and conflicting behaviour with the system package manager. It is recommended to use a virtual environment instead: https://pip.pypa.io/warnings/venv
[00:49:03.167295] + python -c 'import jax; print(f'"'"'Backend: {jax.default_backend()}'"'"')'
[00:49:03.779644] Backend: gpu
[00:49:03.833489] + python examples/21_subgrid_jit_patch.py
[00:49:04.814258] Design: L=29.4mm, W=38.0mm, f0=2.400GHz
[00:49:04.814493] Coarse dx=2.0mm, Fine dx=0.25mm (ratio=8)
[00:49:04.814575] h/dx_fine=6 cells
[00:49:04.814654] n_steps=46157, T_sim=10.0ns
[00:49:04.814712]
[00:49:04.814764] Running JIT subgridded...
[00:49:44.591691] Done: 39.8s
[00:49:48.391011]
[00:49:48.391037] Harminv: 1 modes
[00:49:48.391044]   f=3.7739 GHz (err=57.25%), Q=2
[00:49:48.391045]
[00:49:48.391047] === SUBGRID RESULT: 3.7739 GHz, err=57.25% ===
[00:49:48.391053] Target: <1%
[00:49:48.679068] workload reported done
[00:49:48.679168] Workload status changed to stopping
[00:49:58.011493] + set +x
[00:50:03.041424] workload reported done
[00:50:03.041524] Workload status changed to waitToBeKilled
[00:50:06.000000] Stopping container vops-sidecar
[00:50:06.000000] Stopping container run-sidecar
[00:50:06.000000] Stopping container run-exec
[00:50:06.000000] Terminating VESSL Workload...
[00:50:06.000000] Stopping container ttyd-sidecar
[00:50:06.085683] workload completed
[00:50:06.085783] Workload status changed to completed
