Organization: remilab
Project: byungkwan
[15:33:42.032787] workload awaiting to start
[15:33:42.032887] Workload status changed to pending
[15:33:47.920666] Event Reason: FailedScheduling, Event Note: 0/13 nodes are available: pod has unbound immediate PersistentVolumeClaims. preemption: 0/13 nodes are available: 13 Preemption is not helpful for scheduling.
[15:33:47.920666] Workload is in queue for scheduling. Please wait...
[15:33:49.619261] VESSL Workload assigned successfully. Starting soon.
[15:33:50.000000] Creating VESSL Workload...
[15:33:50.000000] Created container run-exec
[15:33:50.000000] Container image "quay.io/vessl-ai/kernels-toolbox:0.1.188" already present on machine
[15:33:50.000000] Created container vops-init
[15:33:50.000000] Container image "nvcr.io/nvidia/jax:24.10-py3" already present on machine
[15:33:50.000000] Started container vops-init
[15:33:50.001000] Container image "nvcr.io/nvidia/jax:24.10-py3" already present on machine
[15:33:51.000000] Created container vops-sidecar
[15:33:51.000000] Starting VESSL Workload...
[15:33:51.000000] Started container vops-sidecar
[15:33:51.000000] Container image "quay.io/vessl-ai/kernels-toolbox:0.1.188" already present on machine
[15:33:51.000000] Started container run-exec
[15:33:51.000000] Started container ttyd-sidecar
[15:33:51.000000] Container image "quay.io/vessl-ai/sidecar:v0.0.3" already present on machine
[15:33:51.000000] Created container run-sidecar
[15:33:51.727166] Installing VESSL CLI...
[15:33:52.426515] workload reported alive as pod run-execution-6b00hq0opo4j-0
[15:33:52.426615] Workload status changed to initializing
[15:33:53.640708] + set +x
[15:33:56.299551] vessl, version 0.1.199
[15:33:58.803819] workload reported alive as pod run-execution-6b00hq0opo4j-0
[15:33:58.803919] Workload status changed to running
[15:33:58.899876] + mkdir -p /root
[15:33:58.901722] + cd /root
[15:33:58.902189] + cd /root/workspace/byungkwan-workspace/research/rfx
[15:33:58.917726] + git config --global --add safe.directory /root/workspace/byungkwan-workspace/research/rfx
[15:33:58.944684] + git pull --ff-only origin main
[15:34:00.201559] From https://github.com/BK3536/rfx
[15:34:00.201604]  * branch            main       -> FETCH_HEAD
[15:34:00.320736] Already up to date.
[15:34:00.321642] + pip install -q -e '.[dev]'
[15:34:08.915988] WARNING: Running pip as the 'root' user can result in broken permissions and conflicting behaviour with the system package manager. It is recommended to use a virtual environment instead: https://pip.pypa.io/warnings/venv
[15:34:09.076495] + echo '==== GRADIENT TESTS ===='
[15:34:09.076505] ==== GRADIENT TESTS ====
[15:34:09.076520] + pytest tests/test_gradient_simple.py -v -s '--tb=short'
[15:34:09.241767] ============================= test session starts ==============================
[15:34:09.241795] platform linux -- Python 3.10.12, pytest-9.0.2, pluggy-1.6.0 -- /usr/bin/python3
[15:34:09.243985] cachedir: .pytest_cache
[15:34:09.243990] rootdir: /root/workspace/byungkwan-workspace/research/rfx
[15:34:09.243993] configfile: pyproject.toml
[15:34:09.243995] plugins: xdist-3.8.0
[15:34:09.588044] collecting ... collected 2 items
[15:34:09.588161]
[15:34:12.491067] tests/test_gradient_simple.py::test_gradient_eps_shifts_energy
[15:34:12.491083] Gradient d(energy)/d(eps_r):
[15:34:12.491085]   Max:  2.341952e-03
[15:34:12.491086]   Mean: 7.216257e-06
[15:34:12.538601] PASSED
[15:34:13.548402] tests/test_gradient_simple.py::test_gradient_finite_difference_match
[15:34:13.548424] AD gradient at (8,5,5):  -4.636321e-07
[15:34:13.548426] FD gradient at (8,5,5):  -4.691174e-07
[15:34:13.548429] Relative error: 1.17%
[15:34:13.583259] PASSED
[15:34:13.583579]
[15:34:13.583627] ============================== 2 passed in 4.34s ===============================
[15:34:13.909427] + echo
[15:34:13.909435]
[15:34:13.909517] + echo '==== NON-UNIFORM CONVERGENCE ===='
[15:34:13.909518] + pytest tests/test_nonuniform_convergence.py -v -s '--tb=short' -k 'not slow'
[15:34:13.909538] ==== NON-UNIFORM CONVERGENCE ====
[15:34:14.003462] ============================= test session starts ==============================
[15:34:14.003478] platform linux -- Python 3.10.12, pytest-9.0.2, pluggy-1.6.0 -- /usr/bin/python3
[15:34:14.004313] cachedir: .pytest_cache
[15:34:14.004323] rootdir: /root/workspace/byungkwan-workspace/research/rfx
[15:34:14.004326] configfile: pyproject.toml
[15:34:14.004327] plugins: xdist-3.8.0
[15:34:14.354241] collecting ... collected 2 items / 1 deselected / 1 selected
[15:34:14.354687]
[15:34:15.564780] tests/test_nonuniform_convergence.py::test_nonuniform_cfl_uses_min_dz dt = 0.66 ps, CFL limit = 0.66 ps
[15:34:15.564800] dx=5.0mm, min_dz=0.2mm
[15:34:15.584491] PASSED
[15:34:15.584625]
[15:34:15.584651] ======================= 1 passed, 1 deselected in 1.58s ========================
[15:34:15.761633] + echo
[15:34:15.761640]
[15:34:15.761655] + echo '==== ISSUES #13 + #17 ===='
[15:34:15.761659] + python scripts/gpu_verify_issues.py
[15:34:15.761664] ==== ISSUES #13 + #17 ====
[15:34:15.848954] === #13: optimize() memory test ===
[15:34:16.596403]   optimize: n_steps=1000, grid=(16, 11, 11) (0.0M cells)
[15:34:18.507732]   iter    0  loss = 1.547135e-03
[15:34:19.281905]   iter    2  loss = 1.514157e-03
[15:34:19.313818] PASS: loss history = [0.00154713517986238, 0.0015305673005059361, 0.001514157047495246]
[15:34:19.313826]
[15:34:19.313828] === #13: topology conductor occupancy ===
[15:34:21.767261]   iter    0  loss = -1.840536e-03  beta = 1.0  binarization = 1.000
[15:34:25.809251]   iter    4  loss = -2.136036e-03  beta = 1.0  binarization = 0.999
[15:34:25.810252] Loss history: [-0.0018405355513095856, -0.0019111854489892721, -0.001983766444027424, -0.0020590294152498245, -0.0021360358223319054]
[15:34:25.810256] PASS: loss changed (gradient is non-zero)
[15:34:25.810259]
[15:34:25.810261] === #17: NTFF far-field power ===
[15:34:25.810380] Grid: 81x81x81, steps=3934
[15:34:30.437386] Max far-field power: 1.5989e-26
[15:34:30.437424] FAIL: far-field power 1.60e-26 is near zero
[15:34:30.437437]
[15:34:30.437443] ============================================================
[15:34:30.437448] SUMMARY
[15:34:30.437452] ============================================================
[15:34:30.437455]   optimize_memory: PASS
[15:34:30.437459]   topology_gradient: PASS
[15:34:30.437463]   ntff_power: FAIL
[15:34:30.437468]
[15:34:30.437472] 2/3 passed
[15:34:30.760001] + true
[15:34:30.779268] workload reported done
[15:34:30.779368] Workload status changed to stopping
[15:34:34.911812] + set +x
[15:34:39.945065] workload reported done
[15:34:39.945165] Workload status changed to waitToBeKilled
[15:34:42.000000] Stopping container vops-sidecar
[15:34:42.000000] Stopping container run-sidecar
[15:34:42.000000] Stopping container run-exec
[15:34:42.000000] Terminating VESSL Workload...
[15:34:42.150680] workload completed
[15:34:42.150780] Workload status changed to completed
