Organization: remilab
Project: byungkwan
[19:08:16.422999] workload awaiting to start
[19:08:16.423099] Workload status changed to pending
[19:08:21.841101] VESSL Workload assigned successfully. Starting soon.
[19:08:22.000000] Container image "quay.io/vessl-ai/kernels-toolbox:0.1.188" already present on machine
[19:08:22.000000] Created container vops-init
[19:08:22.000000] Started container vops-init
[19:08:23.000000] Creating VESSL Workload...
[19:08:23.000000] Starting VESSL Workload...
[19:08:23.000000] Created container run-exec
[19:08:23.000000] Started container run-exec
[19:08:23.000000] Container image "nvcr.io/nvidia/jax:24.10-py3" already present on machine
[19:08:23.000000] Container image "quay.io/vessl-ai/sidecar:v0.0.3" already present on machine
[19:08:23.000000] Created container run-sidecar
[19:08:23.001000] Container image "nvcr.io/nvidia/jax:24.10-py3" already present on machine
[19:08:24.000000] Created container vops-sidecar
[19:08:24.000000] Started container vops-sidecar
[19:08:24.000000] Container image "quay.io/vessl-ai/kernels-toolbox:0.1.188" already present on machine
[19:08:24.317619] Installing VESSL CLI...
[19:08:25.058442] workload reported alive as pod run-execution-tycoeky6os1n-0
[19:08:25.058542] Workload status changed to initializing
[19:08:26.325786] + set +x
[19:08:29.260257] vessl, version 0.1.199
[19:08:31.449039] workload reported alive as pod run-execution-tycoeky6os1n-0
[19:08:31.449139] Workload status changed to running
[19:08:31.563888] + mkdir -p /root
[19:08:31.565764] + cd /root
[19:08:31.566281] + set -euo pipefail
[19:08:31.566288] + cd /root
[19:08:31.566298] + git clone https://github.com/BK3536/rfx.git
[19:08:31.568474] Cloning into 'rfx'...
[19:08:33.510329] + cd rfx
[19:08:33.510344] + pip install --quiet -e '.[all]' cma
[19:08:37.363133] WARNING: rfx 1807.8.6 does not provide the extra 'dashboard'
[19:08:37.363160] WARNING: rfx 1807.8.6 does not provide the extra 'dev'
[19:08:37.363285] WARNING: rfx 1807.8.6 does not provide the extra 'optimization'
[19:08:37.363301] WARNING: rfx 1807.8.6 does not provide the extra 'visualization'
[19:08:42.526165] WARNING: Running pip as the 'root' user can result in broken permissions and conflicting behaviour with the system package manager. It is recommended to use a virtual environment instead: https://pip.pypa.io/warnings/venv
[19:08:42.723006] + python -c 'import jax; print('"'"'JAX devices:'"'"', jax.devices())'
[19:08:43.019983] JAX devices: [CudaDevice(id=0)]
[19:08:43.068925] + nvidia-smi
[19:08:43.110052] Sat Apr  4 19:08:43 2026
[19:08:43.110082] +---------------------------------------------------------------------------------------+
[19:08:43.110092] | NVIDIA-SMI 535.288.01             Driver Version: 535.288.01   CUDA Version: 12.2     |
[19:08:43.110099] |-----------------------------------------+----------------------+----------------------+
[19:08:43.110106] | GPU  Name                 Persistence-M | Bus-Id        Disp.A | Volatile Uncorr. ECC |
[19:08:43.110111] | Fan  Temp   Perf          Pwr:Usage/Cap |         Memory-Usage | GPU-Util  Compute M. |
[19:08:43.110116] |                                         |                      |               MIG M. |
[19:08:43.110122] |=========================================+======================+======================|
[19:08:43.130784] |   0  NVIDIA GeForce RTX 4090        Off | 00000000:01:00.0 Off |                  Off |
[19:08:43.130794] |  0%   32C    P0              21W / 450W |      1MiB / 24564MiB |      5%      Default |
[19:08:43.130795] |                                         |                      |                  N/A |
[19:08:43.130796] +-----------------------------------------+----------------------+----------------------+
[19:08:43.130797]
[19:08:43.130798] +---------------------------------------------------------------------------------------+
[19:08:43.130800] | Processes:                                                                            |
[19:08:43.130800] |  GPU   GI   CI        PID   Type   Process name                            GPU Memory |
[19:08:43.130801] |        ID   ID                                                             Usage      |
[19:08:43.130802] |=======================================================================================|
[19:08:43.130821] |  No running processes found                                                           |
[19:08:43.130822] +---------------------------------------------------------------------------------------+
[19:08:43.180563] + mkdir -p /output/ex1
[19:08:43.181215] + cp /root/workspace/bk-workspace/papers/rfx-tap/experiments/ex1_patch_antenna.py .
[19:08:43.210928] + OUTPUT_DIR=/output/ex1 python ex1_patch_antenna.py
[19:08:43.838251] Device: DeviceInfo(backend='gpu', gpu_available=True, devices=[{'id': 0, 'kind': 'NVIDIA GeForce RTX 4090', 'platform': 'gpu'}])
[19:08:43.838361] SimConfig (accuracy='standard'):
[19:08:43.838367]   dx = 1.500 mm (50 cells/λ_min)
[19:08:43.838370]   domain = 209.9 × 209.9 × 151.5 mm
[19:08:43.838372]   cpml = 80 layers (120.0 mm)
[19:08:43.838373]   n_steps = 7077 (8.7 ns)
[19:08:43.838378]   freq = 1.00 – 4.00 GHz
[19:08:43.838380]   source = j_source (CPML boundary: J-source with Cb/dV normalization (Meep convention))
[19:08:43.838382]   dz = 0.400 – 1.499 mm (54 cells, non-uniform)
[19:08:43.838383]   WARNINGS:
[19:08:43.838385]     - Non-uniform z mesh enabled: 54 cells, dz=0.400–1.499 mm
[19:08:43.838386] Estimated memory: 5574 MB
[19:08:43.838387]
[19:08:43.838389] === Gradient-based optimisation (Adam) ===
[19:08:46.695253] 2026-04-04 19:08:46.695136: W external/xla/xla/service/hlo_rematerialization.cc:3005] Can't reduce memory use below -1.33TiB (-1459369244768 bytes) by rematerialization; only reduced to 1.84TiB (2022778503499 bytes), down from 1.84TiB (2022778503519 bytes) originally
[19:09:02.823449] 2026-04-04 19:09:02.823155: W external/xla/xla/tsl/framework/bfc_allocator.cc:497] Allocator (GPU_0_bfc) ran out of memory trying to allocate 154.66GiB (rounded to 166067284224)requested by op
[19:09:02.823961] 2026-04-04 19:09:02.823701: W external/xla/xla/tsl/framework/bfc_allocator.cc:508] ****************____________________________________________________________________________________
[19:09:02.824188] E0404 19:09:02.823856     336 pjrt_stream_executor_client.cc:3067] Execution of replica 0 failed: RESOURCE_EXHAUSTED: Out of memory while trying to allocate 166067284152 bytes.
[19:09:02.833297] jax.errors.SimplifiedTraceback: For simplicity, JAX has removed its internal frames from the traceback of the following exception. Set JAX_TRACEBACK_FILTERING=off to include these.
[19:09:02.833303]
[19:09:02.833305] The above exception was the direct cause of the following exception:
[19:09:02.833305]
[19:09:02.833307] Traceback (most recent call last):
[19:09:02.833308]   File "/root/rfx/ex1_patch_antenna.py", line 141, in <module>
[19:09:02.833421]     opt = optimize(
[19:09:02.833430]   File "/root/rfx/rfx/optimize.py", line 213, in optimize
[19:09:02.833431]     loss, grad = grad_fn(latent)
[19:09:02.833432]   File "/root/rfx/rfx/optimize.py", line 193, in forward
[19:09:02.833572]     result = _run(
[19:09:02.833577]   File "/root/rfx/rfx/simulation.py", line 813, in run
[19:09:02.833579]     final_carry, outputs = jax.lax.scan(body, carry_init, xs)
[19:09:02.833580] jaxlib.xla_extension.XlaRuntimeError: RESOURCE_EXHAUSTED: Out of memory while trying to allocate 166067284152 bytes.
[19:09:03.136040] workload reported done
[19:09:03.136140] Workload status changed to stopping
[19:09:07.568896] workload reported done
[19:09:07.568996] Workload status changed to waitToBeKilled
[19:09:09.000000] Stopping container vops-sidecar
[19:09:09.000000] Stopping container run-sidecar
[19:09:09.000000] Stopping container run-exec
[19:09:09.000000] Terminating VESSL Workload...
[19:09:09.000000] Stopping container ttyd-sidecar
[19:09:09.000000] Stopping container fluentbit
[19:09:09.151658] workload failed
[19:09:09.151758] Workload status changed to failed
