Organization: remilab
Project: byungkwan
[18:23:32.874947] workload awaiting to start
[18:23:32.875047] Workload status changed to pending
[18:23:38.924648] Event Reason: FailedScheduling, Event Note: 0/13 nodes are available: pod has unbound immediate PersistentVolumeClaims. preemption: 0/13 nodes are available: 13 Preemption is not helpful for scheduling.
[18:23:38.924648] Workload is in queue for scheduling. Please wait...
[18:23:40.263670] Event Reason: FailedScheduling, Event Note: 0/13 nodes are available: pod has unbound immediate PersistentVolumeClaims. preemption: 0/13 nodes are available: 13 Preemption is not helpful for scheduling.
[18:23:40.263670] Workload is in queue for scheduling. Please wait...
[18:23:42.350004] VESSL Workload assigned successfully. Starting soon.
[18:23:43.000000] Container image "quay.io/vessl-ai/kernels-toolbox:0.1.188" already present on machine
[18:23:43.000000] Created container vops-init
[18:23:43.000000] Started container vops-init
[18:23:44.000000] Started container run-sidecar
[18:23:44.000000] Created container vops-sidecar
[18:23:44.000000] Created container ttyd-sidecar
[18:23:44.000000] Starting VESSL Workload...
[18:23:44.000000] Started container vops-sidecar
[18:23:44.000000] Created container run-exec
[18:23:44.000000] Container image "quay.io/vessl-ai/kernels-toolbox:0.1.188" already present on machine
[18:23:44.000000] Started container run-exec
[18:23:44.000000] Started container fluentbit
[18:23:44.000000] Container image "nvcr.io/nvidia/jax:24.10-py3" already present on machine
[18:23:44.000000] Started container ttyd-sidecar
[18:23:44.000000] Container image "quay.io/vessl-ai/fluent-bit:2.1.6" already present on machine
[18:23:44.000000] Container image "quay.io/vessl-ai/sidecar:v0.0.3" already present on machine
[18:23:44.000000] Created container run-sidecar
[18:23:44.001000] Container image "nvcr.io/nvidia/jax:24.10-py3" already present on machine
[18:23:44.935580] Installing VESSL CLI...
[18:23:45.700283] workload reported alive as pod run-execution-ilm7oj5vq6dv-0
[18:23:45.700383] Workload status changed to initializing
[18:23:46.787082] + set +x
[18:23:50.041609] vessl, version 0.1.199
[18:23:51.971421] workload reported alive as pod run-execution-ilm7oj5vq6dv-0
[18:23:51.971521] Workload status changed to running
[18:23:52.166053] + mkdir -p /root
[18:23:52.168071] + cd /root
[18:23:52.168819] + set -euo pipefail
[18:23:52.168848] + cd /root
[18:23:52.168855] + git clone https://github.com/BK3536/rfx.git
[18:23:52.171018] Cloning into 'rfx'...
[18:23:55.972437] + cd rfx
[18:23:55.972449] + pip install --quiet -e '.[all]'
[18:23:59.093479] WARNING: rfx 1807.8.6 does not provide the extra 'dashboard'
[18:23:59.093599] WARNING: rfx 1807.8.6 does not provide the extra 'dev'
[18:23:59.093605] WARNING: rfx 1807.8.6 does not provide the extra 'optimization'
[18:23:59.093619] WARNING: rfx 1807.8.6 does not provide the extra 'visualization'
[18:24:02.742697] WARNING: Running pip as the 'root' user can result in broken permissions and conflicting behaviour with the system package manager. It is recommended to use a virtual environment instead: https://pip.pypa.io/warnings/venv
[18:24:02.892560] + python -c 'import jax; print('"'"'JAX devices:'"'"', jax.devices())'
[18:24:03.227947] JAX devices: [CudaDevice(id=0)]
[18:24:03.276595] + nvidia-smi
[18:24:03.310052] Sat Apr  4 18:24:03 2026
[18:24:03.310064] +---------------------------------------------------------------------------------------+
[18:24:03.310075] | NVIDIA-SMI 535.288.01             Driver Version: 535.288.01   CUDA Version: 12.2     |
[18:24:03.310082] |-----------------------------------------+----------------------+----------------------+
[18:24:03.310088] | GPU  Name                 Persistence-M | Bus-Id        Disp.A | Volatile Uncorr. ECC |
[18:24:03.310093] | Fan  Temp   Perf          Pwr:Usage/Cap |         Memory-Usage | GPU-Util  Compute M. |
[18:24:03.310097] |                                         |                      |               MIG M. |
[18:24:03.310101] |=========================================+======================+======================|
[18:24:03.329900] |   0  NVIDIA GeForce RTX 4090        Off | 00000000:01:00.0 Off |                  Off |
[18:24:03.329904] |  0%   32C    P0              24W / 450W |      1MiB / 24564MiB |      0%      Default |
[18:24:03.329905] |                                         |                      |                  N/A |
[18:24:03.329906] +-----------------------------------------+----------------------+----------------------+
[18:24:03.329907]
[18:24:03.329908] +---------------------------------------------------------------------------------------+
[18:24:03.329909] | Processes:                                                                            |
[18:24:03.329909] |  GPU   GI   CI        PID   Type   Process name                            GPU Memory |
[18:24:03.329910] |        ID   ID                                                             Usage      |
[18:24:03.329911] |=======================================================================================|
[18:24:03.329945] |  No running processes found                                                           |
[18:24:03.329947] +---------------------------------------------------------------------------------------+
[18:24:03.372636] + mkdir -p /output/ex2
[18:24:03.373166] + cp /root/workspace/bk-workspace/papers/rfx-tap/experiments/ex2_filter_topology.py .
[18:24:03.398463] + OUTPUT_DIR=/output/ex2 python ex2_filter_topology.py
[18:24:04.170265] Device: DeviceInfo(backend='gpu', gpu_available=True, devices=[{'id': 0, 'kind': 'NVIDIA GeForce RTX 4090', 'platform': 'gpu'}])
[18:24:04.170281]
[18:24:04.170284] === Building simulation (dx=1.25 mm, est. 5149 MB) ===
[18:24:04.170290]
[18:24:04.170293] === Running topology_optimize (100 iterations, beta continuation) ===
[18:24:04.170295] beta schedule: 1 @ iter 0, 4 @ iter 30, 16 @ iter 60, 64 @ iter 80
[18:24:10.132333]   iter    0  loss = -5.188429e-04  beta = 1.0  binarization = 0.999
[18:24:42.226446]   iter   10  loss = -5.945228e-04  beta = 1.0  binarization = 0.979
[18:25:13.385692]   iter   20  loss = -6.377264e-04  beta = 1.0  binarization = 0.961
[18:25:45.364575]   iter   30  loss = -6.598994e-04  beta = 4.0  binarization = 0.948
[18:26:16.928917]   iter   40  loss = -7.181811e-04  beta = 4.0  binarization = 0.942
[18:26:48.524352]   iter   50  loss = -7.470975e-04  beta = 4.0  binarization = 0.931
[18:27:19.421158]   iter   60  loss = -7.140272e-04  beta = 16.0  binarization = 0.924
[18:27:51.218372]   iter   70  loss = -7.564682e-04  beta = 16.0  binarization = 0.917
[18:28:22.267714]   iter   80  loss = -7.168930e-04  beta = 64.0  binarization = 0.909
[18:28:53.361197]   iter   90  loss = -7.380382e-04  beta = 64.0  binarization = 0.902
[18:29:21.553561]   iter   99  loss = -7.400056e-04  beta = 64.0  binarization = 0.898
[18:29:21.636096]
[18:29:21.636123] Optimization complete: 317.5s
[18:29:21.636302]
[18:29:21.636312] Metrics: {
[18:29:21.636316]   "experiment": "ex2_filter_topology",
[18:29:21.636319]   "device": "DeviceInfo(backend='gpu', gpu_available=True, devices=[{'id': 0, 'kind': 'NVIDIA GeForce RTX 4090', 'platform': 'gpu'}])",
[18:29:21.636321]   "total_iters": 100,
[18:29:21.636322]   "total_time_s": 317.5,
[18:29:21.636324]   "initial_loss": -0.0005188429495319724,
[18:29:21.636325]   "final_loss": -0.0007400055765174329,
[18:29:21.636328]   "improvement_pct": -42.6,
[18:29:21.636329]   "design_region_cells": [
[18:29:21.636331]     29,
[18:29:21.636332]     13,
[18:29:21.636334]     2
[18:29:21.636335]   ],
[18:29:21.636337]   "passband_ghz": [
[18:29:21.636338]     2.0,
[18:29:21.636339]     2.5
[18:29:21.636341]   ],
[18:29:21.636342]   "beta_schedule": [
[18:29:21.636344]     [
[18:29:21.636345]       0,
[18:29:21.636347]       1
[18:29:21.636348]     ],
[18:29:21.636350]     [
[18:29:21.636351]       30,
[18:29:21.636353]       4
[18:29:21.636354]     ],
[18:29:21.636356]     [
[18:29:21.636358]       60,
[18:29:21.636359]       16
[18:29:21.636361]     ],
[18:29:21.636363]     [
[18:29:21.636364]       80,
[18:29:21.636365]       64
[18:29:21.636367]     ]
[18:29:21.636368]   ],
[18:29:21.636370]   "filter_radius_mm": 1.0,
[18:29:21.636380]   "min_feature_size_mm": 0.5,
[18:29:21.636382]   "dx_mm": 1.25
[18:29:21.636383] }
[18:29:21.656842] /root/rfx/ex2_filter_topology.py:262: UserWarning: This figure includes Axes that are not compatible with tight_layout, so results might be incorrect.
[18:29:21.656851]   plt.tight_layout()
[18:29:21.909415] Saved: topology_evolution.png
[18:29:21.914131] /root/rfx/ex2_filter_topology.py:284: UserWarning: Data has no positive values, and therefore cannot be log-scaled.
[18:29:21.914138]   ax.set_yscale("log")
[18:29:21.967199] /root/rfx/ex2_filter_topology.py:285: UserWarning: Tight layout not applied. The bottom and top margins cannot be made large enough to accommodate all Axes decorations.
[18:29:21.967206]   plt.tight_layout()
[18:29:22.042507] Saved: convergence.png
[18:29:22.042515]
[18:29:22.042516] === Forward pass: initial uniform density ===
[18:33:31.756873] === Forward pass: optimized topology ===
[18:37:40.571332] Warning: time-series port data insufficient for S21 plot — skipping s21_comparison.png
[18:37:40.571353]
[18:37:40.571357] Results saved to: /output/ex2/
[18:37:46.770274] + echo '[done] ex2 filter topology'
[18:37:46.770297] [done] ex2 filter topology
[18:37:46.797286] workload reported done
[18:37:46.797386] Workload status changed to stopping
[18:37:52.267906] + set +x
[18:37:57.307867] workload reported done
[18:37:57.307967] Workload status changed to waitToBeKilled
[18:38:00.000000] Stopping container vops-sidecar
[18:38:00.000000] Stopping container run-exec
[18:38:00.000000] Terminating VESSL Workload...
[18:38:00.000000] Stopping container ttyd-sidecar
[18:38:00.000000] Stopping container fluentbit
[18:38:00.081264] workload completed
[18:38:00.081364] Workload status changed to completed
