Organization: remilab
Project: byungkwan
[12:07:50.900554] workload awaiting to start
[12:07:50.900655] Workload status changed to pending
[12:07:56.960283] Event Reason: FailedScheduling, Event Note: 0/13 nodes are available: pod has unbound immediate PersistentVolumeClaims. preemption: 0/13 nodes are available: 13 Preemption is not helpful for scheduling.
[12:07:56.960283] Workload is in queue for scheduling. Please wait...
[12:08:10.403019] VESSL Workload assigned successfully. Starting soon.
[12:08:11.000000] Container image "quay.io/vessl-ai/kernels-toolbox:0.1.188" already present on machine
[12:08:11.000000] Created container vops-init
[12:08:11.000000] Started container vops-init
[12:08:12.000000] Started container run-sidecar
[12:08:12.000000] Creating VESSL Workload...
[12:08:12.000000] Created container ttyd-sidecar
[12:08:12.000000] Created container run-exec
[12:08:12.000000] Container image "quay.io/vessl-ai/kernels-toolbox:0.1.188" already present on machine
[12:08:12.000000] Started container run-exec
[12:08:12.000000] Container image "quay.io/vessl-ai/fluent-bit:2.1.6" already present on machine
[12:08:12.000000] Container image "quay.io/vessl-ai/sidecar:v0.0.3" already present on machine
[12:08:12.000000] Container image "nvcr.io/nvidia/jax:24.04-py3" already present on machine
[12:08:12.001000] Container image "nvcr.io/nvidia/jax:24.04-py3" already present on machine
[12:08:13.000000] Created container vops-sidecar
[12:08:13.000000] Started container vops-sidecar
[12:08:13.000000] Container image "quay.io/vessl-ai/kernels-toolbox:0.1.188" already present on machine
[12:08:13.000000] Started container ttyd-sidecar
[12:08:13.203888] Installing VESSL CLI...
[12:08:13.945462] workload reported alive as pod run-execution-rjfcujn7lj30-0
[12:08:13.945563] Workload status changed to initializing
[12:08:15.182773] + set +x
[12:08:23.578532] vessl, version 0.1.199
[12:08:25.351121] workload reported alive as pod run-execution-rjfcujn7lj30-0
[12:08:25.351222] Workload status changed to running
[12:08:25.440530] + mkdir -p /root
[12:08:25.442501] + cd /root
[12:08:25.442862] + cd /root/workspace/byungkwan-workspace/research/rfx
[12:08:25.450979] + echo '=== Patch Antenna S11 + Far-field on GPU ==='
[12:08:25.450997] === Patch Antenna S11 + Far-field on GPU ===
[12:08:25.451170] + hostname
[12:08:25.451931] Node:run-execution-rjfcujn7lj30-0
[12:08:25.451936] + echo Node:run-execution-rjfcujn7lj30-0
[12:08:25.452092] + date
[12:08:25.453072] Start:Wed Apr  1 12:08:25 UTC 2026
[12:08:25.453076] + echo 'Start:Wed Apr  1 12:08:25 UTC 2026'
[12:08:25.453089] + pip install -q -e .
[12:08:37.257150] WARNING: Running pip as the 'root' user can result in broken permissions and conflicting behaviour with the system package manager. It is recommended to use a virtual environment instead: https://pip.pypa.io/warnings/venv
[12:08:37.485686] + python -c 'import jax; print(f'"'"'Backend: {jax.default_backend()}, Devices: {jax.devices()}'"'"')'
[12:08:38.899023] Backend: gpu, Devices: [cuda(id=0)]
[12:08:39.075844] + python examples/04_patch_antenna.py
[12:08:40.578696] Patch: 29.4 x 38.0 mm, substrate h=1.6 mm
[12:08:40.986812] Domain: 69x78x17 mm, dx=0.5 mm
[12:08:40.986845] Feed: (29.8, 39.0) mm, extent=0.6 mm
[12:08:40.986850]
[12:08:40.986855] Rendering geometry...
[12:08:41.158996] Saved: examples/04_patch_geometry.png
[12:08:41.189865]
[12:08:41.189891] Running simulation (4000 steps)...
[12:13:43.098946]
[12:13:43.098995] === S11 Results (wave decomposition) ===
[12:13:43.099002] Resonance: 3.50 GHz (design: 2.4 GHz)
[12:13:43.099008] S11 min:   -0.0 dB
[12:13:43.099013] Freq error: 45.8%
[12:13:43.099027] -10dB BW:  not achieved (S11 min not below -10 dB)
[12:13:43.286272]
[12:13:43.286318] S11 plot saved: examples/04_patch_antenna_s11.png
[12:13:50.161261]
[12:13:50.161311] === Far-field Results ===
[12:13:50.161318] Directivity: 8.3 dBi at 2.4 GHz
[12:13:50.544339] Far-field plot saved: examples/04_patch_antenna_farfield.png
[12:13:50.544366]
[12:13:50.544371] === Done ===
[12:13:51.102937] + date
[12:13:51.116520] + echo '=== Done Wed Apr  1 12:13:51 UTC 2026 ==='
[12:13:51.116597] === Done Wed Apr  1 12:13:51 UTC 2026 ===
[12:13:51.154996] workload reported done
[12:13:51.155096] Workload status changed to stopping
[12:14:01.552152] + set +x
[12:14:06.575320] workload reported done
[12:14:06.575420] Workload status changed to waitToBeKilled
[12:14:09.000000] Stopping container vops-sidecar
[12:14:09.000000] Stopping container run-exec
[12:14:09.000000] Terminating VESSL Workload...
[12:14:09.000000] Stopping container ttyd-sidecar
[12:14:09.000000] Stopping container fluentbit
[12:14:09.085950] workload completed
[12:14:09.086051] Workload status changed to completed
