Organization: remilab
Project: byungkwan
[12:32:03.262163] workload awaiting to start
[12:32:03.262264] Workload status changed to pending
[12:32:08.922015] Event Reason: FailedScheduling, Event Note: 0/13 nodes are available: pod has unbound immediate PersistentVolumeClaims. preemption: 0/13 nodes are available: 13 Preemption is not helpful for scheduling.
[12:32:08.922015] Workload is in queue for scheduling. Please wait...
[12:32:18.000000] Container image "quay.io/vessl-ai/kernels-toolbox:0.1.188" already present on machine
[12:32:18.190347] VESSL Workload assigned successfully. Starting soon.
[12:32:19.000000] Created container vops-init
[12:32:19.000000] Container image "nvcr.io/nvidia/jax:24.10-py3" already present on machine
[12:32:19.000000] Started container vops-init
[12:32:19.001000] Container image "nvcr.io/nvidia/jax:24.10-py3" already present on machine
[12:32:20.000000] Started container run-sidecar
[12:32:20.000000] Creating VESSL Workload...
[12:32:20.000000] Created container vops-sidecar
[12:32:20.000000] Starting VESSL Workload...
[12:32:20.000000] Created container run-exec
[12:32:20.000000] Container image "quay.io/vessl-ai/kernels-toolbox:0.1.188" already present on machine
[12:32:20.000000] Started container run-exec
[12:32:20.000000] Started container ttyd-sidecar
[12:32:20.000000] Container image "quay.io/vessl-ai/fluent-bit:2.1.6" already present on machine
[12:32:20.000000] Container image "quay.io/vessl-ai/sidecar:v0.0.3" already present on machine
[12:32:20.000000] Created container run-sidecar
[12:32:20.911198] Installing VESSL CLI...
[12:32:21.405414] workload reported alive as pod run-execution-nvevn5lextfq-0
[12:32:21.405514] Workload status changed to initializing
[12:32:22.579109] + set +x
[12:32:27.202245] vessl, version 0.1.199
[12:32:27.662027] workload reported alive as pod run-execution-nvevn5lextfq-0
[12:32:27.662127] Workload status changed to running
[12:32:27.879470] + mkdir -p /root
[12:32:27.881499] + cd /root
[12:32:27.881957] + cd /root/workspace/byungkwan-workspace/research/rfx
[12:32:27.927837] + git config --global --add safe.directory /root/workspace/byungkwan-workspace/research/rfx
[12:32:27.992828] + git pull --ff-only origin main
[12:32:29.467541] From https://github.com/BK3536/rfx
[12:32:29.467593]  * branch            main       -> FETCH_HEAD
[12:32:29.567520] Already up to date.
[12:32:29.568247] + pip install -q -e '.[dev]'
[12:32:41.609723] WARNING: Running pip as the 'root' user can result in broken permissions and conflicting behaviour with the system package manager. It is recommended to use a virtual environment instead: https://pip.pypa.io/warnings/venv
[12:32:41.765822] + pytest tests/test_physics_integrity.py -v -s '--tb=short'
[12:32:41.950322] ============================= test session starts ==============================
[12:32:41.950334] platform linux -- Python 3.10.12, pytest-9.0.2, pluggy-1.6.0 -- /usr/bin/python3
[12:32:41.951166] cachedir: .pytest_cache
[12:32:41.951173] rootdir: /root/workspace/byungkwan-workspace/research/rfx
[12:32:41.951175] plugins: xdist-3.8.0
[12:32:41.951175] configfile: pyproject.toml
[12:32:43.520687] collecting ... collected 6 items
[12:32:43.521541]
[12:32:44.224026] tests/test_physics_integrity.py::test_maxwell_residual_vacuum
[12:32:44.224067] Faraday residual (Hx component):
[12:32:44.224069]   Max:  7.63e-06
[12:32:44.224070]   Mean: 6.20e-07
[12:32:44.276354]   Relative: 1.16e-14
[12:32:44.276865] PASSED
[12:32:46.925061] tests/test_physics_integrity.py::test_energy_conservation_pec_cavity
[12:32:46.925083] Energy conservation (500 steps):
[12:32:46.925086]   Initial: 4.427094e-21
[12:32:46.925088]   Final:   9.170144e-21
[12:32:46.925090]   Drift:   1.07e+00
[12:32:47.171431] FAILED
[12:32:48.524823] tests/test_physics_integrity.py::test_energy_decay_lossy
[12:32:48.524835] Lossy energy decay:
[12:32:48.524837]   Initial: 9.341074e-20
[12:32:48.524839]   Final:   1.167998e-23
[12:32:48.524842]   Increasing steps: 38/199 (19.1%)
[12:32:48.528832] FAILED
[12:33:38.465893] tests/test_physics_integrity.py::test_field_pattern_tm110
[12:33:38.465914] TM110 field pattern correlation:
[12:33:38.465916]   Correlation: 0.9559
[12:33:38.506962] PASSED
[12:33:38.641547] tests/test_physics_integrity.py::test_reciprocity_two_port FAILED
[12:34:00.607593] tests/test_physics_integrity.py::test_convergence_order   dx=2.0mm: f=4.7957 GHz, err=6.8383e-04
[12:34:43.635747]   dx=1.0mm: f=4.7963 GHz, err=5.6476e-04
[12:36:06.227299]   dx=0.5mm: f=4.7966 GHz, err=5.0522e-04
[12:36:06.227315]
[12:36:06.227317] Convergence order:
[12:36:06.227318]   Rate (coarse→medium): 0.28
[12:36:06.227319]   Rate (medium→fine):   0.16
[12:36:06.311423] FAILED
[12:36:06.311462]
[12:36:06.311614] =================================== FAILURES ===================================
[12:36:06.311642] _____________________ test_energy_conservation_pec_cavity ______________________
[12:36:06.311646] tests/test_physics_integrity.py:121: in test_energy_conservation_pec_cavity
[12:36:06.311656]     assert drift < 1e-4, f"Energy drift {drift:.2e} exceeds tolerance"
[12:36:06.311661] E   AssertionError: Energy drift 1.07e+00 exceeds tolerance
[12:36:06.311665] E   assert 1.0713686053239526 < 0.0001
[12:36:06.311951] ___________________________ test_energy_decay_lossy ____________________________
[12:36:06.311992] tests/test_physics_integrity.py:171: in test_energy_decay_lossy
[12:36:06.312001]     assert frac_increasing < 0.1, f"Energy increased in {frac_increasing:.0%} of steps"
[12:36:06.312008] E   AssertionError: Energy increased in 19% of steps
[12:36:06.312015] E   assert 0.19095477386934673 < 0.1
[12:36:06.312022] __________________________ test_reciprocity_two_port ___________________________
[12:36:06.312028] tests/test_physics_integrity.py:242: in test_reciprocity_two_port
[12:36:06.312035]     sim.add_waveguide_port(0.005, direction="+x", mode=(1, 0), mode_type="TE",
[12:36:06.312041] rfx/api.py:961: in add_waveguide_port
[12:36:06.312048]     raise ValueError("Waveguide port requires boundary='cpml'")
[12:36:06.312055] E   ValueError: Waveguide port requires boundary='cpml'
[12:36:06.312083] ____________________________ test_convergence_order ____________________________
[12:36:06.312104] tests/test_physics_integrity.py:324: in test_convergence_order
[12:36:06.312113]     assert avg_rate > 1.0, f"Convergence rate {avg_rate:.2f} < 1.0 (expected ~2.0)"
[12:36:06.312118] E   AssertionError: Convergence rate 0.22 < 1.0 (expected ~2.0)
[12:36:06.312122] E   assert 0.2183614143214735 > 1.0
[12:36:06.312770] =========================== short test summary info ============================
[12:36:06.312777] FAILED tests/test_physics_integrity.py::test_energy_conservation_pec_cavity
[12:36:06.312781] FAILED tests/test_physics_integrity.py::test_energy_decay_lossy - AssertionEr...
[12:36:06.312785] FAILED tests/test_physics_integrity.py::test_reciprocity_two_port - ValueErro...
[12:36:06.312789] FAILED tests/test_physics_integrity.py::test_convergence_order - AssertionErr...
[12:36:06.312891] =================== 4 failed, 2 passed in 204.36s (0:03:24) ====================
[12:36:06.577363] workload reported done
[12:36:06.577463] Workload status changed to stopping
[12:36:15.895594] workload reported done
[12:36:15.895694] Workload status changed to waitToBeKilled
[12:36:18.000000] Stopping container vops-sidecar
[12:36:18.000000] Stopping container run-exec
[12:36:18.000000] Terminating VESSL Workload...
[12:36:18.000000] Stopping container ttyd-sidecar
[12:36:18.087464] workload failed
[12:36:18.087564] Workload status changed to failed
