Organization: remilab
Project: byungkwan
[04:39:28.108607] workload awaiting to start
[04:39:28.108707] Workload status changed to pending
[04:39:32.975476] Event Reason: FailedScheduling, Event Note: 0/13 nodes are available: pod has unbound immediate PersistentVolumeClaims. preemption: 0/13 nodes are available: 13 Preemption is not helpful for scheduling.
[04:39:32.975476] Workload is in queue for scheduling. Please wait...
[04:39:42.177985] Event Reason: FailedScheduling, Event Note: 0/13 nodes are available: pod has unbound immediate PersistentVolumeClaims. preemption: 0/13 nodes are available: 13 Preemption is not helpful for scheduling.
[04:39:42.177985] Workload is in queue for scheduling. Please wait...
[04:39:45.139722] Event Reason: FailedScheduling, Event Note: 0/13 nodes are available: pod has unbound immediate PersistentVolumeClaims. preemption: 0/13 nodes are available: 13 Preemption is not helpful for scheduling.
[04:39:45.139722] Workload is in queue for scheduling. Please wait...
[04:44:48.852253] Workload is in queue for scheduling. Please wait...
[04:44:48.852253] Event Reason: FailedScheduling, Event Note: 0/13 nodes are available: 3 Insufficient cpu, 3 Insufficient memory, 6 Insufficient nvidia.com/gpu, 7 node(s) didn't match Pod's node affinity/selector. preemption: 0/13 nodes are available: 6 No preemption victims found for incoming pod, 7 Preemption is not helpful for scheduling.
[04:46:51.653665] Workload is in queue for scheduling. Please wait...
[04:46:51.653665] Event Reason: FailedScheduling, Event Note: 0/13 nodes are available: 3 Insufficient cpu, 3 Insufficient memory, 6 Insufficient nvidia.com/gpu, 7 node(s) didn't match Pod's node affinity/selector. preemption: 0/13 nodes are available: 6 No preemption victims found for incoming pod, 7 Preemption is not helpful for scheduling.
[04:50:25.076760] Workload is in queue for scheduling. Please wait...
[04:50:25.076760] Event Reason: FailedScheduling, Event Note: 0/13 nodes are available: 4 Insufficient cpu, 4 Insufficient memory, 6 Insufficient nvidia.com/gpu, 7 node(s) didn't match Pod's node affinity/selector. preemption: 0/13 nodes are available: 6 No preemption victims found for incoming pod, 7 Preemption is not helpful for scheduling.
[04:50:35.551317] Workload is in queue for scheduling. Please wait...
[04:50:35.551317] Event Reason: FailedScheduling, Event Note: 0/13 nodes are available: 4 Insufficient cpu, 4 Insufficient memory, 6 Insufficient nvidia.com/gpu, 7 node(s) didn't match Pod's node affinity/selector. preemption: 0/13 nodes are available: 6 No preemption victims found for incoming pod, 7 Preemption is not helpful for scheduling.
[04:51:54.576749] VESSL Workload assigned successfully. Starting soon.
[04:51:55.000000] Container image "quay.io/vessl-ai/kernels-toolbox:0.1.188" already present on machine
[04:51:55.000000] Created container vops-init
[04:51:55.000000] Started container vops-init
[04:51:56.000000] Started container run-sidecar
[04:51:56.000000] Creating VESSL Workload...
[04:51:56.000000] Created container run-exec
[04:51:56.000000] Started container run-exec
[04:51:56.000000] Created container fluentbit
[04:51:56.000000] Container image "quay.io/vessl-ai/fluent-bit:2.1.6" already present on machine
[04:51:56.000000] Container image "quay.io/vessl-ai/sidecar:v0.0.3" already present on machine
[04:51:56.000000] Container image "nvcr.io/nvidia/jax:24.04-py3" already present on machine
[04:51:56.000000] Created container run-sidecar
[04:51:56.001000] Container image "nvcr.io/nvidia/jax:24.04-py3" already present on machine
[04:51:57.000000] Created container vops-sidecar
[04:51:57.000000] Created container ttyd-sidecar
[04:51:57.000000] Started container vops-sidecar
[04:51:57.000000] Container image "quay.io/vessl-ai/kernels-toolbox:0.1.188" already present on machine
[04:51:57.000000] Started container fluentbit
[04:51:57.000000] Started container ttyd-sidecar
[04:51:57.388058] Installing VESSL CLI...
[04:51:58.087703] workload reported alive as pod run-execution-kol9anu6m2aw-0
[04:51:58.087804] Workload status changed to initializing
[04:51:59.227485] + set +x
[04:52:02.606148] vessl, version 0.1.199
[04:52:04.352690] workload reported alive as pod run-execution-kol9anu6m2aw-0
[04:52:04.352790] Workload status changed to running
[04:52:04.511956] + mkdir -p /root
[04:52:04.513839] + cd /root
[04:52:04.514513] + cd /root/workspace/byungkwan-workspace/research/rfx
[04:52:04.544122] + git pull --ff-only origin main
[04:52:04.580942] fatal: detected dubious ownership in repository at '/root/workspace/byungkwan-workspace/research/rfx'
[04:52:04.580975] To add an exception for this directory, call:
[04:52:04.580981]
[04:52:04.580988] 	git config --global --add safe.directory /root/workspace/byungkwan-workspace/research/rfx
[04:52:04.581333] + true
[04:52:04.581360] + pip install -q -e .
[04:52:11.936056] WARNING: Running pip as the 'root' user can result in broken permissions and conflicting behaviour with the system package manager. It is recommended to use a virtual environment instead: https://pip.pypa.io/warnings/venv
[04:52:12.033360] + pip install 'numpy<2' -q
[04:52:12.333213] WARNING: Running pip as the 'root' user can result in broken permissions and conflicting behaviour with the system package manager. It is recommended to use a virtual environment instead: https://pip.pypa.io/warnings/venv
[04:52:12.356539] + python scripts/cpml_reflectivity_sweep.py
[04:52:13.794408] ======================================================================
[04:52:13.794461] CPML Reflectivity Sweep
[04:52:13.794470] ======================================================================
[04:52:13.794477] Layers: [4, 6, 8, 10, 12, 16, 20]
[04:52:13.794484] Frequencies: ['1.0 GHz', '2.4 GHz', '5.0 GHz', '10.0 GHz']
[04:52:13.794491] Kappa values: [1.0, 5.0]
[04:52:13.794498] Target: -40.0 dB
[04:52:13.794505]
[04:52:13.794511]
[04:52:13.794518] --- kappa_max = 1.0 ---
[04:52:33.295752]   f=  1.0 GHz  layers= 4  reflectivity=  -26.8 dB  [FAIL]  (19.5s)
[04:52:52.638592]   f=  1.0 GHz  layers= 6  reflectivity=  -26.8 dB  [FAIL]  (19.3s)
[04:53:11.108442]   f=  1.0 GHz  layers= 8  reflectivity=  -26.8 dB  [FAIL]  (18.5s)
[04:53:29.135777]   f=  1.0 GHz  layers=10  reflectivity=  -26.8 dB  [FAIL]  (18.0s)
[04:53:48.522628]   f=  1.0 GHz  layers=12  reflectivity=  -26.8 dB  [FAIL]  (19.4s)
[04:54:07.552644]   f=  1.0 GHz  layers=16  reflectivity=  -26.8 dB  [FAIL]  (19.0s)
[04:54:26.337471]   f=  1.0 GHz  layers=20  reflectivity=  -26.8 dB  [FAIL]  (18.8s)
[04:54:45.997379]   f=  2.4 GHz  layers= 4  reflectivity=  -27.6 dB  [FAIL]  (19.7s)
[04:55:04.439430]   f=  2.4 GHz  layers= 6  reflectivity=  -27.6 dB  [FAIL]  (18.4s)
[04:55:23.715364]   f=  2.4 GHz  layers= 8  reflectivity=  -27.6 dB  [FAIL]  (19.3s)
[04:55:42.660067]   f=  2.4 GHz  layers=10  reflectivity=  -27.6 dB  [FAIL]  (18.9s)
[04:56:01.771608]   f=  2.4 GHz  layers=12  reflectivity=  -27.6 dB  [FAIL]  (19.1s)
[04:56:20.807095]   f=  2.4 GHz  layers=16  reflectivity=  -27.6 dB  [FAIL]  (19.0s)
[04:56:39.754461]   f=  2.4 GHz  layers=20  reflectivity=  -27.6 dB  [FAIL]  (18.9s)
[04:56:58.980818]   f=  5.0 GHz  layers= 4  reflectivity=  -32.0 dB  [FAIL]  (19.2s)
[04:57:18.169817]   f=  5.0 GHz  layers= 6  reflectivity=  -32.0 dB  [FAIL]  (19.2s)
[04:57:36.121020]   f=  5.0 GHz  layers= 8  reflectivity=  -32.0 dB  [FAIL]  (18.0s)
[04:57:54.274771]   f=  5.0 GHz  layers=10  reflectivity=  -32.0 dB  [FAIL]  (18.2s)
[04:58:13.334753]   f=  5.0 GHz  layers=12  reflectivity=  -32.0 dB  [FAIL]  (19.1s)
[04:58:31.770881]   f=  5.0 GHz  layers=16  reflectivity=  -32.0 dB  [FAIL]  (18.4s)
[04:58:51.285164]   f=  5.0 GHz  layers=20  reflectivity=  -32.0 dB  [FAIL]  (19.5s)
[04:59:09.557468]   f= 10.0 GHz  layers= 4  reflectivity=  -43.3 dB  [PASS]  (18.3s)
[04:59:28.441240]   f= 10.0 GHz  layers= 6  reflectivity=  -43.3 dB  [PASS]  (18.9s)
[04:59:47.870632]   f= 10.0 GHz  layers= 8  reflectivity=  -43.3 dB  [PASS]  (19.4s)
[05:00:06.265963]   f= 10.0 GHz  layers=10  reflectivity=  -43.3 dB  [PASS]  (18.4s)
[05:00:26.023853]   f= 10.0 GHz  layers=12  reflectivity=  -43.3 dB  [PASS]  (19.8s)
[05:00:44.885933]   f= 10.0 GHz  layers=16  reflectivity=  -43.3 dB  [PASS]  (18.9s)
[05:01:04.635972]   f= 10.0 GHz  layers=20  reflectivity=  -43.3 dB  [PASS]  (19.7s)
[05:01:04.635984]
[05:01:04.635985] --- kappa_max = 5.0 ---
[05:01:23.530191]   f=  1.0 GHz  layers= 4  reflectivity=  -26.8 dB  [FAIL]  (18.9s)
[05:01:34.953374] workload request to be terminated
[05:01:34.953475] Workload status changed to waitToBeKilled
[05:01:36.000000] Stopping container vops-sidecar
[05:01:36.000000] Stopping container run-sidecar
[05:01:36.000000] Stopping container run-exec
[05:01:36.000000] Terminating VESSL Workload...
[05:01:36.000000] Stopping container ttyd-sidecar
[05:01:36.000000] Stopping container fluentbit
[05:01:36.114818] workload terminated
[05:01:36.114918] Workload status changed to terminated
