Organization: remilab
Project: byungkwan
[03:34:35.155430] workload awaiting to start
[03:34:35.155530] Workload status changed to pending
[03:34:39.010778] Event Reason: FailedScheduling, Event Note: 0/13 nodes are available: pod has unbound immediate PersistentVolumeClaims. preemption: 0/13 nodes are available: 13 Preemption is not helpful for scheduling.
[03:34:39.010778] Workload is in queue for scheduling. Please wait...
[03:34:42.001063] VESSL Workload assigned successfully. Starting soon.
[03:34:43.000000] Container image "quay.io/vessl-ai/kernels-toolbox:0.1.188" already present on machine
[03:34:43.000000] Created container vops-init
[03:34:43.000000] Started container vops-init
[03:34:44.000000] Started container run-sidecar
[03:34:44.000000] Creating VESSL Workload...
[03:34:44.000000] Created container vops-sidecar
[03:34:44.000000] Starting VESSL Workload...
[03:34:44.000000] Started container vops-sidecar
[03:34:44.000000] Created container run-exec
[03:34:44.000000] Container image "quay.io/vessl-ai/kernels-toolbox:0.1.188" already present on machine
[03:34:44.000000] Started container run-exec
[03:34:44.000000] Created container fluentbit
[03:34:44.000000] Container image "nvcr.io/nvidia/jax:24.10-py3" already present on machine
[03:34:44.000000] Container image "quay.io/vessl-ai/fluent-bit:2.1.6" already present on machine
[03:34:44.000000] Container image "quay.io/vessl-ai/sidecar:v0.0.3" already present on machine
[03:34:44.000000] Created container run-sidecar
[03:34:44.001000] Container image "nvcr.io/nvidia/jax:24.10-py3" already present on machine
[03:34:44.940519] Installing VESSL CLI...
[03:34:45.531705] workload reported alive as pod run-execution-anlzixm6eqqa-0
[03:34:45.531805] Workload status changed to initializing
[03:34:46.660765] + set +x
[03:34:49.897850] vessl, version 0.1.199
[03:34:51.766456] workload reported alive as pod run-execution-anlzixm6eqqa-0
[03:34:51.766556] Workload status changed to running
[03:34:52.215465] + mkdir -p /root
[03:34:52.217462] + cd /root
[03:34:52.217922] + set -euo pipefail
[03:34:52.217957] + cd /root
[03:34:52.217984] + git clone https://github.com/BK3536/rfx.git
[03:34:52.220123] Cloning into 'rfx'...
[03:34:54.376493] + cd rfx
[03:34:54.376510] + pip install --quiet -e '.[all]' cma
[03:34:57.620440] WARNING: rfx 1807.8.6 does not provide the extra 'dashboard'
[03:34:57.620487] WARNING: rfx 1807.8.6 does not provide the extra 'dev'
[03:34:57.620605] WARNING: rfx 1807.8.6 does not provide the extra 'optimization'
[03:34:57.620716] WARNING: rfx 1807.8.6 does not provide the extra 'visualization'
[03:35:02.583035] WARNING: Running pip as the 'root' user can result in broken permissions and conflicting behaviour with the system package manager. It is recommended to use a virtual environment instead: https://pip.pypa.io/warnings/venv
[03:35:02.775609] + python -c 'import jax; print('"'"'JAX devices:'"'"', jax.devices())'
[03:35:03.049253] JAX devices: [CudaDevice(id=0)]
[03:35:03.095272] + nvidia-smi
[03:35:03.136503] Sun Apr  5 03:35:03 2026
[03:35:03.136550] +---------------------------------------------------------------------------------------+
[03:35:03.136563] | NVIDIA-SMI 535.288.01             Driver Version: 535.288.01   CUDA Version: 12.2     |
[03:35:03.136571] |-----------------------------------------+----------------------+----------------------+
[03:35:03.136579] | GPU  Name                 Persistence-M | Bus-Id        Disp.A | Volatile Uncorr. ECC |
[03:35:03.136586] | Fan  Temp   Perf          Pwr:Usage/Cap |         Memory-Usage | GPU-Util  Compute M. |
[03:35:03.136593] |                                         |                      |               MIG M. |
[03:35:03.136600] |=========================================+======================+======================|
[03:35:03.157462] |   0  NVIDIA GeForce RTX 4090        Off | 00000000:01:00.0 Off |                  Off |
[03:35:03.157477] |  0%   34C    P0              24W / 450W |      1MiB / 24564MiB |      1%      Default |
[03:35:03.157479] |                                         |                      |                  N/A |
[03:35:03.157480] +-----------------------------------------+----------------------+----------------------+
[03:35:03.157480]
[03:35:03.157481] +---------------------------------------------------------------------------------------+
[03:35:03.157482] | Processes:                                                                            |
[03:35:03.157483] |  GPU   GI   CI        PID   Type   Process name                            GPU Memory |
[03:35:03.157484] |        ID   ID                                                             Usage      |
[03:35:03.157485] |=======================================================================================|
[03:35:03.157492] |  No running processes found                                                           |
[03:35:03.157494] +---------------------------------------------------------------------------------------+
[03:35:03.200183] + mkdir -p /output/ex1
[03:35:03.200915] + cp /root/workspace/bk-workspace/papers/rfx-tap/experiments/ex1_patch_antenna.py .
[03:35:03.252953] + OUTPUT_DIR=/output/ex1 python ex1_patch_antenna.py
[03:35:03.847240] Device: DeviceInfo(backend='gpu', gpu_available=True, devices=[{'id': 0, 'kind': 'NVIDIA GeForce RTX 4090', 'platform': 'gpu'}])
[03:35:03.847362] SimConfig (accuracy='standard'):
[03:35:03.847368]   dx = 3.000 mm (25 cells/λ_min)
[03:35:03.847371]   domain = 194.9 × 194.9 × 151.5 mm
[03:35:03.847372]   cpml = 40 layers (120.0 mm)
[03:35:03.847374]   n_steps = 6739 (8.7 ns)
[03:35:03.847375]   freq = 1.00 – 4.00 GHz
[03:35:03.847377]   source = j_source (CPML boundary: J-source with Cb/dV normalization (Meep convention))
[03:35:03.847379]   dz = 0.400 – 2.998 mm (29 cells, non-uniform)
[03:35:03.847380]   WARNINGS:
[03:35:03.847382]     - Non-uniform z mesh enabled: 29 cells, dz=0.400–2.998 mm
[03:35:03.847383] Estimated memory: 2608 MB
[03:35:03.847384]
[03:35:03.847386] === Gradient-based optimisation (Adam) ===
[03:35:06.602885] 2026-04-05 03:35:06.602804: W external/xla/xla/service/hlo_rematerialization.cc:3005] Can't reduce memory use below -170.74GiB (-183330299131 bytes) by rematerialization; only reduced to 257.32GiB (276293157565 bytes), down from 257.32GiB (276293466081 bytes) originally
[03:35:27.313154] 2026-04-05 03:35:27.312925: W external/xla/xla/tsl/framework/bfc_allocator.cc:497] Allocator (GPU_0_bfc) ran out of memory trying to allocate 20.96GiB (rounded to 22509696000)requested by op
[03:35:27.313627] 2026-04-05 03:35:27.313461: W external/xla/xla/tsl/framework/bfc_allocator.cc:508] **__________________________________________________________________________________________________
[03:35:27.313735] E0405 03:35:27.313626     336 pjrt_stream_executor_client.cc:3067] Execution of replica 0 failed: RESOURCE_EXHAUSTED: Out of memory while trying to allocate 22509696000 bytes.
[03:35:27.323823] jax.errors.SimplifiedTraceback: For simplicity, JAX has removed its internal frames from the traceback of the following exception. Set JAX_TRACEBACK_FILTERING=off to include these.
[03:35:27.323830]
[03:35:27.323832] The above exception was the direct cause of the following exception:
[03:35:27.323833]
[03:35:27.323834] Traceback (most recent call last):
[03:35:27.323836]   File "/root/rfx/ex1_patch_antenna.py", line 142, in <module>
[03:35:27.323942]     opt = optimize(
[03:35:27.323948]   File "/root/rfx/rfx/optimize.py", line 222, in optimize
[03:35:27.323950]     loss, grad = grad_fn(latent)
[03:35:27.323951]   File "/root/rfx/rfx/optimize.py", line 202, in forward
[03:35:27.323967]     result = _run(
[03:35:27.323969]   File "/root/rfx/rfx/simulation.py", line 813, in run
[03:35:27.324057]     final_carry, outputs = jax.lax.scan(body, carry_init, xs)
[03:35:27.324063] jaxlib.xla_extension.XlaRuntimeError: RESOURCE_EXHAUSTED: Out of memory while trying to allocate 22509696000 bytes.
[03:35:27.614850] workload reported done
[03:35:27.614950] Workload status changed to stopping
[03:35:40.224217] workload reported done
[03:35:40.224318] Workload status changed to waitToBeKilled
[03:35:42.000000] Stopping container vops-sidecar
[03:35:42.000000] Stopping container run-exec
[03:35:42.000000] Terminating VESSL Workload...
[03:35:42.000000] Stopping container ttyd-sidecar
[03:35:42.180282] workload failed
[03:35:42.180382] Workload status changed to failed
