Organization: remilab
Project: byungkwan
[23:30:46.916266] workload awaiting to start
[23:30:46.916367] Workload status changed to pending
[23:30:50.983530] VESSL Workload assigned successfully. Starting soon.
[23:30:52.000000] Creating VESSL Workload...
[23:30:52.000000] Created container run-exec
[23:30:52.000000] Container image "quay.io/vessl-ai/kernels-toolbox:0.1.188" already present on machine
[23:30:52.000000] Created container vops-init
[23:30:52.000000] Container image "nvcr.io/nvidia/jax:24.10-py3" already present on machine
[23:30:52.000000] Started container vops-init
[23:30:52.001000] Container image "nvcr.io/nvidia/jax:24.10-py3" already present on machine
[23:30:53.000000] Started container run-sidecar
[23:30:53.000000] Started container vops-sidecar
[23:30:53.000000] Container image "quay.io/vessl-ai/kernels-toolbox:0.1.188" already present on machine
[23:30:53.000000] Started container fluentbit
[23:30:53.000000] Container image "quay.io/vessl-ai/fluent-bit:2.1.6" already present on machine
[23:30:53.000000] Created container run-sidecar
[23:30:53.739631] Installing VESSL CLI...
[23:30:54.465573] workload reported alive as pod run-execution-hzipdlhp0h5h-0
[23:30:54.465673] Workload status changed to initializing
[23:30:55.563527] + set +x
[23:30:59.806358] vessl, version 0.1.199
[23:31:00.722604] workload reported alive as pod run-execution-hzipdlhp0h5h-0
[23:31:00.722704] Workload status changed to running
[23:31:00.803478] + mkdir -p /root
[23:31:00.805548] + cd /root
[23:31:00.806088] + cd /root/workspace/byungkwan-workspace/research/rfx
[23:31:00.833421] + git config --global --add safe.directory /root/workspace/byungkwan-workspace/research/rfx
[23:31:00.877049] + git pull --ff-only origin main
[23:31:02.594388] From https://github.com/BK3536/rfx
[23:31:02.594429]  * branch            main       -> FETCH_HEAD
[23:31:02.699210] Already up to date.
[23:31:02.700011] + pip install -q -e '.[dev]'
[23:31:11.001971] WARNING: Running pip as the 'root' user can result in broken permissions and conflicting behaviour with the system package manager. It is recommended to use a virtual environment instead: https://pip.pypa.io/warnings/venv
[23:31:11.159316] + echo '=== Crossval #10: OpenEMS Patch Antenna ==='
[23:31:11.159334] + python examples/crossval/10_openems_patch_antenna.py
[23:31:11.159343] === Crossval #10: OpenEMS Patch Antenna ===
[23:31:12.431675] ============================================================
[23:31:12.431719] Cross-Validation #2: OpenEMS Simple Patch Antenna
[23:31:12.431725] ============================================================
[23:31:12.431730] Patch: 32 x 40 mm on eps_r=3.38
[23:31:12.431734] Substrate: h=1.524mm, 60x60mm
[23:31:12.431738] Analytical f_r: 2.038 GHz
[23:31:12.431742]
[23:31:12.431747] dx = 1.00 mm, dz_sub = 0.254 mm
[23:31:12.431753] z-cells: 6 substrate + 145 air = 157 total
[23:31:12.432147] Steps: 12000
[23:31:12.795705] Nu grid: nz=173, dt=0.79ps
[23:31:12.795834] z_phys first 10: [0.         0.25400007 0.50800014 0.7620002  1.0160003  1.2700003
[23:31:12.795840]  1.5621004  1.9418304  2.4354794  3.077223  ]
[23:31:12.795841] Substrate h=1.524mm, port z=0.762mm
[23:31:12.795842]
[23:31:36.192057] Probe signal: max=4.2888e+07, rms=1.0261e+07
[23:31:36.200855] FFT peak: 2.4086 GHz (at 0.0 dB)
[23:31:36.200859] Analytical: 2.0383 GHz
[23:31:36.200860] Error: 18.17%
[23:33:06.988810] FAIL: 18.17% error
[23:33:06.989535]
[23:33:07.004575] NTFF extraction: 'NoneType' object has no attribute 'freqs'
[23:33:07.293236]
[23:33:07.293250] Plot saved: /root/workspace/byungkwan-workspace/research/rfx/examples/crossval/10_openems_patch_antenna.png
[23:33:07.444690] === Crossval #08: Dipole Radiation (fixed) ===
[23:33:07.444702] + echo '=== Crossval #08: Dipole Radiation (fixed) ==='
[23:33:07.444720] + python examples/crossval/08_dipole_radiation.py
[23:33:08.528946] ============================================================
[23:33:08.528995] Cross-Validation: Dipole Radiation Pattern
[23:33:08.529002] ============================================================
[23:33:08.529016] Source: Ez dipole at 5 GHz
[23:33:08.529021] Domain: 80mm, dx=1.0mm
[23:33:08.529026]
[23:33:08.529128] Grid: 101x101x101, steps=7868
[23:33:16.040689]
[23:33:16.040718] E-plane correlation with sin²(theta): 0.9882
[23:33:16.040724] H-plane correlation with sin²(theta): 0.9873
[23:33:16.040726] Max far-field power: 8.4828e-27
[23:33:16.040739] FAIL: pattern shape correct (corr=0.988) but power=8.48e-27 at noise floor
[23:33:16.325356] Plot saved: /root/workspace/byungkwan-workspace/research/rfx/examples/crossval/08_dipole_radiation.png
[23:33:16.456203] + echo '=== DONE ==='
[23:33:16.456232] === DONE ===
[23:33:16.467020] workload reported done
[23:33:16.467120] Workload status changed to stopping
[23:33:25.507681] + set +x
[23:33:30.534756] workload reported done
[23:33:30.534856] Workload status changed to waitToBeKilled
[23:33:33.000000] Stopping container vops-sidecar
[23:33:33.000000] Stopping container run-exec
[23:33:33.000000] Terminating VESSL Workload...
[23:33:33.000000] Stopping container ttyd-sidecar
[23:33:33.000000] Stopping container fluentbit
[23:33:33.070670] workload completed
[23:33:33.070770] Workload status changed to completed
