Organization: remilab
Project: byungkwan
[01:58:35.359332] workload awaiting to start
[01:58:35.359432] Workload status changed to pending
[01:58:38.980751] VESSL Workload assigned successfully. Starting soon.
[01:58:39.000000] Container image "quay.io/vessl-ai/kernels-toolbox:0.1.188" already present on machine
[01:58:39.000000] Created container vops-init
[01:58:40.000000] Creating VESSL Workload...
[01:58:40.000000] Created container run-exec
[01:58:40.000000] Started container vops-init
[01:58:40.000000] Container image "nvcr.io/nvidia/jax:24.04-py3" already present on machine
[01:58:40.001000] Container image "nvcr.io/nvidia/jax:24.04-py3" already present on machine
[01:58:41.000000] Started container run-sidecar
[01:58:41.000000] Created container vops-sidecar
[01:58:41.000000] Created container ttyd-sidecar
[01:58:41.000000] Starting VESSL Workload...
[01:58:41.000000] Started container vops-sidecar
[01:58:41.000000] Container image "quay.io/vessl-ai/kernels-toolbox:0.1.188" already present on machine
[01:58:41.000000] Started container run-exec
[01:58:41.000000] Started container fluentbit
[01:58:41.000000] Created container fluentbit
[01:58:41.000000] Started container ttyd-sidecar
[01:58:41.000000] Container image "quay.io/vessl-ai/fluent-bit:2.1.6" already present on machine
[01:58:41.000000] Container image "quay.io/vessl-ai/sidecar:v0.0.3" already present on machine
[01:58:41.666492] Installing VESSL CLI...
[01:58:42.358585] workload reported alive as pod run-execution-9funszfjasjv-0
[01:58:42.358685] Workload status changed to initializing
[01:58:43.572697] + set +x
[01:58:52.652654] vessl, version 0.1.199
[01:58:53.749189] workload reported alive as pod run-execution-9funszfjasjv-0
[01:58:53.749289] Workload status changed to running
[01:58:53.852755] + mkdir -p /root
[01:58:53.854262] + cd /root
[01:58:53.854534] + cd /root/workspace/byungkwan-workspace/research/rfx
[01:58:53.859803] + pip install -q -e .
[01:59:05.468624] WARNING: Running pip as the 'root' user can result in broken permissions and conflicting behaviour with the system package manager. It is recommended to use a virtual environment instead: https://pip.pypa.io/warnings/venv
[01:59:05.790000] + python -c 'import jax; print(f'"'"'Backend: {jax.default_backend()}'"'"')'
[01:59:06.990437] Backend: gpu
[01:59:07.175265] + python examples/09_patch_fixed.py
[01:59:08.670508] Design: L=29.4mm, W=38.0mm, f0=2.400GHz, lambda=125mm
[01:59:08.670768] Grid: (209, 227, 91), dx=0.5mm, cpml=12
[01:59:08.670876] h/dx=3.2 cells, margin=31mm (0.25*lambda)
[01:59:08.671021] n_steps=10491, T_sim=10.0ns, dt=9.533e-13s
[01:59:08.671127] Running...
[02:09:06.689975]
[02:09:06.690021] === Results ===
[02:09:06.690027] Resonance PEAK: 1.362 GHz (design: 2.400 GHz)
[02:09:06.690032] Error: 43.2%
[02:09:06.690037] Max|Ez|: 1.071e+01
[02:09:06.690049] NaN: False
[02:09:06.953632]
[02:09:06.953656] Top spectral peaks:
[02:09:06.953662]   1. 1.362 GHz (amp=3.30e+03)
[02:09:07.572714] workload reported done
[02:09:07.572814] Workload status changed to stopping
[02:09:18.031574] + set +x
[02:09:23.063695] workload reported done
[02:09:23.063795] Workload status changed to waitToBeKilled
[02:09:24.000000] Stopping container vops-sidecar
[02:09:24.000000] Stopping container run-sidecar
[02:09:24.000000] Stopping container run-exec
[02:09:24.000000] Terminating VESSL Workload...
[02:09:24.000000] Stopping container ttyd-sidecar
[02:09:24.000000] Stopping container fluentbit
[02:09:24.139362] workload completed
[02:09:24.139462] Workload status changed to completed
