Organization: remilab
Project: byungkwan
[15:37:32.271859] workload awaiting to start
[15:37:32.271959] Workload status changed to pending
[15:37:35.964158] VESSL Workload assigned successfully. Starting soon.
[15:37:36.000000] Container image "quay.io/vessl-ai/kernels-toolbox:0.1.188" already present on machine
[15:37:37.000000] Started container run-sidecar
[15:37:37.000000] Creating VESSL Workload...
[15:37:37.000000] Created container ttyd-sidecar
[15:37:37.000000] Created container run-exec
[15:37:37.000000] Started container run-exec
[15:37:37.000000] Started container fluentbit
[15:37:37.000000] Created container fluentbit
[15:37:37.000000] Created container vops-init
[15:37:37.000000] Container image "nvcr.io/nvidia/jax:24.10-py3" already present on machine
[15:37:37.000000] Started container vops-init
[15:37:37.000000] Container image "quay.io/vessl-ai/fluent-bit:2.1.6" already present on machine
[15:37:37.001000] Container image "nvcr.io/nvidia/jax:24.10-py3" already present on machine
[15:37:38.000000] Started container ttyd-sidecar
[15:37:38.255110] Installing VESSL CLI...
[15:37:38.905104] workload reported alive as pod run-execution-6l4ct5lsuo8a-0
[15:37:40.033081] + set +x
[15:37:43.144487] vessl, version 0.1.199
[15:37:45.169537] workload reported alive as pod run-execution-6l4ct5lsuo8a-0
[15:37:45.169637] Workload status changed to running
[15:37:45.462242] + mkdir -p /root
[15:37:45.464257] + cd /root
[15:37:45.464904] + cd /root/workspace/byungkwan-workspace/research/rfx
[15:37:45.480444] + git config --global --add safe.directory /root/workspace/byungkwan-workspace/research/rfx
[15:37:45.507514] + git pull --ff-only origin main
[15:37:46.756964] From https://github.com/BK3536/rfx
[15:37:46.757013]  * branch            main       -> FETCH_HEAD
[15:37:46.918424] Already up to date.
[15:37:46.919262] + pip install -q -e '.[dev]'
[15:37:55.377464] WARNING: Running pip as the 'root' user can result in broken permissions and conflicting behaviour with the system package manager. It is recommended to use a virtual environment instead: https://pip.pypa.io/warnings/venv
[15:37:55.533837] ==== GRADIENT TESTS ====
[15:37:55.533839] + echo '==== GRADIENT TESTS ===='
[15:37:55.533859] + pytest tests/test_gradient_simple.py -v -s '--tb=short'
[15:37:55.685853] ============================= test session starts ==============================
[15:37:55.685876] platform linux -- Python 3.10.12, pytest-9.0.2, pluggy-1.6.0 -- /usr/bin/python3
[15:37:55.687807] cachedir: .pytest_cache
[15:37:55.687810] rootdir: /root/workspace/byungkwan-workspace/research/rfx
[15:37:55.687812] configfile: pyproject.toml
[15:37:55.687814] plugins: xdist-3.8.0
[15:37:55.972463] collecting ... collected 2 items
[15:37:55.972662]
[15:37:58.804118] tests/test_gradient_simple.py::test_gradient_eps_shifts_energy
[15:37:58.804147] Gradient d(energy)/d(eps_r):
[15:37:58.804148]   Max:  2.341952e-03
[15:37:58.804149]   Mean: 7.216257e-06
[15:37:58.848180] PASSED
[15:37:59.864421] tests/test_gradient_simple.py::test_gradient_finite_difference_match
[15:37:59.864440] AD gradient at (8,5,5):  -4.636321e-07
[15:37:59.864442] FD gradient at (8,5,5):  -4.691174e-07
[15:37:59.864443] Relative error: 1.17%
[15:37:59.896157] PASSED
[15:37:59.896482]
[15:37:59.896489] ============================== 2 passed in 4.21s ===============================
[15:38:00.212637] + echo
[15:38:00.212650] + echo '==== NON-UNIFORM CONVERGENCE ===='
[15:38:00.212652] + pytest tests/test_nonuniform_convergence.py -v -s '--tb=short' -k 'not slow'
[15:38:00.212660]
[15:38:00.212661] ==== NON-UNIFORM CONVERGENCE ====
[15:38:00.299981] ============================= test session starts ==============================
[15:38:00.299985] platform linux -- Python 3.10.12, pytest-9.0.2, pluggy-1.6.0 -- /usr/bin/python3
[15:38:00.300892] cachedir: .pytest_cache
[15:38:00.300894] rootdir: /root/workspace/byungkwan-workspace/research/rfx
[15:38:00.300895] configfile: pyproject.toml
[15:38:00.300896] plugins: xdist-3.8.0
[15:38:00.796566] collecting ... collected 2 items / 1 deselected / 1 selected
[15:38:00.796763]
[15:38:01.948723] tests/test_nonuniform_convergence.py::test_nonuniform_cfl_uses_min_dz dt = 0.66 ps, CFL limit = 0.66 ps
[15:38:01.948739] dx=5.0mm, min_dz=0.2mm
[15:38:01.967816] PASSED
[15:38:01.967962]
[15:38:01.967973] ======================= 1 passed, 1 deselected in 1.67s ========================
[15:38:02.151692] + echo
[15:38:02.151698]
[15:38:02.151712] + echo '==== ISSUES #13 + #17 ===='
[15:38:02.151714] + python scripts/gpu_verify_issues.py
[15:38:02.151716] ==== ISSUES #13 + #17 ====
[15:38:02.240584] === #13: optimize() memory test ===
[15:38:03.021051]   optimize: n_steps=1000, grid=(16, 11, 11) (0.0M cells)
[15:38:04.947985]   iter    0  loss = 1.547135e-03
[15:38:05.721581]   iter    2  loss = 1.514157e-03
[15:38:05.754069] PASS: loss history = [0.00154713517986238, 0.0015305673005059361, 0.001514157047495246]
[15:38:05.754091]
[15:38:05.754095] === #13: topology conductor occupancy ===
[15:38:08.217501]   iter    0  loss = -1.840536e-03  beta = 1.0  binarization = 1.000
[15:38:12.254261]   iter    4  loss = -2.136036e-03  beta = 1.0  binarization = 0.999
[15:38:12.255949] Loss history: [-0.0018405355513095856, -0.0019111854489892721, -0.001983766444027424, -0.0020590294152498245, -0.0021360358223319054]
[15:38:12.255957] PASS: loss changed (gradient is non-zero)
[15:38:12.255964]
[15:38:12.255968] === #17: NTFF far-field power ===
[15:38:12.256053] Grid: 81x81x81, steps=3934
[15:38:16.937210] Max far-field power: 1.5989e-14
[15:38:16.937275] FAIL: far-field power 1.60e-14 is near zero
[15:38:16.937304]
[15:38:16.937361] ============================================================
[15:38:16.937370] SUMMARY
[15:38:16.937375] ============================================================
[15:38:16.937380]   optimize_memory: PASS
[15:38:16.937385]   topology_gradient: PASS
[15:38:16.937392]   ntff_power: FAIL
[15:38:16.937396]
[15:38:16.937401] 2/3 passed
[15:38:17.278066] + true
[15:38:17.292580] workload reported done
[15:38:17.292680] Workload status changed to stopping
[15:38:21.474370] + set +x
[15:38:26.502759] workload reported done
[15:38:26.502859] Workload status changed to waitToBeKilled
[15:38:27.000000] Stopping container vops-sidecar
[15:38:27.000000] Stopping container run-sidecar
[15:38:27.000000] Stopping container run-exec
[15:38:27.000000] Terminating VESSL Workload...
[15:38:27.000000] Stopping container ttyd-sidecar
[15:38:27.000000] Stopping container fluentbit
[15:38:27.072709] workload completed
[15:38:27.072809] Workload status changed to completed
