Organization: remilab
Project: byungkwan
[02:08:56.112738] workload awaiting to start
[02:08:56.112838] Workload status changed to pending
[02:09:00.005760] VESSL Workload assigned successfully. Starting soon.
[02:09:01.000000] Creating VESSL Workload...
[02:09:01.000000] Starting VESSL Workload...
[02:09:01.000000] Created container run-exec
[02:09:01.000000] Container image "quay.io/vessl-ai/kernels-toolbox:0.1.188" already present on machine
[02:09:01.000000] Started container run-exec
[02:09:01.000000] Created container vops-init
[02:09:01.000000] Container image "nvcr.io/nvidia/jax:24.10-py3" already present on machine
[02:09:01.000000] Started container vops-init
[02:09:01.000000] Container image "quay.io/vessl-ai/sidecar:v0.0.3" already present on machine
[02:09:01.000000] Created container run-sidecar
[02:09:01.001000] Container image "nvcr.io/nvidia/jax:24.10-py3" already present on machine
[02:09:02.000000] Created container vops-sidecar
[02:09:02.000000] Started container vops-sidecar
[02:09:02.000000] Container image "quay.io/vessl-ai/kernels-toolbox:0.1.188" already present on machine
[02:09:02.000000] Started container fluentbit
[02:09:02.000000] Created container fluentbit
[02:09:02.000000] Started container ttyd-sidecar
[02:09:02.000000] Container image "quay.io/vessl-ai/fluent-bit:2.1.6" already present on machine
[02:09:02.334935] Installing VESSL CLI...
[02:09:03.047188] workload reported alive as pod run-execution-w0l76mgykokx-0
[02:09:03.047288] Workload status changed to initializing
[02:09:04.195899] + set +x
[02:09:53.787131] vessl, version 0.1.199
[02:09:54.318923] workload reported alive as pod run-execution-w0l76mgykokx-0
[02:09:54.319023] Workload status changed to running
[02:09:54.437713] + mkdir -p /root
[02:09:54.439806] + cd /root
[02:09:54.440033] + set -euo pipefail
[02:09:54.440049] + cd /root
[02:09:54.440057] + git clone https://github.com/bk-squared/rfx.git
[02:09:54.441118] Cloning into 'rfx'...
[02:09:56.915331] + cd rfx
[02:09:56.915353] + pip install --quiet -e '.[all]'
[02:10:16.625399] WARNING: rfx 1807.8.6 does not provide the extra 'dashboard'
[02:10:16.625477] WARNING: rfx 1807.8.6 does not provide the extra 'dev'
[02:10:16.625608] WARNING: rfx 1807.8.6 does not provide the extra 'optimization'
[02:10:16.625713] WARNING: rfx 1807.8.6 does not provide the extra 'visualization'
[02:10:22.039216] WARNING: Running pip as the 'root' user can result in broken permissions and conflicting behaviour with the system package manager. It is recommended to use a virtual environment instead: https://pip.pypa.io/warnings/venv
[02:10:22.256330] + pip install --quiet scipy
[02:10:22.897283] + python -c 'import jax; print('"'"'JAX:'"'"', jax.devices()); import rfx; print('"'"'rfx'"'"', rfx.__version__)'
[02:10:23.321248] JAX: [CudaDevice(id=0)]
[02:10:23.801916] rfx 1.4.0
[02:10:23.905386] + mkdir -p /output/ex3
[02:10:23.907022] + cp /root/workspace/bk-workspace/papers/rfx-tap/experiments/ex3_flagship.py .
[02:10:23.919177] + OUTPUT_DIR=/output/ex3 python ex3_flagship.py
[02:10:24.658150] Device: DeviceInfo(backend='gpu', gpu_available=True, devices=[{'id': 0, 'kind': 'NVIDIA GeForce RTX 4090', 'platform': 'gpu'}])
[02:10:24.658195] WR-90: 22.9x10.2mm, f0=10GHz
[02:10:24.658208] dx=2.0mm, domain=80x80x80mm
[02:10:24.658214] N_STEPS: full=3148, opt=800
[02:10:24.658278] Design region: 23x10x10mm plug at aperture
[02:10:24.658285] eps range: 1.0 - 12.0
[02:10:24.658290]
[02:10:24.658294] === NTFF sanity check ===
[02:10:24.658561] /root/rfx/ex3_flagship.py:199: UserWarning: 'pec' y-extent 2.00mm = 1.0 cells — under-resolved (< 3 cells). Consider finer mesh for accurate results.
[02:10:24.658567]   result_check = sim.run(n_steps=N_STEPS_FULL)
[02:10:24.658587] /root/rfx/ex3_flagship.py:199: UserWarning: 'pec' x-extent 2.00mm = 1.0 cells — below 1 cell resolution. Use add_thin_conductor() for sub-cell PEC sheet.
[02:10:24.658593]   result_check = sim.run(n_steps=N_STEPS_FULL)
[02:10:24.658600] /root/rfx/ex3_flagship.py:199: UserWarning: 'pec' x-extent 2.00mm = 1.0 cells — under-resolved (< 3 cells). Consider finer mesh for accurate results.
[02:10:24.658606]   result_check = sim.run(n_steps=N_STEPS_FULL)
[02:10:24.658612] /root/rfx/ex3_flagship.py:199: UserWarning: 'pec' z-extent 2.00mm = 1.0 cells — under-resolved (< 3 cells). Consider finer mesh for accurate results.
[02:10:24.658617]   result_check = sim.run(n_steps=N_STEPS_FULL)
[02:10:31.707885]   Peak theta=56deg, D=7.49 (8.7 dBi)
[02:10:31.707911]
[02:10:31.707918] === Multi-objective directivity optimization (Adam) ===
[02:10:31.974252]   optimize: n_steps=800, grid=(57, 57, 57) (0.2M cells)
[02:10:56.780035] jax.errors.SimplifiedTraceback: For simplicity, JAX has removed its internal frames from the traceback of the following exception. Set JAX_TRACEBACK_FILTERING=off to include these.
[02:10:56.780063]
[02:10:56.780080] The above exception was the direct cause of the following exception:
[02:10:56.780084]
[02:10:56.780088] Traceback (most recent call last):
[02:10:56.780092]   File "/root/rfx/ex3_flagship.py", line 221, in <module>
[02:10:56.780146]     opt = optimize(
[02:10:56.780160]   File "/root/rfx/rfx/optimize.py", line 187, in optimize
[02:10:56.780210]     loss, grad = grad_fn(latent)
[02:10:56.780217]   File "/root/rfx/rfx/optimize.py", line 181, in forward
[02:10:56.780284]     return objective(result, ntff_box=result.ntff_box)
[02:10:56.780290]   File "/root/rfx/ex3_flagship.py", line 168, in multi_objective
[02:10:56.780357]     ff = compute_far_field_jax(result.ntff_data, ntff_box, grid, theta_pts, phi_pts)
[02:10:56.780363]   File "/root/rfx/rfx/farfield.py", line 621, in compute_far_field_jax
[02:10:56.780469]     if dS_k.ndim > 0:
[02:10:56.780501] AttributeError: 'float' object has no attribute 'ndim'
[02:10:57.258771] workload reported done
[02:10:57.258871] Workload status changed to stopping
[02:11:06.450441] workload reported done
[02:11:06.450541] Workload status changed to waitToBeKilled
[02:11:09.000000] Stopping container vops-sidecar
[02:11:09.000000] Stopping container run-exec
[02:11:09.000000] Terminating VESSL Workload...
[02:11:09.000000] Stopping container ttyd-sidecar
[02:11:09.118714] workload failed
[02:11:09.118814] Workload status changed to failed
