Organization: remilab
Project: byungkwan
[02:09:06.594150] workload awaiting to start
[02:09:06.594250] Workload status changed to pending
[02:09:11.928861] VESSL Workload assigned successfully. Starting soon.
[02:09:12.000000] Container image "quay.io/vessl-ai/kernels-toolbox:0.1.188" already present on machine
[02:09:12.000000] Created container vops-init
[02:09:12.000000] Started container vops-init
[02:09:13.000000] Started container run-sidecar
[02:09:13.000000] Creating VESSL Workload...
[02:09:13.000000] Starting VESSL Workload...
[02:09:13.000000] Created container run-exec
[02:09:13.000000] Started container run-exec
[02:09:13.000000] Container image "nvcr.io/nvidia/jax:24.10-py3" already present on machine
[02:09:13.000000] Container image "quay.io/vessl-ai/fluent-bit:2.1.6" already present on machine
[02:09:13.000000] Container image "quay.io/vessl-ai/sidecar:v0.0.3" already present on machine
[02:09:13.001000] Container image "nvcr.io/nvidia/jax:24.10-py3" already present on machine
[02:09:14.000000] Created container vops-sidecar
[02:09:14.000000] Created container ttyd-sidecar
[02:09:14.000000] Started container vops-sidecar
[02:09:14.000000] Container image "quay.io/vessl-ai/kernels-toolbox:0.1.188" already present on machine
[02:09:14.000000] Started container fluentbit
[02:09:14.000000] Created container fluentbit
[02:09:14.000000] Started container ttyd-sidecar
[02:09:14.409741] Installing VESSL CLI...
[02:09:20.857820] workload reported alive as pod run-execution-unouxe4c753u-0
[02:09:20.857920] Workload status changed to initializing
[02:09:21.991985] + set +x
[02:09:24.526666] vessl, version 0.1.199
[02:09:27.107360] workload reported alive as pod run-execution-unouxe4c753u-0
[02:09:27.107460] Workload status changed to running
[02:09:27.256545] + mkdir -p /root
[02:09:27.257557] + cd /root
[02:09:27.257563] + set -euo pipefail
[02:09:27.257564] + cd /root
[02:09:27.257565] + git clone https://github.com/bk-squared/rfx.git
[02:09:27.258073] Cloning into 'rfx'...
[02:09:30.632566] + cd rfx
[02:09:30.632581] + pip install --quiet -e '.[all]'
[02:09:44.172868] WARNING: rfx 1807.8.6 does not provide the extra 'dashboard'
[02:09:44.172905] WARNING: rfx 1807.8.6 does not provide the extra 'dev'
[02:09:44.172906] WARNING: rfx 1807.8.6 does not provide the extra 'optimization'
[02:09:44.173085] WARNING: rfx 1807.8.6 does not provide the extra 'visualization'
[02:09:49.444284] WARNING: Running pip as the 'root' user can result in broken permissions and conflicting behaviour with the system package manager. It is recommended to use a virtual environment instead: https://pip.pypa.io/warnings/venv
[02:09:49.639381] + python -c 'import jax; print('"'"'JAX:'"'"', jax.devices()); import rfx; print('"'"'rfx'"'"', rfx.__version__)'
[02:09:49.920822] JAX: [CudaDevice(id=0)]
[02:09:50.248676] rfx 1.4.0
[02:09:50.334113] + mkdir -p /output/ex1
[02:09:50.334732] + cp /root/workspace/bk-workspace/papers/rfx-tap/experiments/ex1_dra.py .
[02:09:50.344287] + OUTPUT_DIR=/output/ex1 python ex1_dra.py
[02:09:50.832627] Device: DeviceInfo(backend='gpu', gpu_available=True, devices=[{'id': 0, 'kind': 'NVIDIA GeForce RTX 4090', 'platform': 'gpu'}])
[02:09:50.832648]
[02:09:50.832649] === Gradient-based optimization (Adam) ===
[02:09:51.689906]   optimize: n_steps=800, grid=(47, 47, 52) (0.1M cells)
[02:10:10.728718]   iter    0  loss = 9.287854e-04
[02:13:06.933044]   iter   10  loss = 3.865029e-04
[02:16:04.296863]   iter   20  loss = 1.579759e-04
[02:19:02.385745]   iter   30  loss = 7.696581e-05
[02:21:59.873743]   iter   40  loss = 4.230886e-05
[02:24:58.738961]   iter   50  loss = 2.558970e-05
[02:27:38.344662]   iter   59  loss = 1.777090e-05
[02:27:38.382030] Optimization: 60 iters in 1067.5s
[02:27:38.382046]
[02:27:38.382047] === Post-optimization evaluation ===
[02:27:38.382286] /root/rfx/ex1_dra.py:171: UserWarning: Zero-thickness geometry 'pec' along z-axis. On non-uniform mesh this may produce empty rasterization. Consider giving it at least one cell of thickness (2.00mm).
[02:27:38.382288]   result = s.run(num_periods=30)
[02:27:38.382289] /root/rfx/ex1_dra.py:171: UserWarning: Probe at (0.03, 0.03, 0.005) is near/inside CPML region (CPML thickness=16.0mm). Signal will be attenuated. Move probe to interior.
[02:27:38.382290]   result = s.run(num_periods=30)
[02:27:38.382292]   result = s.run(num_periods=30)
[02:27:38.382292] /root/rfx/ex1_dra.py:171: UserWarning: Source/port at (0.03, 0.03, 0.005) is near/inside CPML region (CPML thickness=16.0mm). Energy will be absorbed. Move source to interior.
[02:27:38.382293] /root/rfx/ex1_dra.py:171: UserWarning: Material 'dra_init' extends into CPML region along z-axis. CPML assumes vacuum — dielectric in PML causes increased reflections.
[02:27:38.382294]   result = s.run(num_periods=30)
[02:27:38.870583] /opt/jax/jax/_src/numpy/array_methods.py:118: UserWarning: Explicitly requested dtype <class 'jax.numpy.float64'> requested in astype is not available, and will be truncated to dtype float32. To enable more dtypes, set the jax_enable_x64 configuration option or the JAX_ENABLE_X64 shell environment variable. See https://github.com/google/jax#current-gotchas for more.
[02:27:38.870605]   return lax_numpy.astype(self, dtype, copy=copy, device=device)
[02:27:38.870607] /opt/jax/jax/_src/numpy/array_methods.py:118: UserWarning: Explicitly requested dtype <class 'jax.numpy.float64'> requested in astype is not available, and will be truncated to dtype float32. To enable more dtypes, set the jax_enable_x64 configuration option or the JAX_ENABLE_X64 shell environment variable. See https://github.com/google/jax#current-gotchas for more.
[02:27:38.870608]   return lax_numpy.astype(self, dtype, copy=copy, device=device)
[02:27:41.515616] Traceback (most recent call last):
[02:27:41.515640]   File "/root/rfx/ex1_dra.py", line 190, in <module>
[02:27:41.515648]     freqs_opt,  s11_opt,  result_opt   = run_eval(eps_design=opt_result.eps_design)
[02:27:41.515650]   File "/root/rfx/ex1_dra.py", line 170, in run_eval
[02:27:41.515754]     s.set_design_region(region, eps_design)
[02:27:41.515760] AttributeError: 'Simulation' object has no attribute 'set_design_region'
[02:27:47.332356] workload reported done
[02:27:47.332457] Workload status changed to stopping
[02:28:03.419544] workload reported done
[02:28:03.419644] Workload status changed to waitToBeKilled
[02:28:06.000000] Stopping container vops-sidecar
[02:28:06.000000] Stopping container run-sidecar
[02:28:06.000000] Stopping container run-exec
[02:28:06.000000] Terminating VESSL Workload...
[02:28:06.129043] workload failed
[02:28:06.129143] Workload status changed to failed
