Organization: remilab
Project: byungkwan
[18:02:46.578833] workload awaiting to start
[18:02:46.578933] Workload status changed to pending
[18:02:50.998074] Event Reason: FailedScheduling, Event Note: 0/13 nodes are available: pod has unbound immediate PersistentVolumeClaims. preemption: 0/13 nodes are available: 13 Preemption is not helpful for scheduling.
[18:02:50.998074] Workload is in queue for scheduling. Please wait...
[18:03:04.204633] VESSL Workload assigned successfully. Starting soon.
[18:03:05.000000] Creating VESSL Workload...
[18:03:05.000000] Created container run-exec
[18:03:05.000000] Container image "quay.io/vessl-ai/kernels-toolbox:0.1.188" already present on machine
[18:03:05.000000] Created container vops-init
[18:03:05.000000] Container image "nvcr.io/nvidia/jax:24.10-py3" already present on machine
[18:03:05.000000] Started container vops-init
[18:03:05.001000] Container image "nvcr.io/nvidia/jax:24.10-py3" already present on machine
[18:03:06.000000] Created container vops-sidecar
[18:03:06.000000] Starting VESSL Workload...
[18:03:06.000000] Started container vops-sidecar
[18:03:06.000000] Container image "quay.io/vessl-ai/kernels-toolbox:0.1.188" already present on machine
[18:03:06.000000] Started container run-exec
[18:03:06.000000] Started container ttyd-sidecar
[18:03:06.000000] Container image "quay.io/vessl-ai/sidecar:v0.0.3" already present on machine
[18:03:06.000000] Created container run-sidecar
[18:03:06.719083] Installing VESSL CLI...
[18:03:07.393790] workload reported alive as pod run-execution-ln4uivgv84bz-0
[18:03:07.393890] Workload status changed to initializing
[18:03:08.606014] + set +x
[18:03:11.422386] vessl, version 0.1.199
[18:03:13.747961] workload reported alive as pod run-execution-ln4uivgv84bz-0
[18:03:13.748061] Workload status changed to running
[18:03:13.848315] + mkdir -p /root
[18:03:13.850416] + cd /root
[18:03:13.850777] + cd /root/workspace/byungkwan-workspace/research/rfx
[18:03:13.865811] + git config --global --add safe.directory /root/workspace/byungkwan-workspace/research/rfx
[18:03:13.893604] + git pull --ff-only origin main
[18:03:15.454852] From https://github.com/BK3536/rfx
[18:03:15.454885]  * branch            main       -> FETCH_HEAD
[18:03:15.575237] Already up to date.
[18:03:15.575983] + pip install -q -e '.[dev]'
[18:03:24.171457] WARNING: Running pip as the 'root' user can result in broken permissions and conflicting behaviour with the system package manager. It is recommended to use a virtual environment instead: https://pip.pypa.io/warnings/venv
[18:03:24.332141] + echo '=== 01: OpenEMS WR42 Waveguide ==='
[18:03:24.332149] === 01: OpenEMS WR42 Waveguide ===
[18:03:24.332167] + python examples/crossval/01_openems_waveguide.py
[18:03:25.461722] ============================================================
[18:03:25.461788] Cross-Validation: OpenEMS Rectangular Waveguide (WR42)
[18:03:25.461801] ============================================================
[18:03:25.461811] WR42: 10.668 x 4.318 mm, length 50 mm
[18:03:25.461820] TE10 cutoff: 14.05 GHz
[18:03:25.461831] Sweep: 20 - 26 GHz (51 pts)
[18:03:25.461839]
[18:03:25.611312] Running waveguide S-matrix...
[18:03:29.134005] S21 mean: 1.0000 (-0.0 dB)
[18:03:29.134031] S11 mean: 0.1354 (-18.4 dB)
[18:03:29.134034]
[18:03:29.134036] Validation:
[18:03:29.134039]   |S21| > 0.9: PASS
[18:03:29.134041]   |S11| < 0.15: PASS
[18:03:29.316311]
[18:03:29.316335] Plot saved: /root/workspace/byungkwan-workspace/research/rfx/examples/crossval/01_openems_waveguide.png
[18:03:29.463702] === 02: OpenEMS PEC Sphere RCS ===
[18:03:29.463703] + echo '=== 02: OpenEMS PEC Sphere RCS ==='
[18:03:29.463723] + python examples/crossval/02_openems_rcs_sphere.py
[18:03:30.234684] ============================================================
[18:03:30.234714] Cross-Validation: OpenEMS PEC Sphere RCS
[18:03:30.234717] ============================================================
[18:03:30.234721] Sphere radius: 200 mm
[18:03:30.234724] Geometric RCS: 0.1257 m² (-9.0 dBsm)
[18:03:30.234727] Frequency: 0 - 1000 MHz
[18:03:30.234729]
[18:03:30.234769] Grid: 157x157x157 = 3.9M cells
[18:03:30.234771] Steps: 787
[18:03:35.567970]
[18:03:35.567992] Far-field computed at 9 frequencies
[18:03:35.567995] Max far-field power: 5.9807e-20
[18:03:35.567996] PASS: Far-field extraction working
[18:03:35.638047] Plot saved: /root/workspace/byungkwan-workspace/research/rfx/examples/crossval/02_openems_rcs_sphere.png
[18:03:35.779277] === 03: Meep Waveguide Bend ===
[18:03:35.779306] + echo '=== 03: Meep Waveguide Bend ==='
[18:03:35.779308] + python examples/crossval/03_meep_waveguide_bend.py
[18:03:36.227140] ============================================================
[18:03:36.227398] Cross-Validation: Meep Waveguide Bend Transmittance
[18:03:36.227489] ============================================================
[18:03:36.227564] Waveguide: eps=12.0, width=1.0mm
[18:03:36.227643] Cell: 16x16mm
[18:03:36.227715] Frequency: 45.0 GHz, BW=30.0 GHz
[18:03:36.227770]
[18:03:36.227906] Grid: 177x177x1, steps=42826
[18:03:36.228088] /root/workspace/byungkwan-workspace/research/rfx/examples/crossval/03_meep_waveguide_bend.py:93: UserWarning: 'waveguide' z-extent 0.10mm = 1.0 cells — under-resolved (< 3 cells). Consider finer mesh for accurate results.
[18:03:36.228092]   result = sim.run(n_steps=n_steps)
[18:03:41.703342] Mean transmittance in band: 0.713
[18:03:41.903901] Plot saved: /root/workspace/byungkwan-workspace/research/rfx/examples/crossval/03_meep_waveguide_bend.png
[18:03:42.039704] + echo '=== 04: Meep Mie Sphere ==='
[18:03:42.039704] === 04: Meep Mie Sphere ===
[18:03:42.039722] + python examples/crossval/04_meep_mie_sphere.py
[18:03:42.703445] ============================================================
[18:03:42.703677] Cross-Validation: Meep Mie Scattering (Dielectric Sphere)
[18:03:42.703765] ============================================================
[18:03:42.703844] Sphere: n=2.0, radius=10mm
[18:03:42.703923] Frequency: 30.0 GHz, BW=12.0 GHz
[18:03:42.703997] ka at center: 6.28
[18:03:42.704143] Grid: 29x29x29, steps=525
[18:03:44.031431] Simulation complete — peak |Ez| = 1.0216e+00
[18:03:44.031464] PASS: TFSF+sphere simulation ran successfully
[18:03:44.130812] Plot saved: /root/workspace/byungkwan-workspace/research/rfx/examples/crossval/04_meep_mie_sphere.png
[18:03:44.255381] + echo '=== 05: Meep Fresnel ==='
[18:03:44.255381] === 05: Meep Fresnel ===
[18:03:44.255400] + python examples/crossval/05_meep_fresnel.py
[18:03:44.703003] ============================================================
[18:03:44.703230] Cross-Validation: Meep Fresnel Reflectance
[18:03:44.703321] ============================================================
[18:03:44.703406] Interface: air / n=3.5 (eps_r=12.25)
[18:03:44.703493] Analytical R = 0.3086 (-5.1 dB)
[18:03:44.703544]
[18:03:44.703672] Grid: 221x221x1, steps=3427
[18:03:44.703866] /root/workspace/byungkwan-workspace/research/rfx/examples/crossval/05_meep_fresnel.py:77: UserWarning: 'dielectric' z-extent 1.00mm = 1.0 cells — under-resolved (< 3 cells). Consider finer mesh for accurate results.
[18:03:44.703871]   result = sim.run(n_steps=n_steps)
[18:03:48.735902]
[18:03:48.735924] Transmittance T: 0.5513
[18:03:48.735926] Estimated R = 1-T: 0.4487
[18:03:48.735928] Analytical R: 0.3086
[18:03:48.735929] Difference: 0.1401
[18:03:48.735931] FAIL: 45.4% error
[18:03:48.872384] Plot saved: /root/workspace/byungkwan-workspace/research/rfx/examples/crossval/05_meep_fresnel.png
[18:03:49.018996] + echo '=== ALL CROSSVAL DONE ==='
[18:03:49.018998] === ALL CROSSVAL DONE ===
[18:03:49.036104] workload reported done
[18:03:49.036204] Workload status changed to stopping
[18:03:49.859884] + set +x
[18:03:54.882649] workload reported done
[18:03:54.882749] Workload status changed to waitToBeKilled
[18:03:57.000000] Stopping container vops-sidecar
[18:03:57.000000] Stopping container run-sidecar
[18:03:57.000000] Stopping container run-exec
[18:03:57.000000] Terminating VESSL Workload...
[18:03:57.000000] Stopping container ttyd-sidecar
[18:03:57.000000] Stopping container fluentbit
