Organization: remilab
Project: byungkwan
[16:56:05.122595] workload awaiting to start
[16:56:05.122695] Workload status changed to pending
[16:56:09.000000] Container image "quay.io/vessl-ai/kernels-toolbox:0.1.188" already present on machine
[16:56:09.000000] Created container vops-init
[16:56:09.215213] VESSL Workload assigned successfully. Starting soon.
[16:56:10.000000] Started container run-sidecar
[16:56:10.000000] Creating VESSL Workload...
[16:56:10.000000] Starting VESSL Workload...
[16:56:10.000000] Created container run-exec
[16:56:10.000000] Started container run-exec
[16:56:10.000000] Container image "nvcr.io/nvidia/jax:24.10-py3" already present on machine
[16:56:10.000000] Started container vops-init
[16:56:10.000000] Container image "quay.io/vessl-ai/sidecar:v0.0.3" already present on machine
[16:56:10.000000] Created container run-sidecar
[16:56:10.001000] Container image "nvcr.io/nvidia/jax:24.10-py3" already present on machine
[16:56:11.000000] Created container vops-sidecar
[16:56:11.000000] Created container ttyd-sidecar
[16:56:11.000000] Started container vops-sidecar
[16:56:11.000000] Container image "quay.io/vessl-ai/kernels-toolbox:0.1.188" already present on machine
[16:56:11.221497] Installing VESSL CLI...
[16:56:11.885915] workload reported alive as pod run-execution-oak38buol016-0
[16:56:12.995640] + set +x
[16:56:15.603122] vessl, version 0.1.199
[16:56:18.151647] workload reported alive as pod run-execution-oak38buol016-0
[16:56:18.151747] Workload status changed to running
[16:56:18.244310] + mkdir -p /root
[16:56:18.246325] + cd /root
[16:56:18.246964] + set -euo pipefail
[16:56:18.246994] + cd /root
[16:56:18.247001] + git clone https://github.com/bk-squared/rfx.git
[16:56:18.249327] Cloning into 'rfx'...
[16:56:20.632260] + cd rfx
[16:56:20.632276] + pip install --quiet -e '.[all]'
[16:56:23.909437] WARNING: rfx 1807.8.6 does not provide the extra 'dashboard'
[16:56:23.909462] WARNING: rfx 1807.8.6 does not provide the extra 'dev'
[16:56:23.909465] WARNING: rfx 1807.8.6 does not provide the extra 'optimization'
[16:56:23.909564] WARNING: rfx 1807.8.6 does not provide the extra 'visualization'
[16:56:27.804489] WARNING: Running pip as the 'root' user can result in broken permissions and conflicting behaviour with the system package manager. It is recommended to use a virtual environment instead: https://pip.pypa.io/warnings/venv
[16:56:27.954478] + python -c 'import jax; print('"'"'JAX devices:'"'"', jax.devices()); import rfx; print('"'"'rfx'"'"', rfx.__version__)'
[16:56:28.310980] JAX devices: [CudaDevice(id=0)]
[16:56:28.710126] rfx 1.4.0
[16:56:28.779529] + nvidia-smi
[16:56:28.817528] Tue Apr  7 16:56:28 2026
[16:56:28.817535] +---------------------------------------------------------------------------------------+
[16:56:28.817537] | NVIDIA-SMI 535.288.01             Driver Version: 535.288.01   CUDA Version: 12.2     |
[16:56:28.817538] |-----------------------------------------+----------------------+----------------------+
[16:56:28.817539] | GPU  Name                 Persistence-M | Bus-Id        Disp.A | Volatile Uncorr. ECC |
[16:56:28.817540] | Fan  Temp   Perf          Pwr:Usage/Cap |         Memory-Usage | GPU-Util  Compute M. |
[16:56:28.817541] |                                         |                      |               MIG M. |
[16:56:28.817542] |=========================================+======================+======================|
[16:56:28.846610] |   0  NVIDIA GeForce RTX 4090        Off | 00000000:01:00.0 Off |                  Off |
[16:56:28.846629] |  0%   34C    P0              35W / 450W |      1MiB / 24564MiB |      0%      Default |
[16:56:28.846632] |                                         |                      |                  N/A |
[16:56:28.846635] +-----------------------------------------+----------------------+----------------------+
[16:56:28.846637]
[16:56:28.846640] +---------------------------------------------------------------------------------------+
[16:56:28.846641] | Processes:                                                                            |
[16:56:28.846642] |  GPU   GI   CI        PID   Type   Process name                            GPU Memory |
[16:56:28.846643] |        ID   ID                                                             Usage      |
[16:56:28.846644] |=======================================================================================|
[16:56:28.846645] |  No running processes found                                                           |
[16:56:28.846647] +---------------------------------------------------------------------------------------+
[16:56:28.890483] + mkdir -p /output/ex4
[16:56:28.891060] + cp /root/workspace/bk-workspace/papers/rfx-tap/experiments/ex4_ris_optimize.py .
[16:56:28.900396] + OUTPUT_DIR=/output/ex4 python ex4_ris_optimize.py
[16:56:29.527885] Device: DeviceInfo(backend='gpu', gpu_available=True, devices=[{'id': 0, 'kind': 'NVIDIA GeForce RTX 4090', 'platform': 'gpu'}])
[16:56:29.527904]
[16:56:29.527906] === Building simulation ===
[16:56:29.527908] Optimizing: 50 iters, n_steps=300, target=180.0 deg @ 5.0 GHz
[16:56:30.334011]   optimize: n_steps=300, grid=(37, 37, 121) (0.2M cells)
[16:56:33.633794]   iter    0  loss = -6.957582e-06
[16:56:55.600501]   iter   10  loss = -6.957585e-06
[16:57:17.644427]   iter   20  loss = -6.957581e-06
[16:57:39.785153]   iter   30  loss = -6.957579e-06
[16:58:02.209404]   iter   40  loss = -6.957584e-06
[16:58:22.320976]   iter   49  loss = -6.957584e-06
[16:58:22.353062] Optimization complete in 112.8s
[16:58:22.417485] Traceback (most recent call last):
[16:58:22.417493]   File "/root/rfx/ex4_ris_optimize.py", line 192, in <module>
[16:58:22.417500] Saved: /output/ex4/convergence.png
[16:58:22.417527]
[16:58:22.417529] === Post-optimization frequency sweep ===
[16:58:22.417631]     sweep = cell.sweep_capacitance([0.0])
[16:58:22.417633]   File "/root/rfx/rfx/ris.py", line 335, in sweep_capacitance
[16:58:22.417635]     raise ValueError(
[16:58:22.417637] ValueError: No varactors added. Use add_varactor() before sweeping capacitance.
[16:58:23.860830] workload reported done
[16:58:23.860930] Workload status changed to stopping
[16:58:30.293657] workload reported done
[16:58:30.293757] Workload status changed to waitToBeKilled
[16:58:33.000000] Stopping container vops-sidecar
[16:58:33.000000] Stopping container run-sidecar
[16:58:33.000000] Stopping container run-exec
[16:58:33.000000] Terminating VESSL Workload...
[16:58:33.000000] Stopping container ttyd-sidecar
[16:58:33.000000] Stopping container fluentbit
[16:58:33.057156] workload failed
[16:58:33.057256] Workload status changed to failed
