Organization: remilab
Project: byungkwan
[15:29:14.397480] workload awaiting to start
[15:29:14.397580] Workload status changed to pending
[15:29:17.940825] Event Reason: FailedScheduling, Event Note: 0/13 nodes are available: pod has unbound immediate PersistentVolumeClaims. preemption: 0/13 nodes are available: 13 Preemption is not helpful for scheduling.
[15:29:17.940825] Workload is in queue for scheduling. Please wait...
[15:29:19.446719] VESSL Workload assigned successfully. Starting soon.
[15:29:20.000000] Container image "quay.io/vessl-ai/kernels-toolbox:0.1.188" already present on machine
[15:29:20.000000] Created container vops-init
[15:29:20.000000] Started container vops-init
[15:29:21.000000] Started container run-sidecar
[15:29:21.000000] Starting VESSL Workload...
[15:29:21.000000] Created container run-exec
[15:29:21.000000] Container image "quay.io/vessl-ai/kernels-toolbox:0.1.188" already present on machine
[15:29:21.000000] Started container run-exec
[15:29:21.000000] Started container fluentbit
[15:29:21.000000] Created container fluentbit
[15:29:21.000000] Container image "nvcr.io/nvidia/jax:24.10-py3" already present on machine
[15:29:21.000000] Container image "quay.io/vessl-ai/sidecar:v0.0.3" already present on machine
[15:29:21.000000] Created container run-sidecar
[15:29:21.001000] Container image "nvcr.io/nvidia/jax:24.10-py3" already present on machine
[15:29:22.000000] Created container vops-sidecar
[15:29:22.000000] Started container vops-sidecar
[15:29:22.139391] Installing VESSL CLI...
[15:29:22.867189] workload reported alive as pod run-execution-644sghg2glta-0
[15:29:22.867290] Workload status changed to initializing
[15:29:23.952762] + set +x
[15:29:26.878225] vessl, version 0.1.199
[15:29:29.091252] workload reported alive as pod run-execution-644sghg2glta-0
[15:29:29.091352] Workload status changed to running
[15:29:29.199283] + mkdir -p /root
[15:29:29.201280] + cd /root
[15:29:29.201788] + cd /root/workspace/byungkwan-workspace/research/rfx
[15:29:29.225217] + git config --global --add safe.directory /root/workspace/byungkwan-workspace/research/rfx
[15:29:29.252443] + git pull --ff-only origin main
[15:29:30.820644] From https://github.com/BK3536/rfx
[15:29:30.820691]  * branch            main       -> FETCH_HEAD
[15:29:30.957133] Already up to date.
[15:29:30.958044] + pip install -q -e '.[dev]'
[15:29:39.834619] WARNING: Running pip as the 'root' user can result in broken permissions and conflicting behaviour with the system package manager. It is recommended to use a virtual environment instead: https://pip.pypa.io/warnings/venv
[15:29:39.997289] + python scripts/diagnose_ff_internals.py
[15:29:41.054138] Grid: 61x61x61, steps=3934
[15:29:45.431087]
[15:29:45.431109] Box indices: i=[20,40], j=[20,40], k=[20,40]
[15:29:45.431112] k = 104.7923 rad/m, dS = 4.0000e-06 m²
[15:29:45.464894]   x_lo: face_max=2.7832e-09, |J|_max=9.9500e-12, |M|_max=2.7832e-09, |dN|=1.9511e-15, |dL|=6.4978e-13
[15:29:45.465995]   x_hi: face_max=4.3137e-10, |J|_max=1.2763e-12, |M|_max=4.3137e-10, |dN|=1.0889e-15, |dL|=3.7623e-13
[15:29:45.467192]   y_lo: face_max=7.0062e-10, |J|_max=2.2410e-12, |M|_max=7.0062e-10, |dN|=1.2285e-15, |dL|=4.7607e-13
[15:29:45.468218]   y_hi: face_max=6.4775e-10, |J|_max=1.9809e-12, |M|_max=6.4775e-10, |dN|=1.1186e-15, |dL|=4.3787e-13
[15:29:45.469152]   z_lo: face_max=3.3309e-10, |J|_max=1.0908e-12, |M|_max=3.3309e-10, |dN|=9.1693e-16, |dL|=2.3380e-13
[15:29:45.469863]   z_hi: face_max=3.9252e-10, |J|_max=1.0725e-12, |M|_max=3.9252e-10, |dN|=9.0387e-16, |dL|=2.5889e-13
[15:29:45.469877]
[15:29:45.469883] N_total max = 5.0601e-15
[15:29:45.469888] L_total max = 4.9759e-13
[15:29:45.469913]
[15:29:45.469919] N_th=-3.3571e-15+3.2862e-16j, N_ph=-9.4119e-17-5.0007e-17j
[15:29:45.469924] L_th=-3.5961e-14-1.8280e-14j, L_ph=1.3350e-13-4.7935e-13j
[15:29:45.469937] E_theta=-2.9650e-12+9.4333e-12j, E_phi=-4.6625e-15-4.1986e-15j
[15:29:45.469942] Power = 9.7778e-23
[15:29:45.619534] workload reported done
[15:29:45.619634] Workload status changed to stopping
[15:29:53.209182] + set +x
[15:29:58.240478] workload reported done
[15:29:58.240578] Workload status changed to waitToBeKilled
[15:29:59.000000] Stopping container vops-sidecar
[15:29:59.000000] Stopping container run-exec
[15:29:59.000000] Terminating VESSL Workload...
[15:29:59.000000] Stopping container ttyd-sidecar
[15:29:59.000000] Stopping container fluentbit
[15:30:00.031741] workload completed
[15:30:00.031842] Workload status changed to completed
