Organization: remilab
Project: byungkwan
[08:13:46.934815] workload awaiting to start
[08:13:46.934915] Workload status changed to pending
[08:13:50.963432] Event Reason: FailedScheduling, Event Note: 0/13 nodes are available: pod has unbound immediate PersistentVolumeClaims. preemption: 0/13 nodes are available: 13 Preemption is not helpful for scheduling.
[08:13:50.963432] Workload is in queue for scheduling. Please wait...
[08:14:02.357755] VESSL Workload assigned successfully. Starting soon.
[08:14:03.000000] Container image "quay.io/vessl-ai/kernels-toolbox:0.1.188" already present on machine
[08:14:03.000000] Created container vops-init
[08:14:03.000000] Started container vops-init
[08:14:04.000000] Creating VESSL Workload...
[08:14:04.000000] Created container run-exec
[08:14:04.000000] Started container run-exec
[08:14:04.000000] Container image "nvcr.io/nvidia/jax:24.10-py3" already present on machine
[08:14:04.000000] Container image "quay.io/vessl-ai/sidecar:v0.0.3" already present on machine
[08:14:04.001000] Container image "nvcr.io/nvidia/jax:24.10-py3" already present on machine
[08:14:05.000000] Started container run-sidecar
[08:14:05.000000] Created container vops-sidecar
[08:14:05.000000] Created container ttyd-sidecar
[08:14:05.000000] Started container vops-sidecar
[08:14:05.000000] Container image "quay.io/vessl-ai/kernels-toolbox:0.1.188" already present on machine
[08:14:05.000000] Started container fluentbit
[08:14:05.000000] Created container fluentbit
[08:14:05.000000] Started container ttyd-sidecar
[08:14:05.000000] Container image "quay.io/vessl-ai/fluent-bit:2.1.6" already present on machine
[08:14:05.000000] Created container run-sidecar
[08:14:05.593596] Installing VESSL CLI...
[08:14:06.298368] workload reported alive as pod run-execution-6mqtzoiooqk9-0
[08:14:06.298468] Workload status changed to initializing
[08:15:01.754718] vessl, version 0.1.199
[08:15:02.574227] workload reported alive as pod run-execution-6mqtzoiooqk9-0
[08:15:02.574327] Workload status changed to running
[08:15:09.960185] + cd rfx
[08:15:09.960204] + pip install --quiet -e '.[all]'
[08:15:24.656642] WARNING: rfx 1807.8.6 does not provide the extra 'dashboard'
[08:15:24.656682] WARNING: rfx 1807.8.6 does not provide the extra 'dev'
[08:15:24.656687] WARNING: rfx 1807.8.6 does not provide the extra 'optimization'
[08:15:24.656805] WARNING: rfx 1807.8.6 does not provide the extra 'visualization'
[08:15:29.857299] WARNING: Running pip as the 'root' user can result in broken permissions and conflicting behaviour with the system package manager. It is recommended to use a virtual environment instead: https://pip.pypa.io/warnings/venv
[08:15:30.053114] + python -c 'import jax; print('"'"'JAX devices:'"'"', jax.devices())'
[08:15:30.336380] JAX devices: [CudaDevice(id=0)]
[08:15:30.382070] + nvidia-smi
[08:15:30.414495] Mon Apr  6 08:15:30 2026
[08:15:30.414536] +---------------------------------------------------------------------------------------+
[08:15:30.414551] | NVIDIA-SMI 535.288.01             Driver Version: 535.288.01   CUDA Version: 12.2     |
[08:15:30.414560] |-----------------------------------------+----------------------+----------------------+
[08:15:30.414567] | GPU  Name                 Persistence-M | Bus-Id        Disp.A | Volatile Uncorr. ECC |
[08:15:30.414573] | Fan  Temp   Perf          Pwr:Usage/Cap |         Memory-Usage | GPU-Util  Compute M. |
[08:15:30.414579] |                                         |                      |               MIG M. |
[08:15:30.414584] |=========================================+======================+======================|
[08:15:30.434624] |   0  NVIDIA GeForce RTX 4090        Off | 00000000:01:00.0 Off |                  Off |
[08:15:30.434640] |  0%   32C    P0              21W / 450W |      1MiB / 24564MiB |      0%      Default |
[08:15:30.434642] |                                         |                      |                  N/A |
[08:15:30.434643] +-----------------------------------------+----------------------+----------------------+
[08:15:30.434644]
[08:15:30.434645] +---------------------------------------------------------------------------------------+
[08:15:30.434646] | Processes:                                                                            |
[08:15:30.434647] |  GPU   GI   CI        PID   Type   Process name                            GPU Memory |
[08:15:30.434649] |        ID   ID                                                             Usage      |
[08:15:30.434649] |=======================================================================================|
[08:15:30.434654] |  No running processes found                                                           |
[08:15:30.434655] +---------------------------------------------------------------------------------------+
[08:15:30.486918] + mkdir -p /output/ex3
[08:15:30.487530] + cp /root/workspace/bk-workspace/papers/rfx-tap/experiments/ex3_farfield_steering.py .
[08:15:30.524957] + OUTPUT_DIR=/output/ex3 python ex3_farfield_steering.py
[08:15:31.151034] Device: DeviceInfo(backend='gpu', gpu_available=True, devices=[{'id': 0, 'kind': 'NVIDIA GeForce RTX 4090', 'platform': 'gpu'}])
[08:15:31.151052] Lambda=60mm, domain=90mm, dx=3.0mm
[08:15:31.151057] NTFF margin: 33mm
[08:15:31.151058] Design region: 18x30x30 mm block, +x side of dipole
[08:15:31.151059]
[08:15:31.151061] === NTFF sanity check ===
[08:15:34.838486]   theta=  0 deg: P = 4.530466e-35
[08:15:34.838523]   theta= 60 deg: P = 7.676064e-30
[08:15:34.838534]   theta= 90 deg: P = 1.026404e-29
[08:15:34.838535]   theta=120 deg: P = 7.803149e-30
[08:15:34.838536]   theta=180 deg: P = 5.829232e-34
[08:15:34.838546]   Directivity = 1.11 (0.4 dBi)
[08:15:34.838547]
[08:15:34.838548] === Beam steering: optimize eps_r to steer from θ=90° toward θ=60° ===
[08:15:35.001636]   optimize: n_steps=600, grid=(47, 47, 47) (0.1M cells)
[08:15:58.493477]   iter    0  loss = -6.335671e-01
[08:19:39.091811]   iter   10  loss = nan
[08:23:21.266420]   iter   20  loss = nan
[08:27:02.930934]   iter   30  loss = nan
[08:30:43.506083]   iter   40  loss = nan
[08:34:25.601708]   iter   50  loss = nan
[08:37:44.871564]   iter   59  loss = nan
[08:37:44.926082] Optimization: 60 iters in 1330.1s
[08:37:44.926108]
[08:37:44.926111] === Computing final radiation patterns ===
[08:37:51.293386] Initial: peak at θ=90°, D=4.76 (6.8 dBi)
[08:37:51.293409] Optimized: peak at θ=90°, D=4.76 (6.8 dBi)
[08:37:51.293412] Target θ=60°, achieved θ=90°, error=30°
[08:37:51.293497]
[08:37:51.293504] Metrics: {
[08:37:51.293507]   "experiment": "ex3_farfield_steering",
[08:37:51.293509]   "device": "DeviceInfo(backend='gpu', gpu_available=True, devices=[{'id': 0, 'kind': 'NVIDIA GeForce RTX 4090', 'platform': 'gpu'}])",
[08:37:51.293511]   "freq_ghz": 5.0,
[08:37:51.293513]   "dx_mm": 3.0,
[08:37:51.293514]   "domain_mm": 90.0,
[08:37:51.293515]   "n_steps_opt": 600,
[08:37:51.293517]   "n_iterations": 60,
[08:37:51.293519]   "optimization_time_s": 1330.1,
[08:37:51.293520]   "initial_loss": -0.6335670948028564,
[08:37:51.293522]   "final_loss": NaN,
[08:37:51.293523]   "initial_peak_theta_deg": 90.0,
[08:37:51.293525]   "optimized_peak_theta_deg": 90.0,
[08:37:51.293526]   "target_theta_deg": 60.0,
[08:37:51.293528]   "steering_error_deg": 30.0,
[08:37:51.293529]   "initial_directivity_dBi": 6.8,
[08:37:51.293531]   "optimized_directivity_dBi": 6.8
[08:37:51.293532] }
[08:37:51.432604] Saved: pattern_comparison.png
[08:37:51.507145] Saved: convergence.png
[08:37:51.622499] Saved: eps_design.png
[08:37:51.622514]
[08:37:51.622516] Results saved to /output/ex3/
[08:37:58.195119] workload reported done
[08:37:58.195219] Workload status changed to stopping
[08:37:58.206110] [done] ex3 farfield
[08:37:58.206137] + echo '[done] ex3 farfield'
[08:38:02.911394] + set +x
[08:38:07.905828] workload reported done
[08:38:07.905929] Workload status changed to waitToBeKilled
[08:38:09.000000] Stopping container vops-sidecar
[08:38:09.000000] Stopping container run-sidecar
[08:38:09.000000] Stopping container run-exec
[08:38:09.000000] Terminating VESSL Workload...
[08:38:09.000000] Stopping container fluentbit
[08:38:09.109550] workload completed
[08:38:09.109651] Workload status changed to completed
