Organization: remilab
Project: byungkwan
[16:56:18.696115] workload awaiting to start
[16:56:18.696216] Workload status changed to pending
[16:56:23.938289] Event Reason: FailedScheduling, Event Note: 0/13 nodes are available: pod has unbound immediate PersistentVolumeClaims. preemption: 0/13 nodes are available: 13 Preemption is not helpful for scheduling.
[16:56:23.938289] Workload is in queue for scheduling. Please wait...
[16:56:30.886272] Event Reason: FailedScheduling, Event Note: 0/13 nodes are available: pod has unbound immediate PersistentVolumeClaims. preemption: 0/13 nodes are available: 13 Preemption is not helpful for scheduling.
[16:56:30.886272] Workload is in queue for scheduling. Please wait...
[16:56:33.350382] VESSL Workload assigned successfully. Starting soon.
[16:56:34.000000] Container image "quay.io/vessl-ai/kernels-toolbox:0.1.188" already present on machine
[16:56:34.000000] Created container vops-init
[16:56:34.000000] Started container vops-init
[16:56:35.000000] Started container run-sidecar
[16:56:35.000000] Creating VESSL Workload...
[16:56:35.000000] Created container ttyd-sidecar
[16:56:35.000000] Starting VESSL Workload...
[16:56:35.000000] Created container run-exec
[16:56:35.000000] Container image "quay.io/vessl-ai/kernels-toolbox:0.1.188" already present on machine
[16:56:35.000000] Started container run-exec
[16:56:35.000000] Started container fluentbit
[16:56:35.000000] Created container fluentbit
[16:56:35.000000] Container image "quay.io/vessl-ai/fluent-bit:2.1.6" already present on machine
[16:56:35.000000] Container image "quay.io/vessl-ai/sidecar:v0.0.3" already present on machine
[16:56:35.000000] Container image "nvcr.io/nvidia/jax:24.04-py3" already present on machine
[16:56:35.000000] Created container run-sidecar
[16:56:35.001000] Container image "nvcr.io/nvidia/jax:24.04-py3" already present on machine
[16:56:36.000000] Created container vops-sidecar
[16:56:36.000000] Started container vops-sidecar
[16:56:36.000000] Container image "quay.io/vessl-ai/kernels-toolbox:0.1.188" already present on machine
[16:56:36.000000] Started container ttyd-sidecar
[16:56:36.135277] Installing VESSL CLI...
[16:56:36.863758] workload reported alive as pod run-execution-4l33n6yz6e1c-0
[16:56:36.863858] Workload status changed to initializing
[16:56:37.957734] + set +x
[16:56:40.668627] vessl, version 0.1.199
[16:56:43.110481] workload reported alive as pod run-execution-4l33n6yz6e1c-0
[16:56:43.110581] Workload status changed to running
[16:56:43.297955] + mkdir -p /root
[16:56:43.299966] + cd /root
[16:56:43.300504] + cd /root/workspace/byungkwan-workspace/research/rfx
[16:56:43.317346] + pip install -q -e .
[16:56:48.404987] WARNING: Running pip as the 'root' user can result in broken permissions and conflicting behaviour with the system package manager. It is recommended to use a virtual environment instead: https://pip.pypa.io/warnings/venv
[16:56:48.484383] + python -c 'import jax; d=jax.devices()[0]; print(f'"'"'Backend: {jax.default_backend()}, Memory: {d.memory_stats()["bytes_limit"]/1e9:.1f}GB'"'"')'
[16:56:49.133113] Backend: gpu, Memory: 18.9GB
[16:56:49.198074] + python examples/20_convergence_0125.py
[16:56:50.167224] dx=0.125mm, grid=(602, 671, 213)
[16:56:50.167433] Cells: 86.0M, est field memory: 2.1GB
[16:56:50.167522] h/dx=13, L/dx=235
[16:56:50.167603] n_steps=41961, T_sim=10.0ns
[16:56:50.167679] Estimated time: 1805s at 2000 Mcells/s
[16:56:50.167757] Running...
[17:26:23.424479] Done: 1773s (2036 Mcells/s)
[17:27:10.778913]
[17:27:10.779021] Harminv: 2 modes
[17:27:10.779080]   f=1.3731 GHz (err=42.79%), Q=2
[17:27:10.779093]   f=3.7387 GHz (err=55.78%), Q=2
[17:27:10.779101]
[17:27:10.779129] === CONVERGENCE ===
[17:27:10.779152] dx=1.0mm → TBD (from separate run)
[17:27:10.779172] dx=0.5mm → 4.89% (VESSL #369367231522)
[17:27:10.779214] dx=0.25mm → 3.78% (VESSL #369367231522)
[17:27:10.779350] dx=0.125mm → 42.79% (this run)
[17:27:10.779364]
[17:27:10.779374] Target: <1%
[17:27:11.030377] workload reported done
[17:27:11.030477] Workload status changed to stopping
[17:27:19.562845] + set +x
[17:27:24.596231] workload reported done
[17:27:24.596331] Workload status changed to waitToBeKilled
[17:27:26.000000] Stopping container vops-sidecar
[17:27:26.000000] Stopping container run-exec
[17:27:26.000000] Terminating VESSL Workload...
[17:27:26.000000] Stopping container ttyd-sidecar
[17:27:26.000000] Stopping container fluentbit
[17:27:27.015113] workload completed
[17:27:27.015213] Workload status changed to completed
