Organization: remilab
Project: byungkwan
[14:06:30.278734] workload awaiting to start
[14:06:30.278834] Workload status changed to pending
[14:06:35.934747] Event Reason: FailedScheduling, Event Note: 0/13 nodes are available: pod has unbound immediate PersistentVolumeClaims. preemption: 0/13 nodes are available: 13 Preemption is not helpful for scheduling.
[14:06:35.934747] Workload is in queue for scheduling. Please wait...
[14:06:40.787022] VESSL Workload assigned successfully. Starting soon.
[14:06:41.000000] Container image "quay.io/vessl-ai/kernels-toolbox:0.1.188" already present on machine
[14:06:41.000000] Created container vops-init
[14:06:41.000000] Started container vops-init
[14:06:42.000000] Started container run-sidecar
[14:06:42.000000] Creating VESSL Workload...
[14:06:42.000000] Created container run-exec
[14:06:42.000000] Started container run-exec
[14:06:42.000000] Container image "quay.io/vessl-ai/fluent-bit:2.1.6" already present on machine
[14:06:42.000000] Container image "nvcr.io/nvidia/jax:24.04-py3" already present on machine
[14:06:42.001000] Container image "nvcr.io/nvidia/jax:24.04-py3" already present on machine
[14:06:43.000000] Created container vops-sidecar
[14:06:43.000000] Created container ttyd-sidecar
[14:06:43.000000] Container image "quay.io/vessl-ai/kernels-toolbox:0.1.188" already present on machine
[14:06:43.000000] Started container fluentbit
[14:06:43.000000] Created container fluentbit
[14:06:43.388685] Installing VESSL CLI...
[14:06:54.154315] workload reported alive as pod run-execution-ciqwpdohf7h3-0
[14:06:54.154416] Workload status changed to initializing
[14:06:55.269557] + set +x
[14:06:59.990331] vessl, version 0.1.199
[14:07:05.425448] workload reported alive as pod run-execution-ciqwpdohf7h3-0
[14:07:05.425548] Workload status changed to running
[14:07:05.636313] + mkdir -p /root
[14:07:05.638858] + cd /root
[14:07:05.639303] + cd /root/workspace/byungkwan-workspace/research/rfx
[14:07:05.644817] + echo '=== Patch Antenna S11 + Far-field on GPU ==='
[14:07:05.644836] === Patch Antenna S11 + Far-field on GPU ===
[14:07:05.645021] + hostname
[14:07:05.645956] + echo Node:run-execution-ciqwpdohf7h3-0
[14:07:05.645976] Node:run-execution-ciqwpdohf7h3-0
[14:07:05.646111] + date
[14:07:05.647367] + echo 'Start:Wed Apr  1 14:07:05 UTC 2026'
[14:07:05.647379] Start:Wed Apr  1 14:07:05 UTC 2026
[14:07:05.647380] + pip install -q -e .
[14:07:17.634790] WARNING: Running pip as the 'root' user can result in broken permissions and conflicting behaviour with the system package manager. It is recommended to use a virtual environment instead: https://pip.pypa.io/warnings/venv
[14:07:17.999291] + python -c 'import jax; print(f'"'"'Backend: {jax.default_backend()}, Devices: {jax.devices()}'"'"')'
[14:07:19.221890] Backend: gpu, Devices: [cuda(id=0)]
[14:07:19.384120] + python examples/04_patch_antenna.py
[14:07:20.719977] Patch: 29.4 x 38.0 mm, substrate h=1.6 mm
[14:07:21.079026] Domain: 69x78x17 mm, dx=0.5 mm
[14:07:21.079060] Feed: (29.8, 39.0) mm, extent=0.6 mm
[14:07:21.079066]
[14:07:21.079072] Rendering geometry...
[14:07:21.256245] Saved: examples/04_patch_geometry.png
[14:07:21.256278]
[14:07:21.256286] Running simulation (4000 steps)...
[14:07:27.555142] Saving field slice...
[14:07:27.842361] Saved: examples/04_patch_field_ez.png
[14:07:28.477655]
[14:07:28.477688] === Spectral S11 Results ===
[14:07:28.477696] Resonance: 3.47 GHz (design: 2.4 GHz)
[14:07:28.477702] S11 dip:   21.8 dB
[14:07:28.477707] Freq error: 44.8%
[14:07:28.477717] -3dB BW:   1.51-3.47 GHz (56.6%)
[14:07:28.669689]
[14:07:28.669729] S11 plot saved: examples/04_patch_antenna_s11.png
[14:07:29.806426]
[14:07:29.806455] === Far-field Results ===
[14:07:29.806459] Directivity: 4.9 dBi at 2.4 GHz
[14:07:30.364136] Far-field plot saved: examples/04_patch_antenna_farfield.png
[14:07:30.364172]
[14:07:30.364177] === Done ===
[14:07:30.701693] + date
[14:07:30.702803] === Done Wed Apr  1 14:07:30 UTC 2026 ===
[14:07:30.702806] + echo '=== Done Wed Apr  1 14:07:30 UTC 2026 ==='
[14:07:30.727613] workload reported done
[14:07:30.727713] Workload status changed to stopping
[14:07:41.652936] + set +x
[14:07:46.679796] workload reported done
[14:07:46.679896] Workload status changed to waitToBeKilled
[14:07:48.000000] Stopping container vops-sidecar
[14:07:48.000000] Stopping container run-sidecar
[14:07:48.000000] Stopping container run-exec
[14:07:48.000000] Terminating VESSL Workload...
[14:07:48.000000] Stopping container fluentbit
[14:07:48.106081] workload completed
[14:07:48.106181] Workload status changed to completed
