Organization: remilab
Project: byungkwan
[14:54:05.116242] workload awaiting to start
[14:54:05.116343] Workload status changed to pending
[14:54:09.369688] Event Reason: FailedScheduling, Event Note: 0/13 nodes are available: pod has unbound immediate PersistentVolumeClaims. preemption: 0/13 nodes are available: 13 Preemption is not helpful for scheduling.
[14:54:09.369688] Workload is in queue for scheduling. Please wait...
[14:54:10.586160] VESSL Workload assigned successfully. Starting soon.
[14:54:11.000000] Container image "quay.io/vessl-ai/kernels-toolbox:0.1.188" already present on machine
[14:54:11.000000] Created container vops-init
[14:54:11.000000] Started container vops-init
[14:54:12.000000] Starting VESSL Workload...
[14:54:12.000000] Container image "quay.io/vessl-ai/kernels-toolbox:0.1.188" already present on machine
[14:54:12.000000] Started container run-exec
[14:54:12.000000] Started container fluentbit
[14:54:12.000000] Created container fluentbit
[14:54:12.000000] Container image "nvcr.io/nvidia/jax:24.10-py3" already present on machine
[14:54:12.000000] Container image "quay.io/vessl-ai/sidecar:v0.0.3" already present on machine
[14:54:12.001000] Container image "nvcr.io/nvidia/jax:24.10-py3" already present on machine
[14:54:13.107653] Installing VESSL CLI...
[14:54:14.849952] + set +x
[14:54:17.103893] vessl, version 0.1.199
[14:54:20.001974] workload reported alive as pod run-execution-p5oopaxqu6ua-0
[14:54:20.002074] Workload status changed to running
[14:54:20.083911] + mkdir -p /root
[14:54:20.085807] + cd /root
[14:54:20.086369] + set -euo pipefail
[14:54:20.086389] + cd /root
[14:54:20.086399] + git clone https://github.com/BK3536/rfx.git
[14:54:20.088647] Cloning into 'rfx'...
[14:54:22.056847] + cd rfx
[14:54:22.056871] + pip install --quiet -e '.[all]'
[14:54:25.245526] WARNING: rfx 1807.8.6 does not provide the extra 'dashboard'
[14:54:25.245544] WARNING: rfx 1807.8.6 does not provide the extra 'dev'
[14:54:25.245661] WARNING: rfx 1807.8.6 does not provide the extra 'optimization'
[14:54:25.245668] WARNING: rfx 1807.8.6 does not provide the extra 'visualization'
[14:54:29.604698] WARNING: Running pip as the 'root' user can result in broken permissions and conflicting behaviour with the system package manager. It is recommended to use a virtual environment instead: https://pip.pypa.io/warnings/venv
[14:54:29.755996] + python -c 'import jax; print('"'"'JAX devices:'"'"', jax.devices())'
[14:54:30.138777] JAX devices: [CudaDevice(id=0)]
[14:54:30.179276] + nvidia-smi
[14:54:30.220335] Sat Apr  4 14:54:30 2026
[14:54:30.220345] +---------------------------------------------------------------------------------------+
[14:54:30.220355] | NVIDIA-SMI 535.288.01             Driver Version: 535.288.01   CUDA Version: 12.2     |
[14:54:30.220359] |-----------------------------------------+----------------------+----------------------+
[14:54:30.220365] | GPU  Name                 Persistence-M | Bus-Id        Disp.A | Volatile Uncorr. ECC |
[14:54:30.220368] | Fan  Temp   Perf          Pwr:Usage/Cap |         Memory-Usage | GPU-Util  Compute M. |
[14:54:30.220371] |                                         |                      |               MIG M. |
[14:54:30.220375] |=========================================+======================+======================|
[14:54:30.236191] |   0  NVIDIA GeForce RTX 4090        Off | 00000000:01:00.0 Off |                  Off |
[14:54:30.236201] |  0%   33C    P0              25W / 450W |      1MiB / 24564MiB |      4%      Default |
[14:54:30.236202] |                                         |                      |                  N/A |
[14:54:30.236203] +-----------------------------------------+----------------------+----------------------+
[14:54:30.236204]
[14:54:30.236205] +---------------------------------------------------------------------------------------+
[14:54:30.236206] | Processes:                                                                            |
[14:54:30.236207] |  GPU   GI   CI        PID   Type   Process name                            GPU Memory |
[14:54:30.236208] |        ID   ID                                                             Usage      |
[14:54:30.236209] |=======================================================================================|
[14:54:30.236228] |  No running processes found                                                           |
[14:54:30.236229] +---------------------------------------------------------------------------------------+
[14:54:30.288598] + mkdir -p /output/ex2
[14:54:30.289103] + cp /root/workspace/bk-workspace/papers/rfx-tap/experiments/ex2_filter_topology.py .
[14:54:30.322273] + OUTPUT_DIR=/output/ex2 python ex2_filter_topology.py
[14:54:31.015975] Device: DeviceInfo(backend='gpu', gpu_available=True, devices=[{'id': 0, 'kind': 'NVIDIA GeForce RTX 4090', 'platform': 'gpu'}])
[14:54:31.016087]
[14:54:31.016094] === Building simulation (dx=1.25 mm, est. 5149 MB) ===
[14:54:31.016095]
[14:54:31.016096] === Running topology_optimize (100 iterations, beta continuation) ===
[14:54:31.016097] beta schedule: 1 @ iter 0, 4 @ iter 30, 16 @ iter 60, 64 @ iter 80
[14:54:34.733518] /opt/jax/jax/_src/numpy/lax_numpy.py:4252: FutureWarning: None encountered in jnp.array(); this is currently treated as NaN. In the future this will result in an error.
[14:54:34.733539]   return array(a, dtype=dtype, copy=bool(copy), order=order, device=device)
[14:54:34.767980] jax.errors.SimplifiedTraceback: For simplicity, JAX has removed its internal frames from the traceback of the following exception. Set JAX_TRACEBACK_FILTERING=off to include these.
[14:54:34.767998]
[14:54:34.768001] The above exception was the direct cause of the following exception:
[14:54:34.768003]
[14:54:34.768004] Traceback (most recent call last):
[14:54:34.768006]   File "/root/rfx/ex2_filter_topology.py", line 169, in <module>
[14:54:34.768008]     result = topology_optimize(
[14:54:34.768009]   File "/root/rfx/rfx/topology.py", line 486, in topology_optimize
[14:54:34.768015]     loss, grad = jax.value_and_grad(lambda l: forward(l, beta))(logit)
[14:54:34.768017]   File "/root/rfx/rfx/topology.py", line 486, in <lambda>
[14:54:34.768018]     loss, grad = jax.value_and_grad(lambda l: forward(l, beta))(logit)
[14:54:34.768020]   File "/root/rfx/rfx/topology.py", line 480, in forward
[14:54:34.768198]     return objective(result)
[14:54:34.768211]   File "/root/rfx/ex2_filter_topology.py", line 148, in bandpass_s21_objective
[14:54:34.768214]     return maximize_s21(result)
[14:54:34.768215]   File "/root/rfx/rfx/optimize_objectives.py", line 110, in maximize_s21
[14:54:34.768308]     target_freqs = jnp.asarray(freqs, dtype=jnp.float32)
[14:54:34.768316]   File "/opt/jax/jax/_src/numpy/lax_numpy.py", line 4252, in asarray
[14:54:34.768471]     return array(a, dtype=dtype, copy=bool(copy), order=order, device=device)
[14:54:34.768477]   File "/opt/jax/jax/_src/numpy/lax_numpy.py", line 4077, in array
[14:54:34.768594]     out = stack([asarray(elt, dtype=dtype) for elt in object])
[14:54:34.768600]   File "/opt/jax/jax/_src/numpy/lax_numpy.py", line 4077, in <listcomp>
[14:54:34.768825]     out = stack([asarray(elt, dtype=dtype) for elt in object])
[14:54:34.768831]   File "/opt/jax/jax/_src/numpy/lax_numpy.py", line 4252, in asarray
[14:54:34.768999]     return array(a, dtype=dtype, copy=bool(copy), order=order, device=device)
[14:54:34.769006]   File "/opt/jax/jax/_src/numpy/lax_numpy.py", line 4077, in array
[14:54:34.769174]     out = stack([asarray(elt, dtype=dtype) for elt in object])
[14:54:34.769177]   File "/opt/jax/jax/_src/numpy/lax_numpy.py", line 3649, in stack
[14:54:34.769282]     raise ValueError("All input arrays must have the same shape.")
[14:54:34.769292] ValueError: All input arrays must have the same shape.
[14:54:35.067223] workload reported done
[14:54:35.067323] Workload status changed to stopping
[14:54:44.122942] workload reported done
[14:54:44.123043] Workload status changed to waitToBeKilled
[14:54:45.000000] Stopping container vops-sidecar
[14:54:45.000000] Stopping container run-exec
[14:54:45.000000] Terminating VESSL Workload...
[14:54:45.000000] Stopping container ttyd-sidecar
[14:54:45.000000] Stopping container fluentbit
[14:54:45.110222] workload failed
[14:54:45.110322] Workload status changed to failed
