Organization: remilab
Project: byungkwan
[03:47:26.361687] workload awaiting to start
[03:47:26.361787] Workload status changed to pending
[03:47:45.063023] Workload is in queue for scheduling. Please wait...
[03:47:45.063023] Event Reason: FailedScheduling, Event Note: 0/13 nodes are available: 3 Insufficient cpu, 3 Insufficient memory, 6 Insufficient nvidia.com/gpu, 7 node(s) didn't match Pod's node affinity/selector. preemption: 0/13 nodes are available: 6 No preemption victims found for incoming pod, 7 Preemption is not helpful for scheduling.
[03:52:48.789179] Workload is in queue for scheduling. Please wait...
[03:52:48.789179] Event Reason: FailedScheduling, Event Note: 0/13 nodes are available: 3 Insufficient cpu, 3 Insufficient memory, 6 Insufficient nvidia.com/gpu, 7 node(s) didn't match Pod's node affinity/selector. preemption: 0/13 nodes are available: 6 No preemption victims found for incoming pod, 7 Preemption is not helpful for scheduling.
[03:57:48.795195] Workload is in queue for scheduling. Please wait...
[03:57:48.795195] Event Reason: FailedScheduling, Event Note: 0/13 nodes are available: 3 Insufficient cpu, 3 Insufficient memory, 6 Insufficient nvidia.com/gpu, 7 node(s) didn't match Pod's node affinity/selector. preemption: 0/13 nodes are available: 6 No preemption victims found for incoming pod, 7 Preemption is not helpful for scheduling.
[04:20:48.824592] Workload is in queue for scheduling. Please wait...
[04:20:48.824592] Event Reason: FailedScheduling, Event Note: 0/13 nodes are available: 3 Insufficient cpu, 3 Insufficient memory, 6 Insufficient nvidia.com/gpu, 7 node(s) didn't match Pod's node affinity/selector. preemption: 0/13 nodes are available: 6 No preemption victims found for incoming pod, 7 Preemption is not helpful for scheduling.
[04:29:15.657165] VESSL Workload assigned successfully. Starting soon.
[04:29:16.000000] Container image "quay.io/vessl-ai/kernels-toolbox:0.1.188" already present on machine
[04:29:16.000000] Created container vops-init
[04:29:16.000000] Started container vops-init
[04:29:17.000000] Creating VESSL Workload...
[04:29:17.000000] Starting VESSL Workload...
[04:29:17.000000] Created container run-exec
[04:29:17.000000] Started container run-exec
[04:29:17.000000] Container image "nvcr.io/nvidia/jax:24.10-py3" already present on machine
[04:29:17.000000] Container image "quay.io/vessl-ai/sidecar:v0.0.3" already present on machine
[04:29:17.000000] Created container run-sidecar
[04:29:17.001000] Container image "nvcr.io/nvidia/jax:24.10-py3" already present on machine
[04:29:18.000000] Started container run-sidecar
[04:29:18.000000] Created container vops-sidecar
[04:29:18.000000] Created container ttyd-sidecar
[04:29:18.000000] Started container vops-sidecar
[04:29:18.000000] Container image "quay.io/vessl-ai/kernels-toolbox:0.1.188" already present on machine
[04:29:18.000000] Started container fluentbit
[04:29:18.000000] Created container fluentbit
[04:29:18.000000] Started container ttyd-sidecar
[04:29:18.000000] Container image "quay.io/vessl-ai/fluent-bit:2.1.6" already present on machine
[04:29:18.520430] Installing VESSL CLI...
[04:29:19.210541] workload reported alive as pod run-execution-uvjju88xz53r-0
[04:29:19.210641] Workload status changed to initializing
[04:29:20.345255] + set +x
[04:29:22.650771] vessl, version 0.1.199
[04:29:25.468277] workload reported alive as pod run-execution-uvjju88xz53r-0
[04:29:25.468377] Workload status changed to running
[04:29:25.716641] + mkdir -p /root
[04:29:25.718695] + cd /root
[04:29:25.719390] + set -euo pipefail
[04:29:25.719424] + cd /root
[04:29:25.719432] + git clone https://github.com/BK3536/rfx.git
[04:29:25.721620] Cloning into 'rfx'...
[04:29:27.753214] + cd rfx
[04:29:27.753254] + pip install --quiet -e '.[all]' cma
[04:29:31.747631] WARNING: rfx 1807.8.6 does not provide the extra 'dashboard'
[04:29:31.747688] WARNING: rfx 1807.8.6 does not provide the extra 'dev'
[04:29:31.747820] WARNING: rfx 1807.8.6 does not provide the extra 'optimization'
[04:29:31.747828] WARNING: rfx 1807.8.6 does not provide the extra 'visualization'
[04:29:36.523875] WARNING: Running pip as the 'root' user can result in broken permissions and conflicting behaviour with the system package manager. It is recommended to use a virtual environment instead: https://pip.pypa.io/warnings/venv
[04:29:36.734406] + python -c 'import jax; print('"'"'JAX devices:'"'"', jax.devices())'
[04:29:37.034010] JAX devices: [CudaDevice(id=0)]
[04:29:37.083259] + nvidia-smi
[04:29:37.121184] Sun Apr  5 04:29:37 2026
[04:29:37.121205] +---------------------------------------------------------------------------------------+
[04:29:37.121216] | NVIDIA-SMI 535.288.01             Driver Version: 535.288.01   CUDA Version: 12.2     |
[04:29:37.121224] |-----------------------------------------+----------------------+----------------------+
[04:29:37.121231] | GPU  Name                 Persistence-M | Bus-Id        Disp.A | Volatile Uncorr. ECC |
[04:29:37.121240] | Fan  Temp   Perf          Pwr:Usage/Cap |         Memory-Usage | GPU-Util  Compute M. |
[04:29:37.121248] |                                         |                      |               MIG M. |
[04:29:37.121255] |=========================================+======================+======================|
[04:29:37.145060] |   0  NVIDIA GeForce RTX 4090        Off | 00000000:01:00.0 Off |                  Off |
[04:29:37.145077] |  0%   44C    P0              22W / 450W |      1MiB / 24564MiB |      0%      Default |
[04:29:37.145079] |                                         |                      |                  N/A |
[04:29:37.145081] +-----------------------------------------+----------------------+----------------------+
[04:29:37.145083]
[04:29:37.145085] +---------------------------------------------------------------------------------------+
[04:29:37.145087] | Processes:                                                                            |
[04:29:37.145089] |  GPU   GI   CI        PID   Type   Process name                            GPU Memory |
[04:29:37.145091] |        ID   ID                                                             Usage      |
[04:29:37.145093] |=======================================================================================|
[04:29:37.145094] |  No running processes found                                                           |
[04:29:37.145096] +---------------------------------------------------------------------------------------+
[04:29:37.187842] + mkdir -p /output/ex1
[04:29:37.188428] + cp /root/workspace/bk-workspace/papers/rfx-tap/experiments/ex1_patch_antenna.py .
[04:29:37.212854] + OUTPUT_DIR=/output/ex1 python ex1_patch_antenna.py
[04:29:37.839005] Device: DeviceInfo(backend='gpu', gpu_available=True, devices=[{'id': 0, 'kind': 'NVIDIA GeForce RTX 4090', 'platform': 'gpu'}])
[04:29:37.839033] SimConfig (accuracy='standard'):
[04:29:37.839037]   dx = 3.000 mm (25 cells/λ_min)
[04:29:37.839039]   domain = 194.9 × 194.9 × 151.5 mm
[04:29:37.839041]   cpml = 40 layers (120.0 mm)
[04:29:37.839043]   n_steps = 6739 (8.7 ns)
[04:29:37.839045]   freq = 1.00 – 4.00 GHz
[04:29:37.839048]   source = j_source (CPML boundary: J-source with Cb/dV normalization (Meep convention))
[04:29:37.839050]   dz = 0.400 – 2.998 mm (29 cells, non-uniform)
[04:29:37.839052]   WARNINGS:
[04:29:37.839056]     - Non-uniform z mesh enabled: 29 cells, dz=0.400–2.998 mm
[04:29:37.839068] Estimated memory: 2608 MB
[04:29:37.839071]
[04:29:37.839073] === Gradient-based optimisation (Adam) ===
[04:29:38.640475]   optimize: n_steps=2000, grid=(146, 146, 132) (2.8M cells)
[04:29:40.593724] 2026-04-05 04:29:40.593567: W external/xla/xla/service/hlo_rematerialization.cc:3005] Can't reduce memory use below -166.25GiB (-178505497812 bytes) by rematerialization; only reduced to 257.32GiB (276293157565 bytes), down from 257.32GiB (276293466081 bytes) originally
[04:30:01.255821] 2026-04-05 04:30:01.255564: W external/xla/xla/tsl/framework/bfc_allocator.cc:497] Allocator (GPU_0_bfc) ran out of memory trying to allocate 20.96GiB (rounded to 22509696000)requested by op
[04:30:01.256337] 2026-04-05 04:30:01.256168: W external/xla/xla/tsl/framework/bfc_allocator.cc:508] ***********************************************************************************************_____
[04:30:01.256464] E0405 04:30:01.256284     336 pjrt_stream_executor_client.cc:3067] Execution of replica 0 failed: RESOURCE_EXHAUSTED: Out of memory while trying to allocate 22509696000 bytes.
[04:30:01.266119] jax.errors.SimplifiedTraceback: For simplicity, JAX has removed its internal frames from the traceback of the following exception. Set JAX_TRACEBACK_FILTERING=off to include these.
[04:30:01.266126]
[04:30:01.266128] The above exception was the direct cause of the following exception:
[04:30:01.266129]
[04:30:01.266130] Traceback (most recent call last):
[04:30:01.266132]   File "/root/rfx/ex1_patch_antenna.py", line 142, in <module>
[04:30:01.266216]     opt = optimize(
[04:30:01.266218]   File "/root/rfx/rfx/optimize.py", line 227, in optimize
[04:30:01.266287]     loss, grad = grad_fn(latent)
[04:30:01.266291]   File "/root/rfx/rfx/optimize.py", line 207, in forward
[04:30:01.266293]     result = _run(
[04:30:01.266294]   File "/root/rfx/rfx/simulation.py", line 813, in run
[04:30:01.266467]     final_carry, outputs = jax.lax.scan(body, carry_init, xs)
[04:30:01.266469] jaxlib.xla_extension.XlaRuntimeError: RESOURCE_EXHAUSTED: Out of memory while trying to allocate 22509696000 bytes.
[04:30:01.541879] workload reported done
[04:30:01.541979] Workload status changed to stopping
[04:30:13.787706] workload reported done
[04:30:13.787806] Workload status changed to waitToBeKilled
[04:30:15.000000] Stopping container vops-sidecar
[04:30:15.000000] Stopping container run-exec
[04:30:15.000000] Terminating VESSL Workload...
[04:30:15.000000] Stopping container ttyd-sidecar
[04:30:15.140561] workload failed
[04:30:15.140661] Workload status changed to failed
