Organization: remilab
Project: byungkwan
[05:15:30.475484] workload awaiting to start
[05:15:30.475584] Workload status changed to pending
[05:15:35.655426] VESSL Workload assigned successfully. Starting soon.
[05:15:36.000000] Container image "quay.io/vessl-ai/kernels-toolbox:0.1.188" already present on machine
[05:15:36.000000] Created container vops-init
[05:15:36.000000] Started container vops-init
[05:15:37.000000] Started container run-sidecar
[05:15:37.000000] Creating VESSL Workload...
[05:15:37.000000] Starting VESSL Workload...
[05:15:37.000000] Created container run-exec
[05:15:37.000000] Container image "quay.io/vessl-ai/kernels-toolbox:0.1.188" already present on machine
[05:15:37.000000] Started container run-exec
[05:15:37.000000] Started container fluentbit
[05:15:37.000000] Created container fluentbit
[05:15:37.000000] Container image "nvcr.io/nvidia/jax:24.10-py3" already present on machine
[05:15:37.000000] Container image "quay.io/vessl-ai/fluent-bit:2.1.6" already present on machine
[05:15:37.000000] Created container run-sidecar
[05:15:37.001000] Container image "nvcr.io/nvidia/jax:24.10-py3" already present on machine
[05:15:38.000000] Created container vops-sidecar
[05:15:38.000000] Created container ttyd-sidecar
[05:15:38.000000] Container image "quay.io/vessl-ai/kernels-toolbox:0.1.188" already present on machine
[05:15:38.000000] Started container ttyd-sidecar
[05:15:38.296675] Installing VESSL CLI...
[05:15:38.965951] workload reported alive as pod run-execution-s2oz1ex0l38s-0
[05:15:38.966051] Workload status changed to initializing
[05:15:40.101683] + set +x
[05:15:43.500426] vessl, version 0.1.199
[05:15:45.195172] workload reported alive as pod run-execution-s2oz1ex0l38s-0
[05:15:45.195272] Workload status changed to running
[05:15:45.524698] + mkdir -p /root
[05:15:45.526502] + cd /root
[05:15:45.526728] + cd /root/workspace/byungkwan-workspace/research/rfx
[05:15:45.548558] + git config --global --add safe.directory /root/workspace/byungkwan-workspace/research/rfx
[05:15:45.586417] + git pull --ff-only origin main
[05:15:47.101726] From https://github.com/BK3536/rfx
[05:15:47.101783]  * branch            main       -> FETCH_HEAD
[05:15:47.202170] Already up to date.
[05:15:47.202827] + pip install -q -e '.[dev]'
[05:15:55.396469] WARNING: Running pip as the 'root' user can result in broken permissions and conflicting behaviour with the system package manager. It is recommended to use a virtual environment instead: https://pip.pypa.io/warnings/venv
[05:15:55.554617] + echo '=== Non-uniform vs Uniform Runner Diagnostic ==='
[05:15:55.554637] + python examples/crossval/11_nu_vs_uniform_diagnostic.py
[05:15:55.554659] === Non-uniform vs Uniform Runner Diagnostic ===
[05:15:56.609441] ============================================================
[05:15:56.609464] Diagnostic: Non-uniform vs Uniform Runner
[05:15:56.609468] ============================================================
[05:15:56.609470] Patch: 32x40mm, eps_r=3.38
[05:15:56.609478] Analytical f_r: 2.0383 GHz
[05:15:56.609480]
[05:15:56.609482]
[05:15:56.609484] ==================================================
[05:15:56.609486]   UNIFORM (dx=dy=dz=1mm)
[05:15:56.609489] ==================================================
[05:15:56.609556] Grid: 217x217x167, dt=1.91ps
[05:15:56.609566] Steps: 10491
[05:24:09.754066]   Probe 0 (feed): FFT=2.3886GHz, Harminv=0.9138GHz (Q=1), max=4.29e+01
[05:25:18.962397]   Probe 1 (center): FFT=1.9442GHz, Harminv=0.9113GHz (Q=1), max=1.51e-01
[05:26:44.376755]   Probe 2 (edge): FFT=1.9442GHz, Harminv=1.9488GHz (Q=57), max=5.38e-03
[05:26:44.376848]
[05:26:44.376852] ==================================================
[05:26:44.376854]   NON-UNIFORM (dx=dy=1mm, dz graded)
[05:26:44.376859] ==================================================
[05:26:44.598243] Grid: 216x216x173, dt=0.79ps
[05:26:44.622654] Port cell: z_idx=9, dz=0.254mm
[05:26:44.622684]   sigma_old (1/(Z0*dz)): 78.74 S/m
[05:26:44.622686]   sigma_new (dz/(Z0*dx*dy)): 5.08 S/m
[05:26:44.622687] Steps: 25336
[05:26:44.622687]   Ratio: 15.5x overload (fixed)
[05:29:04.818502]   Probe 0 (feed): FFT=2.3888GHz, Harminv=0.9351GHz (Q=1), max=6.63e+08
[05:30:32.272052]   Probe 1 (center): FFT=2.3888GHz, Harminv=3.6376GHz (Q=19), max=9.11e+04
[05:31:59.488698]   Probe 2 (edge): FFT=1.9444GHz, Harminv=1.9484GHz (Q=51), max=1.23e+05
[05:31:59.488838]
[05:31:59.488845] ============================================================
[05:31:59.488850] COMPARISON SUMMARY
[05:31:59.488870] ============================================================
[05:31:59.488884]                              Uniform     Non-uniform      Analytical
[05:31:59.488896] -----------------------------------------------------------------
[05:31:59.488915] Harminv (feed  ):         0.9138GHz         0.9351GHz         2.0383GHz
[05:31:59.488931] Harminv (center):         0.9113GHz         3.6376GHz         2.0383GHz
[05:31:59.488949] Harminv (edge  ):         1.9488GHz         1.9484GHz         2.0383GHz
[05:31:59.488963]
[05:31:59.488979] FFT (feed  ):         2.3886GHz ( 17.2%)     2.3888GHz ( 17.2%)
[05:31:59.488998] FFT (center):         1.9442GHz (  4.6%)     2.3888GHz ( 17.2%)
[05:31:59.489010] FFT (edge  ):         1.9442GHz (  4.6%)     1.9444GHz (  4.6%)
[05:31:59.784269]
[05:31:59.784308] Plot saved: /root/workspace/byungkwan-workspace/research/rfx/examples/crossval/11_nu_vs_uniform_diagnostic.png
[05:32:00.062384] + echo '=== Re-run Crossval #10 (with port sigma fix) ==='
[05:32:00.062398] === Re-run Crossval #10 (with port sigma fix) ===
[05:32:00.062401] + python examples/crossval/10_openems_patch_antenna.py
[05:32:00.965851] ============================================================
[05:32:00.965897] Cross-Validation #2: OpenEMS Simple Patch Antenna
[05:32:00.965905] ============================================================
[05:32:00.965911] Patch: 32 x 40 mm on eps_r=3.38
[05:32:00.965917] Substrate: h=1.524mm, 60x60mm
[05:32:00.965922] Analytical f_r: 2.038 GHz
[05:32:00.965926]
[05:32:00.965932] dx = 1.00 mm, dz_sub = 0.254 mm
[05:32:00.965941] z-cells: 6 substrate + 145 air = 157 total
[05:32:00.966175] Steps: 12000
[05:32:01.331059] Nu grid: nz=173, dt=0.79ps
[05:32:01.331233] z_phys first 10: [0.         0.25400007 0.50800014 0.7620002  1.0160003  1.2700003
[05:32:01.331238]  1.5621004  1.9418304  2.4354794  3.077223  ]
[05:32:01.331239] Substrate h=1.524mm, port z=0.762mm
[05:32:01.331240]
[05:32:26.735759] Probe signal: max=6.6330e+08, rms=9.1670e+07
[05:33:53.200591] FFT peak (edge probe): 1.0036 GHz
[05:33:53.211967] Resonance: 1.0036 GHz
[05:33:53.212058] Analytical: 2.0383 GHz
[05:33:53.212185] Error: 50.76%
[05:33:53.212192] FAIL: 50.76% error
[05:33:53.212305]
[05:33:53.262338] NTFF extraction: 'NoneType' object has no attribute 'freqs'
[05:33:53.302453] /root/workspace/byungkwan-workspace/research/rfx/examples/crossval/10_openems_patch_antenna.py:236: RuntimeWarning: invalid value encountered in divide
[05:33:53.302483]   ax.plot(freqs_ghz[band], 20 * np.log10(spec_band / np.max(spec_band) + 1e-30), "b-")
[05:33:53.497792]
[05:33:53.497812] Plot saved: /root/workspace/byungkwan-workspace/research/rfx/examples/crossval/10_openems_patch_antenna.png
[05:33:53.628131] workload reported done
[05:33:53.628231] Workload status changed to stopping
[05:33:53.654375] === DONE ===
[05:33:53.654387] + echo '=== DONE ==='
[05:34:00.802304] + set +x
[05:34:05.790765] workload reported done
[05:34:05.790865] Workload status changed to waitToBeKilled
[05:34:09.000000] Stopping container vops-sidecar
[05:34:09.000000] Stopping container run-sidecar
[05:34:09.000000] Stopping container run-exec
[05:34:09.000000] Terminating VESSL Workload...
[05:34:09.000000] Stopping container ttyd-sidecar
[05:34:09.037889] workload completed
[05:34:09.037989] Workload status changed to completed
