Organization: remilab
Project: byungkwan
[15:16:27.624693] workload awaiting to start
[15:16:27.624793] Workload status changed to pending
[15:16:39.666247] VESSL Workload assigned successfully. Starting soon.
[15:16:40.000000] Container image "quay.io/vessl-ai/kernels-toolbox:0.1.188" already present on machine
[15:16:40.000000] Created container vops-init
[15:16:40.000000] Container image "nvcr.io/nvidia/jax:24.10-py3" already present on machine
[15:16:40.000000] Started container vops-init
[15:16:40.001000] Container image "nvcr.io/nvidia/jax:24.10-py3" already present on machine
[15:16:41.000000] Started container run-sidecar
[15:16:41.000000] Creating VESSL Workload...
[15:16:41.000000] Created container vops-sidecar
[15:16:41.000000] Started container vops-sidecar
[15:16:41.000000] Created container run-exec
[15:16:41.000000] Container image "quay.io/vessl-ai/kernels-toolbox:0.1.188" already present on machine
[15:16:41.000000] Started container run-exec
[15:16:41.000000] Created container fluentbit
[15:16:41.000000] Started container ttyd-sidecar
[15:16:41.000000] Container image "quay.io/vessl-ai/fluent-bit:2.1.6" already present on machine
[15:16:41.688372] Installing VESSL CLI...
[15:16:42.528940] workload reported alive as pod run-execution-8zrks43pxldw-0
[15:16:42.529040] Workload status changed to initializing
[15:16:43.717165] + set +x
[15:16:46.327038] vessl, version 0.1.199
[15:16:48.871635] workload reported alive as pod run-execution-8zrks43pxldw-0
[15:16:48.871736] Workload status changed to running
[15:16:49.049269] + mkdir -p /root
[15:16:49.051330] + cd /root
[15:16:49.051974] + set -euo pipefail
[15:16:49.051983] + cd /root
[15:16:49.051989] + git clone https://github.com/BK3536/rfx.git
[15:16:49.054237] Cloning into 'rfx'...
[15:16:51.625015] + cd rfx
[15:16:51.625028] + pip install --quiet -e '.[all]'
[15:16:54.615446] WARNING: rfx 1807.8.6 does not provide the extra 'dashboard'
[15:16:54.615465] WARNING: rfx 1807.8.6 does not provide the extra 'dev'
[15:16:54.615552] WARNING: rfx 1807.8.6 does not provide the extra 'optimization'
[15:16:54.615631] WARNING: rfx 1807.8.6 does not provide the extra 'visualization'
[15:16:58.657232] WARNING: Running pip as the 'root' user can result in broken permissions and conflicting behaviour with the system package manager. It is recommended to use a virtual environment instead: https://pip.pypa.io/warnings/venv
[15:16:58.811184] + python -c 'import jax; print('"'"'JAX devices:'"'"', jax.devices())'
[15:16:59.136794] JAX devices: [CudaDevice(id=0)]
[15:16:59.180733] + nvidia-smi
[15:16:59.213590] Sat Apr  4 15:16:59 2026
[15:16:59.213633] +---------------------------------------------------------------------------------------+
[15:16:59.213646] | NVIDIA-SMI 535.288.01             Driver Version: 535.288.01   CUDA Version: 12.2     |
[15:16:59.213654] |-----------------------------------------+----------------------+----------------------+
[15:16:59.213662] | GPU  Name                 Persistence-M | Bus-Id        Disp.A | Volatile Uncorr. ECC |
[15:16:59.213666] | Fan  Temp   Perf          Pwr:Usage/Cap |         Memory-Usage | GPU-Util  Compute M. |
[15:16:59.213670] |                                         |                      |               MIG M. |
[15:16:59.213674] |=========================================+======================+======================|
[15:16:59.234793] |   0  NVIDIA GeForce RTX 4090        Off | 00000000:01:00.0 Off |                  Off |
[15:16:59.234797] |  0%   33C    P0              24W / 450W |      1MiB / 24564MiB |      1%      Default |
[15:16:59.234798] |                                         |                      |                  N/A |
[15:16:59.234799] +-----------------------------------------+----------------------+----------------------+
[15:16:59.234800]
[15:16:59.234801] +---------------------------------------------------------------------------------------+
[15:16:59.234802] | Processes:                                                                            |
[15:16:59.234803] |  GPU   GI   CI        PID   Type   Process name                            GPU Memory |
[15:16:59.234804] |        ID   ID                                                             Usage      |
[15:16:59.234807] |  No running processes found                                                           |
[15:16:59.234807] |=======================================================================================|
[15:16:59.234808] +---------------------------------------------------------------------------------------+
[15:16:59.278116] + mkdir -p /output/ex1
[15:16:59.278796] + cp /root/workspace/bk-workspace/papers/rfx-tap/experiments/ex1_patch_s11.py .
[15:16:59.305544] + OUTPUT_DIR=/output/ex1 python ex1_patch_s11.py
[15:17:00.029765] Device: DeviceInfo(backend='gpu', gpu_available=True, devices=[{'id': 0, 'kind': 'NVIDIA GeForce RTX 4090', 'platform': 'gpu'}])
[15:17:00.029879] SimConfig (accuracy='standard'):
[15:17:00.029881]   dx = 1.500 mm (50 cells/λ_min)
[15:17:00.029883]   domain = 50.0 × 50.0 × 12.0 mm
[15:17:00.029885]   cpml = 80 layers (120.0 mm)
[15:17:00.029886]   n_steps = 7077 (8.7 ns)
[15:17:00.029887]   freq = 1.00 – 4.00 GHz
[15:17:00.029888]   source = raw (PEC boundary: raw E-field source (no Cb normalization needed))
[15:17:00.029889]   dz = 0.400 – 1.667 mm (7 cells, non-uniform)
[15:17:00.029890]   WARNINGS:
[15:17:00.029891]     - Non-uniform z mesh enabled: 7 cells, dz=0.400–1.667 mm
[15:17:00.029893] Estimated memory: 925 MB
[15:17:00.029917]
[15:17:00.029925] === Gradient-based optimization (Adam) ===
[15:17:01.761008] jax.errors.SimplifiedTraceback: For simplicity, JAX has removed its internal frames from the traceback of the following exception. Set JAX_TRACEBACK_FILTERING=off to include these.
[15:17:01.761024]
[15:17:01.761025] The above exception was the direct cause of the following exception:
[15:17:01.761026]
[15:17:01.761027] Traceback (most recent call last):
[15:17:01.761029]   File "/root/rfx/ex1_patch_s11.py", line 117, in <module>
[15:17:01.761030]     opt = optimize(
[15:17:01.761031]   File "/root/rfx/rfx/optimize.py", line 190, in optimize
[15:17:01.761032]     loss, grad = grad_fn(latent)
[15:17:01.761033]   File "/root/rfx/rfx/optimize.py", line 185, in forward
[15:17:01.761034]     return objective(result)
[15:17:01.761035]   File "/root/rfx/ex1_patch_s11.py", line 110, in s11_proxy
[15:17:01.761041]     ts = ts[:, 0]
[15:17:01.761042]   File "/opt/jax/jax/_src/array.py", line 355, in __getitem__
[15:17:01.761043]     return lax_numpy._rewriting_take(self, idx)
[15:17:01.761044]   File "/opt/jax/jax/_src/numpy/lax_numpy.py", line 8953, in _rewriting_take
[15:17:01.761509]     return _gather(arr, treedef, static_idx, dynamic_idx, indices_are_sorted,
[15:17:01.761515]   File "/opt/jax/jax/_src/numpy/lax_numpy.py", line 8962, in _gather
[15:17:01.761871]     indexer = _index_to_gather(shape(arr), idx)  # shared with _scatter_update
[15:17:01.761877]   File "/opt/jax/jax/_src/numpy/lax_numpy.py", line 9180, in _index_to_gather
[15:17:01.762386]     raise IndexError(f"index is out of bounds for axis {x_axis} with size 0")
[15:17:01.762393] IndexError: index is out of bounds for axis 1 with size 0
[15:17:02.008573] workload reported done
[15:17:02.008673] Workload status changed to stopping
[15:17:13.092207] workload reported done
[15:17:13.092307] Workload status changed to waitToBeKilled
[15:17:15.000000] Stopping container vops-sidecar
[15:17:15.000000] Stopping container run-sidecar
[15:17:15.000000] Stopping container run-exec
[15:17:15.000000] Terminating VESSL Workload...
[15:17:15.000000] Stopping container fluentbit
[15:17:15.097274] workload failed
[15:17:15.097374] Workload status changed to failed
