Organization: remilab
Project: byungkwan
[03:47:25.837090] workload awaiting to start
[03:47:25.837191] Workload status changed to pending
[03:47:30.703735] Event Reason: FailedScheduling, Event Note: 0/13 nodes are available: pod has unbound immediate PersistentVolumeClaims. preemption: 0/13 nodes are available: 13 Preemption is not helpful for scheduling.
[03:47:30.703735] Workload is in queue for scheduling. Please wait...
[03:47:34.122184] Event Reason: FailedScheduling, Event Note: 0/13 nodes are available: pod has unbound immediate PersistentVolumeClaims. preemption: 0/13 nodes are available: 13 Preemption is not helpful for scheduling.
[03:47:34.122184] Workload is in queue for scheduling. Please wait...
[03:47:36.184056] Event Reason: FailedScheduling, Event Note: 0/13 nodes are available: pod has unbound immediate PersistentVolumeClaims. preemption: 0/13 nodes are available: 13 Preemption is not helpful for scheduling.
[03:47:36.184056] Workload is in queue for scheduling. Please wait...
[03:47:48.192368] Event Reason: FailedScheduling, Event Note: 0/13 nodes are available: pod has unbound immediate PersistentVolumeClaims. preemption: 0/13 nodes are available: 13 Preemption is not helpful for scheduling.
[03:47:48.192368] Workload is in queue for scheduling. Please wait...
[03:52:48.790126] Workload is in queue for scheduling. Please wait...
[03:52:48.790126] Event Reason: FailedScheduling, Event Note: 0/13 nodes are available: 3 Insufficient cpu, 3 Insufficient memory, 6 Insufficient nvidia.com/gpu, 7 node(s) didn't match Pod's node affinity/selector. preemption: 0/13 nodes are available: 6 No preemption victims found for incoming pod, 7 Preemption is not helpful for scheduling.
[03:57:48.795997] Workload is in queue for scheduling. Please wait...
[03:57:48.795997] Event Reason: FailedScheduling, Event Note: 0/13 nodes are available: 3 Insufficient cpu, 3 Insufficient memory, 6 Insufficient nvidia.com/gpu, 7 node(s) didn't match Pod's node affinity/selector. preemption: 0/13 nodes are available: 6 No preemption victims found for incoming pod, 7 Preemption is not helpful for scheduling.
[04:20:48.825391] Workload is in queue for scheduling. Please wait...
[04:20:48.825391] Event Reason: FailedScheduling, Event Note: 0/13 nodes are available: 3 Insufficient cpu, 3 Insufficient memory, 6 Insufficient nvidia.com/gpu, 7 node(s) didn't match Pod's node affinity/selector. preemption: 0/13 nodes are available: 6 No preemption victims found for incoming pod, 7 Preemption is not helpful for scheduling.
[04:29:15.650882] Workload is in queue for scheduling. Please wait...
[04:29:15.650882] Event Reason: FailedScheduling, Event Note: 0/13 nodes are available: 3 Insufficient cpu, 3 Insufficient memory, 6 Insufficient nvidia.com/gpu, 7 node(s) didn't match Pod's node affinity/selector. preemption: 0/13 nodes are available: 6 No preemption victims found for incoming pod, 7 Preemption is not helpful for scheduling.
[04:30:45.666930] VESSL Workload assigned successfully. Starting soon.
[04:30:46.000000] Container image "quay.io/vessl-ai/kernels-toolbox:0.1.188" already present on machine
[04:30:46.000000] Created container vops-init
[04:30:46.000000] Started container vops-init
[04:30:47.000000] Creating VESSL Workload...
[04:30:47.000000] Created container run-exec
[04:30:47.000000] Container image "nvcr.io/nvidia/jax:24.10-py3" already present on machine
[04:30:47.001000] Container image "nvcr.io/nvidia/jax:24.10-py3" already present on machine
[04:30:48.000000] Started container run-sidecar
[04:30:48.000000] Created container vops-sidecar
[04:30:48.000000] Created container ttyd-sidecar
[04:30:48.000000] Starting VESSL Workload...
[04:30:48.000000] Started container vops-sidecar
[04:30:48.000000] Container image "quay.io/vessl-ai/kernels-toolbox:0.1.188" already present on machine
[04:30:48.000000] Started container run-exec
[04:30:48.000000] Started container fluentbit
[04:30:48.000000] Created container fluentbit
[04:30:48.000000] Container image "quay.io/vessl-ai/fluent-bit:2.1.6" already present on machine
[04:30:48.000000] Container image "quay.io/vessl-ai/sidecar:v0.0.3" already present on machine
[04:30:48.000000] Created container run-sidecar
[04:30:48.726891] Installing VESSL CLI...
[04:30:49.460502] workload reported alive as pod run-execution-ytqp01n0gy6j-0
[04:30:49.460603] Workload status changed to initializing
[04:30:50.744069] + set +x
[04:30:54.894379] vessl, version 0.1.199
[04:30:55.872788] workload reported alive as pod run-execution-ytqp01n0gy6j-0
[04:30:55.872889] Workload status changed to running
[04:30:56.030537] + mkdir -p /root
[04:30:56.032573] + cd /root
[04:30:56.033225] + set -euo pipefail
[04:30:56.033254] + cd /root
[04:30:56.033262] + git clone https://github.com/BK3536/rfx.git
[04:30:56.035528] Cloning into 'rfx'...
[04:30:58.128143] + cd rfx
[04:30:58.128157] + pip install --quiet -e '.[all]'
[04:31:01.451442] WARNING: rfx 1807.8.6 does not provide the extra 'dashboard'
[04:31:01.451470] WARNING: rfx 1807.8.6 does not provide the extra 'dev'
[04:31:01.451561] WARNING: rfx 1807.8.6 does not provide the extra 'optimization'
[04:31:01.451567] WARNING: rfx 1807.8.6 does not provide the extra 'visualization'
[04:31:06.614885] WARNING: Running pip as the 'root' user can result in broken permissions and conflicting behaviour with the system package manager. It is recommended to use a virtual environment instead: https://pip.pypa.io/warnings/venv
[04:31:06.810901] + python -c 'import jax; print('"'"'JAX devices:'"'"', jax.devices())'
[04:31:07.119879] JAX devices: [CudaDevice(id=0)]
[04:31:07.164505] + nvidia-smi
[04:31:07.201499] Sun Apr  5 04:31:07 2026
[04:31:07.201545] +---------------------------------------------------------------------------------------+
[04:31:07.201562] | NVIDIA-SMI 535.288.01             Driver Version: 535.288.01   CUDA Version: 12.2     |
[04:31:07.201574] |-----------------------------------------+----------------------+----------------------+
[04:31:07.201581] | GPU  Name                 Persistence-M | Bus-Id        Disp.A | Volatile Uncorr. ECC |
[04:31:07.201587] | Fan  Temp   Perf          Pwr:Usage/Cap |         Memory-Usage | GPU-Util  Compute M. |
[04:31:07.201593] |                                         |                      |               MIG M. |
[04:31:07.201600] |=========================================+======================+======================|
[04:31:07.218247] |   0  NVIDIA GeForce RTX 4090        Off | 00000000:01:00.0 Off |                  Off |
[04:31:07.218261] |  0%   43C    P0              23W / 450W |      1MiB / 24564MiB |      5%      Default |
[04:31:07.218262] |                                         |                      |                  N/A |
[04:31:07.218263] +-----------------------------------------+----------------------+----------------------+
[04:31:07.218264]
[04:31:07.218265] | Processes:                                                                            |
[04:31:07.218265] +---------------------------------------------------------------------------------------+
[04:31:07.218266] |  GPU   GI   CI        PID   Type   Process name                            GPU Memory |
[04:31:07.218267] |        ID   ID                                                             Usage      |
[04:31:07.218268] |=======================================================================================|
[04:31:07.218286] |  No running processes found                                                           |
[04:31:07.218287] +---------------------------------------------------------------------------------------+
[04:31:07.261792] + mkdir -p /output/ex0
[04:31:07.262560] + cp /root/workspace/bk-workspace/papers/rfx-tap/experiments/ex0_grad_check.py .
[04:31:07.309031] + OUTPUT_DIR=/output/ex0 python ex0_grad_check.py
[04:31:07.942320] Device: DeviceInfo(backend='gpu', gpu_available=True, devices=[{'id': 0, 'kind': 'NVIDIA GeForce RTX 4090', 'platform': 'gpu'}])
[04:31:07.942406]
[04:31:07.942410] === Building simulation cases ===
[04:31:08.157096]
[04:31:08.157122] === FD step-size sweeps ===
[04:31:08.157123]
[04:31:08.157124] --- Case A_pec_cavity ---
[04:49:55.574008] workload request to be terminated
[04:49:55.574108] Workload status changed to waitToBeKilled
[04:49:57.000000] Stopping container vops-sidecar
[04:49:57.000000] Stopping container run-exec
[04:49:57.000000] Terminating VESSL Workload...
[04:49:57.000000] Stopping container fluentbit
[04:49:57.119977] workload terminated
[04:49:57.120077] Workload status changed to terminated
