Organization: remilab
Project: byungkwan
[16:52:03.225667] workload awaiting to start
[16:52:03.225768] Workload status changed to pending
[16:52:09.000000] Container image "quay.io/vessl-ai/kernels-toolbox:0.1.188" already present on machine
[16:52:09.000000] Created container vops-init
[16:52:09.000000] Started container vops-init
[16:52:09.009881] VESSL Workload assigned successfully. Starting soon.
[16:52:10.000000] Creating VESSL Workload...
[16:52:10.000000] Created container run-exec
[16:52:10.000000] Container image "nvcr.io/nvidia/jax:24.10-py3" already present on machine
[16:52:10.001000] Container image "nvcr.io/nvidia/jax:24.10-py3" already present on machine
[16:52:11.000000] Starting VESSL Workload...
[16:52:11.000000] Started container run-exec
[16:52:11.000000] Started container fluentbit
[16:52:11.000000] Created container fluentbit
[16:52:11.000000] Created container run-sidecar
[16:52:11.547653] Installing VESSL CLI...
[16:52:12.189348] workload reported alive as pod run-execution-6w12oe3r087w-0
[16:52:12.189448] Workload status changed to initializing
[16:52:13.325775] + set +x
[16:52:17.627122] vessl, version 0.1.199
[16:52:18.482395] workload reported alive as pod run-execution-6w12oe3r087w-0
[16:52:18.482496] Workload status changed to running
[16:52:18.813753] + mkdir -p /root
[16:52:18.815705] + cd /root
[16:52:18.816159] + set -euo pipefail
[16:52:18.816183] + cd /root
[16:52:18.816194] + git clone https://github.com/bk-squared/rfx.git
[16:52:18.818472] Cloning into 'rfx'...
[16:52:21.395865] + cd rfx
[16:52:21.395877] + pip install --quiet -e '.[all]'
[16:52:24.758724] WARNING: rfx 1807.8.6 does not provide the extra 'dashboard'
[16:52:24.758755] WARNING: rfx 1807.8.6 does not provide the extra 'dev'
[16:52:24.758855] WARNING: rfx 1807.8.6 does not provide the extra 'optimization'
[16:52:24.758926] WARNING: rfx 1807.8.6 does not provide the extra 'visualization'
[16:52:30.085669] WARNING: Running pip as the 'root' user can result in broken permissions and conflicting behaviour with the system package manager. It is recommended to use a virtual environment instead: https://pip.pypa.io/warnings/venv
[16:52:30.279501] + python -c 'import jax; print('"'"'JAX devices:'"'"', jax.devices()); import rfx; print('"'"'rfx'"'"', rfx.__version__)'
[16:52:30.551010] JAX devices: [CudaDevice(id=0)]
[16:52:30.879154] rfx 1.4.0
[16:52:30.963781] + nvidia-smi
[16:52:31.000947] Tue Apr  7 16:52:30 2026
[16:52:31.000994] +---------------------------------------------------------------------------------------+
[16:52:31.001007] | NVIDIA-SMI 535.288.01             Driver Version: 535.288.01   CUDA Version: 12.2     |
[16:52:31.001017] |-----------------------------------------+----------------------+----------------------+
[16:52:31.001026] | GPU  Name                 Persistence-M | Bus-Id        Disp.A | Volatile Uncorr. ECC |
[16:52:31.001034] | Fan  Temp   Perf          Pwr:Usage/Cap |         Memory-Usage | GPU-Util  Compute M. |
[16:52:31.001040] |                                         |                      |               MIG M. |
[16:52:31.001047] |=========================================+======================+======================|
[16:52:31.030129] |   0  NVIDIA GeForce RTX 4090        Off | 00000000:01:00.0 Off |                  Off |
[16:52:31.030145] |  0%   37C    P0              30W / 450W |      1MiB / 24564MiB |      4%      Default |
[16:52:31.030148] |                                         |                      |                  N/A |
[16:52:31.030150] +-----------------------------------------+----------------------+----------------------+
[16:52:31.030152]
[16:52:31.030153] +---------------------------------------------------------------------------------------+
[16:52:31.030156] | Processes:                                                                            |
[16:52:31.030158] |  GPU   GI   CI        PID   Type   Process name                            GPU Memory |
[16:52:31.030160] |        ID   ID                                                             Usage      |
[16:52:31.030162] |=======================================================================================|
[16:52:31.030168] |  No running processes found                                                           |
[16:52:31.030170] +---------------------------------------------------------------------------------------+
[16:52:31.074449] + mkdir -p /output/ex4
[16:52:31.075179] + cp /root/workspace/bk-workspace/papers/rfx-tap/experiments/ex4_ris_optimize.py .
[16:52:31.085909] + OUTPUT_DIR=/output/ex4 python ex4_ris_optimize.py
[16:52:31.606825] Device: DeviceInfo(backend='gpu', gpu_available=True, devices=[{'id': 0, 'kind': 'NVIDIA GeForce RTX 4090', 'platform': 'gpu'}])
[16:52:31.606848]
[16:52:31.606851] === Building simulation ===
[16:52:31.606853] Optimizing: 50 iters, n_steps=300, target=180.0 deg @ 5.0 GHz
[16:52:32.470232]   optimize: n_steps=300, grid=(37, 37, 121) (0.2M cells)
[16:52:32.495551] jax.errors.SimplifiedTraceback: For simplicity, JAX has removed its internal frames from the traceback of the following exception. Set JAX_TRACEBACK_FILTERING=off to include these.
[16:52:32.495568]
[16:52:32.495577] The above exception was the direct cause of the following exception:
[16:52:32.495579]
[16:52:32.495581] Traceback (most recent call last):
[16:52:32.495583]   File "/root/rfx/ex4_ris_optimize.py", line 141, in <module>
[16:52:32.495585]     opt_result = optimize(
[16:52:32.495587]   File "/root/rfx/rfx/optimize.py", line 187, in optimize
[16:52:32.495589]     loss, grad = grad_fn(latent)
[16:52:32.495591]   File "/root/rfx/rfx/optimize.py", line 169, in forward
[16:52:32.495592]     result = sim._forward_from_materials(
[16:52:32.495594]   File "/root/rfx/rfx/api.py", line 2282, in _forward_from_materials
[16:52:32.495713]     k_par = floquet_wave_vector(
[16:52:32.495720]   File "/root/rfx/rfx/floquet.py", line 109, in floquet_wave_vector
[16:52:32.495722]     phi = math.radians(phi_deg)
[16:52:32.495724]   File "/opt/jax/jax/_src/array.py", line 282, in __float__
[16:52:32.495728]     core.check_scalar_conversion(self)
[16:52:32.495730] TypeError: Only scalar arrays can be converted to Python scalars; got arr.ndim=1
[16:52:32.728275] workload reported done
[16:52:32.728375] Workload status changed to stopping
[16:52:42.846391] workload reported done
[16:52:42.846491] Workload status changed to waitToBeKilled
[16:52:45.000000] Stopping container vops-sidecar
[16:52:45.000000] Stopping container run-sidecar
[16:52:45.000000] Stopping container run-exec
[16:52:45.000000] Terminating VESSL Workload...
[16:52:45.000000] Stopping container ttyd-sidecar
[16:52:45.000000] Stopping container fluentbit
[16:52:45.149964] workload failed
[16:52:45.150064] Workload status changed to failed
