Organization: remilab
Project: byungkwan
[19:27:31.072132] workload awaiting to start
[19:27:31.072232] Workload status changed to pending
[19:27:35.932653] Event Reason: FailedScheduling, Event Note: 0/13 nodes are available: pod has unbound immediate PersistentVolumeClaims. preemption: 0/13 nodes are available: 13 Preemption is not helpful for scheduling.
[19:27:35.932653] Workload is in queue for scheduling. Please wait...
[19:27:49.480954] VESSL Workload assigned successfully. Starting soon.
[19:27:50.000000] Container image "quay.io/vessl-ai/kernels-toolbox:0.1.188" already present on machine
[19:27:50.000000] Created container vops-init
[19:27:50.000000] Started container vops-init
[19:27:51.000000] Started container run-sidecar
[19:27:51.000000] Creating VESSL Workload...
[19:27:51.000000] Starting VESSL Workload...
[19:27:51.000000] Created container run-exec
[19:27:51.000000] Started container run-exec
[19:27:51.000000] Created container fluentbit
[19:27:51.000000] Container image "nvcr.io/nvidia/jax:24.10-py3" already present on machine
[19:27:51.000000] Container image "quay.io/vessl-ai/sidecar:v0.0.3" already present on machine
[19:27:51.000000] Created container run-sidecar
[19:27:51.001000] Container image "nvcr.io/nvidia/jax:24.10-py3" already present on machine
[19:27:52.000000] Created container vops-sidecar
[19:27:52.000000] Started container vops-sidecar
[19:27:52.192814] Installing VESSL CLI...
[19:27:52.995758] workload reported alive as pod run-execution-x16wwz60mkg9-0
[19:27:52.995858] Workload status changed to initializing
[19:27:54.258605] + set +x
[19:27:56.956649] vessl, version 0.1.199
[19:27:59.399295] workload reported alive as pod run-execution-x16wwz60mkg9-0
[19:27:59.399395] Workload status changed to running
[19:27:59.555315] + mkdir -p /root
[19:27:59.557260] + cd /root
[19:27:59.557546] + cd /root/workspace/byungkwan-workspace/research/rfx
[19:27:59.574106] + git config --global --add safe.directory /root/workspace/byungkwan-workspace/research/rfx
[19:27:59.604078] + git pull --ff-only origin main
[19:28:00.974136] From https://github.com/BK3536/rfx
[19:28:00.974185]  * branch            main       -> FETCH_HEAD
[19:28:01.079277] Already up to date.
[19:28:01.080106] + pip install -q -e '.[dev]'
[19:28:10.455805] WARNING: Running pip as the 'root' user can result in broken permissions and conflicting behaviour with the system package manager. It is recommended to use a virtual environment instead: https://pip.pypa.io/warnings/venv
[19:28:10.613615] + echo '=== Crossval #10: OpenEMS Patch Antenna ==='
[19:28:10.613634] === Crossval #10: OpenEMS Patch Antenna ===
[19:28:10.613638] + python examples/crossval/10_openems_patch_antenna.py
[19:28:11.798649] ============================================================
[19:28:11.798694] Cross-Validation #2: OpenEMS Simple Patch Antenna
[19:28:11.798699] ============================================================
[19:28:11.798703] Patch: 32 x 40 mm on eps_r=3.38
[19:28:11.798706] Substrate: h=1.524mm, 60x60mm
[19:28:11.798709] Analytical f_r: 2.038 GHz
[19:28:11.798712]
[19:28:11.798727] dx = 1.50 mm, dz_sub = 0.381 mm
[19:28:11.798736] z-cells: 4 substrate + 99 air = 108 total
[19:28:11.799021] Steps: 8000
[19:28:12.199743] Nu grid: nz=124, dt=1.18ps
[19:28:12.199898] z_phys first 10: [0.         0.38099986 0.76199996 1.1429994  1.5811495  2.1507444
[19:28:12.199904]  2.891218   3.8538334  5.1052337  6.5625467 ]
[19:28:12.199906] Substrate h=1.524mm, port z=0.762mm
[19:28:12.199907]
[19:28:18.775759] Probe signal: max=1.9060e+07, rms=4.5602e+06
[19:28:50.701517] FAIL: no resonance found
[19:28:50.701602]
[19:28:50.715894] NTFF extraction: 'NoneType' object has no attribute 'freqs'
[19:28:51.001421]
[19:28:51.001440] Plot saved: /root/workspace/byungkwan-workspace/research/rfx/examples/crossval/10_openems_patch_antenna.png
[19:28:51.155274] === Crossval #08: Dipole Radiation (fixed) ===
[19:28:51.155274] + echo '=== Crossval #08: Dipole Radiation (fixed) ==='
[19:28:51.155303] + python examples/crossval/08_dipole_radiation.py
[19:28:52.060067] ============================================================
[19:28:52.060105] Cross-Validation: Dipole Radiation Pattern
[19:28:52.060109] ============================================================
[19:28:52.060112] Source: Ez dipole at 5 GHz
[19:28:52.060116] Domain: 80mm, dx=1.0mm
[19:28:52.060119]
[19:28:52.060131] Grid: 101x101x101, steps=4197
[19:28:57.760299]
[19:28:57.760331] E-plane correlation with sin²(theta): 0.9987
[19:28:57.760335] H-plane correlation with sin²(theta): 0.9987
[19:28:57.760337] Max far-field power: 6.1606e-39
[19:28:57.760340] FAIL: correlation E=0.999
[19:28:58.041312] Plot saved: /root/workspace/byungkwan-workspace/research/rfx/examples/crossval/08_dipole_radiation.png
[19:28:58.150069] workload reported done
[19:28:58.150170] Workload status changed to stopping
[19:28:58.172460] === DONE ===
[19:28:58.172460] + echo '=== DONE ==='
[19:29:11.771979] + set +x
[19:29:16.762639] workload reported done
[19:29:16.762739] Workload status changed to waitToBeKilled
[19:29:18.000000] Stopping container vops-sidecar
[19:29:18.000000] Stopping container run-exec
[19:29:18.000000] Terminating VESSL Workload...
[19:29:18.000000] Stopping container fluentbit
[19:29:18.080170] workload completed
[19:29:18.080271] Workload status changed to completed
