Organization: remilab
Project: byungkwan
[15:23:41.890142] workload awaiting to start
[15:23:41.890243] Workload status changed to pending
[15:23:47.908068] Event Reason: FailedScheduling, Event Note: 0/13 nodes are available: pod has unbound immediate PersistentVolumeClaims. preemption: 0/13 nodes are available: 13 Preemption is not helpful for scheduling.
[15:23:47.908068] Workload is in queue for scheduling. Please wait...
[15:23:49.244029] VESSL Workload assigned successfully. Starting soon.
[15:23:50.000000] Container image "quay.io/vessl-ai/kernels-toolbox:0.1.188" already present on machine
[15:23:50.000000] Created container vops-init
[15:23:50.000000] Started container vops-init
[15:23:51.000000] Started container run-sidecar
[15:23:51.000000] Creating VESSL Workload...
[15:23:51.000000] Starting VESSL Workload...
[15:23:51.000000] Created container run-exec
[15:23:51.000000] Started container run-exec
[15:23:51.000000] Created container fluentbit
[15:23:51.000000] Container image "nvcr.io/nvidia/jax:24.10-py3" already present on machine
[15:23:51.000000] Container image "quay.io/vessl-ai/fluent-bit:2.1.6" already present on machine
[15:23:51.000000] Container image "quay.io/vessl-ai/sidecar:v0.0.3" already present on machine
[15:23:51.000000] Created container run-sidecar
[15:23:51.001000] Container image "nvcr.io/nvidia/jax:24.10-py3" already present on machine
[15:23:52.000000] Created container vops-sidecar
[15:23:52.000000] Created container ttyd-sidecar
[15:23:52.000000] Started container vops-sidecar
[15:23:52.000000] Container image "quay.io/vessl-ai/kernels-toolbox:0.1.188" already present on machine
[15:23:52.339622] Installing VESSL CLI...
[15:23:53.027324] workload reported alive as pod run-execution-jarn1aohxc5o-0
[15:23:53.027424] Workload status changed to initializing
[15:23:54.197066] + set +x
[15:23:59.855241] vessl, version 0.1.199
[15:24:04.361586] workload reported alive as pod run-execution-jarn1aohxc5o-0
[15:24:04.361686] Workload status changed to running
[15:24:04.477703] + mkdir -p /root
[15:24:04.479741] + cd /root
[15:24:04.480433] + cd /root/workspace/byungkwan-workspace/research/rfx
[15:24:04.497333] + git config --global --add safe.directory /root/workspace/byungkwan-workspace/research/rfx
[15:24:04.524257] + git pull --ff-only origin main
[15:24:05.996204] From https://github.com/BK3536/rfx
[15:24:05.996244]  * branch            main       -> FETCH_HEAD
[15:24:06.194514] Already up to date.
[15:24:06.195281] + pip install -q -e '.[dev]'
[15:24:24.320248] WARNING: Running pip as the 'root' user can result in broken permissions and conflicting behaviour with the system package manager. It is recommended to use a virtual environment instead: https://pip.pypa.io/warnings/venv
[15:24:24.481874] + echo '==== GRADIENT TESTS ===='
[15:24:24.481925] + pytest tests/test_gradient_simple.py -v -s '--tb=short'
[15:24:24.481948] ==== GRADIENT TESTS ====
[15:24:24.638593] ============================= test session starts ==============================
[15:24:24.638605] platform linux -- Python 3.10.12, pytest-9.0.2, pluggy-1.6.0 -- /usr/bin/python3
[15:24:24.639466] cachedir: .pytest_cache
[15:24:24.639472] rootdir: /root/workspace/byungkwan-workspace/research/rfx
[15:24:24.639473] configfile: pyproject.toml
[15:24:24.639474] plugins: xdist-3.8.0
[15:24:25.060441] collecting ... collected 2 items
[15:24:25.060611]
[15:24:28.181875] tests/test_gradient_simple.py::test_gradient_eps_shifts_energy
[15:24:28.181895] Gradient d(energy)/d(eps_r):
[15:24:28.181898]   Max:  2.341952e-03
[15:24:28.181900]   Mean: 7.216257e-06
[15:24:28.225829] PASSED
[15:24:29.242546] tests/test_gradient_simple.py::test_gradient_finite_difference_match
[15:24:29.242584] AD gradient at (8,5,5):  -4.636321e-07
[15:24:29.242587] FD gradient at (8,5,5):  -4.691174e-07
[15:24:29.242589] Relative error: 1.17%
[15:24:29.280725] PASSED
[15:24:29.281070]
[15:24:29.281109] ============================== 2 passed in 4.64s ===============================
[15:24:29.604067]
[15:24:29.604141] + echo
[15:24:29.604151] ==== NON-UNIFORM CONVERGENCE ====
[15:24:29.604156] + echo '==== NON-UNIFORM CONVERGENCE ===='
[15:24:29.604157] + pytest tests/test_nonuniform_convergence.py -v -s '--tb=short' -k 'not slow'
[15:24:29.697542] ============================= test session starts ==============================
[15:24:29.697560] platform linux -- Python 3.10.12, pytest-9.0.2, pluggy-1.6.0 -- /usr/bin/python3
[15:24:29.698467] cachedir: .pytest_cache
[15:24:29.698481] rootdir: /root/workspace/byungkwan-workspace/research/rfx
[15:24:29.698486] configfile: pyproject.toml
[15:24:29.698488] plugins: xdist-3.8.0
[15:24:30.052503] collecting ... collected 2 items / 1 deselected / 1 selected
[15:24:30.053411]
[15:24:31.187000] tests/test_nonuniform_convergence.py::test_nonuniform_cfl_uses_min_dz dt = 0.66 ps, CFL limit = 0.66 ps
[15:24:31.187023] dx=5.0mm, min_dz=0.2mm
[15:24:31.221343] PASSED
[15:24:31.221760]
[15:24:31.221787] ======================= 1 passed, 1 deselected in 1.52s ========================
[15:24:31.408814] + echo
[15:24:31.408833] + echo '==== ISSUES #13 + #17 ===='
[15:24:31.408834] + python scripts/gpu_verify_issues.py
[15:24:31.408844]
[15:24:31.408846] ==== ISSUES #13 + #17 ====
[15:24:31.583443] === #13: optimize() memory test ===
[15:24:32.298280]   optimize: n_steps=1000, grid=(16, 11, 11) (0.0M cells)
[15:24:34.220842]   iter    0  loss = 1.547135e-03
[15:24:34.998810]   iter    2  loss = 1.514157e-03
[15:24:35.030300] PASS: loss history = [0.00154713517986238, 0.0015305673005059361, 0.001514157047495246]
[15:24:35.030322]
[15:24:35.030324] === #13: topology conductor occupancy ===
[15:24:37.500080]   iter    0  loss = -1.840536e-03  beta = 1.0  binarization = 1.000
[15:24:41.522098]   iter    4  loss = -2.136036e-03  beta = 1.0  binarization = 0.999
[15:24:41.523664] Loss history: [-0.0018405355513095856, -0.0019111854489892721, -0.001983766444027424, -0.0020590294152498245, -0.0021360358223319054]
[15:24:41.523668] PASS: loss changed (gradient is non-zero)
[15:24:41.523670]
[15:24:41.523673] === #17: NTFF far-field power ===
[15:24:41.523785] Grid: 47x47x47, steps=5246
[15:24:45.892560] Max far-field power: 7.3414e-20
[15:24:45.892590] FAIL: far-field power 7.34e-20 is near zero
[15:24:45.892595]
[15:24:45.892599] ============================================================
[15:24:45.892603] SUMMARY
[15:24:45.892606] ============================================================
[15:24:45.892610]   optimize_memory: PASS
[15:24:45.892613]   topology_gradient: PASS
[15:24:45.892617]   ntff_power: FAIL
[15:24:45.892621]
[15:24:45.892627] 2/3 passed
[15:24:46.218762] + true
[15:24:46.233704] workload reported done
[15:24:46.233804] Workload status changed to stopping
[15:24:52.496153] + set +x
[15:24:57.524012] workload reported done
[15:24:57.524112] Workload status changed to waitToBeKilled
[15:25:00.000000] Stopping container vops-sidecar
[15:25:00.000000] Stopping container run-sidecar
[15:25:00.000000] Stopping container run-exec
[15:25:00.000000] Terminating VESSL Workload...
[15:25:00.000000] Stopping container ttyd-sidecar
[15:25:00.000000] Stopping container fluentbit
[15:25:00.123305] workload completed
[15:25:00.123405] Workload status changed to completed
