Organization: remilab
Project: byungkwan
[07:00:34.340521] workload awaiting to start
[07:00:34.340621] Workload status changed to pending
[07:00:38.979681] Event Reason: FailedScheduling, Event Note: 0/13 nodes are available: pod has unbound immediate PersistentVolumeClaims. preemption: 0/13 nodes are available: 13 Preemption is not helpful for scheduling.
[07:00:38.979681] Workload is in queue for scheduling. Please wait...
[07:00:43.989706] VESSL Workload assigned successfully. Starting soon.
[07:00:44.000000] Container image "quay.io/vessl-ai/kernels-toolbox:0.1.188" already present on machine
[07:00:45.000000] Started container run-sidecar
[07:00:45.000000] Creating VESSL Workload...
[07:00:45.000000] Starting VESSL Workload...
[07:00:45.000000] Created container run-exec
[07:00:45.000000] Started container run-exec
[07:00:45.000000] Created container vops-init
[07:00:45.000000] Started container vops-init
[07:00:45.000000] Container image "quay.io/vessl-ai/fluent-bit:2.1.6" already present on machine
[07:00:45.000000] Container image "quay.io/vessl-ai/sidecar:v0.0.3" already present on machine
[07:00:45.000000] Container image "nvcr.io/nvidia/jax:24.04-py3" already present on machine
[07:00:45.000000] Created container run-sidecar
[07:00:45.001000] Container image "nvcr.io/nvidia/jax:24.04-py3" already present on machine
[07:00:46.000000] Created container vops-sidecar
[07:00:46.000000] Created container ttyd-sidecar
[07:00:46.000000] Started container vops-sidecar
[07:00:46.000000] Container image "quay.io/vessl-ai/kernels-toolbox:0.1.188" already present on machine
[07:00:46.000000] Started container fluentbit
[07:00:46.000000] Created container fluentbit
[07:00:46.000000] Started container ttyd-sidecar
[07:00:46.384134] Installing VESSL CLI...
[07:00:57.073984] workload reported alive as pod run-execution-dhh8yjxrkmvf-0
[07:00:57.074084] Workload status changed to initializing
[07:00:58.288540] + set +x
[07:00:59.832286] vessl, version 0.1.199
[07:01:03.450972] workload reported alive as pod run-execution-dhh8yjxrkmvf-0
[07:01:03.451072] Workload status changed to running
[07:01:03.611507] + mkdir -p /root
[07:01:03.613534] + cd /root
[07:01:03.614347] + cd /root/workspace/byungkwan-workspace/research/rfx
[07:01:03.628633] + pip install -q -e .
[07:01:09.066054] WARNING: Running pip as the 'root' user can result in broken permissions and conflicting behaviour with the system package manager. It is recommended to use a virtual environment instead: https://pip.pypa.io/warnings/venv
[07:01:09.145685] + python -c 'import jax; print(f'"'"'Backend: {jax.default_backend()}'"'"')'
[07:01:09.870176] Backend: gpu
[07:01:09.934925] + python examples/15_fine_grid_test.py
[07:01:11.081727] dx=0.25mm, grid=(393, 427, 157)
[07:01:11.082145] Cells: 26.3M, est memory: 0.6GB
[07:01:11.082386] h/dx=6, L/dx=118
[07:01:11.082597] n_steps=20981, T_sim=10.0ns
[07:01:11.082691]
[07:01:11.082721] Running with subpixel smoothing...
[07:05:38.532616] Runtime: 267.4s (2067 Mcells/s)
[07:18:16.795007]
[07:18:16.795033] Harminv modes:
[07:18:16.808812] FFT: 1.5545 GHz (err=35.23%)
[07:18:17.018649] workload reported done
[07:18:17.018749] Workload status changed to stopping
[07:18:23.221196] + set +x
[07:18:28.251747] workload reported done
[07:18:28.251847] Workload status changed to waitToBeKilled
[07:18:30.000000] Stopping container vops-sidecar
[07:18:30.000000] Stopping container run-sidecar
[07:18:30.000000] Stopping container run-exec
[07:18:30.000000] Terminating VESSL Workload...
[07:18:30.000000] Stopping container ttyd-sidecar
[07:18:30.000000] Stopping container fluentbit
[07:18:30.046318] workload completed
[07:18:30.046418] Workload status changed to completed
