Organization: remilab
Project: byungkwan
[14:13:25.944832] workload awaiting to start
[14:13:25.944932] Workload status changed to pending
[14:13:29.950210] Event Reason: FailedScheduling, Event Note: 0/13 nodes are available: pod has unbound immediate PersistentVolumeClaims. preemption: 0/13 nodes are available: 13 Preemption is not helpful for scheduling.
[14:13:29.950210] Workload is in queue for scheduling. Please wait...
[14:13:40.813069] VESSL Workload assigned successfully. Starting soon.
[14:13:41.000000] Container image "quay.io/vessl-ai/kernels-toolbox:0.1.188" already present on machine
[14:13:41.000000] Created container vops-init
[14:13:41.000000] Started container vops-init
[14:13:43.000000] Started container run-sidecar
[14:13:43.000000] Creating VESSL Workload...
[14:13:43.000000] Starting VESSL Workload...
[14:13:43.000000] Created container run-exec
[14:13:43.000000] Started container run-exec
[14:13:43.000000] Container image "quay.io/vessl-ai/fluent-bit:2.1.6" already present on machine
[14:13:43.000000] Container image "quay.io/vessl-ai/sidecar:v0.0.3" already present on machine
[14:13:43.000000] Container image "nvcr.io/nvidia/jax:24.04-py3" already present on machine
[14:13:43.000000] Created container run-sidecar
[14:13:43.001000] Container image "nvcr.io/nvidia/jax:24.04-py3" already present on machine
[14:13:44.000000] Created container vops-sidecar
[14:13:44.000000] Started container vops-sidecar
[14:13:44.000000] Container image "quay.io/vessl-ai/kernels-toolbox:0.1.188" already present on machine
[14:13:44.152433] Installing VESSL CLI...
[14:13:44.739578] workload reported alive as pod run-execution-am0y6baf285t-0
[14:13:44.739679] Workload status changed to initializing
[14:13:45.842420] + set +x
[14:13:54.497555] vessl, version 0.1.199
[14:13:55.999532] workload reported alive as pod run-execution-am0y6baf285t-0
[14:13:55.999633] Workload status changed to running
[14:13:56.246429] + mkdir -p /root
[14:13:56.248300] + cd /root
[14:13:56.248663] + cd /root/workspace/byungkwan-workspace/research/rfx
[14:13:56.253959] + echo '=== Patch Antenna S11 + Far-field on GPU ==='
[14:13:56.253981] === Patch Antenna S11 + Far-field on GPU ===
[14:13:56.254115] + hostname
[14:13:56.254832] Node:run-execution-am0y6baf285t-0
[14:13:56.254838] + echo Node:run-execution-am0y6baf285t-0
[14:13:56.254934] + date
[14:13:56.256328] + echo 'Start:Wed Apr  1 14:13:56 UTC 2026'
[14:13:56.256335] Start:Wed Apr  1 14:13:56 UTC 2026
[14:13:56.256352] + pip install -q -e .
[14:14:13.969996] WARNING: Running pip as the 'root' user can result in broken permissions and conflicting behaviour with the system package manager. It is recommended to use a virtual environment instead: https://pip.pypa.io/warnings/venv
[14:14:14.165469] + python -c 'import jax; print(f'"'"'Backend: {jax.default_backend()}, Devices: {jax.devices()}'"'"')'
[14:14:15.338160] Backend: gpu, Devices: [cuda(id=0)]
[14:14:15.499354] + python examples/04_patch_antenna.py
[14:14:17.015290] Patch: 29.4 x 38.0 mm, substrate h=1.6 mm
[14:14:17.405413] Domain: 69x78x17 mm, dx=0.5 mm
[14:14:17.405441] Feed: (29.8, 39.0) mm, extent=0.6 mm
[14:14:17.405446]
[14:14:17.405450] Rendering geometry...
[14:14:17.689092] Saved: examples/04_patch_geometry.png
[14:14:17.689119]
[14:14:17.689125] Running simulation (4000 steps)...
[14:14:24.509584] Saving field slice...
[14:14:24.775044] Saved: examples/04_patch_field_ez.png
[14:14:25.461400]
[14:14:25.461430] === Spectral S11 Results ===
[14:14:25.461437] Resonance: 3.02 GHz (design: 2.4 GHz)
[14:14:25.461443] S11 dip:   21.9 dB
[14:14:25.461447] Freq error: 25.7%
[14:14:25.461458] -3dB BW:   1.51-3.47 GHz (65.2%)
[14:14:25.673282]
[14:14:25.673320] S11 plot saved: examples/04_patch_antenna_s11.png
[14:14:26.854521]
[14:14:26.854553] === Far-field Results ===
[14:14:26.854559] Directivity: 6.1 dBi at 2.4 GHz
[14:14:27.224681] Far-field plot saved: examples/04_patch_antenna_farfield.png
[14:14:27.224710]
[14:14:27.224715] === Done ===
[14:14:27.661550] + date
[14:14:27.662770] + echo '=== Done Wed Apr  1 14:14:27 UTC 2026 ==='
[14:14:27.662789] === Done Wed Apr  1 14:14:27 UTC 2026 ===
[14:14:27.683827] workload reported done
[14:14:27.683927] Workload status changed to stopping
[14:14:32.261008] + set +x
[14:14:37.290467] workload reported done
[14:14:37.290567] Workload status changed to waitToBeKilled
[14:14:39.000000] Stopping container run-sidecar
[14:14:39.000000] Stopping container run-exec
[14:14:39.000000] Terminating VESSL Workload...
[14:14:39.000000] Stopping container ttyd-sidecar
[14:14:39.057863] workload completed
[14:14:39.057963] Workload status changed to completed
