Organization: remilab
Project: byungkwan
[08:28:02.497756] workload awaiting to start
[08:28:02.497856] Workload status changed to pending
[08:28:08.907844] VESSL Workload assigned successfully. Starting soon.
[08:28:09.000000] Container image "quay.io/vessl-ai/kernels-toolbox:0.1.188" already present on machine
[08:28:09.000000] Created container vops-init
[08:28:10.000000] Started container vops-init
[08:28:11.000000] Started container run-sidecar
[08:28:11.000000] Creating VESSL Workload...
[08:28:11.000000] Created container vops-sidecar
[08:28:11.000000] Created container ttyd-sidecar
[08:28:11.000000] Starting VESSL Workload...
[08:28:11.000000] Started container vops-sidecar
[08:28:11.000000] Created container run-exec
[08:28:11.000000] Container image "quay.io/vessl-ai/kernels-toolbox:0.1.188" already present on machine
[08:28:11.000000] Started container run-exec
[08:28:11.000000] Started container fluentbit
[08:28:11.000000] Created container fluentbit
[08:28:11.000000] Container image "nvcr.io/nvidia/jax:24.10-py3" already present on machine
[08:28:11.000000] Started container ttyd-sidecar
[08:28:11.000000] Container image "quay.io/vessl-ai/fluent-bit:2.1.6" already present on machine
[08:28:11.000000] Container image "quay.io/vessl-ai/sidecar:v0.0.3" already present on machine
[08:28:11.000000] Created container run-sidecar
[08:28:11.001000] Container image "nvcr.io/nvidia/jax:24.10-py3" already present on machine
[08:28:11.869488] Installing VESSL CLI...
[08:28:18.487337] workload reported alive as pod run-execution-ntdqgb8xkvi1-0
[08:28:18.487437] Workload status changed to initializing
[08:28:19.585169] + set +x
[08:28:31.889087] vessl, version 0.1.199
[08:28:34.745769] workload reported alive as pod run-execution-ntdqgb8xkvi1-0
[08:28:34.745869] Workload status changed to running
[08:28:34.916678] + mkdir -p /root
[08:28:34.918645] + cd /root
[08:28:34.918984] + set -euo pipefail
[08:28:34.919017] + cd /root
[08:28:34.919031] + git clone https://github.com/bk-squared/rfx.git
[08:28:34.921275] Cloning into 'rfx'...
[08:28:42.314235] + cd rfx
[08:28:42.314250] + pip install --quiet -e '.[all]'
[08:28:55.672909] WARNING: rfx 1807.8.6 does not provide the extra 'dashboard'
[08:28:55.672936] WARNING: rfx 1807.8.6 does not provide the extra 'dev'
[08:28:55.672939] WARNING: rfx 1807.8.6 does not provide the extra 'optimization'
[08:28:55.673075] WARNING: rfx 1807.8.6 does not provide the extra 'visualization'
[08:28:59.635211] WARNING: Running pip as the 'root' user can result in broken permissions and conflicting behaviour with the system package manager. It is recommended to use a virtual environment instead: https://pip.pypa.io/warnings/venv
[08:28:59.789914] + python -c 'import jax; print('"'"'JAX devices:'"'"', jax.devices())'
[08:29:00.202821] JAX devices: [CudaDevice(id=0)]
[08:29:00.257113] + nvidia-smi
[08:29:00.289448] Mon Apr  6 08:29:00 2026
[08:29:00.289452] +-----------------------------------------------------------------------------------------+
[08:29:00.289456] | NVIDIA-SMI 570.211.01             Driver Version: 570.211.01     CUDA Version: 12.8     |
[08:29:00.289457] |-----------------------------------------+------------------------+----------------------+
[08:29:00.289459] | GPU  Name                 Persistence-M | Bus-Id          Disp.A | Volatile Uncorr. ECC |
[08:29:00.289460] | Fan  Temp   Perf          Pwr:Usage/Cap |           Memory-Usage | GPU-Util  Compute M. |
[08:29:00.289461] |                                         |                        |               MIG M. |
[08:29:00.289462] |=========================================+========================+======================|
[08:29:00.293457] |   0  NVIDIA GeForce RTX 4090        Off |   00000000:01:00.0 Off |                  Off |
[08:29:00.293460] |  0%   34C    P8             23W /  450W |       0MiB /  24564MiB |      0%      Default |
[08:29:00.293462] |                                         |                        |                  N/A |
[08:29:00.293464] +-----------------------------------------+------------------------+----------------------+
[08:29:00.293594]
[08:29:00.293596] +-----------------------------------------------------------------------------------------+
[08:29:00.293598] | Processes:                                                                              |
[08:29:00.293600] |  GPU   GI   CI              PID   Type   Process name                        GPU Memory |
[08:29:00.293602] |        ID   ID                                                               Usage      |
[08:29:00.293606] |=========================================================================================|
[08:29:00.293897] |  No running processes found                                                             |
[08:29:00.293900] +-----------------------------------------------------------------------------------------+
[08:29:00.361943] + mkdir -p /output/ex3
[08:29:00.362595] + cp /root/workspace/bk-workspace/papers/rfx-tap/experiments/ex3_farfield_steering.py .
[08:29:00.436090] + OUTPUT_DIR=/output/ex3 python ex3_farfield_steering.py
[08:29:01.209766] Device: DeviceInfo(backend='gpu', gpu_available=True, devices=[{'id': 0, 'kind': 'NVIDIA GeForce RTX 4090', 'platform': 'gpu'}])
[08:29:01.209790] Lambda=60mm, domain=90mm, dx=3.0mm
[08:29:01.209792] NTFF margin: 33mm
[08:29:01.209794] Design region: 18x30x30 mm block, +x side of dipole
[08:29:01.209796]
[08:29:01.209797] === NTFF sanity check ===
[08:29:04.764359]   theta=  0 deg: P = 4.530466e-35
[08:29:04.764442]   theta= 60 deg: P = 7.676064e-30
[08:29:04.764461]   theta= 90 deg: P = 1.026404e-29
[08:29:04.764469]   theta=120 deg: P = 7.803149e-30
[08:29:04.764486]   theta=180 deg: P = 5.829232e-34
[08:29:04.764591]   Directivity = 1.11 (0.4 dBi)
[08:29:04.764698]
[08:29:04.764730] === Beam steering: optimize eps_r to steer from θ=90° toward θ=60° ===
[08:29:04.943947]   optimize: n_steps=600, grid=(47, 47, 47) (0.1M cells)
[08:29:27.303964]   iter    0  loss = -6.335671e-01
[08:32:55.385706]   iter   10  loss = nan
[08:36:25.534268]   iter   20  loss = nan
[08:39:55.020820]   iter   30  loss = nan
[08:43:22.966453]   iter   40  loss = nan
[08:46:52.069832]   iter   50  loss = nan
[08:50:00.844793]   iter   59  loss = nan
[08:50:01.002471] Optimization: 60 iters in 1256.2s
[08:50:01.002483]
[08:50:01.002485] === Computing final radiation patterns ===
[08:50:07.106079] Initial: peak at θ=90°, D=4.76 (6.8 dBi)
[08:50:07.106119] Optimized: peak at θ=90°, D=4.76 (6.8 dBi)
[08:50:07.106124] Target θ=60°, achieved θ=90°, error=30°
[08:50:07.106366]
[08:50:07.106388] Metrics: {
[08:50:07.106392]   "experiment": "ex3_farfield_steering",
[08:50:07.106395]   "device": "DeviceInfo(backend='gpu', gpu_available=True, devices=[{'id': 0, 'kind': 'NVIDIA GeForce RTX 4090', 'platform': 'gpu'}])",
[08:50:07.106397]   "freq_ghz": 5.0,
[08:50:07.106400]   "dx_mm": 3.0,
[08:50:07.106402]   "domain_mm": 90.0,
[08:50:07.106404]   "n_steps_opt": 600,
[08:50:07.106406]   "n_iterations": 60,
[08:50:07.106409]   "optimization_time_s": 1256.2,
[08:50:07.106411]   "initial_loss": -0.6335670948028564,
[08:50:07.106413]   "final_loss": NaN,
[08:50:07.106416]   "initial_peak_theta_deg": 90.0,
[08:50:07.106418]   "optimized_peak_theta_deg": 90.0,
[08:50:07.106420]   "target_theta_deg": 60.0,
[08:50:07.106423]   "steering_error_deg": 30.0,
[08:50:07.106425]   "initial_directivity_dBi": 6.8,
[08:50:07.106427]   "optimized_directivity_dBi": 6.8
[08:50:07.106429] }
[08:50:07.246151] Saved: pattern_comparison.png
[08:50:07.320633] Saved: convergence.png
[08:50:07.433419] Saved: eps_design.png
[08:50:07.433434]
[08:50:07.433435] Results saved to /output/ex3/
[08:50:12.806865] + echo '[done] ex3 farfield'
[08:50:12.806877] [done] ex3 farfield
[08:50:12.828009] workload reported done
[08:50:12.828109] Workload status changed to stopping
[08:50:23.117184] + set +x
[08:50:28.158210] workload reported done
[08:50:28.158310] Workload status changed to waitToBeKilled
[08:50:30.000000] Stopping container vops-sidecar
[08:50:30.000000] Stopping container run-exec
[08:50:30.000000] Terminating VESSL Workload...
[08:50:30.000000] Stopping container ttyd-sidecar
[08:50:30.000000] Stopping container fluentbit
[08:50:30.134322] workload completed
[08:50:30.134422] Workload status changed to completed
