Organization: remilab
Project: byungkwan
[19:46:16.568855] workload awaiting to start
[19:46:16.568955] Workload status changed to pending
[19:46:21.395438] Event Reason: FailedScheduling, Event Note: 0/13 nodes are available: pod has unbound immediate PersistentVolumeClaims. preemption: 0/13 nodes are available: 13 Preemption is not helpful for scheduling.
[19:46:21.395438] Workload is in queue for scheduling. Please wait...
[19:46:24.833586] Event Reason: FailedScheduling, Event Note: 0/13 nodes are available: pod has unbound immediate PersistentVolumeClaims. preemption: 0/13 nodes are available: 13 Preemption is not helpful for scheduling.
[19:46:24.833586] Workload is in queue for scheduling. Please wait...
[19:46:27.398378] Event Reason: FailedScheduling, Event Note: 0/13 nodes are available: pod has unbound immediate PersistentVolumeClaims. preemption: 0/13 nodes are available: 13 Preemption is not helpful for scheduling.
[19:46:27.398378] Workload is in queue for scheduling. Please wait...
[19:47:57.571911] VESSL Workload assigned successfully. Starting soon.
[19:47:58.000000] Container image "quay.io/vessl-ai/kernels-toolbox:0.1.188" already present on machine
[19:47:58.000000] Created container vops-init
[19:47:58.000000] Started container vops-init
[19:47:59.000000] Started container run-sidecar
[19:47:59.000000] Creating VESSL Workload...
[19:47:59.000000] Starting VESSL Workload...
[19:47:59.000000] Created container run-exec
[19:47:59.000000] Started container run-exec
[19:47:59.000000] Container image "nvcr.io/nvidia/jax:24.10-py3" already present on machine
[19:47:59.000000] Container image "quay.io/vessl-ai/sidecar:v0.0.3" already present on machine
[19:47:59.000000] Created container run-sidecar
[19:47:59.001000] Container image "nvcr.io/nvidia/jax:24.10-py3" already present on machine
[19:48:00.000000] Created container vops-sidecar
[19:48:00.000000] Started container vops-sidecar
[19:48:00.000000] Container image "quay.io/vessl-ai/kernels-toolbox:0.1.188" already present on machine
[19:48:00.000000] Started container fluentbit
[19:48:00.407602] Installing VESSL CLI...
[19:48:01.163466] workload reported alive as pod run-execution-073fbjzivmx0-0
[19:48:01.163566] Workload status changed to initializing
[19:48:02.351319] + set +x
[19:48:05.187119] vessl, version 0.1.199
[19:48:07.505047] workload reported alive as pod run-execution-073fbjzivmx0-0
[19:48:07.505147] Workload status changed to running
[19:48:07.611503] + mkdir -p /root
[19:48:07.613523] + cd /root
[19:48:07.614042] + set -euo pipefail
[19:48:07.614057] + cd /root
[19:48:07.614069] + git clone https://github.com/BK3536/rfx.git
[19:48:07.616419] Cloning into 'rfx'...
[19:48:09.739849] + cd rfx
[19:48:09.739863] + pip install --quiet -e '.[all]' cma
[19:48:12.840450] WARNING: rfx 1807.8.6 does not provide the extra 'dashboard'
[19:48:12.840470] WARNING: rfx 1807.8.6 does not provide the extra 'dev'
[19:48:12.840585] WARNING: rfx 1807.8.6 does not provide the extra 'optimization'
[19:48:12.840594] WARNING: rfx 1807.8.6 does not provide the extra 'visualization'
[19:48:16.774914] WARNING: Running pip as the 'root' user can result in broken permissions and conflicting behaviour with the system package manager. It is recommended to use a virtual environment instead: https://pip.pypa.io/warnings/venv
[19:48:16.925904] + python -c 'import jax; print('"'"'JAX devices:'"'"', jax.devices())'
[19:48:17.252381] JAX devices: [CudaDevice(id=0)]
[19:48:17.304210] + nvidia-smi
[19:48:17.342000] Sat Apr  4 19:48:17 2026
[19:48:17.342025] +---------------------------------------------------------------------------------------+
[19:48:17.342034] | NVIDIA-SMI 535.288.01             Driver Version: 535.288.01   CUDA Version: 12.2     |
[19:48:17.342041] |-----------------------------------------+----------------------+----------------------+
[19:48:17.342047] | GPU  Name                 Persistence-M | Bus-Id        Disp.A | Volatile Uncorr. ECC |
[19:48:17.342052] | Fan  Temp   Perf          Pwr:Usage/Cap |         Memory-Usage | GPU-Util  Compute M. |
[19:48:17.342061] |                                         |                      |               MIG M. |
[19:48:17.342067] |=========================================+======================+======================|
[19:48:17.360706] |   0  NVIDIA GeForce RTX 4090        Off | 00000000:01:00.0 Off |                  Off |
[19:48:17.360709] |  0%   33C    P0              26W / 450W |      1MiB / 24564MiB |      1%      Default |
[19:48:17.360710] |                                         |                      |                  N/A |
[19:48:17.360711] +-----------------------------------------+----------------------+----------------------+
[19:48:17.360713]
[19:48:17.360714] +---------------------------------------------------------------------------------------+
[19:48:17.360716] | Processes:                                                                            |
[19:48:17.360717] |        ID   ID                                                             Usage      |
[19:48:17.360717] |  GPU   GI   CI        PID   Type   Process name                            GPU Memory |
[19:48:17.360718] |=======================================================================================|
[19:48:17.360747] |  No running processes found                                                           |
[19:48:17.360748] +---------------------------------------------------------------------------------------+
[19:48:17.409288] + mkdir -p /output/ex1
[19:48:17.409844] + cp /root/workspace/bk-workspace/papers/rfx-tap/experiments/ex1_patch_antenna.py .
[19:48:17.441191] + OUTPUT_DIR=/output/ex1 python ex1_patch_antenna.py
[19:48:18.144233] Device: DeviceInfo(backend='gpu', gpu_available=True, devices=[{'id': 0, 'kind': 'NVIDIA GeForce RTX 4090', 'platform': 'gpu'}])
[19:48:18.144397] SimConfig (accuracy='standard'):
[19:48:18.144407]   dx = 1.500 mm (50 cells/λ_min)
[19:48:18.144408]   domain = 209.9 × 209.9 × 151.5 mm
[19:48:18.144409]   cpml = 80 layers (120.0 mm)
[19:48:18.144410]   n_steps = 7077 (8.7 ns)
[19:48:18.144411]   freq = 1.00 – 4.00 GHz
[19:48:18.144412]   source = j_source (CPML boundary: J-source with Cb/dV normalization (Meep convention))
[19:48:18.144413]   dz = 0.400 – 1.499 mm (54 cells, non-uniform)
[19:48:18.144414]   WARNINGS:
[19:48:18.144415]     - Non-uniform z mesh enabled: 54 cells, dz=0.400–1.499 mm
[19:48:18.144416] Estimated memory: 20288 MB
[19:48:18.144418]
[19:48:18.144419] === Gradient-based optimisation (Adam) ===
[19:48:20.782429] 2026-04-04 19:48:20.782263: W external/xla/xla/service/hlo_rematerialization.cc:3005] Can't reduce memory use below -1.33TiB (-1459369244768 bytes) by rematerialization; only reduced to 1.84TiB (2022778503499 bytes), down from 1.84TiB (2022778503519 bytes) originally
[19:48:36.597299] 2026-04-04 19:48:36.596909: W external/xla/xla/tsl/framework/bfc_allocator.cc:497] Allocator (GPU_0_bfc) ran out of memory trying to allocate 154.66GiB (rounded to 166067284224)requested by op
[19:48:36.597660] 2026-04-04 19:48:36.597470: W external/xla/xla/tsl/framework/bfc_allocator.cc:508] ****************____________________________________________________________________________________
[19:48:36.597830] E0404 19:48:36.597615     361 pjrt_stream_executor_client.cc:3067] Execution of replica 0 failed: RESOURCE_EXHAUSTED: Out of memory while trying to allocate 166067284152 bytes.
[19:48:36.606971] jax.errors.SimplifiedTraceback: For simplicity, JAX has removed its internal frames from the traceback of the following exception. Set JAX_TRACEBACK_FILTERING=off to include these.
[19:48:36.606973]
[19:48:36.606974] The above exception was the direct cause of the following exception:
[19:48:36.606976]
[19:48:36.606977] Traceback (most recent call last):
[19:48:36.606978]   File "/root/rfx/ex1_patch_antenna.py", line 142, in <module>
[19:48:36.606979]     opt = optimize(
[19:48:36.606980]   File "/root/rfx/rfx/optimize.py", line 213, in optimize
[19:48:36.606982]     loss, grad = grad_fn(latent)
[19:48:36.606983]   File "/root/rfx/rfx/optimize.py", line 193, in forward
[19:48:36.607091]     result = _run(
[19:48:36.607095]   File "/root/rfx/rfx/simulation.py", line 813, in run
[19:48:36.607096]     final_carry, outputs = jax.lax.scan(body, carry_init, xs)
[19:48:36.607098] jaxlib.xla_extension.XlaRuntimeError: RESOURCE_EXHAUSTED: Out of memory while trying to allocate 166067284152 bytes.
[19:48:36.890862] workload reported done
[19:48:36.890962] Workload status changed to stopping
[19:48:43.649603] workload reported done
[19:48:43.649703] Workload status changed to waitToBeKilled
[19:48:45.000000] Stopping container vops-sidecar
[19:48:45.000000] Stopping container run-sidecar
[19:48:45.000000] Stopping container run-exec
[19:48:45.000000] Terminating VESSL Workload...
[19:48:45.000000] Stopping container ttyd-sidecar
[19:48:45.000000] Stopping container fluentbit
[19:48:45.096587] workload failed
[19:48:45.096687] Workload status changed to failed
