Organization: remilab
Project: byungkwan
[06:44:31.289768] workload awaiting to start
[06:44:31.289868] Workload status changed to pending
[06:44:35.840061] Event Reason: FailedScheduling, Event Note: 0/13 nodes are available: pod has unbound immediate PersistentVolumeClaims. preemption: 0/13 nodes are available: 13 Preemption is not helpful for scheduling.
[06:44:35.840061] Workload is in queue for scheduling. Please wait...
[06:44:39.586113] Event Reason: FailedScheduling, Event Note: 0/13 nodes are available: pod has unbound immediate PersistentVolumeClaims. preemption: 0/13 nodes are available: 13 Preemption is not helpful for scheduling.
[06:44:39.586113] Workload is in queue for scheduling. Please wait...
[06:44:42.606036] VESSL Workload assigned successfully. Starting soon.
[06:44:43.000000] Container image "quay.io/vessl-ai/kernels-toolbox:0.1.188" already present on machine
[06:44:43.000000] Created container vops-init
[06:44:43.000000] Started container vops-init
[06:44:44.000000] Creating VESSL Workload...
[06:44:44.000000] Starting VESSL Workload...
[06:44:44.000000] Created container run-exec
[06:44:44.000000] Started container run-exec
[06:44:44.000000] Container image "nvcr.io/nvidia/jax:24.10-py3" already present on machine
[06:44:44.000000] Container image "quay.io/vessl-ai/sidecar:v0.0.3" already present on machine
[06:44:44.000000] Created container run-sidecar
[06:44:44.001000] Container image "nvcr.io/nvidia/jax:24.10-py3" already present on machine
[06:44:45.000000] Created container vops-sidecar
[06:44:45.000000] Started container vops-sidecar
[06:44:45.000000] Container image "quay.io/vessl-ai/kernels-toolbox:0.1.188" already present on machine
[06:44:45.000000] Started container fluentbit
[06:44:45.000000] Created container fluentbit
[06:44:45.000000] Started container ttyd-sidecar
[06:44:45.000000] Container image "quay.io/vessl-ai/fluent-bit:2.1.6" already present on machine
[06:44:45.416082] Installing VESSL CLI...
[06:44:46.016386] workload reported alive as pod run-execution-6506pxf8ylzi-0
[06:44:46.016486] Workload status changed to initializing
[06:44:47.189647] + set +x
[06:44:49.930693] vessl, version 0.1.199
[06:44:52.312622] workload reported alive as pod run-execution-6506pxf8ylzi-0
[06:44:52.312722] Workload status changed to running
[06:44:52.534867] + mkdir -p /root
[06:44:52.536932] + cd /root
[06:44:52.537582] + set -euo pipefail
[06:44:52.537589] + cd /root
[06:44:52.537595] + git clone https://github.com/bk-squared/rfx.git
[06:44:52.539897] Cloning into 'rfx'...
[06:44:54.862544] + cd rfx
[06:44:54.862560] + pip install --quiet -e '.[all]'
[06:44:58.008612] WARNING: rfx 1807.8.6 does not provide the extra 'dashboard'
[06:44:58.008666] WARNING: rfx 1807.8.6 does not provide the extra 'dev'
[06:44:58.008791] WARNING: rfx 1807.8.6 does not provide the extra 'optimization'
[06:44:58.008797] WARNING: rfx 1807.8.6 does not provide the extra 'visualization'
[06:45:02.654152] WARNING: Running pip as the 'root' user can result in broken permissions and conflicting behaviour with the system package manager. It is recommended to use a virtual environment instead: https://pip.pypa.io/warnings/venv
[06:45:02.852049] + pip install --quiet scipy
[06:45:03.323656] + python -c 'import jax; print('"'"'JAX:'"'"', jax.devices()); import rfx; print('"'"'rfx'"'"', rfx.__version__)'
[06:45:03.628831] JAX: [CudaDevice(id=0)]
[06:45:03.957097] rfx 1.4.0
[06:45:04.041578] + mkdir -p /output/ex3
[06:45:04.042201] + cp /root/workspace/bk-workspace/papers/rfx-tap/experiments/ex3_flagship.py .
[06:45:04.052306] + OUTPUT_DIR=/output/ex3 python ex3_flagship.py
[06:45:04.556796] Device: DeviceInfo(backend='gpu', gpu_available=True, devices=[{'id': 0, 'kind': 'NVIDIA GeForce RTX 4090', 'platform': 'gpu'}])
[06:45:04.556816] WR-90: 22.9x10.2mm, f0=10GHz
[06:45:04.556817] dx=2.0mm, domain=80x80x80mm
[06:45:04.556818] N_STEPS: full=3148, opt=500
[06:45:04.556839] Design region: 23x10x10mm plug at aperture
[06:45:04.556840] eps range: 1.0 - 12.0
[06:45:04.556841]
[06:45:04.556842] === NTFF sanity check ===
[06:45:04.556985] /root/rfx/ex3_flagship.py:199: UserWarning: 'pec' y-extent 2.00mm = 1.0 cells — under-resolved (< 3 cells). Consider finer mesh for accurate results.
[06:45:04.556987]   result_check = sim.run(n_steps=N_STEPS_FULL)
[06:45:04.556995] /root/rfx/ex3_flagship.py:199: UserWarning: 'pec' x-extent 2.00mm = 1.0 cells — below 1 cell resolution. Use add_thin_conductor() for sub-cell PEC sheet.
[06:45:04.556996]   result_check = sim.run(n_steps=N_STEPS_FULL)
[06:45:04.557001] /root/rfx/ex3_flagship.py:199: UserWarning: 'pec' x-extent 2.00mm = 1.0 cells — under-resolved (< 3 cells). Consider finer mesh for accurate results.
[06:45:04.557002]   result_check = sim.run(n_steps=N_STEPS_FULL)
[06:45:04.557007] /root/rfx/ex3_flagship.py:199: UserWarning: 'pec' z-extent 2.00mm = 1.0 cells — under-resolved (< 3 cells). Consider finer mesh for accurate results.
[06:45:04.557008]   result_check = sim.run(n_steps=N_STEPS_FULL)
[06:45:09.851028]   Peak theta=177deg, D=7.61 (8.8 dBi)
[06:45:09.851055]
[06:45:09.851058] === Multi-objective directivity optimization (Adam) ===
[06:45:10.019199]   optimize: n_steps=500, grid=(57, 57, 57) (0.2M cells)
[06:45:28.457471] jax.errors.SimplifiedTraceback: For simplicity, JAX has removed its internal frames from the traceback of the following exception. Set JAX_TRACEBACK_FILTERING=off to include these.
[06:45:28.457493]
[06:45:28.457503] The above exception was the direct cause of the following exception:
[06:45:28.457505]
[06:45:28.457506] Traceback (most recent call last):
[06:45:28.457508]   File "/root/rfx/ex3_flagship.py", line 221, in <module>
[06:45:28.457515]     opt = optimize(
[06:45:28.457517]   File "/root/rfx/rfx/optimize.py", line 187, in optimize
[06:45:28.457561]     loss, grad = grad_fn(latent)
[06:45:28.457571]   File "/root/rfx/rfx/optimize.py", line 181, in forward
[06:45:28.457584]     return objective(result, ntff_box=result.ntff_box)
[06:45:28.457587]   File "/root/rfx/ex3_flagship.py", line 168, in multi_objective
[06:45:28.457616]     ff = compute_far_field_jax(result.ntff_data, ntff_box, grid, theta_pts, phi_pts)
[06:45:28.457619]   File "/root/rfx/rfx/farfield.py", line 621, in compute_far_field_jax
[06:45:28.457682]     if dS_k.ndim > 0:
[06:45:28.457697] AttributeError: 'float' object has no attribute 'ndim'
[06:45:28.859138] workload reported done
[06:45:28.859238] Workload status changed to stopping
[06:45:40.539204] workload reported done
[06:45:40.539304] Workload status changed to waitToBeKilled
[06:45:42.000000] Stopping container run-exec
[06:45:42.000000] Terminating VESSL Workload...
[06:45:42.000000] Stopping container ttyd-sidecar
[06:45:42.041137] workload failed
[06:45:42.041237] Workload status changed to failed
