Organization: remilab
Project: byungkwan
[15:20:34.184257] workload awaiting to start
[15:20:34.184357] Workload status changed to pending
[15:20:39.137063] VESSL Workload assigned successfully. Starting soon.
[15:20:40.000000] Creating VESSL Workload...
[15:20:40.000000] Created container run-exec
[15:20:40.000000] Container image "quay.io/vessl-ai/kernels-toolbox:0.1.188" already present on machine
[15:20:40.000000] Created container vops-init
[15:20:40.000000] Container image "nvcr.io/nvidia/jax:24.10-py3" already present on machine
[15:20:40.000000] Started container vops-init
[15:20:41.000000] Started container run-sidecar
[15:20:41.000000] Created container vops-sidecar
[15:20:41.000000] Starting VESSL Workload...
[15:20:41.000000] Started container vops-sidecar
[15:20:41.000000] Started container run-exec
[15:20:41.000000] Started container ttyd-sidecar
[15:20:41.000000] Container image "quay.io/vessl-ai/sidecar:v0.0.3" already present on machine
[15:20:41.474574] Installing VESSL CLI...
[15:20:42.099634] workload reported alive as pod run-execution-0tc8m33dntfq-0
[15:20:42.099734] Workload status changed to initializing
[15:20:43.234581] + set +x
[15:20:46.513700] vessl, version 0.1.199
[15:20:48.383682] workload reported alive as pod run-execution-0tc8m33dntfq-0
[15:20:48.383782] Workload status changed to running
[15:20:48.475861] + mkdir -p /root
[15:20:48.477987] + cd /root
[15:20:48.478676] + set -euo pipefail
[15:20:48.478723] + cd /root
[15:20:48.478739] + git clone https://github.com/BK3536/rfx.git
[15:20:48.480916] Cloning into 'rfx'...
[15:20:50.863191] + cd rfx
[15:20:50.863203] + pip install --quiet -e '.[all]'
[15:20:54.137133] WARNING: rfx 1807.8.6 does not provide the extra 'dashboard'
[15:20:54.137236] WARNING: rfx 1807.8.6 does not provide the extra 'dev'
[15:20:54.137237] WARNING: rfx 1807.8.6 does not provide the extra 'optimization'
[15:20:54.137335] WARNING: rfx 1807.8.6 does not provide the extra 'visualization'
[15:20:57.947199] WARNING: Running pip as the 'root' user can result in broken permissions and conflicting behaviour with the system package manager. It is recommended to use a virtual environment instead: https://pip.pypa.io/warnings/venv
[15:20:58.103052] + python -c 'import jax; print('"'"'JAX devices:'"'"', jax.devices())'
[15:20:58.441999] JAX devices: [CudaDevice(id=0)]
[15:20:58.498753] + nvidia-smi
[15:20:58.541724] Sat Apr  4 15:20:58 2026
[15:20:58.541777] +---------------------------------------------------------------------------------------+
[15:20:58.541807] | NVIDIA-SMI 535.288.01             Driver Version: 535.288.01   CUDA Version: 12.2     |
[15:20:58.541821] |-----------------------------------------+----------------------+----------------------+
[15:20:58.541831] | GPU  Name                 Persistence-M | Bus-Id        Disp.A | Volatile Uncorr. ECC |
[15:20:58.541841] | Fan  Temp   Perf          Pwr:Usage/Cap |         Memory-Usage | GPU-Util  Compute M. |
[15:20:58.541851] |                                         |                      |               MIG M. |
[15:20:58.541862] |=========================================+======================+======================|
[15:20:58.559641] |   0  NVIDIA GeForce RTX 4090        Off | 00000000:01:00.0 Off |                  Off |
[15:20:58.559655] |  0%   33C    P0              26W / 450W |      1MiB / 24564MiB |      1%      Default |
[15:20:58.559658] |                                         |                      |                  N/A |
[15:20:58.559660] +-----------------------------------------+----------------------+----------------------+
[15:20:58.559661]
[15:20:58.559666] +---------------------------------------------------------------------------------------+
[15:20:58.559668] | Processes:                                                                            |
[15:20:58.559670] |  GPU   GI   CI        PID   Type   Process name                            GPU Memory |
[15:20:58.559671] |        ID   ID                                                             Usage      |
[15:20:58.559673] |=======================================================================================|
[15:20:58.559675] |  No running processes found                                                           |
[15:20:58.559676] +---------------------------------------------------------------------------------------+
[15:20:58.603428] + mkdir -p /output/ex1
[15:20:58.603945] + cp /root/workspace/bk-workspace/papers/rfx-tap/experiments/ex1_patch_s11.py .
[15:20:58.645697] + OUTPUT_DIR=/output/ex1 python ex1_patch_s11.py
[15:20:59.420522] Device: DeviceInfo(backend='gpu', gpu_available=True, devices=[{'id': 0, 'kind': 'NVIDIA GeForce RTX 4090', 'platform': 'gpu'}])
[15:20:59.420550] SimConfig (accuracy='standard'):
[15:20:59.420554]   dx = 1.500 mm (50 cells/λ_min)
[15:20:59.420556]   domain = 50.0 × 50.0 × 12.0 mm
[15:20:59.420558]   cpml = 80 layers (120.0 mm)
[15:20:59.420560]   n_steps = 7077 (8.7 ns)
[15:20:59.420562]   freq = 1.00 – 4.00 GHz
[15:20:59.420564]   source = raw (PEC boundary: raw E-field source (no Cb normalization needed))
[15:20:59.420568]   dz = 0.400 – 1.667 mm (7 cells, non-uniform)
[15:20:59.420571]   WARNINGS:
[15:20:59.420573]     - Non-uniform z mesh enabled: 7 cells, dz=0.400–1.667 mm
[15:20:59.420575] Estimated memory: 925 MB
[15:20:59.420577]
[15:20:59.420578] === Gradient-based optimization (Adam) ===
[15:21:02.051611]   iter    0  loss = 1.397896e-04
[15:21:06.212318]   iter   10  loss = 1.072734e-04
[15:21:10.376464]   iter   20  loss = 8.474497e-05
[15:21:14.547607]   iter   30  loss = 6.860787e-05
[15:21:18.667588]   iter   40  loss = 5.684457e-05
[15:21:22.804452]   iter   50  loss = 4.812994e-05
[15:21:26.589941]   iter   59  loss = 4.205140e-05
[15:21:26.619170] Adam: 60 iters in 27.2s
[15:21:26.619188]
[15:21:26.619191] === Random-search baseline (GA proxy) ===
[15:21:48.255198]   Random iter 50/200, best loss: 1.0759e-04
[15:22:09.104929]   Random iter 100/200, best loss: 8.7961e-05
[15:22:30.235908]   Random iter 150/200, best loss: 8.7961e-05
[15:22:51.582918]   Random iter 200/200, best loss: 8.7961e-05
[15:22:51.583026]
[15:22:51.583033] Metrics: {
[15:22:51.583035]   "experiment": "ex1_patch_s11",
[15:22:51.583040]   "device": "DeviceInfo(backend='gpu', gpu_available=True, devices=[{'id': 0, 'kind': 'NVIDIA GeForce RTX 4090', 'platform': 'gpu'}])",
[15:22:51.583041]   "adam_iters": 60,
[15:22:51.583042]   "adam_time_s": 27.2,
[15:22:51.583043]   "adam_initial_loss": 0.00013978964125271887,
[15:22:51.583044]   "adam_final_loss": 4.2051404307130724e-05,
[15:22:51.583045]   "random_evals": 200,
[15:22:51.583045]   "random_best_loss": 8.79613435245119e-05,
[15:22:51.583046]   "adam_improvement_pct": 69.9,
[15:22:51.583047]   "speedup_ratio": 3.3
[15:22:51.583048] }
[15:22:51.968242]
[15:22:51.968257] Results saved to /output/ex1/
[15:22:54.611372] + echo '[done] ex1 patch S11'
[15:22:54.611398] [done] ex1 patch S11
[15:22:54.631023] workload reported done
[15:22:54.631124] Workload status changed to stopping
[15:23:00.498483] + set +x
[15:23:05.532074] workload reported done
[15:23:05.532175] Workload status changed to waitToBeKilled
[15:23:06.000000] Stopping container vops-sidecar
[15:23:06.000000] Stopping container run-sidecar
[15:23:06.000000] Stopping container run-exec
[15:23:06.000000] Terminating VESSL Workload...
[15:23:06.000000] Stopping container ttyd-sidecar
[15:23:06.000000] Stopping container fluentbit
[15:23:06.051706] workload completed
[15:23:06.051806] Workload status changed to completed
