Organization: remilab
Project: byungkwan
[14:54:05.122160] workload awaiting to start
[14:54:05.122260] Workload status changed to pending
[14:54:14.178692] Event Reason: FailedScheduling, Event Note: 0/13 nodes are available: pod has unbound immediate PersistentVolumeClaims. preemption: 0/13 nodes are available: 13 Preemption is not helpful for scheduling.
[14:54:14.178692] Workload is in queue for scheduling. Please wait...
[14:54:17.628834] Event Reason: FailedScheduling, Event Note: 0/13 nodes are available: pod has unbound immediate PersistentVolumeClaims. preemption: 0/13 nodes are available: 13 Preemption is not helpful for scheduling.
[14:54:17.628834] Workload is in queue for scheduling. Please wait...
[14:54:20.582542] Event Reason: FailedScheduling, Event Note: 0/13 nodes are available: pod has unbound immediate PersistentVolumeClaims. preemption: 0/13 nodes are available: 13 Preemption is not helpful for scheduling.
[14:54:20.582542] Workload is in queue for scheduling. Please wait...
[14:54:24.587248] Event Reason: FailedScheduling, Event Note: 0/13 nodes are available: pod has unbound immediate PersistentVolumeClaims. preemption: 0/13 nodes are available: 13 Preemption is not helpful for scheduling.
[14:54:24.587248] Workload is in queue for scheduling. Please wait...
[14:54:32.609577] VESSL Workload assigned successfully. Starting soon.
[14:54:33.000000] Container image "quay.io/vessl-ai/kernels-toolbox:0.1.188" already present on machine
[14:54:33.000000] Created container vops-init
[14:54:33.000000] Started container vops-init
[14:54:34.000000] Started container run-sidecar
[14:54:34.000000] Creating VESSL Workload...
[14:54:34.000000] Created container ttyd-sidecar
[14:54:34.000000] Starting VESSL Workload...
[14:54:34.000000] Created container run-exec
[14:54:34.000000] Container image "quay.io/vessl-ai/kernels-toolbox:0.1.188" already present on machine
[14:54:34.000000] Started container run-exec
[14:54:34.000000] Started container fluentbit
[14:54:34.000000] Created container fluentbit
[14:54:34.000000] Container image "nvcr.io/nvidia/jax:24.10-py3" already present on machine
[14:54:34.000000] Container image "quay.io/vessl-ai/fluent-bit:2.1.6" already present on machine
[14:54:34.000000] Container image "quay.io/vessl-ai/sidecar:v0.0.3" already present on machine
[14:54:34.000000] Created container run-sidecar
[14:54:34.001000] Container image "nvcr.io/nvidia/jax:24.10-py3" already present on machine
[14:54:35.000000] Created container vops-sidecar
[14:54:35.000000] Started container vops-sidecar
[14:54:35.000000] Container image "quay.io/vessl-ai/kernels-toolbox:0.1.188" already present on machine
[14:54:35.000000] Started container ttyd-sidecar
[14:54:35.118651] Installing VESSL CLI...
[14:54:35.975576] workload reported alive as pod run-execution-tn4iyk8fy7cx-0
[14:54:35.975676] Workload status changed to initializing
[14:54:37.073725] + set +x
[14:54:40.057529] vessl, version 0.1.199
[14:54:42.190812] workload reported alive as pod run-execution-tn4iyk8fy7cx-0
[14:54:42.190912] Workload status changed to running
[14:54:42.356215] + mkdir -p /root
[14:54:42.357128] + cd /root
[14:54:42.357332] + set -euo pipefail
[14:54:42.357342] + cd /root
[14:54:42.357348] + git clone https://github.com/BK3536/rfx.git
[14:54:42.358233] Cloning into 'rfx'...
[14:54:44.163100] + cd rfx
[14:54:44.163125] + pip install --quiet -e '.[all]'
[14:54:47.452435] WARNING: rfx 1807.8.6 does not provide the extra 'dashboard'
[14:54:47.452478] WARNING: rfx 1807.8.6 does not provide the extra 'dev'
[14:54:47.452486] WARNING: rfx 1807.8.6 does not provide the extra 'optimization'
[14:54:47.452492] WARNING: rfx 1807.8.6 does not provide the extra 'visualization'
[14:54:52.688267] WARNING: Running pip as the 'root' user can result in broken permissions and conflicting behaviour with the system package manager. It is recommended to use a virtual environment instead: https://pip.pypa.io/warnings/venv
[14:54:53.043869] + python -c 'import jax; print('"'"'JAX devices:'"'"', jax.devices())'
[14:54:53.409746] JAX devices: [CudaDevice(id=0)]
[14:54:53.493509] + nvidia-smi
[14:54:53.526680] Sat Apr  4 14:54:53 2026
[14:54:53.526723] +-----------------------------------------------------------------------------------------+
[14:54:53.526730] | NVIDIA-SMI 570.211.01             Driver Version: 570.211.01     CUDA Version: 12.8     |
[14:54:53.526734] |-----------------------------------------+------------------------+----------------------+
[14:54:53.526737] | GPU  Name                 Persistence-M | Bus-Id          Disp.A | Volatile Uncorr. ECC |
[14:54:53.526741] | Fan  Temp   Perf          Pwr:Usage/Cap |           Memory-Usage | GPU-Util  Compute M. |
[14:54:53.526745] |                                         |                        |               MIG M. |
[14:54:53.526748] |=========================================+========================+======================|
[14:54:53.530842] |   0  NVIDIA GeForce RTX 4090        Off |   00000000:01:00.0 Off |                  Off |
[14:54:53.530863] |  0%   34C    P2             10W /  450W |       0MiB /  24564MiB |      0%      Default |
[14:54:53.530871] |                                         |                        |                  N/A |
[14:54:53.530878] +-----------------------------------------+------------------------+----------------------+
[14:54:53.530979]
[14:54:53.530996] +-----------------------------------------------------------------------------------------+
[14:54:53.531005] | Processes:                                                                              |
[14:54:53.531013] |  GPU   GI   CI              PID   Type   Process name                        GPU Memory |
[14:54:53.531018] |        ID   ID                                                               Usage      |
[14:54:53.531024] |=========================================================================================|
[14:54:53.531221] |  No running processes found                                                             |
[14:54:53.531236] +-----------------------------------------------------------------------------------------+
[14:54:53.597922] + mkdir -p /output/ex0
[14:54:53.599910] + cp /root/workspace/bk-workspace/papers/rfx-tap/experiments/ex0_grad_check.py .
[14:54:53.634065] + OUTPUT_DIR=/output/ex0 python ex0_grad_check.py
[14:54:54.326889] Device: DeviceInfo(backend='gpu', gpu_available=True, devices=[{'id': 0, 'kind': 'NVIDIA GeForce RTX 4090', 'platform': 'gpu'}])
[14:54:54.326916]
[14:54:54.326921] === Simulation: 30x20x15 mm PEC cavity, dx=1mm ===
[14:54:54.528764]
[14:54:54.528801] Checking gradients for 3 objectives...
[14:54:54.528808]
[14:54:54.528815] --- reflected_energy ---
[16:45:02.668326]   Mean relative error: 7.73e-04
[16:45:02.668363]   Max relative error:  7.73e-04
[16:45:02.668368]   Time: 2897.6s
[16:45:02.668372]
[16:45:02.668376] --- total_energy ---
[17:35:13.843175]   Mean relative error: 7.73e-04
[17:35:13.843216]   Max relative error:  7.73e-04
[17:35:13.843220]   Time: 3011.2s
[17:35:13.843555]
[17:35:13.843571] Metrics: {
[17:35:13.843576]   "experiment": "ex0_grad_check",
[17:35:13.843581]   "device": "DeviceInfo(backend='gpu', gpu_available=True, devices=[{'id': 0, 'kind': 'NVIDIA GeForce RTX 4090', 'platform': 'gpu'}])",
[17:35:13.843586]   "objectives": {
[17:35:13.843590]     "reflected_energy": {
[17:35:13.843595]       "mean_relative_error": 0.000905793619342471,
[17:35:13.843599]       "max_relative_error": 0.000905793619342471,
[17:35:13.843602]       "pass": true,
[17:35:13.843606]       "time_s": 3710.5,
[17:35:13.843610]       "ad_grad_sample": [
[17:35:13.843614]         0.0,
[17:35:13.843617]         0.0,
[17:35:13.843621]         0.0,
[17:35:13.843625]         0.0,
[17:35:13.843629]         0.0,
[17:35:13.843632]         0.0,
[17:35:13.843636]         0.0,
[17:35:13.843640]         0.0,
[17:35:13.843643]         0.0,
[17:35:13.843647]         0.0
[17:35:13.843651]       ],
[17:35:13.843655]       "fd_grad_sample": [
[17:35:13.843658]         0.0,
[17:35:13.843662]         0.0,
[17:35:13.843666]         0.0,
[17:35:13.843669]         0.0,
[17:35:13.843673]         0.0,
[17:35:13.843677]         0.0,
[17:35:13.843680]         0.0,
[17:35:13.843684]         0.0,
[17:35:13.843688]         0.0,
[17:35:13.843691]         0.0
[17:35:13.843695]       ]
[17:35:13.843699]     },
[17:35:13.843702]     "transmitted_power": {
[17:35:13.843709]       "mean_relative_error": 0.0007729034851546829,
[17:35:13.843712]       "max_relative_error": 0.0007729034851546829,
[17:35:13.843716]       "pass": true,
[17:35:13.843720]       "time_s": 2897.6,
[17:35:13.843724]       "ad_grad_sample": [
[17:35:13.843727]         0.0,
[17:35:13.843742]         0.0,
[17:35:13.843746]         0.0,
[17:35:13.843750]         0.0,
[17:35:13.843753]         0.0,
[17:35:13.843757]         0.0,
[17:35:13.843760]         0.0,
[17:35:13.843764]         0.0,
[17:35:13.843767]         0.0,
[17:35:13.843771]         0.0
[17:35:13.843775]       ],
[17:35:13.843778]       "fd_grad_sample": [
[17:35:13.843782]         0.0,
[17:35:13.843786]         0.0,
[17:35:13.843789]         0.0,
[17:35:13.843793]         0.0,
[17:35:13.843796]         0.0,
[17:35:13.843800]         0.0,
[17:35:13.843803]         0.0,
[17:35:13.843807]         0.0,
[17:35:13.843810]         0.0,
[17:35:13.843814]         0.0
[17:35:13.843817]       ]
[17:35:13.843821]     },
[17:35:13.843825]     "total_energy": {
[17:35:13.843828]       "mean_relative_error": 0.0007729034851546829,
[17:35:13.843832]       "max_relative_error": 0.0007729034851546829,
[17:35:13.843836]       "pass": true,
[17:35:13.843839]       "time_s": 3011.2,
[17:35:13.843843]       "ad_grad_sample": [
[17:35:13.843846]         0.0,
[17:35:13.843850]         0.0,
[17:35:13.843853]         0.0,
[17:35:13.843867]         0.0,
[17:35:13.843870]         0.0,
[17:35:13.843874]         0.0,
[17:35:13.843877]         0.0,
[17:35:13.843881]         0.0,
[17:35:13.843884]         0.0,
[17:35:13.843888]         0.0
[17:35:13.843892]       ],
[17:35:13.843895]       "fd_grad_sample": [
[17:35:13.843899]         0.0,
[17:35:13.843902]         0.0,
[17:35:13.843906]         0.0,
[17:35:13.843909]         0.0,
[17:35:13.843913]         0.0,
[17:35:13.843916]         0.0,
[17:35:13.843920]         0.0,
[17:35:13.843924]         0.0,
[17:35:13.843927]         0.0,
[17:35:13.843931]         0.0
[17:35:13.843934]       ]
[17:35:13.843938]     }
[17:35:13.843941]   },
[17:35:13.843945]   "all_pass": true
[17:35:13.843949] }
[17:35:14.078870]
[17:35:14.078902] Results saved to /output/ex0/
[17:35:14.078907] Overall: PASS
[17:35:25.663526] [done] ex0 gradient check
[17:35:25.663549] + echo '[done] ex0 gradient check'
[17:35:25.683562] workload reported done
[17:35:25.683662] Workload status changed to stopping
[17:35:33.207984] + set +x
[17:35:38.228828] workload reported done
[17:35:38.228928] Workload status changed to waitToBeKilled
[17:35:39.000000] Stopping container vops-sidecar
[17:35:39.000000] Stopping container run-sidecar
[17:35:39.000000] Stopping container run-exec
[17:35:39.000000] Terminating VESSL Workload...
[17:35:39.000000] Stopping container fluentbit
[17:35:39.121749] workload completed
[17:35:39.121849] Workload status changed to completed
