Organization: remilab
Project: byungkwan
[19:08:16.448941] workload awaiting to start
[19:08:16.449041] Workload status changed to pending
[19:08:26.629872] Event Reason: FailedScheduling, Event Note: 0/13 nodes are available: pod has unbound immediate PersistentVolumeClaims. preemption: 0/13 nodes are available: 13 Preemption is not helpful for scheduling.
[19:08:26.629872] Workload is in queue for scheduling. Please wait...
[19:08:30.073185] Event Reason: FailedScheduling, Event Note: 0/13 nodes are available: pod has unbound immediate PersistentVolumeClaims. preemption: 0/13 nodes are available: 13 Preemption is not helpful for scheduling.
[19:08:30.073185] Workload is in queue for scheduling. Please wait...
[19:08:33.003523] Event Reason: FailedScheduling, Event Note: 0/13 nodes are available: pod has unbound immediate PersistentVolumeClaims. preemption: 0/13 nodes are available: 13 Preemption is not helpful for scheduling.
[19:08:33.003523] Workload is in queue for scheduling. Please wait...
[19:09:39.680603] VESSL Workload assigned successfully. Starting soon.
[19:09:40.000000] Container image "quay.io/vessl-ai/kernels-toolbox:0.1.188" already present on machine
[19:09:40.000000] Created container vops-init
[19:09:40.000000] Started container vops-init
[19:09:41.000000] Creating VESSL Workload...
[19:09:41.000000] Created container run-exec
[19:09:41.000000] Container image "nvcr.io/nvidia/jax:24.10-py3" already present on machine
[19:09:41.001000] Container image "nvcr.io/nvidia/jax:24.10-py3" already present on machine
[19:09:42.000000] Started container run-sidecar
[19:09:42.000000] Created container vops-sidecar
[19:09:42.000000] Created container ttyd-sidecar
[19:09:42.000000] Starting VESSL Workload...
[19:09:42.000000] Started container vops-sidecar
[19:09:42.000000] Container image "quay.io/vessl-ai/kernels-toolbox:0.1.188" already present on machine
[19:09:42.000000] Started container run-exec
[19:09:42.000000] Created container fluentbit
[19:09:42.000000] Started container ttyd-sidecar
[19:09:42.000000] Container image "quay.io/vessl-ai/fluent-bit:2.1.6" already present on machine
[19:09:42.000000] Container image "quay.io/vessl-ai/sidecar:v0.0.3" already present on machine
[19:09:42.000000] Created container run-sidecar
[19:09:42.650322] Installing VESSL CLI...
[19:09:43.342210] workload reported alive as pod run-execution-gih1bdtlun2n-0
[19:09:43.342310] Workload status changed to initializing
[19:09:44.483627] + set +x
[19:09:47.470669] vessl, version 0.1.199
[19:09:49.589114] workload reported alive as pod run-execution-gih1bdtlun2n-0
[19:09:49.589215] Workload status changed to running
[19:09:49.801456] + mkdir -p /root
[19:09:49.803482] + cd /root
[19:09:49.803971] + set -euo pipefail
[19:09:49.804000] + cd /root
[19:09:49.804011] + git clone https://github.com/BK3536/rfx.git
[19:09:49.806101] Cloning into 'rfx'...
[19:09:51.708209] + cd rfx
[19:09:51.708224] + pip install --quiet -e '.[all]'
[19:09:55.384678] WARNING: rfx 1807.8.6 does not provide the extra 'dashboard'
[19:09:55.384714] WARNING: rfx 1807.8.6 does not provide the extra 'dev'
[19:09:55.384717] WARNING: rfx 1807.8.6 does not provide the extra 'optimization'
[19:09:55.384816] WARNING: rfx 1807.8.6 does not provide the extra 'visualization'
[19:10:00.258222] WARNING: Running pip as the 'root' user can result in broken permissions and conflicting behaviour with the system package manager. It is recommended to use a virtual environment instead: https://pip.pypa.io/warnings/venv
[19:10:00.451649] + python -c 'import jax; print('"'"'JAX devices:'"'"', jax.devices())'
[19:10:00.727895] JAX devices: [CudaDevice(id=0)]
[19:10:00.774314] + nvidia-smi
[19:10:00.817086] Sat Apr  4 19:10:00 2026
[19:10:00.817133] +---------------------------------------------------------------------------------------+
[19:10:00.817150] | NVIDIA-SMI 535.288.01             Driver Version: 535.288.01   CUDA Version: 12.2     |
[19:10:00.817159] |-----------------------------------------+----------------------+----------------------+
[19:10:00.817165] | GPU  Name                 Persistence-M | Bus-Id        Disp.A | Volatile Uncorr. ECC |
[19:10:00.817170] | Fan  Temp   Perf          Pwr:Usage/Cap |         Memory-Usage | GPU-Util  Compute M. |
[19:10:00.817175] |                                         |                      |               MIG M. |
[19:10:00.817180] |=========================================+======================+======================|
[19:10:00.834876] |   0  NVIDIA GeForce RTX 4090        Off | 00000000:01:00.0 Off |                  Off |
[19:10:00.834880] |  0%   33C    P0              21W / 450W |      1MiB / 24564MiB |      0%      Default |
[19:10:00.834882] +-----------------------------------------+----------------------+----------------------+
[19:10:00.834882] |                                         |                      |                  N/A |
[19:10:00.834883]
[19:10:00.834885] +---------------------------------------------------------------------------------------+
[19:10:00.834886] | Processes:                                                                            |
[19:10:00.834887] |  GPU   GI   CI        PID   Type   Process name                            GPU Memory |
[19:10:00.834889] |        ID   ID                                                             Usage      |
[19:10:00.834890] |=======================================================================================|
[19:10:00.834891] |  No running processes found                                                           |
[19:10:00.834892] +---------------------------------------------------------------------------------------+
[19:10:00.886035] + mkdir -p /output/ex3
[19:10:00.886613] + cp /root/workspace/bk-workspace/papers/rfx-tap/experiments/ex3_farfield_steering.py .
[19:10:00.914255] + OUTPUT_DIR=/output/ex3 python ex3_farfield_steering.py
[19:10:01.555718] Device: DeviceInfo(backend='gpu', gpu_available=True, devices=[{'id': 0, 'kind': 'NVIDIA GeForce RTX 4090', 'platform': 'gpu'}])
[19:10:01.555857]
[19:10:01.555860] === Building simulation (dx=1.00 mm, est. 1085 MB) ===
[19:10:01.733587]
[19:10:01.733622] === Far-field beam steering optimization (optimize + NTFF) ===
[19:10:01.733624] Target: steer main beam to theta=30 deg, phi=0 (E-plane)
[19:10:06.143315] 2026-04-04 19:10:06.143107: W external/xla/xla/service/hlo_rematerialization.cc:3005] Can't reduce memory use below 5.40GiB (5798695272 bytes) by rematerialization; only reduced to 14.95GiB (16049705128 bytes), down from 14.95GiB (16049705264 bytes) originally
[19:10:24.271278] 2026-04-04 19:10:24.271089: W external/xla/xla/service/hlo_rematerialization.cc:3005] Can't reduce memory use below 5.40GiB (5798894297 bytes) by rematerialization; only reduced to 8.94GiB (9596822080 bytes), down from 8.94GiB (9596822400 bytes) originally
[19:10:35.266865] 2026-04-04 19:10:35.266614: W external/xla/xla/tsl/framework/bfc_allocator.cc:497] Allocator (GPU_0_bfc) ran out of memory trying to allocate 8.92GiB (rounded to 9579286784)requested by op
[19:10:35.267283] 2026-04-04 19:10:35.267077: W external/xla/xla/tsl/framework/bfc_allocator.cc:508] *********************************************************************_______________________________
[19:10:35.267324] E0404 19:10:35.267144     336 pjrt_stream_executor_client.cc:3067] Execution of replica 0 failed: RESOURCE_EXHAUSTED: Out of memory while trying to allocate 9579286624 bytes.
[19:10:35.277812] Traceback (most recent call last):
[19:10:35.277818]   File "/root/rfx/ex3_farfield_steering.py", line 197, in <module>
[19:10:35.277936]     opt_result = optimize(
[19:10:35.277942]   File "/root/rfx/rfx/optimize.py", line 213, in optimize
[19:10:35.277943]     loss, grad = grad_fn(latent)
[19:10:35.277944]   File "/root/rfx/rfx/optimize.py", line 193, in forward
[19:10:35.278074]     result = _run(
[19:10:35.278082]   File "/root/rfx/rfx/simulation.py", line 813, in run
[19:10:35.278084]     final_carry, outputs = jax.lax.scan(body, carry_init, xs)
[19:10:35.278086] jax._src.source_info_util.JaxStackTraceBeforeTransformation: jaxlib.xla_extension.XlaRuntimeError: RESOURCE_EXHAUSTED: Out of memory while trying to allocate 9579286624 bytes.
[19:10:35.278087]
[19:10:35.278088] The preceding stack trace is the source of the JAX operation that, once transformed by JAX, triggered the following exception.
[19:10:35.278089]
[19:10:35.278090] --------------------
[19:10:35.278090]
[19:10:35.278091] The above exception was the direct cause of the following exception:
[19:10:35.278092]
[19:10:35.278094] jax.errors.SimplifiedTraceback: For simplicity, JAX has removed its internal frames from the traceback of the following exception. Set JAX_TRACEBACK_FILTERING=off to include these.
[19:10:35.278095] The above exception was the direct cause of the following exception:
[19:10:35.278095]
[19:10:35.278096]
[19:10:35.278098] Traceback (most recent call last):
[19:10:35.278099]   File "/root/rfx/ex3_farfield_steering.py", line 197, in <module>
[19:10:35.278207]     opt_result = optimize(
[19:10:35.278219]   File "/root/rfx/rfx/optimize.py", line 213, in optimize
[19:10:35.278220]     loss, grad = grad_fn(latent)
[19:10:35.278221] jaxlib.xla_extension.XlaRuntimeError: RESOURCE_EXHAUSTED: Out of memory while trying to allocate 9579286624 bytes.
[19:10:35.689605] workload reported done
[19:10:35.689705] Workload status changed to stopping
[19:10:49.812747] workload reported done
[19:10:49.812847] Workload status changed to waitToBeKilled
[19:10:51.000000] Stopping container vops-sidecar
[19:10:51.000000] Stopping container run-sidecar
[19:10:51.000000] Stopping container run-exec
[19:10:51.000000] Terminating VESSL Workload...
[19:10:51.000000] Stopping container ttyd-sidecar
[19:10:51.000000] Stopping container fluentbit
[19:10:51.061716] workload failed
[19:10:51.061816] Workload status changed to failed
