Organization: remilab
Project: byungkwan
[01:32:02.753795] workload awaiting to start
[01:32:02.753895] Workload status changed to pending
[01:32:18.840926] Event Reason: FailedScheduling, Event Note: 0/13 nodes are available: pod has unbound immediate PersistentVolumeClaims. preemption: 0/13 nodes are available: 13 Preemption is not helpful for scheduling.
[01:32:18.840926] Workload is in queue for scheduling. Please wait...
[01:32:25.117297] Event Reason: FailedScheduling, Event Note: 0/13 nodes are available: pod has unbound immediate PersistentVolumeClaims. preemption: 0/13 nodes are available: 13 Preemption is not helpful for scheduling.
[01:32:25.117297] Workload is in queue for scheduling. Please wait...
[01:32:28.024535] VESSL Workload assigned successfully. Starting soon.
[01:32:29.000000] Container image "quay.io/vessl-ai/kernels-toolbox:0.1.188" already present on machine
[01:32:29.000000] Created container vops-init
[01:32:29.000000] Started container vops-init
[01:32:30.000000] Started container run-sidecar
[01:32:30.000000] Creating VESSL Workload...
[01:32:30.000000] Created container ttyd-sidecar
[01:32:30.000000] Starting VESSL Workload...
[01:32:30.000000] Created container run-exec
[01:32:30.000000] Container image "quay.io/vessl-ai/kernels-toolbox:0.1.188" already present on machine
[01:32:30.000000] Started container run-exec
[01:32:30.000000] Started container fluentbit
[01:32:30.000000] Created container fluentbit
[01:32:30.000000] Container image "nvcr.io/nvidia/jax:24.10-py3" already present on machine
[01:32:30.000000] Started container ttyd-sidecar
[01:32:30.000000] Container image "quay.io/vessl-ai/fluent-bit:2.1.6" already present on machine
[01:32:30.000000] Container image "quay.io/vessl-ai/sidecar:v0.0.3" already present on machine
[01:32:30.000000] Created container run-sidecar
[01:32:30.001000] Container image "nvcr.io/nvidia/jax:24.10-py3" already present on machine
[01:32:31.000000] Created container vops-sidecar
[01:32:31.000000] Started container vops-sidecar
[01:32:31.000000] Container image "quay.io/vessl-ai/kernels-toolbox:0.1.188" already present on machine
[01:32:31.108567] Installing VESSL CLI...
[01:32:31.708297] Workload status changed to initializing
[01:32:32.835992] + set +x
[01:32:35.123184] vessl, version 0.1.199
[01:32:37.991385] workload reported alive as pod run-execution-niong6zhfz80-0
[01:32:37.991485] Workload status changed to running
[01:32:38.160199] + mkdir -p /root
[01:32:38.162312] + cd /root
[01:32:38.162965] + set -euo pipefail
[01:32:38.163007] + cd /root
[01:32:38.163016] + git clone https://github.com/bk-squared/rfx.git
[01:32:38.165254] Cloning into 'rfx'...
[01:32:41.143187] + cd rfx
[01:32:41.143203] + pip install --quiet -e '.[all]'
[01:32:43.741853] WARNING: rfx 1807.8.6 does not provide the extra 'dashboard'
[01:32:43.741875] WARNING: rfx 1807.8.6 does not provide the extra 'dev'
[01:32:43.741877] WARNING: rfx 1807.8.6 does not provide the extra 'optimization'
[01:32:43.742010] WARNING: rfx 1807.8.6 does not provide the extra 'visualization'
[01:32:47.463111] WARNING: Running pip as the 'root' user can result in broken permissions and conflicting behaviour with the system package manager. It is recommended to use a virtual environment instead: https://pip.pypa.io/warnings/venv
[01:32:47.613863] + pip install --quiet scipy cma
[01:32:48.822099] + python -c 'import jax; print('"'"'JAX:'"'"', jax.devices()); import rfx; print('"'"'rfx'"'"', rfx.__version__)'
[01:32:49.225972] JAX: [CudaDevice(id=0)]
[01:32:49.686180] rfx 1.4.0
[01:32:49.776249] + nvidia-smi
[01:32:49.817091] Wed Apr  8 01:32:49 2026
[01:32:49.817471] +-----------------------------------------------------------------------------------------+
[01:32:49.817484] | NVIDIA-SMI 570.211.01             Driver Version: 570.211.01     CUDA Version: 12.8     |
[01:32:49.817492] |-----------------------------------------+------------------------+----------------------+
[01:32:49.817497] | GPU  Name                 Persistence-M | Bus-Id          Disp.A | Volatile Uncorr. ECC |
[01:32:49.817500] | Fan  Temp   Perf          Pwr:Usage/Cap |           Memory-Usage | GPU-Util  Compute M. |
[01:32:49.817503] |                                         |                        |               MIG M. |
[01:32:49.817507] |=========================================+========================+======================|
[01:32:49.822661] |   0  NVIDIA GeForce RTX 4090        Off |   00000000:01:00.0 Off |                  Off |
[01:32:49.822673] |  0%   34C    P2             39W /  450W |       0MiB /  24564MiB |      2%      Default |
[01:32:49.822676] |                                         |                        |                  N/A |
[01:32:49.822680] +-----------------------------------------+------------------------+----------------------+
[01:32:49.822798]
[01:32:49.822802] +-----------------------------------------------------------------------------------------+
[01:32:49.822804] | Processes:                                                                              |
[01:32:49.822807] |  GPU   GI   CI              PID   Type   Process name                        GPU Memory |
[01:32:49.822809] |        ID   ID                                                               Usage      |
[01:32:49.822811] |=========================================================================================|
[01:32:49.823045] |  No running processes found                                                             |
[01:32:49.823049] +-----------------------------------------------------------------------------------------+
[01:32:49.890218] + mkdir -p /output/ex6
[01:32:49.897172] + head -1
[01:32:49.906308] + ls /root/workspace/bk-workspace/papers/rfx-tap/experiments/ex6_absorber.py
[01:32:49.907144] + SCRIPT=/root/workspace/bk-workspace/papers/rfx-tap/experiments/ex6_absorber.py
[01:32:49.907146] + cp /root/workspace/bk-workspace/papers/rfx-tap/experiments/ex6_absorber.py .
[01:32:49.910730] + basename /root/workspace/bk-workspace/papers/rfx-tap/experiments/ex6_absorber.py
[01:32:49.911178] + OUTPUT_DIR=/output/ex6 python ex6_absorber.py
[01:32:50.560634] DeviceInfo(backend='gpu', gpu_available=True, devices=[{'id': 0, 'kind': 'NVIDIA GeForce RTX 4090', 'platform': 'gpu'}])
[01:32:50.560652] Starting optimization …
[01:32:51.284545]   optimize: n_steps=600, grid=(37, 37, 47) (0.1M cells)
[01:33:03.349789]   iter    0  loss = 1.066512e+00
[01:34:54.010910]   iter   10  loss = 6.795669e-01
[01:36:45.101061]   iter   20  loss = 5.516775e-01
[01:38:35.896774]   iter   30  loss = 3.637435e-01
[01:40:27.001650]   iter   40  loss = 2.055978e-01
[01:42:17.717090]   iter   50  loss = 1.453055e-01
[01:44:08.654777]   iter   60  loss = 1.144613e-01
[01:45:59.029326]   iter   70  loss = 9.803061e-02
[01:47:38.609231]   iter   79  loss = 8.435111e-02
[01:47:38.664768] Optimization done in 888.1 s
[01:47:38.720139] Optimized eps per layer: ['15.53', '14.63', '14.41', '15.49', '15.43']
[01:47:38.791367] Running broadband validation: initial (eps=1) …
[01:47:38.791512] /root/rfx/ex6_absorber.py:216: UserWarning: 'pec_back' z-extent 1.00mm = 1.0 cells — under-resolved (< 3 cells). Consider finer mesh for accurate results.
[01:47:38.791518]   result = sim.run(num_periods=30)
[01:47:38.791521] /root/rfx/ex6_absorber.py:216: UserWarning: 'layer_0' z-extent 2.00mm = 2.0 cells — under-resolved (< 3 cells). Consider finer mesh for accurate results.
[01:47:38.791522]   result = sim.run(num_periods=30)
[01:47:38.791524] /root/rfx/ex6_absorber.py:216: UserWarning: 'layer_1' z-extent 2.00mm = 2.0 cells — under-resolved (< 3 cells). Consider finer mesh for accurate results.
[01:47:38.791525]   result = sim.run(num_periods=30)
[01:47:38.791527] /root/rfx/ex6_absorber.py:216: UserWarning: 'layer_2' z-extent 2.00mm = 2.0 cells — under-resolved (< 3 cells). Consider finer mesh for accurate results.
[01:47:38.791528]   result = sim.run(num_periods=30)
[01:47:38.791530] /root/rfx/ex6_absorber.py:216: UserWarning: 'layer_3' z-extent 2.00mm = 2.0 cells — under-resolved (< 3 cells). Consider finer mesh for accurate results.
[01:47:38.791531]   result = sim.run(num_periods=30)
[01:47:38.791533] /root/rfx/ex6_absorber.py:216: UserWarning: 'layer_4' z-extent 2.00mm = 2.0 cells — under-resolved (< 3 cells). Consider finer mesh for accurate results.
[01:47:38.791534]   result = sim.run(num_periods=30)
[01:47:38.791536] /root/rfx/ex6_absorber.py:216: UserWarning: Probe at (0.01, 0.01, 0.0005) is near/inside CPML region (CPML thickness=8.0mm). Signal will be attenuated. Move probe to interior.
[01:47:38.791537]   result = sim.run(num_periods=30)
[01:47:40.527557] /root/rfx/ex6_absorber.py:216: UserWarning: 'pec_back' z-extent 1.00mm = 1.0 cells — under-resolved (< 3 cells). Consider finer mesh for accurate results.
[01:47:40.527625] Running broadband validation: optimized …
[01:47:40.527650]   result = sim.run(num_periods=30)
[01:47:40.527685] /root/rfx/ex6_absorber.py:216: UserWarning: 'layer_0' z-extent 2.00mm = 2.0 cells — under-resolved (< 3 cells). Consider finer mesh for accurate results.
[01:47:40.527737]   result = sim.run(num_periods=30)
[01:47:40.527749] /root/rfx/ex6_absorber.py:216: UserWarning: 'layer_1' z-extent 2.00mm = 2.0 cells — under-resolved (< 3 cells). Consider finer mesh for accurate results.
[01:47:40.527761]   result = sim.run(num_periods=30)
[01:47:40.527770] /root/rfx/ex6_absorber.py:216: UserWarning: 'layer_2' z-extent 2.00mm = 2.0 cells — under-resolved (< 3 cells). Consider finer mesh for accurate results.
[01:47:40.527778]   result = sim.run(num_periods=30)
[01:47:40.527786] /root/rfx/ex6_absorber.py:216: UserWarning: 'layer_3' z-extent 2.00mm = 2.0 cells — under-resolved (< 3 cells). Consider finer mesh for accurate results.
[01:47:40.527796]   result = sim.run(num_periods=30)
[01:47:40.527806] /root/rfx/ex6_absorber.py:216: UserWarning: 'layer_4' z-extent 2.00mm = 2.0 cells — under-resolved (< 3 cells). Consider finer mesh for accurate results.
[01:47:40.527814]   result = sim.run(num_periods=30)
[01:47:40.527823] /root/rfx/ex6_absorber.py:216: UserWarning: Probe at (0.01, 0.01, 0.0005) is near/inside CPML region (CPML thickness=8.0mm). Signal will be attenuated. Move probe to interior.
[01:47:40.527832]   result = sim.run(num_periods=30)
[01:47:41.989846] Metrics: {
[01:47:41.989861]   "avg_s11_dB": 9.22,
[01:47:41.989864]   "bandwidth_10dB_GHz": 0.45,
[01:47:41.989866]   "per_layer_eps": [
[01:47:41.989867]     15.528,
[01:47:41.989869]     14.635,
[01:47:41.989870]     14.409,
[01:47:41.989872]     15.485,
[01:47:41.989873]     15.426
[01:47:41.989875]   ],
[01:47:41.989876]   "optimization_time_s": 888.1,
[01:47:41.989877]   "n_iters": 80,
[01:47:41.989879]   "n_steps": 600,
[01:47:41.989880]   "lr": 0.02,
[01:47:41.989882]   "eps_range": [
[01:47:41.989883]     1.0,
[01:47:41.989884]     30.0
[01:47:41.989886]   ],
[01:47:41.989887]   "freq_band_GHz": [
[01:47:41.989889]     2,
[01:47:41.989890]     18
[01:47:41.989892]   ]
[01:47:41.989893] }
[01:47:41.989895] All outputs written to: /output/ex6
[01:47:47.893656] + echo '[done] ex6'
[01:47:47.893671] [done] ex6
[01:47:47.921650] workload reported done
[01:47:47.921751] Workload status changed to stopping
[01:48:02.293530] + set +x
[01:48:07.331896] workload reported done
[01:48:07.331996] Workload status changed to waitToBeKilled
[01:48:09.000000] Stopping container vops-sidecar
[01:48:09.000000] Stopping container run-sidecar
[01:48:09.000000] Stopping container run-exec
[01:48:09.000000] Terminating VESSL Workload...
[01:48:09.000000] Stopping container ttyd-sidecar
[01:48:09.000000] Stopping container fluentbit
[01:48:09.111115] workload completed
[01:48:09.111216] Workload status changed to completed
