Organization: remilab
Project: byungkwan
[09:03:35.633439] workload awaiting to start
[09:03:35.633539] Workload status changed to pending
[09:03:41.946574] VESSL Workload assigned successfully. Starting soon.
[09:03:43.000000] Container image "quay.io/vessl-ai/kernels-toolbox:0.1.188" already present on machine
[09:03:43.000000] Created container vops-init
[09:03:43.000000] Started container vops-init
[09:03:44.000000] Started container run-sidecar
[09:03:44.000000] Creating VESSL Workload...
[09:03:44.000000] Starting VESSL Workload...
[09:03:44.000000] Created container run-exec
[09:03:44.000000] Started container run-exec
[09:03:44.000000] Created container fluentbit
[09:03:44.000000] Container image "nvcr.io/nvidia/jax:24.10-py3" already present on machine
[09:03:44.000000] Container image "quay.io/vessl-ai/fluent-bit:2.1.6" already present on machine
[09:03:44.000000] Container image "quay.io/vessl-ai/sidecar:v0.0.3" already present on machine
[09:03:44.000000] Created container run-sidecar
[09:03:44.001000] Container image "nvcr.io/nvidia/jax:24.10-py3" already present on machine
[09:03:45.000000] Created container vops-sidecar
[09:03:45.000000] Created container ttyd-sidecar
[09:03:45.000000] Started container vops-sidecar
[09:03:45.000000] Container image "quay.io/vessl-ai/kernels-toolbox:0.1.188" already present on machine
[09:03:45.000000] Started container fluentbit
[09:03:45.000000] Started container ttyd-sidecar
[09:03:45.309486] Installing VESSL CLI...
[09:03:56.138653] workload reported alive as pod run-execution-2vl02cinmpp6-0
[09:03:56.138753] Workload status changed to initializing
[09:03:57.326150] + set +x
[09:04:10.726452] vessl, version 0.1.199
[09:04:12.494144] workload reported alive as pod run-execution-2vl02cinmpp6-0
[09:04:12.494245] Workload status changed to running
[09:04:12.640330] + mkdir -p /root
[09:04:12.642385] + cd /root
[09:04:12.643036] + set -euo pipefail
[09:04:12.643070] + cd /root
[09:04:12.643077] + git clone https://github.com/bk-squared/rfx.git
[09:04:12.645272] Cloning into 'rfx'...
[09:04:31.160492] + cd rfx
[09:04:31.160510] + pip install --quiet -e '.[all]'
[09:04:55.140375] WARNING: rfx 1807.8.6 does not provide the extra 'dashboard'
[09:04:55.140405] WARNING: rfx 1807.8.6 does not provide the extra 'dev'
[09:04:55.140511] WARNING: rfx 1807.8.6 does not provide the extra 'optimization'
[09:04:55.140517] WARNING: rfx 1807.8.6 does not provide the extra 'visualization'
[09:04:59.819882] WARNING: Running pip as the 'root' user can result in broken permissions and conflicting behaviour with the system package manager. It is recommended to use a virtual environment instead: https://pip.pypa.io/warnings/venv
[09:05:00.015935] + python -c 'import jax; print('"'"'JAX devices:'"'"', jax.devices())'
[09:05:00.322885] JAX devices: [CudaDevice(id=0)]
[09:05:00.374615] + nvidia-smi
[09:05:00.414896] Mon Apr  6 09:05:00 2026
[09:05:00.414907] +---------------------------------------------------------------------------------------+
[09:05:00.414918] | NVIDIA-SMI 535.288.01             Driver Version: 535.288.01   CUDA Version: 12.2     |
[09:05:00.414922] |-----------------------------------------+----------------------+----------------------+
[09:05:00.414927] | GPU  Name                 Persistence-M | Bus-Id        Disp.A | Volatile Uncorr. ECC |
[09:05:00.414931] | Fan  Temp   Perf          Pwr:Usage/Cap |         Memory-Usage | GPU-Util  Compute M. |
[09:05:00.414934] |                                         |                      |               MIG M. |
[09:05:00.414938] |=========================================+======================+======================|
[09:05:00.437662] |   0  NVIDIA GeForce RTX 4090        Off | 00000000:01:00.0 Off |                  Off |
[09:05:00.437667] |  0%   41C    P0              22W / 450W |      1MiB / 24564MiB |      0%      Default |
[09:05:00.437668] |                                         |                      |                  N/A |
[09:05:00.437669] +-----------------------------------------+----------------------+----------------------+
[09:05:00.437670]
[09:05:00.437671] +---------------------------------------------------------------------------------------+
[09:05:00.437672] | Processes:                                                                            |
[09:05:00.437673] |  GPU   GI   CI        PID   Type   Process name                            GPU Memory |
[09:05:00.437674] |        ID   ID                                                             Usage      |
[09:05:00.437675] |=======================================================================================|
[09:05:00.437701] |  No running processes found                                                           |
[09:05:00.437702] +---------------------------------------------------------------------------------------+
[09:05:00.480933] + mkdir -p /output/ex3
[09:05:00.481493] + cp /root/workspace/bk-workspace/papers/rfx-tap/experiments/ex3_farfield_steering.py .
[09:05:00.526229] + OUTPUT_DIR=/output/ex3 python ex3_farfield_steering.py
[09:05:01.142713] Device: DeviceInfo(backend='gpu', gpu_available=True, devices=[{'id': 0, 'kind': 'NVIDIA GeForce RTX 4090', 'platform': 'gpu'}])
[09:05:01.142746] Lambda=60mm, domain=90mm, dx=3.0mm
[09:05:01.142748] NTFF margin: 33mm
[09:05:01.142749] Design region: 18x30x30 mm block, +x side of dipole
[09:05:01.142750]
[09:05:01.142751] === NTFF sanity check ===
[09:05:04.829990]   theta=  0 deg: P = 4.530466e-35
[09:05:04.830012]   theta= 60 deg: P = 7.676064e-30
[09:05:04.830013]   theta= 90 deg: P = 1.026404e-29
[09:05:04.830014]   theta=120 deg: P = 7.803149e-30
[09:05:04.830015]   theta=180 deg: P = 5.829232e-34
[09:05:04.830052]   Directivity = 1.11 (0.4 dBi)
[09:05:04.830054]
[09:05:04.830055] === Beam steering: optimize eps_r to steer from θ=90° toward θ=60° ===
[09:05:04.989329]   optimize: n_steps=600, grid=(47, 47, 47) (0.1M cells)
[09:05:28.543482]   iter    0  loss = -4.458070e-01
[09:09:08.498253]   iter   10  loss = -4.501305e-01
[09:12:50.887159]   iter   20  loss = -4.540917e-01
[09:16:33.819983]   iter   30  loss = -4.576744e-01
[09:20:15.803993]   iter   40  loss = -4.609376e-01
[09:23:57.527111]   iter   50  loss = -4.639338e-01
[09:27:18.132510]   iter   59  loss = -4.664267e-01
[09:27:18.187186] Optimization: 60 iters in 1333.4s
[09:27:18.187205]
[09:27:18.187206] === Computing final radiation patterns ===
[09:27:24.565289] Initial: peak at θ=90°, D=4.76 (6.8 dBi)
[09:27:24.565310] Optimized: peak at θ=90°, D=4.76 (6.8 dBi)
[09:27:24.565313] Target θ=60°, achieved θ=90°, error=30°
[09:27:24.565532]
[09:27:24.565535] Metrics: {
[09:27:24.565537]   "experiment": "ex3_farfield_steering",
[09:27:24.565539]   "device": "DeviceInfo(backend='gpu', gpu_available=True, devices=[{'id': 0, 'kind': 'NVIDIA GeForce RTX 4090', 'platform': 'gpu'}])",
[09:27:24.565540]   "freq_ghz": 5.0,
[09:27:24.565542]   "dx_mm": 3.0,
[09:27:24.565543]   "domain_mm": 90.0,
[09:27:24.565545]   "n_steps_opt": 600,
[09:27:24.565546]   "n_iterations": 60,
[09:27:24.565547]   "optimization_time_s": 1333.4,
[09:27:24.565548]   "initial_loss": -0.44580695033073425,
[09:27:24.565550]   "final_loss": -0.4664267301559448,
[09:27:24.565551]   "initial_peak_theta_deg": 90.0,
[09:27:24.565552]   "optimized_peak_theta_deg": 90.0,
[09:27:24.565553]   "target_theta_deg": 60.0,
[09:27:24.565555]   "steering_error_deg": 30.0,
[09:27:24.565556]   "initial_directivity_dBi": 6.8,
[09:27:24.565557]   "optimized_directivity_dBi": 6.8
[09:27:24.565558] }
[09:27:24.705823] Saved: pattern_comparison.png
[09:27:24.783571] Saved: convergence.png
[09:27:24.899316] Saved: eps_design.png
[09:27:24.899332]
[09:27:24.899334] Results saved to /output/ex3/
[09:27:31.458882] + echo '[done] ex3 farfield'
[09:27:31.458882] [done] ex3 farfield
[09:27:31.497456] workload reported done
[09:27:31.497556] Workload status changed to stopping
[09:27:36.861523] + set +x
[09:27:41.911095] workload reported done
[09:27:41.911195] Workload status changed to waitToBeKilled
[09:27:45.000000] Stopping container vops-sidecar
[09:27:45.000000] Stopping container run-sidecar
[09:27:45.000000] Stopping container run-exec
[09:27:45.000000] Terminating VESSL Workload...
[09:27:45.000000] Stopping container ttyd-sidecar
[09:27:45.103962] workload completed
[09:27:45.104063] Workload status changed to completed
