Organization: remilab
Project: byungkwan
[01:32:02.518541] workload awaiting to start
[01:32:02.518641] Workload status changed to pending
[01:32:09.268203] Event Reason: FailedScheduling, Event Note: 0/13 nodes are available: pod has unbound immediate PersistentVolumeClaims. preemption: 0/13 nodes are available: 13 Preemption is not helpful for scheduling.
[01:32:09.268203] Workload is in queue for scheduling. Please wait...
[01:32:11.000000] Container image "quay.io/vessl-ai/kernels-toolbox:0.1.188" already present on machine
[01:32:11.000000] Created container vops-init
[01:32:11.000000] Started container vops-init
[01:32:11.015539] VESSL Workload assigned successfully. Starting soon.
[01:32:12.000000] Creating VESSL Workload...
[01:32:12.000000] Created container run-exec
[01:32:12.000000] Started container run-exec
[01:32:12.000000] Container image "nvcr.io/nvidia/jax:24.10-py3" already present on machine
[01:32:12.001000] Container image "nvcr.io/nvidia/jax:24.10-py3" already present on machine
[01:32:13.000000] Started container run-sidecar
[01:32:13.000000] Created container vops-sidecar
[01:32:13.000000] Started container vops-sidecar
[01:32:13.000000] Container image "quay.io/vessl-ai/kernels-toolbox:0.1.188" already present on machine
[01:32:13.459060] Installing VESSL CLI...
[01:32:13.998215] workload reported alive as pod run-execution-6hmabr9j3wvg-0
[01:32:13.998315] Workload status changed to initializing
[01:32:15.103883] + set +x
[01:32:17.974554] vessl, version 0.1.199
[01:32:20.253349] workload reported alive as pod run-execution-6hmabr9j3wvg-0
[01:32:20.253449] Workload status changed to running
[01:32:20.412677] + mkdir -p /root
[01:32:20.414707] + cd /root
[01:32:20.415345] + set -euo pipefail
[01:32:20.415375] + cd /root
[01:32:20.415382] + git clone https://github.com/bk-squared/rfx.git
[01:32:20.417497] Cloning into 'rfx'...
[01:32:22.561506] + cd rfx
[01:32:22.561523] + pip install --quiet -e '.[all]'
[01:32:26.238470] WARNING: rfx 1807.8.6 does not provide the extra 'dashboard'
[01:32:26.238510] WARNING: rfx 1807.8.6 does not provide the extra 'dev'
[01:32:26.238622] WARNING: rfx 1807.8.6 does not provide the extra 'optimization'
[01:32:26.238737] WARNING: rfx 1807.8.6 does not provide the extra 'visualization'
[01:32:31.421085] WARNING: Running pip as the 'root' user can result in broken permissions and conflicting behaviour with the system package manager. It is recommended to use a virtual environment instead: https://pip.pypa.io/warnings/venv
[01:32:31.621042] + pip install --quiet scipy cma
[01:32:32.752830] + python -c 'import jax; print('"'"'JAX:'"'"', jax.devices()); import rfx; print('"'"'rfx'"'"', rfx.__version__)'
[01:32:33.002500] JAX: [CudaDevice(id=0)]
[01:32:33.331347] rfx 1.4.0
[01:32:33.432130] + nvidia-smi
[01:32:33.467515] Wed Apr  8 01:32:33 2026
[01:32:33.467561] +---------------------------------------------------------------------------------------+
[01:32:33.467571] | NVIDIA-SMI 535.288.01             Driver Version: 535.288.01   CUDA Version: 12.2     |
[01:32:33.467578] |-----------------------------------------+----------------------+----------------------+
[01:32:33.467584] | GPU  Name                 Persistence-M | Bus-Id        Disp.A | Volatile Uncorr. ECC |
[01:32:33.467589] | Fan  Temp   Perf          Pwr:Usage/Cap |         Memory-Usage | GPU-Util  Compute M. |
[01:32:33.467594] |                                         |                      |               MIG M. |
[01:32:33.467598] |=========================================+======================+======================|
[01:32:33.484989] |   0  NVIDIA GeForce RTX 4090        Off | 00000000:01:00.0 Off |                  Off |
[01:32:33.485000] |  0%   32C    P0              34W / 450W |      1MiB / 24564MiB |      4%      Default |
[01:32:33.485002] +-----------------------------------------+----------------------+----------------------+
[01:32:33.485002] |                                         |                      |                  N/A |
[01:32:33.485003]
[01:32:33.485004] +---------------------------------------------------------------------------------------+
[01:32:33.485005] | Processes:                                                                            |
[01:32:33.485006] |  GPU   GI   CI        PID   Type   Process name                            GPU Memory |
[01:32:33.485007] |        ID   ID                                                             Usage      |
[01:32:33.485008] |=======================================================================================|
[01:32:33.485010] |  No running processes found                                                           |
[01:32:33.485011] +---------------------------------------------------------------------------------------+
[01:32:33.527849] + mkdir -p /output/ex1-dra
[01:32:33.528781] + head -1
[01:32:33.536645] + ls '/root/workspace/bk-workspace/papers/rfx-tap/experiments/ex1-dra*.py'
[01:32:33.537579] ls: cannot access '/root/workspace/bk-workspace/papers/rfx-tap/experiments/ex1-dra*.py': No such file or directory
[01:32:33.537615] + SCRIPT=
[01:32:33.539727] workload reported done
[01:32:33.539828] Workload status changed to stopping
[01:32:44.433012] workload reported done
[01:32:44.433112] Workload status changed to waitToBeKilled
[01:32:45.000000] Stopping container vops-sidecar
[01:32:45.000000] Stopping container run-sidecar
[01:32:45.000000] Stopping container run-exec
[01:32:45.000000] Terminating VESSL Workload...
[01:32:45.000000] Stopping container ttyd-sidecar
[01:32:45.000000] Stopping container fluentbit
[01:32:45.113878] workload failed
[01:32:45.113978] Workload status changed to failed
