Organization: remilab
Project: byungkwan
[08:20:06.439720] workload awaiting to start
[08:20:06.439820] Workload status changed to pending
[08:20:11.927131] Event Reason: FailedScheduling, Event Note: 0/13 nodes are available: pod has unbound immediate PersistentVolumeClaims. preemption: 0/13 nodes are available: 13 Preemption is not helpful for scheduling.
[08:20:11.927131] Workload is in queue for scheduling. Please wait...
[08:20:18.755187] Event Reason: FailedScheduling, Event Note: 0/13 nodes are available: pod has unbound immediate PersistentVolumeClaims. preemption: 0/13 nodes are available: 13 Preemption is not helpful for scheduling.
[08:20:18.755187] Workload is in queue for scheduling. Please wait...
[08:20:21.576707] VESSL Workload assigned successfully. Starting soon.
[08:20:22.000000] Container image "quay.io/vessl-ai/kernels-toolbox:0.1.188" already present on machine
[08:20:22.000000] Created container vops-init
[08:20:22.000000] Started container vops-init
[08:20:23.000000] Creating VESSL Workload...
[08:20:23.000000] Starting VESSL Workload...
[08:20:23.000000] Created container run-exec
[08:20:23.000000] Started container run-exec
[08:20:23.000000] Created container fluentbit
[08:20:23.000000] Container image "quay.io/vessl-ai/sidecar:v0.0.3" already present on machine
[08:20:23.000000] Container image "nvcr.io/nvidia/jax:24.04-py3" already present on machine
[08:20:23.000000] Created container run-sidecar
[08:20:23.001000] Container image "nvcr.io/nvidia/jax:24.04-py3" already present on machine
[08:20:24.000000] Created container vops-sidecar
[08:20:24.000000] Started container vops-sidecar
[08:20:24.000000] Container image "quay.io/vessl-ai/kernels-toolbox:0.1.188" already present on machine
[08:20:24.259212] Installing VESSL CLI...
[08:20:24.910668] workload reported alive as pod run-execution-ssq9w60q6icf-0
[08:20:24.910769] Workload status changed to initializing
[08:20:26.023526] + set +x
[08:20:28.972424] vessl, version 0.1.199
[08:20:31.192136] workload reported alive as pod run-execution-ssq9w60q6icf-0
[08:20:31.192236] Workload status changed to running
[08:20:31.345503] + mkdir -p /root
[08:20:31.347549] + cd /root
[08:20:31.348231] + cd /root/workspace/byungkwan-workspace/research/rfx
[08:20:31.363784] + pip install -q -e .
[08:20:36.731526] WARNING: Running pip as the 'root' user can result in broken permissions and conflicting behaviour with the system package manager. It is recommended to use a virtual environment instead: https://pip.pypa.io/warnings/venv
[08:20:36.810992] + python -c 'import jax; print(f'"'"'Backend: {jax.default_backend()}'"'"')'
[08:20:37.384500] Backend: gpu
[08:20:37.438896] + python examples/29_nu_port_sparam.py
[08:20:38.871308] Grid: (208, 225, 90), dt=8.748e-13
[08:20:39.227373] Wire port: 3 cells, Z0=50.0Ω, n_steps=11432
[08:20:39.227391] Running...
[08:21:03.672740] Done: 24.4s
[08:21:03.672762]
[08:21:03.672765] === S11 Results ===
[08:21:03.672768] Resonance (S11 min): 3.5000 GHz
[08:21:03.672769] S11 at resonance: -0.8 dB
[08:21:03.672771] Error: 45.83%
[08:21:03.672772] Design: 2.400 GHz
[08:23:05.972821] Harminv: 2.3158 GHz (err=3.51%), Q=29
[08:23:06.204476] workload reported done
[08:23:06.204576] Workload status changed to stopping
[08:23:20.520518] + set +x
[08:23:25.565175] workload reported done
[08:23:25.565275] Workload status changed to waitToBeKilled
[08:23:27.000000] Stopping container vops-sidecar
[08:23:27.000000] Stopping container run-exec
[08:23:27.000000] Terminating VESSL Workload...
[08:23:27.000000] Stopping container ttyd-sidecar
[08:23:27.000000] Stopping container fluentbit
[08:23:27.118053] workload completed
[08:23:27.118153] Workload status changed to completed
