Organization: remilab
Project: byungkwan
[07:11:08.876946] workload awaiting to start
[07:11:08.877046] Workload status changed to pending
[07:11:14.960945] Event Reason: FailedScheduling, Event Note: 0/13 nodes are available: pod has unbound immediate PersistentVolumeClaims. preemption: 0/13 nodes are available: 13 Preemption is not helpful for scheduling.
[07:11:14.960945] Workload is in queue for scheduling. Please wait...
[07:11:26.167011] VESSL Workload assigned successfully. Starting soon.
[07:11:27.000000] Container image "quay.io/vessl-ai/kernels-toolbox:0.1.188" already present on machine
[07:11:27.000000] Created container vops-init
[07:11:27.000000] Container image "nvcr.io/nvidia/jax:24.10-py3" already present on machine
[07:11:27.000000] Started container vops-init
[07:11:27.001000] Container image "nvcr.io/nvidia/jax:24.10-py3" already present on machine
[07:11:28.000000] Started container run-sidecar
[07:11:28.000000] Creating VESSL Workload...
[07:11:28.000000] Created container vops-sidecar
[07:11:28.000000] Created container ttyd-sidecar
[07:11:28.000000] Starting VESSL Workload...
[07:11:28.000000] Started container vops-sidecar
[07:11:28.000000] Created container run-exec
[07:11:28.000000] Container image "quay.io/vessl-ai/kernels-toolbox:0.1.188" already present on machine
[07:11:28.000000] Started container run-exec
[07:11:28.000000] Started container fluentbit
[07:11:28.000000] Created container fluentbit
[07:11:28.000000] Started container ttyd-sidecar
[07:11:28.000000] Container image "quay.io/vessl-ai/fluent-bit:2.1.6" already present on machine
[07:11:28.000000] Container image "quay.io/vessl-ai/sidecar:v0.0.3" already present on machine
[07:11:28.000000] Created container run-sidecar
[07:11:28.835954] Installing VESSL CLI...
[07:11:29.800183] workload reported alive as pod run-execution-cwnwrm04zl5l-0
[07:11:29.800283] Workload status changed to initializing
[07:11:30.944066] + set +x
[07:11:35.262150] vessl, version 0.1.199
[07:11:36.084857] workload reported alive as pod run-execution-cwnwrm04zl5l-0
[07:11:36.084957] Workload status changed to running
[07:11:36.175915] + mkdir -p /root
[07:11:36.177815] + cd /root
[07:11:36.178253] + set -euo pipefail
[07:11:36.178273] + cd /root
[07:11:36.178281] + git clone https://github.com/bk-squared/rfx.git
[07:11:36.180293] Cloning into 'rfx'...
[07:11:38.465697] + cd rfx
[07:11:38.465727] + pip install --quiet -e '.[all]'
[07:11:42.532243] WARNING: rfx 1807.8.6 does not provide the extra 'dashboard'
[07:11:42.532279] WARNING: rfx 1807.8.6 does not provide the extra 'dev'
[07:11:42.532517] WARNING: rfx 1807.8.6 does not provide the extra 'optimization'
[07:11:42.532528] WARNING: rfx 1807.8.6 does not provide the extra 'visualization'
[07:11:48.292432] WARNING: Running pip as the 'root' user can result in broken permissions and conflicting behaviour with the system package manager. It is recommended to use a virtual environment instead: https://pip.pypa.io/warnings/venv
[07:11:48.525065] + python -c 'import jax; print('"'"'JAX:'"'"', jax.devices()); import rfx; print('"'"'rfx'"'"', rfx.__version__)'
[07:11:48.915600] JAX: [CudaDevice(id=0)]
[07:11:49.401106] rfx 1.4.0
[07:11:49.515683] + mkdir -p /output/ex1
[07:11:49.517376] + cp /root/workspace/bk-workspace/papers/rfx-tap/experiments/ex1_dra.py .
[07:11:49.529025] + OUTPUT_DIR=/output/ex1 python ex1_dra.py
[07:11:50.269193] Device: DeviceInfo(backend='gpu', gpu_available=True, devices=[{'id': 0, 'kind': 'NVIDIA GeForce RTX 4090', 'platform': 'gpu'}])
[07:11:50.269343]
[07:11:50.269350] === Gradient-based optimization (Adam) ===
[07:11:51.576983]   optimize: n_steps=800, grid=(47, 47, 52) (0.1M cells)
[07:12:17.489036]   iter    0  loss = 9.287854e-04
[07:16:12.348348]   iter   10  loss = 3.865029e-04
[07:20:07.626894]   iter   20  loss = 1.579759e-04
[07:24:05.385397]   iter   30  loss = 7.696581e-05
[07:28:00.746676]   iter   40  loss = 4.230886e-05
[07:31:56.767638]   iter   50  loss = 2.558970e-05
[07:35:28.139500]   iter   59  loss = 1.777090e-05
[07:35:28.188618] Optimization: 60 iters in 1417.9s
[07:35:28.188644]
[07:35:28.188649] === Post-optimization evaluation ===
[07:35:28.188853] /root/rfx/ex1_dra.py:178: UserWarning: Zero-thickness geometry 'pec' along z-axis. On non-uniform mesh this may produce empty rasterization. Consider giving it at least one cell of thickness (2.00mm).
[07:35:28.188866]   result = s.run(num_periods=30)
[07:35:28.188871] /root/rfx/ex1_dra.py:178: UserWarning: Probe at (0.03, 0.03, 0.005) is near/inside CPML region (CPML z-thickness=16.0mm). Signal will be attenuated. Move probe to interior.
[07:35:28.188875]   result = s.run(num_periods=30)
[07:35:28.188878] /root/rfx/ex1_dra.py:178: UserWarning: Source/port at (0.03, 0.03, 0.005) is near/inside CPML region (CPML z-thickness=16.0mm). Energy will be absorbed. Move source to interior.
[07:35:28.188882]   result = s.run(num_periods=30)
[07:35:28.188889] /root/rfx/ex1_dra.py:178: UserWarning: Material 'dra_init' extends into CPML region along z-axis. CPML assumes vacuum — dielectric in PML causes increased reflections.
[07:35:28.188893]   result = s.run(num_periods=30)
[07:35:28.846659] /opt/jax/jax/_src/numpy/array_methods.py:118: UserWarning: Explicitly requested dtype <class 'jax.numpy.float64'> requested in astype is not available, and will be truncated to dtype float32. To enable more dtypes, set the jax_enable_x64 configuration option or the JAX_ENABLE_X64 shell environment variable. See https://github.com/google/jax#current-gotchas for more.
[07:35:28.846688]   return lax_numpy.astype(self, dtype, copy=copy, device=device)
[07:35:28.846702] /opt/jax/jax/_src/numpy/array_methods.py:118: UserWarning: Explicitly requested dtype <class 'jax.numpy.float64'> requested in astype is not available, and will be truncated to dtype float32. To enable more dtypes, set the jax_enable_x64 configuration option or the JAX_ENABLE_X64 shell environment variable. See https://github.com/google/jax#current-gotchas for more.
[07:35:28.846724]   return lax_numpy.astype(self, dtype, copy=copy, device=device)
[07:35:36.121241]
[07:35:36.121276] === Far-field computation (NTFF) ===
[07:35:38.843380]   Peak gain: 5.05 dBi  |  HPBW: 91.5 deg
[07:35:38.843872]
[07:35:38.843882] Metrics:
[07:35:38.843887] {
[07:35:38.843890]   "experiment": "ex1_dra",
[07:35:38.843894]   "device": "DeviceInfo(backend='gpu', gpu_available=True, devices=[{'id': 0, 'kind': 'NVIDIA GeForce RTX 4090', 'platform': 'gpu'}])",
[07:35:38.843898]   "freq_target_GHz": 5.0,
[07:35:38.843901]   "dx_mm": 2.0,
[07:35:38.843904]   "n_iters": 60,
[07:35:38.843908]   "opt_time_s": 1417.9,
[07:35:38.843911]   "initial_loss": 0.000929,
[07:35:38.843914]   "final_loss": 1.8e-05,
[07:35:38.843917]   "improvement_pct": 98.1,
[07:35:38.843920]   "f_res_opt_GHz": 6.9496,
[07:35:38.843924]   "bw_10dB_MHz": 262.25,
[07:35:38.843927]   "peak_gain_dBi": 5.05,
[07:35:38.843930]   "hpbw_deg": 91.5
[07:35:38.843933] }
[07:35:39.549600]
[07:35:39.549622] All results saved to /output/ex1/
[07:35:46.649775] + echo '[done] ex1 DRA'
[07:35:46.649786] [done] ex1 DRA
[07:35:46.673594] workload reported done
[07:35:46.673695] Workload status changed to stopping
[07:36:00.685993] + set +x
[07:36:05.720986] workload reported done
[07:36:05.721086] Workload status changed to waitToBeKilled
[07:36:09.000000] Stopping container vops-sidecar
[07:36:09.000000] Stopping container run-sidecar
[07:36:09.000000] Stopping container run-exec
[07:36:09.000000] Terminating VESSL Workload...
[07:36:09.000000] Stopping container ttyd-sidecar
[07:36:09.000000] Stopping container fluentbit
[07:36:09.143234] workload completed
