Organization: remilab
Project: byungkwan
[22:59:33.515707] workload awaiting to start
[22:59:33.515807] Workload status changed to pending
[22:59:38.642554] Event Reason: FailedScheduling, Event Note: 0/13 nodes are available: pod has unbound immediate PersistentVolumeClaims. preemption: 0/13 nodes are available: 13 Preemption is not helpful for scheduling.
[22:59:38.642554] Workload is in queue for scheduling. Please wait...
[22:59:50.000000] Container image "quay.io/vessl-ai/kernels-toolbox:0.1.188" already present on machine
[22:59:50.000000] Created container vops-init
[22:59:50.123162] VESSL Workload assigned successfully. Starting soon.
[22:59:51.000000] Started container vops-init
[22:59:52.000000] Started container run-sidecar
[22:59:52.000000] Creating VESSL Workload...
[22:59:52.000000] Created container ttyd-sidecar
[22:59:52.000000] Starting VESSL Workload...
[22:59:52.000000] Created container run-exec
[22:59:52.000000] Started container run-exec
[22:59:52.000000] Container image "nvcr.io/nvidia/jax:24.10-py3" already present on machine
[22:59:52.000000] Container image "quay.io/vessl-ai/fluent-bit:2.1.6" already present on machine
[22:59:52.000000] Created container run-sidecar
[22:59:52.001000] Container image "nvcr.io/nvidia/jax:24.10-py3" already present on machine
[22:59:53.000000] Created container vops-sidecar
[22:59:53.000000] Started container vops-sidecar
[22:59:53.000000] Container image "quay.io/vessl-ai/kernels-toolbox:0.1.188" already present on machine
[22:59:53.000000] Started container ttyd-sidecar
[22:59:53.220490] Installing VESSL CLI...
[22:59:53.716190] workload reported alive as pod run-execution-i4ji92rjou95-0
[22:59:53.716290] Workload status changed to initializing
[22:59:54.869906] + set +x
[22:59:58.513844] vessl, version 0.1.199
[23:00:00.054060] workload reported alive as pod run-execution-i4ji92rjou95-0
[23:00:00.054160] Workload status changed to running
[23:00:00.319849] + mkdir -p /root
[23:00:00.321839] + cd /root
[23:00:00.322453] + cd /root/workspace/byungkwan-workspace/research/rfx
[23:00:00.349492] + git config --global --add safe.directory /root/workspace/byungkwan-workspace/research/rfx
[23:00:00.400062] + git pull --ff-only origin main
[23:00:01.993371] From https://github.com/BK3536/rfx
[23:00:01.993414]  * branch            main       -> FETCH_HEAD
[23:00:02.177400] Already up to date.
[23:00:02.178501] + pip install -q -e '.[dev]'
[23:00:12.027277] WARNING: Running pip as the 'root' user can result in broken permissions and conflicting behaviour with the system package manager. It is recommended to use a virtual environment instead: https://pip.pypa.io/warnings/venv
[23:00:12.186419] + echo '=== Crossval #10: OpenEMS Patch Antenna ==='
[23:00:12.186443] + python examples/crossval/10_openems_patch_antenna.py
[23:00:12.186455] === Crossval #10: OpenEMS Patch Antenna ===
[23:00:13.264024] ============================================================
[23:00:13.264071] Cross-Validation #2: OpenEMS Simple Patch Antenna
[23:00:13.264077] ============================================================
[23:00:13.264081] Patch: 32 x 40 mm on eps_r=3.38
[23:00:13.264084] Substrate: h=1.524mm, 60x60mm
[23:00:13.264088] Analytical f_r: 2.038 GHz
[23:00:13.264091]
[23:00:13.264106] dx = 1.50 mm, dz_sub = 0.381 mm
[23:00:13.264111] z-cells: 4 substrate + 99 air = 108 total
[23:00:13.264475] Steps: 8000
[23:00:13.634628] Nu grid: nz=124, dt=1.18ps
[23:00:13.634762] z_phys first 10: [0.         0.38099986 0.76199996 1.1429994  1.5811495  2.1507444
[23:00:13.634763]  2.891218   3.8538334  5.1052337  6.5625467 ]
[23:00:13.634764] Substrate h=1.524mm, port z=0.762mm
[23:00:13.634765]
[23:00:20.207139] Probe signal: max=1.9060e+07, rms=4.5602e+06
[23:00:20.208426] FFT peak: 1.0029 GHz (at -1.4 dB)
[23:00:20.208454] Analytical: 2.0383 GHz
[23:00:20.208461] Error: 50.80%
[23:00:52.802586] FAIL: 50.80% error
[23:00:52.802669]
[23:00:52.816258] NTFF extraction: 'NoneType' object has no attribute 'freqs'
[23:00:53.086438]
[23:00:53.086453] Plot saved: /root/workspace/byungkwan-workspace/research/rfx/examples/crossval/10_openems_patch_antenna.png
[23:00:53.234323] + echo '=== Crossval #08: Dipole Radiation (fixed) ==='
[23:00:53.234330] + python examples/crossval/08_dipole_radiation.py
[23:00:53.234332] === Crossval #08: Dipole Radiation (fixed) ===
[23:00:54.012764] ============================================================
[23:00:54.012805] Cross-Validation: Dipole Radiation Pattern
[23:00:54.012811] ============================================================
[23:00:54.012815] Source: Ez dipole at 5 GHz
[23:00:54.012819] Domain: 80mm, dx=1.0mm
[23:00:54.012822]
[23:00:54.012825] Grid: 101x101x101, steps=4197
[23:00:59.650434]
[23:00:59.650464] E-plane correlation with sin²(theta): 0.9987
[23:00:59.650471] H-plane correlation with sin²(theta): 0.9987
[23:00:59.650474] Max far-field power: 6.1606e-39
[23:00:59.650501] FAIL: correlation E=0.999
[23:00:59.920737] Plot saved: /root/workspace/byungkwan-workspace/research/rfx/examples/crossval/08_dipole_radiation.png
[23:01:00.041172] workload reported done
[23:01:00.041272] Workload status changed to stopping
[23:01:00.050860] === DONE ===
[23:01:00.050860] + echo '=== DONE ==='
[23:01:12.589943] + set +x
[23:01:17.582109] workload reported done
[23:01:17.582209] Workload status changed to waitToBeKilled
[23:01:21.000000] Stopping container vops-sidecar
[23:01:21.000000] Stopping container run-exec
[23:01:21.000000] Terminating VESSL Workload...
[23:01:21.000000] Stopping container ttyd-sidecar
[23:01:21.000000] Stopping container fluentbit
[23:01:21.107783] workload completed
[23:01:21.107883] Workload status changed to completed
