Organization: remilab
Project: byungkwan
[04:24:23.299134] workload awaiting to start
[04:24:23.299235] Workload status changed to pending
[04:24:26.931713] Event Reason: FailedScheduling, Event Note: 0/13 nodes are available: pod has unbound immediate PersistentVolumeClaims. preemption: 0/13 nodes are available: 13 Preemption is not helpful for scheduling.
[04:24:26.931713] Workload is in queue for scheduling. Please wait...
[04:24:36.127943] Event Reason: FailedScheduling, Event Note: 0/13 nodes are available: pod has unbound immediate PersistentVolumeClaims. preemption: 0/13 nodes are available: 13 Preemption is not helpful for scheduling.
[04:24:36.127943] Workload is in queue for scheduling. Please wait...
[04:24:39.115675] VESSL Workload assigned successfully. Starting soon.
[04:24:40.000000] Container image "quay.io/vessl-ai/kernels-toolbox:0.1.188" already present on machine
[04:24:40.000000] Created container vops-init
[04:24:40.000000] Started container vops-init
[04:24:41.000000] Started container run-sidecar
[04:24:41.000000] Creating VESSL Workload...
[04:24:41.000000] Starting VESSL Workload...
[04:24:41.000000] Created container run-exec
[04:24:41.000000] Started container run-exec
[04:24:41.000000] Created container fluentbit
[04:24:41.000000] Container image "nvcr.io/nvidia/jax:24.10-py3" already present on machine
[04:24:41.000000] Container image "quay.io/vessl-ai/fluent-bit:2.1.6" already present on machine
[04:24:41.000000] Container image "quay.io/vessl-ai/sidecar:v0.0.3" already present on machine
[04:24:41.000000] Created container run-sidecar
[04:24:41.001000] Container image "nvcr.io/nvidia/jax:24.10-py3" already present on machine
[04:24:42.000000] Created container vops-sidecar
[04:24:42.000000] Created container ttyd-sidecar
[04:24:42.000000] Started container vops-sidecar
[04:24:42.000000] Container image "quay.io/vessl-ai/kernels-toolbox:0.1.188" already present on machine
[04:24:42.000000] Started container fluentbit
[04:24:42.000000] Started container ttyd-sidecar
[04:24:42.302693] Installing VESSL CLI...
[04:24:42.871545] workload reported alive as pod run-execution-ei7gy0ltinzc-0
[04:24:42.871645] Workload status changed to initializing
[04:24:44.065809] + set +x
[04:24:47.391142] vessl, version 0.1.199
[04:24:49.226633] workload reported alive as pod run-execution-ei7gy0ltinzc-0
[04:24:49.226733] Workload status changed to running
[04:24:49.453217] + mkdir -p /root
[04:24:49.455274] + cd /root
[04:24:49.455631] + set -euo pipefail
[04:24:49.455658] + cd /root
[04:24:49.455665] + git clone https://github.com/bk-squared/rfx.git
[04:24:49.457732] Cloning into 'rfx'...
[04:24:54.279550] + cd rfx
[04:24:54.279567] + pip install --quiet -e '.[all]'
[04:24:57.798483] WARNING: rfx 1807.8.6 does not provide the extra 'dashboard'
[04:24:57.798512] WARNING: rfx 1807.8.6 does not provide the extra 'dev'
[04:24:57.798623] WARNING: rfx 1807.8.6 does not provide the extra 'optimization'
[04:24:57.798644] WARNING: rfx 1807.8.6 does not provide the extra 'visualization'
[04:25:03.085915] WARNING: Running pip as the 'root' user can result in broken permissions and conflicting behaviour with the system package manager. It is recommended to use a virtual environment instead: https://pip.pypa.io/warnings/venv
[04:25:03.281337] + python -c 'import jax; print('"'"'JAX devices:'"'"', jax.devices())'
[04:25:03.533388] JAX devices: [CudaDevice(id=0)]
[04:25:03.578659] + nvidia-smi
[04:25:03.616466] Tue Apr  7 04:25:03 2026
[04:25:03.616485] +---------------------------------------------------------------------------------------+
[04:25:03.616489] | NVIDIA-SMI 535.288.01             Driver Version: 535.288.01   CUDA Version: 12.2     |
[04:25:03.616492] |-----------------------------------------+----------------------+----------------------+
[04:25:03.616494] | GPU  Name                 Persistence-M | Bus-Id        Disp.A | Volatile Uncorr. ECC |
[04:25:03.616498] | Fan  Temp   Perf          Pwr:Usage/Cap |         Memory-Usage | GPU-Util  Compute M. |
[04:25:03.616500] |                                         |                      |               MIG M. |
[04:25:03.616503] |=========================================+======================+======================|
[04:25:03.632671] |   0  NVIDIA GeForce RTX 4090        Off | 00000000:01:00.0 Off |                  Off |
[04:25:03.632681] |  0%   32C    P0              23W / 450W |      1MiB / 24564MiB |      5%      Default |
[04:25:03.632682] |                                         |                      |                  N/A |
[04:25:03.632683] +-----------------------------------------+----------------------+----------------------+
[04:25:03.632684]
[04:25:03.632685] +---------------------------------------------------------------------------------------+
[04:25:03.632687] | Processes:                                                                            |
[04:25:03.632688] |  GPU   GI   CI        PID   Type   Process name                            GPU Memory |
[04:25:03.632689] |        ID   ID                                                             Usage      |
[04:25:03.632689] |=======================================================================================|
[04:25:03.632711] |  No running processes found                                                           |
[04:25:03.632712] +---------------------------------------------------------------------------------------+
[04:25:03.676152] + mkdir -p /output/ex3
[04:25:03.676769] + cp /root/workspace/bk-workspace/papers/rfx-tap/experiments/ex3_farfield_steering.py .
[04:25:03.704221] + OUTPUT_DIR=/output/ex3 python ex3_farfield_steering.py
[04:25:04.338297] Device: DeviceInfo(backend='gpu', gpu_available=True, devices=[{'id': 0, 'kind': 'NVIDIA GeForce RTX 4090', 'platform': 'gpu'}])
[04:25:04.338318] F0=5GHz, dx=2.0mm, domain=80mm
[04:25:04.338319] CPML=10, NTFF margin=30mm
[04:25:04.338320] N_STEPS: full=3934, optimize=800
[04:25:04.338322] Design region: 15x24x24 mm, eps 1-50, +x side of dipole
[04:25:04.338326]
[04:25:04.338327] === NTFF sanity check (sim.run) ===
[04:25:08.562488]   max power = 1.568038e-24
[04:25:08.562503]   Directivity = 1.91 (2.8 dBi)
[04:25:08.562504]   WARNING: power too low!
[04:25:08.562505]
[04:25:08.562506] === Beam steering: dipole + dielectric director ===
[04:25:08.562507] Target: redirect from θ=90° toward θ=60°
[04:25:08.717917]   optimize: n_steps=800, grid=(61, 61, 61) (0.2M cells)
[04:25:33.022180]   iter    0  loss = -4.467371e-01
[04:29:20.891325]   iter   10  loss = -4.475017e-01
[04:33:09.109451]   iter   20  loss = -4.483452e-01
[04:36:59.352547]   iter   30  loss = -4.492195e-01
[04:40:46.715528]   iter   40  loss = -4.502839e-01
[04:48:01.253081]   iter   59  loss = -4.529506e-01
[04:48:01.315896] Optimization: 60 iters in 1372.8s
[04:48:01.315919]
[04:48:01.315922] === Final radiation patterns ===
[04:48:08.806442] Initial: peak θ=92°, D=4.96 (7.0 dBi)
[04:48:08.806462] Optimized: peak θ=92°, D=4.96 (7.0 dBi)
[04:48:08.806465] Target θ=60°, error=32°
[04:48:08.806469]
[04:48:08.806471] Metrics: {
[04:48:08.806472]   "experiment": "ex3_farfield_steering",
[04:48:08.806477]   "device": "DeviceInfo(backend='gpu', gpu_available=True, devices=[{'id': 0, 'kind': 'NVIDIA GeForce RTX 4090', 'platform': 'gpu'}])",
[04:48:08.806478]   "freq_ghz": 5.0,
[04:48:08.806479]   "dx_mm": 2.0,
[04:48:08.806480]   "domain_mm": 80.0,
[04:48:08.806481]   "n_steps_opt": 800,
[04:48:08.806483]   "n_steps_eval": 3934,
[04:48:08.806484]   "n_iterations": 60,
[04:48:08.806485]   "optimization_time_s": 1372.8,
[04:48:08.806486]   "initial_loss": -0.4467371106147766,
[04:48:08.806487]   "final_loss": -0.4529505968093872,
[04:48:08.806488]   "initial_peak_theta_deg": 91.93633802276325,
[04:48:08.806489]   "optimized_peak_theta_deg": 91.93633802276325,
[04:48:08.806491]   "target_theta_deg": 60.0,
[04:48:08.806492]   "steering_error_deg": 31.936338022763252,
[04:48:08.806493]   "initial_directivity_dBi": 7.0,
[04:48:08.806499]   "optimized_directivity_dBi": 7.0
[04:48:08.806500] }
[04:48:08.946043] Saved: pattern_comparison.png
[04:48:09.024940] Saved: convergence.png
[04:48:09.143521] Saved: eps_design.png
[04:48:09.143549]
[04:48:09.143551] Results saved to /output/ex3/
[04:48:15.873601] workload reported done
[04:48:15.873701] Workload status changed to stopping
[04:48:15.884448] + echo '[done] ex3 farfield'
[04:48:15.884476] [done] ex3 farfield
[04:48:25.665113] + set +x
[04:48:30.673831] workload reported done
[04:48:30.673931] Workload status changed to waitToBeKilled
[04:48:33.000000] Stopping container vops-sidecar
[04:48:33.000000] Stopping container run-exec
[04:48:33.000000] Terminating VESSL Workload...
[04:48:33.000000] Stopping container ttyd-sidecar
[04:48:33.000000] Stopping container fluentbit
[04:48:33.055119] workload completed
[04:48:33.055219] Workload status changed to completed
