Organization: remilab
Project: byungkwan
[16:54:10.882780] workload awaiting to start
[16:54:10.882880] Workload status changed to pending
[16:54:14.915974] Event Reason: FailedScheduling, Event Note: 0/13 nodes are available: pod has unbound immediate PersistentVolumeClaims. preemption: 0/13 nodes are available: 13 Preemption is not helpful for scheduling.
[16:54:14.915974] Workload is in queue for scheduling. Please wait...
[16:54:26.313655] VESSL Workload assigned successfully. Starting soon.
[16:54:27.000000] Container image "quay.io/vessl-ai/kernels-toolbox:0.1.188" already present on machine
[16:54:27.000000] Created container vops-init
[16:54:27.000000] Started container vops-init
[16:54:28.000000] Creating VESSL Workload...
[16:54:28.000000] Created container run-exec
[16:54:28.000000] Container image "nvcr.io/nvidia/jax:24.04-py3" already present on machine
[16:54:28.001000] Container image "nvcr.io/nvidia/jax:24.04-py3" already present on machine
[16:54:29.000000] Started container run-sidecar
[16:54:29.000000] Created container vops-sidecar
[16:54:29.000000] Created container ttyd-sidecar
[16:54:29.000000] Starting VESSL Workload...
[16:54:29.000000] Started container vops-sidecar
[16:54:29.000000] Container image "quay.io/vessl-ai/kernels-toolbox:0.1.188" already present on machine
[16:54:29.000000] Started container run-exec
[16:54:29.000000] Started container fluentbit
[16:54:29.000000] Started container ttyd-sidecar
[16:54:29.000000] Container image "quay.io/vessl-ai/fluent-bit:2.1.6" already present on machine
[16:54:29.000000] Created container run-sidecar
[16:54:29.691069] Installing VESSL CLI...
[16:54:30.454894] workload reported alive as pod run-execution-kjtv6n2lm4qm-0
[16:54:30.454994] Workload status changed to initializing
[16:54:31.653019] + set +x
[16:54:39.832906] vessl, version 0.1.199
[16:54:41.809922] workload reported alive as pod run-execution-kjtv6n2lm4qm-0
[16:54:41.810022] Workload status changed to running
[16:54:42.013558] + mkdir -p /root
[16:54:42.015178] + cd /root
[16:54:42.015553] + cd /root/workspace/byungkwan-workspace/research/rfx
[16:54:42.021180] + pip install -q -e .
[16:54:54.504536] WARNING: Running pip as the 'root' user can result in broken permissions and conflicting behaviour with the system package manager. It is recommended to use a virtual environment instead: https://pip.pypa.io/warnings/venv
[16:54:54.885303] + python -c 'import jax; print(f'"'"'Backend: {jax.default_backend()}'"'"')'
[16:54:56.070571] Backend: gpu
[16:54:56.245191] + python -c '
[16:54:56.245224]       import numpy as np, jax.numpy as jnp
[16:54:56.245232]       from rfx import Simulation, Box, GaussianPulse
[16:54:56.245239]       f0=2.4e9; C0=3e8; eps_r=4.4; h=1.6e-3
[16:54:56.245244]       W=C0/(2*f0)*np.sqrt(2/(eps_r+1))
[16:54:56.245250]       eps_eff=(eps_r+1)/2+(eps_r-1)/2*(1+12*h/W)**(-0.5)
[16:54:56.245256]       dL=0.412*h*((eps_eff+0.3)*(W/h+0.264)/((eps_eff-0.258)*(W/h+0.8)))
[16:54:56.245262]       L=C0/(2*f0*np.sqrt(eps_eff))-2*dL
[16:54:56.245269]       dx=0.25e-3; margin=15e-3
[16:54:56.245274]       dom_x=L+2*margin; dom_y=W+2*margin; dom_z=h+15e-3
[16:54:56.245280]       sigma_fr4=2*np.pi*f0*8.854e-12*eps_r*0.02
[16:54:56.245286]       px0,py0=margin,margin; feed_x,feed_y=px0+L/3,py0+W/2
[16:54:56.245291]       sim=Simulation(freq_max=4e9,domain=(dom_x,dom_y,dom_z),boundary='"'"'cpml'"'"',cpml_layers=8,dx=dx)
[16:54:56.245297]       sim.add_material('"'"'FR4'"'"',eps_r=eps_r,sigma=sigma_fr4)
[16:54:56.245303]       sim.add(Box((0,0,0),(dom_x,dom_y,dx)),material='"'"'pec'"'"')
[16:54:56.245309]       sim.add(Box((0,0,0),(dom_x,dom_y,h)),material='"'"'FR4'"'"')
[16:54:56.245314]       sim.add(Box((px0,py0,h),(px0+L,py0+W,h+dx)),material='"'"'pec'"'"')
[16:54:56.245320]       sim.add_port(position=(feed_x,feed_y,dx),component='"'"'ez'"'"',
[16:54:56.245325]                    waveform=GaussianPulse(f0=f0,bandwidth=0.8),extent=h-2*dx)
[16:54:56.245331]       sim.add_probe((feed_x,feed_y,h/2),'"'"'ez'"'"')
[16:54:56.245337]       grid=sim._build_grid()
[16:54:56.245343]       print(f'"'"'Grid: {grid.shape}, substrate={h/dx:.0f} cells, dt={grid.dt:.3e}'"'"')
[16:54:56.245349]       result=sim.run(n_steps=4000)
[16:54:56.245354]       ts=np.array(result.time_series).ravel()
[16:54:56.245360]       print(f'"'"'Max|Ez|={np.max(np.abs(ts)):.4e}, NaN={np.any(np.isnan(ts))}'"'"')
[16:54:56.245366]       pulse=GaussianPulse(f0=f0,bandwidth=0.8)
[16:54:56.245372]       times=np.arange(4000)*grid.dt
[16:54:56.245378]       src=np.array([float(pulse(t)) for t in times])
[16:54:56.245384]       nfft=len(ts)*4
[16:54:56.245389]       sp=np.abs(np.fft.rfft(ts,n=nfft))
[16:54:56.245395]       ss=np.abs(np.fft.rfft(src,n=nfft))
[16:54:56.245400]       fg=np.fft.rfftfreq(nfft,d=grid.dt)/1e9
[16:54:56.245406]       safe=np.where(ss>ss.max()*1e-3,ss,ss.max()*1e-3)
[16:54:56.245411]       s11=20*np.log10(sp/safe)
[16:54:56.245417]       band=(fg>1.5)&(fg<3.5)
[16:54:56.245423]       idx=np.argmin(s11[band])
[16:54:56.245428]       f_res=fg[band][idx]
[16:54:56.245453]       print(f'"'"'RESULT: f_res={f_res:.3f}GHz err={abs(f_res-2.4)/2.4*100:.1f}% dip={s11[band][idx]:.1f}dB'"'"')
[16:54:56.245459]       '
[16:54:56.273236]   File "<string>", line 2
[16:54:56.273268]     import numpy as np, jax.numpy as jnp
[16:54:56.273274] IndentationError: unexpected indent
[16:54:56.299437] workload reported done
[16:54:56.299537] Workload status changed to stopping
[16:55:06.061727] workload reported done
[16:55:06.061827] Workload status changed to waitToBeKilled
[16:55:09.000000] Stopping container vops-sidecar
[16:55:09.000000] Stopping container run-sidecar
[16:55:09.000000] Stopping container run-exec
[16:55:09.000000] Terminating VESSL Workload...
[16:55:09.000000] Stopping container ttyd-sidecar
[16:55:09.000000] Stopping container fluentbit
[16:55:09.092823] workload failed
[16:55:09.092923] Workload status changed to failed
