Organization: remilab
Project: byungkwan
[15:31:24.644336] workload awaiting to start
[15:31:24.644436] Workload status changed to pending
[15:31:29.954287] Event Reason: FailedScheduling, Event Note: 0/13 nodes are available: pod has unbound immediate PersistentVolumeClaims. preemption: 0/13 nodes are available: 13 Preemption is not helpful for scheduling.
[15:31:29.954287] Workload is in queue for scheduling. Please wait...
[15:31:33.734725] Event Reason: FailedScheduling, Event Note: 0/13 nodes are available: pod has unbound immediate PersistentVolumeClaims. preemption: 0/13 nodes are available: 13 Preemption is not helpful for scheduling.
[15:31:33.734725] Workload is in queue for scheduling. Please wait...
[15:31:36.531052] VESSL Workload assigned successfully. Starting soon.
[15:31:37.000000] Container image "quay.io/vessl-ai/kernels-toolbox:0.1.188" already present on machine
[15:31:37.000000] Created container vops-init
[15:31:37.000000] Started container vops-init
[15:31:38.000000] Starting VESSL Workload...
[15:31:38.000000] Created container run-exec
[15:31:38.000000] Started container run-exec
[15:31:38.000000] Container image "nvcr.io/nvidia/jax:24.10-py3" already present on machine
[15:31:38.000000] Container image "quay.io/vessl-ai/sidecar:v0.0.3" already present on machine
[15:31:38.001000] Container image "nvcr.io/nvidia/jax:24.10-py3" already present on machine
[15:31:39.000000] Started container run-sidecar
[15:31:39.000000] Created container vops-sidecar
[15:31:39.000000] Started container vops-sidecar
[15:31:39.000000] Container image "quay.io/vessl-ai/fluent-bit:2.1.6" already present on machine
[15:31:39.000000] Created container run-sidecar
[15:31:39.495365] Installing VESSL CLI...
[15:31:40.188872] workload reported alive as pod run-execution-ojxphucgct51-0
[15:31:40.188972] Workload status changed to initializing
[15:31:41.396387] + set +x
[15:31:44.269652] vessl, version 0.1.199
[15:31:46.563229] workload reported alive as pod run-execution-ojxphucgct51-0
[15:31:46.563329] Workload status changed to running
[15:31:46.860372] + mkdir -p /root
[15:31:46.862514] + cd /root
[15:31:46.863053] + cd /root/workspace/byungkwan-workspace/research/rfx
[15:31:46.887984] + git config --global --add safe.directory /root/workspace/byungkwan-workspace/research/rfx
[15:31:46.925958] + git pull --ff-only origin main
[15:31:48.264232] From https://github.com/BK3536/rfx
[15:31:48.264410]  * branch            main       -> FETCH_HEAD
[15:31:48.424241] Already up to date.
[15:31:48.425050] + pip install -q -e '.[dev]'
[15:31:56.815283] WARNING: Running pip as the 'root' user can result in broken permissions and conflicting behaviour with the system package manager. It is recommended to use a virtual environment instead: https://pip.pypa.io/warnings/venv
[15:31:56.971914] ==== GRADIENT TESTS ====
[15:31:56.971932] + echo '==== GRADIENT TESTS ===='
[15:31:56.971935] + pytest tests/test_gradient_simple.py -v -s '--tb=short'
[15:31:57.181947] ============================= test session starts ==============================
[15:31:57.182013] platform linux -- Python 3.10.12, pytest-9.0.2, pluggy-1.6.0 -- /usr/bin/python3
[15:31:57.185427] cachedir: .pytest_cache
[15:31:57.185453] rootdir: /root/workspace/byungkwan-workspace/research/rfx
[15:31:57.185460] configfile: pyproject.toml
[15:31:57.185465] plugins: xdist-3.8.0
[15:31:57.550291] collecting ... collected 2 items
[15:31:57.550455]
[15:32:00.506863] tests/test_gradient_simple.py::test_gradient_eps_shifts_energy
[15:32:00.506881] Gradient d(energy)/d(eps_r):
[15:32:00.506883]   Mean: 7.216257e-06
[15:32:00.506883]   Max:  2.341952e-03
[15:32:00.553773] PASSED
[15:32:01.569930] tests/test_gradient_simple.py::test_gradient_finite_difference_match
[15:32:01.569948] AD gradient at (8,5,5):  -4.636321e-07
[15:32:01.569950] FD gradient at (8,5,5):  -4.691174e-07
[15:32:01.569951] Relative error: 1.17%
[15:32:01.593568] PASSED
[15:32:01.593838]
[15:32:01.593849] ============================== 2 passed in 4.41s ===============================
[15:32:01.916325]
[15:32:01.916340] ==== NON-UNIFORM CONVERGENCE ====
[15:32:01.916344] + echo
[15:32:01.916359] + echo '==== NON-UNIFORM CONVERGENCE ===='
[15:32:01.916362] + pytest tests/test_nonuniform_convergence.py -v -s '--tb=short' -k 'not slow'
[15:32:02.001837] ============================= test session starts ==============================
[15:32:02.001853] platform linux -- Python 3.10.12, pytest-9.0.2, pluggy-1.6.0 -- /usr/bin/python3
[15:32:02.002747] cachedir: .pytest_cache
[15:32:02.002760] rootdir: /root/workspace/byungkwan-workspace/research/rfx
[15:32:02.002763] configfile: pyproject.toml
[15:32:02.002764] plugins: xdist-3.8.0
[15:32:02.291511] collecting ... collected 2 items / 1 deselected / 1 selected
[15:32:02.291975]
[15:32:03.608915] tests/test_nonuniform_convergence.py::test_nonuniform_cfl_uses_min_dz dt = 0.66 ps, CFL limit = 0.66 ps
[15:32:03.608936] dx=5.0mm, min_dz=0.2mm
[15:32:03.626186] PASSED
[15:32:03.626391]
[15:32:03.626411] ======================= 1 passed, 1 deselected in 1.62s ========================
[15:32:03.805557] + echo
[15:32:03.805575] + echo '==== ISSUES #13 + #17 ===='
[15:32:03.805577] + python scripts/gpu_verify_issues.py
[15:32:03.805587]
[15:32:03.805589] ==== ISSUES #13 + #17 ====
[15:32:03.895979] === #13: optimize() memory test ===
[15:32:04.680830]   optimize: n_steps=1000, grid=(16, 11, 11) (0.0M cells)
[15:32:06.610177]   iter    0  loss = 1.547135e-03
[15:32:07.396235]   iter    2  loss = 1.514157e-03
[15:32:07.427827] PASS: loss history = [0.00154713517986238, 0.0015305673005059361, 0.001514157047495246]
[15:32:07.427849]
[15:32:07.427852] === #13: topology conductor occupancy ===
[15:32:09.879151]   iter    0  loss = -1.840536e-03  beta = 1.0  binarization = 1.000
[15:32:13.917417]   iter    4  loss = -2.136036e-03  beta = 1.0  binarization = 0.999
[15:32:13.918409] Loss history: [-0.0018405355513095856, -0.0019111854489892721, -0.001983766444027424, -0.0020590294152498245, -0.0021360358223319054]
[15:32:13.918433] PASS: loss changed (gradient is non-zero)
[15:32:13.918437]
[15:32:13.918440] === #17: NTFF far-field power ===
[15:32:13.918450] Grid: 81x81x81, steps=3934
[15:32:18.545556] Max far-field power: 2.0945e-22
[15:32:18.545593] FAIL: far-field power 2.09e-22 is near zero
[15:32:18.545598]
[15:32:18.545603] ============================================================
[15:32:18.545607] SUMMARY
[15:32:18.545611] ============================================================
[15:32:18.545615]   optimize_memory: PASS
[15:32:18.545620]   topology_gradient: PASS
[15:32:18.545624]   ntff_power: FAIL
[15:32:18.545635]
[15:32:18.545640] 2/3 passed
[15:32:18.869241] + true
[15:32:18.895750] workload reported done
[15:32:18.895850] Workload status changed to stopping
[15:32:22.872211] + set +x
[15:32:27.907794] workload reported done
[15:32:27.907894] Workload status changed to waitToBeKilled
[15:32:30.000000] Stopping container vops-sidecar
[15:32:30.000000] Stopping container run-sidecar
[15:32:30.000000] Stopping container run-exec
[15:32:30.000000] Terminating VESSL Workload...
[15:32:30.000000] Stopping container ttyd-sidecar
[15:32:30.000000] Stopping container fluentbit
[15:32:30.097957] workload completed
