Organization: remilab
Project: byungkwan
[02:54:15.996657] workload awaiting to start
[02:54:15.996757] Workload status changed to pending
[02:54:21.642232] Event Reason: FailedScheduling, Event Note: 0/13 nodes are available: pod has unbound immediate PersistentVolumeClaims. preemption: 0/13 nodes are available: 13 Preemption is not helpful for scheduling.
[02:54:21.642232] Workload is in queue for scheduling. Please wait...
[02:54:25.099274] Event Reason: FailedScheduling, Event Note: 0/13 nodes are available: pod has unbound immediate PersistentVolumeClaims. preemption: 0/13 nodes are available: 13 Preemption is not helpful for scheduling.
[02:54:25.099274] Workload is in queue for scheduling. Please wait...
[02:54:27.233340] Event Reason: FailedScheduling, Event Note: 0/13 nodes are available: pod has unbound immediate PersistentVolumeClaims. preemption: 0/13 nodes are available: 13 Preemption is not helpful for scheduling.
[02:54:27.233340] Workload is in queue for scheduling. Please wait...
[02:58:45.553489] VESSL Workload assigned successfully. Starting soon.
[02:58:46.000000] Container image "quay.io/vessl-ai/kernels-toolbox:0.1.188" already present on machine
[02:58:46.000000] Created container vops-init
[02:58:46.000000] Started container vops-init
[02:58:47.000000] Creating VESSL Workload...
[02:58:47.000000] Container image "nvcr.io/nvidia/jax:24.10-py3" already present on machine
[02:58:47.001000] Container image "nvcr.io/nvidia/jax:24.10-py3" already present on machine
[02:58:48.000000] Started container run-sidecar
[02:58:48.000000] Started container run-exec
[02:58:48.000000] Started container fluentbit
[02:58:48.000000] Created container fluentbit
[02:58:48.000000] Container image "quay.io/vessl-ai/fluent-bit:2.1.6" already present on machine
[02:58:48.000000] Created container run-sidecar
[02:58:48.764044] Installing VESSL CLI...
[02:58:49.461876] workload reported alive as pod run-execution-8w10kpj5y170-0
[02:58:49.461976] Workload status changed to initializing
[02:58:50.590706] + set +x
[02:58:53.085088] vessl, version 0.1.199
[02:58:55.753994] workload reported alive as pod run-execution-8w10kpj5y170-0
[02:58:55.754094] Workload status changed to running
[02:58:55.929357] + mkdir -p /root
[02:58:55.931477] + cd /root
[02:58:55.932126] + set -euo pipefail
[02:58:55.932156] + cd /root
[02:58:55.932163] + git clone https://github.com/BK3536/rfx.git
[02:58:55.934393] Cloning into 'rfx'...
[02:58:59.033106] + cd rfx
[02:58:59.033137] + pip install --quiet -e '.[all]'
[02:59:01.910133] WARNING: rfx 1807.8.6 does not provide the extra 'dashboard'
[02:59:01.910156] WARNING: rfx 1807.8.6 does not provide the extra 'dev'
[02:59:01.910158] WARNING: rfx 1807.8.6 does not provide the extra 'optimization'
[02:59:01.910299] WARNING: rfx 1807.8.6 does not provide the extra 'visualization'
[02:59:05.540818] WARNING: Running pip as the 'root' user can result in broken permissions and conflicting behaviour with the system package manager. It is recommended to use a virtual environment instead: https://pip.pypa.io/warnings/venv
[02:59:05.689611] + python -c 'import jax; print('"'"'JAX devices:'"'"', jax.devices())'
[02:59:06.032174] JAX devices: [CudaDevice(id=0)]
[02:59:06.072261] + nvidia-smi
[02:59:06.081339] Sun Apr  5 02:59:06 2026
[02:59:06.081342] +---------------------------------------------------------------------------------------+
[02:59:06.081344] | NVIDIA-SMI 535.288.01             Driver Version: 535.288.01   CUDA Version: 12.2     |
[02:59:06.081345] |-----------------------------------------+----------------------+----------------------+
[02:59:06.081346] | GPU  Name                 Persistence-M | Bus-Id        Disp.A | Volatile Uncorr. ECC |
[02:59:06.081347] | Fan  Temp   Perf          Pwr:Usage/Cap |         Memory-Usage | GPU-Util  Compute M. |
[02:59:06.081348] |                                         |                      |               MIG M. |
[02:59:06.081349] |=========================================+======================+======================|
[02:59:06.093905] |   0  NVIDIA GeForce RTX 4090        Off | 00000000:01:00.0 Off |                  Off |
[02:59:06.093924] |  0%   31C    P0              24W / 450W |      1MiB / 24564MiB |      1%      Default |
[02:59:06.093947] |                                         |                      |                  N/A |
[02:59:06.093951] +-----------------------------------------+----------------------+----------------------+
[02:59:06.093952]
[02:59:06.093953] +---------------------------------------------------------------------------------------+
[02:59:06.093954] | Processes:                                                                            |
[02:59:06.093956] |  GPU   GI   CI        PID   Type   Process name                            GPU Memory |
[02:59:06.093957] |        ID   ID                                                             Usage      |
[02:59:06.093958] |=======================================================================================|
[02:59:06.093959] |  No running processes found                                                           |
[02:59:06.093960] +---------------------------------------------------------------------------------------+
[02:59:06.136492] + mkdir -p /output/ex3
[02:59:06.137127] + cp /root/workspace/bk-workspace/papers/rfx-tap/experiments/ex3_farfield_steering.py .
[02:59:06.180752] + OUTPUT_DIR=/output/ex3 python ex3_farfield_steering.py
[02:59:06.950694] Device: DeviceInfo(backend='gpu', gpu_available=True, devices=[{'id': 0, 'kind': 'NVIDIA GeForce RTX 4090', 'platform': 'gpu'}])
[02:59:06.950824]
[02:59:06.950830] === Building simulation (dx=3.00 mm, est. 207 MB) ===
[02:59:07.100886]
[02:59:07.100907] === Far-field beam steering optimization (optimize + NTFF) ===
[02:59:07.100910] Target: steer main beam to theta=30 deg, phi=0 (E-plane)
[02:59:08.027186] /root/rfx/rfx/simulation.py:555: UserWarning: NTFF requires float64 precision. Enabled JAX x64 mode automatically. Set JAX_ENABLE_X64=1 to suppress this warning.
[02:59:08.027204]   carry_init["ntff"] = init_ntff_data(ntff)
[02:59:08.096121] /opt/jax/jax/_src/ops/scatter.py:92: FutureWarning: scatter inputs have incompatible types: cannot safely cast value from dtype=float64 to dtype=float32 with jax_numpy_dtype_promotion='standard'. In future JAX releases this will result in an error.
[02:59:08.096134]   warnings.warn(
[02:59:08.129200] /opt/jax/jax/_src/ops/scatter.py:92: FutureWarning: scatter inputs have incompatible types: cannot safely cast value from dtype=float64 to dtype=float32 with jax_numpy_dtype_promotion='standard'. In future JAX releases this will result in an error.
[02:59:08.129211]   warnings.warn(
[02:59:23.796351] Traceback (most recent call last):
[02:59:23.796375]   File "/opt/jax/jax/_src/interpreters/mlir.py", line 1150, in lower_jaxpr_to_module
[02:59:23.796377]     if not ctx.module.operation.verify():
[02:59:23.796380] jaxlib.mlir._mlir_libs._site_initialize.<locals>.MLIRError: Verification failed:
[02:59:23.796383] error: "jit(true_divide)/jit(main)/mul"(callsite("make_port_source"("/root/rfx/rfx/simulation.py":162:0) at callsite("forward"("/root/rfx/rfx/optimize.py":182:0) at callsite("optimize"("/root/rfx/rfx/optimize.py":222:0) at "<module>"("/root/rfx/ex3_farfield_steering.py":198:0))))): 'stablehlo.multiply' op requires compatible types for all operands and results
[02:59:23.796386]  note: "jit(true_divide)/jit(main)/mul"(callsite("make_port_source"("/root/rfx/rfx/simulation.py":162:0) at callsite("forward"("/root/rfx/rfx/optimize.py":182:0) at callsite("optimize"("/root/rfx/rfx/optimize.py":222:0) at "<module>"("/root/rfx/ex3_farfield_steering.py":198:0))))): see current operation: %1 = "stablehlo.multiply"(%0, %arg0) : (tensor<f32>, tensor<f64>) -> tensor<f32>
[02:59:23.796388]
[02:59:23.796389] The above exception was the direct cause of the following exception:
[02:59:23.796391]
[02:59:23.796394] Traceback (most recent call last):
[02:59:23.796396]   File "/root/rfx/ex3_farfield_steering.py", line 198, in <module>
[02:59:23.796398]     opt_result = optimize(
[02:59:23.796400]   File "/root/rfx/rfx/optimize.py", line 222, in optimize
[02:59:23.796503]     loss, grad = grad_fn(latent)
[02:59:23.796509]   File "/root/rfx/rfx/optimize.py", line 182, in forward
[02:59:23.796512]     sources.append(make_port_source(grid, lp, materials, _n_steps))
[02:59:23.796513]   File "/root/rfx/rfx/simulation.py", line 163, in make_port_source
[02:59:23.796515]     cb = (grid.dt / eps) / (1.0 + loss)
[02:59:23.796517]   File "/opt/jax/jax/_src/numpy/array_methods.py", line 1036, in op
[02:59:23.796612]     return getattr(self.aval, f"_{name}")(self, *args)
[02:59:23.796626]   File "/opt/jax/jax/_src/numpy/array_methods.py", line 573, in deferring_binary_op
[02:59:23.796629]     return binary_op(*args)
[02:59:23.796631] jax._src.source_info_util.JaxStackTraceBeforeTransformation: ValueError: Cannot lower jaxpr with verifier errors:
[02:59:23.796632] 	'stablehlo.multiply' op requires compatible types for all operands and results
[02:59:23.796634] 		at loc("jit(true_divide)/jit(main)/mul"(callsite("make_port_source"("/root/rfx/rfx/simulation.py":162:0) at callsite("forward"("/root/rfx/rfx/optimize.py":182:0) at callsite("optimize"("/root/rfx/rfx/optimize.py":222:0) at "<module>"("/root/rfx/ex3_farfield_steering.py":198:0))))))
[02:59:23.796636] 	see current operation: %1 = "stablehlo.multiply"(%0, %arg0) : (tensor<f32>, tensor<f64>) -> tensor<f32>
[02:59:23.796638] 		at loc("jit(true_divide)/jit(main)/mul"(callsite("make_port_source"("/root/rfx/rfx/simulation.py":162:0) at callsite("forward"("/root/rfx/rfx/optimize.py":182:0) at callsite("optimize"("/root/rfx/rfx/optimize.py":222:0) at "<module>"("/root/rfx/ex3_farfield_steering.py":198:0))))))
[02:59:23.796640] Define JAX_DUMP_IR_TO to dump the module.
[02:59:23.796641]
[02:59:23.796643] The preceding stack trace is the source of the JAX operation that, once transformed by JAX, triggered the following exception.
[02:59:23.796644]
[02:59:23.796646] --------------------
[02:59:23.796647]
[02:59:23.796649] The above exception was the direct cause of the following exception:
[02:59:23.796650]
[02:59:23.796651] jax.errors.SimplifiedTraceback: For simplicity, JAX has removed its internal frames from the traceback of the following exception. Set JAX_TRACEBACK_FILTERING=off to include these.
[02:59:23.796653]
[02:59:23.796654] The above exception was the direct cause of the following exception:
[02:59:23.796655]
[02:59:23.796657] Traceback (most recent call last):
[02:59:23.796658]   File "/root/rfx/ex3_farfield_steering.py", line 198, in <module>
[02:59:23.796660]     opt_result = optimize(
[02:59:23.796661]   File "/root/rfx/rfx/optimize.py", line 222, in optimize
[02:59:23.796666]     loss, grad = grad_fn(latent)
[02:59:23.796668] ValueError: Cannot lower jaxpr with verifier errors:
[02:59:23.796669] 	'stablehlo.multiply' op requires compatible types for all operands and results
[02:59:23.796671] 		at loc("jit(true_divide)/jit(main)/mul"(callsite("make_port_source"("/root/rfx/rfx/simulation.py":162:0) at callsite("forward"("/root/rfx/rfx/optimize.py":182:0) at callsite("optimize"("/root/rfx/rfx/optimize.py":222:0) at "<module>"("/root/rfx/ex3_farfield_steering.py":198:0))))))
[02:59:23.796672] 	see current operation: %1 = "stablehlo.multiply"(%0, %arg0) : (tensor<f32>, tensor<f64>) -> tensor<f32>
[02:59:23.796674] 		at loc("jit(true_divide)/jit(main)/mul"(callsite("make_port_source"("/root/rfx/rfx/simulation.py":162:0) at callsite("forward"("/root/rfx/rfx/optimize.py":182:0) at callsite("optimize"("/root/rfx/rfx/optimize.py":222:0) at "<module>"("/root/rfx/ex3_farfield_steering.py":198:0))))))
[02:59:23.796675] Define JAX_DUMP_IR_TO to dump the module.
[02:59:24.194199] workload reported done
[02:59:24.194299] Workload status changed to stopping
[02:59:31.967829] workload reported done
[02:59:31.967929] Workload status changed to waitToBeKilled
[02:59:33.000000] Stopping container vops-sidecar
[02:59:33.000000] Stopping container run-sidecar
[02:59:33.000000] Stopping container run-exec
[02:59:33.000000] Terminating VESSL Workload...
[02:59:33.000000] Stopping container ttyd-sidecar
[02:59:33.000000] Stopping container fluentbit
[02:59:33.069130] workload failed
[02:59:33.069231] Workload status changed to failed
