Organization: remilab
Project: byungkwan
[05:48:48.797738] workload awaiting to start
[05:48:48.797838] Workload status changed to pending
[05:48:53.951710] Event Reason: FailedScheduling, Event Note: 0/13 nodes are available: pod has unbound immediate PersistentVolumeClaims. preemption: 0/13 nodes are available: 13 Preemption is not helpful for scheduling.
[05:48:53.951710] Workload is in queue for scheduling. Please wait...
[05:48:58.763898] VESSL Workload assigned successfully. Starting soon.
[05:48:59.000000] Container image "quay.io/vessl-ai/kernels-toolbox:0.1.188" already present on machine
[05:48:59.000000] Created container vops-init
[05:48:59.000000] Started container vops-init
[05:49:00.000000] Container image "nvcr.io/nvidia/jax:24.04-py3" already present on machine
[05:49:00.001000] Container image "nvcr.io/nvidia/jax:24.04-py3" already present on machine
[05:49:01.000000] Creating VESSL Workload...
[05:49:01.000000] Created container vops-sidecar
[05:49:01.000000] Starting VESSL Workload...
[05:49:01.000000] Started container vops-sidecar
[05:49:01.000000] Created container run-exec
[05:49:01.000000] Container image "quay.io/vessl-ai/kernels-toolbox:0.1.188" already present on machine
[05:49:01.000000] Started container run-exec
[05:49:01.000000] Started container fluentbit
[05:49:01.000000] Created container fluentbit
[05:49:01.000000] Started container ttyd-sidecar
[05:49:01.000000] Container image "quay.io/vessl-ai/sidecar:v0.0.3" already present on machine
[05:49:01.000000] Created container run-sidecar
[05:49:01.744055] Installing VESSL CLI...
[05:49:02.462144] workload reported alive as pod run-execution-cznrsn1tqvdg-0
[05:49:02.462245] Workload status changed to initializing
[05:49:03.553923] + set +x
[05:49:06.301698] vessl, version 0.1.199
[05:49:08.688919] workload reported alive as pod run-execution-cznrsn1tqvdg-0
[05:49:08.689019] Workload status changed to running
[05:49:08.878919] + mkdir -p /root
[05:49:08.880986] + cd /root
[05:49:08.881671] + cd /root/workspace/byungkwan-workspace/research/rfx
[05:49:08.906561] + pip install -q -e .
[05:49:14.542121] WARNING: Running pip as the 'root' user can result in broken permissions and conflicting behaviour with the system package manager. It is recommended to use a virtual environment instead: https://pip.pypa.io/warnings/venv
[05:49:14.623860] + python -c 'import jax; print(f'"'"'Backend: {jax.default_backend()}, Devices: {jax.devices()}'"'"')'
[05:49:15.280193] Backend: gpu, Devices: [cuda(id=0)]
[05:49:15.344212] + python examples/13_patch_profiled.py
[05:49:16.775915] Design: L=29.4mm, W=38.0mm, f_design=2.400GHz
[05:49:16.939969] Backend: gpu
[05:49:16.939983]
[05:49:16.939985] ============================================================
[05:49:16.939986] TEST 1: JIT-compiled run (dx=0.5mm)
[05:49:16.939987] ============================================================
[05:49:16.939988] Grid: (209, 226, 91), n_steps=10491, dt=9.533e-13
[05:49:16.939989] Total cells: 4.30M
[05:53:33.880387] JIT warmup (100 steps): 256.9s
[05:58:05.489626] Full run (10491 steps): 271.6s
[05:58:05.489640] Performance: 39 steps/s, 166 Mcells/s
[05:59:40.570312]
[05:59:40.570365] Harminv modes:
[05:59:40.570372]   f=1.9443 GHz (err=18.99%), Q=31
[05:59:40.570433]   f=3.7151 GHz (err=54.80%), Q=57
[05:59:40.570585]   f=3.0422 GHz (err=26.76%), Q=50
[05:59:40.607796] FFT peak: 3.0394 GHz (err=26.64%)
[05:59:40.608358]
[05:59:40.608659] ============================================================
[05:59:40.608810] ERROR SOURCE ANALYSIS
[05:59:40.608958] ============================================================
[05:59:40.609119] Substrate resolution: h/dx = 3.2 cells
[05:59:40.609272] Patch length in cells: L/dx = 59
[05:59:40.609456] Margin/lambda: 0.25
[05:59:40.609625] Grid dispersion error: ~0.003% (negligible)
[05:59:40.609800] Substrate: h_design=1.600mm, h_grid=1.500mm, delta=6.3%
[05:59:40.610003] Edge ext: dL_design=0.739mm, dL_grid=0.500mm
[05:59:40.610184] f from grid dimensions: 2.4314 GHz (err=1.31%)
[05:59:40.610262]
[05:59:40.610337] ============================================================
[05:59:40.610482] SUMMARY
[05:59:40.610627] ============================================================
[05:59:40.610778] Best Harminv: 1.9443 GHz, err=18.99%, Q=31
[05:59:40.610918] Performance: 166 Mcells/s
[05:59:40.611063] Grid dispersion: 0.003%
[05:59:40.611215] Discretization shift: f_grid=2.4314 GHz (1.31%)
[05:59:40.919113] workload reported done
[05:59:40.919213] Workload status changed to stopping
[05:59:45.902234] + set +x
[05:59:50.944742] workload reported done
[05:59:50.944842] Workload status changed to waitToBeKilled
[05:59:54.000000] Stopping container vops-sidecar
[05:59:54.000000] Stopping container run-exec
[05:59:54.000000] Terminating VESSL Workload...
[05:59:54.000000] Stopping container fluentbit
[05:59:54.177698] workload completed
[05:59:54.177799] Workload status changed to completed
