Organization: remilab
Project: byungkwan
[12:23:14.234967] workload awaiting to start
[12:23:14.235067] Workload status changed to pending
[12:23:17.938053] Event Reason: FailedScheduling, Event Note: 0/13 nodes are available: pod has unbound immediate PersistentVolumeClaims. preemption: 0/13 nodes are available: 13 Preemption is not helpful for scheduling.
[12:23:17.938053] Workload is in queue for scheduling. Please wait...
[12:23:19.507798] VESSL Workload assigned successfully. Starting soon.
[12:23:20.000000] Container image "quay.io/vessl-ai/kernels-toolbox:0.1.188" already present on machine
[12:23:20.000000] Created container vops-init
[12:23:20.000000] Started container vops-init
[12:23:21.000000] Creating VESSL Workload...
[12:23:21.000000] Starting VESSL Workload...
[12:23:21.000000] Created container run-exec
[12:23:21.000000] Started container run-exec
[12:23:21.000000] Container image "nvcr.io/nvidia/jax:24.10-py3" already present on machine
[12:23:21.000000] Container image "quay.io/vessl-ai/sidecar:v0.0.3" already present on machine
[12:23:21.001000] Container image "nvcr.io/nvidia/jax:24.10-py3" already present on machine
[12:23:22.000000] Started container run-sidecar
[12:23:22.000000] Created container vops-sidecar
[12:23:22.000000] Created container ttyd-sidecar
[12:23:22.000000] Started container vops-sidecar
[12:23:22.000000] Container image "quay.io/vessl-ai/kernels-toolbox:0.1.188" already present on machine
[12:23:22.000000] Started container ttyd-sidecar
[12:23:22.540200] Installing VESSL CLI...
[12:23:23.347669] workload reported alive as pod run-execution-f1kyci3w28r0-0
[12:23:23.347769] Workload status changed to initializing
[12:23:24.461409] + set +x
[12:23:27.446652] vessl, version 0.1.199
[12:23:29.588130] workload reported alive as pod run-execution-f1kyci3w28r0-0
[12:23:29.588230] Workload status changed to running
[12:23:29.705377] + mkdir -p /root
[12:23:29.707145] + cd /root
[12:23:29.707522] + cd /root/workspace/byungkwan-workspace/research/rfx
[12:23:29.720840] + git config --global --add safe.directory /root/workspace/byungkwan-workspace/research/rfx
[12:23:29.745715] + git pull --ff-only origin main
[12:23:30.877085] From https://github.com/BK3536/rfx
[12:23:30.877275]  * branch            main       -> FETCH_HEAD
[12:23:30.976240] Already up to date.
[12:23:30.976992] + pip install -q -e '.[dev]'
[12:23:39.901078] WARNING: Running pip as the 'root' user can result in broken permissions and conflicting behaviour with the system package manager. It is recommended to use a virtual environment instead: https://pip.pypa.io/warnings/venv
[12:23:40.059684] + python scripts/debug_nu_raster.py
[12:23:41.213124] Domain: 49.4 x 58.0 mm
[12:23:41.213172] dz_profile: ['0.40', '0.40', '0.40', '0.40', '1.00', '1.00', '1.00', '1.00', '1.00', '1.00', '1.00', '1.00']
[12:23:41.213181] Total z: 9.6 mm
[12:23:41.613800]
[12:23:41.613820] Grid: 49x58x12
[12:23:41.613821] CPML layers: 0
[12:23:41.613822]
[12:23:41.613823] --- Testing _assemble_materials_nu ---
[12:23:41.846776] OK: eps_r shape = (49, 58, 12)
[12:23:41.846791]
[12:23:41.846804] --- Adding PEC ground plane Box(z=0, z=0) ---
[12:23:41.901576] OK: eps_r shape = (49, 58, 12)
[12:23:41.901589]
[12:23:41.901592] --- Adding PEC patch Box(z=h, z=h) ---
[12:23:41.975537] OK: eps_r shape = (49, 58, 12), pec_mask shape = (49, 58, 12)
[12:23:41.975553]
[12:23:41.975554] --- Running simulation ---
[12:23:41.982195] /root/workspace/byungkwan-workspace/research/rfx/scripts/debug_nu_raster.py:91: UserWarning: Zero-thickness geometry 'pec' along z-axis. On non-uniform mesh this may produce empty rasterization. Consider giving it at least one cell of thickness (0.40mm).
[12:23:41.982202]   result = sim.run(n_steps=100)
[12:23:42.438739] OK: time_series shape = (100, 1)
[12:23:42.438759]
[12:23:42.438761] --- Test 5: finite thickness PEC ---
[12:23:42.545373] OK: eps_r shape = (49, 58, 12)
[12:23:42.545396] /root/workspace/byungkwan-workspace/research/rfx/scripts/debug_nu_raster.py:117: UserWarning: 'pec' z-extent 0.40mm = 1.0 cells — under-resolved (< 3 cells). Consider finer mesh for accurate results.
[12:23:42.545398]   result2 = sim2.run(n_steps=100)
[12:23:42.545400] /root/workspace/byungkwan-workspace/research/rfx/scripts/debug_nu_raster.py:117: UserWarning: 'pec' z-extent 0.40mm = 1.0 cells — below 1 cell resolution. Results unreliable. Use non-uniform mesh or reduce dx.
[12:23:42.545401]   result2 = sim2.run(n_steps=100)
[12:23:42.693056] OK: ran 100 steps, ts shape = (100, 1)
[12:23:42.815789] workload reported done
[12:23:42.815889] Workload status changed to stopping
[12:23:53.714711] + set +x
[12:23:58.708043] workload reported done
[12:23:58.708143] Workload status changed to waitToBeKilled
[12:24:00.000000] Stopping container vops-sidecar
[12:24:00.000000] Stopping container run-sidecar
[12:24:00.000000] Stopping container run-exec
[12:24:00.000000] Terminating VESSL Workload...
[12:24:00.000000] Stopping container ttyd-sidecar
[12:24:00.000000] Stopping container fluentbit
[12:24:00.043662] workload completed
[12:24:00.043762] Workload status changed to completed
