Organization: remilab
Project: byungkwan
[05:39:40.474105] workload awaiting to start
[05:39:40.474205] Workload status changed to pending
[05:39:44.857934] Event Reason: FailedScheduling, Event Note: 0/13 nodes are available: pod has unbound immediate PersistentVolumeClaims. preemption: 0/13 nodes are available: 13 Preemption is not helpful for scheduling.
[05:39:44.857934] Workload is in queue for scheduling. Please wait...
[05:39:51.368665] VESSL Workload assigned successfully. Starting soon.
[05:39:52.000000] Container image "quay.io/vessl-ai/kernels-toolbox:0.1.188" already present on machine
[05:39:52.000000] Created container vops-init
[05:39:52.000000] Started container vops-init
[05:39:53.000000] Creating VESSL Workload...
[05:39:53.000000] Created container run-exec
[05:39:53.000000] Container image "nvcr.io/nvidia/jax:24.10-py3" already present on machine
[05:39:53.001000] Container image "nvcr.io/nvidia/jax:24.10-py3" already present on machine
[05:39:54.000000] Started container run-sidecar
[05:39:54.000000] Created container vops-sidecar
[05:39:54.000000] Created container ttyd-sidecar
[05:39:54.000000] Starting VESSL Workload...
[05:39:54.000000] Started container vops-sidecar
[05:39:54.000000] Container image "quay.io/vessl-ai/kernels-toolbox:0.1.188" already present on machine
[05:39:54.000000] Started container run-exec
[05:39:54.000000] Started container fluentbit
[05:39:54.000000] Created container fluentbit
[05:39:54.000000] Started container ttyd-sidecar
[05:39:54.000000] Container image "quay.io/vessl-ai/fluent-bit:2.1.6" already present on machine
[05:39:54.000000] Container image "quay.io/vessl-ai/sidecar:v0.0.3" already present on machine
[05:39:54.000000] Created container run-sidecar
[05:39:54.648753] Installing VESSL CLI...
[05:39:55.237292] workload reported alive as pod run-execution-yqfb8uu2wjrm-0
[05:39:55.237392] Workload status changed to initializing
[05:39:56.487436] + set +x
[05:39:59.719702] vessl, version 0.1.199
[05:40:01.600555] workload reported alive as pod run-execution-yqfb8uu2wjrm-0
[05:40:01.600655] Workload status changed to running
[05:40:01.924136] + mkdir -p /root
[05:40:01.926236] + cd /root
[05:40:01.926900] + set -euo pipefail
[05:40:01.926929] + cd /root
[05:40:01.926935] + git clone https://github.com/bk-squared/rfx.git
[05:40:01.929249] Cloning into 'rfx'...
[05:40:04.029802] + cd rfx
[05:40:04.029818] + pip install --quiet -e '.[all]'
[05:40:07.505401] WARNING: rfx 1807.8.6 does not provide the extra 'dashboard'
[05:40:07.505431] WARNING: rfx 1807.8.6 does not provide the extra 'dev'
[05:40:07.505543] WARNING: rfx 1807.8.6 does not provide the extra 'optimization'
[05:40:07.505549] WARNING: rfx 1807.8.6 does not provide the extra 'visualization'
[05:40:12.534566] WARNING: Running pip as the 'root' user can result in broken permissions and conflicting behaviour with the system package manager. It is recommended to use a virtual environment instead: https://pip.pypa.io/warnings/venv
[05:40:12.730380] + python -c 'import jax; print('"'"'JAX devices:'"'"', jax.devices())'
[05:40:13.034374] JAX devices: [CudaDevice(id=0)]
[05:40:13.085295] + nvidia-smi
[05:40:13.123935] Tue Apr  7 05:40:13 2026
[05:40:13.123974] +---------------------------------------------------------------------------------------+
[05:40:13.123983] | NVIDIA-SMI 535.288.01             Driver Version: 535.288.01   CUDA Version: 12.2     |
[05:40:13.123988] |-----------------------------------------+----------------------+----------------------+
[05:40:13.123992] | GPU  Name                 Persistence-M | Bus-Id        Disp.A | Volatile Uncorr. ECC |
[05:40:13.123996] | Fan  Temp   Perf          Pwr:Usage/Cap |         Memory-Usage | GPU-Util  Compute M. |
[05:40:13.124000] |                                         |                      |               MIG M. |
[05:40:13.124004] |=========================================+======================+======================|
[05:40:13.145772] |   0  NVIDIA GeForce RTX 4090        Off | 00000000:01:00.0 Off |                  Off |
[05:40:13.145775] |  0%   34C    P0              22W / 450W |      1MiB / 24564MiB |      1%      Default |
[05:40:13.145776] |                                         |                      |                  N/A |
[05:40:13.145777] +-----------------------------------------+----------------------+----------------------+
[05:40:13.145778]
[05:40:13.145779] +---------------------------------------------------------------------------------------+
[05:40:13.145780] | Processes:                                                                            |
[05:40:13.145781] |  GPU   GI   CI        PID   Type   Process name                            GPU Memory |
[05:40:13.145782] |        ID   ID                                                             Usage      |
[05:40:13.145783] |=======================================================================================|
[05:40:13.145888] |  No running processes found                                                           |
[05:40:13.145893] +---------------------------------------------------------------------------------------+
[05:40:13.188587] + mkdir -p /output/ex3
[05:40:13.189231] + cp /root/workspace/bk-workspace/papers/rfx-tap/experiments/ex3_farfield_steering.py .
[05:40:13.219552] + OUTPUT_DIR=/output/ex3 python ex3_farfield_steering.py
[05:40:13.855114] Device: DeviceInfo(backend='gpu', gpu_available=True, devices=[{'id': 0, 'kind': 'NVIDIA GeForce RTX 4090', 'platform': 'gpu'}])
[05:40:13.855135] WR-90: 22.9x10.2mm, f0=10GHz
[05:40:13.855138] dx=2.0mm, domain=80x80x80mm
[05:40:13.855140] N_STEPS: full=3148, opt=800
[05:40:13.855157] Design region: dielectric plug 23x10x10mm at aperture
[05:40:13.855170] eps range: 1.0 - 12.0
[05:40:13.855172]
[05:40:13.855185] === NTFF sanity check ===
[05:40:13.855338] /root/rfx/ex3_farfield_steering.py:178: UserWarning: 'pec' y-extent 2.00mm = 1.0 cells — under-resolved (< 3 cells). Consider finer mesh for accurate results.
[05:40:13.855346]   result_check = sim.run(n_steps=N_STEPS_FULL)
[05:40:13.855351] /root/rfx/ex3_farfield_steering.py:178: UserWarning: 'pec' x-extent 2.00mm = 1.0 cells — below 1 cell resolution. Use add_thin_conductor() for sub-cell PEC sheet.
[05:40:13.855353]   result_check = sim.run(n_steps=N_STEPS_FULL)
[05:40:13.855355] /root/rfx/ex3_farfield_steering.py:178: UserWarning: 'pec' x-extent 2.00mm = 1.0 cells — under-resolved (< 3 cells). Consider finer mesh for accurate results.
[05:40:13.855356]   result_check = sim.run(n_steps=N_STEPS_FULL)
[05:40:13.855358] /root/rfx/ex3_farfield_steering.py:178: UserWarning: 'pec' z-extent 2.00mm = 1.0 cells — under-resolved (< 3 cells). Consider finer mesh for accurate results.
[05:40:13.855359]   result_check = sim.run(n_steps=N_STEPS_FULL)
[05:40:19.053253]   Peak θ=56°, max power=1.6753e-26
[05:40:19.053277]   Directivity = 7.45 (8.7 dBi)
[05:40:19.053279]
[05:40:19.053281] === Directivity optimization: dielectric plug at WR-90 aperture ===
[05:40:19.218920]   optimize: n_steps=800, grid=(57, 57, 57) (0.2M cells)
[05:40:41.705197]   iter    0  loss = -5.063551e-01
[05:44:06.316959]   iter   10  loss = -6.817758e-01
[05:47:31.729644]   iter   20  loss = -7.682109e-01
[05:50:56.667197]   iter   30  loss = -8.620190e-01
[05:54:21.939398]   iter   40  loss = -9.583397e-01
[05:57:47.062515]   iter   50  loss = -9.816219e-01
[06:00:52.314768]   iter   59  loss = -9.902819e-01
[06:00:52.370063] Optimization: 60 iters in 1233.3s
[06:00:52.370074] /root/rfx/ex3_farfield_steering.py:221: UserWarning: 'pec' y-extent 2.00mm = 1.0 cells — under-resolved (< 3 cells). Consider finer mesh for accurate results.
[06:00:52.370082]
[06:00:52.370084] === Final radiation patterns ===
[06:00:52.370087]   result_opt = sim.run(n_steps=N_STEPS_FULL)
[06:00:52.370089] /root/rfx/ex3_farfield_steering.py:221: UserWarning: 'pec' x-extent 2.00mm = 1.0 cells — below 1 cell resolution. Use add_thin_conductor() for sub-cell PEC sheet.
[06:00:52.370090]   result_opt = sim.run(n_steps=N_STEPS_FULL)
[06:00:52.370093] /root/rfx/ex3_farfield_steering.py:221: UserWarning: 'pec' x-extent 2.00mm = 1.0 cells — under-resolved (< 3 cells). Consider finer mesh for accurate results.
[06:00:52.370094]   result_opt = sim.run(n_steps=N_STEPS_FULL)
[06:00:52.370095] /root/rfx/ex3_farfield_steering.py:221: UserWarning: 'pec' z-extent 2.00mm = 1.0 cells — under-resolved (< 3 cells). Consider finer mesh for accurate results.
[06:00:52.370109]   result_opt = sim.run(n_steps=N_STEPS_FULL)
[06:00:56.864463] /root/rfx/ex3_farfield_steering.py:225: UserWarning: 'pec' y-extent 2.00mm = 1.0 cells — under-resolved (< 3 cells). Consider finer mesh for accurate results.
[06:00:56.864486]   result_init = sim_init.run(n_steps=N_STEPS_FULL)
[06:00:56.864489] /root/rfx/ex3_farfield_steering.py:225: UserWarning: 'pec' x-extent 2.00mm = 1.0 cells — below 1 cell resolution. Use add_thin_conductor() for sub-cell PEC sheet.
[06:00:56.864490]   result_init = sim_init.run(n_steps=N_STEPS_FULL)
[06:00:56.864506] /root/rfx/ex3_farfield_steering.py:225: UserWarning: 'pec' x-extent 2.00mm = 1.0 cells — under-resolved (< 3 cells). Consider finer mesh for accurate results.
[06:00:56.864507]   result_init = sim_init.run(n_steps=N_STEPS_FULL)
[06:00:56.864508] /root/rfx/ex3_farfield_steering.py:225: UserWarning: 'pec' z-extent 2.00mm = 1.0 cells — under-resolved (< 3 cells). Consider finer mesh for accurate results.
[06:00:56.864510]   result_init = sim_init.run(n_steps=N_STEPS_FULL)
[06:01:01.385807] Initial:   peak θ=58°, D=7.49 (8.7 dBi)
[06:01:01.385826] Optimized: peak θ=58°, D=7.49 (8.7 dBi)
[06:01:01.385829] Improvement: +0.0 dB
[06:01:01.386057]
[06:01:01.386060] Metrics: {
[06:01:01.386062]   "experiment": "ex3_wg_flange_directivity",
[06:01:01.386065]   "device": "DeviceInfo(backend='gpu', gpu_available=True, devices=[{'id': 0, 'kind': 'NVIDIA GeForce RTX 4090', 'platform': 'gpu'}])",
[06:01:01.386066]   "freq_ghz": 10.0,
[06:01:01.386068]   "waveguide": "WR-90",
[06:01:01.386069]   "dx_mm": 2.0,
[06:01:01.386071]   "n_steps_opt": 800,
[06:01:01.386072]   "n_iterations": 60,
[06:01:01.386074]   "optimization_time_s": 1233.3,
[06:01:01.386076]   "initial_loss": -0.5063551068305969,
[06:01:01.386077]   "final_loss": -0.990281879901886,
[06:01:01.386079]   "initial_directivity_dBi": 8.7,
[06:01:01.386080]   "optimized_directivity_dBi": 8.7,
[06:01:01.386081]   "improvement_dB": 0.0,
[06:01:01.386083]   "initial_peak_theta_deg": 58.050422624406515,
[06:01:01.386084]   "optimized_peak_theta_deg": 58.050422624406515
[06:01:01.386090] }
[06:01:01.580487] Saved: pattern_comparison.png
[06:01:01.659052] Saved: convergence.png
[06:01:01.770876] Saved: eps_design.png
[06:01:01.770905]
[06:01:01.770906] Results saved to /output/ex3/
[06:01:08.777625] workload reported done
[06:01:08.777725] Workload status changed to stopping
[06:01:08.798888] [done] ex3 farfield
[06:01:08.798916] + echo '[done] ex3 farfield'
[06:01:14.115426] + set +x
[06:01:19.107159] workload reported done
[06:01:19.107259] Workload status changed to waitToBeKilled
[06:01:21.000000] Stopping container vops-sidecar
[06:01:21.000000] Stopping container run-sidecar
[06:01:21.000000] Stopping container run-exec
[06:01:21.000000] Terminating VESSL Workload...
[06:01:21.000000] Stopping container ttyd-sidecar
[06:01:21.081192] workload completed
[06:01:21.081292] Workload status changed to completed
