Organization: remilab
Project: byungkwan
[04:07:50.181483] workload awaiting to start
[04:07:50.181583] Workload status changed to pending
[04:07:53.953204] Event Reason: FailedScheduling, Event Note: 0/13 nodes are available: pod has unbound immediate PersistentVolumeClaims. preemption: 0/13 nodes are available: 13 Preemption is not helpful for scheduling.
[04:07:53.953204] Workload is in queue for scheduling. Please wait...
[04:08:06.000000] Container image "quay.io/vessl-ai/kernels-toolbox:0.1.188" already present on machine
[04:08:06.000000] Created container vops-init
[04:08:06.000000] Started container vops-init
[04:08:06.096993] VESSL Workload assigned successfully. Starting soon.
[04:08:08.000000] Started container run-sidecar
[04:08:08.000000] Creating VESSL Workload...
[04:08:08.000000] Created container vops-sidecar
[04:08:08.000000] Starting VESSL Workload...
[04:08:08.000000] Created container run-exec
[04:08:08.000000] Container image "quay.io/vessl-ai/kernels-toolbox:0.1.188" already present on machine
[04:08:08.000000] Started container run-exec
[04:08:08.000000] Container image "nvcr.io/nvidia/jax:24.10-py3" already present on machine
[04:08:08.000000] Container image "quay.io/vessl-ai/fluent-bit:2.1.6" already present on machine
[04:08:08.000000] Container image "quay.io/vessl-ai/sidecar:v0.0.3" already present on machine
[04:08:08.000000] Created container run-sidecar
[04:08:08.001000] Container image "nvcr.io/nvidia/jax:24.10-py3" already present on machine
[04:08:09.000000] Started container vops-sidecar
[04:08:09.022208] Installing VESSL CLI...
[04:08:09.577732] workload reported alive as pod run-execution-xygsjsytktrb-0
[04:08:09.577832] Workload status changed to initializing
[04:08:10.800715] + set +x
[04:08:13.922919] vessl, version 0.1.199
[04:08:15.966309] workload reported alive as pod run-execution-xygsjsytktrb-0
[04:08:15.966409] Workload status changed to running
[04:08:16.070527] + mkdir -p /root
[04:08:16.072513] + cd /root
[04:08:16.073167] + set -euo pipefail
[04:08:16.073176] + cd /root
[04:08:16.073182] + git clone https://github.com/bk-squared/rfx.git
[04:08:16.075543] Cloning into 'rfx'...
[04:08:18.372992] + cd rfx
[04:08:18.373010] + pip install --quiet -e '.[all]'
[04:08:21.914106] WARNING: rfx 1807.8.6 does not provide the extra 'dashboard'
[04:08:21.914143] WARNING: rfx 1807.8.6 does not provide the extra 'dev'
[04:08:21.914146] WARNING: rfx 1807.8.6 does not provide the extra 'optimization'
[04:08:21.914339] WARNING: rfx 1807.8.6 does not provide the extra 'visualization'
[04:08:27.237606] WARNING: Running pip as the 'root' user can result in broken permissions and conflicting behaviour with the system package manager. It is recommended to use a virtual environment instead: https://pip.pypa.io/warnings/venv
[04:08:27.443054] + python -c 'import jax; print('"'"'JAX devices:'"'"', jax.devices())'
[04:08:27.706726] JAX devices: [CudaDevice(id=0)]
[04:08:27.754924] + nvidia-smi
[04:08:27.764521] Tue Apr  7 04:08:27 2026
[04:08:27.764536] +---------------------------------------------------------------------------------------+
[04:08:27.764542] | NVIDIA-SMI 535.288.01             Driver Version: 535.288.01   CUDA Version: 12.2     |
[04:08:27.764544] |-----------------------------------------+----------------------+----------------------+
[04:08:27.764545] | GPU  Name                 Persistence-M | Bus-Id        Disp.A | Volatile Uncorr. ECC |
[04:08:27.764547] | Fan  Temp   Perf          Pwr:Usage/Cap |         Memory-Usage | GPU-Util  Compute M. |
[04:08:27.764549] |                                         |                      |               MIG M. |
[04:08:27.764550] |=========================================+======================+======================|
[04:08:27.778774] |   0  NVIDIA GeForce RTX 4090        Off | 00000000:01:00.0 Off |                  Off |
[04:08:27.778789] |  0%   32C    P0              20W / 450W |      1MiB / 24564MiB |      1%      Default |
[04:08:27.778794] |                                         |                      |                  N/A |
[04:08:27.778797] +-----------------------------------------+----------------------+----------------------+
[04:08:27.778798]
[04:08:27.778800] +---------------------------------------------------------------------------------------+
[04:08:27.778802] | Processes:                                                                            |
[04:08:27.778803] |  GPU   GI   CI        PID   Type   Process name                            GPU Memory |
[04:08:27.778805] |        ID   ID                                                             Usage      |
[04:08:27.778806] |=======================================================================================|
[04:08:27.778808] |  No running processes found                                                           |
[04:08:27.778809] +---------------------------------------------------------------------------------------+
[04:08:27.822855] + mkdir -p /output/ex3
[04:08:27.823517] + cp /root/workspace/bk-workspace/papers/rfx-tap/experiments/ex3_farfield_steering.py .
[04:08:27.846562] + OUTPUT_DIR=/output/ex3 python ex3_farfield_steering.py
[04:08:28.443089] Device: DeviceInfo(backend='gpu', gpu_available=True, devices=[{'id': 0, 'kind': 'NVIDIA GeForce RTX 4090', 'platform': 'gpu'}])
[04:08:28.443111] F0=5GHz, dx=1.0mm, domain=80mm
[04:08:28.443114] CPML=10, NTFF margin=15mm
[04:08:28.443116] N_STEPS: full=7868, optimize=1500
[04:08:28.443118] Design region: 15x24x24 mm, eps 1-50, +x side of dipole
[04:08:28.443119]
[04:08:28.443121] === NTFF sanity check (sim.run) ===
[04:08:35.923036]   max power = 8.482837e-27
[04:08:35.923057]   Directivity = 2.34 (3.7 dBi)
[04:08:35.923059]   WARNING: power too low!
[04:08:35.923061]
[04:08:35.923064] === Beam steering: dipole + dielectric director ===
[04:08:35.923079] Target: redirect from θ=90° toward θ=60°
[04:08:36.093572]   optimize: n_steps=1500, grid=(101, 101, 101) (1.0M cells)
[04:08:39.076326] 2026-04-07 04:08:39.076121: W external/xla/xla/service/hlo_rematerialization.cc:3005] Can't reduce memory use below -18.05GiB (-19383444305 bytes) by rematerialization; only reduced to 75.98GiB (81579406336 bytes), down from 76.00GiB (81599889336 bytes) originally
[04:09:05.202950] 2026-04-07 04:09:05.202683: W external/xla/xla/tsl/framework/bfc_allocator.cc:497] Allocator (GPU_0_bfc) ran out of memory trying to allocate 5.76GiB (rounded to 6181806080)requested by op
[04:09:05.203468] 2026-04-07 04:09:05.203251: W external/xla/xla/tsl/framework/bfc_allocator.cc:508] ******************************************************************************______________________
[04:09:05.203779] E0407 04:09:05.203406     336 pjrt_stream_executor_client.cc:3067] Execution of replica 0 failed: RESOURCE_EXHAUSTED: Out of memory while trying to allocate 6181806000 bytes.
[04:09:05.212843] jax.errors.SimplifiedTraceback: For simplicity, JAX has removed its internal frames from the traceback of the following exception. Set JAX_TRACEBACK_FILTERING=off to include these.
[04:09:05.212849]
[04:09:05.212851] The above exception was the direct cause of the following exception:
[04:09:05.212852]
[04:09:05.212852] Traceback (most recent call last):
[04:09:05.212853]   File "/root/rfx/ex3_farfield_steering.py", line 162, in <module>
[04:09:05.212945]     opt = optimize(
[04:09:05.212951]   File "/root/rfx/rfx/optimize.py", line 187, in optimize
[04:09:05.212952]     loss, grad = grad_fn(latent)
[04:09:05.212953]   File "/root/rfx/rfx/optimize.py", line 169, in forward
[04:09:05.213059]     result = sim._forward_from_materials(
[04:09:05.213065]   File "/root/rfx/rfx/api.py", line 2252, in _forward_from_materials
[04:09:05.213287]     result = _run(
[04:09:05.213295]   File "/root/rfx/rfx/simulation.py", line 829, in run
[04:09:05.213315]     final_carry, outputs = jax.lax.scan(body, carry_init, xs)
[04:09:05.213317] jaxlib.xla_extension.XlaRuntimeError: RESOURCE_EXHAUSTED: Out of memory while trying to allocate 6181806000 bytes.
[04:09:05.557177] workload reported done
[04:09:05.557277] Workload status changed to stopping
[04:09:16.122194] workload reported done
[04:09:16.122294] Workload status changed to waitToBeKilled
[04:09:18.000000] Stopping container vops-sidecar
[04:09:18.000000] Stopping container run-sidecar
[04:09:18.000000] Stopping container run-exec
[04:09:18.000000] Terminating VESSL Workload...
[04:09:18.000000] Stopping container ttyd-sidecar
[04:09:18.000000] Stopping container fluentbit
[04:09:18.058964] workload failed
[04:09:18.059064] Workload status changed to failed
