Organization: remilab
Project: byungkwan
[17:59:43.996111] workload awaiting to start
[17:59:43.996211] Workload status changed to pending
[17:59:47.898551] Event Reason: FailedScheduling, Event Note: 0/13 nodes are available: pod has unbound immediate PersistentVolumeClaims. preemption: 0/13 nodes are available: 13 Preemption is not helpful for scheduling.
[17:59:47.898551] Workload is in queue for scheduling. Please wait...
[17:59:49.187342] VESSL Workload assigned successfully. Starting soon.
[17:59:50.000000] Container image "quay.io/vessl-ai/kernels-toolbox:0.1.188" already present on machine
[17:59:50.000000] Created container vops-init
[17:59:50.000000] Started container vops-init
[17:59:51.000000] Started container run-sidecar
[17:59:51.000000] Creating VESSL Workload...
[17:59:51.000000] Starting VESSL Workload...
[17:59:51.000000] Created container run-exec
[17:59:51.000000] Started container run-exec
[17:59:51.000000] Created container fluentbit
[17:59:51.000000] Container image "nvcr.io/nvidia/jax:24.10-py3" already present on machine
[17:59:51.000000] Container image "quay.io/vessl-ai/fluent-bit:2.1.6" already present on machine
[17:59:51.000000] Container image "quay.io/vessl-ai/sidecar:v0.0.3" already present on machine
[17:59:51.000000] Created container run-sidecar
[17:59:51.001000] Container image "nvcr.io/nvidia/jax:24.10-py3" already present on machine
[17:59:52.000000] Created container vops-sidecar
[17:59:52.000000] Created container ttyd-sidecar
[17:59:52.000000] Started container vops-sidecar
[17:59:52.000000] Container image "quay.io/vessl-ai/kernels-toolbox:0.1.188" already present on machine
[17:59:52.336159] Installing VESSL CLI...
[17:59:53.057576] workload reported alive as pod run-execution-5by3i9qv0dpa-0
[17:59:53.057676] Workload status changed to initializing
[17:59:54.157413] + set +x
[17:59:57.071459] vessl, version 0.1.199
[17:59:59.276611] workload reported alive as pod run-execution-5by3i9qv0dpa-0
[17:59:59.276711] Workload status changed to running
[17:59:59.512275] + mkdir -p /root
[17:59:59.514388] + cd /root
[17:59:59.515027] + cd /root/workspace/byungkwan-workspace/research/rfx
[17:59:59.533927] + git config --global --add safe.directory /root/workspace/byungkwan-workspace/research/rfx
[17:59:59.563214] + git pull --ff-only origin main
[18:00:00.948852] From https://github.com/BK3536/rfx
[18:00:00.948892]  * branch            main       -> FETCH_HEAD
[18:00:01.044819] Already up to date.
[18:00:01.045655] + pip install -q -e '.[dev]'
[18:00:09.959021] WARNING: Running pip as the 'root' user can result in broken permissions and conflicting behaviour with the system package manager. It is recommended to use a virtual environment instead: https://pip.pypa.io/warnings/venv
[18:00:10.119200] === 01: OpenEMS WR42 Waveguide ===
[18:00:10.119241] + echo '=== 01: OpenEMS WR42 Waveguide ==='
[18:00:10.119252] + python examples/crossval/01_openems_waveguide.py
[18:00:11.227305] ============================================================
[18:00:11.227346] Cross-Validation: OpenEMS Rectangular Waveguide (WR42)
[18:00:11.227352] ============================================================
[18:00:11.227359] WR42: 10.668 x 4.318 mm, length 50 mm
[18:00:11.227366] TE10 cutoff: 14.05 GHz
[18:00:11.227374] Sweep: 20 - 26 GHz (51 pts)
[18:00:11.227379]
[18:00:11.363343] Running waveguide S-matrix...
[18:00:14.900459] S21 mean: 1.0000 (-0.0 dB)
[18:00:14.900482] S11 mean: 0.1354 (-18.4 dB)
[18:00:14.900485]
[18:00:14.900487] Validation:
[18:00:14.900489]   |S21| > 0.9: PASS
[18:00:14.900491]   |S11| < 0.15: PASS
[18:00:15.072238]
[18:00:15.072249] Plot saved: /root/workspace/byungkwan-workspace/research/rfx/examples/crossval/01_openems_waveguide.png
[18:00:15.223588] === 02: OpenEMS PEC Sphere RCS ===
[18:00:15.223614] + echo '=== 02: OpenEMS PEC Sphere RCS ==='
[18:00:15.223616] + python examples/crossval/02_openems_rcs_sphere.py
[18:00:16.100433] ============================================================
[18:00:16.100451] Cross-Validation: OpenEMS PEC Sphere RCS
[18:00:16.100454] ============================================================
[18:00:16.100457] Sphere radius: 200 mm
[18:00:16.100459] Geometric RCS: 0.1257 m² (-9.0 dBsm)
[18:00:16.100461] Frequency: 0 - 1000 MHz
[18:00:16.100464]
[18:00:16.100594] Grid: 157x157x157 = 3.9M cells
[18:00:16.100600] Steps: 787
[18:00:21.470788]
[18:00:21.470823] Far-field computed at 9 frequencies
[18:00:21.470824] Max far-field power: 5.9807e-20
[18:00:21.470825] PASS: Far-field extraction working
[18:00:21.541611] Plot saved: /root/workspace/byungkwan-workspace/research/rfx/examples/crossval/02_openems_rcs_sphere.png
[18:00:21.678852] === 03: Meep Waveguide Bend ===
[18:00:21.678852] + echo '=== 03: Meep Waveguide Bend ==='
[18:00:21.678873] + python examples/crossval/03_meep_waveguide_bend.py
[18:00:22.561819] ============================================================
[18:00:22.561859] Cross-Validation: Meep Waveguide Bend Transmittance
[18:00:22.561886] ============================================================
[18:00:22.561893] Waveguide: eps=12.0, width=1.0mm
[18:00:22.561897] Cell: 16x16mm
[18:00:22.561902] Frequency: 45.0 GHz, BW=30.0 GHz
[18:00:22.561905]
[18:00:22.561927] Grid: 177x177x1, steps=42826
[18:00:22.562438] /root/workspace/byungkwan-workspace/research/rfx/examples/crossval/03_meep_waveguide_bend.py:93: UserWarning: 'waveguide' z-extent 0.10mm = 1.0 cells — under-resolved (< 3 cells). Consider finer mesh for accurate results.
[18:00:22.562474]   result = sim.run(n_steps=n_steps)
[18:00:28.067843] Mean transmittance in band: 0.713
[18:00:28.265861] Plot saved: /root/workspace/byungkwan-workspace/research/rfx/examples/crossval/03_meep_waveguide_bend.png
[18:00:28.404659] + echo '=== 04: Meep Mie Sphere ==='
[18:00:28.404659] === 04: Meep Mie Sphere ===
[18:00:28.404681] + python examples/crossval/04_meep_mie_sphere.py
[18:00:29.093213] ============================================================
[18:00:29.093227] Cross-Validation: Meep Mie Scattering (Dielectric Sphere)
[18:00:29.093230] ============================================================
[18:00:29.093231] Sphere: n=2.0, radius=10mm
[18:00:29.093233] Frequency: 30.0 GHz, BW=12.0 GHz
[18:00:29.093235] ka at center: 6.28
[18:00:29.093252] Grid: 29x29x29, steps=525
[18:00:30.418678] Simulation complete — peak |Ez| = 1.0216e+00
[18:00:30.418709] PASS: TFSF+sphere simulation ran successfully
[18:00:30.512430] Plot saved: /root/workspace/byungkwan-workspace/research/rfx/examples/crossval/04_meep_mie_sphere.png
[18:00:30.638867] + echo '=== 05: Meep Fresnel ==='
[18:00:30.638891] + python examples/crossval/05_meep_fresnel.py
[18:00:30.638902] === 05: Meep Fresnel ===
[18:00:31.097272] ============================================================
[18:00:31.097483] Cross-Validation: Meep Fresnel Reflectance
[18:00:31.097561] ============================================================
[18:00:31.097637] Interface: air / n=3.5 (eps_r=12.25)
[18:00:31.097725] Analytical R = 0.3086 (-5.1 dB)
[18:00:31.097777]
[18:00:31.097904] Grid: 221x221x1, steps=3427
[18:00:31.098094] /root/workspace/byungkwan-workspace/research/rfx/examples/crossval/05_meep_fresnel.py:77: UserWarning: 'dielectric' z-extent 1.00mm = 1.0 cells — under-resolved (< 3 cells). Consider finer mesh for accurate results.
[18:00:31.098098]   result = sim.run(n_steps=n_steps)
[18:00:35.135284]
[18:00:35.135307] Estimated R: 0.0645
[18:00:35.135309] Analytical R: 0.3086
[18:00:35.135311] Difference: 0.2441
[18:00:35.135313] FAIL: 79.1% error
[18:00:35.275116] Plot saved: /root/workspace/byungkwan-workspace/research/rfx/examples/crossval/05_meep_fresnel.png
[18:00:35.423857] === ALL CROSSVAL DONE ===
[18:00:35.423886] + echo '=== ALL CROSSVAL DONE ==='
[18:00:35.429072] workload reported done
[18:00:35.429172] Workload status changed to stopping
[18:00:47.528733] + set +x
[18:00:52.551194] workload reported done
[18:00:52.551295] Workload status changed to waitToBeKilled
[18:00:54.000000] Stopping container vops-sidecar
[18:00:54.000000] Stopping container run-sidecar
[18:00:54.000000] Stopping container run-exec
[18:00:54.000000] Terminating VESSL Workload...
[18:00:54.000000] Stopping container ttyd-sidecar
[18:00:54.000000] Stopping container fluentbit
[18:00:54.029745] workload completed
[18:00:54.029845] Workload status changed to completed
