Organization: remilab
Project: byungkwan
[07:41:19.628856] workload awaiting to start
[07:41:19.628956] Workload status changed to pending
[07:41:23.897229] Event Reason: FailedScheduling, Event Note: 0/13 nodes are available: pod has unbound immediate PersistentVolumeClaims. preemption: 0/13 nodes are available: 13 Preemption is not helpful for scheduling.
[07:41:23.897229] Workload is in queue for scheduling. Please wait...
[07:41:29.133182] VESSL Workload assigned successfully. Starting soon.
[07:41:30.000000] Creating VESSL Workload...
[07:41:30.000000] Created container run-exec
[07:41:30.000000] Container image "quay.io/vessl-ai/kernels-toolbox:0.1.188" already present on machine
[07:41:30.000000] Created container vops-init
[07:41:30.000000] Started container vops-init
[07:41:30.000000] Container image "nvcr.io/nvidia/jax:24.04-py3" already present on machine
[07:41:31.000000] Created container vops-sidecar
[07:41:31.000000] Created container ttyd-sidecar
[07:41:31.000000] Starting VESSL Workload...
[07:41:31.000000] Started container vops-sidecar
[07:41:31.000000] Container image "quay.io/vessl-ai/kernels-toolbox:0.1.188" already present on machine
[07:41:31.000000] Started container run-exec
[07:41:31.000000] Started container fluentbit
[07:41:31.000000] Created container fluentbit
[07:41:31.000000] Started container ttyd-sidecar
[07:41:31.000000] Container image "quay.io/vessl-ai/fluent-bit:2.1.6" already present on machine
[07:41:31.000000] Container image "quay.io/vessl-ai/sidecar:v0.0.3" already present on machine
[07:41:31.000000] Created container run-sidecar
[07:41:31.688935] Installing VESSL CLI...
[07:41:32.340686] workload reported alive as pod run-execution-sd0tizdy27wr-0
[07:41:32.340786] Workload status changed to initializing
[07:41:33.451799] + set +x
[07:41:38.956673] vessl, version 0.1.199
[07:41:43.600108] workload reported alive as pod run-execution-sd0tizdy27wr-0
[07:41:43.600208] Workload status changed to running
[07:41:43.782575] + mkdir -p /root
[07:41:43.784537] + cd /root
[07:41:43.785183] + cd /root/workspace/byungkwan-workspace/research/rfx
[07:41:43.807272] + pip install -q -e .
[07:41:51.366726] WARNING: Running pip as the 'root' user can result in broken permissions and conflicting behaviour with the system package manager. It is recommended to use a virtual environment instead: https://pip.pypa.io/warnings/venv
[07:41:51.447062] + python -c 'import jax; print(f'"'"'Backend: {jax.default_backend()}'"'"')'
[07:41:52.158169] Backend: gpu
[07:41:52.225366] + python examples/15_fine_grid_test.py
[07:41:53.355969] dx=0.25mm, grid=(516, 551, 238)
[07:41:53.356175] Cells: 67.7M, est memory: 1.6GB
[07:41:53.356261] h/dx=6, L/dx=118
[07:41:53.356343] n_steps=20981, T_sim=10.0ns
[07:41:53.356396]
[07:41:53.356451] Running with subpixel smoothing...
[07:53:46.761810] Runtime: 713.4s (1990 Mcells/s)
[07:54:27.516111]
[07:54:27.516172] Harminv modes:
[07:54:27.675744] FFT: 1.5545 GHz (err=35.23%)
[07:54:27.883785] workload reported done
[07:54:27.883885] Workload status changed to stopping
[07:54:43.906487] + set +x
[07:54:48.932246] workload reported done
[07:54:48.932346] Workload status changed to waitToBeKilled
[07:54:51.000000] Stopping container vops-sidecar
[07:54:51.000000] Stopping container run-sidecar
[07:54:51.000000] Stopping container run-exec
[07:54:51.000000] Terminating VESSL Workload...
[07:54:51.000000] Stopping container ttyd-sidecar
[07:54:51.000000] Stopping container fluentbit
[07:54:51.073807] workload completed
[07:54:51.073908] Workload status changed to completed
