Organization: remilab
Project: byungkwan
[12:29:11.727412] workload awaiting to start
[12:29:11.727512] Workload status changed to pending
[12:29:17.904048] Event Reason: FailedScheduling, Event Note: 0/13 nodes are available: pod has unbound immediate PersistentVolumeClaims. preemption: 0/13 nodes are available: 13 Preemption is not helpful for scheduling.
[12:29:17.904048] Workload is in queue for scheduling. Please wait...
[12:29:30.052132] Event Reason: FailedScheduling, Event Note: 0/13 nodes are available: pod has unbound immediate PersistentVolumeClaims. preemption: 0/13 nodes are available: 13 Preemption is not helpful for scheduling.
[12:29:30.052132] Workload is in queue for scheduling. Please wait...
[12:29:32.425708] VESSL Workload assigned successfully. Starting soon.
[12:29:33.000000] Creating VESSL Workload...
[12:29:33.000000] Created container run-exec
[12:29:33.000000] Container image "quay.io/vessl-ai/kernels-toolbox:0.1.188" already present on machine
[12:29:33.000000] Created container vops-init
[12:29:33.000000] Started container vops-init
[12:29:33.000000] Container image "nvcr.io/nvidia/jax:24.04-py3" already present on machine
[12:29:33.001000] Container image "nvcr.io/nvidia/jax:24.04-py3" already present on machine
[12:29:34.000000] Created container vops-sidecar
[12:29:34.000000] Created container ttyd-sidecar
[12:29:34.000000] Starting VESSL Workload...
[12:29:34.000000] Started container vops-sidecar
[12:29:34.000000] Started container run-exec
[12:29:34.000000] Started container fluentbit
[12:29:34.000000] Started container ttyd-sidecar
[12:29:34.000000] Container image "quay.io/vessl-ai/fluent-bit:2.1.6" already present on machine
[12:29:34.000000] Container image "quay.io/vessl-ai/sidecar:v0.0.3" already present on machine
[12:29:34.000000] Created container run-sidecar
[12:29:34.627610] Installing VESSL CLI...
[12:29:35.275478] workload reported alive as pod run-execution-rhd1c9pj397g-0
[12:29:35.275578] Workload status changed to initializing
[12:29:36.475011] + set +x
[12:29:39.286597] vessl, version 0.1.199
[12:29:41.588125] workload reported alive as pod run-execution-rhd1c9pj397g-0
[12:29:41.588225] Workload status changed to running
[12:29:41.766884] + mkdir -p /root
[12:29:41.768956] + cd /root
[12:29:41.769662] + cd /root/workspace/byungkwan-workspace/research/rfx
[12:29:41.794882] + pip install -q -e .
[12:29:47.355236] WARNING: Running pip as the 'root' user can result in broken permissions and conflicting behaviour with the system package manager. It is recommended to use a virtual environment instead: https://pip.pypa.io/warnings/venv
[12:29:47.436626] + python -c 'import jax; print(f'"'"'Backend: {jax.default_backend()}'"'"')'
[12:29:48.085256] Backend: gpu
[12:29:48.147248] + python examples/17_volume_comp.py
[12:29:49.292105] Grid: (393, 427, 157), cells=26.3M
[12:29:49.814402] Source amp=1.0 (bandpass filter for cavity mode extraction), h/dx=6
[12:30:30.366731]   step 1000/5000 | 25/s | max|Ez|=1.091e+02
[12:31:09.801753]   step 2000/5000 | 25/s | max|Ez|=1.102e+02
[12:31:49.253979]   step 3000/5000 | 25/s | max|Ez|=1.102e+02
[12:32:28.698766]   step 4000/5000 | 25/s | max|Ez|=1.102e+02
[12:33:08.084188] Done in 198s
[12:33:08.084214] Ring-down: std=8.681e-01, peak=1.597e+00
[12:33:08.084308] After FFT bandpass: std=2.824e-01, peak=5.460e-01
[12:33:10.892985]
[12:33:10.893151] Harminv: 2 modes
[12:33:10.893374]   f=2.1599 GHz (err=10.00%), Q=5468497193864
[12:33:10.893559]   f=2.8799 GHz (err=20.00%), Q=6535651498371
[12:33:10.895687] FFT: 1.8899 GHz (err=21.25%)
[12:33:10.895807]
[12:33:10.895879] === RESULT: 2.1599 GHz, err=10.00% ===
[12:33:11.162744] workload reported done
[12:33:11.162844] Workload status changed to stopping
[12:33:17.796643] + set +x
[12:33:22.835380] workload reported done
[12:33:22.835480] Workload status changed to waitToBeKilled
[12:33:23.000000] Stopping container vops-sidecar
[12:33:23.000000] Stopping container run-exec
[12:33:23.000000] Terminating VESSL Workload...
[12:33:23.000000] Stopping container ttyd-sidecar
[12:33:23.000000] Stopping container fluentbit
[12:33:24.022883] workload completed
[12:33:24.022983] Workload status changed to completed
