Organization: remilab
Project: byungkwan
[16:58:56.721661] workload awaiting to start
[16:58:56.721761] Workload status changed to pending
[16:59:02.958704] VESSL Workload assigned successfully. Starting soon.
[16:59:03.000000] Container image "quay.io/vessl-ai/kernels-toolbox:0.1.188" already present on machine
[16:59:04.000000] Created container vops-init
[16:59:04.000000] Started container vops-init
[16:59:05.000000] Started container run-sidecar
[16:59:05.000000] Creating VESSL Workload...
[16:59:05.000000] Starting VESSL Workload...
[16:59:05.000000] Created container run-exec
[16:59:05.000000] Container image "quay.io/vessl-ai/kernels-toolbox:0.1.188" already present on machine
[16:59:05.000000] Started container run-exec
[16:59:05.000000] Started container fluentbit
[16:59:05.000000] Container image "quay.io/vessl-ai/fluent-bit:2.1.6" already present on machine
[16:59:05.000000] Container image "quay.io/vessl-ai/sidecar:v0.0.3" already present on machine
[16:59:05.000000] Container image "nvcr.io/nvidia/jax:24.04-py3" already present on machine
[16:59:05.000000] Created container run-sidecar
[16:59:05.001000] Container image "nvcr.io/nvidia/jax:24.04-py3" already present on machine
[16:59:06.000000] Created container vops-sidecar
[16:59:06.000000] Created container ttyd-sidecar
[16:59:06.000000] Started container vops-sidecar
[16:59:06.000000] Container image "quay.io/vessl-ai/kernels-toolbox:0.1.188" already present on machine
[16:59:06.000000] Started container ttyd-sidecar
[16:59:06.287742] Installing VESSL CLI...
[16:59:06.881272] workload reported alive as pod run-execution-qzmp6wfhtmul-0
[16:59:06.881372] Workload status changed to initializing
[16:59:08.144977] + set +x
[16:59:17.399522] vessl, version 0.1.199
[16:59:18.273457] workload reported alive as pod run-execution-qzmp6wfhtmul-0
[16:59:18.273557] Workload status changed to running
[16:59:18.400007] + mkdir -p /root
[16:59:18.401019] + cd /root
[16:59:18.401181] + cd /root/workspace/byungkwan-workspace/research/rfx
[16:59:18.408975] + pip install -q -e .
[16:59:30.648424] WARNING: Running pip as the 'root' user can result in broken permissions and conflicting behaviour with the system package manager. It is recommended to use a virtual environment instead: https://pip.pypa.io/warnings/venv
[16:59:30.987691] + python -c 'import jax; print(f'"'"'Backend: {jax.default_backend()}'"'"')'
[16:59:32.168793] Backend: gpu
[16:59:32.337763] + python examples/06_patch_uniform_ref.py
[16:59:33.629910] Grid: (255, 290, 84), substrate=6 cells, dt=4.766e-13
[16:59:33.629948] Running 4000 steps...
[17:20:08.135260] Max|Ez|=1.7111e+00, NaN=False
[17:20:08.658234] RESULT: f_res=3.409GHz err=42.1% dip=5.9dB
[17:20:09.255698] workload reported done
[17:20:09.255798] Workload status changed to stopping
[17:20:18.740098] + set +x
[17:20:23.763940] workload reported done
[17:20:23.764040] Workload status changed to waitToBeKilled
[17:20:27.000000] Stopping container run-sidecar
[17:20:27.000000] Stopping container run-exec
[17:20:27.000000] Terminating VESSL Workload...
[17:20:27.000000] Stopping container ttyd-sidecar
[17:20:27.000000] Stopping container fluentbit
[17:20:27.105111] workload completed
[17:20:27.105211] Workload status changed to completed
