Organization: remilab
Project: byungkwan
[14:03:52.167743] workload awaiting to start
[14:03:52.167843] Workload status changed to pending
[14:03:56.972179] Event Reason: FailedScheduling, Event Note: 0/13 nodes are available: pod has unbound immediate PersistentVolumeClaims. preemption: 0/13 nodes are available: 13 Preemption is not helpful for scheduling.
[14:03:56.972179] Workload is in queue for scheduling. Please wait...
[14:04:03.453822] Event Reason: FailedScheduling, Event Note: 0/13 nodes are available: pod has unbound immediate PersistentVolumeClaims. preemption: 0/13 nodes are available: 13 Preemption is not helpful for scheduling.
[14:04:03.453822] Workload is in queue for scheduling. Please wait...
[14:04:06.254212] VESSL Workload assigned successfully. Starting soon.
[14:04:07.000000] Container image "quay.io/vessl-ai/kernels-toolbox:0.1.188" already present on machine
[14:04:07.000000] Created container vops-init
[14:04:07.000000] Started container vops-init
[14:04:08.000000] Started container run-sidecar
[14:04:08.000000] Creating VESSL Workload...
[14:04:08.000000] Starting VESSL Workload...
[14:04:08.000000] Created container run-exec
[14:04:08.000000] Container image "quay.io/vessl-ai/kernels-toolbox:0.1.188" already present on machine
[14:04:08.000000] Started container run-exec
[14:04:08.000000] Created container fluentbit
[14:04:08.000000] Container image "nvcr.io/nvidia/jax:24.10-py3" already present on machine
[14:04:08.000000] Started container ttyd-sidecar
[14:04:08.000000] Container image "quay.io/vessl-ai/fluent-bit:2.1.6" already present on machine
[14:04:08.001000] Container image "nvcr.io/nvidia/jax:24.10-py3" already present on machine
[14:04:09.059487] Installing VESSL CLI...
[14:04:09.659417] workload reported alive as pod run-execution-grmg2jqmf7n8-0
[14:04:09.659518] Workload status changed to initializing
[14:04:10.794857] + set +x
[14:04:13.596934] vessl, version 0.1.199
[14:04:15.905925] workload reported alive as pod run-execution-grmg2jqmf7n8-0
[14:04:15.906025] Workload status changed to running
[14:04:16.036688] + mkdir -p /root
[14:04:16.038488] + cd /root
[14:04:16.039203] + cd /root/workspace/byungkwan-workspace/research/rfx
[14:04:16.056598] + git config --global --add safe.directory /root/workspace/byungkwan-workspace/research/rfx
[14:04:16.091702] + git pull --ff-only origin main
[14:04:17.763384] From https://github.com/BK3536/rfx
[14:04:17.763428]  * branch            main       -> FETCH_HEAD
[14:04:17.915838] Already up to date.
[14:04:17.916686] + pip install -q -e '.[dev]'
[14:04:26.080142] WARNING: Running pip as the 'root' user can result in broken permissions and conflicting behaviour with the system package manager. It is recommended to use a virtual environment instead: https://pip.pypa.io/warnings/venv
[14:04:26.242008] + python scripts/diagnose_156.py
[14:04:26.346477] ============================================================
[14:04:26.346683] DIAGNOSE #6: Empty waveguide S21
[14:04:26.346776] ============================================================
[14:04:27.393504] WR42: 10.668 x 4.318 mm, length 50 mm
[14:04:27.393559] TE10 cutoff: 14.05 GHz
[14:04:27.393569]
[14:04:27.393576] --- dx = 0.50 mm ---
[14:04:27.503269]   Grid: 121x23x10
[14:04:27.503297]   Port1 at x=10mm, CPML inner at x=5.0mm
[14:04:29.423890]   Mean |S11| = 0.1352
[14:04:29.423914]   Mean |S21| = 0.7810
[14:04:29.423917]   Mean |S12| = 0.8209
[14:04:29.423919]   Mean |S22| = 0.1411
[14:04:29.423921]   |S21-S12| max = 0.1000
[14:04:29.423923]   Power conservation: |S11|²+|S21|² = 0.6410
[14:04:29.423926]   FAIL: S21 = 0.781
[14:04:29.423928]
[14:04:29.423929] --- dx = 0.25 mm ---
[14:04:29.424327]   Grid: 221x44x19
[14:04:29.424343]   Port1 at x=10mm, CPML inner at x=2.5mm
[14:04:31.043386]   Mean |S11| = 0.1445
[14:04:31.043410]   Mean |S21| = 0.7719
[14:04:31.043413]   Mean |S12| = 0.8391
[14:04:31.043415]   Mean |S22| = 0.1501
[14:04:31.043421]   |S21-S12| max = 0.1173
[14:04:31.043424]   Power conservation: |S11|²+|S21|² = 0.6335
[14:04:31.043426]   FAIL: S21 = 0.772
[14:04:31.043430]
[14:04:31.043432] ============================================================
[14:04:31.043434] DIAGNOSE #1: Reciprocity (empty waveguide)
[14:04:31.043439] ============================================================
[14:04:31.043845] Waveguide: 80x40x30mm, TE10 cutoff=3.75 GHz
[14:04:31.043851] Ports at 15mm and 65mm (symmetric)
[14:04:32.913820]   Mean |S12| = 0.7802
[14:04:32.913839]   Mean |S21| = 0.7884
[14:04:32.913840]   Max |S12-S21| = 0.103682
[14:04:32.913841]   Relative diff = 6.59%
[14:04:32.913842]   FAIL: reciprocity = 6.6%
[14:04:32.913845]
[14:04:32.913847] ============================================================
[14:04:32.913848] ============================================================
[14:04:32.913848] DIAGNOSE #5: NTFF DFT accumulator
[14:04:32.913873] Grid: 61x61x61, steps=2099
[14:04:32.913875] NTFF box: 25mm to 55mm
[14:04:36.597564]   Max probe |Ez| = 4.7794e+00
[14:04:36.598360]   NTFF x_lo: shape=(1, 16, 16, 4), max|val|=2.4553e-14, dtype=complex64
[14:04:36.599106]   NTFF x_hi: shape=(1, 16, 16, 4), max|val|=2.2186e-14, dtype=complex64
[14:04:36.599713]   NTFF y_lo: shape=(1, 16, 16, 4), max|val|=2.4553e-14, dtype=complex64
[14:04:36.600254]   NTFF y_hi: shape=(1, 16, 16, 4), max|val|=2.2186e-14, dtype=complex64
[14:04:36.600820]   NTFF z_lo: shape=(1, 16, 16, 4), max|val|=1.3785e-14, dtype=complex64
[14:04:36.601317]   NTFF z_hi: shape=(1, 16, 16, 4), max|val|=1.7412e-14, dtype=complex64
[14:04:36.604881]   Far-field max power: 1.5948e-31
[14:04:36.604899]   FAIL: power = 1.59e-31
[14:04:36.800468] workload reported done
[14:04:36.800568] Workload status changed to stopping
[14:04:52.051188] + set +x
[14:04:57.042306] workload reported done
[14:04:57.042406] Workload status changed to waitToBeKilled
[14:05:00.000000] Stopping container vops-sidecar
[14:05:00.000000] Stopping container run-exec
[14:05:00.000000] Terminating VESSL Workload...
[14:05:00.000000] Stopping container ttyd-sidecar
[14:05:00.000000] Stopping container fluentbit
[14:05:00.108597] workload completed
[14:05:00.108697] Workload status changed to completed
