Organization: remilab
Project: byungkwan
[14:09:31.238480] workload awaiting to start
[14:09:31.238580] Workload status changed to pending
[14:09:35.906737] Event Reason: FailedScheduling, Event Note: 0/13 nodes are available: pod has unbound immediate PersistentVolumeClaims. preemption: 0/13 nodes are available: 13 Preemption is not helpful for scheduling.
[14:09:35.906737] Workload is in queue for scheduling. Please wait...
[14:09:39.457415] VESSL Workload assigned successfully. Starting soon.
[14:09:40.000000] Container image "quay.io/vessl-ai/kernels-toolbox:0.1.188" already present on machine
[14:09:40.000000] Created container vops-init
[14:09:40.000000] Started container vops-init
[14:09:41.000000] Pulling image "nvcr.io/nvidia/jax:24.10-py3"
[14:09:41.001000] Pulling image "nvcr.io/nvidia/jax:24.10-py3"
[14:11:42.000000] Started container run-sidecar
[14:11:42.000000] Creating VESSL Workload...
[14:11:42.000000] Created container ttyd-sidecar
[14:11:42.000000] Starting VESSL Workload...
[14:11:42.000000] Created container run-exec
[14:11:42.000000] Started container run-exec
[14:11:42.000000] Started container fluentbit
[14:11:42.000000] Successfully pulled image "nvcr.io/nvidia/jax:24.10-py3" in 2m0.821s (2m0.821s including waiting)
[14:11:42.000000] Container image "quay.io/vessl-ai/sidecar:v0.0.3" already present on machine
[14:11:42.001000] Successfully pulled image "nvcr.io/nvidia/jax:24.10-py3" in 2m0.821s (2m0.821s including waiting)
[14:11:43.001296] Installing VESSL CLI...
[14:11:43.859735] workload reported alive as pod run-execution-ckyxq3gcilcs-0
[14:11:43.859835] Workload status changed to initializing
[14:11:45.029055] + set +x
[14:11:47.562965] vessl, version 0.1.199
[14:11:50.176235] workload reported alive as pod run-execution-ckyxq3gcilcs-0
[14:11:50.176335] Workload status changed to running
[14:11:50.326751] + mkdir -p /root
[14:11:50.328768] + cd /root
[14:11:50.329268] + set -euo pipefail
[14:11:50.329316] + cd /root
[14:11:50.329330] + git clone https://github.com/BK3536/rfx.git
[14:11:50.331639] Cloning into 'rfx'...
[14:11:53.033164] + cd rfx
[14:11:53.033181] + pip install --quiet -e '.[all]'
[14:11:55.967681] WARNING: rfx 1807.8.6 does not provide the extra 'dashboard'
[14:11:55.967704] WARNING: rfx 1807.8.6 does not provide the extra 'dev'
[14:11:55.967813] WARNING: rfx 1807.8.6 does not provide the extra 'optimization'
[14:11:55.967819] WARNING: rfx 1807.8.6 does not provide the extra 'visualization'
[14:12:00.054639] WARNING: Running pip as the 'root' user can result in broken permissions and conflicting behaviour with the system package manager. It is recommended to use a virtual environment instead: https://pip.pypa.io/warnings/venv
[14:12:00.211167] + python -c 'import jax; print('"'"'JAX devices:'"'"', jax.devices())'
[14:12:00.608654] JAX devices: [CudaDevice(id=0)]
[14:12:00.666947] + nvidia-smi
[14:12:00.702633] Sat Apr  4 14:12:00 2026
[14:12:00.702664] +-----------------------------------------------------------------------------------------+
[14:12:00.702675] | NVIDIA-SMI 570.211.01             Driver Version: 570.211.01     CUDA Version: 12.8     |
[14:12:00.702683] |-----------------------------------------+------------------------+----------------------+
[14:12:00.702690] | GPU  Name                 Persistence-M | Bus-Id          Disp.A | Volatile Uncorr. ECC |
[14:12:00.702696] | Fan  Temp   Perf          Pwr:Usage/Cap |           Memory-Usage | GPU-Util  Compute M. |
[14:12:00.702703] |                                         |                        |               MIG M. |
[14:12:00.702710] |=========================================+========================+======================|
[14:12:00.708848] |   0  NVIDIA GeForce RTX 4090        Off |   00000000:01:00.0 Off |                  Off |
[14:12:00.708879] |  0%   34C    P0             23W /  450W |       0MiB /  24564MiB |      0%      Default |
[14:12:00.708884] |                                         |                        |                  N/A |
[14:12:00.708889] +-----------------------------------------+------------------------+----------------------+
[14:12:00.708893]
[14:12:00.708899] +-----------------------------------------------------------------------------------------+
[14:12:00.708903] | Processes:                                                                              |
[14:12:00.708907] |  GPU   GI   CI              PID   Type   Process name                        GPU Memory |
[14:12:00.708910] |        ID   ID                                                               Usage      |
[14:12:00.708914] |=========================================================================================|
[14:12:00.709351] |  No running processes found                                                             |
[14:12:00.709375] +-----------------------------------------------------------------------------------------+
[14:12:00.774425] + mkdir -p /output/ex1
[14:12:00.775200] + cp /root/workspace/bk-workspace/papers/rfx-tap/experiments/ex1_patch_s11.py .
[14:12:00.804629] + OUTPUT_DIR=/output/ex1 python ex1_patch_s11.py
[14:12:01.569971] Device: DeviceInfo(backend='gpu', gpu_available=True, devices=[{'id': 0, 'kind': 'NVIDIA GeForce RTX 4090', 'platform': 'gpu'}])
[14:12:01.569993] SimConfig (accuracy='standard'):
[14:12:01.569996]   dx = 1.500 mm (50 cells/λ_min)
[14:12:01.569998]   domain = 209.9 × 209.9 × 151.5 mm
[14:12:01.570000]   cpml = 80 layers (120.0 mm)
[14:12:01.570002]   n_steps = 7077 (8.7 ns)
[14:12:01.570003]   freq = 1.00 – 4.00 GHz
[14:12:01.570005]   source = j_source (CPML boundary: J-source with Cb/dV normalization (Meep convention))
[14:12:01.570007]   dz = 0.400 – 1.499 mm (54 cells, non-uniform)
[14:12:01.570009]   WARNINGS:
[14:12:01.570010]     - Non-uniform z mesh enabled: 54 cells, dz=0.400–1.499 mm
[14:12:01.570012]
[14:12:01.570013] === Gradient-based optimization (Adam) ===
[14:12:04.329258] 2026-04-04 14:12:04.329088: W external/xla/xla/service/hlo_rematerialization.cc:3005] Can't reduce memory use below -1.33TiB (-1459463747588 bytes) by rematerialization; only reduced to 1.84TiB (2022778496495 bytes), down from 1.84TiB (2022778496515 bytes) originally
[14:12:20.216611] 2026-04-04 14:12:20.216297: W external/xla/xla/tsl/framework/bfc_allocator.cc:497] Allocator (GPU_0_bfc) ran out of memory trying to allocate 154.66GiB (rounded to 166067284224)requested by op
[14:12:20.217112] 2026-04-04 14:12:20.216837: W external/xla/xla/tsl/framework/bfc_allocator.cc:508] ****************____________________________________________________________________________________
[14:12:20.217183] E0404 14:12:20.216984     368 pjrt_stream_executor_client.cc:3067] Execution of replica 0 failed: RESOURCE_EXHAUSTED: Out of memory while trying to allocate 166067284152 bytes.
[14:12:20.227467] jax.errors.SimplifiedTraceback: For simplicity, JAX has removed its internal frames from the traceback of the following exception. Set JAX_TRACEBACK_FILTERING=off to include these.
[14:12:20.227480]
[14:12:20.227482] The above exception was the direct cause of the following exception:
[14:12:20.227484]
[14:12:20.227486] Traceback (most recent call last):
[14:12:20.227489]   File "/root/rfx/ex1_patch_s11.py", line 99, in <module>
[14:12:20.227608]     opt = optimize(
[14:12:20.227614]   File "/root/rfx/rfx/optimize.py", line 176, in optimize
[14:12:20.227617]     loss, grad = grad_fn(latent)
[14:12:20.227619]   File "/root/rfx/rfx/optimize.py", line 162, in forward
[14:12:20.227620]     result = _run(
[14:12:20.227622]   File "/root/rfx/rfx/simulation.py", line 813, in run
[14:12:20.227717]     final_carry, outputs = jax.lax.scan(body, carry_init, xs)
[14:12:20.227723] jaxlib.xla_extension.XlaRuntimeError: RESOURCE_EXHAUSTED: Out of memory while trying to allocate 166067284152 bytes.
[14:12:20.537877] workload reported done
[14:12:20.537977] Workload status changed to stopping
[14:12:26.375068] workload reported done
[14:12:26.375168] Workload status changed to waitToBeKilled
[14:12:27.000000] Stopping container vops-sidecar
[14:12:27.000000] Stopping container run-sidecar
[14:12:27.000000] Stopping container run-exec
[14:12:27.000000] Terminating VESSL Workload...
[14:12:27.000000] Stopping container ttyd-sidecar
[14:12:27.000000] Stopping container fluentbit
[14:12:27.129596] workload failed
[14:12:27.129696] Workload status changed to failed
