Organization: remilab
Project: byungkwan
[19:34:34.296639] workload awaiting to start
[19:34:34.296740] Workload status changed to pending
[19:34:38.940647] Event Reason: FailedScheduling, Event Note: 0/13 nodes are available: pod has unbound immediate PersistentVolumeClaims. preemption: 0/13 nodes are available: 13 Preemption is not helpful for scheduling.
[19:34:38.940647] Workload is in queue for scheduling. Please wait...
[19:34:49.512095] VESSL Workload assigned successfully. Starting soon.
[19:34:50.000000] Container image "quay.io/vessl-ai/kernels-toolbox:0.1.188" already present on machine
[19:34:50.000000] Created container vops-init
[19:34:50.000000] Started container vops-init
[19:34:51.000000] Starting VESSL Workload...
[19:34:51.000000] Created container run-exec
[19:34:51.000000] Container image "quay.io/vessl-ai/kernels-toolbox:0.1.188" already present on machine
[19:34:51.000000] Started container run-exec
[19:34:51.000000] Created container fluentbit
[19:34:51.000000] Container image "nvcr.io/nvidia/jax:24.10-py3" already present on machine
[19:34:51.000000] Container image "quay.io/vessl-ai/fluent-bit:2.1.6" already present on machine
[19:34:51.000000] Container image "quay.io/vessl-ai/sidecar:v0.0.3" already present on machine
[19:34:51.000000] Created container run-sidecar
[19:34:51.001000] Container image "nvcr.io/nvidia/jax:24.10-py3" already present on machine
[19:34:52.000000] Created container vops-sidecar
[19:34:52.000000] Started container vops-sidecar
[19:34:52.000000] Container image "quay.io/vessl-ai/kernels-toolbox:0.1.188" already present on machine
[19:34:52.246020] Installing VESSL CLI...
[19:34:52.774450] workload reported alive as pod run-execution-xytuqx2srwpc-0
[19:34:52.774550] Workload status changed to initializing
[19:34:54.028182] + set +x
[19:34:57.035055] vessl, version 0.1.199
[19:34:59.157208] workload reported alive as pod run-execution-xytuqx2srwpc-0
[19:34:59.157308] Workload status changed to running
[19:34:59.407166] + mkdir -p /root
[19:34:59.409223] + cd /root
[19:34:59.409758] + cd /root/workspace/byungkwan-workspace/research/rfx
[19:34:59.425733] + git config --global --add safe.directory /root/workspace/byungkwan-workspace/research/rfx
[19:34:59.452386] + git pull --ff-only origin main
[19:35:00.836041] From https://github.com/BK3536/rfx
[19:35:00.836074]  * branch            main       -> FETCH_HEAD
[19:35:00.955740] Already up to date.
[19:35:00.956600] + pip install -q -e '.[dev]'
[19:35:09.416293] WARNING: Running pip as the 'root' user can result in broken permissions and conflicting behaviour with the system package manager. It is recommended to use a virtual environment instead: https://pip.pypa.io/warnings/venv
[19:35:09.574632] === Crossval #10: OpenEMS Patch Antenna ===
[19:35:09.574664] + echo '=== Crossval #10: OpenEMS Patch Antenna ==='
[19:35:09.574673] + python examples/crossval/10_openems_patch_antenna.py
[19:35:10.674260] ============================================================
[19:35:10.674307] Cross-Validation #2: OpenEMS Simple Patch Antenna
[19:35:10.674314] ============================================================
[19:35:10.674318] Patch: 32 x 40 mm on eps_r=3.38
[19:35:10.674323] Substrate: h=1.524mm, 60x60mm
[19:35:10.674327] Analytical f_r: 2.038 GHz
[19:35:10.674331]
[19:35:10.674366] dx = 1.50 mm, dz_sub = 0.381 mm
[19:35:10.674414] z-cells: 4 substrate + 99 air = 108 total
[19:35:10.674928] Steps: 8000
[19:35:11.042118] Nu grid: nz=124, dt=1.18ps
[19:35:11.042234] z_phys first 10: [0.         0.38099986 0.76199996 1.1429994  1.5811495  2.1507444
[19:35:11.042240]  2.891218   3.8538334  5.1052337  6.5625467 ]
[19:35:11.042242]
[19:35:11.042242] Substrate h=1.524mm, port z=0.762mm
[19:35:17.613301] Probe signal: max=1.9061e+07, rms=4.5603e+06
[19:35:17.614753] FFT peak: 1.0029 GHz (at -1.4 dB)
[19:35:17.614795] Analytical: 2.0383 GHz
[19:35:17.614805] Error: 50.80%
[19:35:49.990532] FAIL: 50.80% error
[19:35:49.990630]
[19:35:50.008526] NTFF extraction: 'NoneType' object has no attribute 'freqs'
[19:35:50.283801]
[19:35:50.283827] Plot saved: /root/workspace/byungkwan-workspace/research/rfx/examples/crossval/10_openems_patch_antenna.png
[19:35:50.433574] + echo '=== Crossval #08: Dipole Radiation (fixed) ==='
[19:35:50.433597] === Crossval #08: Dipole Radiation (fixed) ===
[19:35:50.433601] + python examples/crossval/08_dipole_radiation.py
[19:35:51.434467] ============================================================
[19:35:51.434513] Cross-Validation: Dipole Radiation Pattern
[19:35:51.434522] ============================================================
[19:35:51.434528] Source: Ez dipole at 5 GHz
[19:35:51.434534] Domain: 80mm, dx=1.0mm
[19:35:51.434540]
[19:35:51.434561] Grid: 101x101x101, steps=4197
[19:35:57.089688]
[19:35:57.089713] E-plane correlation with sin²(theta): 0.9987
[19:35:57.089721] H-plane correlation with sin²(theta): 0.9987
[19:35:57.089728] Max far-field power: 6.1606e-39
[19:35:57.089738] FAIL: correlation E=0.999
[19:35:57.350710] Plot saved: /root/workspace/byungkwan-workspace/research/rfx/examples/crossval/08_dipole_radiation.png
[19:35:57.459427] workload reported done
[19:35:57.459527] Workload status changed to stopping
[19:35:57.480068] === DONE ===
[19:35:57.480068] + echo '=== DONE ==='
[19:36:11.603965] + set +x
[19:36:16.596558] workload reported done
[19:36:16.596658] Workload status changed to waitToBeKilled
[19:36:18.000000] Stopping container vops-sidecar
[19:36:18.000000] Stopping container run-sidecar
[19:36:18.000000] Stopping container run-exec
[19:36:18.000000] Terminating VESSL Workload...
[19:36:18.000000] Stopping container ttyd-sidecar
[19:36:18.114597] workload completed
[19:36:18.114697] Workload status changed to completed
