Organization: remilab
Project: byungkwan
[15:20:34.565744] workload awaiting to start
[15:20:34.565844] Workload status changed to pending
[15:20:43.610905] Event Reason: FailedScheduling, Event Note: 0/13 nodes are available: pod has unbound immediate PersistentVolumeClaims. preemption: 0/13 nodes are available: 13 Preemption is not helpful for scheduling.
[15:20:43.610905] Workload is in queue for scheduling. Please wait...
[15:20:54.667584] Event Reason: FailedScheduling, Event Note: 0/13 nodes are available: pod has unbound immediate PersistentVolumeClaims. preemption: 0/13 nodes are available: 13 Preemption is not helpful for scheduling.
[15:20:54.667584] Workload is in queue for scheduling. Please wait...
[15:20:57.565442] Event Reason: FailedScheduling, Event Note: 0/13 nodes are available: pod has unbound immediate PersistentVolumeClaims. preemption: 0/13 nodes are available: 13 Preemption is not helpful for scheduling.
[15:20:57.565442] Workload is in queue for scheduling. Please wait...
[15:22:09.473673] VESSL Workload assigned successfully. Starting soon.
[15:22:10.000000] Container image "quay.io/vessl-ai/kernels-toolbox:0.1.188" already present on machine
[15:22:10.000000] Created container vops-init
[15:22:10.000000] Started container vops-init
[15:22:11.000000] Started container run-sidecar
[15:22:11.000000] Creating VESSL Workload...
[15:22:11.000000] Created container run-exec
[15:22:11.000000] Started container run-exec
[15:22:11.000000] Created container fluentbit
[15:22:11.000000] Container image "nvcr.io/nvidia/jax:24.10-py3" already present on machine
[15:22:11.000000] Container image "quay.io/vessl-ai/sidecar:v0.0.3" already present on machine
[15:22:11.001000] Container image "nvcr.io/nvidia/jax:24.10-py3" already present on machine
[15:22:12.000000] Created container vops-sidecar
[15:22:12.000000] Created container ttyd-sidecar
[15:22:12.000000] Started container vops-sidecar
[15:22:12.000000] Container image "quay.io/vessl-ai/kernels-toolbox:0.1.188" already present on machine
[15:22:12.000000] Started container ttyd-sidecar
[15:22:12.276210] Installing VESSL CLI...
[15:22:13.052525] workload reported alive as pod run-execution-1b0pszruvak1-0
[15:22:13.052625] Workload status changed to initializing
[15:22:14.141322] + set +x
[15:22:19.233714] vessl, version 0.1.199
[15:22:24.286186] workload reported alive as pod run-execution-1b0pszruvak1-0
[15:22:24.286287] Workload status changed to running
[15:22:24.399615] + mkdir -p /root
[15:22:24.401735] + cd /root
[15:22:24.402396] + set -euo pipefail
[15:22:24.402426] + cd /root
[15:22:24.402434] + git clone https://github.com/BK3536/rfx.git
[15:22:24.404618] Cloning into 'rfx'...
[15:22:26.644609] + cd rfx
[15:22:26.644622] + pip install --quiet -e '.[all]'
[15:22:29.383464] WARNING: rfx 1807.8.6 does not provide the extra 'dashboard'
[15:22:29.383489] WARNING: rfx 1807.8.6 does not provide the extra 'dev'
[15:22:29.383596] WARNING: rfx 1807.8.6 does not provide the extra 'optimization'
[15:22:29.383603] WARNING: rfx 1807.8.6 does not provide the extra 'visualization'
[15:22:33.128655] WARNING: Running pip as the 'root' user can result in broken permissions and conflicting behaviour with the system package manager. It is recommended to use a virtual environment instead: https://pip.pypa.io/warnings/venv
[15:22:33.275998] + python -c 'import jax; print('"'"'JAX devices:'"'"', jax.devices())'
[15:22:33.725018] JAX devices: [CudaDevice(id=0)]
[15:22:33.783636] + nvidia-smi
[15:22:33.819572] Sat Apr  4 15:22:33 2026
[15:22:33.819584] +-----------------------------------------------------------------------------------------+
[15:22:33.819592] | NVIDIA-SMI 570.211.01             Driver Version: 570.211.01     CUDA Version: 12.8     |
[15:22:33.819602] |-----------------------------------------+------------------------+----------------------+
[15:22:33.819609] | GPU  Name                 Persistence-M | Bus-Id          Disp.A | Volatile Uncorr. ECC |
[15:22:33.819613] | Fan  Temp   Perf          Pwr:Usage/Cap |           Memory-Usage | GPU-Util  Compute M. |
[15:22:33.819618] |                                         |                        |               MIG M. |
[15:22:33.819623] |=========================================+========================+======================|
[15:22:33.831883] |   0  NVIDIA GeForce RTX 4090        Off |   00000000:01:00.0 Off |                  Off |
[15:22:33.831892] |  0%   45C    P8             26W /  450W |       0MiB /  24564MiB |      0%      Default |
[15:22:33.831896] |                                         |                        |                  N/A |
[15:22:33.831900] +-----------------------------------------+------------------------+----------------------+
[15:22:33.831930]
[15:22:33.831936] +-----------------------------------------------------------------------------------------+
[15:22:33.831940] | Processes:                                                                              |
[15:22:33.831944] |  GPU   GI   CI              PID   Type   Process name                        GPU Memory |
[15:22:33.831948] |        ID   ID                                                               Usage      |
[15:22:33.831952] |=========================================================================================|
[15:22:33.832465] |  No running processes found                                                             |
[15:22:33.832478] +-----------------------------------------------------------------------------------------+
[15:22:33.898490] + mkdir -p /output/ex2
[15:22:33.899065] + cp /root/workspace/bk-workspace/papers/rfx-tap/experiments/ex2_filter_topology.py .
[15:22:33.915747] + OUTPUT_DIR=/output/ex2 python ex2_filter_topology.py
[15:22:34.701110] Device: DeviceInfo(backend='gpu', gpu_available=True, devices=[{'id': 0, 'kind': 'NVIDIA GeForce RTX 4090', 'platform': 'gpu'}])
[15:22:34.701163]
[15:22:34.701165] === Building simulation (dx=1.25 mm, est. 5149 MB) ===
[15:22:34.701202]
[15:22:34.701204] === Running topology_optimize (100 iterations, beta continuation) ===
[15:22:34.701205] beta schedule: 1 @ iter 0, 4 @ iter 30, 16 @ iter 60, 64 @ iter 80
[15:22:38.475227] Traceback (most recent call last):
[15:22:38.475244]   File "/opt/jax/jax/_src/api.py", line 721, in _check_scalar
[15:22:38.475246]     aval = core.get_aval(x)
[15:22:38.475247]   File "/opt/jax/jax/_src/core.py", line 1526, in get_aval
[15:22:38.475352]     return concrete_aval(x)
[15:22:38.475359]   File "/opt/jax/jax/_src/core.py", line 1518, in concrete_aval
[15:22:38.475485]     raise TypeError(f"Value {x!r} with type {type(x)} is not a valid JAX "
[15:22:38.475491] TypeError: Value None with type <class 'NoneType'> is not a valid JAX type
[15:22:38.475492]
[15:22:38.475493] The above exception was the direct cause of the following exception:
[15:22:38.475494]
[15:22:38.475499] jax.errors.SimplifiedTraceback: For simplicity, JAX has removed its internal frames from the traceback of the following exception. Set JAX_TRACEBACK_FILTERING=off to include these.
[15:22:38.475500] The above exception was the direct cause of the following exception:
[15:22:38.475500]
[15:22:38.475501]
[15:22:38.475502] Traceback (most recent call last):
[15:22:38.475503]   File "/root/rfx/ex2_filter_topology.py", line 168, in <module>
[15:22:38.475504]     result = topology_optimize(
[15:22:38.475506]   File "/root/rfx/rfx/topology.py", line 486, in topology_optimize
[15:22:38.475509]     loss, grad = jax.value_and_grad(lambda l: forward(l, beta))(logit)
[15:22:38.475510] TypeError: Gradient only defined for scalar-output functions. Output was None.
[15:22:38.774588] workload reported done
[15:22:38.774688] Workload status changed to stopping
[15:22:48.435333] workload reported done
[15:22:48.435433] Workload status changed to waitToBeKilled
[15:22:51.000000] Stopping container run-exec
[15:22:51.000000] Terminating VESSL Workload...
[15:22:51.000000] Stopping container ttyd-sidecar
[15:22:51.074286] workload failed
[15:22:51.074386] Workload status changed to failed
