Organization: remilab
Project: byungkwan
[04:05:07.560059] workload awaiting to start
[04:05:07.560159] Workload status changed to pending
[04:05:11.936223] VESSL Workload assigned successfully. Starting soon.
[04:05:12.000000] Container image "quay.io/vessl-ai/kernels-toolbox:0.1.188" already present on machine
[04:05:13.000000] Created container vops-init
[04:05:13.000000] Started container vops-init
[04:05:14.000000] Started container run-sidecar
[04:05:14.000000] Creating VESSL Workload...
[04:05:14.000000] Created container vops-sidecar
[04:05:14.000000] Created container ttyd-sidecar
[04:05:14.000000] Starting VESSL Workload...
[04:05:14.000000] Created container run-exec
[04:05:14.000000] Container image "quay.io/vessl-ai/kernels-toolbox:0.1.188" already present on machine
[04:05:14.000000] Started container run-exec
[04:05:14.000000] Started container fluentbit
[04:05:14.000000] Started container ttyd-sidecar
[04:05:14.000000] Container image "quay.io/vessl-ai/fluent-bit:2.1.6" already present on machine
[04:05:14.000000] Container image "quay.io/vessl-ai/sidecar:v0.0.3" already present on machine
[04:05:14.000000] Container image "nvcr.io/nvidia/jax:24.04-py3" already present on machine
[04:05:14.000000] Created container run-sidecar
[04:05:14.001000] Container image "nvcr.io/nvidia/jax:24.04-py3" already present on machine
[04:05:15.000000] Started container vops-sidecar
[04:05:15.048331] Installing VESSL CLI...
[04:05:25.891001] workload reported alive as pod run-execution-lvf0dii2q73t-0
[04:05:25.891101] Workload status changed to initializing
[04:05:26.998923] + set +x
[04:05:55.078381] vessl, version 0.1.199
[04:05:57.185173] workload reported alive as pod run-execution-lvf0dii2q73t-0
[04:05:57.185273] Workload status changed to running
[04:05:57.364558] + mkdir -p /root
[04:05:57.366583] + cd /root
[04:05:57.367239] + cd /root/workspace/byungkwan-workspace/research/rfx
[04:05:57.384644] + pip install -q -e .
[04:06:24.800006] WARNING: Running pip as the 'root' user can result in broken permissions and conflicting behaviour with the system package manager. It is recommended to use a virtual environment instead: https://pip.pypa.io/warnings/venv
[04:06:24.883850] + python -c 'import jax; print(f'"'"'Backend: {jax.default_backend()}'"'"')'
[04:06:25.471539] Backend: gpu
[04:06:25.526336] + python examples/26_nonuniform_fine.py
[04:06:26.763569] dx=0.25mm, dz_sub=0.4mm, dz_air=0.5mm
[04:06:26.763583] Grid: (392, 426, 90), cells=15.0M
[04:06:26.763584] h snapped: 1.600mm
[04:06:27.072941] n_steps=18729, T_sim=10.0ns
[04:06:27.072956] Running...
[04:07:12.931989] Done: 45.9s (6138 Mcells/s)
[04:16:11.987453]
[04:16:11.988107] BP Harminv: 2.0380 GHz, err=15.08%, Q=2
[04:16:12.207726] workload reported done
[04:16:12.207827] Workload status changed to stopping
[04:16:26.420496] + set +x
[04:16:31.453135] workload reported done
[04:16:31.453236] Workload status changed to waitToBeKilled
[04:16:33.000000] Stopping container vops-sidecar
[04:16:33.000000] Stopping container run-sidecar
[04:16:33.000000] Stopping container run-exec
[04:16:33.000000] Terminating VESSL Workload...
[04:16:33.000000] Stopping container ttyd-sidecar
[04:16:33.000000] Stopping container fluentbit
[04:16:33.058297] workload completed
[04:16:33.058397] Workload status changed to completed
