Organization: remilab
Project: byungkwan
[17:44:28.796566] workload awaiting to start
[17:44:28.796666] Workload status changed to pending
[17:44:32.898637] Event Reason: FailedScheduling, Event Note: 0/13 nodes are available: pod has unbound immediate PersistentVolumeClaims. preemption: 0/13 nodes are available: 13 Preemption is not helpful for scheduling.
[17:44:32.898637] Workload is in queue for scheduling. Please wait...
[17:44:34.158928] VESSL Workload assigned successfully. Starting soon.
[17:44:35.000000] Container image "quay.io/vessl-ai/kernels-toolbox:0.1.188" already present on machine
[17:44:35.000000] Created container vops-init
[17:44:35.000000] Started container vops-init
[17:44:36.000000] Creating VESSL Workload...
[17:44:36.000000] Starting VESSL Workload...
[17:44:36.000000] Created container run-exec
[17:44:36.000000] Container image "quay.io/vessl-ai/kernels-toolbox:0.1.188" already present on machine
[17:44:36.000000] Started container run-exec
[17:44:36.000000] Started container fluentbit
[17:44:36.000000] Container image "nvcr.io/nvidia/jax:24.10-py3" already present on machine
[17:44:36.000000] Container image "quay.io/vessl-ai/fluent-bit:2.1.6" already present on machine
[17:44:36.000000] Container image "quay.io/vessl-ai/sidecar:v0.0.3" already present on machine
[17:44:36.001000] Container image "nvcr.io/nvidia/jax:24.10-py3" already present on machine
[17:44:37.000000] Created container vops-sidecar
[17:44:37.000000] Started container vops-sidecar
[17:44:37.000000] Container image "quay.io/vessl-ai/kernels-toolbox:0.1.188" already present on machine
[17:44:37.158695] Installing VESSL CLI...
[17:44:38.012286] workload reported alive as pod run-execution-oj9z8a5ehg3y-0
[17:44:38.012387] Workload status changed to initializing
[17:44:39.196695] + set +x
[17:44:42.270838] vessl, version 0.1.199
[17:44:44.311406] workload reported alive as pod run-execution-oj9z8a5ehg3y-0
[17:44:44.311506] Workload status changed to running
[17:44:44.443820] + mkdir -p /root
[17:44:44.445709] + cd /root
[17:44:44.446111] + cd /root/workspace/byungkwan-workspace/research/rfx
[17:44:44.464214] + git config --global --add safe.directory /root/workspace/byungkwan-workspace/research/rfx
[17:44:44.494648] + git pull --ff-only origin main
[17:44:45.688243] From https://github.com/BK3536/rfx
[17:44:45.688287]  * branch            main       -> FETCH_HEAD
[17:44:45.797132] Already up to date.
[17:44:45.797915] + pip install -q -e '.[dev]'
[17:44:54.437442] WARNING: Running pip as the 'root' user can result in broken permissions and conflicting behaviour with the system package manager. It is recommended to use a virtual environment instead: https://pip.pypa.io/warnings/venv
[17:44:54.592876] + echo '=== 01: OpenEMS WR42 Waveguide ==='
[17:44:54.592876] === 01: OpenEMS WR42 Waveguide ===
[17:44:54.592904] + python examples/crossval/01_openems_waveguide.py
[17:44:55.729171] ============================================================
[17:44:55.729223] Cross-Validation: OpenEMS Rectangular Waveguide (WR42)
[17:44:55.729233] ============================================================
[17:44:55.729240] WR42: 10.668 x 4.318 mm, length 50 mm
[17:44:55.729246] TE10 cutoff: 14.05 GHz
[17:44:55.729253] Sweep: 20 - 26 GHz (51 pts)
[17:44:55.729260]
[17:44:55.861504] Running waveguide S-matrix...
[17:44:58.906878] S21 mean: 1.0000 (-0.0 dB)
[17:44:58.906898] S11 mean: 0.1439 (-18.6 dB)
[17:44:58.906899]
[17:44:58.906901] Validation:
[17:44:58.906902]   |S21| > 0.9: PASS
[17:44:58.906903]   |S11| < 0.1: FAIL
[17:44:59.091422]
[17:44:59.091433] Plot saved: /root/workspace/byungkwan-workspace/research/rfx/examples/crossval/01_openems_waveguide.png
[17:44:59.238335] === 02: OpenEMS PEC Sphere RCS ===
[17:44:59.238335] + echo '=== 02: OpenEMS PEC Sphere RCS ==='
[17:44:59.238356] + python examples/crossval/02_openems_rcs_sphere.py
[17:45:00.166611] ============================================================
[17:45:00.166673] Cross-Validation: OpenEMS PEC Sphere RCS
[17:45:00.166682] ============================================================
[17:45:00.166689] Sphere radius: 200 mm
[17:45:00.166696] Geometric RCS: 0.1257 m² (-9.0 dBsm)
[17:45:00.166715] Frequency: 0 - 1000 MHz
[17:45:00.166724]
[17:45:00.166973] Grid: 157x157x157 = 3.9M cells
[17:45:00.167008] Steps: 787
[17:45:05.576529]
[17:45:05.576563] Far-field computed at 9 frequencies
[17:45:05.576567] Max far-field power: 5.9807e-20
[17:45:05.576569] PASS: Far-field extraction working
[17:45:05.647264] Plot saved: /root/workspace/byungkwan-workspace/research/rfx/examples/crossval/02_openems_rcs_sphere.png
[17:45:05.783576] + echo '=== 03: Meep Waveguide Bend ==='
[17:45:05.783593] + python examples/crossval/03_meep_waveguide_bend.py
[17:45:05.783602] === 03: Meep Waveguide Bend ===
[17:45:06.606568] ============================================================
[17:45:06.606600] Cross-Validation: Meep Waveguide Bend Transmittance
[17:45:06.606623] ============================================================
[17:45:06.606629] Waveguide: eps=12.0, width=1.0mm
[17:45:06.606633] Cell: 16x16mm
[17:45:06.606638] Frequency: 45.0 GHz, BW=30.0 GHz
[17:45:06.606642]
[17:45:06.606654] Grid: 177x177x20, steps=52451
[17:45:21.107693] Mean transmittance in band: 0.000
[17:45:21.317954] Plot saved: /root/workspace/byungkwan-workspace/research/rfx/examples/crossval/03_meep_waveguide_bend.png
[17:45:21.455794] + echo '=== 04: Meep Mie Sphere ==='
[17:45:21.455804] === 04: Meep Mie Sphere ===
[17:45:21.455817] + python examples/crossval/04_meep_mie_sphere.py
[17:45:22.066395] ============================================================
[17:45:22.066430] Cross-Validation: Meep Mie Scattering (Dielectric Sphere)
[17:45:22.066433] ============================================================
[17:45:22.066437] Sphere: n=2.0, radius=10mm
[17:45:22.066439] Frequency: 30.0 GHz, BW=12.0 GHz
[17:45:22.066443] ka at center: 6.28
[17:45:22.066453] Grid: 29x29x29, steps=525
[17:45:23.418744] Simulation complete — peak |Ez| = 1.0216e+00
[17:45:23.418767] PASS: TFSF+sphere simulation ran successfully
[17:45:23.511547] Plot saved: /root/workspace/byungkwan-workspace/research/rfx/examples/crossval/04_meep_mie_sphere.png
[17:45:23.633169] + echo '=== 05: Meep Fresnel ==='
[17:45:23.633176] === 05: Meep Fresnel ===
[17:45:23.633188] + python examples/crossval/05_meep_fresnel.py
[17:45:24.507716] ============================================================
[17:45:24.507754] Cross-Validation: Meep Fresnel Reflectance
[17:45:24.507760] ============================================================
[17:45:24.507764] Interface: air / n=3.5 (eps_r=12.25)
[17:45:24.507768] Analytical R = 0.3086 (-5.1 dB)
[17:45:24.507772]
[17:45:24.507795] Grid: 67x20x20, steps=1312
[17:45:28.082612]
[17:45:28.082646] Estimated R: 0.0003
[17:45:28.082649] Analytical R: 0.3086
[17:45:28.082651] Difference: 0.3083
[17:45:28.082653] FAIL: 99.9% error
[17:45:28.205371] Plot saved: /root/workspace/byungkwan-workspace/research/rfx/examples/crossval/05_meep_fresnel.png
[17:45:28.333836] workload reported done
[17:45:28.333936] Workload status changed to stopping
[17:45:28.354721] + echo '=== ALL CROSSVAL DONE ==='
[17:45:28.354729] === ALL CROSSVAL DONE ===
[17:45:32.456585] + set +x
[17:45:37.443246] workload reported done
[17:45:37.443346] Workload status changed to waitToBeKilled
[17:45:39.000000] Stopping container vops-sidecar
[17:45:39.000000] Stopping container run-sidecar
[17:45:39.000000] Stopping container run-exec
[17:45:39.000000] Terminating VESSL Workload...
[17:45:39.000000] Stopping container ttyd-sidecar
[17:45:39.128239] workload completed
[17:45:39.128339] Workload status changed to completed
