Organization: remilab
Project: byungkwan
[17:47:21.442775] workload awaiting to start
[17:47:21.442875] Workload status changed to pending
[17:47:26.941282] VESSL Workload assigned successfully. Starting soon.
[17:47:27.000000] Container image "quay.io/vessl-ai/kernels-toolbox:0.1.188" already present on machine
[17:47:27.000000] Created container vops-init
[17:47:28.000000] Creating VESSL Workload...
[17:47:28.000000] Created container run-exec
[17:47:28.000000] Started container vops-init
[17:47:28.000000] Container image "nvcr.io/nvidia/jax:24.04-py3" already present on machine
[17:47:28.001000] Container image "nvcr.io/nvidia/jax:24.04-py3" already present on machine
[17:47:29.000000] Created container vops-sidecar
[17:47:29.000000] Created container ttyd-sidecar
[17:47:29.000000] Starting VESSL Workload...
[17:47:29.000000] Started container vops-sidecar
[17:47:29.000000] Container image "quay.io/vessl-ai/kernels-toolbox:0.1.188" already present on machine
[17:47:29.000000] Started container run-exec
[17:47:29.000000] Started container fluentbit
[17:47:29.000000] Created container fluentbit
[17:47:29.000000] Started container ttyd-sidecar
[17:47:29.000000] Container image "quay.io/vessl-ai/fluent-bit:2.1.6" already present on machine
[17:47:29.000000] Container image "quay.io/vessl-ai/sidecar:v0.0.3" already present on machine
[17:47:29.000000] Created container run-sidecar
[17:47:29.752054] Installing VESSL CLI...
[17:47:30.354141] workload reported alive as pod run-execution-lxjx97cee781-0
[17:47:30.354242] Workload status changed to initializing
[17:47:31.568776] + set +x
[17:47:40.443812] vessl, version 0.1.199
[17:47:41.712808] workload reported alive as pod run-execution-lxjx97cee781-0
[17:47:41.712908] Workload status changed to running
[17:47:41.878015] + mkdir -p /root
[17:47:41.879144] + cd /root
[17:47:41.879358] + cd /root/workspace/byungkwan-workspace/research/rfx
[17:47:41.884900] + pip install -q -e .
[17:47:53.439577] WARNING: Running pip as the 'root' user can result in broken permissions and conflicting behaviour with the system package manager. It is recommended to use a virtual environment instead: https://pip.pypa.io/warnings/venv
[17:47:53.756308] + python -c 'import jax; print(f'"'"'Backend: {jax.default_backend()}'"'"')'
[17:47:54.971842] Backend: gpu
[17:47:55.142950] + python examples/07_peak_diagnostic.py
[17:47:56.630505]
[17:47:56.630542] === dx=0.5mm, grid=(136, 154, 41), h/dx=3.2 cells ===
[17:57:39.491402]   Spectral PEAK: 1.344 GHz (err=44.0%)
[17:57:39.698210]   Peak 1: 1.344 GHz (amp=3.301e+03)
[17:57:40.312155]   Norm MIN: 3.672 GHz
[17:57:40.312188]   Norm MAX: 1.016 GHz
[17:57:40.312235]
[17:57:40.312244] === dx=0.25mm, grid=(255, 290, 64), h/dx=6.4 cells ===
[18:18:18.970565]   Spectral PEAK: 1.377 GHz (err=42.6%)
[18:18:18.970620]   Peak 1: 1.377 GHz (amp=1.055e+03)
[18:18:19.500642]   Norm MIN: 3.999 GHz
[18:18:19.500687]   Norm MAX: 1.049 GHz
[18:18:20.100765] workload reported done
[18:18:20.100866] Workload status changed to stopping
[18:18:30.386413] + set +x
[18:18:35.421352] workload reported done
[18:18:35.421452] Workload status changed to waitToBeKilled
[18:18:36.000000] Stopping container vops-sidecar
[18:18:36.000000] Stopping container run-sidecar
[18:18:36.000000] Stopping container run-exec
[18:18:36.000000] Terminating VESSL Workload...
[18:18:36.000000] Stopping container ttyd-sidecar
[18:18:36.000000] Stopping container fluentbit
[18:18:36.123829] workload completed
[18:18:36.123929] Workload status changed to completed
