Organization: remilab
Project: byungkwan
[16:27:55.784875] workload awaiting to start
[16:27:55.784976] Workload status changed to pending
[16:27:59.919067] Event Reason: FailedScheduling, Event Note: 0/13 nodes are available: pod has unbound immediate PersistentVolumeClaims. preemption: 0/13 nodes are available: 13 Preemption is not helpful for scheduling.
[16:27:59.919067] Workload is in queue for scheduling. Please wait...
[16:28:09.880868] Event Reason: FailedScheduling, Event Note: 0/13 nodes are available: pod has unbound immediate PersistentVolumeClaims. preemption: 0/13 nodes are available: 13 Preemption is not helpful for scheduling.
[16:28:09.880868] Workload is in queue for scheduling. Please wait...
[16:28:12.068430] VESSL Workload assigned successfully. Starting soon.
[16:28:13.000000] Creating VESSL Workload...
[16:28:13.000000] Created container run-exec
[16:28:13.000000] Container image "quay.io/vessl-ai/kernels-toolbox:0.1.188" already present on machine
[16:28:13.000000] Created container vops-init
[16:28:13.000000] Container image "nvcr.io/nvidia/jax:24.10-py3" already present on machine
[16:28:13.000000] Started container vops-init
[16:28:13.001000] Container image "nvcr.io/nvidia/jax:24.10-py3" already present on machine
[16:28:14.000000] Started container run-sidecar
[16:28:14.000000] Created container vops-sidecar
[16:28:14.000000] Created container ttyd-sidecar
[16:28:14.000000] Starting VESSL Workload...
[16:28:14.000000] Started container vops-sidecar
[16:28:14.000000] Container image "quay.io/vessl-ai/kernels-toolbox:0.1.188" already present on machine
[16:28:14.000000] Started container run-exec
[16:28:14.000000] Created container fluentbit
[16:28:14.000000] Started container ttyd-sidecar
[16:28:14.000000] Container image "quay.io/vessl-ai/fluent-bit:2.1.6" already present on machine
[16:28:14.000000] Created container run-sidecar
[16:28:14.580508] Installing VESSL CLI...
[16:28:15.438055] workload reported alive as pod run-execution-embxznmsgghw-0
[16:28:15.438155] Workload status changed to initializing
[16:28:16.601719] + set +x
[16:28:19.352328] vessl, version 0.1.199
[16:28:21.722384] workload reported alive as pod run-execution-embxznmsgghw-0
[16:28:21.722484] Workload status changed to running
[16:28:22.160016] + mkdir -p /root
[16:28:22.162096] + cd /root
[16:28:22.162783] + set -euo pipefail
[16:28:22.162812] + cd /root
[16:28:22.162819] + git clone https://github.com/BK3536/rfx.git
[16:28:22.165092] Cloning into 'rfx'...
[16:28:24.528499] + cd rfx
[16:28:24.528511] + pip install --quiet -e '.[all]'
[16:28:37.381018] WARNING: rfx 1807.8.6 does not provide the extra 'dashboard'
[16:28:37.381042] WARNING: rfx 1807.8.6 does not provide the extra 'dev'
[16:28:37.381045] WARNING: rfx 1807.8.6 does not provide the extra 'optimization'
[16:28:37.381247] WARNING: rfx 1807.8.6 does not provide the extra 'visualization'
[16:28:41.658511] WARNING: Running pip as the 'root' user can result in broken permissions and conflicting behaviour with the system package manager. It is recommended to use a virtual environment instead: https://pip.pypa.io/warnings/venv
[16:28:41.810478] + python -c 'import jax; print('"'"'JAX devices:'"'"', jax.devices())'
[16:28:42.140887] JAX devices: [CudaDevice(id=0)]
[16:28:42.186656] + nvidia-smi
[16:28:42.245242] Sat Apr  4 16:28:42 2026
[16:28:42.245285] +---------------------------------------------------------------------------------------+
[16:28:42.245304] | NVIDIA-SMI 535.288.01             Driver Version: 535.288.01   CUDA Version: 12.2     |
[16:28:42.245313] |-----------------------------------------+----------------------+----------------------+
[16:28:42.245321] | GPU  Name                 Persistence-M | Bus-Id        Disp.A | Volatile Uncorr. ECC |
[16:28:42.245329] | Fan  Temp   Perf          Pwr:Usage/Cap |         Memory-Usage | GPU-Util  Compute M. |
[16:28:42.245337] |                                         |                      |               MIG M. |
[16:28:42.245344] |=========================================+======================+======================|
[16:28:42.265915] |   0  NVIDIA GeForce RTX 4090        Off | 00000000:01:00.0 Off |                  Off |
[16:28:42.265941] |  0%   33C    P0              26W / 450W |      1MiB / 24564MiB |      5%      Default |
[16:28:42.265944] |                                         |                      |                  N/A |
[16:28:42.265947] +-----------------------------------------+----------------------+----------------------+
[16:28:42.265949]
[16:28:42.265950] +---------------------------------------------------------------------------------------+
[16:28:42.265952] | Processes:                                                                            |
[16:28:42.265954] |  GPU   GI   CI        PID   Type   Process name                            GPU Memory |
[16:28:42.265956] |        ID   ID                                                             Usage      |
[16:28:42.265959] |=======================================================================================|
[16:28:42.265965] |  No running processes found                                                           |
[16:28:42.265967] +---------------------------------------------------------------------------------------+
[16:28:42.313877] + mkdir -p /output/ex2
[16:28:42.314572] + cp /root/workspace/bk-workspace/papers/rfx-tap/experiments/ex2_filter_topology.py .
[16:28:42.345833] + OUTPUT_DIR=/output/ex2 python ex2_filter_topology.py
[16:28:43.156887] Device: DeviceInfo(backend='gpu', gpu_available=True, devices=[{'id': 0, 'kind': 'NVIDIA GeForce RTX 4090', 'platform': 'gpu'}])
[16:28:43.156991]
[16:28:43.156993] === Building simulation (dx=1.25 mm, est. 5149 MB) ===
[16:28:43.157071]
[16:28:43.157084] === Running topology_optimize (100 iterations, beta continuation) ===
[16:28:43.157087] beta schedule: 1 @ iter 0, 4 @ iter 30, 16 @ iter 60, 64 @ iter 80
[16:28:49.118240]   iter    0  loss = -4.560433e-04  beta = 1.0  binarization = 1.000
[16:29:21.667351]   iter   10  loss = -4.560428e-04  beta = 1.0  binarization = 1.000
[16:29:53.120509]   iter   20  loss = -4.560432e-04  beta = 1.0  binarization = 1.000
[16:30:24.562700]   iter   30  loss = -4.560445e-04  beta = 4.0  binarization = 1.000
[16:30:56.536374]   iter   40  loss = -4.560439e-04  beta = 4.0  binarization = 1.000
[16:31:59.812173]   iter   60  loss = -4.560560e-04  beta = 16.0  binarization = 1.000
[16:32:31.573190]   iter   70  loss = -4.560576e-04  beta = 16.0  binarization = 1.000
[16:33:02.572720]   iter   80  loss = -4.560670e-04  beta = 64.0  binarization = 1.000
[16:33:33.741979]   iter   90  loss = -4.560679e-04  beta = 64.0  binarization = 1.000
[16:34:02.225695]   iter   99  loss = -4.560682e-04  beta = 64.0  binarization = 1.000
[16:34:02.309204]
[16:34:02.309241] Optimization complete: 319.2s
[16:34:02.309584]
[16:34:02.309591] Metrics: {
[16:34:02.309594]   "experiment": "ex2_filter_topology",
[16:34:02.309597]   "device": "DeviceInfo(backend='gpu', gpu_available=True, devices=[{'id': 0, 'kind': 'NVIDIA GeForce RTX 4090', 'platform': 'gpu'}])",
[16:34:02.309598]   "total_iters": 100,
[16:34:02.309600]   "total_time_s": 319.2,
[16:34:02.309601]   "initial_loss": -0.00045604328624904156,
[16:34:02.309602]   "final_loss": -0.000456068228231743,
[16:34:02.309604]   "improvement_pct": -0.0,
[16:34:02.309606]   "design_region_cells": [
[16:34:02.309607]     29,
[16:34:02.309609]     13,
[16:34:02.309610]     2
[16:34:02.309612]   ],
[16:34:02.309613]   "passband_ghz": [
[16:34:02.309615]     2.0,
[16:34:02.309617]     2.5
[16:34:02.309618]   ],
[16:34:02.309620]   "beta_schedule": [
[16:34:02.309622]     [
[16:34:02.309624]       0,
[16:34:02.309626]       1
[16:34:02.309628]     ],
[16:34:02.309629]     [
[16:34:02.309631]       30,
[16:34:02.309633]       4
[16:34:02.309635]     ],
[16:34:02.309637]     [
[16:34:02.309639]       60,
[16:34:02.309641]       16
[16:34:02.309643]     ],
[16:34:02.309645]     [
[16:34:02.309646]       80,
[16:34:02.309648]       64
[16:34:02.309650]     ]
[16:34:02.309652]   ],
[16:34:02.309654]   "filter_radius_mm": 1.0,
[16:34:02.309663]   "min_feature_size_mm": 0.5,
[16:34:02.309666]   "dx_mm": 1.25
[16:34:02.309667] }
[16:34:02.329978] /root/rfx/ex2_filter_topology.py:258: UserWarning: This figure includes Axes that are not compatible with tight_layout, so results might be incorrect.
[16:34:02.329992]   plt.tight_layout()
[16:34:02.581022] Saved: topology_evolution.png
[16:34:02.585741] /root/rfx/ex2_filter_topology.py:280: UserWarning: Data has no positive values, and therefore cannot be log-scaled.
[16:34:02.585753]   ax.set_yscale("log")
[16:34:02.638888] /root/rfx/ex2_filter_topology.py:281: UserWarning: Tight layout not applied. The bottom and top margins cannot be made large enough to accommodate all Axes decorations.
[16:34:02.638900]   plt.tight_layout()
[16:34:02.714156] Saved: convergence.png
[16:34:02.714169]
[16:34:02.714172] === Forward pass: initial uniform density ===
[16:38:12.786131] === Forward pass: optimized topology ===
[16:42:22.047172] Warning: time-series port data insufficient for S21 plot — skipping s21_comparison.png
[16:42:22.047206]
[16:42:22.047209] Results saved to: /output/ex2/
[16:42:28.326194] + echo '[done] ex2 filter topology'
[16:42:28.326203] [done] ex2 filter topology
[16:42:28.351547] workload reported done
[16:42:28.351647] Workload status changed to stopping
[16:42:34.264368] + set +x
[16:42:39.294509] workload reported done
[16:42:39.294609] Workload status changed to waitToBeKilled
[16:42:42.000000] Stopping container vops-sidecar
[16:42:42.000000] Stopping container run-sidecar
[16:42:42.000000] Stopping container run-exec
[16:42:42.000000] Terminating VESSL Workload...
[16:42:42.000000] Stopping container fluentbit
[16:42:42.048680] workload completed
[16:42:42.048780] Workload status changed to completed
