Organization: remilab
Project: byungkwan
[18:37:14.316572] workload awaiting to start
[18:37:14.316672] Workload status changed to pending
[18:37:17.920060] Event Reason: FailedScheduling, Event Note: 0/13 nodes are available: pod has unbound immediate PersistentVolumeClaims. preemption: 0/13 nodes are available: 13 Preemption is not helpful for scheduling.
[18:37:17.920060] Workload is in queue for scheduling. Please wait...
[18:37:19.306454] VESSL Workload assigned successfully. Starting soon.
[18:37:20.000000] Container image "quay.io/vessl-ai/kernels-toolbox:0.1.188" already present on machine
[18:37:20.000000] Created container vops-init
[18:37:20.000000] Started container vops-init
[18:37:21.000000] Creating VESSL Workload...
[18:37:21.000000] Created container run-exec
[18:37:21.000000] Started container run-exec
[18:37:21.000000] Container image "nvcr.io/nvidia/jax:24.10-py3" already present on machine
[18:37:21.000000] Container image "quay.io/vessl-ai/sidecar:v0.0.3" already present on machine
[18:37:21.000000] Created container run-sidecar
[18:37:21.001000] Container image "nvcr.io/nvidia/jax:24.10-py3" already present on machine
[18:37:22.000000] Started container run-sidecar
[18:37:22.000000] Created container vops-sidecar
[18:37:22.000000] Created container ttyd-sidecar
[18:37:22.000000] Started container vops-sidecar
[18:37:22.000000] Container image "quay.io/vessl-ai/kernels-toolbox:0.1.188" already present on machine
[18:37:22.000000] Started container ttyd-sidecar
[18:37:22.548155] Installing VESSL CLI...
[18:37:23.185124] workload reported alive as pod run-execution-o06ovspi14ct-0
[18:37:23.185225] Workload status changed to initializing
[18:37:24.277768] + set +x
[18:37:27.374844] vessl, version 0.1.199
[18:37:29.436793] workload reported alive as pod run-execution-o06ovspi14ct-0
[18:37:29.436893] Workload status changed to running
[18:37:29.533955] + mkdir -p /root
[18:37:29.535932] + cd /root
[18:37:29.536587] + cd /root/workspace/byungkwan-workspace/research/rfx
[18:37:29.552868] + git config --global --add safe.directory /root/workspace/byungkwan-workspace/research/rfx
[18:37:29.580887] + git pull --ff-only origin main
[18:37:30.790729] From https://github.com/BK3536/rfx
[18:37:30.790773]  * branch            main       -> FETCH_HEAD
[18:37:30.901950] Already up to date.
[18:37:30.902758] + pip install -q -e '.[dev]'
[18:37:39.079834] WARNING: Running pip as the 'root' user can result in broken permissions and conflicting behaviour with the system package manager. It is recommended to use a virtual environment instead: https://pip.pypa.io/warnings/venv
[18:37:39.235558] + echo '=== 01: OpenEMS WR42 Waveguide ==='
[18:37:39.235580] + python examples/crossval/01_openems_waveguide.py
[18:37:39.235592] === 01: OpenEMS WR42 Waveguide ===
[18:37:40.353305] ============================================================
[18:37:40.353347] Cross-Validation: OpenEMS Rectangular Waveguide (WR42)
[18:37:40.353352] ============================================================
[18:37:40.353356] WR42: 10.668 x 4.318 mm, length 50 mm
[18:37:40.353360] TE10 cutoff: 14.05 GHz
[18:37:40.353364] Sweep: 20 - 26 GHz (51 pts)
[18:37:40.353368]
[18:37:40.491337] Running waveguide S-matrix...
[18:37:44.059160] S21 mean: 1.0000 (-0.0 dB)
[18:37:44.059177] S11 mean: 0.1354 (-18.4 dB)
[18:37:44.059180]
[18:37:44.059182] Validation:
[18:37:44.059184]   |S21| > 0.9: PASS
[18:37:44.059186]   |S11| < 0.15: PASS
[18:37:44.248861]
[18:37:44.248881] Plot saved: /root/workspace/byungkwan-workspace/research/rfx/examples/crossval/01_openems_waveguide.png
[18:37:44.398164] + echo '=== 02: OpenEMS PEC Sphere RCS ==='
[18:37:44.398183] + python examples/crossval/02_openems_rcs_sphere.py
[18:37:44.398192] === 02: OpenEMS PEC Sphere RCS ===
[18:37:45.331538] ============================================================
[18:37:45.331580] Cross-Validation: OpenEMS PEC Sphere RCS
[18:37:45.331585] ============================================================
[18:37:45.331587] Sphere radius: 200 mm
[18:37:45.331589] Geometric RCS: 0.1257 m² (-9.0 dBsm)
[18:37:45.331590] Frequency: 0 - 1000 MHz
[18:37:45.331592]
[18:37:45.331605] Grid: 157x157x157 = 3.9M cells
[18:37:45.331606] Steps: 787
[18:37:50.673011]
[18:37:50.673040] Far-field computed at 9 frequencies
[18:37:50.673042] Max far-field power: 5.9807e-20
[18:37:50.673043] PASS: Far-field extraction working
[18:37:50.752516] Plot saved: /root/workspace/byungkwan-workspace/research/rfx/examples/crossval/02_openems_rcs_sphere.png
[18:37:50.886282] + echo '=== 03: Meep Waveguide Bend ==='
[18:37:50.886292] === 03: Meep Waveguide Bend ===
[18:37:50.886302] + python examples/crossval/03_meep_waveguide_bend.py
[18:37:51.401028] ============================================================
[18:37:51.401267] Cross-Validation: Meep Waveguide Bend Transmittance
[18:37:51.401361] ============================================================
[18:37:51.401439] Waveguide: eps=12.0, width=1.0mm
[18:37:51.401520] Cell: 16x16mm
[18:37:51.401588] Frequency: 45.0 GHz, BW=30.0 GHz
[18:37:51.401639]
[18:37:51.401772] Grid: 177x177x1, steps=42826
[18:37:51.401964] /root/workspace/byungkwan-workspace/research/rfx/examples/crossval/03_meep_waveguide_bend.py:93: UserWarning: 'waveguide' z-extent 0.10mm = 1.0 cells — under-resolved (< 3 cells). Consider finer mesh for accurate results.
[18:37:51.401970]   result = sim.run(n_steps=n_steps)
[18:37:56.906481] Mean transmittance in band: 0.713
[18:37:57.098551] Plot saved: /root/workspace/byungkwan-workspace/research/rfx/examples/crossval/03_meep_waveguide_bend.png
[18:37:57.241015] === 04: Meep Mie Sphere ===
[18:37:57.241019] + echo '=== 04: Meep Mie Sphere ==='
[18:37:57.241035] + python examples/crossval/04_meep_mie_sphere.py
[18:37:57.867317] ============================================================
[18:37:57.867366] Cross-Validation: Meep Mie Scattering (Dielectric Sphere)
[18:37:57.867372] ============================================================
[18:37:57.867378] Sphere: n=2.0, radius=10mm
[18:37:57.867382] Frequency: 30.0 GHz, BW=12.0 GHz
[18:37:57.867387] ka at center: 6.28
[18:37:57.867423] Grid: 29x29x29, steps=525
[18:37:59.179972] Simulation complete — peak |Ez| = 1.0216e+00
[18:37:59.180001] PASS: TFSF+sphere simulation ran successfully
[18:37:59.285695] Plot saved: /root/workspace/byungkwan-workspace/research/rfx/examples/crossval/04_meep_mie_sphere.png
[18:37:59.400771] + echo '=== 05: Fresnel TFSF ==='
[18:37:59.400772] === 05: Fresnel TFSF ===
[18:37:59.400798] + python examples/crossval/05_meep_fresnel.py
[18:37:59.895183] ============================================================
[18:37:59.895764] Cross-Validation: Fresnel Reflectance (TFSF)
[18:37:59.904237] ============================================================
[18:37:59.904246] Interface: air / n=3.5 (eps_r=12.25)
[18:37:59.904248] Analytical R = 0.3086 (-5.1 dB)
[18:37:59.904249]
[18:38:00.139810] Grid: 621x27x27, steps=2000
[18:38:30.935493]
[18:38:30.935509] Numerical |r| (mean 3-7 GHz): 0.5766
[18:38:30.935512] Analytical |r|: 0.5556
[18:38:30.935513] Error: 3.8%
[18:38:30.935514] PASS: within 5% of Fresnel
[18:38:31.135670] Plot saved: /root/workspace/byungkwan-workspace/research/rfx/examples/crossval/05_meep_fresnel.png
[18:38:31.276496] + echo '=== 06: Straight Waveguide ==='
[18:38:31.276507] + python examples/crossval/06_straight_waveguide.py
[18:38:31.276515] === 06: Straight Waveguide ===
[18:38:31.979589] ============================================================
[18:38:31.979635] Cross-Validation: Straight Dielectric Waveguide (Meep)
[18:38:31.979641] ============================================================
[18:38:31.979646] Waveguide: eps=12.0, width=1.0mm
[18:38:31.979650] Cell: 16x8mm
[18:38:31.979661] Source: 45.0 GHz, BW=30.0 GHz
[18:38:31.979666]
[18:38:31.979705] Grid: 177x97x1, steps=12848
[18:38:31.980105] /root/workspace/byungkwan-workspace/research/rfx/examples/crossval/06_straight_waveguide.py:71: UserWarning: 'waveguide' z-extent 0.10mm = 1.0 cells — under-resolved (< 3 cells). Consider finer mesh for accurate results.
[18:38:31.980145]   result = sim.run(n_steps=n_steps)
[18:38:34.380068]
[18:38:34.380084] Core energy: 2.3563e-05
[18:38:34.380086] Cladding energy: 5.7145e-07
[18:38:34.380087] Confinement ratio: 0.9763
[18:38:34.380088] PASS: >90% energy confined in core
[18:38:34.519461] Plot saved: /root/workspace/byungkwan-workspace/research/rfx/examples/crossval/06_straight_waveguide.png
[18:38:34.658034] === 07: Lorentz Dispersive ===
[18:38:34.658034] + echo '=== 07: Lorentz Dispersive ==='
[18:38:34.658056] + python examples/crossval/07_dispersive_lorentz.py
[18:38:35.108476] ============================================================
[18:38:35.108838] Cross-Validation: Lorentz Dispersive Material
[18:38:35.108924] ============================================================
[18:38:35.109000] eps_inf = 2.25, De = 1.0
[18:38:35.109088] Resonance: 10.0 GHz, damping: 1.0 GHz
[18:38:35.109144]
[18:38:35.109279] Grid: 221x221x1, steps=12848
[18:38:35.109464] /root/workspace/byungkwan-workspace/research/rfx/examples/crossval/07_dispersive_lorentz.py:77: UserWarning: 'lorentz_medium' z-extent 0.50mm = 1.0 cells — under-resolved (< 3 cells). Consider finer mesh for accurate results.
[18:38:35.109468]   result = sim.run(n_steps=n_steps)
[18:38:38.357684]
[18:38:38.357712] Transmission minimum: 0.0705 at 10.02 GHz
[18:38:38.357715] Expected resonance: 10.0 GHz
[18:38:38.357717] Frequency error: 0.2%
[18:38:38.357718] PASS: absorption dip at correct resonance
[18:38:38.541120] Plot saved: /root/workspace/byungkwan-workspace/research/rfx/examples/crossval/07_dispersive_lorentz.png
[18:38:38.683306] + echo '=== ALL 7 CROSSVAL DONE ==='
[18:38:38.683306] === ALL 7 CROSSVAL DONE ===
[18:38:38.702897] workload reported done
[18:38:38.702997] Workload status changed to stopping
[18:38:41.549462] + set +x
[18:38:46.582887] workload reported done
[18:38:46.582988] Workload status changed to waitToBeKilled
[18:38:48.000000] Stopping container vops-sidecar
[18:38:48.000000] Stopping container run-exec
[18:38:48.000000] Terminating VESSL Workload...
[18:38:48.000000] Stopping container ttyd-sidecar
[18:38:48.000000] Stopping container fluentbit
[18:38:48.137275] workload completed
[18:38:48.137375] Workload status changed to completed
