Organization: remilab
Project: byungkwan
[00:31:21.984131] workload awaiting to start
[00:31:21.984231] Workload status changed to pending
[00:31:26.996011] Event Reason: FailedScheduling, Event Note: 0/13 nodes are available: pod has unbound immediate PersistentVolumeClaims. preemption: 0/13 nodes are available: 13 Preemption is not helpful for scheduling.
[00:31:26.996011] Workload is in queue for scheduling. Please wait...
[00:31:32.318303] VESSL Workload assigned successfully. Starting soon.
[00:31:33.000000] Container image "quay.io/vessl-ai/kernels-toolbox:0.1.188" already present on machine
[00:31:33.000000] Created container vops-init
[00:31:33.000000] Started container vops-init
[00:31:34.000000] Started container run-sidecar
[00:31:34.000000] Creating VESSL Workload...
[00:31:34.000000] Created container vops-sidecar
[00:31:34.000000] Starting VESSL Workload...
[00:31:34.000000] Created container run-exec
[00:31:34.000000] Container image "quay.io/vessl-ai/kernels-toolbox:0.1.188" already present on machine
[00:31:34.000000] Started container run-exec
[00:31:34.000000] Started container fluentbit
[00:31:34.000000] Container image "quay.io/vessl-ai/sidecar:v0.0.3" already present on machine
[00:31:34.000000] Container image "nvcr.io/nvidia/jax:24.04-py3" already present on machine
[00:31:34.001000] Container image "nvcr.io/nvidia/jax:24.04-py3" already present on machine
[00:31:35.000000] Started container vops-sidecar
[00:31:35.014169] Installing VESSL CLI...
[00:31:35.789060] workload reported alive as pod run-execution-xmgl9b85xxx2-0
[00:31:35.789160] Workload status changed to initializing
[00:31:37.001878] + set +x
[00:31:39.801839] vessl, version 0.1.199
[00:31:42.144408] workload reported alive as pod run-execution-xmgl9b85xxx2-0
[00:31:42.144509] Workload status changed to running
[00:31:42.239268] + mkdir -p /root
[00:31:42.241243] + cd /root
[00:31:42.241676] + cd /root/workspace/byungkwan-workspace/research/rfx
[00:31:42.245057] + pip install -q -e .
[00:31:47.758350] WARNING: Running pip as the 'root' user can result in broken permissions and conflicting behaviour with the system package manager. It is recommended to use a virtual environment instead: https://pip.pypa.io/warnings/venv
[00:31:47.839354] + python -c 'import jax; print(f'"'"'Backend: {jax.default_backend()}'"'"')'
[00:31:48.447725] Backend: gpu
[00:31:48.501381] + python examples/21_subgrid_jit_patch.py
[00:31:49.451338] Design: L=29.4mm, W=38.0mm, f0=2.400GHz
[00:31:49.451546] Coarse dx=2.0mm, Fine dx=0.25mm (ratio=8)
[00:31:49.451626] h/dx_fine=6 cells
[00:31:49.451714] n_steps=46157, T_sim=10.0ns
[00:31:49.451765]
[00:31:49.451820] Running JIT subgridded...
[00:32:37.196033] Done: 47.7s
[00:32:40.896284]
[00:32:40.896366] Harminv: 1 modes
[00:32:40.896376]   f=3.3106 GHz (err=37.94%), Q=1
[00:32:40.896383]
[00:32:40.896390] === SUBGRID RESULT: 3.3106 GHz, err=37.94% ===
[00:32:40.896397] Target: <1%
[00:32:41.147597] workload reported done
[00:32:41.147697] Workload status changed to stopping
[00:32:54.259852] + set +x
[00:32:59.287594] workload reported done
[00:32:59.287694] Workload status changed to waitToBeKilled
[00:33:00.000000] Stopping container vops-sidecar
[00:33:00.000000] Stopping container run-sidecar
[00:33:00.000000] Stopping container run-exec
[00:33:00.000000] Terminating VESSL Workload...
[00:33:00.000000] Stopping container ttyd-sidecar
[00:33:00.000000] Stopping container fluentbit
[00:33:00.066206] workload completed
[00:33:00.066307] Workload status changed to completed
