Organization: remilab
Project: byungkwan
[08:50:49.794096] workload awaiting to start
[08:50:49.794197] Workload status changed to pending
[08:50:53.946993] Event Reason: FailedScheduling, Event Note: 0/13 nodes are available: pod has unbound immediate PersistentVolumeClaims. preemption: 0/13 nodes are available: 13 Preemption is not helpful for scheduling.
[08:50:53.946993] Workload is in queue for scheduling. Please wait...
[08:51:01.536116] Event Reason: FailedScheduling, Event Note: 0/13 nodes are available: pod has unbound immediate PersistentVolumeClaims. preemption: 0/13 nodes are available: 13 Preemption is not helpful for scheduling.
[08:51:01.536116] Workload is in queue for scheduling. Please wait...
[08:51:03.589590] VESSL Workload assigned successfully. Starting soon.
[08:51:04.000000] Container image "quay.io/vessl-ai/kernels-toolbox:0.1.188" already present on machine
[08:51:04.000000] Created container vops-init
[08:51:04.000000] Started container vops-init
[08:51:05.000000] Started container run-sidecar
[08:51:05.000000] Creating VESSL Workload...
[08:51:05.000000] Starting VESSL Workload...
[08:51:05.000000] Created container run-exec
[08:51:05.000000] Container image "quay.io/vessl-ai/kernels-toolbox:0.1.188" already present on machine
[08:51:05.000000] Started container run-exec
[08:51:05.000000] Started container fluentbit
[08:51:05.000000] Container image "nvcr.io/nvidia/jax:24.10-py3" already present on machine
[08:51:05.000000] Container image "quay.io/vessl-ai/fluent-bit:2.1.6" already present on machine
[08:51:05.000000] Container image "quay.io/vessl-ai/sidecar:v0.0.3" already present on machine
[08:51:05.000000] Created container run-sidecar
[08:51:05.001000] Container image "nvcr.io/nvidia/jax:24.10-py3" already present on machine
[08:51:06.000000] Created container vops-sidecar
[08:51:06.000000] Started container vops-sidecar
[08:51:06.000000] Container image "quay.io/vessl-ai/kernels-toolbox:0.1.188" already present on machine
[08:51:06.000000] Started container ttyd-sidecar
[08:51:06.226834] Installing VESSL CLI...
[08:51:06.975706] workload reported alive as pod run-execution-uz6kflu7y9yv-0
[08:51:06.975806] Workload status changed to initializing
[08:51:08.192157] + set +x
[08:51:11.167766] vessl, version 0.1.199
[08:51:13.342165] workload reported alive as pod run-execution-uz6kflu7y9yv-0
[08:51:13.342265] Workload status changed to running
[08:51:13.433006] + mkdir -p /root
[08:51:13.435073] + cd /root
[08:51:13.435737] + set -euo pipefail
[08:51:13.435783] + cd /root
[08:51:13.435797] + git clone https://github.com/bk-squared/rfx.git
[08:51:13.438057] Cloning into 'rfx'...
[08:51:15.576990] + cd rfx
[08:51:15.577006] + pip install --quiet -e '.[all]'
[08:51:18.835077] WARNING: rfx 1807.8.6 does not provide the extra 'dashboard'
[08:51:18.835119] WARNING: rfx 1807.8.6 does not provide the extra 'dev'
[08:51:18.835123] WARNING: rfx 1807.8.6 does not provide the extra 'optimization'
[08:51:18.835258] WARNING: rfx 1807.8.6 does not provide the extra 'visualization'
[08:51:22.872336] WARNING: Running pip as the 'root' user can result in broken permissions and conflicting behaviour with the system package manager. It is recommended to use a virtual environment instead: https://pip.pypa.io/warnings/venv
[08:51:23.025894] + python -c 'import jax; print('"'"'JAX devices:'"'"', jax.devices())'
[08:51:23.430257] JAX devices: [CudaDevice(id=0)]
[08:51:23.488641] + nvidia-smi
[08:51:23.522693] Mon Apr  6 08:51:23 2026
[08:51:23.522723] +-----------------------------------------------------------------------------------------+
[08:51:23.522737] | NVIDIA-SMI 570.211.01             Driver Version: 570.211.01     CUDA Version: 12.8     |
[08:51:23.522743] |-----------------------------------------+------------------------+----------------------+
[08:51:23.522748] | GPU  Name                 Persistence-M | Bus-Id          Disp.A | Volatile Uncorr. ECC |
[08:51:23.522753] | Fan  Temp   Perf          Pwr:Usage/Cap |           Memory-Usage | GPU-Util  Compute M. |
[08:51:23.522759] |                                         |                        |               MIG M. |
[08:51:23.522765] |=========================================+========================+======================|
[08:51:23.528774] |   0  NVIDIA GeForce RTX 4090        Off |   00000000:01:00.0 Off |                  Off |
[08:51:23.528797] |  0%   46C    P8             26W /  450W |       0MiB /  24564MiB |      0%      Default |
[08:51:23.528806] |                                         |                        |                  N/A |
[08:51:23.528811] +-----------------------------------------+------------------------+----------------------+
[08:51:23.528823]
[08:51:23.528828] +-----------------------------------------------------------------------------------------+
[08:51:23.528833] | Processes:                                                                              |
[08:51:23.528837] |  GPU   GI   CI              PID   Type   Process name                        GPU Memory |
[08:51:23.528841] |        ID   ID                                                               Usage      |
[08:51:23.528845] |=========================================================================================|
[08:51:23.529136] |  No running processes found                                                             |
[08:51:23.529145] +-----------------------------------------------------------------------------------------+
[08:51:23.596213] + mkdir -p /output/ex3
[08:51:23.596739] + cp /root/workspace/bk-workspace/papers/rfx-tap/experiments/ex3_farfield_steering.py .
[08:51:23.661342] + OUTPUT_DIR=/output/ex3 python ex3_farfield_steering.py
[08:51:24.463249] Device: DeviceInfo(backend='gpu', gpu_available=True, devices=[{'id': 0, 'kind': 'NVIDIA GeForce RTX 4090', 'platform': 'gpu'}])
[08:51:24.463269] Lambda=60mm, domain=90mm, dx=3.0mm
[08:51:24.463272] NTFF margin: 33mm
[08:51:24.463274] Design region: 18x30x30 mm block, +x side of dipole
[08:51:24.463276]
[08:51:24.463278] === NTFF sanity check ===
[08:51:27.999360]   theta=  0 deg: P = 4.530466e-35
[08:51:27.999416]   theta= 60 deg: P = 7.676064e-30
[08:51:27.999424]   theta= 90 deg: P = 1.026404e-29
[08:51:27.999430]   theta=120 deg: P = 7.803149e-30
[08:51:27.999437]   theta=180 deg: P = 5.829232e-34
[08:51:27.999751]   Directivity = 1.11 (0.4 dBi)
[08:51:27.999778]
[08:51:27.999786] === Beam steering: optimize eps_r to steer from θ=90° toward θ=60° ===
[08:51:28.163365]   optimize: n_steps=600, grid=(47, 47, 47) (0.1M cells)
[08:51:50.622482]   iter    0  loss = -4.458070e-01
[08:55:18.806349]   iter   10  loss = -4.460312e-01
[08:58:48.327576]   iter   20  loss = -4.462539e-01
[09:02:17.400156]   iter   30  loss = -4.464737e-01
[09:05:44.678190]   iter   40  loss = -4.466982e-01
[09:09:13.288364]   iter   50  loss = -4.469154e-01
[09:12:20.253697]   iter   59  loss = -4.471149e-01
[09:12:20.413542] Optimization: 60 iters in 1252.4s
[09:12:20.413555]
[09:12:20.413556] === Computing final radiation patterns ===
[09:12:26.517796] Initial: peak at θ=90°, D=4.76 (6.8 dBi)
[09:12:26.517835] Optimized: peak at θ=90°, D=4.76 (6.8 dBi)
[09:12:26.517839] Target θ=60°, achieved θ=90°, error=30°
[09:12:26.518135]
[09:12:26.518161] Metrics: {
[09:12:26.518166]   "experiment": "ex3_farfield_steering",
[09:12:26.518172]   "device": "DeviceInfo(backend='gpu', gpu_available=True, devices=[{'id': 0, 'kind': 'NVIDIA GeForce RTX 4090', 'platform': 'gpu'}])",
[09:12:26.518175]   "freq_ghz": 5.0,
[09:12:26.518178]   "dx_mm": 3.0,
[09:12:26.518181]   "domain_mm": 90.0,
[09:12:26.518183]   "n_steps_opt": 600,
[09:12:26.518186]   "n_iterations": 60,
[09:12:26.518189]   "optimization_time_s": 1252.4,
[09:12:26.518192]   "initial_loss": -0.44580695033073425,
[09:12:26.518195]   "final_loss": -0.4471149444580078,
[09:12:26.518197]   "initial_peak_theta_deg": 90.0,
[09:12:26.518202]   "optimized_peak_theta_deg": 90.0,
[09:12:26.518204]   "target_theta_deg": 60.0,
[09:12:26.518207]   "steering_error_deg": 30.0,
[09:12:26.518210]   "initial_directivity_dBi": 6.8,
[09:12:26.518213]   "optimized_directivity_dBi": 6.8
[09:12:26.518215] }
[09:12:26.657392] Saved: pattern_comparison.png
[09:12:26.739635] Saved: convergence.png
[09:12:26.851605] Saved: eps_design.png
[09:12:26.851621]
[09:12:26.851624] Results saved to /output/ex3/
[09:12:32.132690] + echo '[done] ex3 farfield'
[09:12:32.132691] [done] ex3 farfield
[09:12:32.153293] workload reported done
[09:12:32.153393] Workload status changed to stopping
[09:12:37.630308] + set +x
[09:12:42.664831] workload reported done
[09:12:42.664931] Workload status changed to waitToBeKilled
[09:12:45.000000] Stopping container vops-sidecar
[09:12:45.000000] Stopping container run-sidecar
[09:12:45.000000] Stopping container run-exec
[09:12:45.000000] Terminating VESSL Workload...
[09:12:45.000000] Stopping container ttyd-sidecar
[09:12:45.000000] Stopping container fluentbit
[09:12:45.037560] workload completed
[09:12:45.037660] Workload status changed to completed
