Organization: remilab
Project: byungkwan
[07:23:41.860316] workload awaiting to start
[07:23:41.860416] Workload status changed to pending
[07:23:47.984093] Event Reason: FailedScheduling, Event Note: 0/13 nodes are available: pod has unbound immediate PersistentVolumeClaims. preemption: 0/13 nodes are available: 13 Preemption is not helpful for scheduling.
[07:23:47.984093] Workload is in queue for scheduling. Please wait...
[07:23:59.080466] VESSL Workload assigned successfully. Starting soon.
[07:24:00.000000] Container image "quay.io/vessl-ai/kernels-toolbox:0.1.188" already present on machine
[07:24:00.000000] Created container vops-init
[07:24:00.000000] Started container vops-init
[07:24:01.000000] Creating VESSL Workload...
[07:24:01.000000] Starting VESSL Workload...
[07:24:01.000000] Created container run-exec
[07:24:01.000000] Started container run-exec
[07:24:01.000000] Created container fluentbit
[07:24:01.000000] Container image "quay.io/vessl-ai/sidecar:v0.0.3" already present on machine
[07:24:01.000000] Container image "nvcr.io/nvidia/jax:24.04-py3" already present on machine
[07:24:01.000000] Created container run-sidecar
[07:24:01.001000] Container image "nvcr.io/nvidia/jax:24.04-py3" already present on machine
[07:24:02.000000] Created container vops-sidecar
[07:24:02.000000] Created container ttyd-sidecar
[07:24:02.000000] Started container vops-sidecar
[07:24:02.000000] Container image "quay.io/vessl-ai/kernels-toolbox:0.1.188" already present on machine
[07:24:02.000000] Started container ttyd-sidecar
[07:24:02.346984] Installing VESSL CLI...
[07:24:03.166691] workload reported alive as pod run-execution-ncxufi2wwch6-0
[07:24:03.166791] Workload status changed to initializing
[07:24:04.369241] + set +x
[07:24:07.015876] vessl, version 0.1.199
[07:24:09.519223] workload reported alive as pod run-execution-ncxufi2wwch6-0
[07:24:09.519323] Workload status changed to running
[07:24:09.687608] + mkdir -p /root
[07:24:09.689578] + cd /root
[07:24:09.690487] + cd /root/workspace/byungkwan-workspace/research/rfx
[07:24:09.705497] + pip install -q -e .
[07:24:15.869884] WARNING: Running pip as the 'root' user can result in broken permissions and conflicting behaviour with the system package manager. It is recommended to use a virtual environment instead: https://pip.pypa.io/warnings/venv
[07:24:15.949023] + python -c 'import jax; print(f'"'"'Backend: {jax.default_backend()}'"'"')'
[07:24:16.669749] Backend: gpu
[07:24:16.732730] + python examples/15_fine_grid_test.py
[07:24:17.874076] dx=0.25mm, grid=(417, 451, 181)
[07:24:17.874322] Cells: 34.0M, est memory: 0.8GB
[07:24:17.874415] h/dx=6, L/dx=118
[07:24:17.874498] n_steps=20981, T_sim=10.0ns
[07:24:17.874562]
[07:24:17.874614] Running with subpixel smoothing...
[07:30:17.526046] Runtime: 359.7s (1986 Mcells/s)
[07:30:38.903962]
[07:30:38.904080] Harminv modes:
[07:30:39.082847] FFT: 1.5545 GHz (err=35.23%)
[07:30:39.256978] workload reported done
[07:30:39.257078] Workload status changed to stopping
[07:30:45.754327] + set +x
[07:30:50.780248] workload reported done
[07:30:50.780349] Workload status changed to waitToBeKilled
[07:30:54.000000] Stopping container vops-sidecar
[07:30:54.000000] Stopping container run-exec
[07:30:54.000000] Terminating VESSL Workload...
[07:30:54.000000] Stopping container ttyd-sidecar
[07:30:54.134067] workload completed
[07:30:54.134167] Workload status changed to completed
