Organization: remilab
Project: byungkwan
[01:50:04.155178] workload awaiting to start
[01:50:04.155278] Workload status changed to pending
[01:50:10.749102] VESSL Workload assigned successfully. Starting soon.
[01:50:11.000000] Container image "quay.io/vessl-ai/kernels-toolbox:0.1.188" already present on machine
[01:50:11.000000] Created container vops-init
[01:50:11.000000] Started container vops-init
[01:50:12.000000] Creating VESSL Workload...
[01:50:12.000000] Created container vops-sidecar
[01:50:12.000000] Created container ttyd-sidecar
[01:50:12.000000] Starting VESSL Workload...
[01:50:12.000000] Started container vops-sidecar
[01:50:12.000000] Created container run-exec
[01:50:12.000000] Container image "quay.io/vessl-ai/kernels-toolbox:0.1.188" already present on machine
[01:50:12.000000] Started container run-exec
[01:50:12.000000] Started container fluentbit
[01:50:12.000000] Created container fluentbit
[01:50:12.000000] Container image "nvcr.io/nvidia/jax:24.10-py3" already present on machine
[01:50:12.000000] Started container ttyd-sidecar
[01:50:12.000000] Container image "quay.io/vessl-ai/fluent-bit:2.1.6" already present on machine
[01:50:12.000000] Container image "quay.io/vessl-ai/sidecar:v0.0.3" already present on machine
[01:50:12.000000] Created container run-sidecar
[01:50:12.001000] Container image "nvcr.io/nvidia/jax:24.10-py3" already present on machine
[01:50:25.623520] workload reported alive as pod run-execution-kg3feumh1ddp-0
[01:50:25.623620] Workload status changed to initializing
[01:50:26.759192] + set +x
[01:51:09.060277] vessl, version 0.1.199
[01:51:11.903400] workload reported alive as pod run-execution-kg3feumh1ddp-0
[01:51:11.903500] Workload status changed to running
[01:51:11.988662] + mkdir -p /root
[01:51:11.990831] + cd /root
[01:51:11.991534] + set -euo pipefail
[01:51:11.991581] + cd /root
[01:51:11.991595] + git clone https://github.com/bk-squared/rfx.git
[01:51:11.993802] Cloning into 'rfx'...
[01:51:19.097474] + cd rfx
[01:51:19.097490] + pip install --quiet -e '.[all]'
[01:51:33.433095] WARNING: rfx 1807.8.6 does not provide the extra 'dashboard'
[01:51:33.433124] WARNING: rfx 1807.8.6 does not provide the extra 'dev'
[01:51:33.433128] WARNING: rfx 1807.8.6 does not provide the extra 'optimization'
[01:51:33.433256] WARNING: rfx 1807.8.6 does not provide the extra 'visualization'
[01:51:37.899703] WARNING: Running pip as the 'root' user can result in broken permissions and conflicting behaviour with the system package manager. It is recommended to use a virtual environment instead: https://pip.pypa.io/warnings/venv
[01:51:38.051343] + python -c 'import jax; print('"'"'JAX:'"'"', jax.devices()); import rfx; print('"'"'rfx'"'"', rfx.__version__)'
[01:51:38.454728] JAX: [CudaDevice(id=0)]
[01:51:38.782640] rfx 1.4.0
[01:51:38.944404] + mkdir -p /output/ex1
[01:51:38.944958] + cp /root/workspace/bk-workspace/papers/rfx-tap/experiments/ex1_dra.py .
[01:51:38.956604] + OUTPUT_DIR=/output/ex1 python ex1_dra.py
[01:51:39.677997] Device: DeviceInfo(backend='gpu', gpu_available=True, devices=[{'id': 0, 'kind': 'NVIDIA GeForce RTX 4090', 'platform': 'gpu'}])
[01:51:39.678021]
[01:51:39.678024] === Gradient-based optimization (Adam) ===
[01:51:40.492712]   optimize: n_steps=800, grid=(47, 47, 37) (0.1M cells)
[01:51:52.099414]   iter    0  loss = 7.534745e-04
[01:53:32.430128]   iter   10  loss = 2.933925e-04
[01:55:12.989717]   iter   20  loss = 1.118839e-04
[01:56:53.467614]   iter   30  loss = 5.412849e-05
[01:58:33.840557]   iter   40  loss = 3.205934e-05
[02:00:14.881549]   iter   50  loss = 2.128585e-05
[02:01:44.913521]   iter   59  loss = 1.559202e-05
[02:01:44.947170] Optimization: 60 iters in 605.3s
[02:01:44.947188]
[02:01:44.947191] === Post-optimization evaluation ===
[02:01:44.947330] /root/rfx/ex1_dra.py:171: UserWarning: Zero-thickness geometry 'pec' along z-axis. On non-uniform mesh this may produce empty rasterization. Consider giving it at least one cell of thickness (2.00mm).
[02:01:44.947336]   result = s.run(num_periods=30)
[02:01:44.947340] /root/rfx/ex1_dra.py:171: UserWarning: Probe at (0.03, 0.03, 0.005) is near/inside CPML region (CPML thickness=16.0mm). Signal will be attenuated. Move probe to interior.
[02:01:44.947342]   result = s.run(num_periods=30)
[02:01:44.947344] /root/rfx/ex1_dra.py:171: UserWarning: Source/port at (0.03, 0.03, 0.005) is near/inside CPML region (CPML thickness=16.0mm). Energy will be absorbed. Move source to interior.
[02:01:44.947345]   result = s.run(num_periods=30)
[02:01:44.947346] /root/rfx/ex1_dra.py:171: UserWarning: Material 'dra_init' extends into CPML region along z-axis. CPML assumes vacuum — dielectric in PML causes increased reflections.
[02:01:44.947348]   result = s.run(num_periods=30)
[02:01:45.250871] jax.errors.SimplifiedTraceback: For simplicity, JAX has removed its internal frames from the traceback of the following exception. Set JAX_TRACEBACK_FILTERING=off to include these.
[02:01:45.250899]
[02:01:45.250901] The above exception was the direct cause of the following exception:
[02:01:45.250903]
[02:01:45.250905] Traceback (most recent call last):
[02:01:45.250907]   File "/root/rfx/ex1_dra.py", line 189, in <module>
[02:01:45.250921]     freqs_init, s11_init, _result_init = run_eval(eps_design=None)
[02:01:45.250924]   File "/root/rfx/ex1_dra.py", line 171, in run_eval
[02:01:45.251039]     result = s.run(num_periods=30)
[02:01:45.251045]   File "/root/rfx/rfx/api.py", line 2747, in run
[02:01:45.251204]     return run_uniform(
[02:01:45.251210]   File "/root/rfx/rfx/runners/uniform.py", line 376, in run_uniform
[02:01:45.251215]     sim_result = _run(
[02:01:45.251217]   File "/root/rfx/rfx/simulation.py", line 577, in run
[02:01:45.251316]     carry_init["ntff"] = init_ntff_data(ntff)
[02:01:45.251322]   File "/root/rfx/rfx/farfield.py", line 129, in init_ntff_data
[02:01:45.251324]     x_lo=_z((nf, nj, nk, 4)), x_hi=_z((nf, nj, nk, 4)),
[02:01:45.251326]   File "/root/rfx/rfx/farfield.py", line 127, in <lambda>
[02:01:45.251328]     _z = lambda shape: jnp.zeros(shape, dtype=_cdtype)
[02:01:45.251329]   File "/opt/jax/jax/_src/numpy/lax_numpy.py", line 4573, in zeros
[02:01:45.251591]     return lax.full(shape, 0, _jnp_dtype(dtype), sharding=_normalize_to_sharding(device))
[02:01:45.251598]   File "/opt/jax/jax/_src/lax/lax.py", line 1296, in full
[02:01:45.251631]     return broadcast(fill_value, shape)
[02:01:45.251639]   File "/opt/jax/jax/_src/lax/lax.py", line 826, in broadcast
[02:01:45.251679]     return broadcast_in_dim(operand, tuple(sizes) + np.shape(operand), dims)
[02:01:45.251683]   File "/opt/jax/jax/_src/lax/lax.py", line 855, in broadcast_in_dim
[02:01:45.251725]     return broadcast_in_dim_p.bind(
[02:01:45.251728]   File "/opt/jax/jax/_src/core.py", line 439, in bind
[02:01:45.251759]     return self.bind_with_trace(find_top_trace(args), args, params)
[02:01:45.251761]   File "/opt/jax/jax/_src/core.py", line 443, in bind_with_trace
[02:01:45.251786]     out = trace.process_primitive(self, map(trace.full_raise, args), params)
[02:01:45.251789]   File "/opt/jax/jax/_src/core.py", line 949, in process_primitive
[02:01:45.251840]     return primitive.impl(*tracers, **params)
[02:01:45.251842]   File "/opt/jax/jax/_src/dispatch.py", line 88, in apply_primitive
[02:01:45.251855]     outs = fun(*args)
[02:01:45.251858] TypeError: broadcast_in_dim shape must have every element be nonnegative, got (41, 6, -4, 4).
[02:01:49.684348] workload reported done
[02:01:49.684448] Workload status changed to stopping
[02:02:00.121571] workload reported done
[02:02:00.121671] Workload status changed to waitToBeKilled
[02:02:03.000000] Stopping container vops-sidecar
[02:02:03.000000] Stopping container run-sidecar
[02:02:03.000000] Stopping container run-exec
[02:02:03.000000] Terminating VESSL Workload...
[02:02:03.000000] Stopping container fluentbit
[02:02:03.119830] workload failed
[02:02:03.119930] Workload status changed to failed
