Organization: remilab
Project: byungkwan
[08:30:08.867342] workload awaiting to start
[08:30:08.867442] Workload status changed to pending
[08:30:15.000000] Container image "quay.io/vessl-ai/kernels-toolbox:0.1.188" already present on machine
[08:30:15.000000] Created container vops-init
[08:30:15.000000] Started container vops-init
[08:30:15.024232] VESSL Workload assigned successfully. Starting soon.
[08:30:17.000000] Started container run-sidecar
[08:30:17.000000] Creating VESSL Workload...
[08:30:17.000000] Created container vops-sidecar
[08:30:17.000000] Created container ttyd-sidecar
[08:30:17.000000] Starting VESSL Workload...
[08:30:17.000000] Created container run-exec
[08:30:17.000000] Container image "quay.io/vessl-ai/kernels-toolbox:0.1.188" already present on machine
[08:30:17.000000] Started container run-exec
[08:30:17.000000] Started container fluentbit
[08:30:17.000000] Started container ttyd-sidecar
[08:30:17.000000] Container image "quay.io/vessl-ai/fluent-bit:2.1.6" already present on machine
[08:30:17.000000] Container image "nvcr.io/nvidia/jax:24.04-py3" already present on machine
[08:30:17.000000] Created container run-sidecar
[08:30:17.001000] Container image "nvcr.io/nvidia/jax:24.04-py3" already present on machine
[08:30:17.783326] Installing VESSL CLI...
[08:30:18.418730] workload reported alive as pod run-execution-sdb73s0pl5yg-0
[08:30:18.418830] Workload status changed to initializing
[08:30:19.656106] + set +x
[08:30:22.728239] vessl, version 0.1.199
[08:30:24.808202] workload reported alive as pod run-execution-sdb73s0pl5yg-0
[08:30:24.808302] Workload status changed to running
[08:30:24.994667] + mkdir -p /root
[08:30:24.996516] + cd /root
[08:30:24.997010] + cd /root/workspace/byungkwan-workspace/research/rfx
[08:30:25.019499] + pip install -q -e .
[08:30:30.933231] WARNING: Running pip as the 'root' user can result in broken permissions and conflicting behaviour with the system package manager. It is recommended to use a virtual environment instead: https://pip.pypa.io/warnings/venv
[08:30:31.014477] + python -c 'import jax; print(f'"'"'Backend: {jax.default_backend()}'"'"')'
[08:30:31.658566] Backend: gpu
[08:30:31.723947] + python examples/15_fine_grid_test.py
[08:30:32.836444] Source amplitude: 2.83x (normalized to dx_ref=0.5mm)
[08:30:32.836681] dx=0.25mm, grid=(516, 551, 238)
[08:30:32.836790] Cells: 67.7M, est memory: 1.6GB
[08:30:32.836864] h/dx=6, L/dx=118
[08:30:32.836930] n_steps=20981, T_sim=10.0ns
[08:30:32.836989]
[08:30:32.837039] Running with subpixel smoothing...
[08:42:26.360910] Runtime: 713.5s (1990 Mcells/s)
[08:43:06.780040]
[08:43:06.780119] Harminv modes:
[08:43:06.907668] FFT: 1.5545 GHz (err=35.23%)
[08:43:07.087427] workload reported done
[08:43:07.087528] Workload status changed to stopping
[08:43:13.110656] + set +x
[08:43:18.138335] workload reported done
[08:43:18.138436] Workload status changed to waitToBeKilled
[08:43:21.000000] Stopping container vops-sidecar
[08:43:21.000000] Stopping container run-sidecar
[08:43:21.000000] Stopping container run-exec
[08:43:21.000000] Terminating VESSL Workload...
[08:43:21.000000] Stopping container ttyd-sidecar
[08:43:21.128365] workload completed
