Organization: remilab
Project: byungkwan
[16:25:14.316602] workload awaiting to start
[16:25:14.316702] Workload status changed to pending
[16:25:17.914238] Event Reason: FailedScheduling, Event Note: 0/13 nodes are available: pod has unbound immediate PersistentVolumeClaims. preemption: 0/13 nodes are available: 13 Preemption is not helpful for scheduling.
[16:25:17.914238] Workload is in queue for scheduling. Please wait...
[16:25:24.883263] VESSL Workload assigned successfully. Starting soon.
[16:25:25.000000] Container image "quay.io/vessl-ai/kernels-toolbox:0.1.188" already present on machine
[16:25:25.000000] Created container vops-init
[16:25:25.000000] Started container vops-init
[16:25:26.000000] Creating VESSL Workload...
[16:25:26.000000] Created container run-exec
[16:25:26.000000] Started container run-exec
[16:25:26.000000] Created container fluentbit
[16:25:26.000000] Container image "nvcr.io/nvidia/jax:24.10-py3" already present on machine
[16:25:26.000000] Container image "quay.io/vessl-ai/fluent-bit:2.1.6" already present on machine
[16:25:26.000000] Container image "quay.io/vessl-ai/sidecar:v0.0.3" already present on machine
[16:25:26.000000] Created container run-sidecar
[16:25:26.001000] Container image "nvcr.io/nvidia/jax:24.10-py3" already present on machine
[16:25:27.000000] Created container vops-sidecar
[16:25:27.000000] Started container vops-sidecar
[16:25:27.107863] Installing VESSL CLI...
[16:25:27.872372] workload reported alive as pod run-execution-x6k35y0nk7hn-0
[16:25:27.872472] Workload status changed to initializing
[16:25:28.990368] + set +x
[16:25:31.881240] vessl, version 0.1.199
[16:25:34.158941] workload reported alive as pod run-execution-x6k35y0nk7hn-0
[16:25:34.159041] Workload status changed to running
[16:25:34.328422] + mkdir -p /root
[16:25:34.330509] + cd /root
[16:25:34.331177] + set -euo pipefail
[16:25:34.331226] + cd /root
[16:25:34.331241] + git clone https://github.com/BK3536/rfx.git
[16:25:34.333398] Cloning into 'rfx'...
[16:25:36.948634] + cd rfx
[16:25:36.948650] + pip install --quiet -e '.[all]'
[16:25:40.225102] WARNING: rfx 1807.8.6 does not provide the extra 'dashboard'
[16:25:40.225125] WARNING: rfx 1807.8.6 does not provide the extra 'dev'
[16:25:40.225259] WARNING: rfx 1807.8.6 does not provide the extra 'optimization'
[16:25:40.225266] WARNING: rfx 1807.8.6 does not provide the extra 'visualization'
[16:25:44.546623] WARNING: Running pip as the 'root' user can result in broken permissions and conflicting behaviour with the system package manager. It is recommended to use a virtual environment instead: https://pip.pypa.io/warnings/venv
[16:25:44.696815] + python -c 'import jax; print('"'"'JAX devices:'"'"', jax.devices())'
[16:25:45.036829] JAX devices: [CudaDevice(id=0)]
[16:25:45.083886] + nvidia-smi
[16:25:45.125077] Sat Apr  4 16:25:45 2026
[16:25:45.125124] +---------------------------------------------------------------------------------------+
[16:25:45.125143] | NVIDIA-SMI 535.288.01             Driver Version: 535.288.01   CUDA Version: 12.2     |
[16:25:45.125153] |-----------------------------------------+----------------------+----------------------+
[16:25:45.125161] | GPU  Name                 Persistence-M | Bus-Id        Disp.A | Volatile Uncorr. ECC |
[16:25:45.125168] | Fan  Temp   Perf          Pwr:Usage/Cap |         Memory-Usage | GPU-Util  Compute M. |
[16:25:45.125175] |                                         |                      |               MIG M. |
[16:25:45.125181] |=========================================+======================+======================|
[16:25:45.142699] |   0  NVIDIA GeForce RTX 4090        Off | 00000000:01:00.0 Off |                  Off |
[16:25:45.142726] |  0%   33C    P0              23W / 450W |      1MiB / 24564MiB |      1%      Default |
[16:25:45.142729] |                                         |                      |                  N/A |
[16:25:45.142730] +-----------------------------------------+----------------------+----------------------+
[16:25:45.142732]
[16:25:45.142733] +---------------------------------------------------------------------------------------+
[16:25:45.142735] | Processes:                                                                            |
[16:25:45.142736] |  GPU   GI   CI        PID   Type   Process name                            GPU Memory |
[16:25:45.142737] |        ID   ID                                                             Usage      |
[16:25:45.142739] |=======================================================================================|
[16:25:45.142740] |  No running processes found                                                           |
[16:25:45.142742] +---------------------------------------------------------------------------------------+
[16:25:45.188375] + mkdir -p /output/ex3
[16:25:45.189060] + cp /root/workspace/bk-workspace/papers/rfx-tap/experiments/ex3_farfield_shaping.py .
[16:25:45.208964] + OUTPUT_DIR=/output/ex3 python ex3_farfield_shaping.py
[16:25:45.933316] Device: DeviceInfo(backend='gpu', gpu_available=True, devices=[{'id': 0, 'kind': 'NVIDIA GeForce RTX 4090', 'platform': 'gpu'}])
[16:25:45.933338]
[16:25:45.933342] === Far-field pattern shaping optimization ===
[16:25:45.933345] Target: steer main beam to theta=30.0 deg
[16:25:45.933369]
[16:25:45.933371] --- Optimizing left parasitic region ---
[16:26:03.696216] jax.errors.SimplifiedTraceback: For simplicity, JAX has removed its internal frames from the traceback of the following exception. Set JAX_TRACEBACK_FILTERING=off to include these.
[16:26:03.696233]
[16:26:03.696235] The above exception was the direct cause of the following exception:
[16:26:03.696235]
[16:26:03.696237]   File "/root/rfx/ex3_farfield_shaping.py", line 146, in <module>
[16:26:03.696237] Traceback (most recent call last):
[16:26:03.696238]     opt_left = optimize(
[16:26:03.696239]   File "/root/rfx/rfx/optimize.py", line 203, in optimize
[16:26:03.696243]     loss, grad = grad_fn(latent)
[16:26:03.696244]   File "/root/rfx/rfx/optimize.py", line 197, in forward
[16:26:03.696361]     return objective(result, ntff_box=ntff_box_local)
[16:26:03.696367]   File "/root/rfx/ex3_farfield_shaping.py", line 128, in farfield_steering_objective
[16:26:03.696368]     ff = compute_far_field(result.ntff_data, ntff_box, grid, theta_pts, phi_pts)
[16:26:03.696369]   File "/root/rfx/rfx/farfield.py", line 292, in compute_far_field
[16:26:03.696370]     face_np = np.asarray(face_dft, dtype=np.complex128)  # (nf, n1, n2, 4)
[16:26:03.696371] jax.errors.TracerArrayConversionError: The numpy.ndarray conversion method __array__() was called on traced array with shape complex64[1,36,9,4]
[16:26:03.696372] See https://jax.readthedocs.io/en/latest/errors.html#jax.errors.TracerArrayConversionError
[16:26:03.979408] workload reported done
[16:26:03.979508] Workload status changed to stopping
[16:26:10.367309] workload reported done
[16:26:10.367409] Workload status changed to waitToBeKilled
[16:26:12.000000] Stopping container vops-sidecar
[16:26:12.000000] Stopping container run-exec
[16:26:12.000000] Terminating VESSL Workload...
[16:26:12.000000] Stopping container ttyd-sidecar
[16:26:12.049734] workload failed
[16:26:12.049834] Workload status changed to failed
