Organization: remilab
Project: byungkwan
[04:53:44.801476] workload awaiting to start
[04:53:44.801576] Workload status changed to pending
[04:53:50.949042] Workload is in queue for scheduling. Please wait...
[04:53:50.949042] Event Reason: FailedScheduling, Event Note: 0/13 nodes are available: 4 Insufficient cpu, 4 Insufficient memory, 6 Insufficient nvidia.com/gpu, 7 node(s) didn't match Pod's node affinity/selector. preemption: 0/13 nodes are available: 6 No preemption victims found for incoming pod, 7 Preemption is not helpful for scheduling.
[04:59:18.872673] Workload is in queue for scheduling. Please wait...
[04:59:18.872673] Event Reason: FailedScheduling, Event Note: 0/13 nodes are available: 4 Insufficient cpu, 4 Insufficient memory, 6 Insufficient nvidia.com/gpu, 7 node(s) didn't match Pod's node affinity/selector. preemption: 0/13 nodes are available: 6 No preemption victims found for incoming pod, 7 Preemption is not helpful for scheduling.
[05:02:03.563359] VESSL Workload assigned successfully. Starting soon.
[05:02:04.000000] Container image "quay.io/vessl-ai/kernels-toolbox:0.1.188" already present on machine
[05:02:04.000000] Created container vops-init
[05:02:04.000000] Started container vops-init
[05:02:05.000000] Creating VESSL Workload...
[05:02:05.000000] Created container run-exec
[05:02:05.000000] Container image "nvcr.io/nvidia/jax:24.04-py3" already present on machine
[05:02:05.001000] Container image "nvcr.io/nvidia/jax:24.04-py3" already present on machine
[05:02:06.000000] Started container run-sidecar
[05:02:06.000000] Starting VESSL Workload...
[05:02:06.000000] Started container run-exec
[05:02:06.000000] Container image "quay.io/vessl-ai/fluent-bit:2.1.6" already present on machine
[05:02:06.507951] Installing VESSL CLI...
[05:02:07.219662] workload reported alive as pod run-execution-krsz18bnw0oh-0
[05:02:07.219763] Workload status changed to initializing
[05:02:08.364130] + set +x
[05:02:11.508116] vessl, version 0.1.199
[05:02:13.518422] workload reported alive as pod run-execution-krsz18bnw0oh-0
[05:02:13.518522] Workload status changed to running
[05:02:13.608871] + mkdir -p /root
[05:02:13.610935] + cd /root
[05:02:13.611633] + cd /root/workspace/byungkwan-workspace/research/rfx
[05:02:13.637633] + git pull --ff-only origin main
[05:02:13.682864] fatal: detected dubious ownership in repository at '/root/workspace/byungkwan-workspace/research/rfx'
[05:02:13.682889] To add an exception for this directory, call:
[05:02:13.682891]
[05:02:13.682892] 	git config --global --add safe.directory /root/workspace/byungkwan-workspace/research/rfx
[05:02:13.682893] + true
[05:02:13.682894] + pip install -q -e .
[05:02:20.474301] WARNING: Running pip as the 'root' user can result in broken permissions and conflicting behaviour with the system package manager. It is recommended to use a virtual environment instead: https://pip.pypa.io/warnings/venv
[05:02:20.556292] + pip install 'numpy<2' -q
[05:02:20.844295] WARNING: Running pip as the 'root' user can result in broken permissions and conflicting behaviour with the system package manager. It is recommended to use a virtual environment instead: https://pip.pypa.io/warnings/venv
[05:02:20.866287] + python scripts/cpml_reflectivity_sweep.py
[05:02:22.525776] ======================================================================
[05:02:22.525839] CPML Reflectivity Sweep
[05:02:22.525854] ======================================================================
[05:02:22.525865] Layers: [4, 6, 8, 10, 12, 16, 20]
[05:02:22.525875] Frequencies: ['1.0 GHz', '2.4 GHz', '5.0 GHz', '10.0 GHz']
[05:02:22.525885] Kappa values: [1.0, 5.0]
[05:02:22.525897] Target: -40.0 dB
[05:02:22.525906]
[05:02:22.525917]
[05:02:22.525946] --- kappa_max = 1.0 ---
[05:02:25.288590]   f=  1.0 GHz  layers= 4  reflectivity=  -43.0 dB  [PASS]  (2.8s)
[05:02:27.521797]   f=  1.0 GHz  layers= 6  reflectivity=  -57.1 dB  [PASS]  (2.2s)
[05:02:29.745648]   f=  1.0 GHz  layers= 8  reflectivity=  -78.7 dB  [PASS]  (2.2s)
[05:02:32.145371]   f=  1.0 GHz  layers=10  reflectivity=  -74.3 dB  [PASS]  (2.4s)
[05:02:34.508351]   f=  1.0 GHz  layers=12  reflectivity=  -75.8 dB  [PASS]  (2.4s)
[05:02:36.808581]   f=  1.0 GHz  layers=16  reflectivity=  -83.1 dB  [PASS]  (2.3s)
[05:02:39.116953]   f=  1.0 GHz  layers=20  reflectivity=  -88.5 dB  [PASS]  (2.3s)
[05:02:41.209558]   f=  2.4 GHz  layers= 4  reflectivity=  -55.7 dB  [PASS]  (2.1s)
[05:02:43.308775]   f=  2.4 GHz  layers= 6  reflectivity=  -68.1 dB  [PASS]  (2.1s)
[05:02:45.441478]   f=  2.4 GHz  layers= 8  reflectivity=  -64.9 dB  [PASS]  (2.1s)
[05:02:47.565858]   f=  2.4 GHz  layers=10  reflectivity=  -66.9 dB  [PASS]  (2.1s)
[05:02:49.785010]   f=  2.4 GHz  layers=12  reflectivity=  -70.5 dB  [PASS]  (2.2s)
[05:02:51.906948]   f=  2.4 GHz  layers=16  reflectivity=  -77.1 dB  [PASS]  (2.1s)
[05:02:54.082356]   f=  2.4 GHz  layers=20  reflectivity=  -82.6 dB  [PASS]  (2.2s)
[05:02:56.011976]   f=  5.0 GHz  layers= 4  reflectivity=  -92.5 dB  [PASS]  (1.9s)
[05:02:58.222141]   f=  5.0 GHz  layers= 6  reflectivity=  -96.3 dB  [PASS]  (2.2s)
[05:03:00.278049]   f=  5.0 GHz  layers= 8  reflectivity=  -95.0 dB  [PASS]  (2.1s)
[05:03:02.577539]   f=  5.0 GHz  layers=10  reflectivity=  -99.5 dB  [PASS]  (2.3s)
[05:03:04.816860]   f=  5.0 GHz  layers=12  reflectivity= -104.5 dB  [PASS]  (2.2s)
[05:03:07.045329]   f=  5.0 GHz  layers=16  reflectivity= -112.1 dB  [PASS]  (2.2s)
[05:03:09.482201]   f=  5.0 GHz  layers=20  reflectivity= -116.7 dB  [PASS]  (2.4s)
[05:03:11.888423] /root/workspace/byungkwan-workspace/research/rfx/scripts/cpml_reflectivity_sweep.py:123: RuntimeWarning: divide by zero encountered in log10
[05:03:11.888442]   reflectivity_db = 20 * np.log10(peak_diff / max(peak_ref, 1e-30))
[05:03:11.888533]   f= 10.0 GHz  layers= 4  reflectivity=   -inf dB  [PASS]  (2.4s)
[05:03:13.656252]   f= 10.0 GHz  layers= 6  reflectivity=   -inf dB  [PASS]  (1.8s)
[05:03:15.834194] /root/workspace/byungkwan-workspace/research/rfx/scripts/cpml_reflectivity_sweep.py:123: RuntimeWarning: divide by zero encountered in log10
[05:03:15.834207]   reflectivity_db = 20 * np.log10(peak_diff / max(peak_ref, 1e-30))
[05:03:15.834274]   f= 10.0 GHz  layers= 8  reflectivity=   -inf dB  [PASS]  (2.2s)
[05:03:17.578992]   f= 10.0 GHz  layers=10  reflectivity=   -inf dB  [PASS]  (1.7s)
[05:03:19.889950] /root/workspace/byungkwan-workspace/research/rfx/scripts/cpml_reflectivity_sweep.py:123: RuntimeWarning: divide by zero encountered in log10
[05:03:19.889964]   reflectivity_db = 20 * np.log10(peak_diff / max(peak_ref, 1e-30))
[05:03:19.890038]   f= 10.0 GHz  layers=12  reflectivity=   -inf dB  [PASS]  (2.3s)
[05:03:22.147217] /root/workspace/byungkwan-workspace/research/rfx/scripts/cpml_reflectivity_sweep.py:123: RuntimeWarning: divide by zero encountered in log10
[05:03:22.147234]   reflectivity_db = 20 * np.log10(peak_diff / max(peak_ref, 1e-30))
[05:03:22.147244]   f= 10.0 GHz  layers=16  reflectivity=   -inf dB  [PASS]  (2.3s)
[05:03:24.504580] /root/workspace/byungkwan-workspace/research/rfx/scripts/cpml_reflectivity_sweep.py:123: RuntimeWarning: divide by zero encountered in log10
[05:03:24.504595]   reflectivity_db = 20 * np.log10(peak_diff / max(peak_ref, 1e-30))
[05:03:24.504636]   f= 10.0 GHz  layers=20  reflectivity=   -inf dB  [PASS]  (2.4s)
[05:03:24.504637]
[05:03:24.504638] --- kappa_max = 5.0 ---
[05:03:25.990673]   f=  1.0 GHz  layers= 4  reflectivity=  -45.0 dB  [PASS]  (1.5s)
[05:03:27.567056]   f=  1.0 GHz  layers= 6  reflectivity=  -67.4 dB  [PASS]  (1.6s)
[05:03:29.205359]   f=  1.0 GHz  layers= 8  reflectivity=  -61.7 dB  [PASS]  (1.6s)
[05:03:30.683695]   f=  1.0 GHz  layers=10  reflectivity=  -62.4 dB  [PASS]  (1.5s)
[05:03:32.107047]   f=  1.0 GHz  layers=12  reflectivity=  -64.8 dB  [PASS]  (1.4s)
[05:03:33.605194]   f=  1.0 GHz  layers=16  reflectivity=  -71.1 dB  [PASS]  (1.5s)
[05:03:35.247881]   f=  1.0 GHz  layers=20  reflectivity=  -75.5 dB  [PASS]  (1.6s)
[05:03:36.872649]   f=  2.4 GHz  layers= 4  reflectivity=  -58.0 dB  [PASS]  (1.6s)
[05:03:38.393271]   f=  2.4 GHz  layers= 6  reflectivity=  -52.1 dB  [PASS]  (1.5s)
[05:03:39.821256]   f=  2.4 GHz  layers= 8  reflectivity=  -54.0 dB  [PASS]  (1.4s)
[05:03:41.458126]   f=  2.4 GHz  layers=10  reflectivity=  -56.9 dB  [PASS]  (1.6s)
[05:03:43.104125]   f=  2.4 GHz  layers=12  reflectivity=  -60.1 dB  [PASS]  (1.6s)
[05:03:44.751045]   f=  2.4 GHz  layers=16  reflectivity=  -66.1 dB  [PASS]  (1.6s)
[05:03:46.410750]   f=  2.4 GHz  layers=20  reflectivity=  -70.7 dB  [PASS]  (1.7s)
[05:03:48.044677]   f=  5.0 GHz  layers= 4  reflectivity=  -83.6 dB  [PASS]  (1.6s)
[05:03:49.681228]   f=  5.0 GHz  layers= 6  reflectivity=  -83.2 dB  [PASS]  (1.6s)
[05:03:51.256267]   f=  5.0 GHz  layers= 8  reflectivity=  -84.9 dB  [PASS]  (1.6s)
[05:03:52.703903]   f=  5.0 GHz  layers=10  reflectivity=  -88.9 dB  [PASS]  (1.4s)
[05:03:54.285129]   f=  5.0 GHz  layers=12  reflectivity=  -92.7 dB  [PASS]  (1.6s)
[05:03:55.939881]   f=  5.0 GHz  layers=16  reflectivity=  -98.9 dB  [PASS]  (1.7s)
[05:03:57.464191]   f=  5.0 GHz  layers=20  reflectivity= -104.1 dB  [PASS]  (1.5s)
[05:03:59.112565]   f= 10.0 GHz  layers= 4  reflectivity=   -inf dB  [PASS]  (1.6s)
[05:04:00.741250]   f= 10.0 GHz  layers= 6  reflectivity=   -inf dB  [PASS]  (1.6s)
[05:04:02.332123]   f= 10.0 GHz  layers= 8  reflectivity=   -inf dB  [PASS]  (1.6s)
[05:04:03.963819]   f= 10.0 GHz  layers=10  reflectivity=   -inf dB  [PASS]  (1.6s)
[05:04:05.569422]   f= 10.0 GHz  layers=12  reflectivity=   -inf dB  [PASS]  (1.6s)
[05:04:07.233996]   f= 10.0 GHz  layers=16  reflectivity=   -inf dB  [PASS]  (1.7s)
[05:04:08.893588]   f= 10.0 GHz  layers=20  reflectivity=   -inf dB  [PASS]  (1.7s)
[05:04:08.893602]
[05:04:08.893604] ======================================================================
[05:04:08.893606] MINIMUM LAYERS FOR -40 dB
[05:04:08.893607] ======================================================================
[05:04:08.893608]    Frequency  kappa=1.0  kappa=5.0
[05:04:08.893609]     1.0 GHz        4           4
[05:04:08.893612]     2.4 GHz        4           4
[05:04:08.893613]     5.0 GHz        4           4
[05:04:08.893614]    10.0 GHz        4           4
[05:04:08.893615]
[05:04:08.893616] Total time: 106s
[05:04:08.924323] Results saved: /root/workspace/byungkwan-workspace/research/rfx/scripts/../docs/research_notes/20260405_cpml_reflectivity_sweep/results.json
[05:04:09.525745] workload reported done
[05:04:09.525845] Workload status changed to stopping
[05:04:13.628751] + set +x
[05:04:18.653760] workload reported done
[05:04:18.653860] Workload status changed to waitToBeKilled
[05:04:21.000000] Stopping container vops-sidecar
[05:04:21.000000] Stopping container run-exec
[05:04:21.000000] Terminating VESSL Workload...
[05:04:21.000000] Stopping container fluentbit
[05:04:21.189968] workload completed
[05:04:21.190068] Workload status changed to completed
