Organization: remilab
Project: byungkwan
[08:48:27.465700] workload awaiting to start
[08:48:27.465800] Workload status changed to pending
[08:48:32.933086] Event Reason: FailedScheduling, Event Note: 0/13 nodes are available: pod has unbound immediate PersistentVolumeClaims. preemption: 0/13 nodes are available: 13 Preemption is not helpful for scheduling.
[08:48:32.933086] Workload is in queue for scheduling. Please wait...
[08:48:39.797459] VESSL Workload assigned successfully. Starting soon.
[08:48:40.000000] Container image "quay.io/vessl-ai/kernels-toolbox:0.1.188" already present on machine
[08:48:40.000000] Created container vops-init
[08:48:40.000000] Started container vops-init
[08:48:41.000000] Pulling image "nvcr.io/nvidia/jax:24.04-py3"
[08:48:41.001000] Pulling image "nvcr.io/nvidia/jax:24.04-py3"
[08:50:06.000000] Successfully pulled image "nvcr.io/nvidia/jax:24.04-py3" in 1m25.259s (1m25.259s including waiting)
[08:50:06.001000] Successfully pulled image "nvcr.io/nvidia/jax:24.04-py3" in 1m25.259s (1m25.259s including waiting)
[08:50:07.000000] Started container run-sidecar
[08:50:07.000000] Creating VESSL Workload...
[08:50:07.000000] Created container vops-sidecar
[08:50:07.000000] Created container run-exec
[08:50:07.000000] Container image "quay.io/vessl-ai/kernels-toolbox:0.1.188" already present on machine
[08:50:07.000000] Started container run-exec
[08:50:07.000000] Started container fluentbit
[08:50:07.000000] Created container fluentbit
[08:50:07.000000] Started container ttyd-sidecar
[08:50:07.000000] Container image "quay.io/vessl-ai/fluent-bit:2.1.6" already present on machine
[08:50:08.000000] Started container vops-sidecar
[08:50:08.055322] Installing VESSL CLI...
[08:50:08.809700] workload reported alive as pod run-execution-1x84lypsf66l-0
[08:50:08.809801] Workload status changed to initializing
[08:50:09.979146] + set +x
[08:50:19.377845] vessl, version 0.1.199
[08:50:20.335144] + mkdir -p /root
[08:50:20.337620] + cd /root
[08:50:20.338164] + cd /root/workspace/byungkwan-workspace/research/rfx
[08:50:20.347541] + echo '=== Patch Antenna on GPU ==='
[08:50:20.347559] === Patch Antenna on GPU ===
[08:50:20.347705] + hostname
[08:50:20.348492] Node:run-execution-1x84lypsf66l-0
[08:50:20.348503] + echo Node:run-execution-1x84lypsf66l-0
[08:50:20.348648] + date
[08:50:20.349956] + echo 'Start:Wed Apr  1 08:50:20 UTC 2026'
[08:50:20.349965] + pip install -q -e .
[08:50:20.349967] Start:Wed Apr  1 08:50:20 UTC 2026
[08:50:31.878070] WARNING: Running pip as the 'root' user can result in broken permissions and conflicting behaviour with the system package manager. It is recommended to use a virtual environment instead: https://pip.pypa.io/warnings/venv
[08:50:32.053784] + python -c 'import jax; print(f'"'"'Backend: {jax.default_backend()}, Devices: {jax.devices()}'"'"')'
[08:50:33.294835] Backend: gpu, Devices: [cuda(id=0)]
[08:50:33.402443] + python examples/04_patch_antenna.py
[08:50:34.717428] Patch: 29.4 x 38.0 mm, substrate h=1.6 mm
[08:50:34.717496] Domain: 69x78x17 mm, dx=0.5 mm
[08:50:34.717542] Traceback (most recent call last):
[08:50:34.717551]   File "/root/workspace/byungkwan-workspace/research/rfx/examples/04_patch_antenna.py", line 71, in <module>
[08:50:34.717708]     print(f"Feed: ({feed_x*1e3:.1f}, {feed_y*1e3:.1f}, {feed_z*1e3:.1f}) mm")
[08:50:34.722136] NameError: name 'feed_z' is not defined. Did you mean: 'feed_x'?
[08:50:34.966893] workload reported done
[08:50:34.966994] Workload status changed to stopping
[08:50:44.376309] workload reported done
[08:50:44.376410] Workload status changed to waitToBeKilled
[08:50:45.000000] Stopping container vops-sidecar
[08:50:45.000000] Stopping container run-sidecar
[08:50:45.000000] Stopping container run-exec
[08:50:45.000000] Terminating VESSL Workload...
[08:50:45.000000] Stopping container ttyd-sidecar
[08:50:45.000000] Stopping container fluentbit
[08:50:45.057081] workload failed
[08:50:45.057181] Workload status changed to failed
