Organization: remilab
Project: byungkwan
[04:33:26.584847] workload awaiting to start
[04:33:26.584947] Workload status changed to pending
[04:33:33.149173] Event Reason: FailedScheduling, Event Note: 0/13 nodes are available: pod has unbound immediate PersistentVolumeClaims. preemption: 0/13 nodes are available: 13 Preemption is not helpful for scheduling.
[04:33:33.149173] Workload is in queue for scheduling. Please wait...
[04:33:36.589843] Event Reason: FailedScheduling, Event Note: 0/13 nodes are available: pod has unbound immediate PersistentVolumeClaims. preemption: 0/13 nodes are available: 13 Preemption is not helpful for scheduling.
[04:33:36.589843] Workload is in queue for scheduling. Please wait...
[04:33:38.906787] Event Reason: FailedScheduling, Event Note: 0/13 nodes are available: pod has unbound immediate PersistentVolumeClaims. preemption: 0/13 nodes are available: 13 Preemption is not helpful for scheduling.
[04:33:38.906787] Workload is in queue for scheduling. Please wait...
[04:33:42.909086] Event Reason: FailedScheduling, Event Note: 0/13 nodes are available: pod has unbound immediate PersistentVolumeClaims. preemption: 0/13 nodes are available: 13 Preemption is not helpful for scheduling.
[04:33:42.909086] Workload is in queue for scheduling. Please wait...
[04:38:48.846597] Workload is in queue for scheduling. Please wait...
[04:38:48.846597] Event Reason: FailedScheduling, Event Note: 0/13 nodes are available: 3 Insufficient cpu, 3 Insufficient memory, 6 Insufficient nvidia.com/gpu, 7 node(s) didn't match Pod's node affinity/selector. preemption: 0/13 nodes are available: 6 No preemption victims found for incoming pod, 7 Preemption is not helpful for scheduling.
[04:43:48.851387] Workload is in queue for scheduling. Please wait...
[04:43:48.851387] Event Reason: FailedScheduling, Event Note: 0/13 nodes are available: 3 Insufficient cpu, 3 Insufficient memory, 6 Insufficient nvidia.com/gpu, 7 node(s) didn't match Pod's node affinity/selector. preemption: 0/13 nodes are available: 6 No preemption victims found for incoming pod, 7 Preemption is not helpful for scheduling.
[04:46:51.627222] Workload is in queue for scheduling. Please wait...
[04:46:51.627222] Event Reason: FailedScheduling, Event Note: 0/13 nodes are available: 3 Insufficient cpu, 3 Insufficient memory, 6 Insufficient nvidia.com/gpu, 7 node(s) didn't match Pod's node affinity/selector. preemption: 0/13 nodes are available: 6 No preemption victims found for incoming pod, 7 Preemption is not helpful for scheduling.
[04:50:25.084731] VESSL Workload assigned successfully. Starting soon.
[04:50:26.000000] Container image "quay.io/vessl-ai/kernels-toolbox:0.1.188" already present on machine
[04:50:26.000000] Created container vops-init
[04:50:26.000000] Started container vops-init
[04:50:27.000000] Started container run-sidecar
[04:50:27.000000] Creating VESSL Workload...
[04:50:27.000000] Created container vops-sidecar
[04:50:27.000000] Starting VESSL Workload...
[04:50:27.000000] Created container run-exec
[04:50:27.000000] Container image "quay.io/vessl-ai/kernels-toolbox:0.1.188" already present on machine
[04:50:27.000000] Started container run-exec
[04:50:27.000000] Started container fluentbit
[04:50:27.000000] Created container fluentbit
[04:50:27.000000] Container image "nvcr.io/nvidia/jax:24.10-py3" already present on machine
[04:50:27.000000] Container image "quay.io/vessl-ai/fluent-bit:2.1.6" already present on machine
[04:50:27.000000] Container image "quay.io/vessl-ai/sidecar:v0.0.3" already present on machine
[04:50:27.000000] Created container run-sidecar
[04:50:27.001000] Container image "nvcr.io/nvidia/jax:24.10-py3" already present on machine
[04:50:28.000000] Started container vops-sidecar
[04:50:28.038151] Installing VESSL CLI...
[04:50:28.804754] workload reported alive as pod run-execution-mklx3ie4gelt-0
[04:50:28.804854] Workload status changed to initializing
[04:50:30.005672] + set +x
[04:50:34.759925] vessl, version 0.1.199
[04:50:35.170956] workload reported alive as pod run-execution-mklx3ie4gelt-0
[04:50:35.171057] Workload status changed to running
[04:50:35.302082] + mkdir -p /root
[04:50:35.304096] + cd /root
[04:50:35.304658] + set -euo pipefail
[04:50:35.304692] + cd /root
[04:50:35.304698] + git clone https://github.com/BK3536/rfx.git
[04:50:35.306922] Cloning into 'rfx'...
[04:50:38.535087] + cd rfx
[04:50:38.535098] + pip install --quiet -e '.[all]'
[04:50:41.576050] WARNING: rfx 1807.8.6 does not provide the extra 'dashboard'
[04:50:41.576071] WARNING: rfx 1807.8.6 does not provide the extra 'dev'
[04:50:41.576188] WARNING: rfx 1807.8.6 does not provide the extra 'optimization'
[04:50:41.576195] WARNING: rfx 1807.8.6 does not provide the extra 'visualization'
[04:50:45.904666] WARNING: Running pip as the 'root' user can result in broken permissions and conflicting behaviour with the system package manager. It is recommended to use a virtual environment instead: https://pip.pypa.io/warnings/venv
[04:50:46.058108] + python -c 'import jax; print('"'"'JAX devices:'"'"', jax.devices())'
[04:50:46.519071] JAX devices: [CudaDevice(id=0)]
[04:50:46.577331] + nvidia-smi
[04:50:46.612283] Sun Apr  5 04:50:46 2026
[04:50:46.612292] +-----------------------------------------------------------------------------------------+
[04:50:46.612302] | NVIDIA-SMI 570.211.01             Driver Version: 570.211.01     CUDA Version: 12.8     |
[04:50:46.612307] |-----------------------------------------+------------------------+----------------------+
[04:50:46.612313] | GPU  Name                 Persistence-M | Bus-Id          Disp.A | Volatile Uncorr. ECC |
[04:50:46.612318] | Fan  Temp   Perf          Pwr:Usage/Cap |           Memory-Usage | GPU-Util  Compute M. |
[04:50:46.612322] |                                         |                        |               MIG M. |
[04:50:46.612326] |=========================================+========================+======================|
[04:50:46.618153] |   0  NVIDIA GeForce RTX 4090        Off |   00000000:01:00.0 Off |                  Off |
[04:50:46.618176] |  0%   50C    P8             27W /  450W |       0MiB /  24564MiB |      0%      Default |
[04:50:46.618180] |                                         |                        |                  N/A |
[04:50:46.618185] +-----------------------------------------+------------------------+----------------------+
[04:50:46.618243]
[04:50:46.618247] +-----------------------------------------------------------------------------------------+
[04:50:46.618249] | Processes:                                                                              |
[04:50:46.618251] |  GPU   GI   CI              PID   Type   Process name                        GPU Memory |
[04:50:46.618254] |        ID   ID                                                               Usage      |
[04:50:46.618257] |=========================================================================================|
[04:50:46.618553] |  No running processes found                                                             |
[04:50:46.618556] +-----------------------------------------------------------------------------------------+
[04:50:46.691292] + mkdir -p /output/ex3
[04:50:46.691936] + cp /root/workspace/bk-workspace/papers/rfx-tap/experiments/ex3_farfield_steering.py .
[04:50:46.724476] + OUTPUT_DIR=/output/ex3 python ex3_farfield_steering.py
[04:50:47.481277] Device: DeviceInfo(backend='gpu', gpu_available=True, devices=[{'id': 0, 'kind': 'NVIDIA GeForce RTX 4090', 'platform': 'gpu'}])
[04:50:47.481302]
[04:50:47.481308] === Building simulation (dx=3.00 mm, est. 207 MB) ===
[04:50:47.481312]
[04:50:47.481314] === Beam steering optimization (probe-array surrogate) ===
[04:50:47.481317] Target: steer main beam to theta~30.0 deg via near-field probe ratio
[04:50:48.256737]   optimize: n_steps=500, grid=(42, 42, 32) (0.1M cells)
[04:50:48.665165] /root/rfx/rfx/simulation.py:555: UserWarning: NTFF works best with float64 precision. Set JAX_ENABLE_X64=1 for accurate far-field results. Falling back to complex64.
[04:50:48.665181]   carry_init["ntff"] = init_ntff_data(ntff)
[04:51:06.321997]   iter    0  loss = -2.835221e+00
[04:51:06.336151] /root/rfx/rfx/simulation.py:555: UserWarning: NTFF works best with float64 precision. Set JAX_ENABLE_X64=1 for accurate far-field results. Falling back to complex64.
[04:51:06.336163]   carry_init["ntff"] = init_ntff_data(ntff)
[04:51:22.611221] /root/rfx/rfx/simulation.py:555: UserWarning: NTFF works best with float64 precision. Set JAX_ENABLE_X64=1 for accurate far-field results. Falling back to complex64.
[04:51:22.611249]   carry_init["ntff"] = init_ntff_data(ntff)
[04:51:39.125010] /root/rfx/rfx/simulation.py:555: UserWarning: NTFF works best with float64 precision. Set JAX_ENABLE_X64=1 for accurate far-field results. Falling back to complex64.
[04:51:39.125037]   carry_init["ntff"] = init_ntff_data(ntff)
[04:51:55.843619] /root/rfx/rfx/simulation.py:555: UserWarning: NTFF works best with float64 precision. Set JAX_ENABLE_X64=1 for accurate far-field results. Falling back to complex64.
[04:51:55.843641]   carry_init["ntff"] = init_ntff_data(ntff)
[04:52:12.613583] /root/rfx/rfx/simulation.py:555: UserWarning: NTFF works best with float64 precision. Set JAX_ENABLE_X64=1 for accurate far-field results. Falling back to complex64.
[04:52:12.613610]   carry_init["ntff"] = init_ntff_data(ntff)
[04:52:29.589858] /root/rfx/rfx/simulation.py:555: UserWarning: NTFF works best with float64 precision. Set JAX_ENABLE_X64=1 for accurate far-field results. Falling back to complex64.
[04:52:29.589887]   carry_init["ntff"] = init_ntff_data(ntff)
[04:52:46.538013] /root/rfx/rfx/simulation.py:555: UserWarning: NTFF works best with float64 precision. Set JAX_ENABLE_X64=1 for accurate far-field results. Falling back to complex64.
[04:52:46.538036]   carry_init["ntff"] = init_ntff_data(ntff)
[04:53:03.429249] /root/rfx/rfx/simulation.py:555: UserWarning: NTFF works best with float64 precision. Set JAX_ENABLE_X64=1 for accurate far-field results. Falling back to complex64.
[04:53:03.429276]   carry_init["ntff"] = init_ntff_data(ntff)
[04:53:20.423619] /root/rfx/rfx/simulation.py:555: UserWarning: NTFF works best with float64 precision. Set JAX_ENABLE_X64=1 for accurate far-field results. Falling back to complex64.
[04:53:20.423641]   carry_init["ntff"] = init_ntff_data(ntff)
[04:53:37.174407] /root/rfx/rfx/simulation.py:555: UserWarning: NTFF works best with float64 precision. Set JAX_ENABLE_X64=1 for accurate far-field results. Falling back to complex64.
[04:53:37.174429]   carry_init["ntff"] = init_ntff_data(ntff)
[04:53:54.144521]   iter   10  loss = -2.997116e+01
[04:53:54.166301] /root/rfx/rfx/simulation.py:555: UserWarning: NTFF works best with float64 precision. Set JAX_ENABLE_X64=1 for accurate far-field results. Falling back to complex64.
[04:53:54.166315]   carry_init["ntff"] = init_ntff_data(ntff)
[04:54:11.160038] /root/rfx/rfx/simulation.py:555: UserWarning: NTFF works best with float64 precision. Set JAX_ENABLE_X64=1 for accurate far-field results. Falling back to complex64.
[04:54:11.160060]   carry_init["ntff"] = init_ntff_data(ntff)
[04:54:28.187312] /root/rfx/rfx/simulation.py:555: UserWarning: NTFF works best with float64 precision. Set JAX_ENABLE_X64=1 for accurate far-field results. Falling back to complex64.
[04:54:28.187335]   carry_init["ntff"] = init_ntff_data(ntff)
[04:54:44.976050] /root/rfx/rfx/simulation.py:555: UserWarning: NTFF works best with float64 precision. Set JAX_ENABLE_X64=1 for accurate far-field results. Falling back to complex64.
[04:54:44.976067]   carry_init["ntff"] = init_ntff_data(ntff)
[04:55:01.950692] /root/rfx/rfx/simulation.py:555: UserWarning: NTFF works best with float64 precision. Set JAX_ENABLE_X64=1 for accurate far-field results. Falling back to complex64.
[04:55:01.950730]   carry_init["ntff"] = init_ntff_data(ntff)
[04:55:18.796016] /root/rfx/rfx/simulation.py:555: UserWarning: NTFF works best with float64 precision. Set JAX_ENABLE_X64=1 for accurate far-field results. Falling back to complex64.
[04:55:18.796039]   carry_init["ntff"] = init_ntff_data(ntff)
[04:55:35.811478] /root/rfx/rfx/simulation.py:555: UserWarning: NTFF works best with float64 precision. Set JAX_ENABLE_X64=1 for accurate far-field results. Falling back to complex64.
[04:55:35.811502]   carry_init["ntff"] = init_ntff_data(ntff)
[04:55:52.601664] /root/rfx/rfx/simulation.py:555: UserWarning: NTFF works best with float64 precision. Set JAX_ENABLE_X64=1 for accurate far-field results. Falling back to complex64.
[04:55:52.601693]   carry_init["ntff"] = init_ntff_data(ntff)
[04:56:09.680034] /root/rfx/rfx/simulation.py:555: UserWarning: NTFF works best with float64 precision. Set JAX_ENABLE_X64=1 for accurate far-field results. Falling back to complex64.
[04:56:09.680060]   carry_init["ntff"] = init_ntff_data(ntff)
[04:56:26.508610] /root/rfx/rfx/simulation.py:555: UserWarning: NTFF works best with float64 precision. Set JAX_ENABLE_X64=1 for accurate far-field results. Falling back to complex64.
[04:56:26.508634]   carry_init["ntff"] = init_ntff_data(ntff)
[04:56:43.610499]   iter   20  loss = -2.193316e+02
[04:56:43.631635] /root/rfx/rfx/simulation.py:555: UserWarning: NTFF works best with float64 precision. Set JAX_ENABLE_X64=1 for accurate far-field results. Falling back to complex64.
[04:56:43.631649]   carry_init["ntff"] = init_ntff_data(ntff)
[04:57:00.453633] /root/rfx/rfx/simulation.py:555: UserWarning: NTFF works best with float64 precision. Set JAX_ENABLE_X64=1 for accurate far-field results. Falling back to complex64.
[04:57:00.453653]   carry_init["ntff"] = init_ntff_data(ntff)
[04:57:17.622699] /root/rfx/rfx/simulation.py:555: UserWarning: NTFF works best with float64 precision. Set JAX_ENABLE_X64=1 for accurate far-field results. Falling back to complex64.
[04:57:17.622725]   carry_init["ntff"] = init_ntff_data(ntff)
[04:57:34.430923] /root/rfx/rfx/simulation.py:555: UserWarning: NTFF works best with float64 precision. Set JAX_ENABLE_X64=1 for accurate far-field results. Falling back to complex64.
[04:57:34.430949]   carry_init["ntff"] = init_ntff_data(ntff)
[04:57:51.263910] /root/rfx/rfx/simulation.py:555: UserWarning: NTFF works best with float64 precision. Set JAX_ENABLE_X64=1 for accurate far-field results. Falling back to complex64.
[04:57:51.263924]   carry_init["ntff"] = init_ntff_data(ntff)
[04:58:08.508929] /root/rfx/rfx/simulation.py:555: UserWarning: NTFF works best with float64 precision. Set JAX_ENABLE_X64=1 for accurate far-field results. Falling back to complex64.
[04:58:08.508947]   carry_init["ntff"] = init_ntff_data(ntff)
[04:58:25.323714] /root/rfx/rfx/simulation.py:555: UserWarning: NTFF works best with float64 precision. Set JAX_ENABLE_X64=1 for accurate far-field results. Falling back to complex64.
[04:58:25.323733]   carry_init["ntff"] = init_ntff_data(ntff)
[04:58:42.600548] /root/rfx/rfx/simulation.py:555: UserWarning: NTFF works best with float64 precision. Set JAX_ENABLE_X64=1 for accurate far-field results. Falling back to complex64.
[04:58:42.600565]   carry_init["ntff"] = init_ntff_data(ntff)
[04:58:59.385587] /root/rfx/rfx/simulation.py:555: UserWarning: NTFF works best with float64 precision. Set JAX_ENABLE_X64=1 for accurate far-field results. Falling back to complex64.
[04:58:59.385673]   carry_init["ntff"] = init_ntff_data(ntff)
[04:59:16.178990] /root/rfx/rfx/simulation.py:555: UserWarning: NTFF works best with float64 precision. Set JAX_ENABLE_X64=1 for accurate far-field results. Falling back to complex64.
[04:59:16.179012]   carry_init["ntff"] = init_ntff_data(ntff)
[04:59:32.930131]   iter   30  loss = -1.818495e+03
[04:59:32.949871] /root/rfx/rfx/simulation.py:555: UserWarning: NTFF works best with float64 precision. Set JAX_ENABLE_X64=1 for accurate far-field results. Falling back to complex64.
[04:59:32.949884]   carry_init["ntff"] = init_ntff_data(ntff)
[04:59:50.244749] /root/rfx/rfx/simulation.py:555: UserWarning: NTFF works best with float64 precision. Set JAX_ENABLE_X64=1 for accurate far-field results. Falling back to complex64.
[04:59:50.244763]   carry_init["ntff"] = init_ntff_data(ntff)
[05:00:07.066054] /root/rfx/rfx/simulation.py:555: UserWarning: NTFF works best with float64 precision. Set JAX_ENABLE_X64=1 for accurate far-field results. Falling back to complex64.
[05:00:07.066081]   carry_init["ntff"] = init_ntff_data(ntff)
[05:00:23.831245] /root/rfx/rfx/simulation.py:555: UserWarning: NTFF works best with float64 precision. Set JAX_ENABLE_X64=1 for accurate far-field results. Falling back to complex64.
[05:00:23.831259]   carry_init["ntff"] = init_ntff_data(ntff)
[05:00:41.247172] /root/rfx/rfx/simulation.py:555: UserWarning: NTFF works best with float64 precision. Set JAX_ENABLE_X64=1 for accurate far-field results. Falling back to complex64.
[05:00:41.247193]   carry_init["ntff"] = init_ntff_data(ntff)
[05:00:57.998398] /root/rfx/rfx/simulation.py:555: UserWarning: NTFF works best with float64 precision. Set JAX_ENABLE_X64=1 for accurate far-field results. Falling back to complex64.
[05:00:57.998418]   carry_init["ntff"] = init_ntff_data(ntff)
[05:01:14.874028] /root/rfx/rfx/simulation.py:555: UserWarning: NTFF works best with float64 precision. Set JAX_ENABLE_X64=1 for accurate far-field results. Falling back to complex64.
[05:01:14.874050]   carry_init["ntff"] = init_ntff_data(ntff)
[05:01:31.731498] /root/rfx/rfx/simulation.py:555: UserWarning: NTFF works best with float64 precision. Set JAX_ENABLE_X64=1 for accurate far-field results. Falling back to complex64.
[05:01:31.731533]   carry_init["ntff"] = init_ntff_data(ntff)
[05:01:49.270202] /root/rfx/rfx/simulation.py:555: UserWarning: NTFF works best with float64 precision. Set JAX_ENABLE_X64=1 for accurate far-field results. Falling back to complex64.
[05:01:49.270221]   carry_init["ntff"] = init_ntff_data(ntff)
[05:02:05.990680] /root/rfx/rfx/simulation.py:555: UserWarning: NTFF works best with float64 precision. Set JAX_ENABLE_X64=1 for accurate far-field results. Falling back to complex64.
[05:02:05.990696]   carry_init["ntff"] = init_ntff_data(ntff)
[05:02:22.792264]   iter   40  loss = -7.583074e+02
[05:02:22.812863] /root/rfx/rfx/simulation.py:555: UserWarning: NTFF works best with float64 precision. Set JAX_ENABLE_X64=1 for accurate far-field results. Falling back to complex64.
[05:02:22.812870]   carry_init["ntff"] = init_ntff_data(ntff)
[05:02:39.572696] /root/rfx/rfx/simulation.py:555: UserWarning: NTFF works best with float64 precision. Set JAX_ENABLE_X64=1 for accurate far-field results. Falling back to complex64.
[05:02:39.572719]   carry_init["ntff"] = init_ntff_data(ntff)
[05:02:57.147466] /root/rfx/rfx/simulation.py:555: UserWarning: NTFF works best with float64 precision. Set JAX_ENABLE_X64=1 for accurate far-field results. Falling back to complex64.
[05:02:57.147488]   carry_init["ntff"] = init_ntff_data(ntff)
[05:03:13.947959] /root/rfx/rfx/simulation.py:555: UserWarning: NTFF works best with float64 precision. Set JAX_ENABLE_X64=1 for accurate far-field results. Falling back to complex64.
[05:03:13.947984]   carry_init["ntff"] = init_ntff_data(ntff)
[05:03:30.887468] /root/rfx/rfx/simulation.py:555: UserWarning: NTFF works best with float64 precision. Set JAX_ENABLE_X64=1 for accurate far-field results. Falling back to complex64.
[05:03:30.887486]   carry_init["ntff"] = init_ntff_data(ntff)
[05:03:47.823377] /root/rfx/rfx/simulation.py:555: UserWarning: NTFF works best with float64 precision. Set JAX_ENABLE_X64=1 for accurate far-field results. Falling back to complex64.
[05:03:47.823401]   carry_init["ntff"] = init_ntff_data(ntff)
[05:04:04.631559] /root/rfx/rfx/simulation.py:555: UserWarning: NTFF works best with float64 precision. Set JAX_ENABLE_X64=1 for accurate far-field results. Falling back to complex64.
[05:04:04.631581]   carry_init["ntff"] = init_ntff_data(ntff)
[05:04:22.295021] /root/rfx/rfx/simulation.py:555: UserWarning: NTFF works best with float64 precision. Set JAX_ENABLE_X64=1 for accurate far-field results. Falling back to complex64.
[05:04:22.295038]   carry_init["ntff"] = init_ntff_data(ntff)
[05:04:39.043686] /root/rfx/rfx/simulation.py:555: UserWarning: NTFF works best with float64 precision. Set JAX_ENABLE_X64=1 for accurate far-field results. Falling back to complex64.
[05:04:39.043712]   carry_init["ntff"] = init_ntff_data(ntff)
[05:04:56.099388] /root/rfx/rfx/simulation.py:555: UserWarning: NTFF works best with float64 precision. Set JAX_ENABLE_X64=1 for accurate far-field results. Falling back to complex64.
[05:04:56.099413]   carry_init["ntff"] = init_ntff_data(ntff)
[05:05:12.873573]   iter   50  loss = -3.937649e+03
[05:05:12.895712] /root/rfx/rfx/simulation.py:555: UserWarning: NTFF works best with float64 precision. Set JAX_ENABLE_X64=1 for accurate far-field results. Falling back to complex64.
[05:05:12.895719]   carry_init["ntff"] = init_ntff_data(ntff)
[05:05:29.667514] /root/rfx/rfx/simulation.py:555: UserWarning: NTFF works best with float64 precision. Set JAX_ENABLE_X64=1 for accurate far-field results. Falling back to complex64.
[05:05:29.667546]   carry_init["ntff"] = init_ntff_data(ntff)
[05:05:47.343500] /root/rfx/rfx/simulation.py:555: UserWarning: NTFF works best with float64 precision. Set JAX_ENABLE_X64=1 for accurate far-field results. Falling back to complex64.
[05:05:47.343521]   carry_init["ntff"] = init_ntff_data(ntff)
[05:06:04.201927] /root/rfx/rfx/simulation.py:555: UserWarning: NTFF works best with float64 precision. Set JAX_ENABLE_X64=1 for accurate far-field results. Falling back to complex64.
[05:06:04.201953]   carry_init["ntff"] = init_ntff_data(ntff)
[05:06:21.044604] /root/rfx/rfx/simulation.py:555: UserWarning: NTFF works best with float64 precision. Set JAX_ENABLE_X64=1 for accurate far-field results. Falling back to complex64.
[05:06:21.044626]   carry_init["ntff"] = init_ntff_data(ntff)
[05:06:37.812843] /root/rfx/rfx/simulation.py:555: UserWarning: NTFF works best with float64 precision. Set JAX_ENABLE_X64=1 for accurate far-field results. Falling back to complex64.
[05:06:37.812865]   carry_init["ntff"] = init_ntff_data(ntff)
[05:06:54.707381] /root/rfx/rfx/simulation.py:555: UserWarning: NTFF works best with float64 precision. Set JAX_ENABLE_X64=1 for accurate far-field results. Falling back to complex64.
[05:06:54.707404]   carry_init["ntff"] = init_ntff_data(ntff)
[05:07:11.517500] /root/rfx/rfx/simulation.py:555: UserWarning: NTFF works best with float64 precision. Set JAX_ENABLE_X64=1 for accurate far-field results. Falling back to complex64.
[05:07:11.517525]   carry_init["ntff"] = init_ntff_data(ntff)
[05:07:29.334181] /root/rfx/rfx/simulation.py:555: UserWarning: NTFF works best with float64 precision. Set JAX_ENABLE_X64=1 for accurate far-field results. Falling back to complex64.
[05:07:29.334209]   carry_init["ntff"] = init_ntff_data(ntff)
[05:07:46.132094] /root/rfx/rfx/simulation.py:555: UserWarning: NTFF works best with float64 precision. Set JAX_ENABLE_X64=1 for accurate far-field results. Falling back to complex64.
[05:07:46.132119]   carry_init["ntff"] = init_ntff_data(ntff)
[05:08:02.898008]   iter   60  loss = -3.558383e+03
[05:08:02.919971] /root/rfx/rfx/simulation.py:555: UserWarning: NTFF works best with float64 precision. Set JAX_ENABLE_X64=1 for accurate far-field results. Falling back to complex64.
[05:08:02.919994]   carry_init["ntff"] = init_ntff_data(ntff)
[05:08:19.778041] /root/rfx/rfx/simulation.py:555: UserWarning: NTFF works best with float64 precision. Set JAX_ENABLE_X64=1 for accurate far-field results. Falling back to complex64.
[05:08:19.778066]   carry_init["ntff"] = init_ntff_data(ntff)
[05:08:36.586572] /root/rfx/rfx/simulation.py:555: UserWarning: NTFF works best with float64 precision. Set JAX_ENABLE_X64=1 for accurate far-field results. Falling back to complex64.
[05:08:36.586592]   carry_init["ntff"] = init_ntff_data(ntff)
[05:08:53.461227] /root/rfx/rfx/simulation.py:555: UserWarning: NTFF works best with float64 precision. Set JAX_ENABLE_X64=1 for accurate far-field results. Falling back to complex64.
[05:08:53.461246]   carry_init["ntff"] = init_ntff_data(ntff)
[05:09:11.408835] /root/rfx/rfx/simulation.py:555: UserWarning: NTFF works best with float64 precision. Set JAX_ENABLE_X64=1 for accurate far-field results. Falling back to complex64.
[05:09:11.408863]   carry_init["ntff"] = init_ntff_data(ntff)
[05:09:28.401658] /root/rfx/rfx/simulation.py:555: UserWarning: NTFF works best with float64 precision. Set JAX_ENABLE_X64=1 for accurate far-field results. Falling back to complex64.
[05:09:28.401683]   carry_init["ntff"] = init_ntff_data(ntff)
[05:09:45.154320] /root/rfx/rfx/simulation.py:555: UserWarning: NTFF works best with float64 precision. Set JAX_ENABLE_X64=1 for accurate far-field results. Falling back to complex64.
[05:09:45.154341]   carry_init["ntff"] = init_ntff_data(ntff)
[05:10:02.037615] /root/rfx/rfx/simulation.py:555: UserWarning: NTFF works best with float64 precision. Set JAX_ENABLE_X64=1 for accurate far-field results. Falling back to complex64.
[05:10:02.037639]   carry_init["ntff"] = init_ntff_data(ntff)
[05:10:18.832461] /root/rfx/rfx/simulation.py:555: UserWarning: NTFF works best with float64 precision. Set JAX_ENABLE_X64=1 for accurate far-field results. Falling back to complex64.
[05:10:18.832485]   carry_init["ntff"] = init_ntff_data(ntff)
[05:10:35.619320] /root/rfx/rfx/simulation.py:555: UserWarning: NTFF works best with float64 precision. Set JAX_ENABLE_X64=1 for accurate far-field results. Falling back to complex64.
[05:10:35.619343]   carry_init["ntff"] = init_ntff_data(ntff)
[05:10:52.433493]   iter   70  loss = -4.600076e+03
[05:10:52.456410] /root/rfx/rfx/simulation.py:555: UserWarning: NTFF works best with float64 precision. Set JAX_ENABLE_X64=1 for accurate far-field results. Falling back to complex64.
[05:10:52.456418]   carry_init["ntff"] = init_ntff_data(ntff)
[05:11:10.514205] /root/rfx/rfx/simulation.py:555: UserWarning: NTFF works best with float64 precision. Set JAX_ENABLE_X64=1 for accurate far-field results. Falling back to complex64.
[05:11:10.514227]   carry_init["ntff"] = init_ntff_data(ntff)
[05:11:27.354284] /root/rfx/rfx/simulation.py:555: UserWarning: NTFF works best with float64 precision. Set JAX_ENABLE_X64=1 for accurate far-field results. Falling back to complex64.
[05:11:27.354304]   carry_init["ntff"] = init_ntff_data(ntff)
[05:11:44.216403] /root/rfx/rfx/simulation.py:555: UserWarning: NTFF works best with float64 precision. Set JAX_ENABLE_X64=1 for accurate far-field results. Falling back to complex64.
[05:11:44.216421]   carry_init["ntff"] = init_ntff_data(ntff)
[05:12:01.042888] /root/rfx/rfx/simulation.py:555: UserWarning: NTFF works best with float64 precision. Set JAX_ENABLE_X64=1 for accurate far-field results. Falling back to complex64.
[05:12:01.042913]   carry_init["ntff"] = init_ntff_data(ntff)
[05:12:17.891651] /root/rfx/rfx/simulation.py:555: UserWarning: NTFF works best with float64 precision. Set JAX_ENABLE_X64=1 for accurate far-field results. Falling back to complex64.
[05:12:17.891676]   carry_init["ntff"] = init_ntff_data(ntff)
[05:12:34.718565] /root/rfx/rfx/simulation.py:555: UserWarning: NTFF works best with float64 precision. Set JAX_ENABLE_X64=1 for accurate far-field results. Falling back to complex64.
[05:12:34.718592]   carry_init["ntff"] = init_ntff_data(ntff)
[05:12:51.604930] /root/rfx/rfx/simulation.py:555: UserWarning: NTFF works best with float64 precision. Set JAX_ENABLE_X64=1 for accurate far-field results. Falling back to complex64.
[05:12:51.604949]   carry_init["ntff"] = init_ntff_data(ntff)
[05:13:09.867733] /root/rfx/rfx/simulation.py:555: UserWarning: NTFF works best with float64 precision. Set JAX_ENABLE_X64=1 for accurate far-field results. Falling back to complex64.
[05:13:09.867758]   carry_init["ntff"] = init_ntff_data(ntff)
[05:13:26.653058]   iter   79  loss = -9.075386e+02
[05:13:26.692651]
[05:13:26.692675] Optimization complete: 1359.2s
[05:13:26.692677]
[05:13:26.692678] === Computing final radiation patterns (full angular scan) ===
[05:13:26.962463] /root/rfx/rfx/simulation.py:555: UserWarning: NTFF works best with float64 precision. Set JAX_ENABLE_X64=1 for accurate far-field results. Falling back to complex64.
[05:13:26.962474]   carry_init["ntff"] = init_ntff_data(ntff)
[05:14:03.947901]
[05:14:03.947915] === Running initial (no-parasitic) simulation for comparison ===
[05:14:03.956143] /root/rfx/rfx/simulation.py:555: UserWarning: NTFF works best with float64 precision. Set JAX_ENABLE_X64=1 for accurate far-field results. Falling back to complex64.
[05:14:03.956145]   carry_init["ntff"] = init_ntff_data(ntff)
[05:14:40.931215]
[05:14:40.931236] Metrics:
[05:14:40.931239] {
[05:14:40.931242]   "experiment": "ex3_farfield_steering",
[05:14:40.931245]   "device": "DeviceInfo(backend='gpu', gpu_available=True, devices=[{'id': 0, 'kind': 'NVIDIA GeForce RTX 4090', 'platform': 'gpu'}])",
[05:14:40.931248]   "target_theta_deg": 30.0,
[05:14:40.931249]   "peak_theta_deg": 97.0,
[05:14:40.931251]   "steering_error_deg": 67.0,
[05:14:40.931252]   "peak_gain_dBi": 4.748438902187792,
[05:14:40.931254]   "hpbw_deg": 95.42989529972404,
[05:14:40.931256]   "n_iterations": 80,
[05:14:40.931257]   "optimization_time_s": 1359.2,
[05:14:40.931258]   "initial_loss": -2.8352208137512207,
[05:14:40.931260]   "final_loss": -907.5386352539062,
[05:14:40.931262]   "beta_schedule": [
[05:14:40.931263]     [
[05:14:40.931264]       0,
[05:14:40.931266]       1
[05:14:40.931267]     ],
[05:14:40.931269]     [
[05:14:40.931270]       20,
[05:14:40.931272]       4
[05:14:40.931273]     ],
[05:14:40.931274]     [
[05:14:40.931276]       40,
[05:14:40.931277]       16
[05:14:40.931279]     ],
[05:14:40.931280]     [
[05:14:40.931282]       60,
[05:14:40.931283]       64
[05:14:40.931284]     ]
[05:14:40.931286]   ],
[05:14:40.931287]   "dx_mm": 3.0
[05:14:40.931289] }
[05:14:41.024026] Saved: /output/ex3/convergence.png
[05:14:41.183732] Saved: /output/ex3/pattern_comparison.png
[05:14:41.330719] Saved: /output/ex3/parasitic_layout.png
[05:14:41.331334]
[05:14:41.331349] All results saved to /output/ex3/
[05:14:47.905229] [done] ex3 farfield
[05:14:47.905236] + echo '[done] ex3 farfield'
[05:14:47.935108] workload reported done
[05:14:47.935208] Workload status changed to stopping
[05:14:59.516918] + set +x
[05:15:04.559067] workload reported done
[05:15:04.559167] Workload status changed to waitToBeKilled
[05:15:06.000000] Stopping container run-sidecar
[05:15:06.000000] Stopping container run-exec
[05:15:06.000000] Terminating VESSL Workload...
[05:15:06.000000] Stopping container ttyd-sidecar
[05:15:06.000000] Stopping container fluentbit
[05:15:06.135894] workload completed
[05:15:06.135994] Workload status changed to completed
