Organization: remilab
Project: byungkwan
[14:11:54.876303] workload awaiting to start
[14:11:54.876403] Workload status changed to pending
[14:11:59.944293] Event Reason: FailedScheduling, Event Note: 0/13 nodes are available: pod has unbound immediate PersistentVolumeClaims. preemption: 0/13 nodes are available: 13 Preemption is not helpful for scheduling.
[14:11:59.944293] Workload is in queue for scheduling. Please wait...
[14:12:09.448015] Event Reason: FailedScheduling, Event Note: 0/13 nodes are available: pod has unbound immediate PersistentVolumeClaims. preemption: 0/13 nodes are available: 13 Preemption is not helpful for scheduling.
[14:12:09.448015] Workload is in queue for scheduling. Please wait...
[14:12:12.030395] VESSL Workload assigned successfully. Starting soon.
[14:12:13.000000] Pulling image "nvcr.io/nvidia/jax:24.10-py3"
[14:12:13.000000] Container image "quay.io/vessl-ai/kernels-toolbox:0.1.188" already present on machine
[14:12:13.000000] Created container vops-init
[14:12:13.000000] Started container vops-init
[14:12:13.001000] Pulling image "nvcr.io/nvidia/jax:24.10-py3"
[14:14:30.000000] Creating VESSL Workload...
[14:14:30.000000] Created container ttyd-sidecar
[14:14:30.000000] Starting VESSL Workload...
[14:14:30.000000] Created container run-exec
[14:14:30.000000] Container image "quay.io/vessl-ai/kernels-toolbox:0.1.188" already present on machine
[14:14:30.000000] Started container run-exec
[14:14:30.000000] Started container fluentbit
[14:14:30.000000] Started container ttyd-sidecar
[14:14:30.000000] Container image "quay.io/vessl-ai/sidecar:v0.0.3" already present on machine
[14:14:30.000000] Successfully pulled image "nvcr.io/nvidia/jax:24.10-py3" in 2m16.952s (2m16.952s including waiting)
[14:14:30.000000] Created container run-sidecar
[14:14:30.001000] Successfully pulled image "nvcr.io/nvidia/jax:24.10-py3" in 2m16.952s (2m16.952s including waiting)
[14:14:30.994451] Installing VESSL CLI...
[14:14:37.611565] workload reported alive as pod run-execution-k93y7679ofn6-0
[14:14:37.611665] Workload status changed to initializing
[14:14:38.792577] + set +x
[14:14:46.783005] vessl, version 0.1.199
[14:14:48.910937] workload reported alive as pod run-execution-k93y7679ofn6-0
[14:14:48.911037] Workload status changed to running
[14:14:49.125328] + mkdir -p /root
[14:14:49.126531] + cd /root
[14:14:49.126738] + set -euo pipefail
[14:14:49.126746] + cd /root
[14:14:49.126753] + git clone https://github.com/BK3536/rfx.git
[14:14:49.128018] Cloning into 'rfx'...
[14:14:50.901955] + cd rfx
[14:14:50.901978] + pip install --quiet -e '.[all]'
[14:14:54.120605] WARNING: rfx 1807.8.6 does not provide the extra 'dashboard'
[14:14:54.120650] WARNING: rfx 1807.8.6 does not provide the extra 'dev'
[14:14:54.120705] WARNING: rfx 1807.8.6 does not provide the extra 'optimization'
[14:14:54.120952] WARNING: rfx 1807.8.6 does not provide the extra 'visualization'
[14:14:59.106165] WARNING: Running pip as the 'root' user can result in broken permissions and conflicting behaviour with the system package manager. It is recommended to use a virtual environment instead: https://pip.pypa.io/warnings/venv
[14:14:59.470213] + python -c 'import jax; print('"'"'JAX devices:'"'"', jax.devices())'
[14:14:59.828187] JAX devices: [CudaDevice(id=0)]
[14:14:59.912271] + nvidia-smi
[14:14:59.942770] Sat Apr  4 14:14:59 2026
[14:14:59.942795] +-----------------------------------------------------------------------------------------+
[14:14:59.942803] | NVIDIA-SMI 570.211.01             Driver Version: 570.211.01     CUDA Version: 12.8     |
[14:14:59.942807] |-----------------------------------------+------------------------+----------------------+
[14:14:59.942811] | GPU  Name                 Persistence-M | Bus-Id          Disp.A | Volatile Uncorr. ECC |
[14:14:59.942816] | Fan  Temp   Perf          Pwr:Usage/Cap |           Memory-Usage | GPU-Util  Compute M. |
[14:14:59.942821] |                                         |                        |               MIG M. |
[14:14:59.942825] |=========================================+========================+======================|
[14:14:59.947285] |   0  NVIDIA GeForce RTX 4090        Off |   00000000:01:00.0 Off |                  Off |
[14:14:59.947299] |  0%   34C    P8              8W /  450W |       0MiB /  24564MiB |      0%      Default |
[14:14:59.947304] |                                         |                        |                  N/A |
[14:14:59.947308] +-----------------------------------------+------------------------+----------------------+
[14:14:59.947461]
[14:14:59.947471] +-----------------------------------------------------------------------------------------+
[14:14:59.947476] | Processes:                                                                              |
[14:14:59.947480] |  GPU   GI   CI              PID   Type   Process name                        GPU Memory |
[14:14:59.947484] |        ID   ID                                                               Usage      |
[14:14:59.947488] |=========================================================================================|
[14:14:59.947685] |  No running processes found                                                             |
[14:14:59.947693] +-----------------------------------------------------------------------------------------+
[14:15:00.013884] + mkdir -p /output/ex3
[14:15:00.015475] + cp /root/workspace/bk-workspace/papers/rfx-tap/experiments/ex3_farfield_shaping.py .
[14:15:00.051691] + OUTPUT_DIR=/output/ex3 python ex3_farfield_shaping.py
[14:15:00.723064] Device: DeviceInfo(backend='gpu', gpu_available=True, devices=[{'id': 0, 'kind': 'NVIDIA GeForce RTX 4090', 'platform': 'gpu'}])
[14:15:00.723135] Traceback (most recent call last):
[14:15:00.723148]   File "/root/rfx/ex3_farfield_shaping.py", line 79, in <module>
[14:15:00.723181]     ntff = sim.add_ntff_box(
[14:15:00.723186] TypeError: Simulation.add_ntff_box() got an unexpected keyword argument 'margin'
[14:15:00.896215] workload reported done
[14:15:00.896315] Workload status changed to stopping
[14:15:13.150742] workload reported done
[14:15:13.150842] Workload status changed to waitToBeKilled
[14:15:15.000000] Stopping container vops-sidecar
[14:15:15.000000] Stopping container run-sidecar
[14:15:15.000000] Stopping container run-exec
[14:15:15.000000] Terminating VESSL Workload...
[14:15:15.000000] Stopping container ttyd-sidecar
[14:15:15.000000] Stopping container fluentbit
[14:15:15.076111] workload failed
[14:15:15.076211] Workload status changed to failed
