Organization: remilab
Project: byungkwan
[18:25:31.481148] workload awaiting to start
[18:25:31.481249] Workload status changed to pending
[18:25:35.927270] Event Reason: FailedScheduling, Event Note: 0/13 nodes are available: pod has unbound immediate PersistentVolumeClaims. preemption: 0/13 nodes are available: 13 Preemption is not helpful for scheduling.
[18:25:35.927270] Workload is in queue for scheduling. Please wait...
[18:25:49.277519] VESSL Workload assigned successfully. Starting soon.
[18:25:50.000000] Container image "quay.io/vessl-ai/kernels-toolbox:0.1.188" already present on machine
[18:25:50.000000] Created container vops-init
[18:25:50.000000] Started container vops-init
[18:25:51.000000] Started container run-sidecar
[18:25:51.000000] Creating VESSL Workload...
[18:25:51.000000] Created container ttyd-sidecar
[18:25:51.000000] Starting VESSL Workload...
[18:25:51.000000] Created container run-exec
[18:25:51.000000] Container image "quay.io/vessl-ai/kernels-toolbox:0.1.188" already present on machine
[18:25:51.000000] Started container fluentbit
[18:25:51.000000] Created container fluentbit
[18:25:51.000000] Container image "nvcr.io/nvidia/jax:24.10-py3" already present on machine
[18:25:51.000000] Started container ttyd-sidecar
[18:25:51.000000] Container image "quay.io/vessl-ai/fluent-bit:2.1.6" already present on machine
[18:25:51.001000] Container image "nvcr.io/nvidia/jax:24.10-py3" already present on machine
[18:25:52.006694] Installing VESSL CLI...
[18:25:52.574337] workload reported alive as pod run-execution-xrm3rsd8qk84-0
[18:25:52.574437] Workload status changed to initializing
[18:25:53.645115] + set +x
[18:25:56.535973] vessl, version 0.1.199
[18:25:58.797188] workload reported alive as pod run-execution-xrm3rsd8qk84-0
[18:25:58.797288] Workload status changed to running
[18:25:58.971393] + mkdir -p /root
[18:25:58.973350] + cd /root
[18:25:58.973838] + cd /root/workspace/byungkwan-workspace/research/rfx
[18:25:58.996849] + git config --global --add safe.directory /root/workspace/byungkwan-workspace/research/rfx
[18:25:59.040118] + git pull --ff-only origin main
[18:26:00.414617] From https://github.com/BK3536/rfx
[18:26:00.414662]  * branch            main       -> FETCH_HEAD
[18:26:00.547221] Already up to date.
[18:26:00.548111] + pip install -q -e '.[dev]'
[18:26:08.957790] WARNING: Running pip as the 'root' user can result in broken permissions and conflicting behaviour with the system package manager. It is recommended to use a virtual environment instead: https://pip.pypa.io/warnings/venv
[18:26:09.117579] + echo '=== 01: OpenEMS WR42 Waveguide ==='
[18:26:09.117579] === 01: OpenEMS WR42 Waveguide ===
[18:26:09.117614] + python examples/crossval/01_openems_waveguide.py
[18:26:10.112162] ============================================================
[18:26:10.112205] Cross-Validation: OpenEMS Rectangular Waveguide (WR42)
[18:26:10.112213] ============================================================
[18:26:10.112219] WR42: 10.668 x 4.318 mm, length 50 mm
[18:26:10.112224] TE10 cutoff: 14.05 GHz
[18:26:10.112232] Sweep: 20 - 26 GHz (51 pts)
[18:26:10.112237]
[18:26:10.244584] Running waveguide S-matrix...
[18:26:13.775676] S21 mean: 1.0000 (-0.0 dB)
[18:26:13.775697] S11 mean: 0.1354 (-18.4 dB)
[18:26:13.775699]
[18:26:13.775702] Validation:
[18:26:13.775704]   |S21| > 0.9: PASS
[18:26:13.775706]   |S11| < 0.15: PASS
[18:26:13.960414]
[18:26:13.969337] Plot saved: /root/workspace/byungkwan-workspace/research/rfx/examples/crossval/01_openems_waveguide.png
[18:26:14.109593] + echo '=== 02: OpenEMS PEC Sphere RCS ==='
[18:26:14.109597] === 02: OpenEMS PEC Sphere RCS ===
[18:26:14.109620] + python examples/crossval/02_openems_rcs_sphere.py
[18:26:14.910198] ============================================================
[18:26:14.910236] Cross-Validation: OpenEMS PEC Sphere RCS
[18:26:14.910242] ============================================================
[18:26:14.910249] Sphere radius: 200 mm
[18:26:14.910255] Geometric RCS: 0.1257 m² (-9.0 dBsm)
[18:26:14.910261] Frequency: 0 - 1000 MHz
[18:26:14.910265]
[18:26:14.910425] Grid: 157x157x157 = 3.9M cells
[18:26:14.910433] Steps: 787
[18:26:20.272551]
[18:26:20.272580] Far-field computed at 9 frequencies
[18:26:20.272582] Max far-field power: 5.9807e-20
[18:26:20.272583] PASS: Far-field extraction working
[18:26:20.338930] Plot saved: /root/workspace/byungkwan-workspace/research/rfx/examples/crossval/02_openems_rcs_sphere.png
[18:26:20.475267] === 03: Meep Waveguide Bend ===
[18:26:20.475268] + echo '=== 03: Meep Waveguide Bend ==='
[18:26:20.475288] + python examples/crossval/03_meep_waveguide_bend.py
[18:26:20.986807] ============================================================
[18:26:20.987057] Cross-Validation: Meep Waveguide Bend Transmittance
[18:26:20.987154] ============================================================
[18:26:20.987229] Waveguide: eps=12.0, width=1.0mm
[18:26:20.987302] Cell: 16x16mm
[18:26:20.987367] Frequency: 45.0 GHz, BW=30.0 GHz
[18:26:20.987423]
[18:26:20.987555] Grid: 177x177x1, steps=42826
[18:26:20.987737] /root/workspace/byungkwan-workspace/research/rfx/examples/crossval/03_meep_waveguide_bend.py:93: UserWarning: 'waveguide' z-extent 0.10mm = 1.0 cells — under-resolved (< 3 cells). Consider finer mesh for accurate results.
[18:26:20.987742]   result = sim.run(n_steps=n_steps)
[18:26:26.483238] Mean transmittance in band: 0.713
[18:26:26.692297] Plot saved: /root/workspace/byungkwan-workspace/research/rfx/examples/crossval/03_meep_waveguide_bend.png
[18:26:26.827534] + echo '=== 04: Meep Mie Sphere ==='
[18:26:26.827534] === 04: Meep Mie Sphere ===
[18:26:26.827561] + python examples/crossval/04_meep_mie_sphere.py
[18:26:27.470961] ============================================================
[18:26:27.471015] Cross-Validation: Meep Mie Scattering (Dielectric Sphere)
[18:26:27.471023] ============================================================
[18:26:27.471027] Sphere: n=2.0, radius=10mm
[18:26:27.471032] Frequency: 30.0 GHz, BW=12.0 GHz
[18:26:27.471036] ka at center: 6.28
[18:26:27.471053] Grid: 29x29x29, steps=525
[18:26:28.801479] Simulation complete — peak |Ez| = 1.0216e+00
[18:26:28.801506] PASS: TFSF+sphere simulation ran successfully
[18:26:28.902836] Plot saved: /root/workspace/byungkwan-workspace/research/rfx/examples/crossval/04_meep_mie_sphere.png
[18:26:29.023186] + echo '=== 05: Fresnel TFSF ==='
[18:26:29.023198] === 05: Fresnel TFSF ===
[18:26:29.023208] + python examples/crossval/05_meep_fresnel.py
[18:26:29.498724] ============================================================
[18:26:29.498965] Cross-Validation: Fresnel Reflectance (TFSF)
[18:26:29.499049] ============================================================
[18:26:29.499123] Interface: air / n=3.5 (eps_r=12.25)
[18:26:29.499204] Analytical R = 0.3086 (-5.1 dB)
[18:26:29.499255]
[18:26:29.685704] Grid: 621x27x27, steps=2000
[18:27:00.938639]
[18:27:00.938664] Numerical |R| (mean 3-7 GHz): 0.5766
[18:27:00.938667] Analytical |R|: 0.5556
[18:27:00.938669] Error: 86.8%
[18:27:00.938671] FAIL: 86.8% error
[18:27:01.146223] Plot saved: /root/workspace/byungkwan-workspace/research/rfx/examples/crossval/05_meep_fresnel.png
[18:27:01.280407] + echo '=== 06: Straight Waveguide ==='
[18:27:01.280408] === 06: Straight Waveguide ===
[18:27:01.280433] + python examples/crossval/06_straight_waveguide.py
[18:27:02.120246] ============================================================
[18:27:02.120273] Cross-Validation: Straight Dielectric Waveguide (Meep)
[18:27:02.120276] ============================================================
[18:27:02.120278] Waveguide: eps=12.0, width=1.0mm
[18:27:02.120280] Cell: 16x8mm
[18:27:02.120282] Source: 45.0 GHz, BW=30.0 GHz
[18:27:02.120284]
[18:27:02.120305] Grid: 177x97x1, steps=12848
[18:27:02.120559] /root/workspace/byungkwan-workspace/research/rfx/examples/crossval/06_straight_waveguide.py:71: UserWarning: 'waveguide' z-extent 0.10mm = 1.0 cells — under-resolved (< 3 cells). Consider finer mesh for accurate results.
[18:27:02.120573]   result = sim.run(n_steps=n_steps)
[18:27:04.566922]
[18:27:04.566940] Core energy: 2.3563e-05
[18:27:04.566942] Cladding energy: 5.7145e-07
[18:27:04.566943] Confinement ratio: 0.9763
[18:27:04.566944] PASS: >90% energy confined in core
[18:27:04.699299] Plot saved: /root/workspace/byungkwan-workspace/research/rfx/examples/crossval/06_straight_waveguide.png
[18:27:04.839757] === 07: Lorentz Dispersive ===
[18:27:04.839757] + echo '=== 07: Lorentz Dispersive ==='
[18:27:04.839779] + python examples/crossval/07_dispersive_lorentz.py
[18:27:05.285264] ============================================================
[18:27:05.285326] Cross-Validation: Lorentz Dispersive Material
[18:27:05.285353] ============================================================
[18:27:05.285385] eps_inf = 2.25, De = 1.0
[18:27:05.285419] Resonance: 10.0 GHz, damping: 1.0 GHz
[18:27:05.285431]
[18:27:05.285493] Traceback (most recent call last):
[18:27:05.285509]   File "/root/workspace/byungkwan-workspace/research/rfx/examples/crossval/07_dispersive_lorentz.py", line 47, in <module>
[18:27:05.285614]     lorentz_poles=[LorentzPole(
[18:27:05.285675] TypeError: LorentzPole.__new__() got an unexpected keyword argument 'delta_eps'
[18:27:05.407393] + echo 'FAILED: 07'
[18:27:05.407393] FAILED: 07
[18:27:05.407415] + echo '=== ALL 7 CROSSVAL DONE ==='
[18:27:05.407422] === ALL 7 CROSSVAL DONE ===
[18:27:05.434308] workload reported done
[18:27:05.434408] Workload status changed to stopping
[18:27:10.987269] + set +x
[18:27:16.027144] workload reported done
[18:27:16.027244] Workload status changed to waitToBeKilled
[18:27:18.000000] Stopping container vops-sidecar
[18:27:18.000000] Stopping container run-sidecar
[18:27:18.000000] Stopping container run-exec
[18:27:18.000000] Terminating VESSL Workload...
[18:27:18.000000] Stopping container ttyd-sidecar
[18:27:18.000000] Stopping container fluentbit
[18:27:18.127681] workload completed
[18:27:18.127782] Workload status changed to completed
