Organization: remilab
Project: byungkwan
[18:41:29.943005] workload awaiting to start
[18:41:29.943105] Workload status changed to pending
[18:41:35.958679] VESSL Workload assigned successfully. Starting soon.
[18:41:37.000000] Created container run-exec
[18:41:37.000000] Container image "quay.io/vessl-ai/kernels-toolbox:0.1.188" already present on machine
[18:41:37.000000] Created container vops-init
[18:41:37.000000] Started container vops-init
[18:41:37.000000] Container image "nvcr.io/nvidia/jax:24.04-py3" already present on machine
[18:41:37.001000] Container image "nvcr.io/nvidia/jax:24.04-py3" already present on machine
[18:41:38.000000] Started container run-sidecar
[18:41:38.000000] Started container fluentbit
[18:41:38.000000] Container image "quay.io/vessl-ai/fluent-bit:2.1.6" already present on machine
[18:41:38.000000] Container image "quay.io/vessl-ai/sidecar:v0.0.3" already present on machine
[18:41:38.749494] Installing VESSL CLI...
[18:41:39.304447] workload reported alive as pod run-execution-h5b0zc6sh9c3-0
[18:41:40.434988] + set +x
[18:41:43.700792] vessl, version 0.1.199
[18:41:45.532526] workload reported alive as pod run-execution-h5b0zc6sh9c3-0
[18:41:45.532627] Workload status changed to running
[18:41:45.663030] + mkdir -p /root
[18:41:45.664875] + cd /root
[18:41:45.665289] + cd /root/workspace/byungkwan-workspace/research/rfx
[18:41:45.692719] === issue13 compiler probe ===
[18:41:45.692739] + echo '=== issue13 compiler probe ==='
[18:41:45.692745] + pip install -q -e .
[18:41:53.212977] WARNING: Running pip as the 'root' user can result in broken permissions and conflicting behaviour with the system package manager. It is recommended to use a virtual environment instead: https://pip.pypa.io/warnings/venv
[18:41:53.313713] + python -c 'import jax; print('"'"'backend:'"'"', jax.default_backend()); print('"'"'devices:'"'"', jax.devices())'
[18:41:53.904858] backend: gpu
[18:41:53.904881] devices: [cuda(id=0)]
[18:41:53.959378] + python scripts/issue13_gpu_compiler_probe.py
[18:41:58.141049] {
[18:41:58.141078]   "backend": "gpu",
[18:41:58.141081]   "compiled_stats": null,
[18:41:58.141085]   "reason": "The current backend reports zero compile-time memory usage from memory_analysis(), so budget enforcement is unavailable."
[18:41:58.141087] }
[18:41:58.265156] workload reported done
[18:41:58.265256] Workload status changed to stopping
[18:42:09.672919] + set +x
[18:42:14.670940] workload reported done
[18:42:14.671040] Workload status changed to waitToBeKilled
[18:42:18.000000] Stopping container vops-sidecar
[18:42:18.000000] Stopping container run-sidecar
[18:42:18.000000] Stopping container run-exec
[18:42:18.000000] Terminating VESSL Workload...
[18:42:18.000000] Stopping container ttyd-sidecar
[18:42:18.146014] workload completed
[18:42:18.146114] Workload status changed to completed
