Organization: remilab
Project: byungkwan
[04:35:59.879345] workload awaiting to start
[04:35:59.879445] Workload status changed to pending
[04:36:05.955286] Event Reason: FailedScheduling, Event Note: 0/13 nodes are available: pod has unbound immediate PersistentVolumeClaims. preemption: 0/13 nodes are available: 13 Preemption is not helpful for scheduling.
[04:36:05.955286] Workload is in queue for scheduling. Please wait...
[04:36:18.067635] Event Reason: FailedScheduling, Event Note: 0/13 nodes are available: pod has unbound immediate PersistentVolumeClaims. preemption: 0/13 nodes are available: 13 Preemption is not helpful for scheduling.
[04:36:18.067635] Workload is in queue for scheduling. Please wait...
[04:36:20.256637] VESSL Workload assigned successfully. Starting soon.
[04:36:21.000000] Creating VESSL Workload...
[04:36:21.000000] Created container run-exec
[04:36:21.000000] Container image "quay.io/vessl-ai/kernels-toolbox:0.1.188" already present on machine
[04:36:21.000000] Created container vops-init
[04:36:21.000000] Started container vops-init
[04:36:21.000000] Container image "nvcr.io/nvidia/jax:24.04-py3" already present on machine
[04:36:21.001000] Container image "nvcr.io/nvidia/jax:24.04-py3" already present on machine
[04:36:22.000000] Started container run-sidecar
[04:36:22.000000] Created container vops-sidecar
[04:36:22.000000] Created container ttyd-sidecar
[04:36:22.000000] Starting VESSL Workload...
[04:36:22.000000] Started container vops-sidecar
[04:36:22.000000] Container image "quay.io/vessl-ai/kernels-toolbox:0.1.188" already present on machine
[04:36:22.000000] Started container run-exec
[04:36:22.000000] Started container fluentbit
[04:36:22.000000] Started container ttyd-sidecar
[04:36:22.000000] Container image "quay.io/vessl-ai/fluent-bit:2.1.6" already present on machine
[04:36:22.000000] Container image "quay.io/vessl-ai/sidecar:v0.0.3" already present on machine
[04:36:22.596561] Installing VESSL CLI...
[04:36:23.295082] workload reported alive as pod run-execution-2tn0yg5xqfqf-0
[04:36:23.295182] Workload status changed to initializing
[04:36:24.530127] + set +x
[04:36:27.592729] vessl, version 0.1.199
[04:36:29.691836] workload reported alive as pod run-execution-2tn0yg5xqfqf-0
[04:36:29.691936] Workload status changed to running
[04:36:30.001801] + mkdir -p /root
[04:36:30.003893] + cd /root
[04:36:30.004552] + cd /root/workspace/byungkwan-workspace/research/rfx
[04:36:30.021786] + pip install -q -e .
[04:36:35.174491] WARNING: Running pip as the 'root' user can result in broken permissions and conflicting behaviour with the system package manager. It is recommended to use a virtual environment instead: https://pip.pypa.io/warnings/venv
[04:36:35.256106] + python -c 'import jax; print(f'"'"'Backend: {jax.default_backend()}'"'"')'
[04:36:35.862787] Backend: gpu
[04:36:35.912767] + echo '=== Non-uniform fine lateral dx=0.25mm + raw source ==='
[04:36:35.912781] === Non-uniform fine lateral dx=0.25mm + raw source ===
[04:36:35.912783] + python examples/26_nonuniform_fine.py
[04:36:37.246553] dx=0.25mm, dz_sub=0.4mm, dz_air=0.5mm
[04:36:37.246570] Grid: (392, 426, 90), cells=15.0M
[04:36:37.246574] h snapped: 1.600mm
[04:36:37.557446] n_steps=18729, T_sim=10.0ns
[04:36:37.557462] Running...
[04:37:23.339564] Done: 45.8s (6148 Mcells/s)
[04:45:52.602884]
[04:45:52.603582] BP Harminv: 2.0380 GHz, err=15.08%, Q=2
[04:45:52.827717] workload reported done
[04:45:52.827817] Workload status changed to stopping
[04:45:59.003516] + set +x
[04:46:04.035329] workload reported done
[04:46:04.035429] Workload status changed to waitToBeKilled
[04:46:06.000000] Stopping container vops-sidecar
[04:46:06.000000] Stopping container run-sidecar
[04:46:06.000000] Stopping container run-exec
[04:46:06.000000] Terminating VESSL Workload...
[04:46:06.042521] workload completed
[04:46:06.042621] Workload status changed to completed
