Organization: remilab
Project: byungkwan
[02:12:13.493888] workload awaiting to start
[02:12:13.493988] Workload status changed to pending
[02:12:17.916753] Event Reason: FailedScheduling, Event Note: 0/13 nodes are available: pod has unbound immediate PersistentVolumeClaims. preemption: 0/13 nodes are available: 13 Preemption is not helpful for scheduling.
[02:12:17.916753] Workload is in queue for scheduling. Please wait...
[02:12:25.243821] VESSL Workload assigned successfully. Starting soon.
[02:12:26.000000] Creating VESSL Workload...
[02:12:26.000000] Created container run-exec
[02:12:26.000000] Container image "quay.io/vessl-ai/kernels-toolbox:0.1.188" already present on machine
[02:12:26.000000] Created container vops-init
[02:12:26.000000] Container image "nvcr.io/nvidia/jax:24.10-py3" already present on machine
[02:12:26.000000] Started container vops-init
[02:12:26.001000] Container image "nvcr.io/nvidia/jax:24.10-py3" already present on machine
[02:12:27.000000] Started container run-sidecar
[02:12:27.000000] Created container vops-sidecar
[02:12:27.000000] Created container ttyd-sidecar
[02:12:27.000000] Started container vops-sidecar
[02:12:27.000000] Container image "quay.io/vessl-ai/kernels-toolbox:0.1.188" already present on machine
[02:12:27.000000] Started container run-exec
[02:12:27.000000] Started container ttyd-sidecar
[02:12:27.000000] Container image "quay.io/vessl-ai/fluent-bit:2.1.6" already present on machine
[02:12:27.000000] Created container run-sidecar
[02:12:27.821781] Installing VESSL CLI...
[02:12:28.663300] workload reported alive as pod run-execution-6mis99fccnwl-0
[02:12:28.663400] Workload status changed to initializing
[02:12:29.829054] + set +x
[02:12:33.999038] vessl, version 0.1.199
[02:12:34.942864] workload reported alive as pod run-execution-6mis99fccnwl-0
[02:12:34.942964] Workload status changed to running
[02:12:35.228337] + mkdir -p /root
[02:12:35.230204] + cd /root
[02:12:35.230538] + set -euo pipefail
[02:12:35.230552] + cd /root
[02:12:35.230566] + git clone https://github.com/bk-squared/rfx.git
[02:12:35.232563] Cloning into 'rfx'...
[02:12:37.728028] + cd rfx
[02:12:37.728053] + pip install --quiet -e '.[all]'
[02:12:41.670256] WARNING: rfx 1807.8.6 does not provide the extra 'dashboard'
[02:12:41.670286] WARNING: rfx 1807.8.6 does not provide the extra 'dev'
[02:12:41.670290] WARNING: rfx 1807.8.6 does not provide the extra 'optimization'
[02:12:41.670294] WARNING: rfx 1807.8.6 does not provide the extra 'visualization'
[02:12:46.880256] WARNING: Running pip as the 'root' user can result in broken permissions and conflicting behaviour with the system package manager. It is recommended to use a virtual environment instead: https://pip.pypa.io/warnings/venv
[02:12:47.119332] + pip install --quiet scipy
[02:12:47.793665] + python -c 'import jax; print('"'"'JAX:'"'"', jax.devices()); import rfx; print('"'"'rfx'"'"', rfx.__version__)'
[02:12:48.213847] JAX: [CudaDevice(id=0)]
[02:12:48.705632] rfx 1.4.0
[02:12:48.812659] + mkdir -p /output/ex3
[02:12:48.813988] + cp /root/workspace/bk-workspace/papers/rfx-tap/experiments/ex3_flagship.py .
[02:12:48.826055] + OUTPUT_DIR=/output/ex3 python ex3_flagship.py
[02:12:49.563307] Device: DeviceInfo(backend='gpu', gpu_available=True, devices=[{'id': 0, 'kind': 'NVIDIA GeForce RTX 4090', 'platform': 'gpu'}])
[02:12:49.563335] WR-90: 22.9x10.2mm, f0=10GHz
[02:12:49.563341] dx=2.0mm, domain=80x80x80mm
[02:12:49.563345] N_STEPS: full=3148, opt=800
[02:12:49.563377] Design region: 23x10x10mm plug at aperture
[02:12:49.563382] eps range: 1.0 - 12.0
[02:12:49.563385]
[02:12:49.563389] === NTFF sanity check ===
[02:12:49.563572] /root/rfx/ex3_flagship.py:199: UserWarning: 'pec' y-extent 2.00mm = 1.0 cells — under-resolved (< 3 cells). Consider finer mesh for accurate results.
[02:12:49.563576]   result_check = sim.run(n_steps=N_STEPS_FULL)
[02:12:49.563593] /root/rfx/ex3_flagship.py:199: UserWarning: 'pec' x-extent 2.00mm = 1.0 cells — below 1 cell resolution. Use add_thin_conductor() for sub-cell PEC sheet.
[02:12:49.563610]   result_check = sim.run(n_steps=N_STEPS_FULL)
[02:12:49.563618] /root/rfx/ex3_flagship.py:199: UserWarning: 'pec' x-extent 2.00mm = 1.0 cells — under-resolved (< 3 cells). Consider finer mesh for accurate results.
[02:12:49.563622]   result_check = sim.run(n_steps=N_STEPS_FULL)
[02:12:49.563626] /root/rfx/ex3_flagship.py:199: UserWarning: 'pec' z-extent 2.00mm = 1.0 cells — under-resolved (< 3 cells). Consider finer mesh for accurate results.
[02:12:49.563629]   result_check = sim.run(n_steps=N_STEPS_FULL)
[02:12:56.623032]   Peak theta=56deg, D=7.49 (8.7 dBi)
[02:12:56.623062]
[02:12:56.623069] === Multi-objective directivity optimization (Adam) ===
[02:12:56.897254]   optimize: n_steps=800, grid=(57, 57, 57) (0.2M cells)
[02:13:21.930857] workload reported done
[02:13:21.930958] Workload status changed to stopping
[02:13:35.241913] workload reported done
[02:13:35.242013] Workload status changed to waitToBeKilled
[02:13:36.000000] Stopping container vops-sidecar
[02:13:36.000000] Stopping container run-exec
[02:13:36.000000] Terminating VESSL Workload...
[02:13:36.000000] Stopping container ttyd-sidecar
[02:13:36.157336] workload failed
[02:13:36.157436] Workload status changed to failed
