Organization: remilab
Project: byungkwan
[11:49:26.324836] workload awaiting to start
[11:49:26.324936] Workload status changed to pending
[11:49:29.988219] VESSL Workload assigned successfully. Starting soon.
[11:49:31.000000] Container image "quay.io/vessl-ai/kernels-toolbox:0.1.188" already present on machine
[11:49:31.000000] Created container vops-init
[11:49:31.000000] Started container vops-init
[11:49:31.000000] Container image "nvcr.io/nvidia/jax:24.04-py3" already present on machine
[11:49:31.001000] Container image "nvcr.io/nvidia/jax:24.04-py3" already present on machine
[11:49:32.000000] Creating VESSL Workload...
[11:49:32.000000] Created container vops-sidecar
[11:49:32.000000] Created container ttyd-sidecar
[11:49:32.000000] Started container vops-sidecar
[11:49:32.000000] Created container run-exec
[11:49:32.000000] Container image "quay.io/vessl-ai/kernels-toolbox:0.1.188" already present on machine
[11:49:32.000000] Started container fluentbit
[11:49:32.000000] Started container ttyd-sidecar
[11:49:32.000000] Container image "quay.io/vessl-ai/fluent-bit:2.1.6" already present on machine
[11:49:32.000000] Container image "quay.io/vessl-ai/sidecar:v0.0.3" already present on machine
[11:49:32.000000] Created container run-sidecar
[11:49:32.857321] Installing VESSL CLI...
[11:49:33.362546] workload reported alive as pod run-execution-q4c4qx8dqerh-0
[11:49:33.362646] Workload status changed to initializing
[11:49:34.459023] + set +x
[11:49:37.372498] vessl, version 0.1.199
[11:49:39.592715] workload reported alive as pod run-execution-q4c4qx8dqerh-0
[11:49:39.592815] Workload status changed to running
[11:49:40.010634] + mkdir -p /root
[11:49:40.012543] + cd /root
[11:49:40.013048] + cd /root/workspace/byungkwan-workspace/research/rfx
[11:49:40.028838] + pip install -q -e .
[11:50:06.179126] WARNING: Running pip as the 'root' user can result in broken permissions and conflicting behaviour with the system package manager. It is recommended to use a virtual environment instead: https://pip.pypa.io/warnings/venv
[11:50:06.258828] + python -c 'import jax; print(f'"'"'Backend: {jax.default_backend()}'"'"')'
[11:50:06.956873] Backend: gpu
[11:50:07.021599] + python examples/17_volume_comp.py
[11:50:08.083395] Grid: (393, 427, 157), cells=26.3M
[11:50:08.591475] Source amp=8.0x, h/dx=6
[11:50:49.191517]   step 1000/5000 | 25/s | max|Ez|=nan
[11:51:28.621917]   step 2000/5000 | 25/s | max|Ez|=nan
[11:52:08.052301]   step 3000/5000 | 25/s | max|Ez|=nan
[11:52:47.494857]   step 4000/5000 | 25/s | max|Ez|=nan
[11:53:26.896431] Done in 198s
[11:53:26.896464] Ring-down: std=nan, peak=nan
[11:53:27.003959] After HP: std=nan
[11:53:27.045433] Traceback (most recent call last):
[11:53:27.045533]   File "/root/workspace/byungkwan-workspace/research/rfx/examples/17_volume_comp.py", line 93, in <module>
[11:53:27.052214]     modes=harminv(w_hp[:3000],grid.dt,1.5e9,3.5e9)
[11:53:27.052226]   File "/root/workspace/byungkwan-workspace/research/rfx/rfx/harminv.py", line 88, in harminv
[11:53:27.060802]     U, sv, Vh = np.linalg.svd(Y0, full_matrices=False)
[11:53:27.060813]   File "/usr/local/lib/python3.10/dist-packages/numpy/linalg/linalg.py", line 1681, in svd
[11:53:27.060820]     u, s, vh = gufunc(a, signature=signature, extobj=extobj)
[11:53:27.060823]   File "/usr/local/lib/python3.10/dist-packages/numpy/linalg/linalg.py", line 121, in _raise_linalgerror_svd_nonconvergence
[11:53:27.060835]     raise LinAlgError("SVD did not converge")
[11:53:27.060838] numpy.linalg.LinAlgError: SVD did not converge
[11:53:27.238779] workload reported done
[11:53:27.238879] Workload status changed to stopping
[11:53:40.075307] workload reported done
[11:53:40.075407] Workload status changed to waitToBeKilled
[11:53:42.000000] Stopping container vops-sidecar
[11:53:42.000000] Stopping container run-sidecar
[11:53:42.000000] Stopping container run-exec
[11:53:42.000000] Terminating VESSL Workload...
[11:53:42.000000] Stopping container ttyd-sidecar
[11:53:42.138830] workload failed
[11:53:42.138930] Workload status changed to failed
