Organization: remilab
Project: byungkwan
[12:06:29.923469] workload awaiting to start
[12:06:29.923569] Workload status changed to pending
[12:06:35.969647] Event Reason: FailedScheduling, Event Note: 0/13 nodes are available: pod has unbound immediate PersistentVolumeClaims. preemption: 0/13 nodes are available: 13 Preemption is not helpful for scheduling.
[12:06:35.969647] Workload is in queue for scheduling. Please wait...
[12:06:44.991623] VESSL Workload assigned successfully. Starting soon.
[12:06:46.000000] Creating VESSL Workload...
[12:06:46.000000] Starting VESSL Workload...
[12:06:46.000000] Created container run-exec
[12:06:46.000000] Container image "quay.io/vessl-ai/kernels-toolbox:0.1.188" already present on machine
[12:06:46.000000] Started container run-exec
[12:06:46.000000] Created container vops-init
[12:06:46.000000] Started container vops-init
[12:06:46.000000] Container image "quay.io/vessl-ai/sidecar:v0.0.3" already present on machine
[12:06:46.000000] Container image "nvcr.io/nvidia/jax:24.04-py3" already present on machine
[12:06:46.001000] Container image "nvcr.io/nvidia/jax:24.04-py3" already present on machine
[12:06:47.000000] Started container run-sidecar
[12:06:47.000000] Created container vops-sidecar
[12:06:47.000000] Created container ttyd-sidecar
[12:06:47.000000] Started container vops-sidecar
[12:06:47.000000] Container image "quay.io/vessl-ai/kernels-toolbox:0.1.188" already present on machine
[12:06:47.000000] Started container ttyd-sidecar
[12:06:47.000000] Container image "quay.io/vessl-ai/fluent-bit:2.1.6" already present on machine
[12:06:47.437443] Installing VESSL CLI...
[12:06:48.090428] workload reported alive as pod run-execution-fjefxkk3uul3-0
[12:06:48.090528] Workload status changed to initializing
[12:06:49.237942] + set +x
[12:06:52.116194] vessl, version 0.1.199
[12:06:54.399598] workload reported alive as pod run-execution-fjefxkk3uul3-0
[12:06:54.399698] Workload status changed to running
[12:06:54.759271] + mkdir -p /root
[12:06:54.761281] + cd /root
[12:06:54.762014] + cd /root/workspace/byungkwan-workspace/research/rfx
[12:06:54.792758] + pip install -q -e .
[12:07:00.413468] WARNING: Running pip as the 'root' user can result in broken permissions and conflicting behaviour with the system package manager. It is recommended to use a virtual environment instead: https://pip.pypa.io/warnings/venv
[12:07:00.492700] + python -c 'import jax; print(f'"'"'Backend: {jax.default_backend()}'"'"')'
[12:07:01.129101] Backend: gpu
[12:07:01.202380] + python examples/17_volume_comp.py
[12:07:02.328201] Grid: (393, 427, 157), cells=26.3M
[12:07:02.899609] Source amp=1.0 (bandpass filter for cavity mode extraction), h/dx=6
[12:07:43.519623]   step 1000/5000 | 25/s | max|Ez|=nan
[12:08:23.024323]   step 2000/5000 | 25/s | max|Ez|=nan
[12:09:02.491410]   step 3000/5000 | 25/s | max|Ez|=nan
[12:09:41.951171]   step 4000/5000 | 25/s | max|Ez|=nan
[12:10:21.387982] Done in 198s
[12:10:21.388003] Ring-down: std=nan, peak=nan
[12:10:21.495937] After bandpass: std=nan
[12:10:21.536392] Traceback (most recent call last):
[12:10:21.536409]   File "/root/workspace/byungkwan-workspace/research/rfx/examples/17_volume_comp.py", line 92, in <module>
[12:10:21.541990]     modes=harminv(w_hp[:3000],grid.dt,1.5e9,3.5e9)
[12:10:21.541997]   File "/root/workspace/byungkwan-workspace/research/rfx/rfx/harminv.py", line 88, in harminv
[12:10:21.552202]     U, sv, Vh = np.linalg.svd(Y0, full_matrices=False)
[12:10:21.552209]   File "/usr/local/lib/python3.10/dist-packages/numpy/linalg/linalg.py", line 1681, in svd
[12:10:21.552338]     u, s, vh = gufunc(a, signature=signature, extobj=extobj)
[12:10:21.552344]   File "/usr/local/lib/python3.10/dist-packages/numpy/linalg/linalg.py", line 121, in _raise_linalgerror_svd_nonconvergence
[12:10:21.552346] numpy.linalg.LinAlgError: SVD did not converge
[12:10:21.552346]     raise LinAlgError("SVD did not converge")
[12:10:21.728447] workload reported done
[12:10:21.728547] Workload status changed to stopping
[12:10:30.807262] workload reported done
[12:10:30.807362] Workload status changed to waitToBeKilled
[12:10:33.000000] Stopping container vops-sidecar
[12:10:33.000000] Stopping container run-exec
[12:10:33.000000] Terminating VESSL Workload...
[12:10:33.000000] Stopping container ttyd-sidecar
[12:10:33.000000] Stopping container fluentbit
[12:10:33.142688] workload failed
[12:10:33.142788] Workload status changed to failed
