Organization: remilab
Project: byungkwan
[14:17:01.835581] workload awaiting to start
[14:17:01.835681] Workload status changed to pending
[14:17:20.913617] Event Reason: FailedScheduling, Event Note: 0/13 nodes are available: pod has unbound immediate PersistentVolumeClaims. preemption: 0/13 nodes are available: 13 Preemption is not helpful for scheduling.
[14:17:20.913617] Workload is in queue for scheduling. Please wait...
[14:17:24.477459] Event Reason: FailedScheduling, Event Note: 0/13 nodes are available: pod has unbound immediate PersistentVolumeClaims. preemption: 0/13 nodes are available: 13 Preemption is not helpful for scheduling.
[14:17:24.477459] Workload is in queue for scheduling. Please wait...
[14:17:27.219730] VESSL Workload assigned successfully. Starting soon.
[14:17:28.000000] Creating VESSL Workload...
[14:17:28.000000] Created container run-exec
[14:17:28.000000] Container image "quay.io/vessl-ai/kernels-toolbox:0.1.188" already present on machine
[14:17:28.000000] Created container vops-init
[14:17:28.000000] Container image "nvcr.io/nvidia/jax:24.10-py3" already present on machine
[14:17:28.000000] Started container vops-init
[14:17:28.001000] Container image "nvcr.io/nvidia/jax:24.10-py3" already present on machine
[14:17:29.000000] Created container vops-sidecar
[14:17:29.000000] Created container ttyd-sidecar
[14:17:29.000000] Started container vops-sidecar
[14:17:29.000000] Container image "quay.io/vessl-ai/kernels-toolbox:0.1.188" already present on machine
[14:17:29.000000] Started container run-exec
[14:17:29.000000] Created container fluentbit
[14:17:29.000000] Started container ttyd-sidecar
[14:17:29.000000] Container image "quay.io/vessl-ai/sidecar:v0.0.3" already present on machine
[14:17:29.641965] Installing VESSL CLI...
[14:17:36.237949] workload reported alive as pod run-execution-0a9dffsxova4-0
[14:17:36.238049] Workload status changed to initializing
[14:17:37.333330] + set +x
[14:18:06.572774] vessl, version 0.1.199
[14:18:07.472523] workload reported alive as pod run-execution-0a9dffsxova4-0
[14:18:07.472624] Workload status changed to running
[14:18:07.655320] + mkdir -p /root
[14:18:07.656581] + cd /root
[14:18:07.656842] + set -euo pipefail
[14:18:07.656852] + cd /root
[14:18:07.656858] + git clone https://github.com/BK3536/rfx.git
[14:18:07.657746] Cloning into 'rfx'...
[14:18:16.746588] + cd rfx
[14:18:16.746614] + pip install --quiet -e '.[all]'
[14:18:20.634108] WARNING: rfx 1807.8.6 does not provide the extra 'dashboard'
[14:18:20.634145] WARNING: rfx 1807.8.6 does not provide the extra 'dev'
[14:18:20.634154] WARNING: rfx 1807.8.6 does not provide the extra 'optimization'
[14:18:20.634161] WARNING: rfx 1807.8.6 does not provide the extra 'visualization'
[14:18:27.759741] WARNING: Running pip as the 'root' user can result in broken permissions and conflicting behaviour with the system package manager. It is recommended to use a virtual environment instead: https://pip.pypa.io/warnings/venv
[14:18:28.113722] + python -c 'import jax; print('"'"'JAX devices:'"'"', jax.devices())'
[14:18:28.477574] JAX devices: [CudaDevice(id=0)]
[14:18:28.557910] + nvidia-smi
[14:18:28.591213] Sat Apr  4 14:18:28 2026
[14:18:28.591253] +-----------------------------------------------------------------------------------------+
[14:18:28.591264] | NVIDIA-SMI 570.211.01             Driver Version: 570.211.01     CUDA Version: 12.8     |
[14:18:28.591272] |-----------------------------------------+------------------------+----------------------+
[14:18:28.591279] | GPU  Name                 Persistence-M | Bus-Id          Disp.A | Volatile Uncorr. ECC |
[14:18:28.591286] | Fan  Temp   Perf          Pwr:Usage/Cap |           Memory-Usage | GPU-Util  Compute M. |
[14:18:28.591293] |                                         |                        |               MIG M. |
[14:18:28.591300] |=========================================+========================+======================|
[14:18:28.595059] |   0  NVIDIA GeForce RTX 4090        Off |   00000000:01:00.0 Off |                  Off |
[14:18:28.595073] |  0%   34C    P8              9W /  450W |       0MiB /  24564MiB |      0%      Default |
[14:18:28.595077] |                                         |                        |                  N/A |
[14:18:28.595081] +-----------------------------------------+------------------------+----------------------+
[14:18:28.595122]
[14:18:28.595129] +-----------------------------------------------------------------------------------------+
[14:18:28.595133] | Processes:                                                                              |
[14:18:28.595136] |  GPU   GI   CI              PID   Type   Process name                        GPU Memory |
[14:18:28.595140] |        ID   ID                                                               Usage      |
[14:18:28.595144] |=========================================================================================|
[14:18:28.595349] |  No running processes found                                                             |
[14:18:28.595364] +-----------------------------------------------------------------------------------------+
[14:18:28.662634] + mkdir -p /output/ex1
[14:18:28.664889] + cp /root/workspace/bk-workspace/papers/rfx-tap/experiments/ex1_patch_s11.py .
[14:18:28.694273] + OUTPUT_DIR=/output/ex1 python ex1_patch_s11.py
[14:18:29.376140] Device: DeviceInfo(backend='gpu', gpu_available=True, devices=[{'id': 0, 'kind': 'NVIDIA GeForce RTX 4090', 'platform': 'gpu'}])
[14:18:29.376169] SimConfig (accuracy='draft'):
[14:18:29.376176]   dx = 3.000 mm (25 cells/λ_min)
[14:18:29.376181]   domain = 149.9 × 149.9 × 91.5 mm
[14:18:29.376186]   cpml = 40 layers (120.0 mm)
[14:18:29.376191]   n_steps = 6739 (8.7 ns)
[14:18:29.376195]   freq = 1.00 – 4.00 GHz
[14:18:29.376200]   source = j_source (CPML boundary: J-source with Cb/dV normalization (Meep convention))
[14:18:29.376205]   dz = 0.400 – 2.998 mm (19 cells, non-uniform)
[14:18:29.376208]   WARNINGS:
[14:18:29.376212]     - Non-uniform z mesh enabled: 19 cells, dz=0.400–2.998 mm
[14:18:29.376216]
[14:18:29.376220] === Gradient-based optimization (Adam) ===
[14:18:32.851666] 2026-04-04 14:18:32.851511: W external/xla/xla/service/hlo_rematerialization.cc:3005] Can't reduce memory use below -42.21GiB (-45324683038 bytes) by rematerialization; only reduced to 82.51GiB (88596261537 bytes), down from 82.51GiB (88596437757 bytes) originally
[14:18:53.948947] 2026-04-04 14:18:53.948795: W external/xla/xla/tsl/framework/bfc_allocator.cc:497] Allocator (GPU_0_bfc) ran out of memory trying to allocate 6.26GiB (rounded to 6727112192)requested by op
[14:18:53.949126] 2026-04-04 14:18:53.949026: W external/xla/xla/tsl/framework/bfc_allocator.cc:508] *************************************************************************___________________________
[14:18:53.949251] E0404 14:18:53.949151     402 pjrt_stream_executor_client.cc:3067] Execution of replica 0 failed: RESOURCE_EXHAUSTED: Out of memory while trying to allocate 6727112000 bytes.
[14:18:53.955992] jax.errors.SimplifiedTraceback: For simplicity, JAX has removed its internal frames from the traceback of the following exception. Set JAX_TRACEBACK_FILTERING=off to include these.
[14:18:53.956010]
[14:18:53.956018] The above exception was the direct cause of the following exception:
[14:18:53.956024]
[14:18:53.956029] Traceback (most recent call last):
[14:18:53.956035]   File "/root/rfx/ex1_patch_s11.py", line 100, in <module>
[14:18:53.956046]     opt = optimize(
[14:18:53.956052]   File "/root/rfx/rfx/optimize.py", line 176, in optimize
[14:18:53.956061]     loss, grad = grad_fn(latent)
[14:18:53.956068]   File "/root/rfx/rfx/optimize.py", line 162, in forward
[14:18:53.956091]     result = _run(
[14:18:53.956098]   File "/root/rfx/rfx/simulation.py", line 813, in run
[14:18:53.956256]     final_carry, outputs = jax.lax.scan(body, carry_init, xs)
[14:18:53.956272] jaxlib.xla_extension.XlaRuntimeError: RESOURCE_EXHAUSTED: Out of memory while trying to allocate 6727112000 bytes.
[14:18:54.433681] workload reported done
[14:18:54.433781] Workload status changed to stopping
[14:19:07.702480] workload reported done
[14:19:07.702580] Workload status changed to waitToBeKilled
[14:19:09.000000] Stopping container vops-sidecar
[14:19:09.000000] Stopping container run-sidecar
[14:19:09.000000] Stopping container run-exec
[14:19:09.000000] Terminating VESSL Workload...
[14:19:09.000000] Stopping container ttyd-sidecar
[14:19:09.000000] Stopping container fluentbit
[14:19:09.028503] workload failed
[14:19:09.028603] Workload status changed to failed
