Organization: remilab
Project: byungkwan
[06:58:45.888343] workload awaiting to start
[06:58:45.888443] Workload status changed to pending
[06:58:50.931869] Event Reason: FailedScheduling, Event Note: 0/13 nodes are available: pod has unbound immediate PersistentVolumeClaims. preemption: 0/13 nodes are available: 13 Preemption is not helpful for scheduling.
[06:58:50.931869] Workload is in queue for scheduling. Please wait...
[06:59:02.000000] Container image "quay.io/vessl-ai/kernels-toolbox:0.1.188" already present on machine
[06:59:02.000000] Created container vops-init
[06:59:02.120872] VESSL Workload assigned successfully. Starting soon.
[06:59:03.000000] Creating VESSL Workload...
[06:59:03.000000] Created container run-exec
[06:59:03.000000] Container image "nvcr.io/nvidia/jax:24.10-py3" already present on machine
[06:59:03.000000] Started container vops-init
[06:59:03.001000] Container image "nvcr.io/nvidia/jax:24.10-py3" already present on machine
[06:59:04.000000] Created container vops-sidecar
[06:59:04.000000] Starting VESSL Workload...
[06:59:04.000000] Started container vops-sidecar
[06:59:04.000000] Container image "quay.io/vessl-ai/kernels-toolbox:0.1.188" already present on machine
[06:59:04.000000] Started container run-exec
[06:59:04.000000] Container image "quay.io/vessl-ai/sidecar:v0.0.3" already present on machine
[06:59:04.000000] Created container run-sidecar
[06:59:04.547270] Installing VESSL CLI...
[06:59:05.354449] workload reported alive as pod run-execution-70o68f27fzsd-0
[06:59:05.354549] Workload status changed to initializing
[06:59:06.614435] + set +x
[06:59:09.609671] vessl, version 0.1.199
[06:59:11.701328] workload reported alive as pod run-execution-70o68f27fzsd-0
[06:59:11.701428] Workload status changed to running
[06:59:11.886806] + mkdir -p /root
[06:59:11.888786] + cd /root
[06:59:11.889419] + set -euo pipefail
[06:59:11.889448] + cd /root
[06:59:11.889455] + git clone https://github.com/bk-squared/rfx.git
[06:59:11.891704] Cloning into 'rfx'...
[06:59:13.931378] + cd rfx
[06:59:13.931392] + pip install --quiet -e '.[all]'
[06:59:17.285007] WARNING: rfx 1807.8.6 does not provide the extra 'dashboard'
[06:59:17.285058] WARNING: rfx 1807.8.6 does not provide the extra 'dev'
[06:59:17.285180] WARNING: rfx 1807.8.6 does not provide the extra 'optimization'
[06:59:17.285186] WARNING: rfx 1807.8.6 does not provide the extra 'visualization'
[06:59:22.660850] WARNING: Running pip as the 'root' user can result in broken permissions and conflicting behaviour with the system package manager. It is recommended to use a virtual environment instead: https://pip.pypa.io/warnings/venv
[06:59:22.870274] + python -c 'import jax; print('"'"'JAX devices:'"'"', jax.devices())'
[06:59:23.141331] JAX devices: [CudaDevice(id=0)]
[06:59:23.188909] + cp /root/workspace/bk-workspace/papers/rfx-tap/experiments/ntff_diagnostic.py .
[06:59:23.217341] + python ntff_diagnostic.py
[06:59:23.833044] Device: DeviceInfo(backend='gpu', gpu_available=True, devices=[{'id': 0, 'kind': 'NVIDIA GeForce RTX 4090', 'platform': 'gpu'}])
[06:59:23.833069] Grid: dx=3.0mm, domain=90mm, margin=33mm
[06:59:23.833071] NTFF box: (33,33,33) to (57,57,57) mm
[06:59:27.434094]
[06:59:27.434116] ntff_data is None: False
[06:59:27.434119] ntff_box is None: False
[06:59:27.464770] max|ntff_data.x_lo| = 2.792428e-13
[06:59:27.466948]   theta=  0 deg: P = 4.530466e-35
[06:59:27.466961]   theta= 29 deg: P = 2.518007e-30
[06:59:27.466963]   theta= 59 deg: P = 7.676064e-30
[06:59:27.466964]   theta= 90 deg: P = 1.026404e-29
[06:59:27.466966]   theta=119 deg: P = 7.803149e-30
[06:59:27.466967]   theta=150 deg: P = 2.650416e-30
[06:59:27.466969]   theta=180 deg: P = 5.829232e-34
[06:59:27.467079] Traceback (most recent call last):
[06:59:27.467089]   File "/root/rfx/ntff_diagnostic.py", line 59, in <module>
[06:59:27.467093]     print(f"\nDirectivity = {D:.2f} ({10*np.log10(max(D, 1e-30)):.1f} dBi)")
[06:59:27.467094] TypeError: unsupported format string passed to numpy.ndarray.__format__
[06:59:27.664929] workload reported done
[06:59:27.665030] Workload status changed to stopping
[06:59:35.873148] workload reported done
[06:59:35.873248] Workload status changed to waitToBeKilled
[06:59:39.000000] Stopping container run-exec
[06:59:39.000000] Terminating VESSL Workload...
[06:59:39.085523] workload failed
[06:59:39.085624] Workload status changed to failed
