Organization: remilab
Project: byungkwan
[16:56:05.281525] workload awaiting to start
[16:56:05.281625] Workload status changed to pending
[16:56:14.004973] Event Reason: FailedScheduling, Event Note: 0/13 nodes are available: pod has unbound immediate PersistentVolumeClaims. preemption: 0/13 nodes are available: 13 Preemption is not helpful for scheduling.
[16:56:14.004973] Workload is in queue for scheduling. Please wait...
[16:56:23.511048] VESSL Workload assigned successfully. Starting soon.
[16:56:24.000000] Container image "quay.io/vessl-ai/kernels-toolbox:0.1.188" already present on machine
[16:56:24.000000] Created container vops-init
[16:56:24.000000] Started container vops-init
[16:56:25.000000] Creating VESSL Workload...
[16:56:25.000000] Created container run-exec
[16:56:25.000000] Container image "quay.io/vessl-ai/kernels-toolbox:0.1.188" already present on machine
[16:56:25.000000] Started container run-exec
[16:56:25.000000] Created container fluentbit
[16:56:25.000000] Container image "nvcr.io/nvidia/jax:24.10-py3" already present on machine
[16:56:25.000000] Container image "quay.io/vessl-ai/fluent-bit:2.1.6" already present on machine
[16:56:25.000000] Created container run-sidecar
[16:56:25.001000] Container image "nvcr.io/nvidia/jax:24.10-py3" already present on machine
[16:56:26.000000] Created container vops-sidecar
[16:56:26.000000] Started container vops-sidecar
[16:56:26.108707] Installing VESSL CLI...
[16:56:26.635029] workload reported alive as pod run-execution-r1ybhg9bhm50-0
[16:56:27.817421] + set +x
[16:56:30.040615] vessl, version 0.1.199
[16:56:32.962469] workload reported alive as pod run-execution-r1ybhg9bhm50-0
[16:56:32.962569] Workload status changed to running
[16:56:33.392812] + mkdir -p /root
[16:56:33.394690] + cd /root
[16:56:33.395374] + set -euo pipefail
[16:56:33.395380] + cd /root
[16:56:33.395386] + git clone https://github.com/bk-squared/rfx.git
[16:56:33.397822] Cloning into 'rfx'...
[16:56:35.498386] + cd rfx
[16:56:35.498401] + pip install --quiet -e '.[all]'
[16:56:37.986821] WARNING: rfx 1807.8.6 does not provide the extra 'dashboard'
[16:56:37.986842] WARNING: rfx 1807.8.6 does not provide the extra 'dev'
[16:56:37.986996] WARNING: rfx 1807.8.6 does not provide the extra 'optimization'
[16:56:37.987002] WARNING: rfx 1807.8.6 does not provide the extra 'visualization'
[16:56:41.755826] WARNING: Running pip as the 'root' user can result in broken permissions and conflicting behaviour with the system package manager. It is recommended to use a virtual environment instead: https://pip.pypa.io/warnings/venv
[16:56:41.906544] + python -c 'import jax; print('"'"'JAX devices:'"'"', jax.devices()); import rfx; print('"'"'rfx'"'"', rfx.__version__)'
[16:56:42.286592] JAX devices: [CudaDevice(id=0)]
[16:56:42.602321] rfx 1.4.0
[16:56:42.763168] + nvidia-smi
[16:56:42.773430] Tue Apr  7 16:56:42 2026
[16:56:42.773434] +-----------------------------------------------------------------------------------------+
[16:56:42.773438] | NVIDIA-SMI 570.211.01             Driver Version: 570.211.01     CUDA Version: 12.8     |
[16:56:42.773440] |-----------------------------------------+------------------------+----------------------+
[16:56:42.773442] | GPU  Name                 Persistence-M | Bus-Id          Disp.A | Volatile Uncorr. ECC |
[16:56:42.773443] | Fan  Temp   Perf          Pwr:Usage/Cap |           Memory-Usage | GPU-Util  Compute M. |
[16:56:42.773444] |                                         |                        |               MIG M. |
[16:56:42.773445] |=========================================+========================+======================|
[16:56:42.777090] |   0  NVIDIA GeForce RTX 4090        Off |   00000000:01:00.0 Off |                  Off |
[16:56:42.777104] |  0%   35C    P2             27W /  450W |       0MiB /  24564MiB |      0%      Default |
[16:56:42.777107] |                                         |                        |                  N/A |
[16:56:42.777110] +-----------------------------------------+------------------------+----------------------+
[16:56:42.777262]
[16:56:42.777264] +-----------------------------------------------------------------------------------------+
[16:56:42.777267] | Processes:                                                                              |
[16:56:42.777270] |  GPU   GI   CI              PID   Type   Process name                        GPU Memory |
[16:56:42.777272] |        ID   ID                                                               Usage      |
[16:56:42.777274] |=========================================================================================|
[16:56:42.777710] |  No running processes found                                                             |
[16:56:42.777733] +-----------------------------------------------------------------------------------------+
[16:56:42.843874] + mkdir -p /output/ex5
[16:56:42.844500] + cp /root/workspace/bk-workspace/papers/rfx-tap/experiments/ex5_waveguide_opt.py .
[16:56:42.854564] + OUTPUT_DIR=/output/ex5 python ex5_waveguide_opt.py
[16:56:43.556761] Device: DeviceInfo(backend='gpu', gpu_available=True, devices=[{'id': 0, 'kind': 'NVIDIA GeForce RTX 4090', 'platform': 'gpu'}])
[16:56:43.767160] === ex5: Differentiable WR-90 iris filter optimization ===
[16:56:43.767178] dx=2.0 mm, iris_x=[18.0, 38.0, 58.0] mm
[16:56:43.767180] N_ITERS=60, LR=0.02, N_STEPS=800
[16:56:43.767182] Output directory: /output/ex5
[16:56:43.788276]
[16:56:43.788290] --- Optimizing iris 1 / 3 ---
[16:56:44.517578]   optimize: n_steps=800, grid=(61, 13, 7) (0.0M cells)
[16:56:44.705425] jax.errors.SimplifiedTraceback: For simplicity, JAX has removed its internal frames from the traceback of the following exception. Set JAX_TRACEBACK_FILTERING=off to include these.
[16:56:44.705444]
[16:56:44.705447] The above exception was the direct cause of the following exception:
[16:56:44.705448]
[16:56:44.705450] Traceback (most recent call last):
[16:56:44.705452]   File "/root/rfx/ex5_waveguide_opt.py", line 317, in <module>
[16:56:44.705453]     main()
[16:56:44.705455]   File "/root/rfx/ex5_waveguide_opt.py", line 252, in main
[16:56:44.705456]     histories = run_optimization(sim, regions)
[16:56:44.705458]   File "/root/rfx/ex5_waveguide_opt.py", line 164, in run_optimization
[16:56:44.705561]     result = optimize(
[16:56:44.705567]   File "/root/rfx/rfx/optimize.py", line 187, in optimize
[16:56:44.705570]     loss, grad = grad_fn(latent)
[16:56:44.705572]   File "/root/rfx/rfx/optimize.py", line 169, in forward
[16:56:44.705574]     result = sim._forward_from_materials(
[16:56:44.705575]   File "/root/rfx/rfx/api.py", line 2299, in _forward_from_materials
[16:56:44.705721]     result = _run(
[16:56:44.705726]   File "/root/rfx/rfx/simulation.py", line 834, in run
[16:56:44.705731]     final_carry, outputs = jax.lax.scan(body, carry_init, xs)
[16:56:44.705733]   File "/root/rfx/rfx/simulation.py", line 659, in step_fn
[16:56:44.705852]     st, cpml_new = apply_cpml_h(
[16:56:44.705858]   File "/root/rfx/rfx/boundaries/cpml.py", line 632, in apply_cpml_h
[16:56:44.705860]     new_psi_hx_zlo = b_zl * cpml_state.psi_hx_zlo + c_zl * curl_ey_dz_zlo_t
[16:56:44.705862]   File "/opt/jax/jax/_src/numpy/array_methods.py", line 1036, in op
[16:56:44.705941]     return getattr(self.aval, f"_{name}")(self, *args)
[16:56:44.705947]   File "/opt/jax/jax/_src/numpy/array_methods.py", line 573, in deferring_binary_op
[16:56:44.705949]     return binary_op(*args)
[16:56:44.705951]   File "/opt/jax/jax/_src/numpy/ufunc_api.py", line 177, in __call__
[16:56:44.705955]     return call(*args)
[16:56:44.705957]   File "/opt/jax/jax/_src/numpy/ufuncs.py", line 679, in _multiply
[16:56:44.706033]     return lax.mul(x, y) if x.dtype != bool else lax.bitwise_and(x, y)
[16:56:44.706039] TypeError: mul got incompatible shapes for broadcasting: (10, 1, 1), (7, 61, 13).
[16:56:44.951904] workload reported done
[16:56:44.952004] Workload status changed to stopping
[16:56:57.419551] workload reported done
[16:56:57.419652] Workload status changed to waitToBeKilled
[16:57:00.000000] Stopping container vops-sidecar
[16:57:00.000000] Stopping container run-exec
[16:57:00.000000] Terminating VESSL Workload...
[16:57:00.000000] Stopping container fluentbit
[16:57:00.136773] workload failed
[16:57:00.136873] Workload status changed to failed
