Organization: remilab
Project: byungkwan
[15:10:00.305360] workload awaiting to start
[15:10:00.305460] Workload status changed to pending
[15:10:06.758339] VESSL Workload assigned successfully. Starting soon.
[15:10:07.000000] Container image "quay.io/vessl-ai/kernels-toolbox:0.1.188" already present on machine
[15:10:07.000000] Created container vops-init
[15:10:07.000000] Started container vops-init
[15:10:08.000000] Creating VESSL Workload...
[15:10:08.000000] Created container run-exec
[15:10:08.000000] Container image "nvcr.io/nvidia/jax:24.10-py3" already present on machine
[15:10:08.001000] Container image "nvcr.io/nvidia/jax:24.10-py3" already present on machine
[15:10:09.000000] Started container run-sidecar
[15:10:09.000000] Created container vops-sidecar
[15:10:09.000000] Created container ttyd-sidecar
[15:10:09.000000] Starting VESSL Workload...
[15:10:09.000000] Started container vops-sidecar
[15:10:09.000000] Container image "quay.io/vessl-ai/kernels-toolbox:0.1.188" already present on machine
[15:10:09.000000] Started container run-exec
[15:10:09.000000] Started container ttyd-sidecar
[15:10:09.000000] Created container run-sidecar
[15:10:09.722840] Installing VESSL CLI...
[15:10:10.340223] workload reported alive as pod run-execution-b6z2bqvf5xrj-0
[15:10:10.340323] Workload status changed to initializing
[15:10:11.467037] + set +x
[15:10:14.303021] vessl, version 0.1.199
[15:10:16.631233] workload reported alive as pod run-execution-b6z2bqvf5xrj-0
[15:10:16.631333] Workload status changed to running
[15:10:16.779919] + mkdir -p /root
[15:10:16.781985] + cd /root
[15:10:16.782554] + set -euo pipefail
[15:10:16.782612] + cd /root
[15:10:16.782632] + git clone https://github.com/BK3536/rfx.git
[15:10:16.784763] Cloning into 'rfx'...
[15:10:19.270536] + cd rfx
[15:10:19.270548] + pip install --quiet -e '.[all]'
[15:10:22.215751] WARNING: rfx 1807.8.6 does not provide the extra 'dashboard'
[15:10:22.215787] WARNING: rfx 1807.8.6 does not provide the extra 'dev'
[15:10:22.215917] WARNING: rfx 1807.8.6 does not provide the extra 'optimization'
[15:10:22.216036] WARNING: rfx 1807.8.6 does not provide the extra 'visualization'
[15:10:26.422124] WARNING: Running pip as the 'root' user can result in broken permissions and conflicting behaviour with the system package manager. It is recommended to use a virtual environment instead: https://pip.pypa.io/warnings/venv
[15:10:26.568994] + python -c 'import jax; print('"'"'JAX devices:'"'"', jax.devices())'
[15:10:26.957539] JAX devices: [CudaDevice(id=0)]
[15:10:27.000326] + nvidia-smi
[15:10:27.037464] Sat Apr  4 15:10:27 2026
[15:10:27.037475] +---------------------------------------------------------------------------------------+
[15:10:27.037484] | NVIDIA-SMI 535.288.01             Driver Version: 535.288.01   CUDA Version: 12.2     |
[15:10:27.037489] |-----------------------------------------+----------------------+----------------------+
[15:10:27.037494] | GPU  Name                 Persistence-M | Bus-Id        Disp.A | Volatile Uncorr. ECC |
[15:10:27.037499] | Fan  Temp   Perf          Pwr:Usage/Cap |         Memory-Usage | GPU-Util  Compute M. |
[15:10:27.037503] |                                         |                      |               MIG M. |
[15:10:27.037510] |=========================================+======================+======================|
[15:10:27.056791] |   0  NVIDIA GeForce RTX 4090        Off | 00000000:01:00.0 Off |                  Off |
[15:10:27.056794] |  0%   33C    P0              25W / 450W |      1MiB / 24564MiB |      0%      Default |
[15:10:27.056795] |                                         |                      |                  N/A |
[15:10:27.056796] +-----------------------------------------+----------------------+----------------------+
[15:10:27.056797]
[15:10:27.056798] | Processes:                                                                            |
[15:10:27.056798] +---------------------------------------------------------------------------------------+
[15:10:27.056799] |  GPU   GI   CI        PID   Type   Process name                            GPU Memory |
[15:10:27.056800] |        ID   ID                                                             Usage      |
[15:10:27.056801] |=======================================================================================|
[15:10:27.056802] +---------------------------------------------------------------------------------------+
[15:10:27.056802] |  No running processes found                                                           |
[15:10:27.112167] + mkdir -p /output/ex2
[15:10:27.112677] + cp /root/workspace/bk-workspace/papers/rfx-tap/experiments/ex2_filter_topology.py .
[15:10:27.138324] + OUTPUT_DIR=/output/ex2 python ex2_filter_topology.py
[15:10:27.855766] Device: DeviceInfo(backend='gpu', gpu_available=True, devices=[{'id': 0, 'kind': 'NVIDIA GeForce RTX 4090', 'platform': 'gpu'}])
[15:10:27.855885]
[15:10:27.855892] === Building simulation (dx=1.25 mm, est. 5149 MB) ===
[15:10:27.855895]
[15:10:27.855897] === Running topology_optimize (100 iterations, beta continuation) ===
[15:10:27.855898] beta schedule: 1 @ iter 0, 4 @ iter 30, 16 @ iter 60, 64 @ iter 80
[15:10:31.571611] /opt/jax/jax/_src/numpy/lax_numpy.py:4252: FutureWarning: None encountered in jnp.array(); this is currently treated as NaN. In the future this will result in an error.
[15:10:31.571633]   return array(a, dtype=dtype, copy=bool(copy), order=order, device=device)
[15:10:31.605990] jax.errors.SimplifiedTraceback: For simplicity, JAX has removed its internal frames from the traceback of the following exception. Set JAX_TRACEBACK_FILTERING=off to include these.
[15:10:31.606011]
[15:10:31.606014] The above exception was the direct cause of the following exception:
[15:10:31.606016]
[15:10:31.606019] Traceback (most recent call last):
[15:10:31.606021]   File "/root/rfx/ex2_filter_topology.py", line 169, in <module>
[15:10:31.606023]     result = topology_optimize(
[15:10:31.606025]   File "/root/rfx/rfx/topology.py", line 486, in topology_optimize
[15:10:31.606031]     loss, grad = jax.value_and_grad(lambda l: forward(l, beta))(logit)
[15:10:31.606033]   File "/root/rfx/rfx/topology.py", line 486, in <lambda>
[15:10:31.606051]     loss, grad = jax.value_and_grad(lambda l: forward(l, beta))(logit)
[15:10:31.606054]   File "/root/rfx/rfx/topology.py", line 480, in forward
[15:10:31.606176]     return objective(result)
[15:10:31.606182]   File "/root/rfx/ex2_filter_topology.py", line 148, in bandpass_s21_objective
[15:10:31.606184]     return maximize_s21(result)
[15:10:31.606185]   File "/root/rfx/rfx/optimize_objectives.py", line 110, in maximize_s21
[15:10:31.606187]     target_freqs = jnp.asarray(freqs, dtype=jnp.float32)
[15:10:31.606189]   File "/opt/jax/jax/_src/numpy/lax_numpy.py", line 4252, in asarray
[15:10:31.606447]     return array(a, dtype=dtype, copy=bool(copy), order=order, device=device)
[15:10:31.606452]   File "/opt/jax/jax/_src/numpy/lax_numpy.py", line 4077, in array
[15:10:31.606616]     out = stack([asarray(elt, dtype=dtype) for elt in object])
[15:10:31.606622]   File "/opt/jax/jax/_src/numpy/lax_numpy.py", line 4077, in <listcomp>
[15:10:31.606806]     out = stack([asarray(elt, dtype=dtype) for elt in object])
[15:10:31.606812]   File "/opt/jax/jax/_src/numpy/lax_numpy.py", line 4252, in asarray
[15:10:31.607020]     return array(a, dtype=dtype, copy=bool(copy), order=order, device=device)
[15:10:31.607026]   File "/opt/jax/jax/_src/numpy/lax_numpy.py", line 4077, in array
[15:10:31.607149]     out = stack([asarray(elt, dtype=dtype) for elt in object])
[15:10:31.607152]   File "/opt/jax/jax/_src/numpy/lax_numpy.py", line 3649, in stack
[15:10:31.607312]     raise ValueError("All input arrays must have the same shape.")
[15:10:31.607315] ValueError: All input arrays must have the same shape.
[15:10:31.909523] workload reported done
[15:10:31.909623] Workload status changed to stopping
[15:10:40.839525] workload reported done
[15:10:40.839625] Workload status changed to waitToBeKilled
[15:10:42.000000] Stopping container vops-sidecar
[15:10:42.000000] Stopping container run-exec
[15:10:42.000000] Terminating VESSL Workload...
[15:10:42.000000] Stopping container ttyd-sidecar
[15:10:42.000000] Stopping container fluentbit
[15:10:42.065289] workload failed
[15:10:42.065389] Workload status changed to failed
