Organization: remilab
Project: byungkwan
[19:31:35.195564] workload awaiting to start
[19:31:35.195664] Workload status changed to pending
[19:31:38.946876] Event Reason: FailedScheduling, Event Note: 0/13 nodes are available: pod has unbound immediate PersistentVolumeClaims. preemption: 0/13 nodes are available: 13 Preemption is not helpful for scheduling.
[19:31:38.946876] Workload is in queue for scheduling. Please wait...
[19:31:49.489327] VESSL Workload assigned successfully. Starting soon.
[19:31:50.000000] Container image "quay.io/vessl-ai/kernels-toolbox:0.1.188" already present on machine
[19:31:50.000000] Created container vops-init
[19:31:50.000000] Started container vops-init
[19:31:51.000000] Creating VESSL Workload...
[19:31:51.000000] Created container run-exec
[19:31:51.000000] Container image "nvcr.io/nvidia/jax:24.10-py3" already present on machine
[19:31:51.001000] Container image "nvcr.io/nvidia/jax:24.10-py3" already present on machine
[19:31:52.000000] Started container run-sidecar
[19:31:52.000000] Created container vops-sidecar
[19:31:52.000000] Created container ttyd-sidecar
[19:31:52.000000] Starting VESSL Workload...
[19:31:52.000000] Started container vops-sidecar
[19:31:52.000000] Container image "quay.io/vessl-ai/kernels-toolbox:0.1.188" already present on machine
[19:31:52.000000] Started container fluentbit
[19:31:52.000000] Started container ttyd-sidecar
[19:31:52.809307] Installing VESSL CLI...
[19:31:53.340307] workload reported alive as pod run-execution-a60g9nw73j67-0
[19:31:53.340407] Workload status changed to initializing
[19:31:54.471398] + set +x
[19:31:57.374502] vessl, version 0.1.199
[19:31:59.598445] workload reported alive as pod run-execution-a60g9nw73j67-0
[19:31:59.598545] Workload status changed to running
[19:31:59.841751] + mkdir -p /root
[19:31:59.843840] + cd /root
[19:31:59.844542] + cd /root/workspace/byungkwan-workspace/research/rfx
[19:31:59.860138] + git config --global --add safe.directory /root/workspace/byungkwan-workspace/research/rfx
[19:31:59.885555] + git pull --ff-only origin main
[19:32:01.352782] From https://github.com/BK3536/rfx
[19:32:01.352819]  * branch            main       -> FETCH_HEAD
[19:32:01.481310] Already up to date.
[19:32:01.482073] + pip install -q -e '.[dev]'
[19:32:10.319420] WARNING: Running pip as the 'root' user can result in broken permissions and conflicting behaviour with the system package manager. It is recommended to use a virtual environment instead: https://pip.pypa.io/warnings/venv
[19:32:10.476172] + echo '=== Crossval #10: OpenEMS Patch Antenna ==='
[19:32:10.476195] + python examples/crossval/10_openems_patch_antenna.py
[19:32:10.476208] === Crossval #10: OpenEMS Patch Antenna ===
[19:32:11.753831] ============================================================
[19:32:11.753877] Cross-Validation #2: OpenEMS Simple Patch Antenna
[19:32:11.753891] ============================================================
[19:32:11.753898] Patch: 32 x 40 mm on eps_r=3.38
[19:32:11.753903] Substrate: h=1.524mm, 60x60mm
[19:32:11.753910] Analytical f_r: 2.038 GHz
[19:32:11.753916]
[19:32:11.754026] dx = 1.50 mm, dz_sub = 0.381 mm
[19:32:11.754070] z-cells: 4 substrate + 99 air = 108 total
[19:32:11.754419] Steps: 8000
[19:32:12.116237] Nu grid: nz=124, dt=1.18ps
[19:32:12.116410] z_phys first 10: [0.         0.38099986 0.76199996 1.1429994  1.5811495  2.1507444
[19:32:12.116415]  2.891218   3.8538334  5.1052337  6.5625467 ]
[19:32:12.116416] Substrate h=1.524mm, port z=0.762mm
[19:32:12.116418]
[19:32:18.692544] Probe signal: max=1.9060e+07, rms=4.5602e+06
[19:32:18.693933] FFT peak: 1.0029 GHz (at -1.4 dB)
[19:32:18.694021] Analytical: 2.0383 GHz
[19:32:18.694201] Error: 50.80%
[19:32:52.266326] FAIL: 50.80% error
[19:32:52.266378]
[19:32:52.275683] NTFF extraction: 'NoneType' object has no attribute 'freqs'
[19:32:52.565844]
[19:32:52.565869] Plot saved: /root/workspace/byungkwan-workspace/research/rfx/examples/crossval/10_openems_patch_antenna.png
[19:32:52.711751] + echo '=== Crossval #08: Dipole Radiation (fixed) ==='
[19:32:52.711772] + python examples/crossval/08_dipole_radiation.py
[19:32:52.711783] === Crossval #08: Dipole Radiation (fixed) ===
[19:32:53.761179] ============================================================
[19:32:53.761226] Cross-Validation: Dipole Radiation Pattern
[19:32:53.761231] ============================================================
[19:32:53.761236] Source: Ez dipole at 5 GHz
[19:32:53.761240] Domain: 80mm, dx=1.0mm
[19:32:53.761243]
[19:32:53.761301] Grid: 101x101x101, steps=4197
[19:32:59.432454]
[19:32:59.432496] E-plane correlation with sin²(theta): 0.9987
[19:32:59.432508] H-plane correlation with sin²(theta): 0.9987
[19:32:59.432512] Max far-field power: 6.1606e-39
[19:32:59.432527] FAIL: correlation E=0.999
[19:32:59.731467] Plot saved: /root/workspace/byungkwan-workspace/research/rfx/examples/crossval/08_dipole_radiation.png
[19:32:59.845546] workload reported done
[19:32:59.845646] Workload status changed to stopping
[19:32:59.868354] === DONE ===
[19:32:59.868364] + echo '=== DONE ==='
[19:33:12.121146] + set +x
[19:33:17.113716] workload reported done
[19:33:17.113816] Workload status changed to waitToBeKilled
[19:33:18.000000] Stopping container vops-sidecar
[19:33:18.000000] Stopping container run-sidecar
[19:33:18.000000] Stopping container run-exec
[19:33:18.000000] Terminating VESSL Workload...
[19:33:18.000000] Stopping container ttyd-sidecar
[19:33:18.000000] Stopping container fluentbit
[19:33:18.108430] workload completed
[19:33:18.108530] Workload status changed to completed
