Organization: remilab
Project: byungkwan
[19:24:23.355187] workload awaiting to start
[19:24:23.355287] Workload status changed to pending
[19:24:31.885660] Event Reason: FailedScheduling, Event Note: 0/13 nodes are available: pod has unbound immediate PersistentVolumeClaims. preemption: 0/13 nodes are available: 13 Preemption is not helpful for scheduling.
[19:24:31.885660] Workload is in queue for scheduling. Please wait...
[19:24:40.469738] VESSL Workload assigned successfully. Starting soon.
[19:24:41.000000] Container image "quay.io/vessl-ai/kernels-toolbox:0.1.188" already present on machine
[19:24:41.000000] Created container vops-init
[19:24:41.000000] Started container vops-init
[19:24:42.000000] Creating VESSL Workload...
[19:24:42.000000] Created container run-exec
[19:24:42.000000] Container image "nvcr.io/nvidia/jax:24.10-py3" already present on machine
[19:24:42.001000] Container image "nvcr.io/nvidia/jax:24.10-py3" already present on machine
[19:24:43.000000] Started container run-sidecar
[19:24:43.000000] Created container ttyd-sidecar
[19:24:43.000000] Starting VESSL Workload...
[19:24:43.000000] Started container vops-sidecar
[19:24:43.000000] Container image "quay.io/vessl-ai/kernels-toolbox:0.1.188" already present on machine
[19:24:43.000000] Created container fluentbit
[19:24:43.000000] Started container ttyd-sidecar
[19:24:43.000000] Container image "quay.io/vessl-ai/fluent-bit:2.1.6" already present on machine
[19:24:43.702998] Installing VESSL CLI...
[19:24:44.495054] workload reported alive as pod run-execution-ty8qz82fd7yu-0
[19:24:44.495154] Workload status changed to initializing
[19:24:45.669208] + set +x
[19:24:49.028287] vessl, version 0.1.199
[19:24:50.798284] workload reported alive as pod run-execution-ty8qz82fd7yu-0
[19:24:50.798384] Workload status changed to running
[19:24:51.067575] + mkdir -p /root
[19:24:51.069601] + cd /root
[19:24:51.070041] + set -euo pipefail
[19:24:51.070079] + cd /root
[19:24:51.070087] + git clone https://github.com/BK3536/rfx.git
[19:24:51.072386] Cloning into 'rfx'...
[19:24:53.068008] + cd rfx
[19:24:53.068021] + pip install --quiet -e '.[all]' cma
[19:24:56.785061] WARNING: rfx 1807.8.6 does not provide the extra 'dashboard'
[19:24:56.785126] WARNING: rfx 1807.8.6 does not provide the extra 'dev'
[19:24:56.785253] WARNING: rfx 1807.8.6 does not provide the extra 'optimization'
[19:24:56.785255] WARNING: rfx 1807.8.6 does not provide the extra 'visualization'
[19:25:02.140483] WARNING: Running pip as the 'root' user can result in broken permissions and conflicting behaviour with the system package manager. It is recommended to use a virtual environment instead: https://pip.pypa.io/warnings/venv
[19:25:02.342133] + python -c 'import jax; print('"'"'JAX devices:'"'"', jax.devices())'
[19:25:02.629307] JAX devices: [CudaDevice(id=0)]
[19:25:02.679023] + nvidia-smi
[19:25:02.715026] Sat Apr  4 19:25:02 2026
[19:25:02.715068] +---------------------------------------------------------------------------------------+
[19:25:02.715078] | NVIDIA-SMI 535.288.01             Driver Version: 535.288.01   CUDA Version: 12.2     |
[19:25:02.715086] |-----------------------------------------+----------------------+----------------------+
[19:25:02.715092] | GPU  Name                 Persistence-M | Bus-Id        Disp.A | Volatile Uncorr. ECC |
[19:25:02.715099] | Fan  Temp   Perf          Pwr:Usage/Cap |         Memory-Usage | GPU-Util  Compute M. |
[19:25:02.715105] |                                         |                      |               MIG M. |
[19:25:02.715111] |=========================================+======================+======================|
[19:25:02.742223] |   0  NVIDIA GeForce RTX 4090        Off | 00000000:01:00.0 Off |                  Off |
[19:25:02.742250] |  0%   32C    P0              21W / 450W |      1MiB / 24564MiB |      0%      Default |
[19:25:02.742253] |                                         |                      |                  N/A |
[19:25:02.742256] +-----------------------------------------+----------------------+----------------------+
[19:25:02.742264]
[19:25:02.742266] +---------------------------------------------------------------------------------------+
[19:25:02.742268] | Processes:                                                                            |
[19:25:02.742270] |  GPU   GI   CI        PID   Type   Process name                            GPU Memory |
[19:25:02.742272] |        ID   ID                                                             Usage      |
[19:25:02.742275] |=======================================================================================|
[19:25:02.742354] |  No running processes found                                                           |
[19:25:02.742356] +---------------------------------------------------------------------------------------+
[19:25:02.790962] + mkdir -p /output/ex1
[19:25:02.791730] + cp /root/workspace/bk-workspace/papers/rfx-tap/experiments/ex1_patch_antenna.py .
[19:25:02.830285] + OUTPUT_DIR=/output/ex1 python ex1_patch_antenna.py
[19:25:03.448042] Device: DeviceInfo(backend='gpu', gpu_available=True, devices=[{'id': 0, 'kind': 'NVIDIA GeForce RTX 4090', 'platform': 'gpu'}])
[19:25:03.448152] SimConfig (accuracy='standard'):
[19:25:03.448155]   dx = 3.000 mm (25 cells/λ_min)
[19:25:03.448156]   domain = 209.9 × 209.9 × 151.5 mm
[19:25:03.448157]   n_steps = 6739 (8.7 ns)
[19:25:03.448157]   cpml = 40 layers (120.0 mm)
[19:25:03.448158]   freq = 1.00 – 4.00 GHz
[19:25:03.448159]   source = j_source (CPML boundary: J-source with Cb/dV normalization (Meep convention))
[19:25:03.448161]   dz = 0.400 – 2.998 mm (29 cells, non-uniform)
[19:25:03.448161]   WARNINGS:
[19:25:03.448162]     - Non-uniform z mesh enabled: 29 cells, dz=0.400–2.998 mm
[19:25:03.448164] Estimated memory: 769 MB
[19:25:03.448217]
[19:25:03.448219] === Gradient-based optimisation (Adam) ===
[19:25:06.172539] 2026-04-04 19:25:06.172459: W external/xla/xla/service/hlo_rematerialization.cc:3005] Can't reduce memory use below -70.44GiB (-75636724069 bytes) by rematerialization; only reduced to 119.36GiB (128157525625 bytes), down from 119.36GiB (128157844701 bytes) originally
[19:25:27.236007] 2026-04-04 19:25:27.235886: W external/xla/xla/tsl/framework/bfc_allocator.cc:497] Allocator (GPU_0_bfc) ran out of memory trying to allocate 9.81GiB (rounded to 10534062080)requested by op
[19:25:27.236160] 2026-04-04 19:25:27.236112: W external/xla/xla/tsl/framework/bfc_allocator.cc:508] **********************************************************__________________________________________
[19:25:27.236271] E0404 19:25:27.236204     336 pjrt_stream_executor_client.cc:3067] Execution of replica 0 failed: RESOURCE_EXHAUSTED: Out of memory while trying to allocate 10534062000 bytes.
[19:25:27.241286] jax.errors.SimplifiedTraceback: For simplicity, JAX has removed its internal frames from the traceback of the following exception. Set JAX_TRACEBACK_FILTERING=off to include these.
[19:25:27.241292]
[19:25:27.241295] The above exception was the direct cause of the following exception:
[19:25:27.241296]
[19:25:27.241310] Traceback (most recent call last):
[19:25:27.241312]   File "/root/rfx/ex1_patch_antenna.py", line 142, in <module>
[19:25:27.241381]     opt = optimize(
[19:25:27.241383]   File "/root/rfx/rfx/optimize.py", line 213, in optimize
[19:25:27.241410]     loss, grad = grad_fn(latent)
[19:25:27.241411]   File "/root/rfx/rfx/optimize.py", line 193, in forward
[19:25:27.241444]     result = _run(
[19:25:27.241446]   File "/root/rfx/rfx/simulation.py", line 813, in run
[19:25:27.241523]     final_carry, outputs = jax.lax.scan(body, carry_init, xs)
[19:25:27.241525] jaxlib.xla_extension.XlaRuntimeError: RESOURCE_EXHAUSTED: Out of memory while trying to allocate 10534062000 bytes.
[19:25:27.531628] workload reported done
[19:25:27.531728] Workload status changed to stopping
[19:25:39.074955] workload reported done
[19:25:39.075055] Workload status changed to waitToBeKilled
[19:25:42.000000] Stopping container vops-sidecar
[19:25:42.000000] Stopping container run-sidecar
[19:25:42.000000] Stopping container run-exec
[19:25:42.000000] Terminating VESSL Workload...
[19:25:42.101909] workload failed
[19:25:42.102009] Workload status changed to failed
