Organization: remilab
Project: byungkwan
[02:54:16.318832] workload awaiting to start
[02:54:16.318933] Workload status changed to pending
[02:54:31.257653] Workload is in queue for scheduling. Please wait...
[02:54:31.257653] Event Reason: FailedScheduling, Event Note: 0/13 nodes are available: 3 Insufficient cpu, 3 Insufficient memory, 6 Insufficient nvidia.com/gpu, 7 node(s) didn't match Pod's node affinity/selector. preemption: 0/13 nodes are available: 6 No preemption victims found for incoming pod, 7 Preemption is not helpful for scheduling.
[02:58:45.547742] Workload is in queue for scheduling. Please wait...
[02:58:45.547742] Event Reason: FailedScheduling, Event Note: 0/13 nodes are available: 3 Insufficient cpu, 3 Insufficient memory, 6 Insufficient nvidia.com/gpu, 7 node(s) didn't match Pod's node affinity/selector. preemption: 0/13 nodes are available: 6 No preemption victims found for incoming pod, 7 Preemption is not helpful for scheduling.
[03:00:03.519772] VESSL Workload assigned successfully. Starting soon.
[03:00:04.000000] Container image "quay.io/vessl-ai/kernels-toolbox:0.1.188" already present on machine
[03:00:04.000000] Created container vops-init
[03:00:04.000000] Started container vops-init
[03:00:05.000000] Started container run-sidecar
[03:00:05.000000] Creating VESSL Workload...
[03:00:05.000000] Created container vops-sidecar
[03:00:05.000000] Created container ttyd-sidecar
[03:00:05.000000] Starting VESSL Workload...
[03:00:05.000000] Started container vops-sidecar
[03:00:05.000000] Created container run-exec
[03:00:05.000000] Container image "quay.io/vessl-ai/kernels-toolbox:0.1.188" already present on machine
[03:00:05.000000] Started container run-exec
[03:00:05.000000] Started container fluentbit
[03:00:05.000000] Created container fluentbit
[03:00:05.000000] Container image "nvcr.io/nvidia/jax:24.10-py3" already present on machine
[03:00:05.000000] Started container ttyd-sidecar
[03:00:05.000000] Container image "quay.io/vessl-ai/fluent-bit:2.1.6" already present on machine
[03:00:05.000000] Container image "quay.io/vessl-ai/sidecar:v0.0.3" already present on machine
[03:00:05.000000] Created container run-sidecar
[03:00:05.001000] Container image "nvcr.io/nvidia/jax:24.10-py3" already present on machine
[03:00:05.862510] Installing VESSL CLI...
[03:00:06.623558] workload reported alive as pod run-execution-kva2jl1383dv-0
[03:00:06.623658] Workload status changed to initializing
[03:00:07.811873] + set +x
[03:00:10.849295] vessl, version 0.1.199
[03:00:12.950482] workload reported alive as pod run-execution-kva2jl1383dv-0
[03:00:12.950582] Workload status changed to running
[03:00:13.191321] + mkdir -p /root
[03:00:13.192993] + cd /root
[03:00:13.193310] + set -euo pipefail
[03:00:13.193322] + cd /root
[03:00:13.193336] + git clone https://github.com/BK3536/rfx.git
[03:00:13.195368] Cloning into 'rfx'...
[03:00:15.656391] + cd rfx
[03:00:15.656404] + pip install --quiet -e '.[all]'
[03:00:18.568219] WARNING: rfx 1807.8.6 does not provide the extra 'dashboard'
[03:00:18.568248] WARNING: rfx 1807.8.6 does not provide the extra 'dev'
[03:00:18.568371] WARNING: rfx 1807.8.6 does not provide the extra 'optimization'
[03:00:18.568377] WARNING: rfx 1807.8.6 does not provide the extra 'visualization'
[03:00:22.505068] WARNING: Running pip as the 'root' user can result in broken permissions and conflicting behaviour with the system package manager. It is recommended to use a virtual environment instead: https://pip.pypa.io/warnings/venv
[03:00:22.653941] + python -c 'import jax; print('"'"'JAX devices:'"'"', jax.devices())'
[03:00:23.010793] JAX devices: [CudaDevice(id=0)]
[03:00:23.059040] + nvidia-smi
[03:00:23.090678] Sun Apr  5 03:00:23 2026
[03:00:23.090691] +---------------------------------------------------------------------------------------+
[03:00:23.090698] | NVIDIA-SMI 535.288.01             Driver Version: 535.288.01   CUDA Version: 12.2     |
[03:00:23.090703] |-----------------------------------------+----------------------+----------------------+
[03:00:23.090707] | GPU  Name                 Persistence-M | Bus-Id        Disp.A | Volatile Uncorr. ECC |
[03:00:23.090711] | Fan  Temp   Perf          Pwr:Usage/Cap |         Memory-Usage | GPU-Util  Compute M. |
[03:00:23.090714] |                                         |                      |               MIG M. |
[03:00:23.090718] |=========================================+======================+======================|
[03:00:23.112030] |   0  NVIDIA GeForce RTX 4090        Off | 00000000:01:00.0 Off |                  Off |
[03:00:23.112046] |  0%   32C    P0              23W / 450W |      1MiB / 24564MiB |      1%      Default |
[03:00:23.112048] |                                         |                      |                  N/A |
[03:00:23.112050] +-----------------------------------------+----------------------+----------------------+
[03:00:23.112051]
[03:00:23.112053] +---------------------------------------------------------------------------------------+
[03:00:23.112055] | Processes:                                                                            |
[03:00:23.112058] |  GPU   GI   CI        PID   Type   Process name                            GPU Memory |
[03:00:23.112060] |        ID   ID                                                             Usage      |
[03:00:23.112062] |=======================================================================================|
[03:00:23.112067] |  No running processes found                                                           |
[03:00:23.112069] +---------------------------------------------------------------------------------------+
[03:00:23.162142] + mkdir -p /output/ex0
[03:00:23.162673] + cp /root/workspace/bk-workspace/papers/rfx-tap/experiments/ex0_grad_check.py .
[03:00:23.184505] + OUTPUT_DIR=/output/ex0 python ex0_grad_check.py
[03:00:23.942399] Device: DeviceInfo(backend='gpu', gpu_available=True, devices=[{'id': 0, 'kind': 'NVIDIA GeForce RTX 4090', 'platform': 'gpu'}])
[03:00:23.942503]
[03:00:23.942506] === Building simulation cases ===
[03:00:24.116438]
[03:00:24.116453] === FD step-size sweeps ===
[03:00:24.116454]
[03:00:24.116455] --- Case A_pec_cavity ---
[03:38:13.540887]   A_pec_cavity  eps=1e-02  rel_err=1.200e-04  t=2269.4s
[04:19:18.691725]   A_pec_cavity  eps=3e-03  rel_err=3.944e-04  t=2465.2s
[04:27:02.030864] workload request to be terminated
[04:27:02.030964] Workload status changed to waitToBeKilled
[04:27:03.000000] Stopping container vops-sidecar
[04:27:03.000000] Stopping container run-exec
[04:27:03.000000] Terminating VESSL Workload...
[04:27:03.000000] Stopping container ttyd-sidecar
[04:27:03.078912] workload terminated
[04:27:03.079012] Workload status changed to terminated
