Organization: remilab
Project: byungkwan
[06:21:27.387540] workload awaiting to start
[06:21:27.387640] Workload status changed to pending
[06:21:32.902161] Event Reason: FailedScheduling, Event Note: 0/13 nodes are available: pod has unbound immediate PersistentVolumeClaims. preemption: 0/13 nodes are available: 13 Preemption is not helpful for scheduling.
[06:21:32.902161] Workload is in queue for scheduling. Please wait...
[06:21:43.884940] VESSL Workload assigned successfully. Starting soon.
[06:21:44.000000] Container image "quay.io/vessl-ai/kernels-toolbox:0.1.188" already present on machine
[06:21:44.000000] Created container vops-init
[06:21:44.000000] Started container vops-init
[06:21:45.000000] Creating VESSL Workload...
[06:21:45.000000] Created container run-exec
[06:21:45.000000] Container image "nvcr.io/nvidia/jax:24.04-py3" already present on machine
[06:21:45.001000] Container image "nvcr.io/nvidia/jax:24.04-py3" already present on machine
[06:21:46.000000] Started container run-sidecar
[06:21:46.000000] Created container vops-sidecar
[06:21:46.000000] Starting VESSL Workload...
[06:21:46.000000] Started container vops-sidecar
[06:21:46.000000] Container image "quay.io/vessl-ai/kernels-toolbox:0.1.188" already present on machine
[06:21:46.000000] Started container run-exec
[06:21:46.000000] Started container ttyd-sidecar
[06:21:46.000000] Container image "quay.io/vessl-ai/fluent-bit:2.1.6" already present on machine
[06:21:46.635276] Installing VESSL CLI...
[06:21:47.303860] workload reported alive as pod run-execution-i6z3zrv22974-0
[06:21:47.303960] Workload status changed to initializing
[06:21:48.431052] + set +x
[06:21:52.282753] vessl, version 0.1.199
[06:21:53.596880] workload reported alive as pod run-execution-i6z3zrv22974-0
[06:21:53.596981] Workload status changed to running
[06:21:53.771395] + mkdir -p /root
[06:21:53.773324] + cd /root
[06:21:53.774076] + cd /root/workspace/byungkwan-workspace/research/rfx
[06:21:53.804783] + pip install -q -e .
[06:21:59.859508] WARNING: Running pip as the 'root' user can result in broken permissions and conflicting behaviour with the system package manager. It is recommended to use a virtual environment instead: https://pip.pypa.io/warnings/venv
[06:21:59.938845] + python -c 'import jax; print(f'"'"'Backend: {jax.default_backend()}, Devices: {jax.devices()}'"'"')'
[06:22:00.650541] Backend: gpu, Devices: [cuda(id=0)]
[06:22:00.715164] + python examples/13_patch_profiled.py
[06:22:01.882482] Design: L=29.4mm, W=38.0mm, f_design=2.400GHz
[06:22:02.148237] Backend: gpu
[06:22:02.148255]
[06:22:02.148258] ============================================================
[06:22:02.148261] TEST 1: JIT-compiled run (dx=0.5mm)
[06:22:02.148263] ============================================================
[06:22:02.148268] Grid: (209, 226, 91), n_steps=10491, dt=9.533e-13
[06:22:02.148271] Total cells: 4.30M
[06:22:03.587950] JIT warmup (100 steps): 1.4s
[06:22:18.021012] Full run (10491 steps): 14.4s
[06:22:18.021030] Performance: 727 steps/s, 3124 Mcells/s
[06:23:54.152855]
[06:23:54.152887] Harminv modes:
[06:23:54.152895]   f=2.2596 GHz (err=5.85%), Q=32
[06:23:54.152898]   f=3.5612 GHz (err=48.38%), Q=44
[06:23:54.175997] FFT peak: 2.2483 GHz (err=6.32%)
[06:23:54.176401]
[06:23:54.176561] ============================================================
[06:23:54.176731] ERROR SOURCE ANALYSIS
[06:23:54.176810] ============================================================
[06:23:54.176951] Substrate resolution: h/dx = 3.2 cells
[06:23:54.177030] Patch length in cells: L/dx = 59
[06:23:54.177084] Margin/lambda: 0.25
[06:23:54.177170] Grid dispersion error: ~0.003% (negligible)
[06:23:54.177233] Substrate: h_design=1.600mm, h_grid=1.500mm, delta=6.3%
[06:23:54.177330] Edge ext: dL_design=0.739mm, dL_grid=0.500mm
[06:23:54.177424] f from grid dimensions: 2.4314 GHz (err=1.31%)
[06:23:54.177457]
[06:23:54.177505] ============================================================
[06:23:54.177562] SUMMARY
[06:23:54.177641] ============================================================
[06:23:54.177702] Best Harminv: 2.2596 GHz, err=5.85%, Q=32
[06:23:54.177761] Performance: 3124 Mcells/s
[06:23:54.177813] Grid dispersion: 0.003%
[06:23:54.177871] Discretization shift: f_grid=2.4314 GHz (1.31%)
[06:23:54.462426] workload reported done
[06:23:54.462526] Workload status changed to stopping
[06:24:06.508127] + set +x
[06:24:11.546392] workload reported done
[06:24:11.546492] Workload status changed to waitToBeKilled
[06:24:14.000000] Stopping container vops-sidecar
[06:24:14.000000] Stopping container run-sidecar
[06:24:14.000000] Stopping container run-exec
[06:24:14.000000] Terminating VESSL Workload...
[06:24:14.000000] Stopping container ttyd-sidecar
[06:24:15.033878] workload completed
[06:24:15.033978] Workload status changed to completed
