Organization: remilab
Project: byungkwan
[12:15:57.124624] workload awaiting to start
[12:15:57.124724] Workload status changed to pending
[12:16:02.882640] Event Reason: FailedScheduling, Event Note: 0/13 nodes are available: pod has unbound immediate PersistentVolumeClaims. preemption: 0/13 nodes are available: 13 Preemption is not helpful for scheduling.
[12:16:02.882640] Workload is in queue for scheduling. Please wait...
[12:16:04.222588] VESSL Workload assigned successfully. Starting soon.
[12:16:05.000000] Container image "quay.io/vessl-ai/kernels-toolbox:0.1.188" already present on machine
[12:16:05.000000] Created container vops-init
[12:16:05.000000] Started container vops-init
[12:16:06.000000] Creating VESSL Workload...
[12:16:06.000000] Created container run-exec
[12:16:06.000000] Container image "nvcr.io/nvidia/jax:24.10-py3" already present on machine
[12:16:06.001000] Container image "nvcr.io/nvidia/jax:24.10-py3" already present on machine
[12:16:07.000000] Created container vops-sidecar
[12:16:07.000000] Created container ttyd-sidecar
[12:16:07.000000] Starting VESSL Workload...
[12:16:07.000000] Started container vops-sidecar
[12:16:07.000000] Container image "quay.io/vessl-ai/kernels-toolbox:0.1.188" already present on machine
[12:16:07.000000] Started container run-exec
[12:16:07.000000] Started container ttyd-sidecar
[12:16:07.000000] Container image "quay.io/vessl-ai/sidecar:v0.0.3" already present on machine
[12:16:07.000000] Created container run-sidecar
[12:16:07.598297] Installing VESSL CLI...
[12:16:08.221865] workload reported alive as pod run-execution-irbxya3p0ukx-0
[12:16:08.221965] Workload status changed to initializing
[12:16:09.340135] + set +x
[12:16:12.442840] vessl, version 0.1.199
[12:16:14.477593] workload reported alive as pod run-execution-irbxya3p0ukx-0
[12:16:14.477693] Workload status changed to running
[12:16:14.590605] + mkdir -p /root
[12:16:14.592603] + cd /root
[12:16:14.593221] + cd /root/workspace/byungkwan-workspace/research/rfx
[12:16:14.611039] + git config --global --add safe.directory /root/workspace/byungkwan-workspace/research/rfx
[12:16:14.653008] + git pull --ff-only origin main
[12:16:16.346414] From https://github.com/BK3536/rfx
[12:16:16.346448]  * branch            main       -> FETCH_HEAD
[12:16:16.441634] Already up to date.
[12:16:16.442433] + pip install -q -e '.[dev]'
[12:16:25.365252] WARNING: Running pip as the 'root' user can result in broken permissions and conflicting behaviour with the system package manager. It is recommended to use a virtual environment instead: https://pip.pypa.io/warnings/venv
[12:16:25.519154] + python scripts/debug_nu_raster.py
[12:16:26.729642] Domain: 49.4 x 58.0 mm
[12:16:26.729689] dz_profile: ['0.40', '0.40', '0.40', '0.40', '1.00', '1.00', '1.00', '1.00', '1.00', '1.00', '1.00', '1.00']
[12:16:26.729699] Total z: 9.6 mm
[12:16:27.137790]
[12:16:27.137808] Grid: 49x58x12
[12:16:27.137810] CPML layers: 0
[12:16:27.137810]
[12:16:27.137813] --- Testing _assemble_materials_nu ---
[12:16:27.370093] OK: eps_r shape = (49, 58, 12)
[12:16:27.370114]
[12:16:27.370117] --- Adding PEC ground plane Box(z=0, z=0) ---
[12:16:27.424020] OK: eps_r shape = (49, 58, 12)
[12:16:27.424035]
[12:16:27.424038] --- Adding PEC patch Box(z=h, z=h) ---
[12:16:27.498971] OK: eps_r shape = (49, 58, 12), pec_mask shape = (49, 58, 12)
[12:16:27.498988]
[12:16:27.498992] --- Running simulation ---
[12:16:27.510408] /root/workspace/byungkwan-workspace/research/rfx/scripts/debug_nu_raster.py:91: UserWarning: Zero-thickness geometry 'pec' along z-axis. On non-uniform mesh this may produce empty rasterization. Consider giving it at least one cell of thickness (0.40mm).
[12:16:27.510425]   result = sim.run(n_steps=100)
[12:16:27.984486] FAIL at run: mul got incompatible shapes for broadcasting: (0, 1, 1), (49, 58, 12).
[12:16:27.989797]
[12:16:27.989853] --- Test 5: finite thickness PEC ---
[12:16:27.989900] jax.errors.SimplifiedTraceback: For simplicity, JAX has removed its internal frames from the traceback of the following exception. Set JAX_TRACEBACK_FILTERING=off to include these.
[12:16:27.989953]
[12:16:27.989978] The above exception was the direct cause of the following exception:
[12:16:27.989988]
[12:16:27.989996] Traceback (most recent call last):
[12:16:27.990003]   File "/root/workspace/byungkwan-workspace/research/rfx/scripts/debug_nu_raster.py", line 91, in <module>
[12:16:27.990010]     result = sim.run(n_steps=100)
[12:16:27.990018]   File "/root/workspace/byungkwan-workspace/research/rfx/rfx/api.py", line 2368, in run
[12:16:27.990026]     return self._run_nonuniform(
[12:16:27.990034]   File "/root/workspace/byungkwan-workspace/research/rfx/rfx/api.py", line 1858, in _run_nonuniform
[12:16:27.990041]     return run_nonuniform_path(
[12:16:27.990048]   File "/root/workspace/byungkwan-workspace/research/rfx/rfx/runners/nonuniform.py", line 294, in run_nonuniform_path
[12:16:27.990089]     r = run_nonuniform(
[12:16:27.990105]   File "/root/workspace/byungkwan-workspace/research/rfx/rfx/nonuniform.py", line 523, in run_nonuniform
[12:16:27.990116]     final, time_series = jax.lax.scan(step_fn, carry_init, xs)
[12:16:27.990123]   File "/root/workspace/byungkwan-workspace/research/rfx/rfx/nonuniform.py", line 450, in step_fn
[12:16:27.990130]     st, cpml_new = apply_cpml_h(st, cpml_params, carry["cpml"],
[12:16:27.990137]   File "/root/workspace/byungkwan-workspace/research/rfx/rfx/boundaries/cpml.py", line 500, in apply_cpml_h
[12:16:27.990144]     new_psi_hy_xhi = b_xr * cpml_state.psi_hy_xhi + c_xr * curl_ez_dx_xhi
[12:16:27.990150]   File "/opt/jax/jax/_src/numpy/array_methods.py", line 1036, in op
[12:16:27.990157]     return getattr(self.aval, f"_{name}")(self, *args)
[12:16:27.990164]   File "/opt/jax/jax/_src/numpy/array_methods.py", line 573, in deferring_binary_op
[12:16:27.990170]     return binary_op(*args)
[12:16:27.990177]   File "/opt/jax/jax/_src/numpy/ufunc_api.py", line 177, in __call__
[12:16:27.990184]     return call(*args)
[12:16:27.990191]   File "/opt/jax/jax/_src/numpy/ufuncs.py", line 679, in _multiply
[12:16:27.990198]     return lax.mul(x, y) if x.dtype != bool else lax.bitwise_and(x, y)
[12:16:27.990205] TypeError: mul got incompatible shapes for broadcasting: (0, 1, 1), (49, 58, 12).
[12:16:28.102732] /root/workspace/byungkwan-workspace/research/rfx/scripts/debug_nu_raster.py:117: UserWarning: 'pec' z-extent 0.40mm = 1.0 cells — under-resolved (< 3 cells). Consider finer mesh for accurate results.
[12:16:28.102748]   result2 = sim2.run(n_steps=100)
[12:16:28.102751] /root/workspace/byungkwan-workspace/research/rfx/scripts/debug_nu_raster.py:117: UserWarning: 'pec' z-extent 0.40mm = 1.0 cells — below 1 cell resolution. Results unreliable. Use non-uniform mesh or reduce dx.
[12:16:28.102753]   result2 = sim2.run(n_steps=100)
[12:16:28.102765] OK: eps_r shape = (49, 58, 12)
[12:16:28.122781] FAIL: mul got incompatible shapes for broadcasting: (0, 1, 1), (49, 58, 12).
[12:16:28.122782] jax.errors.SimplifiedTraceback: For simplicity, JAX has removed its internal frames from the traceback of the following exception. Set JAX_TRACEBACK_FILTERING=off to include these.
[12:16:28.122802]
[12:16:28.122804] The above exception was the direct cause of the following exception:
[12:16:28.122806]
[12:16:28.122808] Traceback (most recent call last):
[12:16:28.122813]   File "/root/workspace/byungkwan-workspace/research/rfx/scripts/debug_nu_raster.py", line 117, in <module>
[12:16:28.122815]     result2 = sim2.run(n_steps=100)
[12:16:28.122817]   File "/root/workspace/byungkwan-workspace/research/rfx/rfx/api.py", line 2368, in run
[12:16:28.122819]     return self._run_nonuniform(
[12:16:28.122820]   File "/root/workspace/byungkwan-workspace/research/rfx/rfx/api.py", line 1858, in _run_nonuniform
[12:16:28.122822]     return run_nonuniform_path(
[12:16:28.122825]   File "/root/workspace/byungkwan-workspace/research/rfx/rfx/runners/nonuniform.py", line 294, in run_nonuniform_path
[12:16:28.122827]     r = run_nonuniform(
[12:16:28.122829]   File "/root/workspace/byungkwan-workspace/research/rfx/rfx/nonuniform.py", line 523, in run_nonuniform
[12:16:28.122831]     final, time_series = jax.lax.scan(step_fn, carry_init, xs)
[12:16:28.122849]   File "/root/workspace/byungkwan-workspace/research/rfx/rfx/nonuniform.py", line 450, in step_fn
[12:16:28.122851]     st, cpml_new = apply_cpml_h(st, cpml_params, carry["cpml"],
[12:16:28.122854]   File "/root/workspace/byungkwan-workspace/research/rfx/rfx/boundaries/cpml.py", line 500, in apply_cpml_h
[12:16:28.122855]     new_psi_hy_xhi = b_xr * cpml_state.psi_hy_xhi + c_xr * curl_ez_dx_xhi
[12:16:28.122857]   File "/opt/jax/jax/_src/numpy/array_methods.py", line 1036, in op
[12:16:28.122859]     return getattr(self.aval, f"_{name}")(self, *args)
[12:16:28.122861]   File "/opt/jax/jax/_src/numpy/array_methods.py", line 573, in deferring_binary_op
[12:16:28.122863]     return binary_op(*args)
[12:16:28.122864]   File "/opt/jax/jax/_src/numpy/ufunc_api.py", line 177, in __call__
[12:16:28.122866]     return call(*args)
[12:16:28.122868]   File "/opt/jax/jax/_src/numpy/ufuncs.py", line 679, in _multiply
[12:16:28.122870]     return lax.mul(x, y) if x.dtype != bool else lax.bitwise_and(x, y)
[12:16:28.122872] TypeError: mul got incompatible shapes for broadcasting: (0, 1, 1), (49, 58, 12).
[12:16:28.253358] workload reported done
[12:16:28.253458] Workload status changed to stopping
[12:16:38.600712] + set +x
[12:16:43.607371] workload reported done
[12:16:43.607471] Workload status changed to waitToBeKilled
[12:16:45.000000] Stopping container run-exec
[12:16:45.000000] Terminating VESSL Workload...
[12:16:45.032742] workload completed
[12:16:45.032842] Workload status changed to completed
