Organization: remilab
Project: byungkwan
[14:33:30.927051] workload awaiting to start
[14:33:30.927151] Workload status changed to pending
[14:33:35.969404] Event Reason: FailedScheduling, Event Note: 0/13 nodes are available: pod has unbound immediate PersistentVolumeClaims. preemption: 0/13 nodes are available: 13 Preemption is not helpful for scheduling.
[14:33:35.969404] Workload is in queue for scheduling. Please wait...
[14:33:40.864794] Event Reason: FailedScheduling, Event Note: 0/13 nodes are available: pod has unbound immediate PersistentVolumeClaims. preemption: 0/13 nodes are available: 13 Preemption is not helpful for scheduling.
[14:33:40.864794] Workload is in queue for scheduling. Please wait...
[14:33:43.674737] VESSL Workload assigned successfully. Starting soon.
[14:33:44.000000] Container image "quay.io/vessl-ai/kernels-toolbox:0.1.188" already present on machine
[14:33:44.000000] Created container vops-init
[14:33:44.000000] Started container vops-init
[14:33:45.000000] Creating VESSL Workload...
[14:33:45.000000] Created container run-exec
[14:33:45.000000] Container image "nvcr.io/nvidia/jax:24.04-py3" already present on machine
[14:33:45.001000] Container image "nvcr.io/nvidia/jax:24.04-py3" already present on machine
[14:33:46.000000] Started container run-sidecar
[14:33:46.000000] Created container vops-sidecar
[14:33:46.000000] Created container ttyd-sidecar
[14:33:46.000000] Starting VESSL Workload...
[14:33:46.000000] Started container vops-sidecar
[14:33:46.000000] Container image "quay.io/vessl-ai/kernels-toolbox:0.1.188" already present on machine
[14:33:46.000000] Started container run-exec
[14:33:46.000000] Started container fluentbit
[14:33:46.000000] Created container fluentbit
[14:33:46.000000] Started container ttyd-sidecar
[14:33:46.000000] Container image "quay.io/vessl-ai/fluent-bit:2.1.6" already present on machine
[14:33:46.000000] Container image "quay.io/vessl-ai/sidecar:v0.0.3" already present on machine
[14:33:46.602881] Installing VESSL CLI...
[14:33:47.389368] workload reported alive as pod run-execution-3s5fqtnfn9wb-0
[14:33:47.389468] Workload status changed to initializing
[14:33:48.540870] + set +x
[14:34:07.155453] vessl, version 0.1.199
[14:34:08.677965] workload reported alive as pod run-execution-3s5fqtnfn9wb-0
[14:34:08.678066] Workload status changed to running
[14:34:08.794850] + mkdir -p /root
[14:34:08.796253] + cd /root
[14:34:08.796514] + cd /root/workspace/byungkwan-workspace/research/rfx
[14:34:08.801723] + echo '=== Patch Antenna + SBP-SAT Subgridding ==='
[14:34:08.801751] === Patch Antenna + SBP-SAT Subgridding ===
[14:34:08.801894] + hostname
[14:34:08.802691] + echo Node:run-execution-3s5fqtnfn9wb-0
[14:34:08.802716] Node:run-execution-3s5fqtnfn9wb-0
[14:34:08.802850] + date
[14:34:08.803875] Start:Wed Apr  1 14:34:08 UTC 2026
[14:34:08.803886] + echo 'Start:Wed Apr  1 14:34:08 UTC 2026'
[14:34:08.803894] + pip install -q -e .
[14:34:42.552917] WARNING: Running pip as the 'root' user can result in broken permissions and conflicting behaviour with the system package manager. It is recommended to use a virtual environment instead: https://pip.pypa.io/warnings/venv
[14:34:42.900264] + python -c 'import jax; print(f'"'"'Backend: {jax.default_backend()}, Devices: {jax.devices()}'"'"')'
[14:34:44.049719] Backend: gpu, Devices: [cuda(id=0)]
[14:34:44.169849] + python examples/05_patch_antenna_subgrid.py
[14:34:45.643517] Patch: 29.4 x 38.0 mm, substrate h=1.6 mm
[14:34:45.643880] Coarse dx=1.5 mm, Fine dx=0.25 mm (ratio=6)
[14:34:45.644064] Substrate cells: 6 (at fine resolution)
[14:34:45.644253] Domain: 59x68x17 mm
[14:34:45.855306] Saved: examples/05_patch_subgrid_geometry.png
[14:34:45.855341]
[14:34:45.855349] Running subgridded simulation (4000 steps)...
[14:43:01.337837]
[14:43:01.337875] === Spectral S11 Results (Subgridded) ===
[14:43:01.337882] Resonance: 1.73 GHz (design: 2.4 GHz)
[14:43:01.337887] S11 dip:   -9.7 dB
[14:43:01.337891] Freq error: 27.8%
[14:43:01.535931]
[14:43:01.535957] S11 plot saved: examples/05_patch_subgrid_s11.png
[14:43:01.535961]
[14:43:01.535965] === Done ===
[14:43:02.107410] + date
[14:43:02.108370] + echo '=== Done Wed Apr  1 14:43:02 UTC 2026 ==='
[14:43:02.108382] === Done Wed Apr  1 14:43:02 UTC 2026 ===
[14:43:02.140304] workload reported done
[14:43:02.140404] Workload status changed to stopping
[14:43:08.945585] + set +x
[14:43:13.968900] workload reported done
[14:43:13.969001] Workload status changed to waitToBeKilled
[14:43:15.000000] Stopping container run-sidecar
[14:43:15.000000] Stopping container run-exec
[14:43:15.000000] Terminating VESSL Workload...
[14:43:15.000000] Stopping container ttyd-sidecar
[14:43:15.000000] Stopping container fluentbit
[14:43:15.113820] workload completed
[14:43:15.113920] Workload status changed to completed
