Organization: remilab
Project: byungkwan
[13:15:13.707441] workload awaiting to start
[13:15:13.707541] Workload status changed to pending
[13:15:17.640801] Event Reason: FailedScheduling, Event Note: 0/13 nodes are available: pod has unbound immediate PersistentVolumeClaims. preemption: 0/13 nodes are available: 13 Preemption is not helpful for scheduling.
[13:15:17.640801] Workload is in queue for scheduling. Please wait...
[13:15:25.603496] Event Reason: FailedScheduling, Event Note: 0/13 nodes are available: pod has unbound immediate PersistentVolumeClaims. preemption: 0/13 nodes are available: 13 Preemption is not helpful for scheduling.
[13:15:25.603496] Workload is in queue for scheduling. Please wait...
[13:15:27.782151] VESSL Workload assigned successfully. Starting soon.
[13:15:28.000000] Container image "quay.io/vessl-ai/kernels-toolbox:0.1.188" already present on machine
[13:15:28.000000] Created container vops-init
[13:15:28.000000] Started container vops-init
[13:15:30.000000] Creating VESSL Workload...
[13:15:30.000000] Created container ttyd-sidecar
[13:15:30.000000] Starting VESSL Workload...
[13:15:30.000000] Created container run-exec
[13:15:30.000000] Started container run-exec
[13:15:30.000000] Created container fluentbit
[13:15:30.000000] Container image "nvcr.io/nvidia/jax:24.04-py3" already present on machine
[13:15:30.001000] Container image "nvcr.io/nvidia/jax:24.04-py3" already present on machine
[13:15:31.000000] Created container vops-sidecar
[13:15:31.000000] Started container vops-sidecar
[13:15:31.000000] Container image "quay.io/vessl-ai/kernels-toolbox:0.1.188" already present on machine
[13:15:31.000000] Started container ttyd-sidecar
[13:15:31.185811] Installing VESSL CLI...
[13:15:31.795622] workload reported alive as pod run-execution-veq244j7j4mb-0
[13:15:31.795722] Workload status changed to initializing
[13:15:32.943925] + set +x
[13:15:41.190375] vessl, version 0.1.199
[13:15:43.083750] workload reported alive as pod run-execution-veq244j7j4mb-0
[13:15:43.083850] Workload status changed to running
[13:15:43.294469] + mkdir -p /root
[13:15:43.295880] + cd /root
[13:15:43.296099] + cd /root/workspace/byungkwan-workspace/research/rfx
[13:15:43.301715] + echo '=== Patch Antenna S11 + Far-field on GPU ==='
[13:15:43.301729] === Patch Antenna S11 + Far-field on GPU ===
[13:15:43.301838] + hostname
[13:15:43.302593] + echo Node:run-execution-veq244j7j4mb-0
[13:15:43.302594] Node:run-execution-veq244j7j4mb-0
[13:15:43.302695] + date
[13:15:43.303523] + echo 'Start:Wed Apr  1 13:15:43 UTC 2026'
[13:15:43.303526] Start:Wed Apr  1 13:15:43 UTC 2026
[13:15:43.303533] + pip install -q -e .
[13:15:54.961649] WARNING: Running pip as the 'root' user can result in broken permissions and conflicting behaviour with the system package manager. It is recommended to use a virtual environment instead: https://pip.pypa.io/warnings/venv
[13:15:55.276634] + python -c 'import jax; print(f'"'"'Backend: {jax.default_backend()}, Devices: {jax.devices()}'"'"')'
[13:15:56.397043] Backend: gpu, Devices: [cuda(id=0)]
[13:15:56.575221] + python examples/04_patch_antenna.py
[13:15:58.023807] Patch: 29.4 x 38.0 mm, substrate h=1.6 mm
[13:15:58.403164] Domain: 69x78x17 mm, dx=0.5 mm
[13:15:58.403198] Feed: (29.8, 39.0) mm, extent=0.6 mm
[13:15:58.403204]
[13:15:58.403209] Rendering geometry...
[13:15:58.607147] Saved: examples/04_patch_geometry.png
[13:15:58.607173]
[13:15:58.607177] Running simulation (4000 steps)...
[13:16:06.480506]
[13:16:06.480556] === Spectral S11 Results ===
[13:16:06.480564] Resonance: 3.47 GHz (design: 2.4 GHz)
[13:16:06.480571] S11 dip:   21.9 dB
[13:16:06.480576] Freq error: 44.8%
[13:16:06.480583] -3dB BW:   1.51-3.47 GHz (56.6%)
[13:16:06.652515]
[13:16:06.652545] S11 plot saved: examples/04_patch_antenna_s11.png
[13:16:07.723999]
[13:16:07.724031] === Far-field Results ===
[13:16:07.724037] Directivity: 8.3 dBi at 2.4 GHz
[13:16:08.251848] Far-field plot saved: examples/04_patch_antenna_farfield.png
[13:16:08.251874]
[13:16:08.251878] === Done ===
[13:16:08.603966] + date
[13:16:08.604949] + echo '=== Done Wed Apr  1 13:16:08 UTC 2026 ==='
[13:16:08.604960] === Done Wed Apr  1 13:16:08 UTC 2026 ===
[13:16:08.615279] workload reported done
[13:16:08.615379] Workload status changed to stopping
[13:16:19.305351] + set +x
[13:16:24.340393] workload reported done
[13:16:24.340493] Workload status changed to waitToBeKilled
[13:16:27.000000] Stopping container run-sidecar
[13:16:27.000000] Stopping container run-exec
[13:16:27.000000] Terminating VESSL Workload...
[13:16:27.000000] Stopping container ttyd-sidecar
[13:16:27.000000] Stopping container fluentbit
[13:16:27.097556] workload completed
[13:16:27.097656] Workload status changed to completed
