Organization: remilab
Project: byungkwan
[06:53:48.402565] workload awaiting to start
[06:53:48.402666] Workload status changed to pending
[06:53:53.962717] VESSL Workload assigned successfully. Starting soon.
[06:53:54.000000] Container image "quay.io/vessl-ai/kernels-toolbox:0.1.188" already present on machine
[06:53:54.000000] Created container vops-init
[06:53:54.000000] Started container vops-init
[06:53:55.000000] Creating VESSL Workload...
[06:53:55.000000] Created container run-exec
[06:53:55.000000] Container image "nvcr.io/nvidia/jax:24.10-py3" already present on machine
[06:53:55.001000] Container image "nvcr.io/nvidia/jax:24.10-py3" already present on machine
[06:53:56.000000] Started container run-sidecar
[06:53:56.000000] Created container vops-sidecar
[06:53:56.000000] Created container ttyd-sidecar
[06:53:56.000000] Starting VESSL Workload...
[06:53:56.000000] Started container vops-sidecar
[06:53:56.000000] Container image "quay.io/vessl-ai/kernels-toolbox:0.1.188" already present on machine
[06:53:56.000000] Started container run-exec
[06:53:56.000000] Started container fluentbit
[06:53:56.000000] Created container fluentbit
[06:53:56.000000] Started container ttyd-sidecar
[06:53:56.000000] Container image "quay.io/vessl-ai/fluent-bit:2.1.6" already present on machine
[06:53:56.000000] Container image "quay.io/vessl-ai/sidecar:v0.0.3" already present on machine
[06:53:56.000000] Created container run-sidecar
[06:53:56.782956] Installing VESSL CLI...
[06:53:57.345183] workload reported alive as pod run-execution-5kkcaruxesmg-0
[06:53:57.345284] Workload status changed to initializing
[06:53:58.580725] + set +x
[06:54:01.588584] vessl, version 0.1.199
[06:54:03.667567] workload reported alive as pod run-execution-5kkcaruxesmg-0
[06:54:03.667667] Workload status changed to running
[06:54:03.789729] + mkdir -p /root
[06:54:03.791501] + cd /root
[06:54:03.791837] + set -euo pipefail
[06:54:03.791844] + cd /root
[06:54:03.791849] + git clone https://github.com/bk-squared/rfx.git
[06:54:03.794060] Cloning into 'rfx'...
[06:54:05.796388] + cd rfx
[06:54:05.796406] + pip install --quiet -e '.[all]'
[06:54:19.186099] WARNING: rfx 1807.8.6 does not provide the extra 'dashboard'
[06:54:19.186148] WARNING: rfx 1807.8.6 does not provide the extra 'dev'
[06:54:19.186154] WARNING: rfx 1807.8.6 does not provide the extra 'optimization'
[06:54:19.186327] WARNING: rfx 1807.8.6 does not provide the extra 'visualization'
[06:54:24.055383] WARNING: Running pip as the 'root' user can result in broken permissions and conflicting behaviour with the system package manager. It is recommended to use a virtual environment instead: https://pip.pypa.io/warnings/venv
[06:54:24.258428] + pip install --quiet scipy
[06:54:24.720071] + python -c 'import jax; print('"'"'JAX:'"'"', jax.devices()); import rfx; print('"'"'rfx'"'"', rfx.__version__)'
[06:54:25.025551] JAX: [CudaDevice(id=0)]
[06:54:25.354381] rfx 1.4.0
[06:54:25.440721] + mkdir -p /output/ex3
[06:54:25.441321] + cp /root/workspace/bk-workspace/papers/rfx-tap/experiments/ex3_flagship.py .
[06:54:25.450817] + OUTPUT_DIR=/output/ex3 python ex3_flagship.py
[06:54:25.939142] Device: DeviceInfo(backend='gpu', gpu_available=True, devices=[{'id': 0, 'kind': 'NVIDIA GeForce RTX 4090', 'platform': 'gpu'}])
[06:54:25.939175] WR-90: 22.9x10.2mm, f0=10GHz
[06:54:25.939177] dx=2.0mm, domain=80x80x80mm
[06:54:25.939178] N_STEPS: full=3148, opt=500
[06:54:25.939182] Design region: 23x10x10mm plug at aperture
[06:54:25.939183] eps range: 1.0 - 12.0
[06:54:25.939184]
[06:54:25.939185] === NTFF sanity check ===
[06:54:25.939295] /root/rfx/ex3_flagship.py:199: UserWarning: 'pec' y-extent 2.00mm = 1.0 cells — under-resolved (< 3 cells). Consider finer mesh for accurate results.
[06:54:25.939300]   result_check = sim.run(n_steps=N_STEPS_FULL)
[06:54:25.939304] /root/rfx/ex3_flagship.py:199: UserWarning: 'pec' x-extent 2.00mm = 1.0 cells — below 1 cell resolution. Use add_thin_conductor() for sub-cell PEC sheet.
[06:54:25.939305] /root/rfx/ex3_flagship.py:199: UserWarning: 'pec' x-extent 2.00mm = 1.0 cells — under-resolved (< 3 cells). Consider finer mesh for accurate results.
[06:54:25.939305]   result_check = sim.run(n_steps=N_STEPS_FULL)
[06:54:25.939306]   result_check = sim.run(n_steps=N_STEPS_FULL)
[06:54:25.939308] /root/rfx/ex3_flagship.py:199: UserWarning: 'pec' z-extent 2.00mm = 1.0 cells — under-resolved (< 3 cells). Consider finer mesh for accurate results.
[06:54:25.939309]   result_check = sim.run(n_steps=N_STEPS_FULL)
[06:54:31.208145]   Peak theta=177deg, D=7.61 (8.8 dBi)
[06:54:31.208190]
[06:54:31.208195] === Multi-objective directivity optimization (Adam) ===
[06:54:31.377645]   optimize: n_steps=500, grid=(57, 57, 57) (0.2M cells)
[06:54:54.589189]   iter    0  loss = 3.250525e+08
[06:58:22.868306]   iter   10  loss = 3.250518e+08
[07:01:50.075256]   iter   20  loss = 3.250512e+08
[07:05:17.318513]   iter   30  loss = 3.250501e+08
[07:08:44.513881]   iter   40  loss = 3.250491e+08
[07:12:11.467976]   iter   50  loss = 3.250485e+08
[07:15:18.681524]   iter   59  loss = 3.250478e+08
[07:15:18.736351] Adam: 60 iters in 1247.5s
[07:15:18.745424]
[07:15:18.745434] === DE baseline (wall-clock budget: 1248s) ===
[07:55:09.432277] E0408 07:55:09.432088     389 pjrt_stream_executor_client.cc:3067] Execution of replica 0 failed: RESOURCE_EXHAUSTED: Failed to get module function: CUDA_ERROR_OUT_OF_MEMORY: out of memory
[07:55:09.434936]   DE run error: RESOURCE_EXHAUSTED: Failed to get module function: CUDA_ERROR_OUT_OF_MEMORY: out of memory
[07:55:09.434943] DE: 731 evals in 2390.7s
[07:55:09.434945]
[07:55:09.434946] === Post-optimization full forward pass (dx=2mm, multi-freq) ===
[07:55:12.783114] E0408 07:55:12.782927     389 pjrt_stream_executor_client.cc:3067] Execution of replica 0 failed: RESOURCE_EXHAUSTED: Failed to get module function: CUDA_ERROR_OUT_OF_MEMORY: out of memory
[07:55:12.784690] jax.errors.SimplifiedTraceback: For simplicity, JAX has removed its internal frames from the traceback of the following exception. Set JAX_TRACEBACK_FILTERING=off to include these.
[07:55:12.784696]
[07:55:12.784698] The above exception was the direct cause of the following exception:
[07:55:12.784699]
[07:55:12.784700] Traceback (most recent call last):
[07:55:12.784701]   File "/root/rfx/ex3_flagship.py", line 311, in <module>
[07:55:12.784820]     result_opt_raw = sim_eval.forward(
[07:55:12.784826]   File "/root/rfx/rfx/api.py", line 2725, in forward
[07:55:12.785059]     return self._forward_from_materials(
[07:55:12.785065]   File "/root/rfx/rfx/api.py", line 2641, in _forward_from_materials
[07:55:12.785180]     result = _run(
[07:55:12.785186]   File "/root/rfx/rfx/simulation.py", line 839, in run
[07:55:12.785283]     final_carry, outputs = jax.lax.scan(body, carry_init, xs)
[07:55:12.785285] jaxlib.xla_extension.XlaRuntimeError: RESOURCE_EXHAUSTED: Failed to get module function: CUDA_ERROR_OUT_OF_MEMORY: out of memory
[07:55:35.827653] workload reported done
[07:55:35.827753] Workload status changed to stopping
[07:55:40.352422] workload reported done
[07:55:40.352522] Workload status changed to waitToBeKilled
[07:55:42.000000] Stopping container vops-sidecar
[07:55:42.000000] Stopping container run-sidecar
[07:55:42.000000] Stopping container run-exec
[07:55:42.000000] Terminating VESSL Workload...
[07:55:42.000000] Stopping container ttyd-sidecar
[07:55:42.000000] Stopping container fluentbit
[07:55:42.106942] workload failed
[07:55:42.107042] Workload status changed to failed
