Organization: remilab
Project: byungkwan
[15:10:00.402198] workload awaiting to start
[15:10:00.402298] Workload status changed to pending
[15:10:11.559771] Event Reason: FailedScheduling, Event Note: 0/13 nodes are available: pod has unbound immediate PersistentVolumeClaims. preemption: 0/13 nodes are available: 13 Preemption is not helpful for scheduling.
[15:10:11.559771] Workload is in queue for scheduling. Please wait...
[15:10:14.999524] Event Reason: FailedScheduling, Event Note: 0/13 nodes are available: pod has unbound immediate PersistentVolumeClaims. preemption: 0/13 nodes are available: 13 Preemption is not helpful for scheduling.
[15:10:14.999524] Workload is in queue for scheduling. Please wait...
[15:10:17.171876] Event Reason: FailedScheduling, Event Note: 0/13 nodes are available: pod has unbound immediate PersistentVolumeClaims. preemption: 0/13 nodes are available: 13 Preemption is not helpful for scheduling.
[15:10:17.171876] Workload is in queue for scheduling. Please wait...
[15:11:12.604645] VESSL Workload assigned successfully. Starting soon.
[15:11:13.000000] Container image "quay.io/vessl-ai/kernels-toolbox:0.1.188" already present on machine
[15:11:13.000000] Created container vops-init
[15:11:13.000000] Started container vops-init
[15:11:14.000000] Creating VESSL Workload...
[15:11:14.000000] Created container vops-sidecar
[15:11:14.000000] Started container vops-sidecar
[15:11:14.000000] Created container run-exec
[15:11:14.000000] Started container run-exec
[15:11:14.000000] Created container fluentbit
[15:11:14.000000] Container image "nvcr.io/nvidia/jax:24.10-py3" already present on machine
[15:11:14.000000] Container image "quay.io/vessl-ai/sidecar:v0.0.3" already present on machine
[15:11:14.001000] Container image "nvcr.io/nvidia/jax:24.10-py3" already present on machine
[15:11:14.950359] Installing VESSL CLI...
[15:11:15.636483] workload reported alive as pod run-execution-25oln2zevqfv-0
[15:11:15.636583] Workload status changed to initializing
[15:11:16.843159] + set +x
[15:11:19.508539] vessl, version 0.1.199
[15:11:21.998008] workload reported alive as pod run-execution-25oln2zevqfv-0
[15:11:21.998109] Workload status changed to running
[15:11:22.237851] + mkdir -p /root
[15:11:22.239795] + cd /root
[15:11:22.240426] + set -euo pipefail
[15:11:22.240456] + cd /root
[15:11:22.240463] + git clone https://github.com/BK3536/rfx.git
[15:11:22.242948] Cloning into 'rfx'...
[15:11:24.660968] + cd rfx
[15:11:24.660980] + pip install --quiet -e '.[all]'
[15:11:27.622509] WARNING: rfx 1807.8.6 does not provide the extra 'dashboard'
[15:11:27.622538] WARNING: rfx 1807.8.6 does not provide the extra 'dev'
[15:11:27.622702] WARNING: rfx 1807.8.6 does not provide the extra 'optimization'
[15:11:27.622716] WARNING: rfx 1807.8.6 does not provide the extra 'visualization'
[15:11:31.494937] WARNING: Running pip as the 'root' user can result in broken permissions and conflicting behaviour with the system package manager. It is recommended to use a virtual environment instead: https://pip.pypa.io/warnings/venv
[15:11:31.643155] + python -c 'import jax; print('"'"'JAX devices:'"'"', jax.devices())'
[15:11:31.978296] JAX devices: [CudaDevice(id=0)]
[15:11:32.024129] + nvidia-smi
[15:11:32.061015] Sat Apr  4 15:11:32 2026
[15:11:32.061023] +---------------------------------------------------------------------------------------+
[15:11:32.061025] | NVIDIA-SMI 535.288.01             Driver Version: 535.288.01   CUDA Version: 12.2     |
[15:11:32.061026] |-----------------------------------------+----------------------+----------------------+
[15:11:32.061027] | GPU  Name                 Persistence-M | Bus-Id        Disp.A | Volatile Uncorr. ECC |
[15:11:32.061028] | Fan  Temp   Perf          Pwr:Usage/Cap |         Memory-Usage | GPU-Util  Compute M. |
[15:11:32.061029] |                                         |                      |               MIG M. |
[15:11:32.061030] |=========================================+======================+======================|
[15:11:32.081751] |   0  NVIDIA GeForce RTX 4090        Off | 00000000:01:00.0 Off |                  Off |
[15:11:32.081754] |  0%   33C    P0              27W / 450W |      1MiB / 24564MiB |      5%      Default |
[15:11:32.081755] |                                         |                      |                  N/A |
[15:11:32.081756] +-----------------------------------------+----------------------+----------------------+
[15:11:32.081757]
[15:11:32.081758] +---------------------------------------------------------------------------------------+
[15:11:32.081759] | Processes:                                                                            |
[15:11:32.081760] |  GPU   GI   CI        PID   Type   Process name                            GPU Memory |
[15:11:32.081761] |        ID   ID                                                             Usage      |
[15:11:32.081762] |=======================================================================================|
[15:11:32.081786] |  No running processes found                                                           |
[15:11:32.081787] +---------------------------------------------------------------------------------------+
[15:11:32.128383] + mkdir -p /output/ex1
[15:11:32.129031] + cp /root/workspace/bk-workspace/papers/rfx-tap/experiments/ex1_patch_s11.py .
[15:11:32.159913] + OUTPUT_DIR=/output/ex1 python ex1_patch_s11.py
[15:11:32.931834] Device: DeviceInfo(backend='gpu', gpu_available=True, devices=[{'id': 0, 'kind': 'NVIDIA GeForce RTX 4090', 'platform': 'gpu'}])
[15:11:32.931985] SimConfig (accuracy='standard'):
[15:11:32.931992]   dx = 1.500 mm (50 cells/λ_min)
[15:11:32.931994]   domain = 50.0 × 50.0 × 12.0 mm
[15:11:32.931996]   cpml = 80 layers (120.0 mm)
[15:11:32.931998]   n_steps = 7077 (8.7 ns)
[15:11:32.931999]   freq = 1.00 – 4.00 GHz
[15:11:32.932001]   source = raw (PEC boundary: raw E-field source (no Cb normalization needed))
[15:11:32.932003]   dz = 0.400 – 1.667 mm (7 cells, non-uniform)
[15:11:32.932004]   WARNINGS:
[15:11:32.932006]     - Non-uniform z mesh enabled: 7 cells, dz=0.400–1.667 mm
[15:11:32.932008] Estimated memory: 925 MB
[15:11:32.932009]
[15:11:32.932010] === Gradient-based optimization (Adam) ===
[15:11:34.674019] /opt/jax/jax/_src/numpy/lax_numpy.py:4252: FutureWarning: None encountered in jnp.array(); this is currently treated as NaN. In the future this will result in an error.
[15:11:34.674040]   return array(a, dtype=dtype, copy=bool(copy), order=order, device=device)
[15:11:34.696939] jax.errors.SimplifiedTraceback: For simplicity, JAX has removed its internal frames from the traceback of the following exception. Set JAX_TRACEBACK_FILTERING=off to include these.
[15:11:34.696957]
[15:11:34.696959] The above exception was the direct cause of the following exception:
[15:11:34.696961]
[15:11:34.696963] Traceback (most recent call last):
[15:11:34.696965]   File "/root/rfx/ex1_patch_s11.py", line 107, in <module>
[15:11:34.696967]     opt = optimize(
[15:11:34.696968]   File "/root/rfx/rfx/optimize.py", line 190, in optimize
[15:11:34.696974]     loss, grad = grad_fn(latent)
[15:11:34.696976]   File "/root/rfx/rfx/optimize.py", line 185, in forward
[15:11:34.696978]     return objective(result)
[15:11:34.696979]   File "/root/rfx/rfx/optimize_objectives.py", line 71, in minimize_s11
[15:11:34.696981]     target_freqs = jnp.asarray(freqs, dtype=jnp.float32)
[15:11:34.696982]   File "/opt/jax/jax/_src/numpy/lax_numpy.py", line 4252, in asarray
[15:11:34.697242]     return array(a, dtype=dtype, copy=bool(copy), order=order, device=device)
[15:11:34.697254]   File "/opt/jax/jax/_src/numpy/lax_numpy.py", line 4077, in array
[15:11:34.697417]     out = stack([asarray(elt, dtype=dtype) for elt in object])
[15:11:34.697429]   File "/opt/jax/jax/_src/numpy/lax_numpy.py", line 4077, in <listcomp>
[15:11:34.697567]     out = stack([asarray(elt, dtype=dtype) for elt in object])
[15:11:34.697574]   File "/opt/jax/jax/_src/numpy/lax_numpy.py", line 4252, in asarray
[15:11:34.697716]     return array(a, dtype=dtype, copy=bool(copy), order=order, device=device)
[15:11:34.697722]   File "/opt/jax/jax/_src/numpy/lax_numpy.py", line 4077, in array
[15:11:34.697870]     out = stack([asarray(elt, dtype=dtype) for elt in object])
[15:11:34.697883]   File "/opt/jax/jax/_src/numpy/lax_numpy.py", line 3649, in stack
[15:11:34.698073]     raise ValueError("All input arrays must have the same shape.")
[15:11:34.698090] ValueError: All input arrays must have the same shape.
[15:11:34.945852] workload reported done
[15:11:34.945952] Workload status changed to stopping
[15:11:46.277276] workload reported done
[15:11:46.277376] Workload status changed to waitToBeKilled
[15:11:48.000000] Stopping container vops-sidecar
[15:11:48.000000] Stopping container run-sidecar
[15:11:48.000000] Stopping container run-exec
[15:11:48.000000] Terminating VESSL Workload...
[15:11:48.000000] Stopping container fluentbit
[15:11:48.068871] workload failed
[15:11:48.068971] Workload status changed to failed
