Organization: remilab
Project: byungkwan
[15:06:50.486882] workload awaiting to start
[15:06:50.486982] Workload status changed to pending
[15:06:56.904800] Event Reason: FailedScheduling, Event Note: 0/13 nodes are available: pod has unbound immediate PersistentVolumeClaims. preemption: 0/13 nodes are available: 13 Preemption is not helpful for scheduling.
[15:06:56.904800] Workload is in queue for scheduling. Please wait...
[15:07:10.959389] Event Reason: FailedScheduling, Event Note: 0/13 nodes are available: pod has unbound immediate PersistentVolumeClaims. preemption: 0/13 nodes are available: 13 Preemption is not helpful for scheduling.
[15:07:10.959389] Workload is in queue for scheduling. Please wait...
[15:07:13.892202] VESSL Workload assigned successfully. Starting soon.
[15:07:14.000000] Container image "quay.io/vessl-ai/kernels-toolbox:0.1.188" already present on machine
[15:07:14.000000] Created container vops-init
[15:07:14.000000] Started container vops-init
[15:07:15.000000] Creating VESSL Workload...
[15:07:15.000000] Created container run-exec
[15:07:15.000000] Container image "nvcr.io/nvidia/jax:24.04-py3" already present on machine
[15:07:15.001000] Container image "nvcr.io/nvidia/jax:24.04-py3" already present on machine
[15:07:16.000000] Started container run-sidecar
[15:07:16.000000] Created container vops-sidecar
[15:07:16.000000] Created container ttyd-sidecar
[15:07:16.000000] Starting VESSL Workload...
[15:07:16.000000] Started container vops-sidecar
[15:07:16.000000] Container image "quay.io/vessl-ai/kernels-toolbox:0.1.188" already present on machine
[15:07:16.000000] Started container run-exec
[15:07:16.000000] Started container fluentbit
[15:07:16.000000] Created container fluentbit
[15:07:16.000000] Started container ttyd-sidecar
[15:07:16.000000] Container image "quay.io/vessl-ai/fluent-bit:2.1.6" already present on machine
[15:07:16.000000] Container image "quay.io/vessl-ai/sidecar:v0.0.3" already present on machine
[15:07:16.000000] Created container run-sidecar
[15:07:16.581142] Installing VESSL CLI...
[15:07:17.281101] workload reported alive as pod run-execution-z6l7eipoqxx5-0
[15:07:17.281201] Workload status changed to initializing
[15:07:18.364023] + set +x
[15:07:27.253977] vessl, version 0.1.199
[15:07:28.517692] workload reported alive as pod run-execution-z6l7eipoqxx5-0
[15:07:28.517792] Workload status changed to running
[15:07:28.653196] + mkdir -p /root
[15:07:28.654652] + cd /root
[15:07:28.654874] + cd /root/workspace/byungkwan-workspace/research/rfx
[15:07:28.662755] + echo '=== Patch Antenna + SBP-SAT Subgridding ==='
[15:07:28.662770] === Patch Antenna + SBP-SAT Subgridding ===
[15:07:28.662934] + hostname
[15:07:28.663800] Node:run-execution-z6l7eipoqxx5-0
[15:07:28.663813] + echo Node:run-execution-z6l7eipoqxx5-0
[15:07:28.663959] + date
[15:07:28.665268] Start:Wed Apr  1 15:07:28 UTC 2026
[15:07:28.665281] + echo 'Start:Wed Apr  1 15:07:28 UTC 2026'
[15:07:28.665289] + pip install -q -e .
[15:07:40.265921] WARNING: Running pip as the 'root' user can result in broken permissions and conflicting behaviour with the system package manager. It is recommended to use a virtual environment instead: https://pip.pypa.io/warnings/venv
[15:07:40.601222] + python -c 'import jax; print(f'"'"'Backend: {jax.default_backend()}, Devices: {jax.devices()}'"'"')'
[15:07:41.989952] Backend: gpu, Devices: [cuda(id=0)]
[15:07:42.173140] + python examples/05_patch_antenna_subgrid.py
[15:07:43.669571] Patch: 29.4 x 38.0 mm, substrate h=1.6 mm
[15:07:43.670014] Coarse dx=2.0 mm, Fine dx=0.25 mm (ratio=8)
[15:07:43.670236] Substrate cells: 6 (at fine resolution)
[15:07:43.670439] Domain: 59x68x17 mm
[15:07:43.962148] Saved: examples/05_patch_subgrid_geometry.png
[15:07:43.962179]
[15:07:43.962185] Running subgridded simulation (20000 steps)...
[15:47:45.582928]
[15:47:45.582981] === Spectral S11 Results (Subgridded) ===
[15:47:45.582988] Resonance: 1.50 GHz (design: 2.4 GHz)
[15:47:45.582992] S11 dip:   6.0 dB
[15:47:45.582996] Freq error: 37.5%
[15:47:45.765992]
[15:47:45.766031] S11 plot saved: examples/05_patch_subgrid_s11.png
[15:47:45.766036]
[15:47:45.766041] === Done ===
[15:47:46.225149] + date
[15:47:46.229298] + echo '=== Done Wed Apr  1 15:47:46 UTC 2026 ==='
[15:47:46.229340] === Done Wed Apr  1 15:47:46 UTC 2026 ===
[15:47:46.259813] workload reported done
[15:47:46.259913] Workload status changed to stopping
[15:47:53.273417] + set +x
[15:47:58.299395] workload reported done
[15:47:58.299495] Workload status changed to waitToBeKilled
[15:48:00.000000] Stopping container vops-sidecar
[15:48:00.000000] Stopping container run-sidecar
[15:48:00.000000] Stopping container run-exec
[15:48:00.000000] Terminating VESSL Workload...
[15:48:00.000000] Stopping container ttyd-sidecar
[15:48:00.159372] workload completed
[15:48:00.159472] Workload status changed to completed
