Organization: remilab
Project: byungkwan
[09:24:18.368248] workload awaiting to start
[09:24:18.368348] Workload status changed to pending
[09:24:23.926090] Event Reason: FailedScheduling, Event Note: 0/13 nodes are available: pod has unbound immediate PersistentVolumeClaims. preemption: 0/13 nodes are available: 13 Preemption is not helpful for scheduling.
[09:24:23.926090] Workload is in queue for scheduling. Please wait...
[09:24:25.261041] VESSL Workload assigned successfully. Starting soon.
[09:24:26.000000] Container image "quay.io/vessl-ai/kernels-toolbox:0.1.188" already present on machine
[09:24:26.000000] Created container vops-init
[09:24:26.000000] Started container vops-init
[09:24:27.000000] Started container run-sidecar
[09:24:27.000000] Creating VESSL Workload...
[09:24:27.000000] Created container ttyd-sidecar
[09:24:27.000000] Starting VESSL Workload...
[09:24:27.000000] Created container run-exec
[09:24:27.000000] Container image "quay.io/vessl-ai/kernels-toolbox:0.1.188" already present on machine
[09:24:27.000000] Started container run-exec
[09:24:27.000000] Created container fluentbit
[09:24:27.000000] Container image "quay.io/vessl-ai/sidecar:v0.0.3" already present on machine
[09:24:27.000000] Container image "nvcr.io/nvidia/jax:24.04-py3" already present on machine
[09:24:27.001000] Container image "nvcr.io/nvidia/jax:24.04-py3" already present on machine
[09:24:28.000000] Created container vops-sidecar
[09:24:28.000000] Started container vops-sidecar
[09:24:28.000000] Container image "quay.io/vessl-ai/kernels-toolbox:0.1.188" already present on machine
[09:24:28.000000] Started container ttyd-sidecar
[09:24:28.189342] Installing VESSL CLI...
[09:24:28.789312] workload reported alive as pod run-execution-fu9nsm1oeait-0
[09:24:28.789412] Workload status changed to initializing
[09:24:29.971046] + set +x
[09:24:43.595463] vessl, version 0.1.199
[09:24:45.115294] workload reported alive as pod run-execution-fu9nsm1oeait-0
[09:24:45.115394] Workload status changed to running
[09:24:45.281479] + mkdir -p /root
[09:24:45.282928] + cd /root
[09:24:45.283185] + cd /root/workspace/byungkwan-workspace/research/rfx
[09:24:45.294785] + echo '=== Patch Antenna on GPU ==='
[09:24:45.294804] === Patch Antenna on GPU ===
[09:24:45.295000] + hostname
[09:24:45.295844] + echo Node:run-execution-fu9nsm1oeait-0
[09:24:45.295859] Node:run-execution-fu9nsm1oeait-0
[09:24:45.295988] + date
[09:24:45.297021] + echo 'Start:Wed Apr  1 09:24:45 UTC 2026'
[09:24:45.297028] + pip install -q -e .
[09:24:45.297028] Start:Wed Apr  1 09:24:45 UTC 2026
[09:24:57.172976] WARNING: Running pip as the 'root' user can result in broken permissions and conflicting behaviour with the system package manager. It is recommended to use a virtual environment instead: https://pip.pypa.io/warnings/venv
[09:24:57.475825] + python -c 'import jax; print(f'"'"'Backend: {jax.default_backend()}, Devices: {jax.devices()}'"'"')'
[09:24:58.739090] Backend: gpu, Devices: [cuda(id=0)]
[09:24:58.889763] + python examples/04_patch_antenna.py
[09:25:00.118857] Patch: 29.4 x 38.0 mm, substrate h=1.6 mm
[09:25:00.119214] Domain: 69x78x17 mm, dx=0.5 mm
[09:25:00.119395] Feed: (29.8, 39.0) mm, extent=1.6 mm
[09:25:00.119569] Running...
[09:25:07.211963]
[09:25:07.212144] Resonance: 521.48 GHz (design: 2.4 GHz)
[09:25:07.212159] S11 min:   -128.8 dB
[09:25:07.212170] Freq error: 21628.5%
[09:25:07.212200] -10dB BW:  3.02-524.50 GHz (100.0%)
[09:25:07.387751] Plot saved: examples/04_patch_antenna.png
[09:25:07.691198] + date
[09:25:07.692312] + echo '=== Done Wed Apr  1 09:25:07 UTC 2026 ==='
[09:25:07.692333] === Done Wed Apr  1 09:25:07 UTC 2026 ===
[09:25:07.718747] workload reported done
[09:25:07.718847] Workload status changed to stopping
[09:25:21.292536] + set +x
[09:25:26.313575] workload reported done
[09:25:26.313675] Workload status changed to waitToBeKilled
[09:25:27.000000] Stopping container run-sidecar
[09:25:27.000000] Stopping container run-exec
[09:25:27.000000] Terminating VESSL Workload...
[09:25:27.000000] Stopping container ttyd-sidecar
[09:25:27.000000] Stopping container fluentbit
[09:25:27.097707] workload completed
[09:25:27.097807] Workload status changed to completed
