Organization: remilab
Project: byungkwan
[02:54:17.383081] workload awaiting to start
[02:54:17.383181] Workload status changed to pending
[02:54:36.048633] Event Reason: FailedScheduling, Event Note: 0/13 nodes are available: pod has unbound immediate PersistentVolumeClaims. preemption: 0/13 nodes are available: 13 Preemption is not helpful for scheduling.
[02:54:36.048633] Workload is in queue for scheduling. Please wait...
[02:54:41.867799] Workload is in queue for scheduling. Please wait...
[02:54:41.867799] Event Reason: FailedScheduling, Event Note: 0/13 nodes are available: 3 Insufficient cpu, 3 Insufficient memory, 6 Insufficient nvidia.com/gpu, 7 node(s) didn't match Pod's node affinity/selector. preemption: 0/13 nodes are available: 6 No preemption victims found for incoming pod, 7 Preemption is not helpful for scheduling.
[02:58:45.548413] Workload is in queue for scheduling. Please wait...
[02:58:45.548413] Event Reason: FailedScheduling, Event Note: 0/13 nodes are available: 3 Insufficient cpu, 3 Insufficient memory, 6 Insufficient nvidia.com/gpu, 7 node(s) didn't match Pod's node affinity/selector. preemption: 0/13 nodes are available: 6 No preemption victims found for incoming pod, 7 Preemption is not helpful for scheduling.
[03:00:03.513047] Workload is in queue for scheduling. Please wait...
[03:00:03.513047] Event Reason: FailedScheduling, Event Note: 0/13 nodes are available: 3 Insufficient cpu, 3 Insufficient memory, 6 Insufficient nvidia.com/gpu, 7 node(s) didn't match Pod's node affinity/selector. preemption: 0/13 nodes are available: 6 No preemption victims found for incoming pod, 7 Preemption is not helpful for scheduling.
[03:12:24.529384] VESSL Workload assigned successfully. Starting soon.
[03:12:25.000000] Container image "quay.io/vessl-ai/kernels-toolbox:0.1.188" already present on machine
[03:12:25.000000] Created container vops-init
[03:12:25.000000] Started container vops-init
[03:12:26.000000] Creating VESSL Workload...
[03:12:26.000000] Created container run-exec
[03:12:26.000000] Container image "nvcr.io/nvidia/jax:24.10-py3" already present on machine
[03:12:26.001000] Container image "nvcr.io/nvidia/jax:24.10-py3" already present on machine
[03:12:27.000000] Created container vops-sidecar
[03:12:27.000000] Created container ttyd-sidecar
[03:12:27.000000] Starting VESSL Workload...
[03:12:27.000000] Started container vops-sidecar
[03:12:27.000000] Container image "quay.io/vessl-ai/kernels-toolbox:0.1.188" already present on machine
[03:12:27.000000] Started container run-exec
[03:12:27.000000] Started container ttyd-sidecar
[03:12:27.000000] Container image "quay.io/vessl-ai/sidecar:v0.0.3" already present on machine
[03:12:27.000000] Created container run-sidecar
[03:12:27.613488] Installing VESSL CLI...
[03:12:28.429626] workload reported alive as pod run-execution-3dkrbt1nxtnw-0
[03:12:28.429726] Workload status changed to initializing
[03:12:29.681138] + set +x
[03:12:32.791770] vessl, version 0.1.199
[03:12:34.796718] workload reported alive as pod run-execution-3dkrbt1nxtnw-0
[03:12:34.796818] Workload status changed to running
[03:12:35.244567] + mkdir -p /root
[03:12:35.246680] + cd /root
[03:12:35.247220] + set -euo pipefail
[03:12:35.247250] + cd /root
[03:12:35.247257] + git clone https://github.com/BK3536/rfx.git
[03:12:35.249398] Cloning into 'rfx'...
[03:12:37.545135] + cd rfx
[03:12:37.545154] + pip install --quiet -e '.[all]' cma
[03:12:41.033690] WARNING: rfx 1807.8.6 does not provide the extra 'dashboard'
[03:12:41.033718] WARNING: rfx 1807.8.6 does not provide the extra 'dev'
[03:12:41.033723] WARNING: rfx 1807.8.6 does not provide the extra 'optimization'
[03:12:41.033852] WARNING: rfx 1807.8.6 does not provide the extra 'visualization'
[03:12:46.223695] WARNING: Running pip as the 'root' user can result in broken permissions and conflicting behaviour with the system package manager. It is recommended to use a virtual environment instead: https://pip.pypa.io/warnings/venv
[03:12:46.424970] + python -c 'import jax; print('"'"'JAX devices:'"'"', jax.devices())'
[03:12:46.732286] JAX devices: [CudaDevice(id=0)]
[03:12:46.784174] + nvidia-smi
[03:12:46.814690] Sun Apr  5 03:12:46 2026
[03:12:46.814734] +---------------------------------------------------------------------------------------+
[03:12:46.814746] | NVIDIA-SMI 535.288.01             Driver Version: 535.288.01   CUDA Version: 12.2     |
[03:12:46.814755] |-----------------------------------------+----------------------+----------------------+
[03:12:46.814762] | GPU  Name                 Persistence-M | Bus-Id        Disp.A | Volatile Uncorr. ECC |
[03:12:46.814767] | Fan  Temp   Perf          Pwr:Usage/Cap |         Memory-Usage | GPU-Util  Compute M. |
[03:12:46.814773] |                                         |                      |               MIG M. |
[03:12:46.814779] |=========================================+======================+======================|
[03:12:46.836339] |   0  NVIDIA GeForce RTX 4090        Off | 00000000:01:00.0 Off |                  Off |
[03:12:46.836355] |  0%   46C    P0              21W / 450W |      1MiB / 24564MiB |      0%      Default |
[03:12:46.836358] |                                         |                      |                  N/A |
[03:12:46.836360] +-----------------------------------------+----------------------+----------------------+
[03:12:46.836362]
[03:12:46.836364] +---------------------------------------------------------------------------------------+
[03:12:46.836366] | Processes:                                                                            |
[03:12:46.836367] |  GPU   GI   CI        PID   Type   Process name                            GPU Memory |
[03:12:46.836369] |        ID   ID                                                             Usage      |
[03:12:46.836372] |=======================================================================================|
[03:12:46.836374] |  No running processes found                                                           |
[03:12:46.836375] +---------------------------------------------------------------------------------------+
[03:12:46.894448] + mkdir -p /output/ex1
[03:12:46.895172] + cp /root/workspace/bk-workspace/papers/rfx-tap/experiments/ex1_patch_antenna.py .
[03:12:46.930151] + OUTPUT_DIR=/output/ex1 python ex1_patch_antenna.py
[03:12:47.545906] Device: DeviceInfo(backend='gpu', gpu_available=True, devices=[{'id': 0, 'kind': 'NVIDIA GeForce RTX 4090', 'platform': 'gpu'}])
[03:12:47.546018] SimConfig (accuracy='standard'):
[03:12:47.546021]   dx = 3.000 mm (25 cells/λ_min)
[03:12:47.546022]   domain = 194.9 × 194.9 × 151.5 mm
[03:12:47.546023]   cpml = 40 layers (120.0 mm)
[03:12:47.546024]   n_steps = 6739 (8.7 ns)
[03:12:47.546025]   freq = 1.00 – 4.00 GHz
[03:12:47.546026]   source = j_source (CPML boundary: J-source with Cb/dV normalization (Meep convention))
[03:12:47.546027]   dz = 0.400 – 2.998 mm (29 cells, non-uniform)
[03:12:47.546028]   WARNINGS:
[03:12:47.546029]     - Non-uniform z mesh enabled: 29 cells, dz=0.400–2.998 mm
[03:12:47.546031] Estimated memory: 2608 MB
[03:12:47.546067]
[03:12:47.546068] === Gradient-based optimisation (Adam) ===
[03:12:50.344891] 2026-04-05 03:12:50.344674: W external/xla/xla/service/hlo_rematerialization.cc:3005] Can't reduce memory use below -65.39GiB (-70214337781 bytes) by rematerialization; only reduced to 112.75GiB (121062449065 bytes), down from 112.75GiB (121062757581 bytes) originally
[03:13:11.038718] 2026-04-05 03:13:11.038488: W external/xla/xla/tsl/framework/bfc_allocator.cc:497] Allocator (GPU_0_bfc) ran out of memory trying to allocate 9.17GiB (rounded to 9847992064)requested by op
[03:13:11.039171] 2026-04-05 03:13:11.039021: W external/xla/xla/tsl/framework/bfc_allocator.cc:508] ******************************************************______________________________________________
[03:13:11.039395] E0405 03:13:11.039191     335 pjrt_stream_executor_client.cc:3067] Execution of replica 0 failed: RESOURCE_EXHAUSTED: Out of memory while trying to allocate 9847992000 bytes.
[03:13:11.049064] jax.errors.SimplifiedTraceback: For simplicity, JAX has removed its internal frames from the traceback of the following exception. Set JAX_TRACEBACK_FILTERING=off to include these.
[03:13:11.049070]
[03:13:11.049072] The above exception was the direct cause of the following exception:
[03:13:11.049073]
[03:13:11.049074] Traceback (most recent call last):
[03:13:11.049075]   File "/root/rfx/ex1_patch_antenna.py", line 142, in <module>
[03:13:11.049173]     opt = optimize(
[03:13:11.049179]   File "/root/rfx/rfx/optimize.py", line 222, in optimize
[03:13:11.049183]     loss, grad = grad_fn(latent)
[03:13:11.049184]   File "/root/rfx/rfx/optimize.py", line 202, in forward
[03:13:11.049264]     result = _run(
[03:13:11.049270]   File "/root/rfx/rfx/simulation.py", line 813, in run
[03:13:11.049360]     final_carry, outputs = jax.lax.scan(body, carry_init, xs)
[03:13:11.049365] jaxlib.xla_extension.XlaRuntimeError: RESOURCE_EXHAUSTED: Out of memory while trying to allocate 9847992000 bytes.
[03:13:11.348652] workload reported done
[03:13:11.348752] Workload status changed to stopping
[03:13:23.243148] workload reported done
[03:13:23.243248] Workload status changed to waitToBeKilled
[03:13:24.000000] Stopping container vops-sidecar
[03:13:24.000000] Stopping container run-exec
[03:13:24.000000] Terminating VESSL Workload...
[03:13:24.000000] Stopping container ttyd-sidecar
[03:13:24.000000] Stopping container fluentbit
[03:13:24.056278] workload failed
[03:13:24.056378] Workload status changed to failed
