Organization: remilab
Project: byungkwan
[19:23:25.120180] workload awaiting to start
[19:23:25.120280] Workload status changed to pending
[19:23:29.623772] Event Reason: FailedScheduling, Event Note: 0/13 nodes are available: pod has unbound immediate PersistentVolumeClaims. preemption: 0/13 nodes are available: 13 Preemption is not helpful for scheduling.
[19:23:29.623772] Workload is in queue for scheduling. Please wait...
[19:23:34.459897] VESSL Workload assigned successfully. Starting soon.
[19:23:35.000000] Container image "quay.io/vessl-ai/kernels-toolbox:0.1.188" already present on machine
[19:23:35.000000] Created container vops-init
[19:23:35.000000] Started container vops-init
[19:23:36.000000] Creating VESSL Workload...
[19:23:36.000000] Starting VESSL Workload...
[19:23:36.000000] Created container run-exec
[19:23:36.000000] Started container run-exec
[19:23:36.000000] Container image "nvcr.io/nvidia/jax:24.10-py3" already present on machine
[19:23:36.000000] Container image "quay.io/vessl-ai/sidecar:v0.0.3" already present on machine
[19:23:36.001000] Container image "nvcr.io/nvidia/jax:24.10-py3" already present on machine
[19:23:37.000000] Started container run-sidecar
[19:23:37.000000] Created container vops-sidecar
[19:23:37.000000] Created container ttyd-sidecar
[19:23:37.000000] Started container vops-sidecar
[19:23:37.000000] Container image "quay.io/vessl-ai/kernels-toolbox:0.1.188" already present on machine
[19:23:37.000000] Started container fluentbit
[19:23:37.000000] Started container ttyd-sidecar
[19:23:37.497114] Installing VESSL CLI...
[19:23:38.175658] workload reported alive as pod run-execution-oti0wgcjkeo1-0
[19:23:38.175758] Workload status changed to initializing
[19:23:39.303734] + set +x
[19:23:41.919434] vessl, version 0.1.199
[19:23:44.411430] workload reported alive as pod run-execution-oti0wgcjkeo1-0
[19:23:44.411530] Workload status changed to running
[19:23:44.672917] + mkdir -p /root
[19:23:44.674823] + cd /root
[19:23:44.675352] + cd /root/workspace/byungkwan-workspace/research/rfx
[19:23:44.691030] + git config --global --add safe.directory /root/workspace/byungkwan-workspace/research/rfx
[19:23:44.716829] + git pull --ff-only origin main
[19:23:46.112533] From https://github.com/BK3536/rfx
[19:23:46.112569]  * branch            main       -> FETCH_HEAD
[19:23:46.294309] Already up to date.
[19:23:46.295232] + pip install -q -e '.[dev]'
[19:23:54.683860] WARNING: Running pip as the 'root' user can result in broken permissions and conflicting behaviour with the system package manager. It is recommended to use a virtual environment instead: https://pip.pypa.io/warnings/venv
[19:23:54.842408] + echo '=== Crossval #10: OpenEMS Patch Antenna ==='
[19:23:54.842427] + python examples/crossval/10_openems_patch_antenna.py
[19:23:54.842463] === Crossval #10: OpenEMS Patch Antenna ===
[19:23:55.980359] ============================================================
[19:23:55.980415] Cross-Validation #2: OpenEMS Simple Patch Antenna
[19:23:55.980421] ============================================================
[19:23:55.980428] Patch: 32 x 40 mm on eps_r=3.38
[19:23:55.980433] Substrate: h=1.524mm, 60x60mm
[19:23:55.980437] Analytical f_r: 2.038 GHz
[19:23:55.980441]
[19:23:55.980445] dx = 1.50 mm, dz_sub = 0.381 mm
[19:23:55.980456] z-cells: 4 substrate + 99 air = 103 total
[19:23:55.980719] Steps: 8000
[19:23:55.980752]
[19:24:27.271748] FAIL: no resonance found
[19:24:27.271862]
[19:24:27.285594] NTFF extraction: 'NoneType' object has no attribute 'freqs'
[19:24:27.588704]
[19:24:27.588727] Plot saved: /root/workspace/byungkwan-workspace/research/rfx/examples/crossval/10_openems_patch_antenna.png
[19:24:27.737510] + echo '=== Crossval #08: Dipole Radiation (fixed) ==='
[19:24:27.737527] + python examples/crossval/08_dipole_radiation.py
[19:24:27.737538] === Crossval #08: Dipole Radiation (fixed) ===
[19:24:28.774971] ============================================================
[19:24:28.775016] Cross-Validation: Dipole Radiation Pattern
[19:24:28.775023] ============================================================
[19:24:28.775027] Source: Ez dipole at 5 GHz
[19:24:28.775031] Domain: 80mm, dx=1.0mm
[19:24:28.775034]
[19:24:28.775048] Grid: 101x101x101, steps=4197
[19:24:34.451599]
[19:24:34.451627] E-plane correlation with sin²(theta): 0.9987
[19:24:34.451629] H-plane correlation with sin²(theta): 0.9987
[19:24:34.451631] Max far-field power: 6.1606e-39
[19:24:34.451633] FAIL: correlation E=0.999
[19:24:34.735416] Plot saved: /root/workspace/byungkwan-workspace/research/rfx/examples/crossval/08_dipole_radiation.png
[19:24:34.844494] workload reported done
[19:24:34.844594] Workload status changed to stopping
[19:24:34.865000] === DONE ===
[19:24:34.865000] + echo '=== DONE ==='
[19:24:44.807849] + set +x
[19:24:49.801785] workload reported done
[19:24:49.801886] Workload status changed to waitToBeKilled
[19:24:51.000000] Stopping container vops-sidecar
[19:24:51.000000] Stopping container run-sidecar
[19:24:51.000000] Stopping container run-exec
[19:24:51.000000] Terminating VESSL Workload...
[19:24:51.000000] Stopping container ttyd-sidecar
[19:24:51.000000] Stopping container fluentbit
[19:24:51.093370] workload completed
[19:24:51.093470] Workload status changed to completed
