Organization: remilab
Project: byungkwan
[08:38:39.599204] workload awaiting to start
[08:38:39.599304] Workload status changed to pending
[08:38:44.952855] VESSL Workload assigned successfully. Starting soon.
[08:38:46.000000] Container image "quay.io/vessl-ai/kernels-toolbox:0.1.188" already present on machine
[08:38:46.000000] Created container vops-init
[08:38:46.000000] Started container vops-init
[08:38:47.000000] Started container run-sidecar
[08:38:47.000000] Creating VESSL Workload...
[08:38:47.000000] Created container vops-sidecar
[08:38:47.000000] Created container ttyd-sidecar
[08:38:47.000000] Starting VESSL Workload...
[08:38:47.000000] Started container vops-sidecar
[08:38:47.000000] Created container run-exec
[08:38:47.000000] Container image "quay.io/vessl-ai/kernels-toolbox:0.1.188" already present on machine
[08:38:47.000000] Started container run-exec
[08:38:47.000000] Started container fluentbit
[08:38:47.000000] Created container fluentbit
[08:38:47.000000] Container image "nvcr.io/nvidia/jax:24.10-py3" already present on machine
[08:38:47.000000] Started container ttyd-sidecar
[08:38:47.000000] Container image "quay.io/vessl-ai/fluent-bit:2.1.6" already present on machine
[08:38:47.000000] Container image "quay.io/vessl-ai/sidecar:v0.0.3" already present on machine
[08:38:47.000000] Created container run-sidecar
[08:38:47.001000] Container image "nvcr.io/nvidia/jax:24.10-py3" already present on machine
[08:38:47.936640] Installing VESSL CLI...
[08:38:48.676548] workload reported alive as pod run-execution-zvj09c0iigek-0
[08:38:48.676648] Workload status changed to initializing
[08:38:49.920463] + set +x
[08:38:52.923686] vessl, version 0.1.199
[08:38:55.045692] workload reported alive as pod run-execution-zvj09c0iigek-0
[08:38:55.045792] Workload status changed to running
[08:38:55.184231] + mkdir -p /root
[08:38:55.186118] + cd /root
[08:38:55.186606] + set -euo pipefail
[08:38:55.186638] + cd /root
[08:38:55.186645] + git clone https://github.com/bk-squared/rfx.git
[08:38:55.188822] Cloning into 'rfx'...
[08:38:57.584566] + cd rfx
[08:38:57.584585] + pip install --quiet -e '.[all]'
[08:39:01.139519] WARNING: rfx 1807.8.6 does not provide the extra 'dashboard'
[08:39:01.139555] WARNING: rfx 1807.8.6 does not provide the extra 'dev'
[08:39:01.139675] WARNING: rfx 1807.8.6 does not provide the extra 'optimization'
[08:39:01.139681] WARNING: rfx 1807.8.6 does not provide the extra 'visualization'
[08:39:06.001086] WARNING: Running pip as the 'root' user can result in broken permissions and conflicting behaviour with the system package manager. It is recommended to use a virtual environment instead: https://pip.pypa.io/warnings/venv
[08:39:06.204205] + python -c 'import jax; print('"'"'JAX devices:'"'"', jax.devices())'
[08:39:06.465678] JAX devices: [CudaDevice(id=0)]
[08:39:06.513964] + nvidia-smi
[08:39:06.550183] Mon Apr  6 08:39:06 2026
[08:39:06.550192] +---------------------------------------------------------------------------------------+
[08:39:06.550197] | NVIDIA-SMI 535.288.01             Driver Version: 535.288.01   CUDA Version: 12.2     |
[08:39:06.550200] |-----------------------------------------+----------------------+----------------------+
[08:39:06.550209] | GPU  Name                 Persistence-M | Bus-Id        Disp.A | Volatile Uncorr. ECC |
[08:39:06.550214] | Fan  Temp   Perf          Pwr:Usage/Cap |         Memory-Usage | GPU-Util  Compute M. |
[08:39:06.550218] |                                         |                      |               MIG M. |
[08:39:06.550221] |=========================================+======================+======================|
[08:39:06.566015] |   0  NVIDIA GeForce RTX 4090        Off | 00000000:01:00.0 Off |                  Off |
[08:39:06.566032] |  0%   44C    P0              22W / 450W |      1MiB / 24564MiB |      0%      Default |
[08:39:06.566034] |                                         |                      |                  N/A |
[08:39:06.566035] +-----------------------------------------+----------------------+----------------------+
[08:39:06.566036]
[08:39:06.566037] +---------------------------------------------------------------------------------------+
[08:39:06.566038] | Processes:                                                                            |
[08:39:06.566039] |  GPU   GI   CI        PID   Type   Process name                            GPU Memory |
[08:39:06.566040] |        ID   ID                                                             Usage      |
[08:39:06.566041] |=======================================================================================|
[08:39:06.566142] |  No running processes found                                                           |
[08:39:06.566150] +---------------------------------------------------------------------------------------+
[08:39:06.609526] + mkdir -p /output/ex3
[08:39:06.610072] + cp /root/workspace/bk-workspace/papers/rfx-tap/experiments/ex3_farfield_steering.py .
[08:39:06.635627] + OUTPUT_DIR=/output/ex3 python ex3_farfield_steering.py
[08:39:07.250572] Device: DeviceInfo(backend='gpu', gpu_available=True, devices=[{'id': 0, 'kind': 'NVIDIA GeForce RTX 4090', 'platform': 'gpu'}])
[08:39:07.250591] Lambda=60mm, domain=90mm, dx=3.0mm
[08:39:07.250592] NTFF margin: 33mm
[08:39:07.250593] Design region: 18x30x30 mm block, +x side of dipole
[08:39:07.250594]
[08:39:07.250595] === NTFF sanity check ===
[08:39:10.930151]   theta=  0 deg: P = 4.530466e-35
[08:39:10.930171]   theta= 60 deg: P = 7.676064e-30
[08:39:10.930172]   theta= 90 deg: P = 1.026404e-29
[08:39:10.930173]   theta=120 deg: P = 7.803149e-30
[08:39:10.930174]   theta=180 deg: P = 5.829232e-34
[08:39:10.930179]   Directivity = 1.11 (0.4 dBi)
[08:39:10.930180]
[08:39:10.930182] === Beam steering: optimize eps_r to steer from θ=90° toward θ=60° ===
[08:39:11.097738]   optimize: n_steps=600, grid=(47, 47, 47) (0.1M cells)
[08:39:34.591708]   iter    0  loss = -6.886576e-30
[08:43:13.471627]   iter   10  loss = -6.886576e-30
[08:46:54.744025]   iter   20  loss = -6.886576e-30
[08:50:34.668400]   iter   30  loss = -6.886576e-30
[08:54:16.426370]   iter   40  loss = -6.886576e-30
[08:57:56.819037]   iter   50  loss = -6.886576e-30
[09:01:16.451371]   iter   59  loss = -6.886576e-30
[09:01:16.520956] Optimization: 60 iters in 1325.6s
[09:01:16.520980]
[09:01:16.520983] === Computing final radiation patterns ===
[09:01:22.871625] Initial: peak at θ=90°, D=4.76 (6.8 dBi)
[09:01:22.871654] Optimized: peak at θ=90°, D=4.76 (6.8 dBi)
[09:01:22.871655] Target θ=60°, achieved θ=90°, error=30°
[09:01:22.871805]
[09:01:22.871814] Metrics: {
[09:01:22.871818]   "experiment": "ex3_farfield_steering",
[09:01:22.871821]   "device": "DeviceInfo(backend='gpu', gpu_available=True, devices=[{'id': 0, 'kind': 'NVIDIA GeForce RTX 4090', 'platform': 'gpu'}])",
[09:01:22.871823]   "freq_ghz": 5.0,
[09:01:22.871824]   "dx_mm": 3.0,
[09:01:22.871825]   "domain_mm": 90.0,
[09:01:22.871826]   "n_steps_opt": 600,
[09:01:22.871827]   "n_iterations": 60,
[09:01:22.871829]   "optimization_time_s": 1325.6,
[09:01:22.871832]   "initial_loss": -6.886576290168051e-30,
[09:01:22.871833]   "final_loss": -6.886576290168051e-30,
[09:01:22.871834]   "initial_peak_theta_deg": 90.0,
[09:01:22.871835]   "optimized_peak_theta_deg": 90.0,
[09:01:22.871836]   "target_theta_deg": 60.0,
[09:01:22.871838]   "steering_error_deg": 30.0,
[09:01:22.871839]   "initial_directivity_dBi": 6.8,
[09:01:22.871840]   "optimized_directivity_dBi": 6.8
[09:01:22.871841] }
[09:01:23.010575] Saved: pattern_comparison.png
[09:01:23.088820] Saved: convergence.png
[09:01:23.204340] Saved: eps_design.png
[09:01:23.204357]
[09:01:23.204359] Results saved to /output/ex3/
[09:01:29.774398] [done] ex3 farfield
[09:01:29.774411] + echo '[done] ex3 farfield'
[09:01:29.797518] workload reported done
[09:01:29.797619] Workload status changed to stopping
[09:01:31.399233] + set +x
[09:01:36.433803] workload reported done
[09:01:36.433903] Workload status changed to waitToBeKilled
[09:01:39.000000] Stopping container vops-sidecar
[09:01:39.000000] Stopping container run-sidecar
[09:01:39.000000] Stopping container run-exec
[09:01:39.000000] Terminating VESSL Workload...
[09:01:39.000000] Stopping container ttyd-sidecar
[09:01:39.000000] Stopping container fluentbit
[09:01:39.156690] workload completed
[09:01:39.156790] Workload status changed to completed
