Organization: remilab
Project: byungkwan
[06:16:58.361412] workload awaiting to start
[06:16:58.361512] Workload status changed to pending
[06:17:02.922060] VESSL Workload assigned successfully. Starting soon.
[06:17:04.000000] Container image "quay.io/vessl-ai/kernels-toolbox:0.1.188" already present on machine
[06:17:04.000000] Created container vops-init
[06:17:04.000000] Container image "nvcr.io/nvidia/jax:24.10-py3" already present on machine
[06:17:04.000000] Started container vops-init
[06:17:04.001000] Container image "nvcr.io/nvidia/jax:24.10-py3" already present on machine
[06:17:05.000000] Started container run-sidecar
[06:17:05.000000] Creating VESSL Workload...
[06:17:05.000000] Created container vops-sidecar
[06:17:05.000000] Starting VESSL Workload...
[06:17:05.000000] Started container vops-sidecar
[06:17:05.000000] Created container run-exec
[06:17:05.000000] Container image "quay.io/vessl-ai/kernels-toolbox:0.1.188" already present on machine
[06:17:05.000000] Started container run-exec
[06:17:05.000000] Started container fluentbit
[06:17:05.000000] Created container fluentbit
[06:17:05.000000] Started container ttyd-sidecar
[06:17:05.000000] Container image "quay.io/vessl-ai/sidecar:v0.0.3" already present on machine
[06:17:05.000000] Created container run-sidecar
[06:17:05.884100] Installing VESSL CLI...
[06:17:06.584659] workload reported alive as pod run-execution-yo89dtzwqkm5-0
[06:17:06.584759] Workload status changed to initializing
[06:17:07.758616] + set +x
[06:17:11.068396] vessl, version 0.1.199
[06:17:12.880013] workload reported alive as pod run-execution-yo89dtzwqkm5-0
[06:17:12.880113] Workload status changed to running
[06:17:13.003191] + mkdir -p /root
[06:17:13.005062] + cd /root
[06:17:13.005702] + set -euo pipefail
[06:17:13.005732] + cd /root
[06:17:13.005739] + git clone https://github.com/bk-squared/rfx.git
[06:17:13.007966] Cloning into 'rfx'...
[06:17:15.374949] + cd rfx
[06:17:15.374964] + pip install --quiet -e '.[all]'
[06:17:18.559811] WARNING: rfx 1807.8.6 does not provide the extra 'dashboard'
[06:17:18.559845] WARNING: rfx 1807.8.6 does not provide the extra 'dev'
[06:17:18.559944] WARNING: rfx 1807.8.6 does not provide the extra 'optimization'
[06:17:18.559953] WARNING: rfx 1807.8.6 does not provide the extra 'visualization'
[06:17:23.823107] WARNING: Running pip as the 'root' user can result in broken permissions and conflicting behaviour with the system package manager. It is recommended to use a virtual environment instead: https://pip.pypa.io/warnings/venv
[06:17:24.020502] + python -c 'import jax; print('"'"'JAX devices:'"'"', jax.devices())'
[06:17:24.326620] JAX devices: [CudaDevice(id=0)]
[06:17:24.372615] + nvidia-smi
[06:17:24.406806] Tue Apr  7 06:17:24 2026
[06:17:24.406847] +---------------------------------------------------------------------------------------+
[06:17:24.406857] | NVIDIA-SMI 535.288.01             Driver Version: 535.288.01   CUDA Version: 12.2     |
[06:17:24.406864] |-----------------------------------------+----------------------+----------------------+
[06:17:24.406870] | GPU  Name                 Persistence-M | Bus-Id        Disp.A | Volatile Uncorr. ECC |
[06:17:24.406874] | Fan  Temp   Perf          Pwr:Usage/Cap |         Memory-Usage | GPU-Util  Compute M. |
[06:17:24.406880] |                                         |                      |               MIG M. |
[06:17:24.406885] |=========================================+======================+======================|
[06:17:24.427467] |   0  NVIDIA GeForce RTX 4090        Off | 00000000:01:00.0 Off |                  Off |
[06:17:24.427483] |  0%   33C    P0              22W / 450W |      1MiB / 24564MiB |      1%      Default |
[06:17:24.427485] |                                         |                      |                  N/A |
[06:17:24.427486] +-----------------------------------------+----------------------+----------------------+
[06:17:24.427488]
[06:17:24.427489] +---------------------------------------------------------------------------------------+
[06:17:24.427490] | Processes:                                                                            |
[06:17:24.427491] |  GPU   GI   CI        PID   Type   Process name                            GPU Memory |
[06:17:24.427493] |        ID   ID                                                             Usage      |
[06:17:24.427494] |=======================================================================================|
[06:17:24.427498] |  No running processes found                                                           |
[06:17:24.427499] +---------------------------------------------------------------------------------------+
[06:17:24.470784] + mkdir -p /output/ex3
[06:17:24.471409] + cp /root/workspace/bk-workspace/papers/rfx-tap/experiments/ex3_farfield_steering.py .
[06:17:24.501953] + OUTPUT_DIR=/output/ex3 python ex3_farfield_steering.py
[06:17:25.104892] Device: DeviceInfo(backend='gpu', gpu_available=True, devices=[{'id': 0, 'kind': 'NVIDIA GeForce RTX 4090', 'platform': 'gpu'}])
[06:17:25.104910] WR-90: 22.9x10.2mm, f0=10GHz
[06:17:25.104918] dx=2.0mm, domain=80x80x80mm
[06:17:25.104920] N_STEPS: full=3148, opt=800
[06:17:25.104932] Design region: dielectric plug 23x10x10mm at aperture
[06:17:25.104950] eps range: 1.0 - 12.0
[06:17:25.104952]
[06:17:25.104954] === NTFF sanity check ===
[06:17:25.105181] /root/rfx/ex3_farfield_steering.py:178: UserWarning: 'pec' y-extent 2.00mm = 1.0 cells — under-resolved (< 3 cells). Consider finer mesh for accurate results.
[06:17:25.105198]   result_check = sim.run(n_steps=N_STEPS_FULL)
[06:17:25.105210] /root/rfx/ex3_farfield_steering.py:178: UserWarning: 'pec' x-extent 2.00mm = 1.0 cells — below 1 cell resolution. Use add_thin_conductor() for sub-cell PEC sheet.
[06:17:25.105213]   result_check = sim.run(n_steps=N_STEPS_FULL)
[06:17:25.105215] /root/rfx/ex3_farfield_steering.py:178: UserWarning: 'pec' x-extent 2.00mm = 1.0 cells — under-resolved (< 3 cells). Consider finer mesh for accurate results.
[06:17:25.105217]   result_check = sim.run(n_steps=N_STEPS_FULL)
[06:17:25.105219] /root/rfx/ex3_farfield_steering.py:178: UserWarning: 'pec' z-extent 2.00mm = 1.0 cells — under-resolved (< 3 cells). Consider finer mesh for accurate results.
[06:17:25.105221]   result_check = sim.run(n_steps=N_STEPS_FULL)
[06:17:30.300644]   Peak θ=56°, max power=1.6753e-26
[06:17:30.300671]   Directivity = 7.45 (8.7 dBi)
[06:17:30.300675]
[06:17:30.300679] === Directivity optimization: dielectric plug at WR-90 aperture ===
[06:17:30.469078]   optimize: n_steps=800, grid=(57, 57, 57) (0.2M cells)
[06:17:52.869155]   iter    0  loss = -5.063551e-01
[06:21:17.207458]   iter   10  loss = -6.817758e-01
[06:24:42.677379]   iter   20  loss = -7.682109e-01
[06:28:06.866102]   iter   30  loss = -8.620190e-01
[06:31:31.852171]   iter   40  loss = -9.583397e-01
[06:34:56.410007]   iter   50  loss = -9.816219e-01
[06:38:01.462778]   iter   59  loss = -9.902819e-01
[06:38:01.517491] Optimization: 60 iters in 1231.2s
[06:38:01.517515]
[06:38:01.517520] === Final radiation patterns ===
[06:38:06.004327] /root/rfx/ex3_farfield_steering.py:243: UserWarning: 'pec' y-extent 2.00mm = 1.0 cells — under-resolved (< 3 cells). Consider finer mesh for accurate results.
[06:38:06.004347]   result_init = sim_init.run(n_steps=N_STEPS_FULL)
[06:38:06.004354] /root/rfx/ex3_farfield_steering.py:243: UserWarning: 'pec' x-extent 2.00mm = 1.0 cells — below 1 cell resolution. Use add_thin_conductor() for sub-cell PEC sheet.
[06:38:06.004355]   result_init = sim_init.run(n_steps=N_STEPS_FULL)
[06:38:06.004357] /root/rfx/ex3_farfield_steering.py:243: UserWarning: 'pec' x-extent 2.00mm = 1.0 cells — under-resolved (< 3 cells). Consider finer mesh for accurate results.
[06:38:06.004359]   result_init = sim_init.run(n_steps=N_STEPS_FULL)
[06:38:06.004362] /root/rfx/ex3_farfield_steering.py:243: UserWarning: 'pec' z-extent 2.00mm = 1.0 cells — under-resolved (< 3 cells). Consider finer mesh for accurate results.
[06:38:06.004373]   result_init = sim_init.run(n_steps=N_STEPS_FULL)
[06:38:10.495147] Initial:   peak θ=58°, D=7.49 (8.7 dBi)
[06:38:10.495173] Optimized: peak θ=3°, D=12.54 (11.0 dBi)
[06:38:10.495176] Improvement: +2.2 dB
[06:38:10.495407]
[06:38:10.495410] Metrics: {
[06:38:10.495413]   "experiment": "ex3_wg_flange_directivity",
[06:38:10.495417]   "device": "DeviceInfo(backend='gpu', gpu_available=True, devices=[{'id': 0, 'kind': 'NVIDIA GeForce RTX 4090', 'platform': 'gpu'}])",
[06:38:10.495419]   "freq_ghz": 10.0,
[06:38:10.495420]   "waveguide": "WR-90",
[06:38:10.495422]   "dx_mm": 2.0,
[06:38:10.495423]   "n_steps_opt": 800,
[06:38:10.495425]   "n_iterations": 60,
[06:38:10.495427]   "optimization_time_s": 1231.2,
[06:38:10.495429]   "initial_loss": -0.5063551068305969,
[06:38:10.495430]   "final_loss": -0.990281879901886,
[06:38:10.495431]   "initial_directivity_dBi": 8.7,
[06:38:10.495433]   "optimized_directivity_dBi": 11.0,
[06:38:10.495435]   "improvement_dB": 2.2,
[06:38:10.495436]   "initial_peak_theta_deg": 58.050422624406515,
[06:38:10.495437]   "optimized_peak_theta_deg": 2.8647889756541165
[06:38:10.495440] }
[06:38:10.685360] Saved: pattern_comparison.png
[06:38:10.763896] Saved: convergence.png
[06:38:10.874660] Saved: eps_design.png
[06:38:10.874688]
[06:38:10.874690] Results saved to /output/ex3/
[06:38:17.855788] workload reported done
[06:38:17.855888] Workload status changed to stopping
[06:38:17.869232] [done] ex3 farfield
[06:38:17.869241] + echo '[done] ex3 farfield'
[06:38:25.264079] + set +x
[06:38:30.267749] workload reported done
[06:38:30.267849] Workload status changed to waitToBeKilled
[06:38:33.000000] Stopping container vops-sidecar
[06:38:33.000000] Stopping container run-exec
[06:38:33.000000] Terminating VESSL Workload...
[06:38:33.000000] Stopping container ttyd-sidecar
[06:38:33.000000] Stopping container fluentbit
[06:38:33.089541] workload completed
