Organization: remilab
Project: byungkwan
[04:52:07.517458] workload awaiting to start
[04:52:07.517558] Workload status changed to pending
[04:52:11.631818] Event Reason: FailedScheduling, Event Note: 0/13 nodes are available: pod has unbound immediate PersistentVolumeClaims. preemption: 0/13 nodes are available: 13 Preemption is not helpful for scheduling.
[04:52:11.631818] Workload is in queue for scheduling. Please wait...
[04:52:18.138300] VESSL Workload assigned successfully. Starting soon.
[04:52:19.000000] Creating VESSL Workload...
[04:52:19.000000] Created container run-exec
[04:52:19.000000] Container image "quay.io/vessl-ai/kernels-toolbox:0.1.188" already present on machine
[04:52:19.000000] Created container vops-init
[04:52:19.000000] Started container vops-init
[04:52:19.000000] Container image "nvcr.io/nvidia/jax:24.04-py3" already present on machine
[04:52:19.000000] Created container run-sidecar
[04:52:19.001000] Container image "nvcr.io/nvidia/jax:24.04-py3" already present on machine
[04:52:20.000000] Created container vops-sidecar
[04:52:20.000000] Started container vops-sidecar
[04:52:20.000000] Container image "quay.io/vessl-ai/kernels-toolbox:0.1.188" already present on machine
[04:52:20.000000] Created container fluentbit
[04:52:20.456306] Installing VESSL CLI...
[04:52:21.073966] workload reported alive as pod run-execution-sl5ijooizyry-0
[04:52:21.074066] Workload status changed to initializing
[04:52:22.204909] + set +x
[04:52:25.645518] vessl, version 0.1.199
[04:52:27.334488] workload reported alive as pod run-execution-sl5ijooizyry-0
[04:52:27.334588] Workload status changed to running
[04:52:27.448937] + mkdir -p /root
[04:52:27.450926] + cd /root
[04:52:27.451592] + cd /root/workspace/byungkwan-workspace/research/rfx
[04:52:27.467283] + pip install -q -e .
[04:52:33.077646] WARNING: Running pip as the 'root' user can result in broken permissions and conflicting behaviour with the system package manager. It is recommended to use a virtual environment instead: https://pip.pypa.io/warnings/venv
[04:52:33.166238] + python -c 'import jax; print(f'"'"'Backend: {jax.default_backend()}'"'"')'
[04:52:33.799797] Backend: gpu
[04:52:33.848342] === Non-uniform fine lateral dx=0.25mm + raw source ===
[04:52:33.848355] + echo '=== Non-uniform fine lateral dx=0.25mm + raw source ==='
[04:52:33.848367] + python examples/26_nonuniform_fine.py
[04:52:35.234858] dx=0.25mm, dz_sub=0.4mm, dz_air=0.5mm
[04:52:35.234875] Grid: (392, 426, 90), cells=15.0M
[04:52:35.234878] h snapped: 1.600mm
[04:52:35.561839] n_steps=18729, T_sim=10.0ns
[04:52:35.561854] Running...
[04:52:35.616606] Traceback (most recent call last):
[04:52:35.616620]   File "/root/workspace/byungkwan-workspace/research/rfx/examples/26_nonuniform_fine.py", line 60, in <module>
[04:52:35.616623]     r=run_nonuniform(grid,materials,n_steps,pec_mask=pec_mask,
[04:52:35.616625]   File "/root/workspace/byungkwan-workspace/research/rfx/rfx/nonuniform.py", line 181, in run_nonuniform
[04:52:35.616629]     assert cpml_proxy.shape == (grid.nx, grid.ny, grid.nz), \
[04:52:35.616631] AssertionError: CPML proxy shape (393, 427, 91) != grid shape (392, 426, 90)
[04:52:35.730352] workload reported done
[04:52:35.730452] Workload status changed to stopping
[04:52:39.477992] workload reported done
[04:52:39.478092] Workload status changed to waitToBeKilled
[04:52:42.000000] Stopping container run-sidecar
[04:52:42.000000] Stopping container run-exec
[04:52:42.000000] Terminating VESSL Workload...
[04:52:42.000000] Stopping container ttyd-sidecar
[04:52:42.159761] workload failed
[04:52:42.159861] Workload status changed to failed
