Organization: remilab
Project: byungkwan
[19:46:16.556120] workload awaiting to start
[19:46:16.556220] Workload status changed to pending
[19:46:26.169389] VESSL Workload assigned successfully. Starting soon.
[19:46:27.000000] Container image "quay.io/vessl-ai/kernels-toolbox:0.1.188" already present on machine
[19:46:27.000000] Created container vops-init
[19:46:27.000000] Started container vops-init
[19:46:28.000000] Started container run-sidecar
[19:46:28.000000] Creating VESSL Workload...
[19:46:28.000000] Created container vops-sidecar
[19:46:28.000000] Starting VESSL Workload...
[19:46:28.000000] Created container run-exec
[19:46:28.000000] Started container run-exec
[19:46:28.000000] Container image "nvcr.io/nvidia/jax:24.10-py3" already present on machine
[19:46:28.000000] Container image "quay.io/vessl-ai/fluent-bit:2.1.6" already present on machine
[19:46:28.000000] Container image "quay.io/vessl-ai/sidecar:v0.0.3" already present on machine
[19:46:28.001000] Container image "nvcr.io/nvidia/jax:24.10-py3" already present on machine
[19:46:29.000000] Started container vops-sidecar
[19:46:29.028159] Installing VESSL CLI...
[19:46:29.726445] workload reported alive as pod run-execution-ilpilpm46ltv-0
[19:46:29.726545] Workload status changed to initializing
[19:46:30.906401] + set +x
[19:46:33.977665] vessl, version 0.1.199
[19:46:36.024976] workload reported alive as pod run-execution-ilpilpm46ltv-0
[19:46:36.025076] Workload status changed to running
[19:46:36.156553] + mkdir -p /root
[19:46:36.158602] + cd /root
[19:46:36.159168] + set -euo pipefail
[19:46:36.159214] + cd /root
[19:46:36.159233] + git clone https://github.com/BK3536/rfx.git
[19:46:36.161424] Cloning into 'rfx'...
[19:46:38.230945] + cd rfx
[19:46:38.230958] + pip install --quiet -e '.[all]'
[19:46:41.263834] WARNING: rfx 1807.8.6 does not provide the extra 'dashboard'
[19:46:41.263970] WARNING: rfx 1807.8.6 does not provide the extra 'dev'
[19:46:41.264059] WARNING: rfx 1807.8.6 does not provide the extra 'optimization'
[19:46:41.264071] WARNING: rfx 1807.8.6 does not provide the extra 'visualization'
[19:46:45.820651] WARNING: Running pip as the 'root' user can result in broken permissions and conflicting behaviour with the system package manager. It is recommended to use a virtual environment instead: https://pip.pypa.io/warnings/venv
[19:46:45.971358] + python -c 'import jax; print('"'"'JAX devices:'"'"', jax.devices())'
[19:46:46.357862] JAX devices: [CudaDevice(id=0)]
[19:46:46.408253] + nvidia-smi
[19:46:46.442151] Sat Apr  4 19:46:46 2026
[19:46:46.442171] +---------------------------------------------------------------------------------------+
[19:46:46.442177] | NVIDIA-SMI 535.288.01             Driver Version: 535.288.01   CUDA Version: 12.2     |
[19:46:46.442179] |-----------------------------------------+----------------------+----------------------+
[19:46:46.442181] | GPU  Name                 Persistence-M | Bus-Id        Disp.A | Volatile Uncorr. ECC |
[19:46:46.442183] | Fan  Temp   Perf          Pwr:Usage/Cap |         Memory-Usage | GPU-Util  Compute M. |
[19:46:46.442184] |                                         |                      |               MIG M. |
[19:46:46.442187] |=========================================+======================+======================|
[19:46:46.475117] |   0  NVIDIA GeForce RTX 4090        Off | 00000000:01:00.0 Off |                  Off |
[19:46:46.475137] |  0%   32C    P0              25W / 450W |      1MiB / 24564MiB |      5%      Default |
[19:46:46.475141] |                                         |                      |                  N/A |
[19:46:46.475144] +-----------------------------------------+----------------------+----------------------+
[19:46:46.475147]
[19:46:46.475150] +---------------------------------------------------------------------------------------+
[19:46:46.475153] | Processes:                                                                            |
[19:46:46.475156] |  GPU   GI   CI        PID   Type   Process name                            GPU Memory |
[19:46:46.475158] |        ID   ID                                                             Usage      |
[19:46:46.475161] |=======================================================================================|
[19:46:46.475168] |  No running processes found                                                           |
[19:46:46.475170] +---------------------------------------------------------------------------------------+
[19:46:46.517833] + mkdir -p /output/ex3
[19:46:46.518455] + cp /root/workspace/bk-workspace/papers/rfx-tap/experiments/ex3_farfield_steering.py .
[19:46:46.549271] + OUTPUT_DIR=/output/ex3 python ex3_farfield_steering.py
[19:46:47.338696] Device: DeviceInfo(backend='gpu', gpu_available=True, devices=[{'id': 0, 'kind': 'NVIDIA GeForce RTX 4090', 'platform': 'gpu'}])
[19:46:47.338758]
[19:46:47.338766] === Building simulation (dx=1.00 mm, est. 3927 MB) ===
[19:46:47.486730]
[19:46:47.486750] === Far-field beam steering optimization (optimize + NTFF) ===
[19:46:47.486753] Target: steer main beam to theta=30 deg, phi=0 (E-plane)
[19:46:48.428888] /root/rfx/rfx/farfield.py:111: UserWarning: Explicitly requested dtype <class 'jax.numpy.complex128'> requested in zeros is not available, and will be truncated to dtype complex64. To enable more dtypes, set the jax_enable_x64 configuration option or the JAX_ENABLE_X64 shell environment variable. See https://github.com/google/jax#current-gotchas for more.
[19:46:48.428911]   x_lo=jnp.zeros((nf, nj, nk, 4), dtype=jnp.complex128),
[19:46:48.449250] /root/rfx/rfx/farfield.py:112: UserWarning: Explicitly requested dtype <class 'jax.numpy.complex128'> requested in zeros is not available, and will be truncated to dtype complex64. To enable more dtypes, set the jax_enable_x64 configuration option or the JAX_ENABLE_X64 shell environment variable. See https://github.com/google/jax#current-gotchas for more.
[19:46:48.449260]   x_hi=jnp.zeros((nf, nj, nk, 4), dtype=jnp.complex128),
[19:46:48.449470] /root/rfx/rfx/farfield.py:113: UserWarning: Explicitly requested dtype <class 'jax.numpy.complex128'> requested in zeros is not available, and will be truncated to dtype complex64. To enable more dtypes, set the jax_enable_x64 configuration option or the JAX_ENABLE_X64 shell environment variable. See https://github.com/google/jax#current-gotchas for more.
[19:46:48.449477]   y_lo=jnp.zeros((nf, ni, nk, 4), dtype=jnp.complex128),
[19:46:48.449584] /root/rfx/rfx/farfield.py:114: UserWarning: Explicitly requested dtype <class 'jax.numpy.complex128'> requested in zeros is not available, and will be truncated to dtype complex64. To enable more dtypes, set the jax_enable_x64 configuration option or the JAX_ENABLE_X64 shell environment variable. See https://github.com/google/jax#current-gotchas for more.
[19:46:48.449590]   y_hi=jnp.zeros((nf, ni, nk, 4), dtype=jnp.complex128),
[19:46:48.449716] /root/rfx/rfx/farfield.py:115: UserWarning: Explicitly requested dtype <class 'jax.numpy.complex128'> requested in zeros is not available, and will be truncated to dtype complex64. To enable more dtypes, set the jax_enable_x64 configuration option or the JAX_ENABLE_X64 shell environment variable. See https://github.com/google/jax#current-gotchas for more.
[19:46:48.449720]   z_lo=jnp.zeros((nf, ni, nj, 4), dtype=jnp.complex128),
[19:46:48.465272] /root/rfx/rfx/farfield.py:116: UserWarning: Explicitly requested dtype <class 'jax.numpy.complex128'> requested in zeros is not available, and will be truncated to dtype complex64. To enable more dtypes, set the jax_enable_x64 configuration option or the JAX_ENABLE_X64 shell environment variable. See https://github.com/google/jax#current-gotchas for more.
[19:46:48.465281]   z_hi=jnp.zeros((nf, ni, nj, 4), dtype=jnp.complex128),
[19:46:48.550570] /opt/jax/jax/_src/numpy/lax_numpy.py:185: UserWarning: Explicitly requested dtype float64 requested in asarray is not available, and will be truncated to dtype float32. To enable more dtypes, set the jax_enable_x64 configuration option or the JAX_ENABLE_X64 shell environment variable. See https://github.com/google/jax#current-gotchas for more.
[19:46:48.550585]   return asarray(x, dtype=self.dtype)
[19:46:48.550713] /root/rfx/rfx/farfield.py:136: UserWarning: Explicitly requested dtype <class 'jax.numpy.float64'> requested in asarray is not available, and will be truncated to dtype float32. To enable more dtypes, set the jax_enable_x64 configuration option or the JAX_ENABLE_X64 shell environment variable. See https://github.com/google/jax#current-gotchas for more.
[19:46:48.550719]   freqs_64 = jnp.asarray(box.freqs, dtype=jnp.float64)
[19:46:51.544564] 2026-04-04 19:46:51.544392: W external/xla/xla/service/hlo_rematerialization.cc:3005] Can't reduce memory use below 5.40GiB (5798695272 bytes) by rematerialization; only reduced to 14.95GiB (16049705128 bytes), down from 14.95GiB (16049705264 bytes) originally
[19:47:08.626047] 2026-04-04 19:47:08.625831: W external/xla/xla/service/hlo_rematerialization.cc:3005] Can't reduce memory use below 5.40GiB (5798894297 bytes) by rematerialization; only reduced to 8.94GiB (9596822080 bytes), down from 8.94GiB (9596822400 bytes) originally
[19:47:19.583982] 2026-04-04 19:47:19.583652: W external/xla/xla/tsl/framework/bfc_allocator.cc:497] Allocator (GPU_0_bfc) ran out of memory trying to allocate 8.92GiB (rounded to 9579286784)requested by op
[19:47:19.584335] 2026-04-04 19:47:19.584095: W external/xla/xla/tsl/framework/bfc_allocator.cc:508] *********************************************************************_______________________________
[19:47:19.584376] E0404 19:47:19.584161     373 pjrt_stream_executor_client.cc:3067] Execution of replica 0 failed: RESOURCE_EXHAUSTED: Out of memory while trying to allocate 9579286624 bytes.
[19:47:19.594730] Traceback (most recent call last):
[19:47:19.594754]   File "/root/rfx/ex3_farfield_steering.py", line 198, in <module>
[19:47:19.594760]     opt_result = optimize(
[19:47:19.594764]   File "/root/rfx/rfx/optimize.py", line 213, in optimize
[19:47:19.594767]     loss, grad = grad_fn(latent)
[19:47:19.594768]   File "/root/rfx/rfx/optimize.py", line 193, in forward
[19:47:19.594877]     result = _run(
[19:47:19.594883]   File "/root/rfx/rfx/simulation.py", line 813, in run
[19:47:19.594884]     final_carry, outputs = jax.lax.scan(body, carry_init, xs)
[19:47:19.594885] jax._src.source_info_util.JaxStackTraceBeforeTransformation: jaxlib.xla_extension.XlaRuntimeError: RESOURCE_EXHAUSTED: Out of memory while trying to allocate 9579286624 bytes.
[19:47:19.594886]
[19:47:19.594887] The preceding stack trace is the source of the JAX operation that, once transformed by JAX, triggered the following exception.
[19:47:19.594888] --------------------
[19:47:19.594888]
[19:47:19.594889]
[19:47:19.594890] The above exception was the direct cause of the following exception:
[19:47:19.594891]
[19:47:19.594892] jax.errors.SimplifiedTraceback: For simplicity, JAX has removed its internal frames from the traceback of the following exception. Set JAX_TRACEBACK_FILTERING=off to include these.
[19:47:19.594893] The above exception was the direct cause of the following exception:
[19:47:19.594893]
[19:47:19.594894]
[19:47:19.594895] Traceback (most recent call last):
[19:47:19.594896]   File "/root/rfx/ex3_farfield_steering.py", line 198, in <module>
[19:47:19.594897]     opt_result = optimize(
[19:47:19.594898]   File "/root/rfx/rfx/optimize.py", line 213, in optimize
[19:47:19.595001]     loss, grad = grad_fn(latent)
[19:47:19.595013] jaxlib.xla_extension.XlaRuntimeError: RESOURCE_EXHAUSTED: Out of memory while trying to allocate 9579286624 bytes.
[19:47:19.984832] workload reported done
[19:47:19.984932] Workload status changed to stopping
[19:47:24.198623] workload reported done
[19:47:24.198723] Workload status changed to waitToBeKilled
[19:47:27.000000] Stopping container vops-sidecar
[19:47:27.000000] Stopping container run-exec
[19:47:27.000000] Terminating VESSL Workload...
[19:47:27.000000] Stopping container ttyd-sidecar
[19:47:27.000000] Stopping container fluentbit
[19:47:27.052914] workload failed
[19:47:27.053014] Workload status changed to failed
