Organization: remilab
Project: byungkwan
[14:55:32.028999] workload awaiting to start
[14:55:32.029099] Workload status changed to pending
[14:55:35.973227] VESSL Workload assigned successfully. Starting soon.
[14:55:37.000000] Container image "quay.io/vessl-ai/kernels-toolbox:0.1.188" already present on machine
[14:55:37.000000] Created container vops-init
[14:55:37.000000] Started container vops-init
[14:55:38.000000] Creating VESSL Workload...
[14:55:38.000000] Starting VESSL Workload...
[14:55:38.000000] Created container run-exec
[14:55:38.000000] Started container run-exec
[14:55:38.000000] Created container fluentbit
[14:55:38.000000] Container image "nvcr.io/nvidia/jax:24.10-py3" already present on machine
[14:55:38.000000] Container image "quay.io/vessl-ai/sidecar:v0.0.3" already present on machine
[14:55:38.000000] Created container run-sidecar
[14:55:38.001000] Container image "nvcr.io/nvidia/jax:24.10-py3" already present on machine
[14:55:39.000000] Created container vops-sidecar
[14:55:39.000000] Started container vops-sidecar
[14:55:39.000000] Container image "quay.io/vessl-ai/kernels-toolbox:0.1.188" already present on machine
[14:55:39.306094] Installing VESSL CLI...
[14:55:39.948943] workload reported alive as pod run-execution-aciv7k7c32jp-0
[14:55:39.949043] Workload status changed to initializing
[14:55:41.212503] + set +x
[14:55:44.390157] vessl, version 0.1.199
[14:55:46.332286] workload reported alive as pod run-execution-aciv7k7c32jp-0
[14:55:46.332386] Workload status changed to running
[14:55:46.562239] + mkdir -p /root
[14:55:46.564106] + cd /root
[14:55:46.564749] + cd /root/workspace/byungkwan-workspace/research/rfx
[14:55:46.578578] + git config --global --add safe.directory /root/workspace/byungkwan-workspace/research/rfx
[14:55:46.602947] + git pull --ff-only origin main
[14:55:48.212267] From https://github.com/BK3536/rfx
[14:55:48.212304]  * branch            main       -> FETCH_HEAD
[14:55:48.359448] Already up to date.
[14:55:48.360215] + pip install -q -e '.[dev]'
[14:55:57.133952] WARNING: Running pip as the 'root' user can result in broken permissions and conflicting behaviour with the system package manager. It is recommended to use a virtual environment instead: https://pip.pypa.io/warnings/venv
[14:55:57.300834] ==== GRADIENT TESTS ====
[14:55:57.300869] + echo '==== GRADIENT TESTS ===='
[14:55:57.300881] + pytest tests/test_gradient_simple.py -v -s '--tb=short'
[14:55:57.490992] ============================= test session starts ==============================
[14:55:57.491027] platform linux -- Python 3.10.12, pytest-9.0.2, pluggy-1.6.0 -- /usr/bin/python3
[14:55:57.493628] cachedir: .pytest_cache
[14:55:57.493650] rootdir: /root/workspace/byungkwan-workspace/research/rfx
[14:55:57.493654] configfile: pyproject.toml
[14:55:57.493656] plugins: xdist-3.8.0
[14:55:57.854627] collecting ... collected 2 items
[14:55:57.854739]
[14:55:58.872124] tests/test_gradient_simple.py::test_gradient_eps_shifts_resonance FAILED
[14:55:58.900807] tests/test_gradient_simple.py::test_gradient_finite_difference_match FAILED
[14:55:58.900831]
[14:55:58.900837] =================================== FAILURES ===================================
[14:55:58.900848] ______________________ test_gradient_eps_shifts_resonance ______________________
[14:55:58.900867] jax.errors.SimplifiedTraceback: For simplicity, JAX has removed its internal frames from the traceback of the following exception. Set JAX_TRACEBACK_FILTERING=off to include these.
[14:55:58.900874]
[14:55:58.900878] The above exception was the direct cause of the following exception:
[14:55:58.900882] tests/test_gradient_simple.py:40: in test_gradient_eps_shifts_resonance
[14:55:58.900885]     g = grad_fn(eps_test)
[14:55:58.900889] tests/test_gradient_simple.py:27: in forward
[14:55:58.900893]     sim.add_material("load", eps_r=float(eps_val))
[14:55:58.900898] E   jax.errors.ConcretizationTypeError: Abstract tracer value encountered where concrete value is expected: traced array with shape float32[]
[14:55:58.900901] E   The problem arose with the `float` function. If trying to convert the data type of a value, try using `x.astype(float)` or `jnp.array(x, float)` instead.
[14:55:58.900904] E
[14:55:58.900908] E   See https://jax.readthedocs.io/en/latest/errors.html#jax.errors.ConcretizationTypeError
[14:55:58.900911] ____________________ test_gradient_finite_difference_match _____________________
[14:55:58.900922] jax.errors.SimplifiedTraceback: For simplicity, JAX has removed its internal frames from the traceback of the following exception. Set JAX_TRACEBACK_FILTERING=off to include these.
[14:55:58.900926]
[14:55:58.900929] The above exception was the direct cause of the following exception:
[14:55:58.900947] tests/test_gradient_simple.py:72: in test_gradient_finite_difference_match
[14:55:58.900951]     g_ad = float(jax.grad(forward)(eps_0))
[14:55:58.900959] tests/test_gradient_simple.py:57: in forward
[14:55:58.900963]     sim.add_material("load", eps_r=float(eps_val))
[14:55:58.900966] E   jax.errors.ConcretizationTypeError: Abstract tracer value encountered where concrete value is expected: traced array with shape float32[]
[14:55:58.900974] E   The problem arose with the `float` function. If trying to convert the data type of a value, try using `x.astype(float)` or `jnp.array(x, float)` instead.
[14:55:58.900978] E
[14:55:58.900982] E   See https://jax.readthedocs.io/en/latest/errors.html#jax.errors.ConcretizationTypeError
[14:55:58.901370] =========================== short test summary info ============================
[14:55:58.901394] FAILED tests/test_gradient_simple.py::test_gradient_eps_shifts_resonance - ja...
[14:55:58.901397] FAILED tests/test_gradient_simple.py::test_gradient_finite_difference_match
[14:55:58.901466] ============================== 2 failed in 1.41s ===============================
[14:55:59.076786] + true
[14:55:59.076792] + echo
[14:55:59.076794]
[14:55:59.076795] + echo '==== NON-UNIFORM CONVERGENCE ===='
[14:55:59.076803] ==== NON-UNIFORM CONVERGENCE ====
[14:55:59.076807] + pytest tests/test_nonuniform_convergence.py -v -s '--tb=short' -k 'not slow'
[14:55:59.165005] ============================= test session starts ==============================
[14:55:59.165014] platform linux -- Python 3.10.12, pytest-9.0.2, pluggy-1.6.0 -- /usr/bin/python3
[14:55:59.165916] cachedir: .pytest_cache
[14:55:59.165918] rootdir: /root/workspace/byungkwan-workspace/research/rfx
[14:55:59.165920] plugins: xdist-3.8.0
[14:55:59.165920] configfile: pyproject.toml
[14:55:59.246885] collecting ... collected 2 items / 1 deselected / 1 selected
[14:55:59.247265]
[14:56:00.154972] tests/test_nonuniform_convergence.py::test_nonuniform_cfl_uses_min_dz dt = 0.66 ps, CFL limit = 0.39 ps
[14:56:00.234112] FAILED
[14:56:00.234140]
[14:56:00.234147] =================================== FAILURES ===================================
[14:56:00.234272] _______________________ test_nonuniform_cfl_uses_min_dz ________________________
[14:56:00.234289] tests/test_nonuniform_convergence.py:86: in test_nonuniform_cfl_uses_min_dz
[14:56:00.234328]     assert grid.dt <= dt_expected_max * 1.01, (
[14:56:00.234331] E   AssertionError: dt=6.59e-13 exceeds CFL from min dz (3.85e-13)
[14:56:00.234334] E   assert 6.594027068165605e-13 <= (3.851666403092941e-13 * 1.01)
[14:56:00.234339] E    +  where 6.594027068165605e-13 = NonUniformGrid(nx=4, ny=4, nz=12, dx=0.005, dy=0.005, dz=Array([0.0002, 0.0002, 0.0002, 0.0002, 0.0002, 0.0002, 0.0002, 0.0002,
       0.005 , 0.005 , 0.005 , 0.005 ], dtype=float32), dt=6.594027068165605e-13, cpml_layers=0, inv_dx=Array([200., 200., 200., 200.], dtype=float32), inv_dy=Array([200., 200., 200., 200.], dtype=float32), inv_dz=Array([5000., 5000., 5000., 5000., 5000., 5000., 5000., 5000.,  200.,
        200.,  200.,  200.], dtype=float32), inv_dx_h=Array([200., 200., 200., 200.], dtype=float32), inv_dy_h=Array([200., 200., 200., 200.], dtype=float32), inv_dz_h=Array([5000.    , 5000.    , 5000.    , 5000.    , 5000.    , 5000.    ,
       5000.    ,  384.6154,  200.    ,  200.    ,  200.    ,    0.    ],      dtype=float32)).dt
[14:56:00.234612] =========================== short test summary info ============================
[14:56:00.234636] FAILED tests/test_nonuniform_convergence.py::test_nonuniform_cfl_uses_min_dz
[14:56:00.234640] ======================= 1 failed, 1 deselected in 1.07s ========================
[14:56:00.426071] + true
[14:56:00.426078]
[14:56:00.426089] + echo
[14:56:00.426090] + echo '==== ISSUES #13 + #17 ===='
[14:56:00.426100] ==== ISSUES #13 + #17 ====
[14:56:00.426105] + python scripts/gpu_verify_issues.py
[14:56:00.533336] === #13: optimize() memory test ===
[14:56:01.370449]   optimize: n_steps=1000, grid=(16, 11, 11) (0.0M cells)
[14:56:03.290373]   iter    0  loss = 1.547135e-03
[14:56:04.074595]   iter    2  loss = 1.514157e-03
[14:56:04.106492] PASS: loss history = [0.00154713517986238, 0.0015305673005059361, 0.001514157047495246]
[14:56:04.106510]
[14:56:04.106512] === #13: topology conductor occupancy ===
[14:56:06.560855]   iter    0  loss = -1.840536e-03  beta = 1.0  binarization = 1.000
[14:56:10.602219]   iter    4  loss = -2.136036e-03  beta = 1.0  binarization = 0.999
[14:56:10.604302] Loss history: [-0.0018405355513095856, -0.0019111854489892721, -0.001983766444027424, -0.0020590294152498245, -0.0021360358223319054]
[14:56:10.604310] PASS: loss changed (gradient is non-zero)
[14:56:10.604314]
[14:56:10.604318] === #17: NTFF far-field power ===
[14:56:10.604473] Grid: 47x47x47, steps=1312
[14:56:14.138126] Max far-field power: 7.3436e-30
[14:56:14.138161] FAIL: far-field power 7.34e-30 is near zero
[14:56:14.138165]
[14:56:14.138167] ============================================================
[14:56:14.138170] SUMMARY
[14:56:14.138172] ============================================================
[14:56:14.138175]   optimize_memory: PASS
[14:56:14.138177]   topology_gradient: PASS
[14:56:14.138179]   ntff_power: FAIL
[14:56:14.138181]
[14:56:14.138183] 2/3 passed
[14:56:14.437271] workload reported done
[14:56:14.437371] Workload status changed to stopping
[14:56:14.460005] + true
[14:56:22.574214] + set +x
[14:56:27.563509] workload reported done
[14:56:27.563610] Workload status changed to waitToBeKilled
[14:56:30.000000] Stopping container vops-sidecar
[14:56:30.000000] Stopping container run-sidecar
[14:56:30.000000] Stopping container run-exec
[14:56:30.000000] Terminating VESSL Workload...
[14:56:30.074434] workload completed
[14:56:30.074534] Workload status changed to completed
