Organization: remilab
Project: byungkwan
[04:14:18.002976] workload awaiting to start
[04:14:18.003076] Workload status changed to pending
[04:14:29.332552] Event Reason: FailedScheduling, Event Note: 0/13 nodes are available: pod has unbound immediate PersistentVolumeClaims. preemption: 0/13 nodes are available: 13 Preemption is not helpful for scheduling.
[04:14:29.332552] Workload is in queue for scheduling. Please wait...
[04:14:32.767560] Event Reason: FailedScheduling, Event Note: 0/13 nodes are available: pod has unbound immediate PersistentVolumeClaims. preemption: 0/13 nodes are available: 13 Preemption is not helpful for scheduling.
[04:14:32.767560] Workload is in queue for scheduling. Please wait...
[04:14:35.196835] Event Reason: FailedScheduling, Event Note: 0/13 nodes are available: pod has unbound immediate PersistentVolumeClaims. preemption: 0/13 nodes are available: 13 Preemption is not helpful for scheduling.
[04:14:35.196835] Workload is in queue for scheduling. Please wait...
[04:14:42.105025] Event Reason: FailedScheduling, Event Note: 0/13 nodes are available: pod has unbound immediate PersistentVolumeClaims. preemption: 0/13 nodes are available: 13 Preemption is not helpful for scheduling.
[04:14:42.105025] Workload is in queue for scheduling. Please wait...
[04:19:48.824261] Workload is in queue for scheduling. Please wait...
[04:19:48.824261] Event Reason: FailedScheduling, Event Note: 0/13 nodes are available: 3 Insufficient cpu, 3 Insufficient memory, 6 Insufficient nvidia.com/gpu, 7 node(s) didn't match Pod's node affinity/selector. preemption: 0/13 nodes are available: 6 No preemption victims found for incoming pod, 7 Preemption is not helpful for scheduling.
[04:24:48.831098] Workload is in queue for scheduling. Please wait...
[04:24:48.831098] Event Reason: FailedScheduling, Event Note: 0/13 nodes are available: 3 Insufficient cpu, 3 Insufficient memory, 6 Insufficient nvidia.com/gpu, 7 node(s) didn't match Pod's node affinity/selector. preemption: 0/13 nodes are available: 6 No preemption victims found for incoming pod, 7 Preemption is not helpful for scheduling.
[04:27:44.702757] VESSL Workload assigned successfully. Starting soon.
[04:27:45.000000] Container image "quay.io/vessl-ai/kernels-toolbox:0.1.188" already present on machine
[04:27:45.000000] Created container vops-init
[04:27:45.000000] Started container vops-init
[04:27:46.000000] Started container run-sidecar
[04:27:46.000000] Starting VESSL Workload...
[04:27:46.000000] Created container run-exec
[04:27:46.000000] Started container run-exec
[04:27:46.000000] Created container fluentbit
[04:27:46.000000] Container image "nvcr.io/nvidia/jax:24.10-py3" already present on machine
[04:27:46.000000] Container image "quay.io/vessl-ai/sidecar:v0.0.3" already present on machine
[04:27:46.000000] Created container run-sidecar
[04:27:46.001000] Container image "nvcr.io/nvidia/jax:24.10-py3" already present on machine
[04:27:47.000000] Created container vops-sidecar
[04:27:47.000000] Started container vops-sidecar
[04:27:47.170728] Installing VESSL CLI...
[04:27:47.843335] workload reported alive as pod run-execution-9wp2o3gz1ocs-0
[04:27:47.843435] Workload status changed to initializing
[04:27:49.058269] + set +x
[04:27:51.642378] vessl, version 0.1.199
[04:27:54.180586] workload reported alive as pod run-execution-9wp2o3gz1ocs-0
[04:27:54.180686] Workload status changed to running
[04:27:54.303765] + mkdir -p /root
[04:27:54.305723] + cd /root
[04:27:54.306278] + set -euo pipefail
[04:27:54.306309] + cd /root
[04:27:54.306316] + git clone https://github.com/BK3536/rfx.git
[04:27:54.308517] Cloning into 'rfx'...
[04:27:56.508507] + cd rfx
[04:27:56.508524] + pip install --quiet -e '.[all]' cma
[04:27:59.860296] WARNING: rfx 1807.8.6 does not provide the extra 'dashboard'
[04:27:59.860322] WARNING: rfx 1807.8.6 does not provide the extra 'dev'
[04:27:59.860447] WARNING: rfx 1807.8.6 does not provide the extra 'optimization'
[04:27:59.860453] WARNING: rfx 1807.8.6 does not provide the extra 'visualization'
[04:28:05.225287] WARNING: Running pip as the 'root' user can result in broken permissions and conflicting behaviour with the system package manager. It is recommended to use a virtual environment instead: https://pip.pypa.io/warnings/venv
[04:28:05.424428] + python -c 'import jax; print('"'"'JAX devices:'"'"', jax.devices())'
[04:28:05.719412] JAX devices: [CudaDevice(id=0)]
[04:28:05.774126] + nvidia-smi
[04:28:05.841334] Sun Apr  5 04:28:05 2026
[04:28:05.841389] +---------------------------------------------------------------------------------------+
[04:28:05.841402] | NVIDIA-SMI 535.288.01             Driver Version: 535.288.01   CUDA Version: 12.2     |
[04:28:05.841411] |-----------------------------------------+----------------------+----------------------+
[04:28:05.841421] | GPU  Name                 Persistence-M | Bus-Id        Disp.A | Volatile Uncorr. ECC |
[04:28:05.841429] | Fan  Temp   Perf          Pwr:Usage/Cap |         Memory-Usage | GPU-Util  Compute M. |
[04:28:05.841436] |                                         |                      |               MIG M. |
[04:28:05.841443] |=========================================+======================+======================|
[04:28:05.860619] |   0  NVIDIA GeForce RTX 4090        Off | 00000000:01:00.0 Off |                  Off |
[04:28:05.860634] |  0%   46C    P0              26W / 450W |      1MiB / 24564MiB |      5%      Default |
[04:28:05.860636] |                                         |                      |                  N/A |
[04:28:05.860638] +-----------------------------------------+----------------------+----------------------+
[04:28:05.860640]
[04:28:05.860642] +---------------------------------------------------------------------------------------+
[04:28:05.860643] | Processes:                                                                            |
[04:28:05.860645] |  GPU   GI   CI        PID   Type   Process name                            GPU Memory |
[04:28:05.860647] |        ID   ID                                                             Usage      |
[04:28:05.860649] |=======================================================================================|
[04:28:05.860651] |  No running processes found                                                           |
[04:28:05.860652] +---------------------------------------------------------------------------------------+
[04:28:05.903110] + mkdir -p /output/ex1
[04:28:05.903645] + cp /root/workspace/bk-workspace/papers/rfx-tap/experiments/ex1_patch_antenna.py .
[04:28:05.927701] + OUTPUT_DIR=/output/ex1 python ex1_patch_antenna.py
[04:28:06.563653] Device: DeviceInfo(backend='gpu', gpu_available=True, devices=[{'id': 0, 'kind': 'NVIDIA GeForce RTX 4090', 'platform': 'gpu'}])
[04:28:06.563768] SimConfig (accuracy='standard'):
[04:28:06.563770]   dx = 3.000 mm (25 cells/λ_min)
[04:28:06.563771]   domain = 194.9 × 194.9 × 151.5 mm
[04:28:06.563772]   n_steps = 6739 (8.7 ns)
[04:28:06.563772]   cpml = 40 layers (120.0 mm)
[04:28:06.563773]   freq = 1.00 – 4.00 GHz
[04:28:06.563775]   source = j_source (CPML boundary: J-source with Cb/dV normalization (Meep convention))
[04:28:06.563776]   dz = 0.400 – 2.998 mm (29 cells, non-uniform)
[04:28:06.563777]   WARNINGS:
[04:28:06.563778]     - Non-uniform z mesh enabled: 29 cells, dz=0.400–2.998 mm
[04:28:06.563780] Estimated memory: 2608 MB
[04:28:06.563818]
[04:28:06.563819] === Gradient-based optimisation (Adam) ===
[04:28:07.367995]   optimize: n_steps=2000, grid=(146, 146, 132) (2.8M cells)
[04:28:09.318920] 2026-04-05 04:28:09.318800: W external/xla/xla/service/hlo_rematerialization.cc:3005] Can't reduce memory use below -166.25GiB (-178505497812 bytes) by rematerialization; only reduced to 257.32GiB (276293157565 bytes), down from 257.32GiB (276293466081 bytes) originally
[04:28:29.981234] 2026-04-05 04:28:29.980971: W external/xla/xla/tsl/framework/bfc_allocator.cc:497] Allocator (GPU_0_bfc) ran out of memory trying to allocate 20.96GiB (rounded to 22509696000)requested by op
[04:28:29.981709] 2026-04-05 04:28:29.981504: W external/xla/xla/tsl/framework/bfc_allocator.cc:508] ***********************************************************************************************_____
[04:28:29.981845] E0405 04:28:29.981664     336 pjrt_stream_executor_client.cc:3067] Execution of replica 0 failed: RESOURCE_EXHAUSTED: Out of memory while trying to allocate 22509696000 bytes.
[04:28:29.991596] jax.errors.SimplifiedTraceback: For simplicity, JAX has removed its internal frames from the traceback of the following exception. Set JAX_TRACEBACK_FILTERING=off to include these.
[04:28:29.991601]
[04:28:29.991603] The above exception was the direct cause of the following exception:
[04:28:29.991604]
[04:28:29.991605] Traceback (most recent call last):
[04:28:29.991606]   File "/root/rfx/ex1_patch_antenna.py", line 142, in <module>
[04:28:29.991734]     opt = optimize(
[04:28:29.991741]   File "/root/rfx/rfx/optimize.py", line 227, in optimize
[04:28:29.991743]     loss, grad = grad_fn(latent)
[04:28:29.991744]   File "/root/rfx/rfx/optimize.py", line 207, in forward
[04:28:29.991825]     result = _run(
[04:28:29.991831]   File "/root/rfx/rfx/simulation.py", line 813, in run
[04:28:29.991858]     final_carry, outputs = jax.lax.scan(body, carry_init, xs)
[04:28:29.991866] jaxlib.xla_extension.XlaRuntimeError: RESOURCE_EXHAUSTED: Out of memory while trying to allocate 22509696000 bytes.
[04:28:30.280200] workload reported done
[04:28:30.280301] Workload status changed to stopping
[04:28:42.312500] workload reported done
[04:28:42.312600] Workload status changed to waitToBeKilled
[04:28:45.000000] Stopping container vops-sidecar
[04:28:45.000000] Stopping container run-sidecar
[04:28:45.000000] Stopping container run-exec
[04:28:45.000000] Terminating VESSL Workload...
[04:28:45.000000] Stopping container fluentbit
[04:28:45.193035] workload failed
[04:28:45.193135] Workload status changed to failed
