Organization: remilab
Project: byungkwan
[18:30:02.007460] workload awaiting to start
[18:30:02.007560] Workload status changed to pending
[18:30:05.947653] Event Reason: FailedScheduling, Event Note: 0/13 nodes are available: pod has unbound immediate PersistentVolumeClaims. preemption: 0/13 nodes are available: 13 Preemption is not helpful for scheduling.
[18:30:05.947653] Workload is in queue for scheduling. Please wait...
[18:30:19.292966] VESSL Workload assigned successfully. Starting soon.
[18:30:20.000000] Container image "quay.io/vessl-ai/kernels-toolbox:0.1.188" already present on machine
[18:30:20.000000] Created container vops-init
[18:30:20.000000] Started container vops-init
[18:30:21.000000] Creating VESSL Workload...
[18:30:21.000000] Created container run-exec
[18:30:21.000000] Container image "nvcr.io/nvidia/jax:24.10-py3" already present on machine
[18:30:21.001000] Container image "nvcr.io/nvidia/jax:24.10-py3" already present on machine
[18:30:22.000000] Started container run-sidecar
[18:30:22.000000] Created container vops-sidecar
[18:30:22.000000] Created container ttyd-sidecar
[18:30:22.000000] Starting VESSL Workload...
[18:30:22.000000] Started container vops-sidecar
[18:30:22.000000] Started container run-exec
[18:30:22.000000] Started container ttyd-sidecar
[18:30:22.000000] Container image "quay.io/vessl-ai/sidecar:v0.0.3" already present on machine
[18:30:22.532945] Installing VESSL CLI...
[18:30:23.270576] workload reported alive as pod run-execution-xrsmwef94wf4-0
[18:30:23.270677] Workload status changed to initializing
[18:30:24.452047] + set +x
[18:30:27.031927] vessl, version 0.1.199
[18:30:29.601674] workload reported alive as pod run-execution-xrsmwef94wf4-0
[18:30:29.601774] Workload status changed to running
[18:30:29.765927] + mkdir -p /root
[18:30:29.767828] + cd /root
[18:30:29.768504] + cd /root/workspace/byungkwan-workspace/research/rfx
[18:30:29.783904] + git config --global --add safe.directory /root/workspace/byungkwan-workspace/research/rfx
[18:30:29.811833] + git pull --ff-only origin main
[18:30:31.089062] From https://github.com/BK3536/rfx
[18:30:31.089110]  * branch            main       -> FETCH_HEAD
[18:30:31.243216] Already up to date.
[18:30:31.243938] + pip install -q -e '.[dev]'
[18:30:39.498615] WARNING: Running pip as the 'root' user can result in broken permissions and conflicting behaviour with the system package manager. It is recommended to use a virtual environment instead: https://pip.pypa.io/warnings/venv
[18:30:39.656612] + echo '=== 01: OpenEMS WR42 Waveguide ==='
[18:30:39.656617] === 01: OpenEMS WR42 Waveguide ===
[18:30:39.656634] + python examples/crossval/01_openems_waveguide.py
[18:30:40.820010] ============================================================
[18:30:40.820057] Cross-Validation: OpenEMS Rectangular Waveguide (WR42)
[18:30:40.820065] ============================================================
[18:30:40.820069] WR42: 10.668 x 4.318 mm, length 50 mm
[18:30:40.820078] TE10 cutoff: 14.05 GHz
[18:30:40.820086] Sweep: 20 - 26 GHz (51 pts)
[18:30:40.820091]
[18:30:40.962657] Running waveguide S-matrix...
[18:30:44.510575] S21 mean: 1.0000 (-0.0 dB)
[18:30:44.510672] S11 mean: 0.1354 (-18.4 dB)
[18:30:44.510675]
[18:30:44.510676] Validation:
[18:30:44.510678]   |S21| > 0.9: PASS
[18:30:44.510680]   |S11| < 0.15: PASS
[18:30:44.699627]
[18:30:44.699660] Plot saved: /root/workspace/byungkwan-workspace/research/rfx/examples/crossval/01_openems_waveguide.png
[18:30:44.850628] === 02: OpenEMS PEC Sphere RCS ===
[18:30:44.850628] + echo '=== 02: OpenEMS PEC Sphere RCS ==='
[18:30:44.850646] + python examples/crossval/02_openems_rcs_sphere.py
[18:30:45.694447] ============================================================
[18:30:45.694503] Cross-Validation: OpenEMS PEC Sphere RCS
[18:30:45.694510] ============================================================
[18:30:45.694517] Sphere radius: 200 mm
[18:30:45.694522] Geometric RCS: 0.1257 m² (-9.0 dBsm)
[18:30:45.694527] Frequency: 0 - 1000 MHz
[18:30:45.694532]
[18:30:45.694910] Grid: 157x157x157 = 3.9M cells
[18:30:45.694939] Steps: 787
[18:30:51.174974]
[18:30:51.175004] Far-field computed at 9 frequencies
[18:30:51.175006] Max far-field power: 5.9807e-20
[18:30:51.175007] PASS: Far-field extraction working
[18:30:51.253200] Plot saved: /root/workspace/byungkwan-workspace/research/rfx/examples/crossval/02_openems_rcs_sphere.png
[18:30:51.388012] + echo '=== 03: Meep Waveguide Bend ==='
[18:30:51.388031] + python examples/crossval/03_meep_waveguide_bend.py
[18:30:51.388042] === 03: Meep Waveguide Bend ===
[18:30:51.819657] ============================================================
[18:30:51.819890] Cross-Validation: Meep Waveguide Bend Transmittance
[18:30:51.819996] ============================================================
[18:30:51.820094] Waveguide: eps=12.0, width=1.0mm
[18:30:51.820175] Cell: 16x16mm
[18:30:51.820205] Frequency: 45.0 GHz, BW=30.0 GHz
[18:30:51.820225]
[18:30:51.820393] Grid: 177x177x1, steps=42826
[18:30:51.820548] /root/workspace/byungkwan-workspace/research/rfx/examples/crossval/03_meep_waveguide_bend.py:93: UserWarning: 'waveguide' z-extent 0.10mm = 1.0 cells — under-resolved (< 3 cells). Consider finer mesh for accurate results.
[18:30:51.820551]   result = sim.run(n_steps=n_steps)
[18:30:57.313099] Mean transmittance in band: 0.713
[18:30:57.506486] Plot saved: /root/workspace/byungkwan-workspace/research/rfx/examples/crossval/03_meep_waveguide_bend.png
[18:30:57.644346] + echo '=== 04: Meep Mie Sphere ==='
[18:30:57.644348] === 04: Meep Mie Sphere ===
[18:30:57.644366] + python examples/crossval/04_meep_mie_sphere.py
[18:30:58.603096] ============================================================
[18:30:58.603132] Cross-Validation: Meep Mie Scattering (Dielectric Sphere)
[18:30:58.603142] ============================================================
[18:30:58.603149] Sphere: n=2.0, radius=10mm
[18:30:58.603156] Frequency: 30.0 GHz, BW=12.0 GHz
[18:30:58.603162] ka at center: 6.28
[18:30:58.603211] Grid: 29x29x29, steps=525
[18:30:59.977624] Simulation complete — peak |Ez| = 1.0216e+00
[18:30:59.977651] PASS: TFSF+sphere simulation ran successfully
[18:31:00.083914] Plot saved: /root/workspace/byungkwan-workspace/research/rfx/examples/crossval/04_meep_mie_sphere.png
[18:31:00.204059] === 05: Fresnel TFSF ===
[18:31:00.204060] + echo '=== 05: Fresnel TFSF ==='
[18:31:00.204092] + python examples/crossval/05_meep_fresnel.py
[18:31:00.695517] ============================================================
[18:31:00.695743] Cross-Validation: Fresnel Reflectance (TFSF)
[18:31:00.695829] ============================================================
[18:31:00.695912] Interface: air / n=3.5 (eps_r=12.25)
[18:31:00.695998] Analytical R = 0.3086 (-5.1 dB)
[18:31:00.696049]
[18:31:00.922533] Grid: 621x27x27, steps=2000
[18:31:33.908823]
[18:31:33.908840] Numerical |r| (mean 3-7 GHz): 0.5766
[18:31:33.908841] Analytical |r|: 0.5556
[18:31:33.908842] Error: 3.8%
[18:31:33.908844] PASS: within 5% of Fresnel
[18:31:34.119833] Plot saved: /root/workspace/byungkwan-workspace/research/rfx/examples/crossval/05_meep_fresnel.png
[18:31:34.248843] === 06: Straight Waveguide ===
[18:31:34.248867] + echo '=== 06: Straight Waveguide ==='
[18:31:34.248869] + python examples/crossval/06_straight_waveguide.py
[18:31:35.263510] ============================================================
[18:31:35.263561] Cross-Validation: Straight Dielectric Waveguide (Meep)
[18:31:35.263568] ============================================================
[18:31:35.263572] Waveguide: eps=12.0, width=1.0mm
[18:31:35.263577] Cell: 16x8mm
[18:31:35.263582] Source: 45.0 GHz, BW=30.0 GHz
[18:31:35.263586]
[18:31:35.263622] Grid: 177x97x1, steps=12848
[18:31:35.264028] /root/workspace/byungkwan-workspace/research/rfx/examples/crossval/06_straight_waveguide.py:71: UserWarning: 'waveguide' z-extent 0.10mm = 1.0 cells — under-resolved (< 3 cells). Consider finer mesh for accurate results.
[18:31:35.264068]   result = sim.run(n_steps=n_steps)
[18:31:37.717876]
[18:31:37.717894] Core energy: 2.3563e-05
[18:31:37.717895] Cladding energy: 5.7145e-07
[18:31:37.717896] Confinement ratio: 0.9763
[18:31:37.717897] PASS: >90% energy confined in core
[18:31:37.847324] Plot saved: /root/workspace/byungkwan-workspace/research/rfx/examples/crossval/06_straight_waveguide.png
[18:31:37.988820] + echo '=== 07: Lorentz Dispersive ==='
[18:31:37.988828] === 07: Lorentz Dispersive ===
[18:31:37.988844] + python examples/crossval/07_dispersive_lorentz.py
[18:31:38.459189] ============================================================
[18:31:38.459221] Cross-Validation: Lorentz Dispersive Material
[18:31:38.459224] ============================================================
[18:31:38.459226] eps_inf = 2.25, De = 1.0
[18:31:38.459227] Resonance: 10.0 GHz, damping: 1.0 GHz
[18:31:38.459229]
[18:31:38.459313] Grid: 171x24x24, steps=5246
[18:31:41.830207]
[18:31:41.830223] Transmission minimum: 0.0779 at 2.02 GHz
[18:31:41.830224] Expected resonance: 10.0 GHz
[18:31:41.830225] Frequency error: 79.8%
[18:31:41.830226] FAIL: dip at 2.0 GHz (expect 10.0), T_min=0.078
[18:31:41.999077] Plot saved: /root/workspace/byungkwan-workspace/research/rfx/examples/crossval/07_dispersive_lorentz.png
[18:31:42.137048] + echo '=== ALL 7 CROSSVAL DONE ==='
[18:31:42.137056] === ALL 7 CROSSVAL DONE ===
[18:31:42.165356] workload reported done
[18:31:42.165456] Workload status changed to stopping
[18:31:53.782340] + set +x
[18:31:58.821534] workload reported done
[18:31:58.821634] Workload status changed to waitToBeKilled
[18:32:00.000000] Stopping container run-sidecar
[18:32:00.000000] Stopping container run-exec
[18:32:00.000000] Terminating VESSL Workload...
[18:32:00.000000] Stopping container ttyd-sidecar
[18:32:00.000000] Stopping container fluentbit
[18:32:00.076245] workload completed
[18:32:00.076345] Workload status changed to completed
