Organization: remilab
Project: byungkwan
[14:22:29.387467] workload awaiting to start
[14:22:29.387567] Workload status changed to pending
[14:22:32.931089] Event Reason: FailedScheduling, Event Note: 0/13 nodes are available: pod has unbound immediate PersistentVolumeClaims. preemption: 0/13 nodes are available: 13 Preemption is not helpful for scheduling.
[14:22:32.931089] Workload is in queue for scheduling. Please wait...
[14:22:43.701473] Event Reason: FailedScheduling, Event Note: 0/13 nodes are available: pod has unbound immediate PersistentVolumeClaims. preemption: 0/13 nodes are available: 13 Preemption is not helpful for scheduling.
[14:22:43.701473] Workload is in queue for scheduling. Please wait...
[14:22:45.728336] VESSL Workload assigned successfully. Starting soon.
[14:22:46.000000] Container image "quay.io/vessl-ai/kernels-toolbox:0.1.188" already present on machine
[14:22:46.000000] Created container vops-init
[14:22:46.000000] Started container vops-init
[14:22:47.000000] Creating VESSL Workload...
[14:22:47.000000] Created container run-exec
[14:22:47.000000] Started container run-exec
[14:22:47.000000] Container image "nvcr.io/nvidia/jax:24.10-py3" already present on machine
[14:22:47.000000] Container image "quay.io/vessl-ai/sidecar:v0.0.3" already present on machine
[14:22:47.001000] Container image "nvcr.io/nvidia/jax:24.10-py3" already present on machine
[14:22:48.000000] Started container run-sidecar
[14:22:48.000000] Created container ttyd-sidecar
[14:22:48.000000] Started container vops-sidecar
[14:22:48.000000] Container image "quay.io/vessl-ai/kernels-toolbox:0.1.188" already present on machine
[14:22:48.000000] Started container fluentbit
[14:22:48.000000] Created container fluentbit
[14:22:48.000000] Started container ttyd-sidecar
[14:22:48.000000] Container image "quay.io/vessl-ai/fluent-bit:2.1.6" already present on machine
[14:22:48.521500] Installing VESSL CLI...
[14:22:49.255259] workload reported alive as pod run-execution-suwx6f1gsfep-0
[14:22:49.255359] Workload status changed to initializing
[14:22:50.355189] + set +x
[14:22:53.211785] vessl, version 0.1.199
[14:22:55.513528] workload reported alive as pod run-execution-suwx6f1gsfep-0
[14:22:55.513628] Workload status changed to running
[14:22:55.597763] + mkdir -p /root
[14:22:55.600070] + cd /root
[14:22:55.600762] + set -euo pipefail
[14:22:55.600813] + cd /root
[14:22:55.600834] + git clone https://github.com/BK3536/rfx.git
[14:22:55.603023] Cloning into 'rfx'...
[14:22:57.846854] + cd rfx
[14:22:57.846865] + pip install --quiet -e '.[all]'
[14:23:01.007019] WARNING: rfx 1807.8.6 does not provide the extra 'dashboard'
[14:23:01.007039] WARNING: rfx 1807.8.6 does not provide the extra 'dev'
[14:23:01.007165] WARNING: rfx 1807.8.6 does not provide the extra 'optimization'
[14:23:01.007171] WARNING: rfx 1807.8.6 does not provide the extra 'visualization'
[14:23:05.674763] WARNING: Running pip as the 'root' user can result in broken permissions and conflicting behaviour with the system package manager. It is recommended to use a virtual environment instead: https://pip.pypa.io/warnings/venv
[14:23:05.823145] + python -c 'import jax; print('"'"'JAX devices:'"'"', jax.devices())'
[14:23:06.131615] JAX devices: [CudaDevice(id=0)]
[14:23:06.173211] + nvidia-smi
[14:23:06.183558] Sun Apr  5 14:23:06 2026
[14:23:06.183575] +---------------------------------------------------------------------------------------+
[14:23:06.183586] | NVIDIA-SMI 535.288.01             Driver Version: 535.288.01   CUDA Version: 12.2     |
[14:23:06.183591] |-----------------------------------------+----------------------+----------------------+
[14:23:06.183595] | GPU  Name                 Persistence-M | Bus-Id        Disp.A | Volatile Uncorr. ECC |
[14:23:06.183599] | Fan  Temp   Perf          Pwr:Usage/Cap |         Memory-Usage | GPU-Util  Compute M. |
[14:23:06.183603] |                                         |                      |               MIG M. |
[14:23:06.183606] |=========================================+======================+======================|
[14:23:06.200401] |   0  NVIDIA GeForce RTX 4090        Off | 00000000:01:00.0 Off |                  Off |
[14:23:06.200415] |  0%   46C    P0              25W / 450W |      1MiB / 24564MiB |      1%      Default |
[14:23:06.200418] |                                         |                      |                  N/A |
[14:23:06.200420] +-----------------------------------------+----------------------+----------------------+
[14:23:06.200421]
[14:23:06.200423] +---------------------------------------------------------------------------------------+
[14:23:06.200425] | Processes:                                                                            |
[14:23:06.200426] |  GPU   GI   CI        PID   Type   Process name                            GPU Memory |
[14:23:06.200428] |        ID   ID                                                             Usage      |
[14:23:06.200429] |=======================================================================================|
[14:23:06.200431] |  No running processes found                                                           |
[14:23:06.200432] +---------------------------------------------------------------------------------------+
[14:23:06.244811] + mkdir -p /output/ex3
[14:23:06.245373] + cp /root/workspace/bk-workspace/papers/rfx-tap/experiments/ex3_farfield_steering.py .
[14:23:06.291465] + OUTPUT_DIR=/output/ex3 python ex3_farfield_steering.py
[14:23:07.031951] Device: DeviceInfo(backend='gpu', gpu_available=True, devices=[{'id': 0, 'kind': 'NVIDIA GeForce RTX 4090', 'platform': 'gpu'}])
[14:23:07.032052]
[14:23:07.032054] === Building simulation (dx=3.00 mm, est. 163 MB) ===
[14:23:07.032055]   NTFF margin: 33.0 mm, box: (33,33,33) to (57,57,57) mm
[14:23:07.210447]
[14:23:07.210465] === Pre-optimization NTFF sanity check (sim.run) ===
[14:23:38.687474]   ntff_data is None: False
[14:23:38.687490]   ntff_box is None: False
[14:23:38.687907]   max|ntff_data.x_lo| = 3.127681e-12
[14:23:38.689424]   Far-field (NumPy): P_broad=8.797841e-32, P_30deg=2.214832e-32
[14:23:38.689430]   WARNING: far-field power is near-zero. NTFF may not be working correctly.
[14:23:38.689432]   Skipping gradient-based optimization. Using probe-array fallback.
[14:23:38.689432]
[14:23:38.689434] === Beam steering optimization ===
[14:23:38.689435] Target: steer main beam to theta~30.0 deg via near-field probe ratio
[14:23:38.808754]   optimize: n_steps=3000, grid=(55, 55, 55) (0.2M cells)
[14:23:42.446197] 2026-04-05 14:23:42.445974: W external/xla/xla/service/hlo_rematerialization.cc:3005] Can't reduce memory use below 6.10GiB (6552429470 bytes) by rematerialization; only reduced to 29.40GiB (31570004955 bytes), down from 29.41GiB (31575668611 bytes) originally
[14:23:59.026016]   [diag] ntff_data=True, ntff_box=True
[14:23:59.129656]   [diag] max|x_lo|=9.191886835013818e-12
[14:24:00.082243]   [diag] P_broad=2.3135944395935048e-30, P_target=6.589387244155872e-30
[14:24:01.396254] 2026-04-05 14:24:01.396077: W external/xla/xla/service/hlo_rematerialization.cc:3005] Can't reduce memory use below 6.10GiB (6554320377 bytes) by rematerialization; only reduced to 15.24GiB (16366338131 bytes), down from 15.24GiB (16367003743 bytes) originally
[14:24:14.528936] 2026-04-05 14:24:14.528627: W external/xla/xla/tsl/framework/bfc_allocator.cc:497] Allocator (GPU_0_bfc) ran out of memory trying to allocate 15.22GiB (rounded to 16347928320)requested by op
[14:24:14.529392] 2026-04-05 14:24:14.529089: W external/xla/xla/tsl/framework/bfc_allocator.cc:508] ************************************************************************____________________________
[14:24:14.529422] E0405 14:24:14.529161     372 pjrt_stream_executor_client.cc:3067] Execution of replica 0 failed: RESOURCE_EXHAUSTED: Out of memory while trying to allocate 16347928220 bytes.
[14:24:14.539434] Traceback (most recent call last):
[14:24:14.539449]   File "/root/rfx/ex3_farfield_steering.py", line 243, in <module>
[14:24:14.539451]     opt_result = optimize(
[14:24:14.539453]   File "/root/rfx/rfx/optimize.py", line 187, in optimize
[14:24:14.539454]     loss, grad = grad_fn(latent)
[14:24:14.539454]   File "/root/rfx/rfx/optimize.py", line 169, in forward
[14:24:14.539455]     result = sim._forward_from_materials(
[14:24:14.539456]   File "/root/rfx/rfx/api.py", line 2088, in _forward_from_materials
[14:24:14.539686]     result = _run(
[14:24:14.539692]   File "/root/rfx/rfx/simulation.py", line 829, in run
[14:24:14.539694]     final_carry, outputs = jax.lax.scan(body, carry_init, xs)
[14:24:14.539695] jax._src.source_info_util.JaxStackTraceBeforeTransformation: jaxlib.xla_extension.XlaRuntimeError: RESOURCE_EXHAUSTED: Out of memory while trying to allocate 16347928220 bytes.
[14:24:14.539702]
[14:24:14.539703] The preceding stack trace is the source of the JAX operation that, once transformed by JAX, triggered the following exception.
[14:24:14.539704]
[14:24:14.539705] --------------------
[14:24:14.539705]
[14:24:14.539706] The above exception was the direct cause of the following exception:
[14:24:14.539707]
[14:24:14.539708] jax.errors.SimplifiedTraceback: For simplicity, JAX has removed its internal frames from the traceback of the following exception. Set JAX_TRACEBACK_FILTERING=off to include these.
[14:24:14.539709]
[14:24:14.539710] The above exception was the direct cause of the following exception:
[14:24:14.539710]
[14:24:14.539712] Traceback (most recent call last):
[14:24:14.539712]   File "/root/rfx/ex3_farfield_steering.py", line 243, in <module>
[14:24:14.539716]   File "/root/rfx/rfx/optimize.py", line 187, in optimize
[14:24:14.539716]     opt_result = optimize(
[14:24:14.539717]     loss, grad = grad_fn(latent)
[14:24:14.539718] jaxlib.xla_extension.XlaRuntimeError: RESOURCE_EXHAUSTED: Out of memory while trying to allocate 16347928220 bytes.
[14:24:14.980497] workload reported done
[14:24:14.980597] Workload status changed to stopping
[14:24:19.645269] workload reported done
[14:24:19.645369] Workload status changed to waitToBeKilled
[14:24:20.000000] Stopping container vops-sidecar
[14:24:20.000000] Stopping container run-exec
[14:24:20.000000] Terminating VESSL Workload...
[14:24:20.000000] Stopping container ttyd-sidecar
[14:24:21.039773] workload failed
[14:24:21.039874] Workload status changed to failed
