Organization: remilab
Project: byungkwan
[14:54:05.062245] workload awaiting to start
[14:54:05.062345] Workload status changed to pending
[14:54:18.993849] VESSL Workload assigned successfully. Starting soon.
[14:54:20.000000] Creating VESSL Workload...
[14:54:20.000000] Created container run-exec
[14:54:20.000000] Container image "quay.io/vessl-ai/kernels-toolbox:0.1.188" already present on machine
[14:54:20.000000] Created container vops-init
[14:54:20.000000] Container image "nvcr.io/nvidia/jax:24.10-py3" already present on machine
[14:54:20.000000] Started container vops-init
[14:54:20.001000] Container image "nvcr.io/nvidia/jax:24.10-py3" already present on machine
[14:54:21.000000] Started container run-sidecar
[14:54:21.000000] Starting VESSL Workload...
[14:54:21.000000] Started container vops-sidecar
[14:54:21.000000] Started container run-exec
[14:54:21.000000] Started container ttyd-sidecar
[14:54:21.000000] Container image "quay.io/vessl-ai/sidecar:v0.0.3" already present on machine
[14:54:21.000000] Created container run-sidecar
[14:54:21.567077] Installing VESSL CLI...
[14:54:22.116688] workload reported alive as pod run-execution-jnddszkv47b2-0
[14:54:22.116788] Workload status changed to initializing
[14:54:23.207239] + set +x
[14:54:25.395055] vessl, version 0.1.199
[14:54:28.382597] workload reported alive as pod run-execution-jnddszkv47b2-0
[14:54:28.382697] Workload status changed to running
[14:54:28.479828] + mkdir -p /root
[14:54:28.482148] + cd /root
[14:54:28.482748] + set -euo pipefail
[14:54:28.482776] + cd /root
[14:54:28.482784] + git clone https://github.com/BK3536/rfx.git
[14:54:28.485126] Cloning into 'rfx'...
[14:54:30.727442] + cd rfx
[14:54:30.727453] + pip install --quiet -e '.[all]'
[14:54:33.495025] WARNING: rfx 1807.8.6 does not provide the extra 'dashboard'
[14:54:33.495046] WARNING: rfx 1807.8.6 does not provide the extra 'dev'
[14:54:33.495174] WARNING: rfx 1807.8.6 does not provide the extra 'optimization'
[14:54:33.495184] WARNING: rfx 1807.8.6 does not provide the extra 'visualization'
[14:54:37.455762] WARNING: Running pip as the 'root' user can result in broken permissions and conflicting behaviour with the system package manager. It is recommended to use a virtual environment instead: https://pip.pypa.io/warnings/venv
[14:54:37.606512] + python -c 'import jax; print('"'"'JAX devices:'"'"', jax.devices())'
[14:54:38.012299] JAX devices: [CudaDevice(id=0)]
[14:54:38.067609] + nvidia-smi
[14:54:38.102785] Sat Apr  4 14:54:38 2026
[14:54:38.102793] +-----------------------------------------------------------------------------------------+
[14:54:38.102796] | NVIDIA-SMI 570.211.01             Driver Version: 570.211.01     CUDA Version: 12.8     |
[14:54:38.102797] |-----------------------------------------+------------------------+----------------------+
[14:54:38.102798] | Fan  Temp   Perf          Pwr:Usage/Cap |           Memory-Usage | GPU-Util  Compute M. |
[14:54:38.102798] | GPU  Name                 Persistence-M | Bus-Id          Disp.A | Volatile Uncorr. ECC |
[14:54:38.102799] |                                         |                        |               MIG M. |
[14:54:38.102800] |=========================================+========================+======================|
[14:54:38.108888] |   0  NVIDIA GeForce RTX 4090        Off |   00000000:01:00.0 Off |                  Off |
[14:54:38.108909] |  0%   34C    P8             23W /  450W |       0MiB /  24564MiB |      0%      Default |
[14:54:38.108913] |                                         |                        |                  N/A |
[14:54:38.108916] +-----------------------------------------+------------------------+----------------------+
[14:54:38.108944]
[14:54:38.108947] +-----------------------------------------------------------------------------------------+
[14:54:38.108949] | Processes:                                                                              |
[14:54:38.108952] |  GPU   GI   CI              PID   Type   Process name                        GPU Memory |
[14:54:38.108954] |        ID   ID                                                               Usage      |
[14:54:38.108957] |=========================================================================================|
[14:54:38.109409] |  No running processes found                                                             |
[14:54:38.109428] +-----------------------------------------------------------------------------------------+
[14:54:38.174695] + mkdir -p /output/ex1
[14:54:38.175278] + cp /root/workspace/bk-workspace/papers/rfx-tap/experiments/ex1_patch_s11.py .
[14:54:38.199629] + OUTPUT_DIR=/output/ex1 python ex1_patch_s11.py
[14:54:38.961821] Device: DeviceInfo(backend='gpu', gpu_available=True, devices=[{'id': 0, 'kind': 'NVIDIA GeForce RTX 4090', 'platform': 'gpu'}])
[14:54:38.962016] SimConfig (accuracy='standard'):
[14:54:38.962023]   dx = 1.500 mm (50 cells/λ_min)
[14:54:38.962026]   domain = 209.9 × 209.9 × 151.5 mm
[14:54:38.962027]   cpml = 80 layers (120.0 mm)
[14:54:38.962029]   n_steps = 7077 (8.7 ns)
[14:54:38.962031]   freq = 1.00 – 4.00 GHz
[14:54:38.962032]   source = j_source (CPML boundary: J-source with Cb/dV normalization (Meep convention))
[14:54:38.962034]   dz = 0.400 – 1.499 mm (54 cells, non-uniform)
[14:54:38.962036]   WARNINGS:
[14:54:38.962037]     - Non-uniform z mesh enabled: 54 cells, dz=0.400–1.499 mm
[14:54:38.962039] Estimated memory: 3418 MB
[14:54:38.962041]
[14:54:38.962043] === Gradient-based optimization (Adam) ===
[14:54:41.635090] 2026-04-04 14:54:41.634914: W external/xla/xla/service/hlo_rematerialization.cc:3005] Can't reduce memory use below -1.33TiB (-1459463747588 bytes) by rematerialization; only reduced to 1.84TiB (2022778496495 bytes), down from 1.84TiB (2022778496515 bytes) originally
[14:54:57.444438] 2026-04-04 14:54:57.444136: W external/xla/xla/tsl/framework/bfc_allocator.cc:497] Allocator (GPU_0_bfc) ran out of memory trying to allocate 154.66GiB (rounded to 166067284224)requested by op
[14:54:57.445031] 2026-04-04 14:54:57.444692: W external/xla/xla/tsl/framework/bfc_allocator.cc:508] ****************____________________________________________________________________________________
[14:54:57.445103] E0404 14:54:57.444836     358 pjrt_stream_executor_client.cc:3067] Execution of replica 0 failed: RESOURCE_EXHAUSTED: Out of memory while trying to allocate 166067284152 bytes.
[14:54:57.454146] jax.errors.SimplifiedTraceback: For simplicity, JAX has removed its internal frames from the traceback of the following exception. Set JAX_TRACEBACK_FILTERING=off to include these.
[14:54:57.454159]
[14:54:57.454160] The above exception was the direct cause of the following exception:
[14:54:57.454161]
[14:54:57.454162] Traceback (most recent call last):
[14:54:57.454164]   File "/root/rfx/ex1_patch_s11.py", line 102, in <module>
[14:54:57.454165]     opt = optimize(
[14:54:57.454166]   File "/root/rfx/rfx/optimize.py", line 190, in optimize
[14:54:57.454170]     loss, grad = grad_fn(latent)
[14:54:57.454171]   File "/root/rfx/rfx/optimize.py", line 176, in forward
[14:54:57.454172]     result = _run(
[14:54:57.454173]   File "/root/rfx/rfx/simulation.py", line 813, in run
[14:54:57.454285]     final_carry, outputs = jax.lax.scan(body, carry_init, xs)
[14:54:57.454291] jaxlib.xla_extension.XlaRuntimeError: RESOURCE_EXHAUSTED: Out of memory while trying to allocate 166067284152 bytes.
[14:54:57.753669] workload reported done
[14:54:57.753769] Workload status changed to stopping
[14:55:04.524430] workload reported done
[14:55:04.524530] Workload status changed to waitToBeKilled
[14:55:06.000000] Stopping container vops-sidecar
[14:55:06.000000] Stopping container run-exec
[14:55:06.000000] Terminating VESSL Workload...
[14:55:06.000000] Stopping container ttyd-sidecar
[14:55:06.000000] Stopping container fluentbit
[14:55:06.086084] workload failed
[14:55:06.086185] Workload status changed to failed
