Organization: remilab
Project: byungkwan
[15:16:27.450236] workload awaiting to start
[15:16:27.450336] Workload status changed to pending
[15:16:33.126492] Event Reason: FailedScheduling, Event Note: 0/13 nodes are available: pod has unbound immediate PersistentVolumeClaims. preemption: 0/13 nodes are available: 13 Preemption is not helpful for scheduling.
[15:16:33.126492] Workload is in queue for scheduling. Please wait...
[15:16:36.576775] Event Reason: FailedScheduling, Event Note: 0/13 nodes are available: pod has unbound immediate PersistentVolumeClaims. preemption: 0/13 nodes are available: 13 Preemption is not helpful for scheduling.
[15:16:36.576775] Workload is in queue for scheduling. Please wait...
[15:16:39.402303] Event Reason: FailedScheduling, Event Note: 0/13 nodes are available: pod has unbound immediate PersistentVolumeClaims. preemption: 0/13 nodes are available: 13 Preemption is not helpful for scheduling.
[15:16:39.402303] Workload is in queue for scheduling. Please wait...
[15:17:45.626899] VESSL Workload assigned successfully. Starting soon.
[15:17:46.000000] Container image "quay.io/vessl-ai/kernels-toolbox:0.1.188" already present on machine
[15:17:46.000000] Created container vops-init
[15:17:46.000000] Started container vops-init
[15:17:47.000000] Creating VESSL Workload...
[15:17:47.000000] Created container ttyd-sidecar
[15:17:47.000000] Created container run-exec
[15:17:47.000000] Container image "quay.io/vessl-ai/kernels-toolbox:0.1.188" already present on machine
[15:17:47.000000] Started container fluentbit
[15:17:47.000000] Created container fluentbit
[15:17:47.000000] Container image "nvcr.io/nvidia/jax:24.10-py3" already present on machine
[15:17:47.000000] Started container ttyd-sidecar
[15:17:47.001000] Container image "nvcr.io/nvidia/jax:24.10-py3" already present on machine
[15:17:47.973885] Installing VESSL CLI...
[15:17:48.766323] workload reported alive as pod run-execution-tp2xq5361f5s-0
[15:17:48.766423] Workload status changed to initializing
[15:17:49.890069] + set +x
[15:17:53.520821] vessl, version 0.1.199
[15:17:55.053650] workload reported alive as pod run-execution-tp2xq5361f5s-0
[15:17:55.053750] Workload status changed to running
[15:17:55.144877] + mkdir -p /root
[15:17:55.146775] + cd /root
[15:17:55.147230] + set -euo pipefail
[15:17:55.147258] + cd /root
[15:17:55.147265] + git clone https://github.com/BK3536/rfx.git
[15:17:55.149499] Cloning into 'rfx'...
[15:17:57.708961] + cd rfx
[15:17:57.708981] + pip install --quiet -e '.[all]'
[15:18:00.853927] WARNING: rfx 1807.8.6 does not provide the extra 'dashboard'
[15:18:00.854035] WARNING: rfx 1807.8.6 does not provide the extra 'dev'
[15:18:00.854038] WARNING: rfx 1807.8.6 does not provide the extra 'optimization'
[15:18:00.854187] WARNING: rfx 1807.8.6 does not provide the extra 'visualization'
[15:18:04.721032] WARNING: Running pip as the 'root' user can result in broken permissions and conflicting behaviour with the system package manager. It is recommended to use a virtual environment instead: https://pip.pypa.io/warnings/venv
[15:18:04.870246] + python -c 'import jax; print('"'"'JAX devices:'"'"', jax.devices())'
[15:18:05.251449] JAX devices: [CudaDevice(id=0)]
[15:18:05.293781] + nvidia-smi
[15:18:05.355773] Sat Apr  4 15:18:05 2026
[15:18:05.355819] +---------------------------------------------------------------------------------------+
[15:18:05.355840] | NVIDIA-SMI 535.288.01             Driver Version: 535.288.01   CUDA Version: 12.2     |
[15:18:05.355852] |-----------------------------------------+----------------------+----------------------+
[15:18:05.355863] | GPU  Name                 Persistence-M | Bus-Id        Disp.A | Volatile Uncorr. ECC |
[15:18:05.355873] | Fan  Temp   Perf          Pwr:Usage/Cap |         Memory-Usage | GPU-Util  Compute M. |
[15:18:05.355882] |                                         |                      |               MIG M. |
[15:18:05.355892] |=========================================+======================+======================|
[15:18:05.379788] |   0  NVIDIA GeForce RTX 4090        Off | 00000000:01:00.0 Off |                  Off |
[15:18:05.379801] |  0%   33C    P0              26W / 450W |      1MiB / 24564MiB |      5%      Default |
[15:18:05.379804] |                                         |                      |                  N/A |
[15:18:05.379805] +-----------------------------------------+----------------------+----------------------+
[15:18:05.379807]
[15:18:05.379808] +---------------------------------------------------------------------------------------+
[15:18:05.379810] | Processes:                                                                            |
[15:18:05.379812] |  GPU   GI   CI        PID   Type   Process name                            GPU Memory |
[15:18:05.379813] |        ID   ID                                                             Usage      |
[15:18:05.379815] |=======================================================================================|
[15:18:05.379816] |  No running processes found                                                           |
[15:18:05.379818] +---------------------------------------------------------------------------------------+
[15:18:05.426134] + mkdir -p /output/ex2
[15:18:05.426768] + cp /root/workspace/bk-workspace/papers/rfx-tap/experiments/ex2_filter_topology.py .
[15:18:05.457583] + OUTPUT_DIR=/output/ex2 python ex2_filter_topology.py
[15:18:06.238374] Device: DeviceInfo(backend='gpu', gpu_available=True, devices=[{'id': 0, 'kind': 'NVIDIA GeForce RTX 4090', 'platform': 'gpu'}])
[15:18:06.238651]
[15:18:06.238684] === Building simulation (dx=1.25 mm, est. 5149 MB) ===
[15:18:06.238695]
[15:18:06.238699] === Running topology_optimize (100 iterations, beta continuation) ===
[15:18:06.238702] beta schedule: 1 @ iter 0, 4 @ iter 30, 16 @ iter 60, 64 @ iter 80
[15:18:09.971055] jax.errors.SimplifiedTraceback: For simplicity, JAX has removed its internal frames from the traceback of the following exception. Set JAX_TRACEBACK_FILTERING=off to include these.
[15:18:09.971071]
[15:18:09.971073] The above exception was the direct cause of the following exception:
[15:18:09.971075]
[15:18:09.971077] Traceback (most recent call last):
[15:18:09.971079]   File "/root/rfx/ex2_filter_topology.py", line 164, in <module>
[15:18:09.971080]     result = topology_optimize(
[15:18:09.971082]   File "/root/rfx/rfx/topology.py", line 486, in topology_optimize
[15:18:09.971087]     loss, grad = jax.value_and_grad(lambda l: forward(l, beta))(logit)
[15:18:09.971089]   File "/root/rfx/rfx/topology.py", line 486, in <lambda>
[15:18:09.971091]     loss, grad = jax.value_and_grad(lambda l: forward(l, beta))(logit)
[15:18:09.971093]   File "/root/rfx/rfx/topology.py", line 480, in forward
[15:18:09.971237]     return objective(result)
[15:18:09.971243]   File "/root/rfx/ex2_filter_topology.py", line 150, in bandpass_s21_objective
[15:18:09.971246]     port2 = ts[:, 0]
[15:18:09.971247]   File "/opt/jax/jax/_src/array.py", line 355, in __getitem__
[15:18:09.971249]     return lax_numpy._rewriting_take(self, idx)
[15:18:09.971251]   File "/opt/jax/jax/_src/numpy/lax_numpy.py", line 8953, in _rewriting_take
[15:18:09.971779]     return _gather(arr, treedef, static_idx, dynamic_idx, indices_are_sorted,
[15:18:09.971791]   File "/opt/jax/jax/_src/numpy/lax_numpy.py", line 8962, in _gather
[15:18:09.972173]     indexer = _index_to_gather(shape(arr), idx)  # shared with _scatter_update
[15:18:09.972184]   File "/opt/jax/jax/_src/numpy/lax_numpy.py", line 9180, in _index_to_gather
[15:18:09.972541]     raise IndexError(f"index is out of bounds for axis {x_axis} with size 0")
[15:18:09.972547] IndexError: index is out of bounds for axis 1 with size 0
[15:18:10.285232] workload reported done
[15:18:10.285332] Workload status changed to stopping
[15:18:19.180793] workload reported done
[15:18:19.180893] Workload status changed to waitToBeKilled
[15:18:21.000000] Stopping container vops-sidecar
[15:18:21.000000] Stopping container run-sidecar
[15:18:21.000000] Stopping container run-exec
[15:18:21.000000] Terminating VESSL Workload...
[15:18:21.000000] Stopping container ttyd-sidecar
[15:18:21.000000] Stopping container fluentbit
[15:18:21.067411] workload failed
