Organization: remilab
Project: byungkwan
[03:39:34.318875] workload awaiting to start
[03:39:34.318975] Workload status changed to pending
[03:39:38.923805] Event Reason: FailedScheduling, Event Note: 0/13 nodes are available: pod has unbound immediate PersistentVolumeClaims. preemption: 0/13 nodes are available: 13 Preemption is not helpful for scheduling.
[03:39:38.923805] Workload is in queue for scheduling. Please wait...
[03:39:43.358217] VESSL Workload assigned successfully. Starting soon.
[03:39:44.000000] Container image "quay.io/vessl-ai/kernels-toolbox:0.1.188" already present on machine
[03:39:44.000000] Created container vops-init
[03:39:44.000000] Started container vops-init
[03:39:45.000000] Creating VESSL Workload...
[03:39:45.000000] Created container run-exec
[03:39:45.000000] Container image "nvcr.io/nvidia/jax:24.04-py3" already present on machine
[03:39:45.001000] Container image "nvcr.io/nvidia/jax:24.04-py3" already present on machine
[03:39:46.000000] Started container run-sidecar
[03:39:46.000000] Created container vops-sidecar
[03:39:46.000000] Created container ttyd-sidecar
[03:39:46.000000] Starting VESSL Workload...
[03:39:46.000000] Started container vops-sidecar
[03:39:46.000000] Container image "quay.io/vessl-ai/kernels-toolbox:0.1.188" already present on machine
[03:39:46.000000] Started container run-exec
[03:39:46.000000] Started container fluentbit
[03:39:46.000000] Created container fluentbit
[03:39:46.000000] Started container ttyd-sidecar
[03:39:46.000000] Container image "quay.io/vessl-ai/fluent-bit:2.1.6" already present on machine
[03:39:46.000000] Container image "quay.io/vessl-ai/sidecar:v0.0.3" already present on machine
[03:39:46.000000] Created container run-sidecar
[03:39:46.873308] Installing VESSL CLI...
[03:39:47.516129] workload reported alive as pod run-execution-pazb6s2fxf42-0
[03:39:47.516229] Workload status changed to initializing
[03:39:48.612669] + set +x
[03:39:58.170441] vessl, version 0.1.199
[03:39:58.784665] workload reported alive as pod run-execution-pazb6s2fxf42-0
[03:39:58.784765] Workload status changed to running
[03:39:58.878706] + mkdir -p /root
[03:39:58.879862] + cd /root
[03:39:58.880081] + cd /root/workspace/byungkwan-workspace/research/rfx
[03:39:58.886252] + pip install -q -e .
[03:40:11.364585] WARNING: Running pip as the 'root' user can result in broken permissions and conflicting behaviour with the system package manager. It is recommended to use a virtual environment instead: https://pip.pypa.io/warnings/venv
[03:40:11.638592] + python -c 'import jax; print(f'"'"'Backend: {jax.default_backend()}'"'"')'
[03:40:12.868352] Backend: gpu
[03:40:13.056193] + python examples/11_convergence_verified.py
[03:40:14.333918] Design: L=29.4mm, W=38.0mm, f0=2.400GHz
[03:40:14.334257] lambda=125mm
[03:40:15.257499]
[03:40:15.257543] === dx=1.0mm, grid=(109, 118, 50), h/dx=1.6, n_steps=5246 ===
[03:42:37.989116]   step 2000/5246 | 14/s | ETA 232s
[03:44:54.664022]   step 4000/5246 | 14/s | ETA 87s
[03:46:21.802332]   Done in 367s
[03:46:21.807544]   PEAK: 2.248 GHz (err=6.3%)
[03:46:22.290194]
[03:46:22.290237] === dx=0.5mm, grid=(209, 226, 91), h/dx=3.2, n_steps=10491 ===
[03:48:45.657964]   step 2000/10491 | 14/s | ETA 609s
[03:51:07.787740]   step 4000/10491 | 14/s | ETA 463s
[03:53:27.862879]   step 6000/10491 | 14/s | ETA 319s
[03:55:47.828915]   step 8000/10491 | 14/s | ETA 176s
[03:58:10.016857]   step 10000/10491 | 14/s | ETA 35s
[03:58:43.023655]   Done in 741s
[03:58:43.026146]   PEAK: 2.318 GHz (err=3.4%)
[03:58:43.026155]
[03:58:43.026160] === CONVERGENCE TABLE ===
[03:58:43.026165]   dx(mm)   h/dx  f_res(GHz)  error(%)
[03:58:43.026173]     1.00    1.6       2.248       6.3
[03:58:43.026177]     0.50    3.2       2.318       3.4
[03:58:43.026181]
[03:58:43.026186] Richardson extrapolation (dx->0): 2.341 GHz (err=2.5%)
[03:58:43.383468] workload reported done
[03:58:43.383568] Workload status changed to stopping
[03:58:47.164309] + set +x
[03:58:52.192509] workload reported done
[03:58:52.192609] Workload status changed to waitToBeKilled
[03:58:54.000000] Stopping container run-sidecar
[03:58:54.000000] Stopping container run-exec
[03:58:54.000000] Terminating VESSL Workload...
[03:58:54.000000] Stopping container ttyd-sidecar
[03:58:54.000000] Stopping container fluentbit
[03:58:54.028512] workload completed
[03:58:54.028613] Workload status changed to completed
