Organization: remilab
Project: byungkwan
[04:22:04.250187] workload awaiting to start
[04:22:04.250288] Workload status changed to pending
[04:22:08.899326] Event Reason: FailedScheduling, Event Note: 0/13 nodes are available: pod has unbound immediate PersistentVolumeClaims. preemption: 0/13 nodes are available: 13 Preemption is not helpful for scheduling.
[04:22:08.899326] Workload is in queue for scheduling. Please wait...
[04:22:18.021305] Event Reason: FailedScheduling, Event Note: 0/13 nodes are available: pod has unbound immediate PersistentVolumeClaims. preemption: 0/13 nodes are available: 13 Preemption is not helpful for scheduling.
[04:22:18.021305] Workload is in queue for scheduling. Please wait...
[04:22:20.740133] VESSL Workload assigned successfully. Starting soon.
[04:22:21.000000] Container image "quay.io/vessl-ai/kernels-toolbox:0.1.188" already present on machine
[04:22:21.000000] Created container vops-init
[04:22:21.000000] Started container vops-init
[04:22:22.000000] Started container run-sidecar
[04:22:22.000000] Creating VESSL Workload...
[04:22:22.000000] Created container run-exec
[04:22:22.000000] Created container fluentbit
[04:22:22.000000] Container image "quay.io/vessl-ai/fluent-bit:2.1.6" already present on machine
[04:22:22.000000] Container image "quay.io/vessl-ai/sidecar:v0.0.3" already present on machine
[04:22:22.000000] Container image "nvcr.io/nvidia/jax:24.04-py3" already present on machine
[04:22:22.001000] Container image "nvcr.io/nvidia/jax:24.04-py3" already present on machine
[04:22:23.000000] Created container ttyd-sidecar
[04:22:23.000000] Container image "quay.io/vessl-ai/kernels-toolbox:0.1.188" already present on machine
[04:22:23.000000] Started container fluentbit
[04:22:23.318632] Installing VESSL CLI...
[04:22:34.047328] workload reported alive as pod run-execution-b3x3bb6lbqtm-0
[04:22:34.047428] Workload status changed to initializing
[04:22:35.247768] + set +x
[04:22:43.816708] vessl, version 0.1.199
[04:22:45.412619] workload reported alive as pod run-execution-b3x3bb6lbqtm-0
[04:22:45.412719] Workload status changed to running
[04:22:45.514877] + mkdir -p /root
[04:22:45.516903] + cd /root
[04:22:45.517595] + cd /root/workspace/byungkwan-workspace/research/rfx
[04:22:45.535691] + pip install -q -e .
[04:22:50.937680] WARNING: Running pip as the 'root' user can result in broken permissions and conflicting behaviour with the system package manager. It is recommended to use a virtual environment instead: https://pip.pypa.io/warnings/venv
[04:22:51.019758] + python -c '
[04:22:51.019777]       import numpy as np, jax.numpy as jnp, jax, time
[04:22:51.019780]       from rfx.nonuniform import make_nonuniform_grid, run_nonuniform
[04:22:51.019781]       from rfx.core.yee import MaterialArrays, EPS_0
[04:22:51.019783]       from rfx.sources.sources import GaussianPulse
[04:22:51.019784]       from rfx.harminv import harminv
[04:22:51.019786]       from rfx.grid import C0
[04:22:51.019788]       f0=2.4e9;eps_r=4.4;h=1.6e-3
[04:22:51.019789]       W=C0/(2*f0)*np.sqrt(2/(eps_r+1))
[04:22:51.019791]       eps_eff=(eps_r+1)/2+(eps_r-1)/2*(1+12*h/W)**(-0.5)
[04:22:51.019792]       dL=0.412*h*((eps_eff+0.3)*(W/h+0.264)/((eps_eff-0.258)*(W/h+0.8)))
[04:22:51.019794]       L=C0/(2*f0*np.sqrt(eps_eff))-2*dL
[04:22:51.019795]       sigma_fr4=2*np.pi*f0*8.854e-12*eps_r*0.02
[04:22:51.019797]       dx=0.25e-3;margin=C0/f0/4;cpml=12
[04:22:51.019798]       dz_sub=np.ones(4)*0.4e-3;dz_air=np.ones(int(round(margin/0.5e-3)))*0.5e-3
[04:22:51.019800]       grid=make_nonuniform_grid((L+2*margin,W+2*margin),np.concatenate([dz_sub,dz_air]),dx,cpml)
[04:22:51.019801]       shape=(grid.nx,grid.ny,grid.nz)
[04:22:51.019803]       print(f'"'"'Grid: {shape}, cells={grid.nx*grid.ny*grid.nz/1e6:.1f}M'"'"')
[04:22:51.019804]       eps_arr=jnp.ones(shape,dtype=jnp.float32);sigma_arr=jnp.zeros(shape,dtype=jnp.float32)
[04:22:51.019806]       pec_mask=jnp.zeros(shape,dtype=jnp.bool_)
[04:22:51.019807]       pec_mask=pec_mask.at[cpml:-cpml,cpml:-cpml,cpml].set(True)
[04:22:51.019809]       iz_top=cpml+4
[04:22:51.019810]       eps_arr=eps_arr.at[cpml:-cpml,cpml:-cpml,cpml:iz_top].set(eps_r)
[04:22:51.019812]       sigma_arr=sigma_arr.at[cpml:-cpml,cpml:-cpml,cpml:iz_top].set(sigma_fr4)
[04:22:51.019813]       px0=int(round(margin/dx))+cpml;py0=px0
[04:22:51.019815]       px1=px0+int(round(L/dx));py1=py0+int(round(W/dx))
[04:22:51.019816]       pec_mask=pec_mask.at[px0:px1,py0:py1,iz_top].set(True)
[04:22:51.019830]       materials=MaterialArrays(eps_r=eps_arr,sigma=sigma_arr,mu_r=jnp.ones(shape,dtype=jnp.float32))
[04:22:51.019831]       fi=px0+int(round(L/3/dx));fj=py0+int(round(W/2/dx));fk=cpml+2
[04:22:51.019833]       pulse=GaussianPulse(f0=f0,bandwidth=0.8)
[04:22:51.019834]       n_steps=min(20000,int(np.ceil(10e-9/grid.dt)))
[04:22:51.019835]       times=jnp.arange(n_steps,dtype=jnp.float32)*grid.dt
[04:22:51.019837]       wf=jax.vmap(pulse)(times)  # RAW source, no Cb
[04:22:51.019838]       print(f'"'"'n_steps={n_steps}, T_sim={n_steps*grid.dt*1e9:.1f}ns'"'"')
[04:22:51.019840]       t0=time.time()
[04:22:51.019841]       r=run_nonuniform(grid,materials,n_steps,pec_mask=pec_mask,
[04:22:51.019843]                        sources=[(fi,fj,fk,'"'"'ez'"'"',np.array(wf))],probes=[(fi,fj,fk,'"'"'ez'"'"')])
[04:22:51.019855]       elapsed=time.time()-t0
[04:22:51.019857]       print(f'"'"'Done: {elapsed:.1f}s ({grid.nx*grid.ny*grid.nz*n_steps/elapsed/1e6:.0f} Mcells/s)'"'"')
[04:22:51.019859]       ts=np.array(r['"'"'time_series'"'"']).ravel()
[04:22:51.019860]       t0p=3/(f0*0.8*np.pi);start=int(2*t0p/grid.dt)
[04:22:51.019861]       w=ts[start:]-np.mean(ts[start:])
[04:22:51.019863]       modes=harminv(w,grid.dt,1.5e9,3.5e9)
[04:22:51.019865]       if modes:
[04:22:51.019867]           best=min(modes,key=lambda m:abs(m.freq-f0))
[04:22:51.019868]           print(f'"'"'Harminv: {best.freq/1e9:.4f} GHz, err={abs(best.freq-f0)/f0*100:.2f}%, Q={best.Q:.0f}'"'"')
[04:22:51.019870]       else:
[04:22:51.019871]           fft_data=np.fft.rfft(w);fft_freqs=np.fft.rfftfreq(len(w),d=grid.dt)
[04:22:51.019873]           bp=(fft_freqs>=1.5e9)&(fft_freqs<=3.5e9)
[04:22:51.019874]           w_bp=np.fft.irfft(fft_data*bp,n=len(w))
[04:22:51.019876]           modes2=harminv(w_bp[:3000],grid.dt,1.5e9,3.5e9)
[04:22:51.019877]           if modes2:
[04:22:51.019879]               best=min(modes2,key=lambda m:abs(m.freq-f0))
[04:22:51.019880]               print(f'"'"'BP Harminv: {best.freq/1e9:.4f} GHz, err={abs(best.freq-f0)/f0*100:.2f}%'"'"')
[04:22:51.019882]           else:
[04:22:51.019883]               print('"'"'No modes detected'"'"')
[04:22:51.019885]       '
[04:22:51.031091]   File "<string>", line 2
[04:22:51.031118]     import numpy as np, jax.numpy as jnp, jax, time
[04:22:51.031120] IndentationError: unexpected indent
[04:22:51.050214] workload reported done
[04:22:51.050314] Workload status changed to stopping
[04:22:57.553652] workload reported done
[04:22:57.553752] Workload status changed to waitToBeKilled
[04:23:00.000000] Stopping container vops-sidecar
[04:23:00.000000] Stopping container run-sidecar
[04:23:00.000000] Stopping container run-exec
[04:23:00.000000] Terminating VESSL Workload...
[04:23:00.000000] Stopping container ttyd-sidecar
[04:23:00.000000] Stopping container fluentbit
[04:23:00.118186] workload failed
[04:23:00.118286] Workload status changed to failed
