Organization: remilab
Project: byungkwan
[17:28:59.199212] workload awaiting to start
[17:28:59.199312] Workload status changed to pending
[17:29:02.925780] VESSL Workload assigned successfully. Starting soon.
[17:29:04.000000] Container image "quay.io/vessl-ai/kernels-toolbox:0.1.188" already present on machine
[17:29:04.000000] Created container vops-init
[17:29:04.000000] Started container vops-init
[17:29:05.000000] Started container run-sidecar
[17:29:05.000000] Creating VESSL Workload...
[17:29:05.000000] Created container vops-sidecar
[17:29:05.000000] Created container ttyd-sidecar
[17:29:05.000000] Starting VESSL Workload...
[17:29:05.000000] Created container run-exec
[17:29:05.000000] Container image "quay.io/vessl-ai/kernels-toolbox:0.1.188" already present on machine
[17:29:05.000000] Started container run-exec
[17:29:05.000000] Created container fluentbit
[17:29:05.000000] Container image "nvcr.io/nvidia/jax:24.10-py3" already present on machine
[17:29:05.000000] Started container ttyd-sidecar
[17:29:05.000000] Container image "quay.io/vessl-ai/fluent-bit:2.1.6" already present on machine
[17:29:05.000000] Created container run-sidecar
[17:29:05.001000] Container image "nvcr.io/nvidia/jax:24.10-py3" already present on machine
[17:29:06.000000] Started container vops-sidecar
[17:29:06.024444] Installing VESSL CLI...
[17:29:06.573036] workload reported alive as pod run-execution-q8mjvr9pyt1n-0
[17:29:07.843157] + set +x
[17:29:10.695261] vessl, version 0.1.199
[17:29:12.962850] workload reported alive as pod run-execution-q8mjvr9pyt1n-0
[17:29:12.962950] Workload status changed to running
[17:29:13.236577] + mkdir -p /root
[17:29:13.238351] + cd /root
[17:29:13.239054] + cd /root/workspace/byungkwan-workspace/research/rfx
[17:29:13.257571] + git config --global --add safe.directory /root/workspace/byungkwan-workspace/research/rfx
[17:29:13.285593] + git pull --ff-only origin main
[17:29:14.432288] From https://github.com/BK3536/rfx
[17:29:14.432333]  * branch            main       -> FETCH_HEAD
[17:29:14.578139] Already up to date.
[17:29:14.578853] + pip install -q -e '.[dev]'
[17:29:22.872464] WARNING: Running pip as the 'root' user can result in broken permissions and conflicting behaviour with the system package manager. It is recommended to use a virtual environment instead: https://pip.pypa.io/warnings/venv
[17:29:23.030259] + echo '=== 01: OpenEMS WR42 Waveguide ==='
[17:29:23.030282] + python examples/crossval/01_openems_waveguide.py
[17:29:23.030296] === 01: OpenEMS WR42 Waveguide ===
[17:29:24.152169] ============================================================
[17:29:24.152223] Cross-Validation: OpenEMS Rectangular Waveguide (WR42)
[17:29:24.152234] ============================================================
[17:29:24.152242] WR42: 10.668 x 4.318 mm, length 50 mm
[17:29:24.152250] TE10 cutoff: 14.05 GHz
[17:29:24.152258] Sweep: 20 - 26 GHz (51 pts)
[17:29:24.152265]
[17:29:24.286898] Running waveguide S-matrix...
[17:29:26.201937] S21 mean: 0.8375 (-1.6 dB)
[17:29:26.201962] S11 mean: 0.1439 (-18.6 dB)
[17:29:26.201965]
[17:29:26.201967] Validation:
[17:29:26.201970]   |S21| > 0.9: FAIL
[17:29:26.201972]   |S11| < 0.1: FAIL
[17:29:26.373339]
[17:29:26.373363] Plot saved: /root/workspace/byungkwan-workspace/research/rfx/examples/crossval/01_openems_waveguide.png
[17:29:26.503536] + echo '=== 02: OpenEMS PEC Sphere RCS ==='
[17:29:26.503538] === 02: OpenEMS PEC Sphere RCS ===
[17:29:26.503558] + python examples/crossval/02_openems_rcs_sphere.py
[17:29:27.410074] ============================================================
[17:29:27.410125] Cross-Validation: OpenEMS PEC Sphere RCS
[17:29:27.410132] ============================================================
[17:29:27.410136] Sphere radius: 200 mm
[17:29:27.410141] Geometric RCS: 0.1257 m² (-9.0 dBsm)
[17:29:27.410145] Frequency: 0 - 1000 MHz
[17:29:27.410149]
[17:29:27.410457] Grid: 157x157x157 = 3.9M cells
[17:29:27.410488] Steps: 787
[17:29:32.776148] RCS extraction failed: compute_rcs() missing 1 required positional argument: 'n_steps'
[17:29:32.849900] Plot saved: /root/workspace/byungkwan-workspace/research/rfx/examples/crossval/02_openems_rcs_sphere.png
[17:29:32.985494] === 03: Meep Waveguide Bend ===
[17:29:32.985494] + echo '=== 03: Meep Waveguide Bend ==='
[17:29:32.985529] + python examples/crossval/03_meep_waveguide_bend.py
[17:29:33.467911] ============================================================
[17:29:33.468146] Cross-Validation: Meep Waveguide Bend Transmittance
[17:29:33.468228] ============================================================
[17:29:33.468314] Waveguide: eps=12.0, width=1.0mm
[17:29:33.468396] Cell: 16x16mm
[17:29:33.468466] Frequency: 45.0 GHz, BW=30.0 GHz
[17:29:33.468514]
[17:29:33.468648] Grid: 177x177x20, steps=52451
[17:29:47.930205] Mean transmittance in band: 0.036
[17:29:48.190517] Plot saved: /root/workspace/byungkwan-workspace/research/rfx/examples/crossval/03_meep_waveguide_bend.png
[17:29:48.329508] + echo '=== 04: Meep Mie Sphere ==='
[17:29:48.329514] === 04: Meep Mie Sphere ===
[17:29:48.329532] + python examples/crossval/04_meep_mie_sphere.py
[17:29:49.347861] ============================================================
[17:29:49.347917] Cross-Validation: Meep Mie Scattering (Dielectric Sphere)
[17:29:49.347924] ============================================================
[17:29:49.347929] Sphere: n=2.0, radius=10mm
[17:29:49.347933] Frequency: 30.0 GHz, BW=12.0 GHz
[17:29:49.347938] ka at center: 6.28
[17:29:49.347968] Grid: 29x29x29, steps=525
[17:29:50.703648] Simulation complete
[17:29:50.820795] Plot saved: /root/workspace/byungkwan-workspace/research/rfx/examples/crossval/04_meep_mie_sphere.png
[17:29:50.936394] === 05: Meep Fresnel ===
[17:29:50.936404] + echo '=== 05: Meep Fresnel ==='
[17:29:50.936419] + python examples/crossval/05_meep_fresnel.py
[17:29:51.405972] ============================================================
[17:29:51.406209] Cross-Validation: Meep Fresnel Reflectance
[17:29:51.406288] ============================================================
[17:29:51.406362] Interface: air / n=3.5 (eps_r=12.25)
[17:29:51.406439] Analytical R = 0.3086 (-5.1 dB)
[17:29:51.406500]
[17:29:51.406618] Grid: 67x20x20, steps=1312
[17:29:53.813213]
[17:29:53.813238] Estimated R: 0.9952
[17:29:53.813242] Analytical R: 0.3086
[17:29:53.813244] Difference: 0.6866
[17:29:53.933499] Plot saved: /root/workspace/byungkwan-workspace/research/rfx/examples/crossval/05_meep_fresnel.png
[17:29:54.053302] workload reported done
[17:29:54.053402] Workload status changed to stopping
[17:29:54.072749] + echo '=== ALL CROSSVAL DONE ==='
[17:29:54.072749] === ALL CROSSVAL DONE ===
[17:30:01.265344] + set +x
[17:30:06.253496] workload reported done
[17:30:06.253596] Workload status changed to waitToBeKilled
[17:30:09.000000] Stopping container vops-sidecar
[17:30:09.000000] Stopping container run-exec
[17:30:09.000000] Terminating VESSL Workload...
[17:30:09.000000] Stopping container ttyd-sidecar
[17:30:09.000000] Stopping container fluentbit
[17:30:09.090551] workload completed
[17:30:09.090652] Workload status changed to completed
