Organization: remilab
Project: byungkwan
[18:18:47.116031] workload awaiting to start
[18:18:47.116132] Workload status changed to pending
[18:18:51.007824] Event Reason: FailedScheduling, Event Note: 0/13 nodes are available: pod has unbound immediate PersistentVolumeClaims. preemption: 0/13 nodes are available: 13 Preemption is not helpful for scheduling.
[18:18:51.007824] Workload is in queue for scheduling. Please wait...
[18:18:55.261288] VESSL Workload assigned successfully. Starting soon.
[18:18:56.000000] Container image "quay.io/vessl-ai/kernels-toolbox:0.1.188" already present on machine
[18:18:56.000000] Created container vops-init
[18:18:56.000000] Started container vops-init
[18:18:57.000000] Started container run-sidecar
[18:18:57.000000] Creating VESSL Workload...
[18:18:57.000000] Created container vops-sidecar
[18:18:57.000000] Starting VESSL Workload...
[18:18:57.000000] Created container run-exec
[18:18:57.000000] Started container run-exec
[18:18:57.000000] Container image "nvcr.io/nvidia/jax:24.10-py3" already present on machine
[18:18:57.000000] Container image "quay.io/vessl-ai/fluent-bit:2.1.6" already present on machine
[18:18:57.000000] Container image "quay.io/vessl-ai/sidecar:v0.0.3" already present on machine
[18:18:57.000000] Created container run-sidecar
[18:18:57.001000] Container image "nvcr.io/nvidia/jax:24.10-py3" already present on machine
[18:18:58.000000] Started container vops-sidecar
[18:18:58.073974] Installing VESSL CLI...
[18:18:58.634057] workload reported alive as pod run-execution-4julydadzrw7-0
[18:18:58.634157] Workload status changed to initializing
[18:18:59.843248] + set +x
[18:19:03.084176] vessl, version 0.1.199
[18:19:04.960796] workload reported alive as pod run-execution-4julydadzrw7-0
[18:19:04.960896] Workload status changed to running
[18:19:05.169860] + mkdir -p /root
[18:19:05.171772] + cd /root
[18:19:05.172326] + set -euo pipefail
[18:19:05.172338] + cd /root
[18:19:05.172344] + git clone https://github.com/BK3536/rfx.git
[18:19:05.174559] Cloning into 'rfx'...
[18:19:07.736956] + cd rfx
[18:19:07.736975] + pip install --quiet -e '.[all]'
[18:19:11.293611] WARNING: rfx 1807.8.6 does not provide the extra 'dashboard'
[18:19:11.293641] WARNING: rfx 1807.8.6 does not provide the extra 'dev'
[18:19:11.293768] WARNING: rfx 1807.8.6 does not provide the extra 'optimization'
[18:19:11.293776] WARNING: rfx 1807.8.6 does not provide the extra 'visualization'
[18:19:16.378564] WARNING: Running pip as the 'root' user can result in broken permissions and conflicting behaviour with the system package manager. It is recommended to use a virtual environment instead: https://pip.pypa.io/warnings/venv
[18:19:16.577452] + python -c 'import jax; print('"'"'JAX devices:'"'"', jax.devices())'
[18:19:16.846230] JAX devices: [CudaDevice(id=0)]
[18:19:16.891920] + nvidia-smi
[18:19:16.924381] Sat Apr  4 18:19:16 2026
[18:19:16.924394] +---------------------------------------------------------------------------------------+
[18:19:16.924404] | NVIDIA-SMI 535.288.01             Driver Version: 535.288.01   CUDA Version: 12.2     |
[18:19:16.924408] |-----------------------------------------+----------------------+----------------------+
[18:19:16.924412] | GPU  Name                 Persistence-M | Bus-Id        Disp.A | Volatile Uncorr. ECC |
[18:19:16.924417] | Fan  Temp   Perf          Pwr:Usage/Cap |         Memory-Usage | GPU-Util  Compute M. |
[18:19:16.924421] |                                         |                      |               MIG M. |
[18:19:16.924425] |=========================================+======================+======================|
[18:19:16.944449] |   0  NVIDIA GeForce RTX 4090        Off | 00000000:01:00.0 Off |                  Off |
[18:19:16.944458] |  0%   32C    P0              22W / 450W |      1MiB / 24564MiB |      0%      Default |
[18:19:16.944460] +-----------------------------------------+----------------------+----------------------+
[18:19:16.944460] |                                         |                      |                  N/A |
[18:19:16.944461]
[18:19:16.944462] +---------------------------------------------------------------------------------------+
[18:19:16.944463] | Processes:                                                                            |
[18:19:16.944464] |  GPU   GI   CI        PID   Type   Process name                            GPU Memory |
[18:19:16.944465] |        ID   ID                                                             Usage      |
[18:19:16.944466] |=======================================================================================|
[18:19:16.944488] |  No running processes found                                                           |
[18:19:16.944489] +---------------------------------------------------------------------------------------+
[18:19:16.987678] + mkdir -p /output/ex2
[18:19:16.988345] + cp /root/workspace/bk-workspace/papers/rfx-tap/experiments/ex2_filter_topology.py .
[18:19:17.014446] + OUTPUT_DIR=/output/ex2 python ex2_filter_topology.py
[18:19:17.657894] Device: DeviceInfo(backend='gpu', gpu_available=True, devices=[{'id': 0, 'kind': 'NVIDIA GeForce RTX 4090', 'platform': 'gpu'}])
[18:19:17.658000]
[18:19:17.658005] === Building simulation (dx=1.25 mm, est. 5149 MB) ===
[18:19:17.658043]
[18:19:17.658046] === Running topology_optimize (100 iterations, beta continuation) ===
[18:19:17.658049] beta schedule: 1 @ iter 0, 4 @ iter 30, 16 @ iter 60, 64 @ iter 80
[18:19:17.695635] Traceback (most recent call last):
[18:19:17.695649]   File "/root/rfx/ex2_filter_topology.py", line 173, in <module>
[18:19:17.695652]     result = topology_optimize(
[18:19:17.695654]   File "/root/rfx/rfx/topology.py", line 373, in topology_optimize
[18:19:17.695661]     raise ValueError(
[18:19:17.695663] ValueError: Unknown foreground material: 'metal_surrogate'. Available: ['vacuum', 'air', 'fr4', 'rogers4003c', 'alumina', 'silicon', 'ptfe', 'copper', 'aluminum', 'pec', 'water_20c']
[18:19:17.778294] workload reported done
[18:19:17.778394] Workload status changed to stopping
[18:19:29.166677] workload reported done
[18:19:29.166777] Workload status changed to waitToBeKilled
[18:19:30.000000] Stopping container run-exec
[18:19:30.000000] Terminating VESSL Workload...
[18:19:30.000000] Stopping container fluentbit
[18:19:30.144503] workload failed
[18:19:30.144603] Workload status changed to failed
