Organization: remilab
Project: byungkwan
[03:47:25.994484] workload awaiting to start
[03:47:25.994584] Workload status changed to pending
[03:47:35.481671] VESSL Workload assigned successfully. Starting soon.
[03:47:36.000000] Container image "quay.io/vessl-ai/kernels-toolbox:0.1.188" already present on machine
[03:47:36.000000] Created container vops-init
[03:47:36.000000] Started container vops-init
[03:47:37.000000] Creating VESSL Workload...
[03:47:37.000000] Created container run-exec
[03:47:37.000000] Container image "nvcr.io/nvidia/jax:24.10-py3" already present on machine
[03:47:37.001000] Container image "nvcr.io/nvidia/jax:24.10-py3" already present on machine
[03:47:38.000000] Started container run-sidecar
[03:47:38.000000] Created container vops-sidecar
[03:47:38.000000] Created container ttyd-sidecar
[03:47:38.000000] Starting VESSL Workload...
[03:47:38.000000] Started container vops-sidecar
[03:47:38.000000] Container image "quay.io/vessl-ai/kernels-toolbox:0.1.188" already present on machine
[03:47:38.000000] Started container run-exec
[03:47:38.000000] Started container fluentbit
[03:47:38.000000] Created container fluentbit
[03:47:38.000000] Started container ttyd-sidecar
[03:47:38.000000] Container image "quay.io/vessl-ai/fluent-bit:2.1.6" already present on machine
[03:47:38.000000] Container image "quay.io/vessl-ai/sidecar:v0.0.3" already present on machine
[03:47:38.000000] Created container run-sidecar
[03:47:38.814656] Installing VESSL CLI...
[03:47:40.391866] + set +x
[03:47:43.770184] vessl, version 0.1.199
[03:47:45.484272] workload reported alive as pod run-execution-wzt44twgsoac-0
[03:47:45.484372] Workload status changed to running
[03:47:45.871784] + mkdir -p /root
[03:47:45.873751] + cd /root
[03:47:45.874469] + set -euo pipefail
[03:47:45.874500] + cd /root
[03:47:45.874507] + git clone https://github.com/BK3536/rfx.git
[03:47:45.876689] Cloning into 'rfx'...
[03:47:48.072597] + cd rfx
[03:47:48.072626] + pip install --quiet -e '.[all]'
[03:47:51.545020] WARNING: rfx 1807.8.6 does not provide the extra 'dashboard'
[03:47:51.545053] WARNING: rfx 1807.8.6 does not provide the extra 'dev'
[03:47:51.545177] WARNING: rfx 1807.8.6 does not provide the extra 'optimization'
[03:47:51.545184] WARNING: rfx 1807.8.6 does not provide the extra 'visualization'
[03:47:56.584457] WARNING: Running pip as the 'root' user can result in broken permissions and conflicting behaviour with the system package manager. It is recommended to use a virtual environment instead: https://pip.pypa.io/warnings/venv
[03:47:56.785238] + python -c 'import jax; print('"'"'JAX devices:'"'"', jax.devices())'
[03:47:57.039850] JAX devices: [CudaDevice(id=0)]
[03:47:57.090905] + nvidia-smi
[03:47:57.153614] Sun Apr  5 03:47:57 2026
[03:47:57.153662] +---------------------------------------------------------------------------------------+
[03:47:57.153680] | NVIDIA-SMI 535.288.01             Driver Version: 535.288.01   CUDA Version: 12.2     |
[03:47:57.153688] |-----------------------------------------+----------------------+----------------------+
[03:47:57.153693] | GPU  Name                 Persistence-M | Bus-Id        Disp.A | Volatile Uncorr. ECC |
[03:47:57.153697] | Fan  Temp   Perf          Pwr:Usage/Cap |         Memory-Usage | GPU-Util  Compute M. |
[03:47:57.153701] |                                         |                      |               MIG M. |
[03:47:57.153705] |=========================================+======================+======================|
[03:47:57.172348] |   0  NVIDIA GeForce RTX 4090        Off | 00000000:01:00.0 Off |                  Off |
[03:47:57.172351] |  0%   33C    P0              21W / 450W |      1MiB / 24564MiB |      0%      Default |
[03:47:57.172351] |                                         |                      |                  N/A |
[03:47:57.172352] +-----------------------------------------+----------------------+----------------------+
[03:47:57.172353]
[03:47:57.172354] +---------------------------------------------------------------------------------------+
[03:47:57.172355] | Processes:                                                                            |
[03:47:57.172356] |  GPU   GI   CI        PID   Type   Process name                            GPU Memory |
[03:47:57.172357] |        ID   ID                                                             Usage      |
[03:47:57.172358] |=======================================================================================|
[03:47:57.172362] |  No running processes found                                                           |
[03:47:57.172363] +---------------------------------------------------------------------------------------+
[03:47:57.220404] + mkdir -p /output/ex2
[03:47:57.221089] + cp /root/workspace/bk-workspace/papers/rfx-tap/experiments/ex2_filter_topology.py .
[03:47:57.251928] + OUTPUT_DIR=/output/ex2 python ex2_filter_topology.py
[03:47:57.834918] Device: DeviceInfo(backend='gpu', gpu_available=True, devices=[{'id': 0, 'kind': 'NVIDIA GeForce RTX 4090', 'platform': 'gpu'}])
[03:47:57.834957]
[03:47:57.834960] === Grid: dx=1.500 mm, est. 17802 MB ===
[03:47:57.835079]
[03:47:57.835099] === Topology optimization: 120 iterations ===
[03:47:57.835115] Beta schedule: 1@0, 4@30, 16@60, 32@80, 64@100
[03:48:04.624986]   iter    0  loss = -1.729874e+05  beta = 1.0  binarization = 1.000
[03:48:38.428752]   iter   10  loss = -1.729874e+05  beta = 1.0  binarization = 0.978
[03:49:44.191520]   iter   30  loss = -1.729875e+05  beta = 4.0  binarization = 0.610
[03:50:16.251372]   iter   40  loss = -1.729875e+05  beta = 4.0  binarization = 0.486
[03:50:48.536438]   iter   50  loss = -1.729875e+05  beta = 4.0  binarization = 0.399
[03:51:20.668485]   iter   60  loss = -1.729875e+05  beta = 16.0  binarization = 0.043
[03:51:53.363302]   iter   70  loss = -1.729875e+05  beta = 16.0  binarization = 0.044
[03:52:25.258364]   iter   80  loss = -1.729875e+05  beta = 32.0  binarization = 0.039
[03:52:57.023616]   iter   90  loss = -1.729876e+05  beta = 32.0  binarization = 0.046
[03:53:29.216846]   iter  100  loss = -1.729876e+05  beta = 64.0  binarization = 0.027
[03:54:01.318130]   iter  110  loss = -1.729876e+05  beta = 64.0  binarization = 0.023
[03:54:30.718020]   iter  119  loss = -1.729876e+05  beta = 64.0  binarization = 0.018
[03:54:30.747799]
[03:54:30.747821] Optimization complete in 392.9s
[03:54:31.104658]
[03:54:31.104665] Generating topology_evolution.png ...
[03:54:31.125494] /root/rfx/ex2_filter_topology.py:280: UserWarning: This figure includes Axes that are not compatible with tight_layout, so results might be incorrect.
[03:54:31.125507]   plt.tight_layout()
[03:54:31.390942] Saved: topology_evolution.png
[03:54:31.390958] Generating convergence.png ...
[03:54:31.408106] /root/rfx/ex2_filter_topology.py:313: UserWarning: Tight layout not applied. The bottom and top margins cannot be made large enough to accommodate all Axes decorations.
[03:54:31.408115]   plt.tight_layout()
[03:54:31.476985] Saved: convergence.png
[03:54:31.476997] Generating binary_design.png ...
[03:54:31.656914] Saved: binary_design.png
[03:54:31.656929]
[03:54:31.656931] === S-parameter sweeps ===
[03:54:31.656933] Running S-param sweep: initial (no topology) ...
[03:57:59.257677]   done in 207.6s
[03:57:59.257698] Running S-param sweep: optimized (base + feed lines, no design region material) ...
[04:01:19.744678]   done in 200.5s
[04:01:19.744693] Running S-param sweep: binary (full-metal design region as PEC proxy) ...
[04:04:41.646269]   done in 201.9s
[04:04:41.646292] Generating sparam_comparison.png ...
[04:04:41.828388] Saved: sparam_comparison.png
[04:04:41.828709]
[04:04:41.828727] Metrics saved: /output/ex2/metrics.json
[04:04:41.828729] {
[04:04:41.828731]   "experiment": "ex2_filter_topology",
[04:04:41.828743]   "device": "DeviceInfo(backend='gpu', gpu_available=True, devices=[{'id': 0, 'kind': 'NVIDIA GeForce RTX 4090', 'platform': 'gpu'}])",
[04:04:41.828745]   "total_iters": 120,
[04:04:41.828746]   "opt_time_s": 392.9,
[04:04:41.828748]   "initial_loss": -172987.40625,
[04:04:41.828749]   "final_loss": -172987.59375,
[04:04:41.828751]   "improvement_pct": -0.0,
[04:04:41.828753]   "design_region_cells": [
[04:04:41.828755]     22,
[04:04:41.828757]     13,
[04:04:41.828758]     2
[04:04:41.828760]   ],
[04:04:41.828762]   "binarization": 0.0378,
[04:04:41.828764]   "passband_ghz": [
[04:04:41.828766]     2.0,
[04:04:41.828768]     2.5
[04:04:41.828769]   ],
[04:04:41.828771]   "beta_schedule": [
[04:04:41.828773]     [
[04:04:41.828775]       0,
[04:04:41.828776]       1
[04:04:41.828778]     ],
[04:04:41.828780]     [
[04:04:41.828782]       30,
[04:04:41.828793]       4
[04:04:41.828795]     ],
[04:04:41.828797]     [
[04:04:41.828798]       60,
[04:04:41.828800]       16
[04:04:41.828802]     ],
[04:04:41.828804]     [
[04:04:41.828806]       80,
[04:04:41.828808]       32
[04:04:41.828810]     ],
[04:04:41.828812]     [
[04:04:41.828813]       100,
[04:04:41.828815]       64
[04:04:41.828817]     ]
[04:04:41.828819]   ],
[04:04:41.828820]   "filter_radius_mm": 3.0,
[04:04:41.828822]   "dx_mm": 1.5,
[04:04:41.828824]   "insertion_loss_dB": 140.4589080810547,
[04:04:41.828825]   "return_loss_dB": 0.14361795783042908,
[04:04:41.828827]   "bandwidth_MHz": null,
[04:04:41.828829]   "binary_insertion_loss_dB": 140.4589080810547,
[04:04:41.828831]   "binary_return_loss_dB": 0.14361795783042908,
[04:04:41.828833]   "binary_bandwidth_MHz": null
[04:04:41.828835] }
[04:04:41.828836]
[04:04:41.828838] All outputs written to: /output/ex2/
[04:04:41.828840] Done.
[04:04:51.613022] workload reported done
[04:04:51.613122] Workload status changed to stopping
[04:04:51.631955] + echo '[done] ex2 filter topology'
[04:04:51.631955] [done] ex2 filter topology
[04:04:58.003651] + set +x
[04:05:02.999303] workload reported done
[04:05:02.999403] Workload status changed to waitToBeKilled
[04:05:06.000000] Stopping container run-sidecar
[04:05:06.000000] Stopping container run-exec
[04:05:06.000000] Terminating VESSL Workload...
[04:05:06.000000] Stopping container ttyd-sidecar
[04:05:06.000000] Stopping container fluentbit
[04:05:06.096158] workload completed
[04:05:06.096258] Workload status changed to completed
