Organization: remilab
Project: byungkwan
[15:42:19.917898] workload awaiting to start
[15:42:19.917998] Workload status changed to pending
[15:42:23.956517] Event Reason: FailedScheduling, Event Note: 0/13 nodes are available: pod has unbound immediate PersistentVolumeClaims. preemption: 0/13 nodes are available: 13 Preemption is not helpful for scheduling.
[15:42:23.956517] Workload is in queue for scheduling. Please wait...
[15:42:25.379689] VESSL Workload assigned successfully. Starting soon.
[15:42:26.000000] Container image "quay.io/vessl-ai/kernels-toolbox:0.1.188" already present on machine
[15:42:26.000000] Created container vops-init
[15:42:26.000000] Started container vops-init
[15:42:27.000000] Creating VESSL Workload...
[15:42:27.000000] Created container ttyd-sidecar
[15:42:27.000000] Created container run-exec
[15:42:27.000000] Container image "quay.io/vessl-ai/kernels-toolbox:0.1.188" already present on machine
[15:42:27.000000] Started container run-exec
[15:42:27.000000] Started container fluentbit
[15:42:27.000000] Container image "nvcr.io/nvidia/jax:24.10-py3" already present on machine
[15:42:27.000000] Started container ttyd-sidecar
[15:42:27.000000] Container image "quay.io/vessl-ai/fluent-bit:2.1.6" already present on machine
[15:42:27.000000] Container image "quay.io/vessl-ai/sidecar:v0.0.3" already present on machine
[15:42:27.000000] Created container run-sidecar
[15:42:27.001000] Container image "nvcr.io/nvidia/jax:24.10-py3" already present on machine
[15:42:28.000000] Created container vops-sidecar
[15:42:28.000000] Started container vops-sidecar
[15:42:28.128504] Installing VESSL CLI...
[15:42:28.926038] workload reported alive as pod run-execution-rh85jqn0mmpl-0
[15:42:28.926138] Workload status changed to initializing
[15:42:30.035738] + set +x
[15:42:32.866184] vessl, version 0.1.199
[15:42:35.181984] workload reported alive as pod run-execution-rh85jqn0mmpl-0
[15:42:35.182084] Workload status changed to running
[15:42:35.483250] + mkdir -p /root
[15:42:35.485239] + cd /root
[15:42:35.485583] + set -euo pipefail
[15:42:35.485605] + cd /root
[15:42:35.485615] + git clone https://github.com/BK3536/rfx.git
[15:42:35.487829] Cloning into 'rfx'...
[15:42:37.992141] + cd rfx
[15:42:37.992203] + pip install --quiet -e '.[all]'
[15:42:40.957114] WARNING: rfx 1807.8.6 does not provide the extra 'dashboard'
[15:42:40.957133] WARNING: rfx 1807.8.6 does not provide the extra 'dev'
[15:42:40.957243] WARNING: rfx 1807.8.6 does not provide the extra 'optimization'
[15:42:40.957249] WARNING: rfx 1807.8.6 does not provide the extra 'visualization'
[15:42:45.070379] WARNING: Running pip as the 'root' user can result in broken permissions and conflicting behaviour with the system package manager. It is recommended to use a virtual environment instead: https://pip.pypa.io/warnings/venv
[15:42:45.220409] + python -c 'import jax; print('"'"'JAX devices:'"'"', jax.devices())'
[15:42:45.544942] JAX devices: [CudaDevice(id=0)]
[15:42:45.585563] + nvidia-smi
[15:42:45.625523] Sat Apr  4 15:42:45 2026
[15:42:45.625534] +---------------------------------------------------------------------------------------+
[15:42:45.625544] | NVIDIA-SMI 535.288.01             Driver Version: 535.288.01   CUDA Version: 12.2     |
[15:42:45.625551] |-----------------------------------------+----------------------+----------------------+
[15:42:45.625556] | GPU  Name                 Persistence-M | Bus-Id        Disp.A | Volatile Uncorr. ECC |
[15:42:45.625562] | Fan  Temp   Perf          Pwr:Usage/Cap |         Memory-Usage | GPU-Util  Compute M. |
[15:42:45.625567] |                                         |                      |               MIG M. |
[15:42:45.625572] |=========================================+======================+======================|
[15:42:45.647719] |   0  NVIDIA GeForce RTX 4090        Off | 00000000:01:00.0 Off |                  Off |
[15:42:45.647729] |  0%   40C    P0              25W / 450W |      1MiB / 24564MiB |      0%      Default |
[15:42:45.647731] +-----------------------------------------+----------------------+----------------------+
[15:42:45.647731] |                                         |                      |                  N/A |
[15:42:45.647732]
[15:42:45.647733] +---------------------------------------------------------------------------------------+
[15:42:45.647734] | Processes:                                                                            |
[15:42:45.647735] |  GPU   GI   CI        PID   Type   Process name                            GPU Memory |
[15:42:45.647736] |        ID   ID                                                             Usage      |
[15:42:45.647737] |=======================================================================================|
[15:42:45.647738] |  No running processes found                                                           |
[15:42:45.647739] +---------------------------------------------------------------------------------------+
[15:42:45.698935] + mkdir -p /output/ex2
[15:42:45.699612] + cp /root/workspace/bk-workspace/papers/rfx-tap/experiments/ex2_filter_topology.py .
[15:42:45.739681] + OUTPUT_DIR=/output/ex2 python ex2_filter_topology.py
[15:42:46.449717] Device: DeviceInfo(backend='gpu', gpu_available=True, devices=[{'id': 0, 'kind': 'NVIDIA GeForce RTX 4090', 'platform': 'gpu'}])
[15:42:46.449743]
[15:42:46.449746] === Building simulation (dx=1.25 mm, est. 5149 MB) ===
[15:42:46.449748]
[15:42:46.449749] === Running topology_optimize (100 iterations, beta continuation) ===
[15:42:46.449751] beta schedule: 1 @ iter 0, 4 @ iter 30, 16 @ iter 60, 64 @ iter 80
[15:42:52.430548]   iter    0  loss = -4.560433e-04  beta = 1.0  binarization = 1.000
[15:43:24.885525]   iter   10  loss = -4.560428e-04  beta = 1.0  binarization = 1.000
[15:43:56.584595]   iter   20  loss = -4.560432e-04  beta = 1.0  binarization = 1.000
[15:44:27.938493]   iter   30  loss = -4.560445e-04  beta = 4.0  binarization = 1.000
[15:44:58.873327]   iter   40  loss = -4.560439e-04  beta = 4.0  binarization = 1.000
[15:45:30.112058]   iter   50  loss = -4.560465e-04  beta = 4.0  binarization = 1.000
[15:46:01.673611]   iter   60  loss = -4.560560e-04  beta = 16.0  binarization = 1.000
[15:46:33.622320]   iter   70  loss = -4.560576e-04  beta = 16.0  binarization = 1.000
[15:47:04.681821]   iter   80  loss = -4.560670e-04  beta = 64.0  binarization = 1.000
[15:47:35.909722]   iter   90  loss = -4.560679e-04  beta = 64.0  binarization = 1.000
[15:48:04.242655]   iter   99  loss = -4.560682e-04  beta = 64.0  binarization = 1.000
[15:48:04.328113]
[15:48:04.328163] Optimization complete: 317.9s
[15:48:04.328493]
[15:48:04.328501] Metrics: {
[15:48:04.328505]   "experiment": "ex2_filter_topology",
[15:48:04.328508]   "device": "DeviceInfo(backend='gpu', gpu_available=True, devices=[{'id': 0, 'kind': 'NVIDIA GeForce RTX 4090', 'platform': 'gpu'}])",
[15:48:04.328510]   "total_iters": 100,
[15:48:04.328512]   "total_time_s": 317.9,
[15:48:04.328514]   "initial_loss": -0.00045604328624904156,
[15:48:04.328515]   "final_loss": -0.000456068228231743,
[15:48:04.328517]   "improvement_pct": -0.0,
[15:48:04.328518]   "design_region_cells": [
[15:48:04.328520]     29,
[15:48:04.328521]     13,
[15:48:04.328523]     2
[15:48:04.328524]   ],
[15:48:04.328526]   "passband_ghz": [
[15:48:04.328527]     2.0,
[15:48:04.328529]     2.5
[15:48:04.328530]   ],
[15:48:04.328532]   "beta_schedule": [
[15:48:04.328533]     [
[15:48:04.328535]       0,
[15:48:04.328536]       1
[15:48:04.328538]     ],
[15:48:04.328539]     [
[15:48:04.328541]       30,
[15:48:04.328542]       4
[15:48:04.328544]     ],
[15:48:04.328545]     [
[15:48:04.328547]       60,
[15:48:04.328548]       16
[15:48:04.328550]     ],
[15:48:04.328551]     [
[15:48:04.328553]       80,
[15:48:04.328554]       64
[15:48:04.328556]     ]
[15:48:04.328557]   ],
[15:48:04.328559]   "filter_radius_mm": 1.0,
[15:48:04.328569]   "min_feature_size_mm": 0.5,
[15:48:04.328571]   "dx_mm": 1.25
[15:48:04.328573] }
[15:48:04.328585] Traceback (most recent call last):
[15:48:04.328598]   File "/root/rfx/ex2_filter_topology.py", line 238, in <module>
[15:48:04.328763]     latent_final = np.array(result.latent) if result.latent is not None else np.zeros_like(density_final)
[15:48:04.328770] AttributeError: 'TopologyResult' object has no attribute 'latent'
[15:48:10.457780] workload reported done
[15:48:10.457880] Workload status changed to stopping
[15:48:11.559027] workload reported done
[15:48:11.559127] Workload status changed to waitToBeKilled
[15:48:15.000000] Stopping container vops-sidecar
[15:48:15.000000] Stopping container run-exec
[15:48:15.000000] Terminating VESSL Workload...
[15:48:15.000000] Stopping container ttyd-sidecar
[15:48:15.000000] Stopping container fluentbit
[15:48:15.054955] workload failed
