Organization: remilab
Project: byungkwan
[01:34:41.938121] workload awaiting to start
[01:34:41.938221] Workload status changed to pending
[01:34:47.913371] Event Reason: FailedScheduling, Event Note: 0/13 nodes are available: pod has unbound immediate PersistentVolumeClaims. preemption: 0/13 nodes are available: 13 Preemption is not helpful for scheduling.
[01:34:47.913371] Workload is in queue for scheduling. Please wait...
[01:34:55.129424] VESSL Workload assigned successfully. Starting soon.
[01:34:56.000000] Creating VESSL Workload...
[01:34:56.000000] Created container run-exec
[01:34:56.000000] Container image "quay.io/vessl-ai/kernels-toolbox:0.1.188" already present on machine
[01:34:56.000000] Created container vops-init
[01:34:56.000000] Container image "nvcr.io/nvidia/jax:24.10-py3" already present on machine
[01:34:56.000000] Started container vops-init
[01:34:56.001000] Container image "nvcr.io/nvidia/jax:24.10-py3" already present on machine
[01:34:57.000000] Started container run-sidecar
[01:34:57.000000] Created container vops-sidecar
[01:34:57.000000] Created container ttyd-sidecar
[01:34:57.000000] Starting VESSL Workload...
[01:34:57.000000] Started container vops-sidecar
[01:34:57.000000] Container image "quay.io/vessl-ai/kernels-toolbox:0.1.188" already present on machine
[01:34:57.000000] Started container run-exec
[01:34:57.000000] Started container ttyd-sidecar
[01:34:57.000000] Container image "quay.io/vessl-ai/fluent-bit:2.1.6" already present on machine
[01:34:57.000000] Container image "quay.io/vessl-ai/sidecar:v0.0.3" already present on machine
[01:34:57.718313] Installing VESSL CLI...
[01:34:58.416842] workload reported alive as pod run-execution-l2lj8aygajrw-0
[01:34:58.416942] Workload status changed to initializing
[01:34:59.662023] + set +x
[01:35:02.650893] vessl, version 0.1.199
[01:35:04.787691] workload reported alive as pod run-execution-l2lj8aygajrw-0
[01:35:04.787791] Workload status changed to running
[01:35:05.151580] + mkdir -p /root
[01:35:05.153638] + cd /root
[01:35:05.154173] + set -euo pipefail
[01:35:05.154202] + cd /root
[01:35:05.154209] + git clone https://github.com/bk-squared/rfx.git
[01:35:05.156245] Cloning into 'rfx'...
[01:35:09.381463] + cd rfx
[01:35:09.381483] + pip install --quiet -e '.[all]'
[01:35:12.924678] WARNING: rfx 1807.8.6 does not provide the extra 'dashboard'
[01:35:12.924712] WARNING: rfx 1807.8.6 does not provide the extra 'dev'
[01:35:12.924730] WARNING: rfx 1807.8.6 does not provide the extra 'optimization'
[01:35:12.924836] WARNING: rfx 1807.8.6 does not provide the extra 'visualization'
[01:35:17.672224] WARNING: Running pip as the 'root' user can result in broken permissions and conflicting behaviour with the system package manager. It is recommended to use a virtual environment instead: https://pip.pypa.io/warnings/venv
[01:35:17.868062] + pip install --quiet scipy cma
[01:35:18.973623] + python -c 'import jax; print('"'"'JAX:'"'"', jax.devices()); import rfx; print('"'"'rfx'"'"', rfx.__version__)'
[01:35:19.232031] JAX: [CudaDevice(id=0)]
[01:35:19.560251] rfx 1.4.0
[01:35:19.645483] + nvidia-smi
[01:35:19.654910] Wed Apr  8 01:35:19 2026
[01:35:19.654923] +---------------------------------------------------------------------------------------+
[01:35:19.654928] | NVIDIA-SMI 535.288.01             Driver Version: 535.288.01   CUDA Version: 12.2     |
[01:35:19.654931] |-----------------------------------------+----------------------+----------------------+
[01:35:19.654932] | GPU  Name                 Persistence-M | Bus-Id        Disp.A | Volatile Uncorr. ECC |
[01:35:19.654933] | Fan  Temp   Perf          Pwr:Usage/Cap |         Memory-Usage | GPU-Util  Compute M. |
[01:35:19.654935] |                                         |                      |               MIG M. |
[01:35:19.654936] |=========================================+======================+======================|
[01:35:19.666709] |   0  NVIDIA GeForce RTX 4090        Off | 00000000:01:00.0 Off |                  Off |
[01:35:19.666719] |  0%   32C    P0              32W / 450W |      1MiB / 24564MiB |      0%      Default |
[01:35:19.666722] |                                         |                      |                  N/A |
[01:35:19.666723] +-----------------------------------------+----------------------+----------------------+
[01:35:19.666725]
[01:35:19.666726] +---------------------------------------------------------------------------------------+
[01:35:19.666728] | Processes:                                                                            |
[01:35:19.666730] |  GPU   GI   CI        PID   Type   Process name                            GPU Memory |
[01:35:19.666732] |        ID   ID                                                             Usage      |
[01:35:19.666734] |=======================================================================================|
[01:35:19.666738] |  No running processes found                                                           |
[01:35:19.666740] +---------------------------------------------------------------------------------------+
[01:35:19.710326] + mkdir -p /output/ex3-flagship
[01:35:19.711009] + head -1
[01:35:19.718970] + ls '/root/workspace/bk-workspace/papers/rfx-tap/experiments/ex3-flagship*.py'
[01:35:19.720099] ls: cannot access '/root/workspace/bk-workspace/papers/rfx-tap/experiments/ex3-flagship*.py': No such file or directory
[01:35:19.720235] + SCRIPT=
[01:35:19.722688] workload reported done
[01:35:19.722788] Workload status changed to stopping
[01:35:29.176929] workload reported done
[01:35:29.177030] Workload status changed to waitToBeKilled
[01:35:30.000000] Stopping container vops-sidecar
[01:35:30.000000] Stopping container run-sidecar
[01:35:30.000000] Stopping container run-exec
[01:35:30.000000] Terminating VESSL Workload...
[01:35:30.000000] Stopping container ttyd-sidecar
[01:35:30.053310] workload failed
[01:35:30.053410] Workload status changed to failed
