Organization: remilab
Project: byungkwan
[02:43:38.701654] workload awaiting to start
[02:43:38.701754] Workload status changed to pending
[02:43:44.927192] Event Reason: FailedScheduling, Event Note: 0/13 nodes are available: pod has unbound immediate PersistentVolumeClaims. preemption: 0/13 nodes are available: 13 Preemption is not helpful for scheduling.
[02:43:44.927192] Workload is in queue for scheduling. Please wait...
[02:43:58.172887] Event Reason: FailedScheduling, Event Note: 0/13 nodes are available: pod has unbound immediate PersistentVolumeClaims. preemption: 0/13 nodes are available: 13 Preemption is not helpful for scheduling.
[02:43:58.172887] Workload is in queue for scheduling. Please wait...
[02:44:00.701550] VESSL Workload assigned successfully. Starting soon.
[02:44:01.000000] Container image "quay.io/vessl-ai/kernels-toolbox:0.1.188" already present on machine
[02:44:01.000000] Created container vops-init
[02:44:01.000000] Started container vops-init
[02:44:02.000000] Creating VESSL Workload...
[02:44:02.000000] Created container run-exec
[02:44:02.000000] Container image "nvcr.io/nvidia/jax:24.04-py3" already present on machine
[02:44:02.001000] Container image "nvcr.io/nvidia/jax:24.04-py3" already present on machine
[02:44:03.000000] Started container run-sidecar
[02:44:03.000000] Created container vops-sidecar
[02:44:03.000000] Created container ttyd-sidecar
[02:44:03.000000] Starting VESSL Workload...
[02:44:03.000000] Started container vops-sidecar
[02:44:03.000000] Container image "quay.io/vessl-ai/kernels-toolbox:0.1.188" already present on machine
[02:44:03.000000] Started container run-exec
[02:44:03.000000] Started container fluentbit
[02:44:03.000000] Created container fluentbit
[02:44:03.000000] Container image "quay.io/vessl-ai/fluent-bit:2.1.6" already present on machine
[02:44:03.000000] Container image "quay.io/vessl-ai/sidecar:v0.0.3" already present on machine
[02:44:03.000000] Created container run-sidecar
[02:44:03.697551] Installing VESSL CLI...
[02:44:04.364973] workload reported alive as pod run-execution-i8oo4b6g0ldx-0
[02:44:04.365073] Workload status changed to initializing
[02:44:05.543042] + set +x
[02:44:13.752375] vessl, version 0.1.199
[02:44:15.698597] workload reported alive as pod run-execution-i8oo4b6g0ldx-0
[02:44:15.698698] Workload status changed to running
[02:44:15.832892] + mkdir -p /root
[02:44:15.835704] + cd /root
[02:44:15.836138] + cd /root/workspace/byungkwan-workspace/research/rfx
[02:44:15.841650] + pip install -q -e .
[02:44:26.970410] WARNING: Running pip as the 'root' user can result in broken permissions and conflicting behaviour with the system package manager. It is recommended to use a virtual environment instead: https://pip.pypa.io/warnings/venv
[02:44:27.258453] + python -c 'import jax; print(f'"'"'Backend: {jax.default_backend()}'"'"')'
[02:44:28.607048] Backend: gpu
[02:44:28.779952] + python examples/10_patch_point_source.py
[02:44:30.343395] Design: L=29.4mm, W=38.0mm, f0=2.400GHz
[02:44:30.343766] Grid: (209, 226, 91), dx=0.5mm, cpml=12, dt=9.533e-13
[02:44:31.351120] PEC cells: 51718, substrate z: 12 to 15, patch z: 15
[02:44:31.473303] n_steps=10491, T_sim=10.0ns
[02:44:31.473337] Running...
[02:46:54.795019]   step 2000/10491 | 14 steps/s | ETA 608s | max|Ez|=3.421e+01
[02:48:04.550337]   step 3000/10491 | 14 steps/s | ETA 532s | max|Ez|=3.421e+01
[02:49:15.527737]   step 4000/10491 | 14 steps/s | ETA 461s | max|Ez|=3.421e+01
[02:50:26.878293]   step 5000/10491 | 14 steps/s | ETA 390s | max|Ez|=3.421e+01
[02:51:37.807369]   step 6000/10491 | 14 steps/s | ETA 319s | max|Ez|=3.421e+01
[02:52:47.779523]   step 7000/10491 | 14 steps/s | ETA 248s | max|Ez|=3.421e+01
[02:53:58.050754]   step 8000/10491 | 14 steps/s | ETA 176s | max|Ez|=3.421e+01
[02:55:06.024653]   step 9000/10491 | 14 steps/s | ETA 105s | max|Ez|=3.421e+01
[02:56:16.033932]   step 10000/10491 | 14 steps/s | ETA 35s | max|Ez|=3.421e+01
[02:56:49.418027] Done in 737.9s (14 steps/s)
[02:56:49.423216]
[02:56:49.423252] === Results ===
[02:56:49.423260] Resonance PEAK: 1.012 GHz (design: 2.400 GHz)
[02:56:49.423266] Error: 57.8%
[02:56:49.630753] Top spectral peaks (1-4 GHz):
[02:56:49.630780]   1. 3.850 GHz (amp=2.01e+02)
[02:56:50.021414] workload reported done
[02:56:50.021514] Workload status changed to stopping
[02:56:52.041745] + set +x
[02:56:57.070390] workload reported done
[02:56:57.070490] Workload status changed to waitToBeKilled
[02:57:00.000000] Stopping container vops-sidecar
[02:57:00.000000] Stopping container run-sidecar
[02:57:00.000000] Stopping container run-exec
[02:57:00.000000] Terminating VESSL Workload...
[02:57:00.000000] Stopping container ttyd-sidecar
[02:57:00.108276] workload completed
[02:57:00.108376] Workload status changed to completed
