Organization: remilab
Project: byungkwan
[23:07:49.786256] workload awaiting to start
[23:07:49.786356] Workload status changed to pending
[23:07:53.641224] Event Reason: FailedScheduling, Event Note: 0/13 nodes are available: pod has unbound immediate PersistentVolumeClaims. preemption: 0/13 nodes are available: 13 Preemption is not helpful for scheduling.
[23:07:53.641224] Workload is in queue for scheduling. Please wait...
[23:08:05.153661] VESSL Workload assigned successfully. Starting soon.
[23:08:06.000000] Container image "quay.io/vessl-ai/kernels-toolbox:0.1.188" already present on machine
[23:08:06.000000] Created container vops-init
[23:08:06.000000] Started container vops-init
[23:08:07.000000] Creating VESSL Workload...
[23:08:07.000000] Starting VESSL Workload...
[23:08:07.000000] Created container run-exec
[23:08:07.000000] Started container run-exec
[23:08:07.000000] Container image "nvcr.io/nvidia/jax:24.10-py3" already present on machine
[23:08:07.000000] Container image "quay.io/vessl-ai/sidecar:v0.0.3" already present on machine
[23:08:07.000000] Created container run-sidecar
[23:08:07.001000] Container image "nvcr.io/nvidia/jax:24.10-py3" already present on machine
[23:08:08.000000] Created container vops-sidecar
[23:08:08.000000] Created container ttyd-sidecar
[23:08:08.000000] Started container vops-sidecar
[23:08:08.000000] Container image "quay.io/vessl-ai/kernels-toolbox:0.1.188" already present on machine
[23:08:08.000000] Started container ttyd-sidecar
[23:08:08.370884] Installing VESSL CLI...
[23:08:09.006212] workload reported alive as pod run-execution-is1iu6ao9noj-0
[23:08:09.006312] Workload status changed to initializing
[23:08:10.215654] + set +x
[23:08:12.937658] vessl, version 0.1.199
[23:08:15.355783] workload reported alive as pod run-execution-is1iu6ao9noj-0
[23:08:15.355883] Workload status changed to running
[23:08:15.451165] + mkdir -p /root
[23:08:15.453208] + cd /root
[23:08:15.453939] + cd /root/workspace/byungkwan-workspace/research/rfx
[23:08:15.469670] + git config --global --add safe.directory /root/workspace/byungkwan-workspace/research/rfx
[23:08:15.499459] + git pull --ff-only origin main
[23:08:16.965095] From https://github.com/BK3536/rfx
[23:08:16.965151]  * branch            main       -> FETCH_HEAD
[23:08:17.112811] Already up to date.
[23:08:17.113553] + pip install -q -e '.[dev]'
[23:08:25.861754] WARNING: Running pip as the 'root' user can result in broken permissions and conflicting behaviour with the system package manager. It is recommended to use a virtual environment instead: https://pip.pypa.io/warnings/venv
[23:08:26.019014] === Crossval #10: OpenEMS Patch Antenna ===
[23:08:26.019021] + echo '=== Crossval #10: OpenEMS Patch Antenna ==='
[23:08:26.019036] + python examples/crossval/10_openems_patch_antenna.py
[23:08:27.130238] ============================================================
[23:08:27.130287] Cross-Validation #2: OpenEMS Simple Patch Antenna
[23:08:27.130295] ============================================================
[23:08:27.130300] Patch: 32 x 40 mm on eps_r=3.38
[23:08:27.130304] Substrate: h=1.524mm, 60x60mm
[23:08:27.130308] Analytical f_r: 2.038 GHz
[23:08:27.130312]
[23:08:27.130454] dx = 1.50 mm, dz_sub = 0.381 mm
[23:08:27.130498] z-cells: 4 substrate + 99 air = 108 total
[23:08:27.130900] Steps: 8000
[23:08:27.507237] Nu grid: nz=124, dt=1.18ps
[23:08:27.507414] z_phys first 10: [0.         0.38099986 0.76199996 1.1429994  1.5811495  2.1507444
[23:08:27.507429]  2.891218   3.8538334  5.1052337  6.5625467 ]
[23:08:27.507431] Substrate h=1.524mm, port z=0.762mm
[23:08:27.507433]
[23:08:34.073419] Probe signal: max=1.9060e+07, rms=4.5602e+06
[23:08:34.080827] FFT peak: 2.3753 GHz (at 0.0 dB)
[23:08:34.080839] Analytical: 2.0383 GHz
[23:08:34.080841] Error: 16.53%
[23:09:06.955558] FAIL: 16.53% error
[23:09:06.955628]
[23:09:06.970489] NTFF extraction: 'NoneType' object has no attribute 'freqs'
[23:09:07.205805]
[23:09:07.205830] Plot saved: /root/workspace/byungkwan-workspace/research/rfx/examples/crossval/10_openems_patch_antenna.png
[23:09:07.357363] === Crossval #08: Dipole Radiation (fixed) ===
[23:09:07.357368] + echo '=== Crossval #08: Dipole Radiation (fixed) ==='
[23:09:07.357389] + python examples/crossval/08_dipole_radiation.py
[23:09:08.215992] ============================================================
[23:09:08.216021] Cross-Validation: Dipole Radiation Pattern
[23:09:08.216025] ============================================================
[23:09:08.216029] Source: Ez dipole at 5 GHz
[23:09:08.216031] Domain: 80mm, dx=1.0mm
[23:09:08.216033]
[23:09:08.216041] Grid: 101x101x101, steps=4197
[23:09:13.862741]
[23:09:13.862778] E-plane correlation with sin²(theta): 0.9987
[23:09:13.862781] H-plane correlation with sin²(theta): 0.9987
[23:09:13.862783] Max far-field power: 6.1606e-39
[23:09:13.862795] FAIL: correlation E=0.999
[23:09:14.139170] Plot saved: /root/workspace/byungkwan-workspace/research/rfx/examples/crossval/08_dipole_radiation.png
[23:09:14.267762] + echo '=== DONE ==='
[23:09:14.267773] === DONE ===
[23:09:14.269329] workload reported done
[23:09:14.269429] Workload status changed to stopping
[23:09:27.688967] + set +x
[23:09:32.711884] workload reported done
[23:09:32.711985] Workload status changed to waitToBeKilled
[23:09:36.000000] Stopping container vops-sidecar
[23:09:36.000000] Stopping container run-exec
[23:09:36.000000] Terminating VESSL Workload...
[23:09:36.000000] Stopping container ttyd-sidecar
[23:09:36.000000] Stopping container fluentbit
[23:09:36.157725] workload completed
[23:09:36.157825] Workload status changed to completed
