Organization: remilab
Project: byungkwan
[13:12:33.596643] workload awaiting to start
[13:12:33.596743] Workload status changed to pending
[13:12:38.966724] Event Reason: FailedScheduling, Event Note: 0/13 nodes are available: pod has unbound immediate PersistentVolumeClaims. preemption: 0/13 nodes are available: 13 Preemption is not helpful for scheduling.
[13:12:38.966724] Workload is in queue for scheduling. Please wait...
[13:12:48.293750] Event Reason: FailedScheduling, Event Note: 0/13 nodes are available: pod has unbound immediate PersistentVolumeClaims. preemption: 0/13 nodes are available: 13 Preemption is not helpful for scheduling.
[13:12:48.293750] Workload is in queue for scheduling. Please wait...
[13:12:50.321155] VESSL Workload assigned successfully. Starting soon.
[13:12:51.000000] Container image "quay.io/vessl-ai/kernels-toolbox:0.1.188" already present on machine
[13:12:51.000000] Created container vops-init
[13:12:51.000000] Started container vops-init
[13:12:52.000000] Creating VESSL Workload...
[13:12:52.000000] Starting VESSL Workload...
[13:12:52.000000] Created container run-exec
[13:12:52.000000] Started container run-exec
[13:12:52.000000] Container image "nvcr.io/nvidia/jax:24.10-py3" already present on machine
[13:12:52.001000] Container image "nvcr.io/nvidia/jax:24.10-py3" already present on machine
[13:12:53.000000] Started container run-sidecar
[13:12:53.000000] Created container vops-sidecar
[13:12:53.000000] Created container ttyd-sidecar
[13:12:53.000000] Started container vops-sidecar
[13:12:53.000000] Container image "quay.io/vessl-ai/kernels-toolbox:0.1.188" already present on machine
[13:12:53.000000] Started container fluentbit
[13:12:53.000000] Created container fluentbit
[13:12:53.000000] Started container ttyd-sidecar
[13:12:53.000000] Created container run-sidecar
[13:12:53.557756] Installing VESSL CLI...
[13:12:54.247302] workload reported alive as pod run-execution-r2km3oil1ot6-0
[13:12:54.247402] Workload status changed to initializing
[13:12:55.327125] + set +x
[13:12:58.094367] vessl, version 0.1.199
[13:13:00.481568] workload reported alive as pod run-execution-r2km3oil1ot6-0
[13:13:00.481668] Workload status changed to running
[13:13:00.695614] + mkdir -p /root
[13:13:00.697621] + cd /root
[13:13:00.697889] + cd /root/workspace/byungkwan-workspace/research/rfx
[13:13:00.739705] + git config --global --add safe.directory /root/workspace/byungkwan-workspace/research/rfx
[13:13:00.801563] + git pull --ff-only origin main
[13:13:02.471102] From https://github.com/BK3536/rfx
[13:13:02.471148]  * branch            main       -> FETCH_HEAD
[13:13:02.645601] Already up to date.
[13:13:02.646479] + pip install -q -e '.[dev]'
[13:13:11.658356] WARNING: Running pip as the 'root' user can result in broken permissions and conflicting behaviour with the system package manager. It is recommended to use a virtual environment instead: https://pip.pypa.io/warnings/venv
[13:13:11.818119] + pytest tests/test_physics_integrity.py -v -s '--tb=short'
[13:13:12.049416] ============================= test session starts ==============================
[13:13:12.049453] platform linux -- Python 3.10.12, pytest-9.0.2, pluggy-1.6.0 -- /usr/bin/python3
[13:13:12.052161] cachedir: .pytest_cache
[13:13:12.052178] rootdir: /root/workspace/byungkwan-workspace/research/rfx
[13:13:12.052182] configfile: pyproject.toml
[13:13:12.052185] plugins: xdist-3.8.0
[13:13:13.359631] collecting ... collected 6 items
[13:13:13.359999]
[13:13:14.077888] tests/test_physics_integrity.py::test_maxwell_residual_vacuum
[13:13:14.077894] Faraday residual (Hx component):
[13:13:14.077895]   Max:  7.63e-06
[13:13:14.077896]   Mean: 6.20e-07
[13:13:14.127852]   Relative: 1.16e-14
[13:13:14.128312] PASSED
[13:13:16.969135] tests/test_physics_integrity.py::test_energy_conservation_pec_cavity
[13:13:16.969217] Energy conservation (500 steps):
[13:13:16.969219]   Initial: 6.861996e-05
[13:13:16.969220]   Final:   6.705480e-05
[13:13:16.969221]   Drift:   2.28e-02
[13:13:16.969581] PASSED
[13:13:18.364190] tests/test_physics_integrity.py::test_energy_decay_lossy
[13:13:18.364206] Lossy energy decay:
[13:13:18.364208]   Initial: 1.098592e-13
[13:13:18.364208]   Final:   1.676405e-17
[13:13:18.364209]   Ratio:   0.0002
[13:13:18.364211]   Significant increases: 20/199 (10.1%)
[13:13:18.364632] PASSED
[13:14:11.030635] tests/test_physics_integrity.py::test_field_pattern_tm110
[13:14:11.030661] TM110 field pattern correlation:
[13:14:11.030663]   Correlation: 0.9559
[13:14:11.046826] PASSED
[13:14:13.569057] tests/test_physics_integrity.py::test_reciprocity_two_port
[13:14:13.569083] Reciprocity (S12 vs S21):
[13:14:13.569085]   Mean |S12|: 0.5231
[13:14:13.569086]   Mean |S21|: 0.4632
[13:14:13.569087]   Max diff:   0.239980
[13:14:13.569088]   Rel diff:   1.40e-01
[13:14:13.874995] FAILED
[13:14:55.846846] tests/test_physics_integrity.py::test_convergence_order   dx=2.0mm: f=4.797461 GHz, err=3.249862e-04
[13:16:19.650787]   dx=1.0mm: f=4.798653 GHz, err=7.657903e-05
[13:19:02.964554]   dx=0.5mm: f=4.798951 GHz, err=1.453145e-05
[13:19:02.964577]
[13:19:02.964587] Convergence order:
[13:19:02.964590]   Rate (coarse→medium): 2.09
[13:19:02.964592]   Rate (medium→fine):   2.40
[13:19:03.015952] PASSED
[13:19:03.015996]
[13:19:03.016003] =================================== FAILURES ===================================
[13:19:03.016019] __________________________ test_reciprocity_two_port ___________________________
[13:19:03.016025] tests/test_physics_integrity.py:282: in test_reciprocity_two_port
[13:19:03.016227]     assert rel_diff < 0.1, f"Reciprocity violation: relative |S12-S21| = {rel_diff:.2%}"
[13:19:03.016254] E   AssertionError: Reciprocity violation: relative |S12-S21| = 13.98%
[13:19:03.016260] E   assert 0.13977643935220954 < 0.1
[13:19:03.016557] =========================== short test summary info ============================
[13:19:03.016584] FAILED tests/test_physics_integrity.py::test_reciprocity_two_port - Assertion...
[13:19:03.016733] =================== 1 failed, 5 passed in 350.97s (0:05:50) ====================
[13:19:03.389617] workload reported done
[13:19:03.389717] Workload status changed to stopping
[13:19:12.765617] workload reported done
[13:19:12.765717] Workload status changed to waitToBeKilled
[13:19:15.000000] Stopping container vops-sidecar
[13:19:15.000000] Stopping container run-sidecar
[13:19:15.000000] Stopping container run-exec
[13:19:15.000000] Terminating VESSL Workload...
[13:19:15.000000] Stopping container ttyd-sidecar
[13:19:15.000000] Stopping container fluentbit
[13:19:15.076663] workload failed
[13:19:15.076763] Workload status changed to failed
