Organization: remilab
Project: byungkwan
[15:25:01.070437] workload awaiting to start
[15:25:01.070537] Workload status changed to pending
[15:25:06.212328] Event Reason: FailedScheduling, Event Note: 0/13 nodes are available: pod has unbound immediate PersistentVolumeClaims. preemption: 0/13 nodes are available: 13 Preemption is not helpful for scheduling.
[15:25:06.212328] Workload is in queue for scheduling. Please wait...
[15:25:09.657152] Event Reason: FailedScheduling, Event Note: 0/13 nodes are available: pod has unbound immediate PersistentVolumeClaims. preemption: 0/13 nodes are available: 13 Preemption is not helpful for scheduling.
[15:25:09.657152] Workload is in queue for scheduling. Please wait...
[15:25:11.735039] VESSL Workload assigned successfully. Starting soon.
[15:25:12.000000] Container image "quay.io/vessl-ai/kernels-toolbox:0.1.188" already present on machine
[15:25:12.000000] Created container vops-init
[15:25:12.000000] Started container vops-init
[15:25:13.000000] Started container run-sidecar
[15:25:13.000000] Created container ttyd-sidecar
[15:25:13.000000] Starting VESSL Workload...
[15:25:13.000000] Created container run-exec
[15:25:13.000000] Container image "quay.io/vessl-ai/kernels-toolbox:0.1.188" already present on machine
[15:25:13.000000] Started container run-exec
[15:25:13.000000] Created container fluentbit
[15:25:13.000000] Container image "nvcr.io/nvidia/jax:24.10-py3" already present on machine
[15:25:13.000000] Started container ttyd-sidecar
[15:25:13.000000] Container image "quay.io/vessl-ai/fluent-bit:2.1.6" already present on machine
[15:25:13.000000] Container image "quay.io/vessl-ai/sidecar:v0.0.3" already present on machine
[15:25:13.000000] Created container run-sidecar
[15:25:13.001000] Container image "nvcr.io/nvidia/jax:24.10-py3" already present on machine
[15:25:14.000000] Created container vops-sidecar
[15:25:14.000000] Started container vops-sidecar
[15:25:14.130892] Installing VESSL CLI...
[15:25:14.878599] workload reported alive as pod run-execution-izggubgdlq5n-0
[15:25:14.878699] Workload status changed to initializing
[15:25:15.958434] + set +x
[15:25:18.767850] vessl, version 0.1.199
[15:25:21.102744] workload reported alive as pod run-execution-izggubgdlq5n-0
[15:25:21.102844] Workload status changed to running
[15:25:21.307284] + mkdir -p /root
[15:25:21.309225] + cd /root
[15:25:21.309503] + set -euo pipefail
[15:25:21.309541] + cd /root
[15:25:21.309548] + git clone https://github.com/BK3536/rfx.git
[15:25:21.311623] Cloning into 'rfx'...
[15:25:24.212789] + cd rfx
[15:25:24.212805] + pip install --quiet -e '.[all]'
[15:25:26.910699] WARNING: rfx 1807.8.6 does not provide the extra 'dashboard'
[15:25:26.910722] WARNING: rfx 1807.8.6 does not provide the extra 'dev'
[15:25:26.910878] WARNING: rfx 1807.8.6 does not provide the extra 'optimization'
[15:25:26.910890] WARNING: rfx 1807.8.6 does not provide the extra 'visualization'
[15:25:30.777089] WARNING: Running pip as the 'root' user can result in broken permissions and conflicting behaviour with the system package manager. It is recommended to use a virtual environment instead: https://pip.pypa.io/warnings/venv
[15:25:30.945711] + python -c 'import jax; print('"'"'JAX devices:'"'"', jax.devices())'
[15:25:31.275491] JAX devices: [CudaDevice(id=0)]
[15:25:31.321624] + nvidia-smi
[15:25:31.357140] Sat Apr  4 15:25:31 2026
[15:25:31.357156] +---------------------------------------------------------------------------------------+
[15:25:31.357166] | NVIDIA-SMI 535.288.01             Driver Version: 535.288.01   CUDA Version: 12.2     |
[15:25:31.357174] |-----------------------------------------+----------------------+----------------------+
[15:25:31.357180] | GPU  Name                 Persistence-M | Bus-Id        Disp.A | Volatile Uncorr. ECC |
[15:25:31.357191] | Fan  Temp   Perf          Pwr:Usage/Cap |         Memory-Usage | GPU-Util  Compute M. |
[15:25:31.357197] |                                         |                      |               MIG M. |
[15:25:31.357203] |=========================================+======================+======================|
[15:25:31.377265] |   0  NVIDIA GeForce RTX 4090        Off | 00000000:01:00.0 Off |                  Off |
[15:25:31.377273] |  0%   36C    P0              24W / 450W |      1MiB / 24564MiB |      0%      Default |
[15:25:31.377275] |                                         |                      |                  N/A |
[15:25:31.377276] +-----------------------------------------+----------------------+----------------------+
[15:25:31.377278]
[15:25:31.377279] +---------------------------------------------------------------------------------------+
[15:25:31.377280] | Processes:                                                                            |
[15:25:31.377281] |  GPU   GI   CI        PID   Type   Process name                            GPU Memory |
[15:25:31.377282] |        ID   ID                                                             Usage      |
[15:25:31.377283] |=======================================================================================|
[15:25:31.377301] |  No running processes found                                                           |
[15:25:31.377303] +---------------------------------------------------------------------------------------+
[15:25:31.429721] + mkdir -p /output/ex3
[15:25:31.430200] + cp /root/workspace/bk-workspace/papers/rfx-tap/experiments/ex3_farfield_shaping.py .
[15:25:31.458015] + OUTPUT_DIR=/output/ex3 python ex3_farfield_shaping.py
[15:25:32.231640] Device: DeviceInfo(backend='gpu', gpu_available=True, devices=[{'id': 0, 'kind': 'NVIDIA GeForce RTX 4090', 'platform': 'gpu'}])
[15:25:32.231656]
[15:25:32.231657] === Far-field pattern shaping optimization ===
[15:25:32.231658] Target: steer main beam to theta=30.0 deg
[15:25:32.231659]
[15:25:32.231660] --- Optimizing left parasitic region ---
[15:25:41.403317]   iter    0  loss = -4.422906e-06
[15:26:54.268673]   iter   10  loss = -4.427239e-06
[15:28:07.391968]   iter   20  loss = -4.432547e-06
[15:29:20.691441]   iter   30  loss = -4.438386e-06
[15:30:26.578028]   iter   39  loss = -4.444797e-06
[15:30:26.616559]
[15:30:26.616582] --- Optimizing right parasitic region ---
[15:30:33.819169]   iter    0  loss = -4.457610e-06
[15:31:47.076311]   iter   10  loss = -4.459045e-06
[15:32:59.746679]   iter   20  loss = -4.459061e-06
[15:34:13.590519]   iter   30  loss = -4.458207e-06
[15:35:18.868804]   iter   39  loss = -4.458166e-06
[15:35:18.868949]
[15:35:18.868960] === Computing final radiation patterns ===
[15:36:19.347258]
[15:36:19.347283] Metrics: {
[15:36:19.347288]   "experiment": "ex3_farfield_shaping",
[15:36:19.347291]   "device": "DeviceInfo(backend='gpu', gpu_available=True, devices=[{'id': 0, 'kind': 'NVIDIA GeForce RTX 4090', 'platform': 'gpu'}])",
[15:36:19.347293]   "target_theta_deg": 30.0,
[15:36:19.347295]   "achieved_peak_theta_deg": -37.99999999999999,
[15:36:19.347297]   "total_iters": 80,
[15:36:19.347298]   "total_time_s": 586.6,
[15:36:19.347300]   "initial_loss": -4.422905931278365e-06,
[15:36:19.347301]   "final_loss": -4.458166131371399e-06,
[15:36:19.347303]   "beam_steering_error_deg": 68.0,
[15:36:19.347312]   "peak_gain_dBi": -38.860747333565556,
[15:36:19.347314]   "half_power_beamwidth_deg": 180.0
[15:36:19.347316] }
[15:36:19.653521]
[15:36:19.653535] Results saved to /output/ex3/
[15:36:24.806266] [done] ex3 farfield
[15:36:24.806291] + echo '[done] ex3 farfield'
[15:36:24.826247] workload reported done
[15:36:24.826348] Workload status changed to stopping
[15:36:33.405868] + set +x
[15:36:38.000000] Stopping container vops-sidecar
[15:36:38.000000] Stopping container run-sidecar
[15:36:38.000000] Stopping container run-exec
[15:36:38.000000] Terminating VESSL Workload...
[15:36:38.000000] Stopping container ttyd-sidecar
[15:36:38.442539] workload reported done
[15:36:38.442639] Workload status changed to waitToBeKilled
[15:36:39.022094] workload completed
[15:36:39.022194] Workload status changed to completed
