Organization: remilab
Project: byungkwan
[04:36:56.557489] workload awaiting to start
[04:36:56.557590] Workload status changed to pending
[04:37:02.896182] Event Reason: FailedScheduling, Event Note: 0/13 nodes are available: pod has unbound immediate PersistentVolumeClaims. preemption: 0/13 nodes are available: 13 Preemption is not helpful for scheduling.
[04:37:02.896182] Workload is in queue for scheduling. Please wait...
[04:37:12.181907] Workload is in queue for scheduling. Please wait...
[04:37:12.181907] Event Reason: FailedScheduling, Event Note: 0/13 nodes are available: 3 Insufficient cpu, 3 Insufficient memory, 6 Insufficient nvidia.com/gpu, 7 node(s) didn't match Pod's node affinity/selector. preemption: 0/13 nodes are available: 6 No preemption victims found for incoming pod, 7 Preemption is not helpful for scheduling.
[04:42:18.849289] Workload is in queue for scheduling. Please wait...
[04:42:18.849289] Event Reason: FailedScheduling, Event Note: 0/13 nodes are available: 3 Insufficient cpu, 3 Insufficient memory, 6 Insufficient nvidia.com/gpu, 7 node(s) didn't match Pod's node affinity/selector. preemption: 0/13 nodes are available: 6 No preemption victims found for incoming pod, 7 Preemption is not helpful for scheduling.
[04:46:51.635474] VESSL Workload assigned successfully. Starting soon.
[04:46:52.000000] Container image "quay.io/vessl-ai/kernels-toolbox:0.1.188" already present on machine
[04:46:52.000000] Created container vops-init
[04:46:52.000000] Started container vops-init
[04:46:53.000000] Creating VESSL Workload...
[04:46:53.000000] Created container run-exec
[04:46:53.000000] Container image "nvcr.io/nvidia/jax:24.04-py3" already present on machine
[04:46:53.001000] Container image "nvcr.io/nvidia/jax:24.04-py3" already present on machine
[04:46:54.000000] Started container run-sidecar
[04:46:54.000000] Created container vops-sidecar
[04:46:54.000000] Created container ttyd-sidecar
[04:46:54.000000] Starting VESSL Workload...
[04:46:54.000000] Started container vops-sidecar
[04:46:54.000000] Container image "quay.io/vessl-ai/kernels-toolbox:0.1.188" already present on machine
[04:46:54.000000] Started container run-exec
[04:46:54.000000] Started container fluentbit
[04:46:54.000000] Created container fluentbit
[04:46:54.000000] Container image "quay.io/vessl-ai/fluent-bit:2.1.6" already present on machine
[04:46:54.000000] Container image "quay.io/vessl-ai/sidecar:v0.0.3" already present on machine
[04:46:54.000000] Created container run-sidecar
[04:46:54.627747] Installing VESSL CLI...
[04:46:55.248251] workload reported alive as pod run-execution-v0zpexno10ko-0
[04:46:55.248352] Workload status changed to initializing
[04:46:56.367438] + set +x
[04:46:58.762523] vessl, version 0.1.199
[04:47:01.501154] workload reported alive as pod run-execution-v0zpexno10ko-0
[04:47:01.501254] Workload status changed to running
[04:47:01.612985] + mkdir -p /root
[04:47:01.615299] + cd /root
[04:47:01.615974] + cd /root/workspace/byungkwan-workspace/research/rfx
[04:47:01.641637] + git pull --ff-only origin main
[04:47:01.667779] fatal: detected dubious ownership in repository at '/root/workspace/byungkwan-workspace/research/rfx'
[04:47:01.667820] To add an exception for this directory, call:
[04:47:01.667826]
[04:47:01.667832] 	git config --global --add safe.directory /root/workspace/byungkwan-workspace/research/rfx
[04:47:01.668113] + true
[04:47:01.668164] + pip install -q -e .
[04:47:08.326338] WARNING: Running pip as the 'root' user can result in broken permissions and conflicting behaviour with the system package manager. It is recommended to use a virtual environment instead: https://pip.pypa.io/warnings/venv
[04:47:08.408817] + pip install 'numpy<2' -q
[04:47:08.697342] WARNING: Running pip as the 'root' user can result in broken permissions and conflicting behaviour with the system package manager. It is recommended to use a virtual environment instead: https://pip.pypa.io/warnings/venv
[04:47:08.718621] + python scripts/cpml_reflectivity_sweep.py
[04:47:10.556154] ======================================================================
[04:47:10.556235] CPML Reflectivity Sweep
[04:47:10.556244] ======================================================================
[04:47:10.556251] Layers: [4, 6, 8, 10, 12, 16, 20]
[04:47:10.556259] Frequencies: ['1.0 GHz', '2.4 GHz', '5.0 GHz', '10.0 GHz']
[04:47:10.556265] Kappa values: [1.0, 5.0]
[04:47:10.556271] Target: -40.0 dB
[04:47:10.556277]
[04:47:10.556283]
[04:47:10.556292] --- kappa_max = 1.0 ---
[04:47:30.473369]   f=  1.0 GHz  layers= 4  reflectivity=  -26.8 dB  [FAIL]  (19.9s)
[04:47:49.926888]   f=  1.0 GHz  layers= 6  reflectivity=  -26.8 dB  [FAIL]  (19.5s)
[04:48:09.104454]   f=  1.0 GHz  layers= 8  reflectivity=  -26.8 dB  [FAIL]  (19.2s)
[04:48:28.631848]   f=  1.0 GHz  layers=10  reflectivity=  -26.8 dB  [FAIL]  (19.5s)
[04:48:48.513581]   f=  1.0 GHz  layers=12  reflectivity=  -26.8 dB  [FAIL]  (19.9s)
[04:49:07.797307]   f=  1.0 GHz  layers=16  reflectivity=  -26.8 dB  [FAIL]  (19.3s)
[04:49:26.489022]   f=  1.0 GHz  layers=20  reflectivity=  -26.8 dB  [FAIL]  (18.7s)
[04:49:45.864504]   f=  2.4 GHz  layers= 4  reflectivity=  -27.6 dB  [FAIL]  (19.4s)
[04:50:05.024740]   f=  2.4 GHz  layers= 6  reflectivity=  -27.6 dB  [FAIL]  (19.2s)
[04:50:23.522945]   f=  2.4 GHz  layers= 8  reflectivity=  -27.6 dB  [FAIL]  (18.5s)
[04:50:42.734687]   f=  2.4 GHz  layers=10  reflectivity=  -27.6 dB  [FAIL]  (19.2s)
[04:51:01.270345]   f=  2.4 GHz  layers=12  reflectivity=  -27.6 dB  [FAIL]  (18.5s)
[04:51:20.352818]   f=  2.4 GHz  layers=16  reflectivity=  -27.6 dB  [FAIL]  (19.1s)
[04:51:39.701055]   f=  2.4 GHz  layers=20  reflectivity=  -27.6 dB  [FAIL]  (19.3s)
[04:51:59.145915]   f=  5.0 GHz  layers= 4  reflectivity=  -32.0 dB  [FAIL]  (19.4s)
[04:52:19.030673]   f=  5.0 GHz  layers= 6  reflectivity=  -32.0 dB  [FAIL]  (19.9s)
[04:52:38.005103]   f=  5.0 GHz  layers= 8  reflectivity=  -32.0 dB  [FAIL]  (19.0s)
[04:52:57.636008]   f=  5.0 GHz  layers=10  reflectivity=  -32.0 dB  [FAIL]  (19.6s)
[04:53:17.490817]   f=  5.0 GHz  layers=12  reflectivity=  -32.0 dB  [FAIL]  (19.9s)
[04:53:36.975174]   f=  5.0 GHz  layers=16  reflectivity=  -32.0 dB  [FAIL]  (19.5s)
[04:53:56.185129]   f=  5.0 GHz  layers=20  reflectivity=  -32.0 dB  [FAIL]  (19.2s)
[04:54:15.605355]   f= 10.0 GHz  layers= 4  reflectivity=  -43.3 dB  [PASS]  (19.4s)
[04:54:34.509261]   f= 10.0 GHz  layers= 6  reflectivity=  -43.3 dB  [PASS]  (18.9s)
[04:54:53.475519]   f= 10.0 GHz  layers= 8  reflectivity=  -43.3 dB  [PASS]  (19.0s)
[04:55:12.086990]   f= 10.0 GHz  layers=10  reflectivity=  -43.3 dB  [PASS]  (18.6s)
[04:55:31.592235]   f= 10.0 GHz  layers=12  reflectivity=  -43.3 dB  [PASS]  (19.5s)
[04:55:51.545067]   f= 10.0 GHz  layers=16  reflectivity=  -43.3 dB  [PASS]  (20.0s)
[04:56:11.677747]   f= 10.0 GHz  layers=20  reflectivity=  -43.3 dB  [PASS]  (20.1s)
[04:56:11.677765]
[04:56:11.677769] --- kappa_max = 5.0 ---
[04:56:30.003806]   f=  1.0 GHz  layers= 4  reflectivity=  -26.8 dB  [FAIL]  (18.3s)
[04:56:47.899137]   f=  1.0 GHz  layers= 6  reflectivity=  -26.8 dB  [FAIL]  (17.9s)
[04:57:06.309434]   f=  1.0 GHz  layers= 8  reflectivity=  -26.8 dB  [FAIL]  (18.4s)
[04:57:24.070347]   f=  1.0 GHz  layers=10  reflectivity=  -26.8 dB  [FAIL]  (17.8s)
[04:57:42.631819]   f=  1.0 GHz  layers=12  reflectivity=  -26.8 dB  [FAIL]  (18.6s)
[04:58:00.834632]   f=  1.0 GHz  layers=16  reflectivity=  -26.8 dB  [FAIL]  (18.2s)
[04:58:19.665668]   f=  1.0 GHz  layers=20  reflectivity=  -26.8 dB  [FAIL]  (18.8s)
[04:58:38.218339]   f=  2.4 GHz  layers= 4  reflectivity=  -27.6 dB  [FAIL]  (18.6s)
[04:58:57.196189]   f=  2.4 GHz  layers= 6  reflectivity=  -27.6 dB  [FAIL]  (19.0s)
[04:59:15.857851]   f=  2.4 GHz  layers= 8  reflectivity=  -27.6 dB  [FAIL]  (18.7s)
[04:59:34.807860]   f=  2.4 GHz  layers=10  reflectivity=  -27.6 dB  [FAIL]  (18.9s)
[04:59:52.982128]   f=  2.4 GHz  layers=12  reflectivity=  -27.6 dB  [FAIL]  (18.2s)
[05:00:11.602861]   f=  2.4 GHz  layers=16  reflectivity=  -27.6 dB  [FAIL]  (18.6s)
[05:00:30.431602]   f=  2.4 GHz  layers=20  reflectivity=  -27.6 dB  [FAIL]  (18.8s)
[05:00:49.178689]   f=  5.0 GHz  layers= 4  reflectivity=  -32.0 dB  [FAIL]  (18.7s)
[05:01:07.593929]   f=  5.0 GHz  layers= 6  reflectivity=  -32.0 dB  [FAIL]  (18.4s)
[05:01:26.055889]   f=  5.0 GHz  layers= 8  reflectivity=  -32.0 dB  [FAIL]  (18.5s)
[05:01:30.606843] workload request to be terminated
[05:01:30.606944] Workload status changed to waitToBeKilled
[05:01:33.000000] Stopping container vops-sidecar
[05:01:33.000000] Stopping container run-sidecar
[05:01:33.000000] Stopping container run-exec
[05:01:33.000000] Terminating VESSL Workload...
[05:01:33.000000] Stopping container fluentbit
[05:01:33.098902] workload terminated
[05:01:33.099002] Workload status changed to terminated
