Organization: remilab
Project: byungkwan
[13:39:47.549432] workload awaiting to start
[13:39:47.549532] Workload status changed to pending
[13:39:53.956184] VESSL Workload assigned successfully. Starting soon.
[13:39:54.000000] Container image "quay.io/vessl-ai/kernels-toolbox:0.1.188" already present on machine
[13:39:55.000000] Creating VESSL Workload...
[13:39:55.000000] Starting VESSL Workload...
[13:39:55.000000] Created container run-exec
[13:39:55.000000] Started container run-exec
[13:39:55.000000] Created container vops-init
[13:39:55.000000] Container image "nvcr.io/nvidia/jax:24.10-py3" already present on machine
[13:39:55.000000] Started container vops-init
[13:39:55.000000] Created container run-sidecar
[13:39:55.001000] Container image "nvcr.io/nvidia/jax:24.10-py3" already present on machine
[13:39:56.000000] Started container run-sidecar
[13:39:56.000000] Created container vops-sidecar
[13:39:56.000000] Created container ttyd-sidecar
[13:39:56.000000] Started container vops-sidecar
[13:39:56.000000] Container image "quay.io/vessl-ai/kernels-toolbox:0.1.188" already present on machine
[13:39:56.000000] Started container fluentbit
[13:39:56.000000] Created container fluentbit
[13:39:56.000000] Started container ttyd-sidecar
[13:39:56.000000] Container image "quay.io/vessl-ai/fluent-bit:2.1.6" already present on machine
[13:39:56.458762] Installing VESSL CLI...
[13:39:57.341304] workload reported alive as pod run-execution-ltsjvrkj3k2s-0
[13:39:57.341404] Workload status changed to initializing
[13:39:58.475642] + set +x
[13:40:01.317263] vessl, version 0.1.199
[13:40:03.598172] workload reported alive as pod run-execution-ltsjvrkj3k2s-0
[13:40:03.598273] Workload status changed to running
[13:40:03.962497] + mkdir -p /root
[13:40:03.964470] + cd /root
[13:40:03.965003] + set -euo pipefail
[13:40:03.965030] + cd /root
[13:40:03.965039] + git clone https://github.com/BK3536/rfx.git
[13:40:03.967305] Cloning into 'rfx'...
[13:40:06.202704] + cd rfx
[13:40:06.202754] + pip install --quiet -e '.[all]'
[13:40:09.573501] WARNING: rfx 1807.8.6 does not provide the extra 'dashboard'
[13:40:09.573545] WARNING: rfx 1807.8.6 does not provide the extra 'dev'
[13:40:09.573610] WARNING: rfx 1807.8.6 does not provide the extra 'optimization'
[13:40:09.573712] WARNING: rfx 1807.8.6 does not provide the extra 'visualization'
[13:40:14.874134] WARNING: Running pip as the 'root' user can result in broken permissions and conflicting behaviour with the system package manager. It is recommended to use a virtual environment instead: https://pip.pypa.io/warnings/venv
[13:40:15.069711] + python -c 'import jax; print('"'"'JAX devices:'"'"', jax.devices())'
[13:40:15.319868] JAX devices: [CudaDevice(id=0)]
[13:40:15.364691] + nvidia-smi
[13:40:15.403073] Sun Apr  5 13:40:15 2026
[13:40:15.403121] +---------------------------------------------------------------------------------------+
[13:40:15.403136] | NVIDIA-SMI 535.288.01             Driver Version: 535.288.01   CUDA Version: 12.2     |
[13:40:15.403145] |-----------------------------------------+----------------------+----------------------+
[13:40:15.403154] | GPU  Name                 Persistence-M | Bus-Id        Disp.A | Volatile Uncorr. ECC |
[13:40:15.403163] | Fan  Temp   Perf          Pwr:Usage/Cap |         Memory-Usage | GPU-Util  Compute M. |
[13:40:15.403170] |                                         |                      |               MIG M. |
[13:40:15.403176] |=========================================+======================+======================|
[13:40:15.419389] |   0  NVIDIA GeForce RTX 4090        Off | 00000000:01:00.0 Off |                  Off |
[13:40:15.419403] |  0%   32C    P0              20W / 450W |      1MiB / 24564MiB |      1%      Default |
[13:40:15.419405] |                                         |                      |                  N/A |
[13:40:15.419406] +-----------------------------------------+----------------------+----------------------+
[13:40:15.419407]
[13:40:15.419409] +---------------------------------------------------------------------------------------+
[13:40:15.419410] | Processes:                                                                            |
[13:40:15.419411] |  GPU   GI   CI        PID   Type   Process name                            GPU Memory |
[13:40:15.419412] |        ID   ID                                                             Usage      |
[13:40:15.419413] |=======================================================================================|
[13:40:15.419414] |  No running processes found                                                           |
[13:40:15.419415] +---------------------------------------------------------------------------------------+
[13:40:15.461915] + mkdir -p /output/ex3
[13:40:15.462652] + cp /root/workspace/bk-workspace/papers/rfx-tap/experiments/ex3_farfield_steering.py .
[13:40:15.501037] + OUTPUT_DIR=/output/ex3 python ex3_farfield_steering.py
[13:40:16.142620] Device: DeviceInfo(backend='gpu', gpu_available=True, devices=[{'id': 0, 'kind': 'NVIDIA GeForce RTX 4090', 'platform': 'gpu'}])
[13:40:16.142640]
[13:40:16.142643] === Building simulation (dx=3.00 mm, est. 109 MB) ===
[13:40:16.332261]
[13:40:16.332285] === Beam steering optimization (probe-array surrogate) ===
[13:40:16.332288] Target: steer main beam to theta~30.0 deg via near-field probe ratio
[13:40:16.964488]   optimize: n_steps=500, grid=(42, 42, 39) (0.1M cells)
[13:40:37.049875]   iter    0  loss = -1.759737e-13
[13:43:25.075119]   iter   10  loss = -1.759740e-13
[13:46:14.271478]   iter   20  loss = -1.759743e-13
[13:49:02.969652]   iter   30  loss = -1.759747e-13
[13:51:51.957270]   iter   40  loss = -1.759747e-13
[13:54:40.458021]   iter   50  loss = -1.759741e-13
[13:57:28.163139]   iter   60  loss = -1.759740e-13
[14:00:17.650829]   iter   70  loss = -1.759749e-13
[14:02:49.262478]   iter   79  loss = -1.759749e-13
[14:02:49.301239]
[14:02:49.301261] Optimization complete: 1353.0s
[14:02:49.301263]
[14:02:49.301264] === Computing final radiation patterns (full angular scan) ===
[14:03:27.411565]
[14:03:27.411588] === Running initial (no-parasitic) simulation for comparison ===
[14:04:04.594019]
[14:04:04.594041] Metrics:
[14:04:04.594043] {
[14:04:04.594046]   "experiment": "ex3_farfield_steering",
[14:04:04.594048]   "device": "DeviceInfo(backend='gpu', gpu_available=True, devices=[{'id': 0, 'kind': 'NVIDIA GeForce RTX 4090', 'platform': 'gpu'}])",
[14:04:04.594050]   "target_theta_deg": 30.0,
[14:04:04.594052]   "peak_theta_deg": 97.0,
[14:04:04.594054]   "steering_error_deg": 67.0,
[14:04:04.594055]   "peak_gain_dBi": 4.760737809696459,
[14:04:04.594057]   "hpbw_deg": 95.04474013484888,
[14:04:04.594058]   "n_iterations": 80,
[14:04:04.594060]   "optimization_time_s": 1353.0,
[14:04:04.594061]   "initial_loss": -1.7597369687729486e-13,
[14:04:04.594063]   "final_loss": -1.759748894996846e-13,
[14:04:04.594064]   "beta_schedule": [
[14:04:04.594065]     [
[14:04:04.594067]       0,
[14:04:04.594068]       1
[14:04:04.594070]     ],
[14:04:04.594071]     [
[14:04:04.594073]       20,
[14:04:04.594074]       4
[14:04:04.594075]     ],
[14:04:04.594077]     [
[14:04:04.594078]       40,
[14:04:04.594080]       16
[14:04:04.594081]     ],
[14:04:04.594083]     [
[14:04:04.594084]       60,
[14:04:04.594086]       64
[14:04:04.594087]     ]
[14:04:04.594089]   ],
[14:04:04.594090]   "dx_mm": 3.0
[14:04:04.594092] }
[14:04:04.698211] Saved: /output/ex3/convergence.png
[14:04:04.847806] Saved: /output/ex3/pattern_comparison.png
[14:04:04.990727] Saved: /output/ex3/parasitic_layout.png
[14:04:04.991302]
[14:04:04.991310] All results saved to /output/ex3/
[14:04:14.136569] + echo '[done] ex3 farfield'
[14:04:14.136569] [done] ex3 farfield
[14:04:14.147129] workload reported done
[14:04:14.147229] Workload status changed to stopping
[14:04:28.180386] + set +x
[14:04:33.204569] workload reported done
[14:04:33.204669] Workload status changed to waitToBeKilled
[14:04:36.000000] Stopping container vops-sidecar
[14:04:36.000000] Stopping container run-exec
[14:04:36.000000] Terminating VESSL Workload...
[14:04:36.000000] Stopping container ttyd-sidecar
[14:04:36.098997] workload completed
[14:04:36.099097] Workload status changed to completed
