Organization: remilab
Project: byungkwan
[14:04:52.290113] workload awaiting to start
[14:04:52.290213] Workload status changed to pending
[14:04:56.942791] Event Reason: FailedScheduling, Event Note: 0/13 nodes are available: pod has unbound immediate PersistentVolumeClaims. preemption: 0/13 nodes are available: 13 Preemption is not helpful for scheduling.
[14:04:56.942791] Workload is in queue for scheduling. Please wait...
[14:04:58.959062] Event Reason: FailedScheduling, Event Note: 0/13 nodes are available: pod has unbound immediate PersistentVolumeClaims. preemption: 0/13 nodes are available: 13 Preemption is not helpful for scheduling.
[14:04:58.959062] Workload is in queue for scheduling. Please wait...
[14:05:01.074330] VESSL Workload assigned successfully. Starting soon.
[14:05:02.000000] Creating VESSL Workload...
[14:05:02.000000] Starting VESSL Workload...
[14:05:02.000000] Created container run-exec
[14:05:02.000000] Container image "quay.io/vessl-ai/kernels-toolbox:0.1.188" already present on machine
[14:05:02.000000] Started container run-exec
[14:05:02.000000] Created container vops-init
[14:05:02.000000] Container image "nvcr.io/nvidia/jax:24.10-py3" already present on machine
[14:05:02.000000] Started container vops-init
[14:05:02.001000] Container image "nvcr.io/nvidia/jax:24.10-py3" already present on machine
[14:05:03.000000] Started container run-sidecar
[14:05:03.000000] Created container vops-sidecar
[14:05:03.000000] Created container ttyd-sidecar
[14:05:03.000000] Container image "quay.io/vessl-ai/kernels-toolbox:0.1.188" already present on machine
[14:05:03.000000] Started container fluentbit
[14:05:03.000000] Created container fluentbit
[14:05:03.000000] Started container ttyd-sidecar
[14:05:03.000000] Container image "quay.io/vessl-ai/fluent-bit:2.1.6" already present on machine
[14:05:03.000000] Container image "quay.io/vessl-ai/sidecar:v0.0.3" already present on machine
[14:05:03.443365] Installing VESSL CLI...
[14:05:04.254564] workload reported alive as pod run-execution-4wkjcol9kks2-0
[14:05:04.254664] Workload status changed to initializing
[14:05:05.391388] + set +x
[14:05:18.495682] vessl, version 0.1.199
[14:05:20.548728] workload reported alive as pod run-execution-4wkjcol9kks2-0
[14:05:20.548828] Workload status changed to running
[14:05:20.717201] + mkdir -p /root
[14:05:20.719164] + cd /root
[14:05:20.719819] + set -euo pipefail
[14:05:20.719865] + cd /root
[14:05:20.719879] + git clone https://github.com/BK3536/rfx.git
[14:05:20.722108] Cloning into 'rfx'...
[14:05:22.886289] + cd rfx
[14:05:22.886303] + pip install --quiet -e '.[all]'
[14:05:25.691313] WARNING: rfx 1807.8.6 does not provide the extra 'dashboard'
[14:05:25.691431] WARNING: rfx 1807.8.6 does not provide the extra 'dev'
[14:05:25.691433] WARNING: rfx 1807.8.6 does not provide the extra 'optimization'
[14:05:25.691566] WARNING: rfx 1807.8.6 does not provide the extra 'visualization'
[14:05:29.631992] WARNING: Running pip as the 'root' user can result in broken permissions and conflicting behaviour with the system package manager. It is recommended to use a virtual environment instead: https://pip.pypa.io/warnings/venv
[14:05:29.782388] + python -c 'import jax; print('"'"'JAX devices:'"'"', jax.devices())'
[14:05:30.238549] JAX devices: [CudaDevice(id=0)]
[14:05:30.298863] + nvidia-smi
[14:05:30.334788] Sun Apr  5 14:05:30 2026
[14:05:30.334798] +-----------------------------------------------------------------------------------------+
[14:05:30.334804] | NVIDIA-SMI 570.211.01             Driver Version: 570.211.01     CUDA Version: 12.8     |
[14:05:30.334808] |-----------------------------------------+------------------------+----------------------+
[14:05:30.334812] | GPU  Name                 Persistence-M | Bus-Id          Disp.A | Volatile Uncorr. ECC |
[14:05:30.334816] | Fan  Temp   Perf          Pwr:Usage/Cap |           Memory-Usage | GPU-Util  Compute M. |
[14:05:30.334820] |                                         |                        |               MIG M. |
[14:05:30.334823] |=========================================+========================+======================|
[14:05:30.340525] |   0  NVIDIA GeForce RTX 4090        Off |   00000000:01:00.0 Off |                  Off |
[14:05:30.340532] |  0%   34C    P8             23W /  450W |       0MiB /  24564MiB |      0%      Default |
[14:05:30.340536] |                                         |                        |                  N/A |
[14:05:30.340540] +-----------------------------------------+------------------------+----------------------+
[14:05:30.340693]
[14:05:30.340698] +-----------------------------------------------------------------------------------------+
[14:05:30.340700] | Processes:                                                                              |
[14:05:30.340703] |  GPU   GI   CI              PID   Type   Process name                        GPU Memory |
[14:05:30.340706] |        ID   ID                                                               Usage      |
[14:05:30.340709] |=========================================================================================|
[14:05:30.340999] |  No running processes found                                                             |
[14:05:30.341002] +-----------------------------------------------------------------------------------------+
[14:05:30.408449] + mkdir -p /output/ex3
[14:05:30.409001] + cp /root/workspace/bk-workspace/papers/rfx-tap/experiments/ex3_farfield_steering.py .
[14:05:30.440631] + OUTPUT_DIR=/output/ex3 python ex3_farfield_steering.py
[14:05:31.216202] Device: DeviceInfo(backend='gpu', gpu_available=True, devices=[{'id': 0, 'kind': 'NVIDIA GeForce RTX 4090', 'platform': 'gpu'}])
[14:05:31.216235]
[14:05:31.216242] === Building simulation (dx=3.00 mm, est. 109 MB) ===
[14:05:31.412288]
[14:05:31.412309] === Beam steering optimization (probe-array surrogate) ===
[14:05:31.412312] Target: steer main beam to theta~30.0 deg via near-field probe ratio
[14:05:31.986784]   optimize: n_steps=3000, grid=(42, 42, 39) (0.1M cells)
[14:05:46.941992]   [diag] ntff_data=True, ntff_box=True
[14:05:47.225102]   [diag] max|x_lo|=1.3557198419444916e-10
[14:05:48.568113]   [diag] P_broad=1.7215731849589204e-25, P_target=1.760361352409121e-25
[14:05:52.066399]   iter    0  loss = -1.760361e-13
[14:06:06.133495]   [diag] max|x_lo|=1.3557198419444916e-10
[14:06:06.190984]   [diag] P_broad=1.7215731849589204e-25, P_target=1.760361352409121e-25
[14:06:22.723090]   [diag] P_broad=1.7215731849589204e-25, P_target=1.760361352409121e-25
[14:06:39.784316]   [diag] P_broad=1.7215731849589204e-25, P_target=1.760361352409121e-25
[14:06:56.747596]   [diag] P_broad=1.7215731849589204e-25, P_target=1.760361352409121e-25
[14:07:14.056076]   [diag] P_broad=1.7215731849589204e-25, P_target=1.760361352409121e-25
[14:07:30.995671]   [diag] P_broad=1.7215731849589204e-25, P_target=1.760361352409121e-25
[14:07:47.829732]   [diag] P_broad=1.7215731849589204e-25, P_target=1.760361352409121e-25
[14:08:04.699366]   [diag] P_broad=1.7215731849589204e-25, P_target=1.760361352409121e-25
[14:08:21.841954]   [diag] P_broad=1.7215756501492492e-25, P_target=1.7603618454471868e-25
[14:08:38.989396]   [diag] P_broad=1.7215756501492492e-25, P_target=1.7603618454471868e-25
[14:08:41.468786]   iter   10  loss = -1.760362e-13
[14:08:56.032555]   [diag] P_broad=1.7215756501492492e-25, P_target=1.7603618454471868e-25
[14:09:12.965783]   [diag] P_broad=1.7215756501492492e-25, P_target=1.7603620919662197e-25
[14:09:29.994938]   [diag] P_broad=1.7215756501492492e-25, P_target=1.7603620919662197e-25
[14:09:47.085352]   [diag] P_broad=1.7215756501492492e-25, P_target=1.7603620919662197e-25
[14:10:04.128773]   [diag] P_broad=1.7215756501492492e-25, P_target=1.7603618454471868e-25
[14:10:20.853270]   [diag] P_broad=1.7215756501492492e-25, P_target=1.760361598928154e-25
[14:10:37.948320]   [diag] P_broad=1.7215756501492492e-25, P_target=1.7603618454471868e-25
[14:10:54.655913]   [diag] P_broad=1.7215756501492492e-25, P_target=1.7603620919662197e-25
[14:11:11.717827]   [diag] P_broad=1.7215671452426148e-25, P_target=1.7603542033571675e-25
[14:11:28.778665]   [diag] P_broad=1.7215703499900422e-25, P_target=1.7603473008242468e-25
[14:11:31.040064]   iter   20  loss = -1.760347e-13
[14:11:45.863934]   [diag] P_broad=1.7215784851181273e-25, P_target=1.7603549429142662e-25
[14:12:02.642283]   [diag] P_broad=1.721570596509075e-25, P_target=1.7603473008242468e-25
[14:12:19.354969]   [diag] P_broad=1.721570596509075e-25, P_target=1.7603473008242468e-25
[14:12:36.619971]   [diag] P_broad=1.7215701034710094e-25, P_target=1.7603473008242468e-25
[14:12:53.355118]   [diag] P_broad=1.7215676382806805e-25, P_target=1.7603566685474963e-25
[14:13:10.613028]   [diag] P_broad=1.721570596509075e-25, P_target=1.7603473008242468e-25
[14:13:27.387338]   [diag] P_broad=1.721570596509075e-25, P_target=1.7603473008242468e-25
[14:13:44.097408]   [diag] P_broad=1.721570596509075e-25, P_target=1.7603473008242468e-25
[14:14:01.425120]   [diag] P_broad=1.721570596509075e-25, P_target=1.7603473008242468e-25
[14:14:18.257744]   [diag] P_broad=1.721570843028108e-25, P_target=1.7603475473432797e-25
[14:14:20.544279]   iter   30  loss = -1.760348e-13
[14:14:35.078008]   [diag] P_broad=1.721570596509075e-25, P_target=1.7603473008242468e-25
[14:14:51.933954]   [diag] P_broad=1.7215832922392685e-25, P_target=1.7603545731357168e-25
[14:15:09.272271]   [diag] P_broad=1.721570843028108e-25, P_target=1.7603473008242468e-25
[14:15:25.979829]   [diag] P_broad=1.721570596509075e-25, P_target=1.7603473008242468e-25
[14:15:42.726973]   [diag] P_broad=1.7215832922392685e-25, P_target=1.7603546963952333e-25
[14:16:00.094445]   [diag] P_broad=1.7215835387583014e-25, P_target=1.7603545731357168e-25
[14:16:16.827025]   [diag] P_broad=1.7215832922392685e-25, P_target=1.7603544498762004e-25
[14:16:33.892997]   [diag] P_broad=1.7215835387583014e-25, P_target=1.7603545731357168e-25
[14:16:50.693600]   [diag] P_broad=1.721570843028108e-25, P_target=1.7603466845266646e-25
[14:17:07.440854]   [diag] P_broad=1.7215827992012028e-25, P_target=1.7603549429142662e-25
[14:17:10.464998]   iter   40  loss = -1.760355e-13
[14:17:25.018616]   [diag] P_broad=1.7215841550558836e-25, P_target=1.7603548196547497e-25
[14:17:41.833704]   [diag] P_broad=1.7215841550558836e-25, P_target=1.7603548196547497e-25
[14:17:58.872304]   [diag] P_broad=1.7215825526821699e-25, P_target=1.760355189433299e-25
[14:18:15.607568]   [diag] P_broad=1.7215837852773343e-25, P_target=1.760355435952332e-25
[14:18:33.171508]   [diag] P_broad=1.721583168979752e-25, P_target=1.760355435952332e-25
[14:18:49.974955]   [diag] P_broad=1.7215888389175083e-25, P_target=1.7603652967136472e-25
[14:19:06.625536]   [diag] P_broad=1.7215841550558836e-25, P_target=1.7603548196547497e-25
[14:19:23.471398]   [diag] P_broad=1.721583168979752e-25, P_target=1.760355435952332e-25
[14:19:40.197272]   [diag] P_broad=1.7215888389175083e-25, P_target=1.7603652967136472e-25
[14:19:57.842130]   [diag] P_broad=1.7215703499900422e-25, P_target=1.7603475473432797e-25
[14:20:00.109914]   iter   50  loss = -1.760348e-13
[14:20:14.553583]   [diag] P_broad=1.7215837852773343e-25, P_target=1.760355435952332e-25
[14:20:31.296545]   [diag] P_broad=1.721585634170081e-25, P_target=1.7603672688659102e-25
[14:20:48.145130]   [diag] P_broad=1.7215858806891138e-25, P_target=1.7603672688659102e-25
[14:21:05.001862]   [diag] P_broad=1.7215858806891138e-25, P_target=1.7603672688659102e-25
[14:21:22.761169]   [diag] P_broad=1.7215835387583014e-25, P_target=1.7603745411773802e-25
[14:21:39.596585]   [diag] P_broad=1.7215858806891138e-25, P_target=1.7603672688659102e-25
[14:21:56.359403]   [diag] P_broad=1.7215852643915316e-25, P_target=1.760367761903976e-25
[14:22:13.115080]   [diag] P_broad=1.7215793479347424e-25, P_target=1.7603588872187923e-25
[14:22:29.863885]   [diag] P_broad=1.7215827992012028e-25, P_target=1.7603755272535118e-25
[14:22:32.142208]   iter   59  loss = -1.760376e-13
[14:22:32.183387]
[14:22:32.183408] Optimization complete: 1020.8s
[14:22:32.183410]
[14:22:32.183412] === Computing final radiation patterns (full angular scan) ===
[14:23:11.940394]
[14:23:11.940412] === Running initial (no-parasitic) simulation for comparison ===
[14:23:48.184928]
[14:23:48.184943] Metrics:
[14:23:48.184945] {
[14:23:48.184946]   "experiment": "ex3_farfield_steering",
[14:23:48.184947]   "device": "DeviceInfo(backend='gpu', gpu_available=True, devices=[{'id': 0, 'kind': 'NVIDIA GeForce RTX 4090', 'platform': 'gpu'}])",
[14:23:48.184948]   "target_theta_deg": 30.0,
[14:23:48.184949]   "peak_theta_deg": 97.0,
[14:23:48.184950]   "steering_error_deg": 67.0,
[14:23:48.184951]   "peak_gain_dBi": 4.760737809696459,
[14:23:48.184952]   "hpbw_deg": 95.04474013484888,
[14:23:48.184953]   "n_iterations": 60,
[14:23:48.184954]   "optimization_time_s": 1020.8,
[14:23:48.184955]   "initial_loss": -1.7603613336990287e-13,
[14:23:48.184956]   "final_loss": -1.7603755638525426e-13,
[14:23:48.184957]   "beta_schedule": [
[14:23:48.184957]     [
[14:23:48.184958]       0,
[14:23:48.184959]       1
[14:23:48.184960]     ],
[14:23:48.184961]     [
[14:23:48.184962]       20,
[14:23:48.184963]     ],
[14:23:48.184963]       4
[14:23:48.184964]     [
[14:23:48.184965]       40,
[14:23:48.184966]       16
[14:23:48.184967]     ],
[14:23:48.184968]     [
[14:23:48.184973]       60,
[14:23:48.184974]       64
[14:23:48.184974]     ]
[14:23:48.184975]   ],
[14:23:48.184976]   "dx_mm": 3.0
[14:23:48.184977] }
[14:23:48.275410] Saved: /output/ex3/convergence.png
[14:23:48.424348] Saved: /output/ex3/pattern_comparison.png
[14:23:48.564579] Saved: /output/ex3/parasitic_layout.png
[14:23:48.564999]
[14:23:48.565015] All results saved to /output/ex3/
[14:23:54.018406] [done] ex3 farfield
[14:23:54.018431] + echo '[done] ex3 farfield'
[14:23:54.037608] workload reported done
[14:23:54.037708] Workload status changed to stopping
[14:23:56.879726] + set +x
[14:24:01.920543] workload reported done
[14:24:01.920643] Workload status changed to waitToBeKilled
[14:24:03.000000] Stopping container vops-sidecar
[14:24:03.000000] Stopping container run-sidecar
[14:24:03.000000] Stopping container run-exec
[14:24:03.000000] Terminating VESSL Workload...
[14:24:03.000000] Stopping container ttyd-sidecar
[14:24:03.000000] Stopping container fluentbit
[14:24:03.161047] workload completed
[14:24:03.161147] Workload status changed to completed
