Organization: remilab
Project: byungkwan
[14:07:31.097077] workload awaiting to start
[14:07:31.097177] Workload status changed to pending
[14:07:35.920690] VESSL Workload assigned successfully. Starting soon.
[14:07:36.000000] Container image "quay.io/vessl-ai/kernels-toolbox:0.1.188" already present on machine
[14:07:37.000000] Pulling image "nvcr.io/nvidia/jax:24.10-py3"
[14:07:37.000000] Created container vops-init
[14:07:37.000000] Started container vops-init
[14:07:37.001000] Pulling image "nvcr.io/nvidia/jax:24.10-py3"
[14:09:39.000000] Started container run-sidecar
[14:09:39.000000] Creating VESSL Workload...
[14:09:39.000000] Created container vops-sidecar
[14:09:39.000000] Starting VESSL Workload...
[14:09:39.000000] Created container run-exec
[14:09:39.000000] Successfully pulled image "nvcr.io/nvidia/jax:24.10-py3" in 2m1.374s (2m1.374s including waiting)
[14:09:39.000000] Container image "quay.io/vessl-ai/kernels-toolbox:0.1.188" already present on machine
[14:09:39.000000] Started container run-exec
[14:09:39.000000] Started container fluentbit
[14:09:39.000000] Created container fluentbit
[14:09:39.000000] Started container ttyd-sidecar
[14:09:39.000000] Container image "quay.io/vessl-ai/fluent-bit:2.1.6" already present on machine
[14:09:39.000000] Container image "quay.io/vessl-ai/sidecar:v0.0.3" already present on machine
[14:09:39.001000] Successfully pulled image "nvcr.io/nvidia/jax:24.10-py3" in 2m1.374s (2m1.374s including waiting)
[14:09:40.000000] Started container vops-sidecar
[14:09:40.043162] Installing VESSL CLI...
[14:09:40.692048] workload reported alive as pod run-execution-r3yi174bt48a-0
[14:09:41.918232] + set +x
[14:09:44.711419] vessl, version 0.1.199
[14:09:47.094366] workload reported alive as pod run-execution-r3yi174bt48a-0
[14:09:47.094466] Workload status changed to running
[14:09:47.205595] + mkdir -p /root
[14:09:47.207717] + cd /root
[14:09:47.208222] + set -euo pipefail
[14:09:47.208260] + cd /root
[14:09:47.208274] + git clone https://github.com/BK3536/rfx.git
[14:09:47.210541] Cloning into 'rfx'...
[14:09:54.925970] + cd rfx
[14:09:54.925985] + pip install --quiet -e '.[all]'
[14:09:58.870203] WARNING: rfx 1807.8.6 does not provide the extra 'dashboard'
[14:09:58.870318] WARNING: rfx 1807.8.6 does not provide the extra 'dev'
[14:09:58.870320] WARNING: rfx 1807.8.6 does not provide the extra 'optimization'
[14:09:58.870418] WARNING: rfx 1807.8.6 does not provide the extra 'visualization'
[14:10:09.770998] WARNING: Running pip as the 'root' user can result in broken permissions and conflicting behaviour with the system package manager. It is recommended to use a virtual environment instead: https://pip.pypa.io/warnings/venv
[14:10:09.922586] + python -c 'import jax; print('"'"'JAX devices:'"'"', jax.devices())'
[14:10:10.247021] JAX devices: [CudaDevice(id=0)]
[14:10:10.287683] + nvidia-smi
[14:10:10.318547] Sat Apr  4 14:10:10 2026
[14:10:10.318594] +---------------------------------------------------------------------------------------+
[14:10:10.318606] | NVIDIA-SMI 535.288.01             Driver Version: 535.288.01   CUDA Version: 12.2     |
[14:10:10.318616] |-----------------------------------------+----------------------+----------------------+
[14:10:10.318623] | GPU  Name                 Persistence-M | Bus-Id        Disp.A | Volatile Uncorr. ECC |
[14:10:10.318630] | Fan  Temp   Perf          Pwr:Usage/Cap |         Memory-Usage | GPU-Util  Compute M. |
[14:10:10.318636] |                                         |                      |               MIG M. |
[14:10:10.318642] |=========================================+======================+======================|
[14:10:10.338630] |   0  NVIDIA GeForce RTX 4090        Off | 00000000:01:00.0 Off |                  Off |
[14:10:10.338640] |  0%   33C    P0              25W / 450W |      1MiB / 24564MiB |      1%      Default |
[14:10:10.338642] |                                         |                      |                  N/A |
[14:10:10.338643] +-----------------------------------------+----------------------+----------------------+
[14:10:10.338644]
[14:10:10.338645] +---------------------------------------------------------------------------------------+
[14:10:10.338646] | Processes:                                                                            |
[14:10:10.338648] |  GPU   GI   CI        PID   Type   Process name                            GPU Memory |
[14:10:10.338649] |        ID   ID                                                             Usage      |
[14:10:10.338650] |=======================================================================================|
[14:10:10.338661] |  No running processes found                                                           |
[14:10:10.338662] +---------------------------------------------------------------------------------------+
[14:10:10.381322] + mkdir -p /output/ex0
[14:10:10.382020] + cp /root/workspace/bk-workspace/papers/rfx-tap/experiments/ex0_grad_check.py .
[14:10:10.405985] + OUTPUT_DIR=/output/ex0 python ex0_grad_check.py
[14:10:11.169032] Device: DeviceInfo(backend='gpu', gpu_available=True, devices=[{'id': 0, 'kind': 'NVIDIA GeForce RTX 4090', 'platform': 'gpu'}])
[14:10:11.169053]
[14:10:11.169056] === Building simulation ===
[14:10:11.169058] Building grid and design region shape...
[14:10:11.169060] Design region: (11, 9, 6) = 594 variables total
[14:10:11.169253] Probing 10 randomly selected variables: [ 50 453  52 384 258 255 412  55 119 506]
[14:10:11.414191] Traceback (most recent call last):
[14:10:11.414208]   File "/root/rfx/ex0_grad_check.py", line 232, in <module>
[14:10:11.414340]     forward, lo_idx_, hi_idx_ = make_forward(sim, region)
[14:10:11.414346]   File "/root/rfx/ex0_grad_check.py", line 114, in make_forward
[14:10:11.414348]     materials_base, debye_spec, lorentz_spec, conformal_weights, thin_conductor_spec = (
[14:10:11.414350] ValueError: too many values to unpack (expected 5)
[14:10:11.609448] workload reported done
[14:10:11.609548] Workload status changed to stopping
[14:10:23.244637] workload reported done
[14:10:23.244737] Workload status changed to waitToBeKilled
[14:10:24.000000] Stopping container vops-sidecar
[14:10:24.000000] Stopping container run-sidecar
[14:10:24.000000] Stopping container run-exec
[14:10:24.000000] Terminating VESSL Workload...
[14:10:24.000000] Stopping container ttyd-sidecar
[14:10:24.000000] Stopping container fluentbit
[14:10:24.051890] workload failed
[14:10:24.051990] Workload status changed to failed
