Organization: remilab
Project: byungkwan
[19:08:16.426155] workload awaiting to start
[19:08:16.426255] Workload status changed to pending
[19:08:31.423042] Event Reason: FailedScheduling, Event Note: 0/13 nodes are available: pod has unbound immediate PersistentVolumeClaims. preemption: 0/13 nodes are available: 13 Preemption is not helpful for scheduling.
[19:08:31.423042] Workload is in queue for scheduling. Please wait...
[19:08:34.871957] Event Reason: FailedScheduling, Event Note: 0/13 nodes are available: pod has unbound immediate PersistentVolumeClaims. preemption: 0/13 nodes are available: 13 Preemption is not helpful for scheduling.
[19:08:34.871957] Workload is in queue for scheduling. Please wait...
[19:08:37.006116] Event Reason: FailedScheduling, Event Note: 0/13 nodes are available: pod has unbound immediate PersistentVolumeClaims. preemption: 0/13 nodes are available: 13 Preemption is not helpful for scheduling.
[19:08:37.006116] Workload is in queue for scheduling. Please wait...
[19:08:41.000000] Container image "quay.io/vessl-ai/kernels-toolbox:0.1.188" already present on machine
[19:08:41.000000] Created container vops-init
[19:08:41.000000] Started container vops-init
[19:08:41.027871] VESSL Workload assigned successfully. Starting soon.
[19:08:43.000000] Started container run-sidecar
[19:08:43.000000] Creating VESSL Workload...
[19:08:43.000000] Created container ttyd-sidecar
[19:08:43.000000] Starting VESSL Workload...
[19:08:43.000000] Started container vops-sidecar
[19:08:43.000000] Created container run-exec
[19:08:43.000000] Container image "quay.io/vessl-ai/kernels-toolbox:0.1.188" already present on machine
[19:08:43.000000] Started container run-exec
[19:08:43.000000] Started container fluentbit
[19:08:43.000000] Created container fluentbit
[19:08:43.000000] Container image "nvcr.io/nvidia/jax:24.10-py3" already present on machine
[19:08:43.000000] Container image "quay.io/vessl-ai/fluent-bit:2.1.6" already present on machine
[19:08:43.000000] Container image "quay.io/vessl-ai/sidecar:v0.0.3" already present on machine
[19:08:43.000000] Created container run-sidecar
[19:08:43.001000] Container image "nvcr.io/nvidia/jax:24.10-py3" already present on machine
[19:08:43.943834] Installing VESSL CLI...
[19:08:44.632581] workload reported alive as pod run-execution-wjxqcmy9upuk-0
[19:08:44.632681] Workload status changed to initializing
[19:08:45.700856] + set +x
[19:08:47.779520] vessl, version 0.1.199
[19:08:50.868222] workload reported alive as pod run-execution-wjxqcmy9upuk-0
[19:08:50.868322] Workload status changed to running
[19:08:50.962236] + mkdir -p /root
[19:08:50.964258] + cd /root
[19:08:50.965037] + set -euo pipefail
[19:08:50.965091] + cd /root
[19:08:50.965106] + git clone https://github.com/BK3536/rfx.git
[19:08:50.967386] Cloning into 'rfx'...
[19:08:52.832265] + cd rfx
[19:08:52.832316] + pip install --quiet -e '.[all]'
[19:08:55.676863] WARNING: rfx 1807.8.6 does not provide the extra 'dashboard'
[19:08:55.677024] WARNING: rfx 1807.8.6 does not provide the extra 'dev'
[19:08:55.677030] WARNING: rfx 1807.8.6 does not provide the extra 'optimization'
[19:08:55.677087] WARNING: rfx 1807.8.6 does not provide the extra 'visualization'
[19:08:59.469042] WARNING: Running pip as the 'root' user can result in broken permissions and conflicting behaviour with the system package manager. It is recommended to use a virtual environment instead: https://pip.pypa.io/warnings/venv
[19:08:59.618076] + python -c 'import jax; print('"'"'JAX devices:'"'"', jax.devices())'
[19:08:59.961320] JAX devices: [CudaDevice(id=0)]
[19:09:00.005295] + nvidia-smi
[19:09:00.041155] Sat Apr  4 19:09:00 2026
[19:09:00.041165] +---------------------------------------------------------------------------------------+
[19:09:00.041168] | NVIDIA-SMI 535.288.01             Driver Version: 535.288.01   CUDA Version: 12.2     |
[19:09:00.041169] |-----------------------------------------+----------------------+----------------------+
[19:09:00.041169] | GPU  Name                 Persistence-M | Bus-Id        Disp.A | Volatile Uncorr. ECC |
[19:09:00.041172] | Fan  Temp   Perf          Pwr:Usage/Cap |         Memory-Usage | GPU-Util  Compute M. |
[19:09:00.041173] |                                         |                      |               MIG M. |
[19:09:00.041173] |=========================================+======================+======================|
[19:09:00.069885] |   0  NVIDIA GeForce RTX 4090        Off | 00000000:01:00.0 Off |                  Off |
[19:09:00.069901] |  0%   31C    P0              26W / 450W |      1MiB / 24564MiB |      1%      Default |
[19:09:00.069903] |                                         |                      |                  N/A |
[19:09:00.069904] +-----------------------------------------+----------------------+----------------------+
[19:09:00.069907]
[19:09:00.069908] +---------------------------------------------------------------------------------------+
[19:09:00.069910] | Processes:                                                                            |
[19:09:00.069911] |  GPU   GI   CI        PID   Type   Process name                            GPU Memory |
[19:09:00.069912] |        ID   ID                                                             Usage      |
[19:09:00.069913] |=======================================================================================|
[19:09:00.069918] |  No running processes found                                                           |
[19:09:00.069927] +---------------------------------------------------------------------------------------+
[19:09:00.112669] + mkdir -p /output/ex2
[19:09:00.113310] + cp /root/workspace/bk-workspace/papers/rfx-tap/experiments/ex2_filter_topology.py .
[19:09:00.137704] + OUTPUT_DIR=/output/ex2 python ex2_filter_topology.py
[19:09:00.817367] Device: DeviceInfo(backend='gpu', gpu_available=True, devices=[{'id': 0, 'kind': 'NVIDIA GeForce RTX 4090', 'platform': 'gpu'}])
[19:09:00.817435]
[19:09:00.817440] === Grid: dx=1.250 mm, est. 8300 MB ===
[19:09:00.817442]
[19:09:00.817445] === Topology optimization: 120 iterations ===
[19:09:00.817446] Beta schedule: 1@0, 4@30, 16@60, 32@80, 64@100
[19:09:07.358591]   iter    0  loss = -2.079317e+05  beta = 1.0  binarization = 1.000
[19:09:40.487303]   iter   10  loss = -2.079317e+05  beta = 1.0  binarization = 1.000
[19:10:12.041524]   iter   20  loss = -2.079317e+05  beta = 1.0  binarization = 1.000
[19:10:43.704038]   iter   30  loss = -2.079317e+05  beta = 4.0  binarization = 0.999
[19:11:14.845080]   iter   40  loss = -2.079317e+05  beta = 4.0  binarization = 0.998
[19:11:46.274270]   iter   50  loss = -2.079317e+05  beta = 4.0  binarization = 0.997
[19:12:17.969192]   iter   60  loss = -2.079317e+05  beta = 16.0  binarization = 0.986
[19:12:50.040868]   iter   70  loss = -2.079317e+05  beta = 16.0  binarization = 0.985
[19:13:21.390960]   iter   80  loss = -2.079317e+05  beta = 32.0  binarization = 0.981
[19:13:52.760273]   iter   90  loss = -2.079317e+05  beta = 32.0  binarization = 0.980
[19:14:24.302713]   iter  100  loss = -2.079317e+05  beta = 64.0  binarization = 0.975
[19:14:55.988214]   iter  110  loss = -2.079317e+05  beta = 64.0  binarization = 0.974
[19:15:24.976304]   iter  119  loss = -2.079317e+05  beta = 64.0  binarization = 0.973
[19:15:25.003945]
[19:15:25.003968] Optimization complete in 384.2s
[19:15:25.324273]
[19:15:25.324292] Generating topology_evolution.png ...
[19:15:25.344263] /root/rfx/ex2_filter_topology.py:280: UserWarning: This figure includes Axes that are not compatible with tight_layout, so results might be incorrect.
[19:15:25.344270]   plt.tight_layout()
[19:15:25.604662] Saved: topology_evolution.png
[19:15:25.604676] Generating convergence.png ...
[19:15:25.621831] /root/rfx/ex2_filter_topology.py:313: UserWarning: Tight layout not applied. The bottom and top margins cannot be made large enough to accommodate all Axes decorations.
[19:15:25.621843]   plt.tight_layout()
[19:15:25.691443] Saved: convergence.png
[19:15:25.691457] Generating binary_design.png ...
[19:15:25.868271] Saved: binary_design.png
[19:15:25.868288]
[19:15:25.868291] === S-parameter sweeps ===
[19:15:25.868295] Running S-param sweep: initial (no topology) ...
[19:19:33.326387]   done in 247.5s
[19:19:33.326403] Running S-param sweep: optimized (base + feed lines, no design region material) ...
[19:23:41.722825]   done in 248.4s
[19:23:41.722840] Running S-param sweep: binary (full-metal design region as PEC proxy) ...
[19:27:49.267805]   done in 247.5s
[19:27:49.267828] Generating sparam_comparison.png ...
[19:27:49.449079] Saved: sparam_comparison.png
[19:27:49.449234]
[19:27:49.449241] Metrics saved: /output/ex2/metrics.json
[19:27:49.449243] {
[19:27:49.449244]   "experiment": "ex2_filter_topology",
[19:27:49.449251]   "device": "DeviceInfo(backend='gpu', gpu_available=True, devices=[{'id': 0, 'kind': 'NVIDIA GeForce RTX 4090', 'platform': 'gpu'}])",
[19:27:49.449253]   "total_iters": 120,
[19:27:49.449254]   "opt_time_s": 384.2,
[19:27:49.449255]   "initial_loss": -207931.6875,
[19:27:49.449256]   "final_loss": -207931.71875,
[19:27:49.449257]   "design_region_cells": [
[19:27:49.449257]   "improvement_pct": -0.0,
[19:27:49.449258]     27,
[19:27:49.449259]     15,
[19:27:49.449260]     2
[19:27:49.449261]   ],
[19:27:49.449262]   "binarization": 0.9618,
[19:27:49.449262]   "passband_ghz": [
[19:27:49.449263]     2.0,
[19:27:49.449264]     2.5
[19:27:49.449265]   ],
[19:27:49.449266]   "beta_schedule": [
[19:27:49.449267]     [
[19:27:49.449268]       1
[19:27:49.449268]       0,
[19:27:49.449269]     ],
[19:27:49.449270]     [
[19:27:49.449271]       30,
[19:27:49.449272]       4
[19:27:49.449273]     ],
[19:27:49.449273]     [
[19:27:49.449275]       60,
[19:27:49.449275]       16
[19:27:49.449276]     ],
[19:27:49.449277]     [
[19:27:49.449278]       80,
[19:27:49.449279]       32
[19:27:49.449280]     ],
[19:27:49.449281]       100,
[19:27:49.449281]     [
[19:27:49.449283]       64
[19:27:49.449284]     ]
[19:27:49.449285]   ],
[19:27:49.449286]   "filter_radius_mm": 2.5,
[19:27:49.449287]   "dx_mm": 1.25,
[19:27:49.449287]   "insertion_loss_dB": 152.71871948242188,
[19:27:49.449288]   "return_loss_dB": 0.0984172448515892,
[19:27:49.449289]   "bandwidth_MHz": null,
[19:27:49.449291]   "binary_insertion_loss_dB": 152.71871948242188,
[19:27:49.449292]   "binary_return_loss_dB": 0.0984172448515892,
[19:27:49.449293]   "binary_bandwidth_MHz": null
[19:27:49.449294] }
[19:27:49.449294]
[19:27:49.449295] All outputs written to: /output/ex2/
[19:27:49.449296] Done.
[19:27:57.093441] [done] ex2 filter topology
[19:27:57.093468] + echo '[done] ex2 filter topology'
[19:27:57.114869] workload reported done
[19:27:57.114969] Workload status changed to stopping
[19:28:03.107342] + set +x
[19:28:08.141737] workload reported done
[19:28:08.141837] Workload status changed to waitToBeKilled
[19:28:09.000000] Stopping container vops-sidecar
[19:28:09.000000] Stopping container run-sidecar
[19:28:09.000000] Stopping container run-exec
[19:28:09.000000] Terminating VESSL Workload...
[19:28:09.000000] Stopping container fluentbit
[19:28:09.145961] workload completed
[19:28:09.146061] Workload status changed to completed
