Organization: remilab
Project: byungkwan
[06:04:43.276985] workload awaiting to start
[06:04:43.277085] Workload status changed to pending
[06:04:48.008117] Event Reason: FailedScheduling, Event Note: 0/13 nodes are available: pod has unbound immediate PersistentVolumeClaims. preemption: 0/13 nodes are available: 13 Preemption is not helpful for scheduling.
[06:04:48.008117] Workload is in queue for scheduling. Please wait...
[06:04:58.817780] VESSL Workload assigned successfully. Starting soon.
[06:04:59.000000] Container image "quay.io/vessl-ai/kernels-toolbox:0.1.188" already present on machine
[06:04:59.000000] Created container vops-init
[06:05:00.000000] Creating VESSL Workload...
[06:05:00.000000] Created container run-exec
[06:05:00.000000] Started container vops-init
[06:05:00.000000] Container image "nvcr.io/nvidia/jax:24.04-py3" already present on machine
[06:05:00.001000] Container image "nvcr.io/nvidia/jax:24.04-py3" already present on machine
[06:05:01.000000] Started container run-sidecar
[06:05:01.000000] Created container vops-sidecar
[06:05:01.000000] Starting VESSL Workload...
[06:05:01.000000] Started container vops-sidecar
[06:05:01.000000] Container image "quay.io/vessl-ai/kernels-toolbox:0.1.188" already present on machine
[06:05:01.000000] Started container run-exec
[06:05:01.000000] Started container fluentbit
[06:05:01.000000] Created container fluentbit
[06:05:01.000000] Started container ttyd-sidecar
[06:05:01.000000] Container image "quay.io/vessl-ai/sidecar:v0.0.3" already present on machine
[06:05:01.767409] Installing VESSL CLI...
[06:05:02.340568] workload reported alive as pod run-execution-71tpbnbv1pk5-0
[06:05:02.340668] Workload status changed to initializing
[06:05:03.450125] + set +x
[06:05:09.939104] vessl, version 0.1.199
[06:05:13.596687] workload reported alive as pod run-execution-71tpbnbv1pk5-0
[06:05:13.596787] Workload status changed to running
[06:05:13.672215] + mkdir -p /root
[06:05:13.674289] + cd /root
[06:05:13.674993] + cd /root/workspace/byungkwan-workspace/research/rfx
[06:05:13.714637] + pip install -q -e .
[06:05:21.643923] WARNING: Running pip as the 'root' user can result in broken permissions and conflicting behaviour with the system package manager. It is recommended to use a virtual environment instead: https://pip.pypa.io/warnings/venv
[06:05:21.724332] + python -c 'import jax; print(f'"'"'Backend: {jax.default_backend()}, Devices: {jax.devices()}'"'"')'
[06:05:22.370077] Backend: gpu, Devices: [cuda(id=0)]
[06:05:22.434657] + python examples/13_patch_profiled.py
[06:05:23.673032] Design: L=29.4mm, W=38.0mm, f_design=2.400GHz
[06:05:23.898147] Backend: gpu
[06:05:23.898162]
[06:05:23.898163] ============================================================
[06:05:23.898165] TEST 1: JIT-compiled run (dx=0.5mm)
[06:05:23.898167] ============================================================
[06:05:23.898171] Grid: (209, 226, 91), n_steps=10491, dt=9.533e-13
[06:05:23.898173] Total cells: 4.30M
[06:05:25.295438] JIT warmup (100 steps): 1.4s
[06:05:39.679654] Full run (10491 steps): 14.4s
[06:05:39.679682] Performance: 729 steps/s, 3135 Mcells/s
[06:07:14.827915]
[06:07:14.827948] Harminv modes:
[06:07:14.827970]   f=1.9443 GHz (err=18.99%), Q=31
[06:07:14.827985]   f=3.7151 GHz (err=54.80%), Q=56
[06:07:14.827991]   f=3.0421 GHz (err=26.75%), Q=50
[06:07:14.883801] FFT peak: 3.0394 GHz (err=26.64%)
[06:07:14.883879]
[06:07:14.883932] ============================================================
[06:07:14.883946] ERROR SOURCE ANALYSIS
[06:07:14.883985] ============================================================
[06:07:14.884011] Substrate resolution: h/dx = 3.2 cells
[06:07:14.884122] Patch length in cells: L/dx = 59
[06:07:14.884248] Margin/lambda: 0.25
[06:07:14.884310] Grid dispersion error: ~0.003% (negligible)
[06:07:14.884361] Substrate: h_design=1.600mm, h_grid=1.500mm, delta=6.3%
[06:07:14.884373] Edge ext: dL_design=0.739mm, dL_grid=0.500mm
[06:07:14.884395] f from grid dimensions: 2.4314 GHz (err=1.31%)
[06:07:14.884539]
[06:07:14.884560] ============================================================
[06:07:14.884618] SUMMARY
[06:07:14.884676] ============================================================
[06:07:14.884783] Best Harminv: 1.9443 GHz, err=18.99%, Q=31
[06:07:14.884795] Performance: 3135 Mcells/s
[06:07:14.884835] Grid dispersion: 0.003%
[06:07:14.884844] Discretization shift: f_grid=2.4314 GHz (1.31%)
[06:07:15.176550] workload reported done
[06:07:15.176650] Workload status changed to stopping
[06:07:26.422334] + set +x
[06:07:31.464649] workload reported done
[06:07:31.464749] Workload status changed to waitToBeKilled
[06:07:33.000000] Stopping container vops-sidecar
[06:07:33.000000] Stopping container run-exec
[06:07:33.000000] Terminating VESSL Workload...
[06:07:33.000000] Stopping container ttyd-sidecar
[06:07:33.000000] Stopping container fluentbit
[06:07:33.097769] workload completed
[06:07:33.097870] Workload status changed to completed
