Organization: remilab
Project: byungkwan
Displayed last 120 lines of #369367233590.
[11:03:14.971250] workload awaiting to start
[11:03:14.971350] Workload status changed to pending
[11:03:20.991521] Event Reason: FailedScheduling, Event Note: 0/13 nodes are available: pod has unbound immediate PersistentVolumeClaims. preemption: 0/13 nodes are available: 13 Preemption is not helpful for scheduling.
[11:03:20.991521] Workload is in queue for scheduling. Please wait...
[11:03:31.148551] VESSL Workload assigned successfully. Starting soon.
[11:03:32.000000] Creating VESSL Workload...
[11:03:32.000000] Created container run-exec
[11:03:32.000000] Container image "quay.io/vessl-ai/kernels-toolbox:0.1.188" already present on machine
[11:03:32.000000] Created container vops-init
[11:03:32.000000] Container image "nvcr.io/nvidia/jax:24.10-py3" already present on machine
[11:03:32.000000] Started container vops-init
[11:03:32.001000] Container image "nvcr.io/nvidia/jax:24.10-py3" already present on machine
[11:03:33.000000] Started container run-sidecar
[11:03:33.000000] Created container vops-sidecar
[11:03:33.000000] Created container ttyd-sidecar
[11:03:33.000000] Starting VESSL Workload...
[11:03:33.000000] Started container vops-sidecar
[11:03:33.000000] Container image "quay.io/vessl-ai/kernels-toolbox:0.1.188" already present on machine
[11:03:33.000000] Started container run-exec
[11:03:33.000000] Started container fluentbit
[11:03:33.000000] Created container fluentbit
[11:03:33.000000] Started container ttyd-sidecar
[11:03:33.000000] Container image "quay.io/vessl-ai/fluent-bit:2.1.6" already present on machine
[11:03:33.000000] Container image "quay.io/vessl-ai/sidecar:v0.0.3" already present on machine
[11:03:33.000000] Created container run-sidecar
[11:03:33.474397] Installing VESSL CLI...
[11:03:34.568623] workload reported alive as pod run-execution-be9lyaks2uvh-0
[11:03:34.568723] Workload status changed to initializing
[11:03:35.806633] + set +x
[11:03:41.077433] vessl, version 0.1.199
[11:03:45.923676] workload reported alive as pod run-execution-be9lyaks2uvh-0
[11:03:45.923776] Workload status changed to running
[11:03:46.097453] + mkdir -p /root
[11:03:46.099387] + cd /root
[11:03:46.099756] + cd /root/workspace/byungkwan-workspace/research/rfx
[11:03:46.113215] + git config --global --add safe.directory /root/workspace/byungkwan-workspace/research/rfx
[11:03:46.130846] + git fetch --all
[11:03:46.231505] Fetching origin
[11:03:48.067866] + git checkout main
[11:03:48.969938] Already on 'main'
[11:03:48.983112] M	.gitignore
[11:03:48.983131] M	README.md
[11:03:48.983139] M	docs/agent/overview.mdx
[11:03:48.983145] M	docs/guide/documentation_architecture.md
[11:03:48.983150] M	docs/guides/support_matrix.json
[11:03:48.983156] M	docs/guides/support_matrix.md
[11:03:48.983162] M	docs/public/api/support-boundaries.mdx
[11:03:48.983168] M	docs/public/examples/crossval.mdx
[11:03:48.983174] M	docs/public/examples/index.mdx
[11:03:48.983182] M	docs/public/examples/rf-workflows.mdx
[11:03:48.983187] M	docs/public/guide/advanced.md
[11:03:48.983193] M	docs/public/guide/api-reference.mdx
[11:03:48.983198] M	docs/public/guide/contributing.md
[11:03:48.983204] M	docs/public/guide/first-patch.mdx
[11:03:48.983209] M	docs/public/guide/index.md
[11:03:48.983215] M	docs/public/guide/migration.md
[11:03:48.983220] M	docs/public/guide/nonuniform-mesh.mdx
[11:03:48.983225] M	docs/public/guide/quickstart.mdx
[11:03:48.983231] M	docs/public/guide/subgridding.mdx
[11:03:48.983236] M	docs/public/guide/tutorial-patch-antenna.mdx
[11:03:48.983242] M	docs/public/guide/validation.mdx
[11:03:48.983247] M	docs/public/index.mdx
[11:03:48.983253] M	docs/public/site_map.json
[11:03:48.983258] M	docs/public/validation/cross-solver.mdx
[11:03:48.983264] M	docs/public/validation/index.mdx
[11:03:48.983269] M	docs/public/validation/reference-lane.mdx
[11:03:48.983275] Your branch is up to date with 'origin/main'.
[11:03:48.983660] + git pull --ff-only origin main
[11:03:49.813196] From https://github.com/bk-squared/rfx
[11:03:49.813228]  * branch            main       -> FETCH_HEAD
[11:03:49.882589] Already up to date.
[11:03:49.883549] + pip install -q -e '.[dev]'
[11:03:58.542817] WARNING: Running pip as the 'root' user can result in broken permissions and conflicting behaviour with the system package manager. It is recommended to use a virtual environment instead: https://pip.pypa.io/warnings/venv
[11:03:58.730916] + timeout 3600 python scripts/convergence_grid.py
[11:03:59.895378] ============================================================
[11:03:59.895400] Proper convergence: co-refine dx + dz at 4:1 aspect
[11:03:59.895406] ============================================================
[11:03:59.895409] 
[11:03:59.895413] === F1: NU dx=1.0mm dz=0.250mm (baseline) === dx=1.00mm  NU=True  lossy=True
[11:04:00.507663]   cells=567,840
[11:04:00.508096] /root/workspace/byungkwan-workspace/research/rfx/scripts/convergence_grid.py:92: UserWarning: Cell aspect ratio 4.0:1 between dx=1.000mm and min(z_profile)=0.250mm. FDTD numerical dispersion degrades at anisotropic cells; keep ratio <= 2 for convergent results. Scale z_profile with dx or use isotropic cells.
[11:04:00.508127]   res = sim.run(num_periods=60, compute_s_params=False)
[11:05:56.036512]   f_res=2.6492 GHz  Q=28.1  error=9.31%  Balanis=2.4235  dt=5.6s
[11:05:56.036708] 
[11:05:56.036729] === F2: NU dx=0.5mm dz=0.125mm === dx=0.50mm  NU=True  lossy=True
[11:05:56.460544]   cells=3,155,328
[11:05:56.460685] /root/workspace/byungkwan-workspace/research/rfx/scripts/convergence_grid.py:92: UserWarning: Cell aspect ratio 4.0:1 between dx=0.500mm and min(z_profile)=0.125mm. FDTD numerical dispersion degrades at anisotropic cells; keep ratio <= 2 for convergent results. Scale z_profile with dx or use isotropic cells.
[11:05:56.460698]   res = sim.run(num_periods=60, compute_s_params=False)
[11:20:53.383321]   f_res=2.5631 GHz  Q=27.1  error=5.76%  Balanis=2.4235  dt=29.3s
[11:20:53.383574] 
[11:20:53.383584] ============================================================
[11:20:53.383588] Anti-convergence reference (dz fixed at 0.25mm)
[11:20:53.383591] ============================================================
[11:20:53.383595] 
[11:20:53.383598] === G1: NU dx=1.0mm dz=0.250mm === dx=1.00mm  NU=True  lossy=True
[11:20:53.393980]   cells=567,840
[11:20:53.394118] /root/workspace/byungkwan-workspace/research/rfx/scripts/convergence_grid.py:92: UserWarning: Cell aspect ratio 4.0:1 between dx=1.000mm and min(z_profile)=0.250mm. FDTD numerical dispersion degrades at anisotropic cells; keep ratio <= 2 for convergent results. Scale z_profile with dx or use isotropic cells.
[11:20:53.394128]   res = sim.run(num_periods=60, compute_s_params=False)
[11:22:45.937448]   f_res=2.6492 GHz  Q=28.1  error=9.31%  Balanis=2.4235  dt=4.3s
[11:22:45.937560] 
[11:22:45.937567] === G2: NU dx=0.5mm dz=0.250mm (WRONG) === dx=0.50mm  NU=True  lossy=True
[11:22:45.947899]   cells=3,155,328
[11:22:45.948014] /root/workspace/byungkwan-workspace/research/rfx/scripts/convergence_grid.py:92: UserWarning: Cell aspect ratio 4.0:1 between dx=0.500mm and min(z_profile)=0.125mm. FDTD numerical dispersion degrades at anisotropic cells; keep ratio <= 2 for convergent results. Scale z_profile with dx or use isotropic cells.
[11:22:45.948020]   res = sim.run(num_periods=60, compute_s_params=False)
[11:37:36.557454]   f_res=2.5631 GHz  Q=27.1  error=5.76%  Balanis=2.4235  dt=27.9s
[11:37:36.557547] 
[11:37:36.557559] === DONE ===
[11:37:36.880981] workload reported done
[11:37:36.881081] Workload status changed to stopping
[11:37:44.386684] + set +x
[11:37:49.419858] workload reported done
[11:37:49.419958] Workload status changed to waitToBeKilled
[11:37:51.000000] Stopping container vops-sidecar
[11:37:51.000000] Stopping container run-sidecar
[11:37:51.000000] Stopping container run-exec
[11:37:51.000000] Terminating VESSL Workload...
[11:37:51.000000] Stopping container ttyd-sidecar
[11:37:51.000000] Stopping container fluentbit
[11:37:51.191443] workload completed
[11:37:51.191543] Workload status changed to completed
