Organization: remilab
Project: byungkwan
Displayed last 108 lines of #369367233586.
[10:18:42.463838] workload awaiting to start
[10:18:42.463938] Workload status changed to pending
[10:18:47.618450] Event Reason: FailedScheduling, Event Note: 0/13 nodes are available: pod has unbound immediate PersistentVolumeClaims. preemption: 0/13 nodes are available: 13 Preemption is not helpful for scheduling.
[10:18:47.618450] Workload is in queue for scheduling. Please wait...
[10:19:00.996633] VESSL Workload assigned successfully. Starting soon.
[10:19:01.000000] Container image "quay.io/vessl-ai/kernels-toolbox:0.1.188" already present on machine
[10:19:01.000000] Created container vops-init
[10:19:01.000000] Started container vops-init
[10:19:03.000000] Started container run-sidecar
[10:19:03.000000] Creating VESSL Workload...
[10:19:03.000000] Created container vops-sidecar
[10:19:03.000000] Created container ttyd-sidecar
[10:19:03.000000] Starting VESSL Workload...
[10:19:03.000000] Created container run-exec
[10:19:03.000000] Container image "quay.io/vessl-ai/kernels-toolbox:0.1.188" already present on machine
[10:19:03.000000] Started container run-exec
[10:19:03.000000] Container image "nvcr.io/nvidia/jax:24.10-py3" already present on machine
[10:19:03.000000] Container image "quay.io/vessl-ai/fluent-bit:2.1.6" already present on machine
[10:19:03.000000] Container image "quay.io/vessl-ai/sidecar:v0.0.3" already present on machine
[10:19:03.000000] Created container run-sidecar
[10:19:03.001000] Container image "nvcr.io/nvidia/jax:24.10-py3" already present on machine
[10:19:04.000000] Started container vops-sidecar
[10:19:04.080910] Installing VESSL CLI...
[10:19:04.927958] workload reported alive as pod run-execution-v1po4308owbc-0
[10:19:04.928058] Workload status changed to initializing
[10:19:06.194422] + set +x
[10:19:10.718714] vessl, version 0.1.199
[10:19:11.322396] workload reported alive as pod run-execution-v1po4308owbc-0
[10:19:11.322496] Workload status changed to running
[10:19:11.468576] + mkdir -p /root
[10:19:11.470437] + cd /root
[10:19:11.470797] + cd /root/workspace/byungkwan-workspace/research/rfx
[10:19:11.483560] + git config --global --add safe.directory /root/workspace/byungkwan-workspace/research/rfx
[10:19:11.504818] + git fetch --all
[10:19:11.610957] Fetching origin
[10:19:13.370320] + git checkout main
[10:19:14.360662] Already on 'main'
[10:19:14.402020] M	.gitignore
[10:19:14.402039] M	README.md
[10:19:14.402046] M	docs/agent/overview.mdx
[10:19:14.402054] M	docs/guide/documentation_architecture.md
[10:19:14.402060] M	docs/guides/support_matrix.json
[10:19:14.402066] M	docs/guides/support_matrix.md
[10:19:14.402072] M	docs/public/api/support-boundaries.mdx
[10:19:14.402078] M	docs/public/examples/crossval.mdx
[10:19:14.402084] M	docs/public/examples/index.mdx
[10:19:14.402090] M	docs/public/examples/rf-workflows.mdx
[10:19:14.402096] M	docs/public/guide/advanced.md
[10:19:14.402102] M	docs/public/guide/api-reference.mdx
[10:19:14.402107] M	docs/public/guide/contributing.md
[10:19:14.402113] M	docs/public/guide/first-patch.mdx
[10:19:14.402118] M	docs/public/guide/index.md
[10:19:14.402124] M	docs/public/guide/migration.md
[10:19:14.402129] M	docs/public/guide/nonuniform-mesh.mdx
[10:19:14.402135] M	docs/public/guide/quickstart.mdx
[10:19:14.402140] M	docs/public/guide/subgridding.mdx
[10:19:14.402146] M	docs/public/guide/tutorial-patch-antenna.mdx
[10:19:14.402151] M	docs/public/guide/validation.mdx
[10:19:14.402157] M	docs/public/index.mdx
[10:19:14.402163] M	docs/public/site_map.json
[10:19:14.402168] M	docs/public/validation/cross-solver.mdx
[10:19:14.402174] M	docs/public/validation/index.mdx
[10:19:14.402179] M	docs/public/validation/reference-lane.mdx
[10:19:14.402184] Your branch is up to date with 'origin/main'.
[10:19:14.402587] + git pull --ff-only origin main
[10:19:15.115960] From https://github.com/bk-squared/rfx
[10:19:15.115996]  * branch            main       -> FETCH_HEAD
[10:19:15.190352] Already up to date.
[10:19:15.191272] + pip install -q -e '.[dev]'
[10:19:23.585362] WARNING: Running pip as the 'root' user can result in broken permissions and conflicting behaviour with the system package manager. It is recommended to use a virtual environment instead: https://pip.pypa.io/warnings/venv
[10:19:23.768881] + pip install -q plotly
[10:19:26.138299] WARNING: Running pip as the 'root' user can result in broken permissions and conflicting behaviour with the system package manager. It is recommended to use a virtual environment instead: https://pip.pypa.io/warnings/venv
[10:19:26.185327] === dx=0.5mm (fine mesh) — bias convergence check ===
[10:19:26.185356] + echo '=== dx=0.5mm (fine mesh) — bias convergence check ==='
[10:19:26.185361] + timeout 3600 python scripts/issue31_patch_validation.py --dx-mm 0.5 --skip-anim --skip-3d
[10:19:27.517906] [cfg] analytic f_res = 2.4235 GHz
[10:19:27.517924] 
[10:19:27.517928] === [1/4] Harminv ringdown → true f_res ===
[10:19:28.230135] [cfg] cells=2,921,600
[10:19:45.462557] [run] done in 17.2s
[10:22:35.563655] [result] Harminv f_res = 2.7324 GHz  Q = 27.6  error = 12.75 %  (analytic = 2.4235 GHz)
[10:22:35.563826] 
[10:22:35.563838] === [2/4] S11(f) via lumped port ===
[10:22:36.220579] /opt/jax/jax/_src/numpy/array_methods.py:118: UserWarning: Explicitly requested dtype <class 'jax.numpy.float64'> requested in astype is not available, and will be truncated to dtype float32. To enable more dtypes, set the jax_enable_x64 configuration option or the JAX_ENABLE_X64 shell environment variable. See https://github.com/google/jax#current-gotchas for more.
[10:22:36.220605]   return lax_numpy.astype(self, dtype, copy=copy, device=device)
[10:22:36.220610] /opt/jax/jax/_src/numpy/array_methods.py:118: UserWarning: Explicitly requested dtype <class 'jax.numpy.float64'> requested in astype is not available, and will be truncated to dtype float32. To enable more dtypes, set the jax_enable_x64 configuration option or the JAX_ENABLE_X64 shell environment variable. See https://github.com/google/jax#current-gotchas for more.
[10:22:36.220614]   return lax_numpy.astype(self, dtype, copy=copy, device=device)
[10:22:48.305416] [run] done in 12.7s
[10:22:48.305447] [result] S11 dip: f = 2.7510 GHz, |S11| = -0.50 dB (shallow — port matching artifact)
[10:22:48.444972] [out] /root/workspace/byungkwan-workspace/research/rfx/scripts/../docs/research_notes/issue31_figs/issue31_patch_s11.png
[10:22:48.445029] 
[10:22:48.445040] === [3/4] Far-field radiation pattern at f_res = 2.732 GHz ===
[10:23:02.269032] [run] done in 13.8s
[10:23:25.360692] [out] /root/workspace/byungkwan-workspace/research/rfx/scripts/../docs/research_notes/issue31_figs/issue31_patch_farfield.png  peak at θ=1.0°, φ=136.0°
[10:23:25.654153] === DONE ===
[10:23:25.654153] + echo '=== DONE ==='
[10:23:25.673714] workload reported done
[10:23:25.673814] Workload status changed to stopping
[10:23:37.225322] + set +x
[10:23:42.252288] workload reported done
[10:23:42.252388] Workload status changed to waitToBeKilled
[10:23:45.000000] Stopping container vops-sidecar
[10:23:45.000000] Stopping container run-sidecar
[10:23:45.000000] Stopping container run-exec
[10:23:45.000000] Terminating VESSL Workload...
[10:23:45.000000] Stopping container fluentbit
[10:23:45.126512] workload completed
[10:23:45.126612] Workload status changed to completed
