Organization: remilab
Project: byungkwan
Displayed last 68 lines of #369367233315.
[15:51:04.101435] workload awaiting to start
[15:51:04.101535] Workload status changed to pending
[15:51:08.995650] Event Reason: FailedScheduling, Event Note: 0/13 nodes are available: pod has unbound immediate PersistentVolumeClaims. preemption: 0/13 nodes are available: 13 Preemption is not helpful for scheduling.
[15:51:08.995650] Workload is in queue for scheduling. Please wait...
[15:51:23.046940] Event Reason: FailedScheduling, Event Note: 0/13 nodes are available: pod has unbound immediate PersistentVolumeClaims. preemption: 0/13 nodes are available: 13 Preemption is not helpful for scheduling.
[15:51:23.046940] Workload is in queue for scheduling. Please wait...
[15:51:25.669050] VESSL Workload assigned successfully. Starting soon.
[15:51:26.000000] Container image "quay.io/vessl-ai/kernels-toolbox:0.1.188" already present on machine
[15:51:26.000000] Created container vops-init
[15:51:26.000000] Started container vops-init
[15:51:27.000000] Creating VESSL Workload...
[15:51:27.000000] Starting VESSL Workload...
[15:51:27.000000] Created container run-exec
[15:51:27.000000] Started container run-exec
[15:51:27.000000] Container image "nvcr.io/nvidia/jax:24.10-py3" already present on machine
[15:51:27.001000] Container image "nvcr.io/nvidia/jax:24.10-py3" already present on machine
[15:51:28.000000] Created container vops-sidecar
[15:51:28.000000] Created container ttyd-sidecar
[15:51:28.000000] Started container vops-sidecar
[15:51:28.000000] Container image "quay.io/vessl-ai/kernels-toolbox:0.1.188" already present on machine
[15:51:28.000000] Created container fluentbit
[15:51:28.000000] Started container ttyd-sidecar
[15:51:28.000000] Container image "quay.io/vessl-ai/fluent-bit:2.1.6" already present on machine
[15:51:28.272575] Installing VESSL CLI...
[15:51:29.221729] workload reported alive as pod run-execution-xk85k6rohdll-0
[15:51:29.221829] Workload status changed to initializing
[15:51:30.337148] + set +x
[15:51:34.634388] vessl, version 0.1.199
[15:51:35.439121] workload reported alive as pod run-execution-xk85k6rohdll-0
[15:51:35.439221] Workload status changed to running
[15:51:35.565854] + mkdir -p /root
[15:51:35.567601] + cd /root
[15:51:35.568113] + set -euo pipefail
[15:51:35.568128] + pip uninstall -y rfx
[15:51:35.817327] === Using byungkwan-workspace rfx (upstream dev) ===
[15:51:35.817355] + echo '=== Using byungkwan-workspace rfx (upstream dev) ==='
[15:51:35.817366] + git config --global --add safe.directory /root/workspace/byungkwan-workspace/research/rfx
[15:51:35.819305] + cd /root/workspace/byungkwan-workspace/research/rfx
[15:51:35.824896] + git log --oneline -1
[15:51:35.868341] 8a0a461 feat(subgrid): material-aware SAT penalty terms in 3D interface
[15:51:35.868657] + pip install --quiet -e '.[all]'
[15:51:40.050629] WARNING: rfx 1807.8.6 does not provide the extra 'dashboard'
[15:51:40.050691] WARNING: rfx 1807.8.6 does not provide the extra 'dev'
[15:51:40.050835] WARNING: rfx 1807.8.6 does not provide the extra 'optimization'
[15:51:40.050929] WARNING: rfx 1807.8.6 does not provide the extra 'visualization'
[15:51:45.082816] WARNING: Running pip as the 'root' user can result in broken permissions and conflicting behaviour with the system package manager. It is recommended to use a virtual environment instead: https://pip.pypa.io/warnings/venv
[15:51:45.304641] + python -c 'import jax; print('"'"'JAX:'"'"', jax.devices()); import rfx; print('"'"'rfx'"'"', rfx.__version__)'
[15:51:45.726507] JAX: [CudaDevice(id=0)]
[15:51:46.324999] rfx 1.5.0
[15:51:46.447459] === Running crossval 08 dipole from rfx-ref ===
[15:51:46.447485] + echo '=== Running crossval 08 dipole from rfx-ref ==='
[15:51:46.447571] + python /root/workspace/bk-workspace/rfx-ref/examples/crossval/08_dipole_radiation.py
[15:51:46.447751] + tail -15
[15:51:46.866201] Traceback (most recent call last):
[15:51:46.866225]   File "/root/workspace/bk-workspace/rfx-ref/examples/crossval/08_dipole_radiation.py", line 14, in <module>
[15:51:46.866232]     from rfx import Simulation, compute_far_field
[15:51:46.866236] ImportError: cannot import name 'Simulation' from 'rfx' (/usr/local/lib/python3.10/dist-packages/rfx/__init__.py)
[15:51:46.872543] workload reported done
[15:51:46.872643] Workload status changed to stopping
[15:51:59.583066] workload reported done
[15:51:59.583166] Workload status changed to waitToBeKilled
[15:52:03.000000] Stopping container vops-sidecar
[15:52:03.000000] Stopping container run-exec
[15:52:03.000000] Terminating VESSL Workload...
[15:52:03.000000] Stopping container ttyd-sidecar
[15:52:03.000000] Stopping container fluentbit
[15:52:03.107813] workload failed
[15:52:03.107913] Workload status changed to failed
