Organization: remilab
Project: byungkwan
Displayed last 89 lines of #369367233562.
[01:44:21.403345] workload awaiting to start
[01:44:21.403445] Workload status changed to pending
[01:44:26.896823] VESSL Workload assigned successfully. Starting soon.
[01:44:27.000000] Container image "quay.io/vessl-ai/kernels-toolbox:0.1.188" already present on machine
[01:44:27.000000] Created container vops-init
[01:44:28.000000] Started container vops-init
[01:44:29.000000] Started container run-sidecar
[01:44:29.000000] Creating VESSL Workload...
[01:44:29.000000] Created container vops-sidecar
[01:44:29.000000] Created container ttyd-sidecar
[01:44:29.000000] Started container vops-sidecar
[01:44:29.000000] Created container run-exec
[01:44:29.000000] Container image "quay.io/vessl-ai/kernels-toolbox:0.1.188" already present on machine
[01:44:29.000000] Started container run-exec
[01:44:29.000000] Created container fluentbit
[01:44:29.000000] Container image "nvcr.io/nvidia/jax:24.10-py3" already present on machine
[01:44:29.000000] Started container ttyd-sidecar
[01:44:29.000000] Container image "quay.io/vessl-ai/fluent-bit:2.1.6" already present on machine
[01:44:29.000000] Created container run-sidecar
[01:44:29.001000] Container image "nvcr.io/nvidia/jax:24.10-py3" already present on machine
[01:44:29.947654] Installing VESSL CLI...
[01:44:30.652776] workload reported alive as pod run-execution-hi4xvqrcnums-0
[01:44:30.652877] Workload status changed to initializing
[01:44:31.747017] + set +x
[01:44:35.208593] vessl, version 0.1.199
[01:44:36.896860] workload reported alive as pod run-execution-hi4xvqrcnums-0
[01:44:36.896960] Workload status changed to running
[01:44:37.243064] + mkdir -p /root
[01:44:37.244579] + cd /root
[01:44:37.244974] + cd /root/workspace/byungkwan-workspace/research/rfx
[01:44:37.256481] + git config --global --add safe.directory /root/workspace/byungkwan-workspace/research/rfx
[01:44:37.276099] + git fetch --all
[01:44:37.356845] Fetching origin
[01:44:38.876871] + git checkout feat-n-warmup
[01:44:39.633358] Already on 'feat-n-warmup'
[01:44:39.655444] M	.gitignore
[01:44:39.655475] M	README.md
[01:44:39.655482] M	docs/agent/overview.mdx
[01:44:39.655488] M	docs/guide/documentation_architecture.md
[01:44:39.655493] M	docs/guides/support_matrix.json
[01:44:39.655497] M	docs/guides/support_matrix.md
[01:44:39.655501] M	docs/public/api/support-boundaries.mdx
[01:44:39.655505] M	docs/public/examples/crossval.mdx
[01:44:39.655509] M	docs/public/examples/index.mdx
[01:44:39.655513] M	docs/public/examples/rf-workflows.mdx
[01:44:39.655517] M	docs/public/guide/advanced.md
[01:44:39.655521] M	docs/public/guide/api-reference.mdx
[01:44:39.655525] M	docs/public/guide/changelog.mdx
[01:44:39.655529] M	docs/public/guide/contributing.md
[01:44:39.655533] M	docs/public/guide/first-patch.mdx
[01:44:39.655537] M	docs/public/guide/index.md
[01:44:39.655540] M	docs/public/guide/migration.md
[01:44:39.655544] M	docs/public/guide/nonuniform-mesh.mdx
[01:44:39.655548] M	docs/public/guide/quickstart.mdx
[01:44:39.655556] M	docs/public/guide/subgridding.mdx
[01:44:39.655560] M	docs/public/guide/tutorial-patch-antenna.mdx
[01:44:39.655564] M	docs/public/guide/validation.mdx
[01:44:39.655568] M	docs/public/index.mdx
[01:44:39.655573] M	docs/public/site_map.json
[01:44:39.655578] M	docs/public/validation/cross-solver.mdx
[01:44:39.655583] M	docs/public/validation/index.mdx
[01:44:39.655589] M	docs/public/validation/reference-lane.mdx
[01:44:39.655595] Your branch is up to date with 'origin/feat-n-warmup'.
[01:44:39.655847] + git pull --ff-only origin feat-n-warmup
[01:44:40.369172] From https://github.com/bk-squared/rfx
[01:44:40.369225]  * branch            feat-n-warmup -> FETCH_HEAD
[01:44:40.428085] Already up to date.
[01:44:40.428902] + pip install -q -e '.[dev]'
[01:44:48.127720] WARNING: Running pip as the 'root' user can result in broken permissions and conflicting behaviour with the system package manager. It is recommended to use a virtual environment instead: https://pip.pypa.io/warnings/venv
[01:44:48.286481] + timeout 1200 python scripts/issue40_nwarmup_physics.py
[01:44:53.005109] [n_warmup=    0] shape=(8000,) max|Ez|=8.931e+05  finite=True
[01:44:56.822918] [n_warmup=  500] shape=(8000,) max|Ez|=8.931e+05  finite=True
[01:45:00.549335] [n_warmup= 2000] shape=(8000,) max|Ez|=8.931e+05  finite=True
[01:45:04.732761] [bit-match] n_warmup=500 vs plain rel_err = 0.000e+00
[01:45:04.732779] PASS
[01:45:04.952801] === DONE ===
[01:45:04.952801] + echo '=== DONE ==='
[01:45:04.967941] workload reported done
[01:45:04.968041] Workload status changed to stopping
[01:45:13.259046] + set +x
[01:45:18.284227] workload reported done
[01:45:18.284327] Workload status changed to waitToBeKilled
[01:45:21.000000] Stopping container vops-sidecar
[01:45:21.000000] Stopping container run-sidecar
[01:45:21.000000] Stopping container run-exec
[01:45:21.000000] Terminating VESSL Workload...
[01:45:21.000000] Stopping container ttyd-sidecar
[01:45:21.147757] workload completed
[01:45:21.147857] Workload status changed to completed
