Organization: remilab
Project: byungkwan
Displayed last 105 lines of #369367233596.
[11:25:33.603970] workload awaiting to start
[11:25:33.604070] Workload status changed to pending
[11:25:38.910331] Event Reason: FailedScheduling, Event Note: 0/13 nodes are available: pod has unbound immediate PersistentVolumeClaims. preemption: 0/13 nodes are available: 13 Preemption is not helpful for scheduling.
[11:25:38.910331] Workload is in queue for scheduling. Please wait...
[11:25:46.000000] Container image "quay.io/vessl-ai/kernels-toolbox:0.1.188" already present on machine
[11:25:46.000000] Created container vops-init
[11:25:46.211573] VESSL Workload assigned successfully. Starting soon.
[11:25:47.000000] Started container vops-init
[11:25:48.000000] Started container run-sidecar
[11:25:48.000000] Creating VESSL Workload...
[11:25:48.000000] Created container vops-sidecar
[11:25:48.000000] Created container ttyd-sidecar
[11:25:48.000000] Starting VESSL Workload...
[11:25:48.000000] Started container vops-sidecar
[11:25:48.000000] Created container run-exec
[11:25:48.000000] Container image "quay.io/vessl-ai/kernels-toolbox:0.1.188" already present on machine
[11:25:48.000000] Started container run-exec
[11:25:48.000000] Started container fluentbit
[11:25:48.000000] Created container fluentbit
[11:25:48.000000] Container image "nvcr.io/nvidia/jax:24.10-py3" already present on machine
[11:25:48.000000] Started container ttyd-sidecar
[11:25:48.000000] Container image "quay.io/vessl-ai/fluent-bit:2.1.6" already present on machine
[11:25:48.000000] Container image "quay.io/vessl-ai/sidecar:v0.0.3" already present on machine
[11:25:48.000000] Created container run-sidecar
[11:25:48.001000] Container image "nvcr.io/nvidia/jax:24.10-py3" already present on machine
[11:25:48.827381] Installing VESSL CLI...
[11:25:49.533817] workload reported alive as pod run-execution-2vty8s52ydcj-0
[11:25:50.631704] + set +x
[11:25:53.597063] vessl, version 0.1.199
[11:25:55.787565] workload reported alive as pod run-execution-2vty8s52ydcj-0
[11:25:55.787665] Workload status changed to running
[11:25:56.027853] + mkdir -p /root
[11:25:56.029950] + cd /root
[11:25:56.030612] + cd /root/workspace/byungkwan-workspace/research/rfx
[11:25:56.048882] + git config --global --add safe.directory /root/workspace/byungkwan-workspace/research/rfx
[11:25:56.077622] + git fetch --all
[11:25:56.178524] Fetching origin
[11:25:58.063938] + git checkout main
[11:25:59.032330] Already on 'main'
[11:25:59.066911] M	.gitignore
[11:25:59.066962] M	README.md
[11:25:59.066969] M	docs/agent/overview.mdx
[11:25:59.066977] M	docs/guide/documentation_architecture.md
[11:25:59.066982] M	docs/guides/support_matrix.json
[11:25:59.066988] M	docs/guides/support_matrix.md
[11:25:59.066992] M	docs/public/api/support-boundaries.mdx
[11:25:59.066996] M	docs/public/examples/crossval.mdx
[11:25:59.067001] M	docs/public/examples/index.mdx
[11:25:59.067005] M	docs/public/examples/rf-workflows.mdx
[11:25:59.067009] M	docs/public/guide/advanced.md
[11:25:59.067013] M	docs/public/guide/api-reference.mdx
[11:25:59.067017] M	docs/public/guide/contributing.md
[11:25:59.067021] M	docs/public/guide/first-patch.mdx
[11:25:59.067025] M	docs/public/guide/index.md
[11:25:59.067029] M	docs/public/guide/migration.md
[11:25:59.067033] M	docs/public/guide/nonuniform-mesh.mdx
[11:25:59.067037] M	docs/public/guide/quickstart.mdx
[11:25:59.067041] M	docs/public/guide/subgridding.mdx
[11:25:59.067045] M	docs/public/guide/tutorial-patch-antenna.mdx
[11:25:59.067049] M	docs/public/guide/validation.mdx
[11:25:59.067053] M	docs/public/index.mdx
[11:25:59.067058] M	docs/public/site_map.json
[11:25:59.067062] M	docs/public/validation/cross-solver.mdx
[11:25:59.067066] M	docs/public/validation/index.mdx
[11:25:59.067070] M	docs/public/validation/reference-lane.mdx
[11:25:59.067074] Your branch is up to date with 'origin/main'.
[11:25:59.067320] + git pull --ff-only origin main
[11:26:00.095631] From https://github.com/bk-squared/rfx
[11:26:00.095691]  * branch            main       -> FETCH_HEAD
[11:26:00.187560] Already up to date.
[11:26:00.188403] + pip install -q -e '.[dev]'
[11:26:07.472793] WARNING: Running pip as the 'root' user can result in broken permissions and conflicting behaviour with the system package manager. It is recommended to use a virtual environment instead: https://pip.pypa.io/warnings/venv
[11:26:07.595630] + timeout 3600 python scripts/convergence_grid.py
[11:26:08.759689] ============================================================
[11:26:08.759777] Proper convergence: co-refine dx + dz at 4:1 aspect
[11:26:08.759788] ============================================================
[11:26:08.759798] 
[11:26:08.759808] === F1: NU dx=1.0mm dz=0.250mm (baseline) === dx=1.00mm  NU=True  lossy=True
[11:26:09.293020]   cells=567,840
[11:26:09.293160] /root/workspace/byungkwan-workspace/research/rfx/scripts/convergence_grid.py:92: UserWarning: Cell aspect ratio 4.0:1 between dx=1.000mm and min(z_profile)=0.250mm. Per-axis Courant numbers diverge: nu_coarse=0.236, nu_fine=0.943. FDTD dispersion degrades when Courant numbers are asymmetric (Taflove Ch. 4); refining dx alone while holding z_profile fixed will ANTI-converge. Co-refine both to maintain constant aspect ratio.
[11:26:09.293175]   res = sim.run(num_periods=60, compute_s_params=False)
[11:30:50.509525]   f_res=2.6492 GHz  Q=28.1  error=9.31%  Balanis=2.4235  dt=4.4s
[11:30:50.509799] 
[11:30:50.509820] === F2: NU dx=0.5mm dz=0.125mm === dx=0.50mm  NU=True  lossy=True
[11:30:50.863530]   cells=3,155,328
[11:30:50.863629] /root/workspace/byungkwan-workspace/research/rfx/scripts/convergence_grid.py:92: UserWarning: Cell aspect ratio 4.0:1 between dx=0.500mm and min(z_profile)=0.125mm. Per-axis Courant numbers diverge: nu_coarse=0.236, nu_fine=0.943. FDTD dispersion degrades when Courant numbers are asymmetric (Taflove Ch. 4); refining dx alone while holding z_profile fixed will ANTI-converge. Co-refine both to maintain constant aspect ratio.
[11:30:50.863632]   res = sim.run(num_periods=60, compute_s_params=False)
[12:06:16.918420]   f_res=2.5631 GHz  Q=27.1  error=5.76%  Balanis=2.4235  dt=28.0s
[12:06:16.918449] 
[12:06:16.918451] === F3: NU dx=0.25mm dz=0.0625mm === dx=0.25mm  NU=True  lossy=True
[12:06:17.199751]   cells=20,598,144
[12:06:17.199777] /root/workspace/byungkwan-workspace/research/rfx/scripts/convergence_grid.py:92: UserWarning: Cell aspect ratio 4.0:1 between dx=0.250mm and min(z_profile)=0.062mm. Per-axis Courant numbers diverge: nu_coarse=0.236, nu_fine=0.943. FDTD dispersion degrades when Courant numbers are asymmetric (Taflove Ch. 4); refining dx alone while holding z_profile fixed will ANTI-converge. Co-refine both to maintain constant aspect ratio.
[12:06:17.199781]   res = sim.run(num_periods=60, compute_s_params=False)
[12:26:08.325381] workload reported done
[12:26:08.325481] Workload status changed to stopping
[12:26:17.543415] workload reported done
[12:26:17.543515] Workload status changed to waitToBeKilled
[12:26:21.000000] Stopping container vops-sidecar
[12:26:21.000000] Stopping container run-sidecar
[12:26:21.000000] Stopping container run-exec
[12:26:21.000000] Terminating VESSL Workload...
[12:26:21.000000] Stopping container ttyd-sidecar
[12:26:21.000000] Stopping container fluentbit
[12:26:21.075622] workload failed
[12:26:21.075722] Workload status changed to failed
