Organization: remilab
Project: byungkwan
Displayed last 34 lines of #369367233561.
[01:30:21.533708] workload awaiting to start
[01:30:21.533808] Workload status changed to pending
[01:30:26.999932] Event Reason: FailedScheduling, Event Note: 0/13 nodes are available: pod has unbound immediate PersistentVolumeClaims. preemption: 0/13 nodes are available: 13 Preemption is not helpful for scheduling.
[01:30:26.999932] Workload is in queue for scheduling. Please wait...
[01:30:29.348871] VESSL Workload assigned successfully. Starting soon.
[01:30:30.000000] Container image "quay.io/vessl-ai/kernels-toolbox:0.1.188" already present on machine
[01:30:30.000000] Created container vops-init
[01:30:30.000000] Started container vops-init
[01:30:31.000000] Started container run-sidecar
[01:30:31.000000] Creating VESSL Workload...
[01:30:31.000000] Created container run-exec
[01:30:31.000000] Started container fluentbit
[01:30:31.000000] Created container fluentbit
[01:30:31.000000] Container image "nvcr.io/nvidia/jax:24.10-py3" already present on machine
[01:30:31.000000] Container image "quay.io/vessl-ai/fluent-bit:2.1.6" already present on machine
[01:30:31.000000] Container image "quay.io/vessl-ai/sidecar:v0.0.3" already present on machine
[01:30:31.001000] Container image "nvcr.io/nvidia/jax:24.10-py3" already present on machine
[01:30:32.054664] Installing VESSL CLI...
[01:30:32.804637] workload reported alive as pod run-execution-3n6qzkiox2th-0
[01:30:32.804737] Workload status changed to initializing
[01:30:34.078640] + set +x
[01:30:36.919316] vessl, version 0.1.199
[01:30:39.230763] workload reported alive as pod run-execution-3n6qzkiox2th-0
[01:30:39.230863] Workload status changed to running
[01:30:39.331873] /opt/vessl/scripts/jg6jmhl7vhm5.sh: line 162: syntax error: unexpected end of file (expecting ")")
[01:30:39.359871] workload reported done
[01:30:39.359971] Workload status changed to stopping
[01:30:51.375415] workload reported done
[01:30:51.375515] Workload status changed to waitToBeKilled
[01:30:54.000000] Stopping container run-exec
[01:30:54.000000] Terminating VESSL Workload...
[01:30:54.000000] Stopping container fluentbit
[01:30:54.079953] workload failed
[01:30:54.080054] Workload status changed to failed
