Organization: remilab
Project: byungkwan
Displayed last 60 lines of #369367233306.
[15:25:49.432869] workload awaiting to start
[15:25:49.432970] Workload status changed to pending
[15:25:54.008646] Event Reason: FailedScheduling, Event Note: 0/13 nodes are available: pod has unbound immediate PersistentVolumeClaims. preemption: 0/13 nodes are available: 13 Preemption is not helpful for scheduling.
[15:25:54.008646] Workload is in queue for scheduling. Please wait...
[15:26:07.983776] VESSL Workload assigned successfully. Starting soon.
[15:26:08.000000] Container image "quay.io/vessl-ai/kernels-toolbox:0.1.188" already present on machine
[15:26:08.000000] Created container vops-init
[15:26:08.000000] Started container vops-init
[15:26:09.000000] Container image "nvcr.io/nvidia/jax:24.10-py3" already present on machine
[15:26:10.000000] Started container run-sidecar
[15:26:10.000000] Created container vops-sidecar
[15:26:10.000000] Starting VESSL Workload...
[15:26:10.000000] Started container vops-sidecar
[15:26:10.000000] Container image "quay.io/vessl-ai/kernels-toolbox:0.1.188" already present on machine
[15:26:10.000000] Started container run-exec
[15:26:10.000000] Created container fluentbit
[15:26:10.000000] Container image "quay.io/vessl-ai/sidecar:v0.0.3" already present on machine
[15:26:10.000000] Created container run-sidecar
[15:26:10.349763] Installing VESSL CLI...
[15:26:11.109036] workload reported alive as pod run-execution-xbwrk49ypiu3-0
[15:26:11.109136] Workload status changed to initializing
[15:26:12.382995] + set +x
[15:26:16.987313] vessl, version 0.1.199
[15:26:17.458498] workload reported alive as pod run-execution-xbwrk49ypiu3-0
[15:26:17.458598] Workload status changed to running
[15:26:17.783636] + mkdir -p /root
[15:26:17.785577] + cd /root
[15:26:17.785935] + set -euo pipefail
[15:26:17.785945] + cd /root
[15:26:17.785952] + git clone https://github.com/bk-squared/rfx.git
[15:26:17.787971] Cloning into 'rfx'...
[15:26:20.173162] + cd rfx
[15:26:20.173188] + pip install --quiet -e '.[all]'
[15:26:24.891601] WARNING: rfx 1807.8.6 does not provide the extra 'dashboard'
[15:26:24.891913] WARNING: rfx 1807.8.6 does not provide the extra 'dev'
[15:26:24.891928] WARNING: rfx 1807.8.6 does not provide the extra 'optimization'
[15:26:24.892118] WARNING: rfx 1807.8.6 does not provide the extra 'visualization'
[15:26:31.219647] WARNING: Running pip as the 'root' user can result in broken permissions and conflicting behaviour with the system package manager. It is recommended to use a virtual environment instead: https://pip.pypa.io/warnings/venv
[15:26:31.454438] + python -c 'import jax; print('"'"'JAX:'"'"', jax.devices()); import rfx; print('"'"'rfx'"'"', rfx.__version__)'
[15:26:31.836954] JAX: [CudaDevice(id=0)]
[15:26:32.313418] rfx 1.5.0
[15:26:32.436306] + cp /root/workspace/bk-workspace/papers/rfx-tap/experiments/ntff_dipole_10ghz.py .
[15:26:32.447043] + python ntff_dipole_10ghz.py
[15:26:33.087283] 10GHz dipole: 101x101x101, steps=10491
[15:26:42.558033] Probe peak: 2.3964e+07
[15:26:42.592932] Far-field max power: 1.3592e-28
[15:26:42.592979] NTFF: ZERO at 10GHz — rfx NTFF broken at this freq/dx?
[15:26:42.927881] workload reported done
[15:26:42.927982] Workload status changed to stopping
[15:26:42.979136] [done]
[15:26:42.979148] + echo '[done]'
[15:26:53.799813] + set +x
[15:26:58.774062] workload reported done
[15:26:58.774162] Workload status changed to waitToBeKilled
[15:27:00.000000] Stopping container vops-sidecar
[15:27:00.000000] Stopping container run-sidecar
[15:27:00.000000] Stopping container run-exec
[15:27:00.000000] Terminating VESSL Workload...
[15:27:00.072024] workload completed
[15:27:00.072124] Workload status changed to completed
