Organization: remilab
Project: byungkwan
Displayed last 51 lines of #369367233313.
[15:39:25.820743] workload awaiting to start
[15:39:25.820843] Workload status changed to pending
[15:39:29.952625] Event Reason: FailedScheduling, Event Note: 0/13 nodes are available: pod has unbound immediate PersistentVolumeClaims. preemption: 0/13 nodes are available: 13 Preemption is not helpful for scheduling.
[15:39:29.952625] Workload is in queue for scheduling. Please wait...
[15:39:38.000000] Container image "quay.io/vessl-ai/kernels-toolbox:0.1.188" already present on machine
[15:39:38.000000] Created container vops-init
[15:39:38.000000] Started container vops-init
[15:39:38.026237] VESSL Workload assigned successfully. Starting soon.
[15:39:40.000000] Creating VESSL Workload...
[15:39:40.000000] Created container vops-sidecar
[15:39:40.000000] Created container ttyd-sidecar
[15:39:40.000000] Started container vops-sidecar
[15:39:40.000000] Created container run-exec
[15:39:40.000000] Container image "quay.io/vessl-ai/kernels-toolbox:0.1.188" already present on machine
[15:39:40.000000] Started container run-exec
[15:39:40.000000] Started container fluentbit
[15:39:40.000000] Created container fluentbit
[15:39:40.000000] Container image "nvcr.io/nvidia/jax:24.10-py3" already present on machine
[15:39:40.000000] Started container ttyd-sidecar
[15:39:40.001000] Container image "nvcr.io/nvidia/jax:24.10-py3" already present on machine
[15:39:40.913244] Installing VESSL CLI...
[15:39:41.654659] workload reported alive as pod run-execution-gz7n4wtqtav2-0
[15:39:41.654759] Workload status changed to initializing
[15:39:42.899313] + set +x
[15:39:47.353973] vessl, version 0.1.199
[15:39:48.011235] workload reported alive as pod run-execution-gz7n4wtqtav2-0
[15:39:48.011335] Workload status changed to running
[15:39:48.243029] + mkdir -p /root
[15:39:48.244923] + cd /root
[15:39:48.245300] + set -euo pipefail
[15:39:48.245316] + pip uninstall -y rfx
[15:39:48.500847] === Using byungkwan-workspace rfx (upstream dev) ===
[15:39:48.500865] + echo '=== Using byungkwan-workspace rfx (upstream dev) ==='
[15:39:48.500893] + cd /root/workspace/byungkwan-workspace/research/rfx
[15:39:48.506871] + git log --oneline -1
[15:39:48.517134] fatal: detected dubious ownership in repository at '/root/workspace/byungkwan-workspace/research/rfx'
[15:39:48.517158] To add an exception for this directory, call:
[15:39:48.517165] 
[15:39:48.517171] 	git config --global --add safe.directory /root/workspace/byungkwan-workspace/research/rfx
[15:39:48.520426] workload reported done
[15:39:48.520526] Workload status changed to stopping
[15:40:00.250090] workload reported done
[15:40:00.250190] Workload status changed to waitToBeKilled
[15:40:03.000000] Stopping container vops-sidecar
[15:40:03.000000] Stopping container run-sidecar
[15:40:03.000000] Stopping container run-exec
[15:40:03.000000] Terminating VESSL Workload...
[15:40:03.000000] Stopping container ttyd-sidecar
[15:40:03.000000] Stopping container fluentbit
[15:40:03.049881] workload failed
[15:40:03.049981] Workload status changed to failed
