Organization: remilab
Project: byungkwan
Displayed last 200 lines of #369367233094.
[18:34:04.075899] ========================================
[18:34:04.075900] + timeout 300 python examples/crossval/24_gpr_ascan.py
[18:34:04.075925] rfx Crossval 24-26 GPU Validation
[18:34:04.075933] ========================================
[18:34:04.075938] 
[18:34:04.075944] === 1. Crossval 24: GPR A-Scan (2D TMz) ===
[18:34:05.010966] ============================================================
[18:34:05.010987] Cross-Validation: GPR A-Scan (2D TMz)
[18:34:05.010991] ============================================================
[18:34:05.010995] f0=1.0 GHz,  BW=0.8
[18:34:05.010999] Soil: eps_r=9.0, sigma=0.01 S/m, n=3.00
[18:34:05.011003] dx=20 mm
[18:34:05.011006] Domain: 400 x 690 mm  (20 x 34 cells)
[18:34:05.011010] TX/RX:  (200, 530) mm
[18:34:05.011014] Soil surface: y = 330 mm
[18:34:05.011018] Pipe centre:  y = 230 mm  (depth = 100 mm)
[18:34:05.011021] 
[18:34:05.011025] Predicted two-way travel times:
[18:34:05.011029]   t_surface = 1.333 ns  (2 * 200 mm / c0)
[18:34:05.011040]   t_pipe    = 3.333 ns  (2 * (200 + 100*3.0) mm / c0)
[18:34:05.011043] 
[18:34:05.011047] dt ~ 47.1 ps,  n_steps = 521
[18:34:05.011050] 
[18:34:05.011053] Run 1: free-space reference (air only)...
[18:34:05.011071]   [PREFLIGHT] Probe at (0.19986666666666666, 0.5296466666666666, 0.0) is near/inside CPML region (CPML z-thickness=159.9mm). Signal will be attenuated. Move probe to interior.
[18:34:05.011086]   [PREFLIGHT] Source/port at (0.19986666666666666, 0.5296466666666666, 0.0) is near/inside CPML region (CPML z-thickness=159.9mm). Energy will be absorbed. Move source to interior.
[18:34:05.011194] /root/workspace/byungkwan-workspace/research/rfx/examples/crossval/24_gpr_ascan.py:151: UserWarning: Probe at (0.19986666666666666, 0.5296466666666666, 0.0) is near/inside CPML region (CPML z-thickness=159.9mm). Signal will be attenuated. Move probe to interior.
[18:34:05.011199]   result = sim.run(n_steps=n_steps)
[18:34:05.011209] /root/workspace/byungkwan-workspace/research/rfx/examples/crossval/24_gpr_ascan.py:151: UserWarning: Source/port at (0.19986666666666666, 0.5296466666666666, 0.0) is near/inside CPML region (CPML z-thickness=159.9mm). Energy will be absorbed. Move source to interior.
[18:34:05.011233]   result = sim.run(n_steps=n_steps)
[18:34:07.010878]   2.0s
[18:34:07.010901] Run 2: soil + buried pipe...
[18:34:07.011039] /root/workspace/byungkwan-workspace/research/rfx/examples/crossval/24_gpr_ascan.py:151: UserWarning: 'soil' z-extent 19.99mm = 1.0 cells — under-resolved (< 3 cells). Consider finer mesh for accurate results.
[18:34:07.011047]   [PREFLIGHT] 'soil' z-extent 19.99mm = 1.0 cells — under-resolved (< 3 cells). Consider finer mesh for accurate results.
[18:34:07.011065]   result = sim.run(n_steps=n_steps)
[18:34:07.011071] /root/workspace/byungkwan-workspace/research/rfx/examples/crossval/24_gpr_ascan.py:151: UserWarning: 'pec' z-extent 19.99mm = 1.0 cells — under-resolved (< 3 cells). Consider finer mesh for accurate results.
[18:34:07.011076]   result = sim.run(n_steps=n_steps)
[18:34:07.011092]   [PREFLIGHT] 'pec' z-extent 19.99mm = 1.0 cells — under-resolved (< 3 cells). Consider finer mesh for accurate results.
[18:34:07.011098]   [PREFLIGHT] Probe at (0.19986666666666666, 0.5296466666666666, 0.0) is near/inside CPML region (CPML z-thickness=159.9mm). Signal will be attenuated. Move probe to interior.
[18:34:07.011103]   [PREFLIGHT] Source/port at (0.19986666666666666, 0.5296466666666666, 0.0) is near/inside CPML region (CPML z-thickness=159.9mm). Energy will be absorbed. Move source to interior.
[18:34:07.011108]   [PREFLIGHT] Material 'soil' extends into CPML region along x-axis. CPML assumes vacuum — dielectric in absorber causes increased reflections.
[18:34:07.011123] /root/workspace/byungkwan-workspace/research/rfx/examples/crossval/24_gpr_ascan.py:151: UserWarning: Probe at (0.19986666666666666, 0.5296466666666666, 0.0) is near/inside CPML region (CPML z-thickness=159.9mm). Signal will be attenuated. Move probe to interior.
[18:34:07.011129]   result = sim.run(n_steps=n_steps)
[18:34:07.011133] /root/workspace/byungkwan-workspace/research/rfx/examples/crossval/24_gpr_ascan.py:151: UserWarning: Source/port at (0.19986666666666666, 0.5296466666666666, 0.0) is near/inside CPML region (CPML z-thickness=159.9mm). Energy will be absorbed. Move source to interior.
[18:34:07.011137]   result = sim.run(n_steps=n_steps)
[18:34:07.011142] /root/workspace/byungkwan-workspace/research/rfx/examples/crossval/24_gpr_ascan.py:151: UserWarning: Material 'soil' extends into CPML region along x-axis. CPML assumes vacuum — dielectric in absorber causes increased reflections.
[18:34:07.011147]   result = sim.run(n_steps=n_steps)
[18:34:08.656702]   1.6s
[18:34:08.656728] 
[18:34:08.656734] Reflectogram: 521 samples,  total time = 24.3 ns
[18:34:08.656740] Peak |reflecto|: 0.112942
[18:34:08.656750] 
[18:34:08.656755] Free-space probe peak: t_ref = 1.260 ns
[18:34:08.656760] Expected reflectogram peak (surface): 2.593 ns
[18:34:08.656765] Expected reflectogram peak (pipe):    4.593 ns
[18:34:08.656769] 
[18:34:08.656847] Detected arrivals in reflectogram:
[18:34:08.656853]   Surface: 2.567 ns  => travel=1.307 ns  (pred 1.333 ns)  |E|=0.112942
[18:34:08.656857]   Pipe:    3.967 ns  => travel=2.707 ns  (pred 3.333 ns)  |E|=0.017325
[18:34:08.656865] PASS: surface travel-time error 2.0% < 20%
[18:34:08.656871] PASS: pipe travel-time error 18.8% < 20%
[18:34:08.656888] PASS: pipe/surface amplitude ratio 0.153 < 1.0  (soil attenuation)
[18:34:09.238963] 
[18:34:09.238987] Plot saved: /root/workspace/byungkwan-workspace/research/rfx/examples/crossval/24_gpr_ascan.png
[18:34:09.238991] 
[18:34:09.238995] ALL CHECKS PASSED
[18:34:09.491665] + echo 'EXIT CODE: 0'
[18:34:09.491686] EXIT CODE: 0
[18:34:09.491692] + echo 
[18:34:09.491698] + echo '=== 2. Crossval 25: Horn Antenna (3D NTFF) ==='
[18:34:09.491702] + timeout 600 python examples/crossval/25_horn_antenna.py
[18:34:09.491721] 
[18:34:09.491727] === 2. Crossval 25: Horn Antenna (3D NTFF) ===
[18:34:10.127033] ============================================================
[18:34:10.127056] Cross-Validation: Open-Ended WR-90 Waveguide (Horn Antenna)
[18:34:10.127060] ============================================================
[18:34:10.127064] WR-90: a=22.86 mm, b=10.16 mm
[18:34:10.127070] f0=10.0 GHz, lambda=30.0 mm
[18:34:10.127074] TE10 cutoff: 6.56 GHz
[18:34:10.127077] Mesh: dx=2 mm (lambda/15)
[18:34:10.127080] 
[18:34:10.127084] Domain: 113 x 100 x 167 mm
[18:34:10.127089] Grid:   56 x 50 x 84 = 235,200 cells
[18:34:10.127094] Aperture at z = 91 mm
[18:34:10.127099] 
[18:34:10.127112] Analytical directivity: 2.63 (4.2 dBi)
[18:34:10.286547] Preflight:
[18:34:10.352427]   [PREFLIGHT] 'pec' y-extent 2.00mm = 1.0 cells — under-resolved (< 3 cells). Consider finer mesh for accurate results.
[18:34:10.352445]   [PREFLIGHT] 'pec' y-extent 2.00mm = 1.0 cells — under-resolved (< 3 cells). Consider finer mesh for accurate results.
[18:34:10.352450]   [PREFLIGHT] 'pec' x-extent 2.00mm = 1.0 cells — under-resolved (< 3 cells). Consider finer mesh for accurate results.
[18:34:10.352453]   [PREFLIGHT] 'pec' x-extent 2.00mm = 1.0 cells — under-resolved (< 3 cells). Consider finer mesh for accurate results.
[18:34:10.352457]   [PREFLIGHT] 'pec' z-extent 2.00mm = 1.0 cells — below 1 cell resolution. Use add_thin_conductor() for sub-cell PEC sheet.
[18:34:10.352460] 
[18:34:10.352733] /root/workspace/byungkwan-workspace/research/rfx/examples/crossval/25_horn_antenna.py:195: UserWarning: 'pec' y-extent 2.00mm = 1.0 cells — under-resolved (< 3 cells). Consider finer mesh for accurate results.
[18:34:10.352749]   result = sim.run(num_periods=20)
[18:34:10.352755] /root/workspace/byungkwan-workspace/research/rfx/examples/crossval/25_horn_antenna.py:195: UserWarning: 'pec' x-extent 2.00mm = 1.0 cells — under-resolved (< 3 cells). Consider finer mesh for accurate results.
[18:34:10.352760]   result = sim.run(num_periods=20)
[18:34:10.352769] /root/workspace/byungkwan-workspace/research/rfx/examples/crossval/25_horn_antenna.py:195: UserWarning: 'pec' z-extent 2.00mm = 1.0 cells — below 1 cell resolution. Use add_thin_conductor() for sub-cell PEC sheet.
[18:34:10.352773]   result = sim.run(num_periods=20)
[18:34:16.172944] Simulation time: 5.8s
[18:34:21.629400] Directivity: 7.4 dBi (analytical: 4.2 dBi)
[18:34:21.629475] Peak beam direction: theta = 0 deg
[18:34:21.629488] E-plane 3 dB beamwidth: 16 deg
[18:34:21.629493] PASS: Directivity 7.4 dBi in [3, 9] dBi range
[18:34:21.629508] PASS: main beam at theta=0 deg (< 45 deg, +z direction)
[18:34:21.629511] FAIL: E-plane 3 dB beamwidth = 16 deg (expected 30-180 deg)
[18:34:22.092053] 
[18:34:22.092074] Plot saved: /root/workspace/byungkwan-workspace/research/rfx/examples/crossval/25_horn_antenna.png
[18:34:22.092078] 
[18:34:22.092082] SOME CHECKS FAILED
[18:34:22.350844] EXIT CODE: 0
[18:34:22.350852] + FAIL=1
[18:34:22.350873] 
[18:34:22.350880] === 3. Crossval 26: Coupled Line BPF (non-uniform z) ===
[18:34:22.350891] + echo 'EXIT CODE: 0'
[18:34:22.350898] + echo 
[18:34:22.350902] + echo '=== 3. Crossval 26: Coupled Line BPF (non-uniform z) ==='
[18:34:22.350907] + timeout 300 python examples/crossval/26_coupled_line_bpf.py
[18:34:22.999407] ============================================================
[18:34:22.999430] Cross-Validation: Coupled Microstrip Line BPF
[18:34:22.999434] ============================================================
[18:34:22.999438] Substrate: FR-4 eps_r=4.4, h=1.6 mm
[18:34:22.999441] Microstrip width: 3.0 mm, gap: 0.5 mm
[18:34:22.999444] eps_eff: 3.325
[18:34:22.999448] Resonator length (lambda/4): 13.70 mm
[18:34:22.999452] Design centre frequency: 3.0 GHz
[18:34:22.999457] Mesh: dx=0.5 mm, dz_sub=267 um (6 cells)
[18:34:22.999460] 
[18:34:22.999501] Preflight:
[18:34:22.999650]   [PREFLIGHT] 'pec' z-extent 0.27mm = 1.0 cells — under-resolved (< 3 cells). Consider finer mesh for accurate results.
[18:34:22.999655]   [PREFLIGHT] 'pec' z-extent 0.27mm = 1.0 cells — below 1 cell resolution. Use add_thin_conductor() for sub-cell PEC sheet.
[18:34:22.999658]   [PREFLIGHT] 'pec' z-extent 0.27mm = 1.0 cells — below 1 cell resolution. Use add_thin_conductor() for sub-cell PEC sheet.
[18:34:22.999662]   [PREFLIGHT] Gap between PEC structures: 0.50mm = 1.0 cells along y — coupling may be under-resolved.
[18:34:22.999669]   [PREFLIGHT] Probe at (0.01, 0.0095, 0.0008) is near/inside CPML region (CPML z-thickness=2.4mm). Signal will be attenuated. Move probe to interior.
[18:34:22.999674]   [PREFLIGHT] Probe at (0.01970121150595095, 0.013, 0.0008) is near/inside CPML region (CPML z-thickness=2.4mm). Signal will be attenuated. Move probe to interior.
[18:34:22.999677]   [PREFLIGHT] Source/port at (0.01, 0.0095, 0.0004) is near/inside CPML region (CPML z-thickness=2.4mm). Energy will be absorbed. Move source to interior.
[18:34:22.999681]   [PREFLIGHT] Source/port at (0.01970121150595095, 0.013, 0.0004) is near/inside CPML region (CPML z-thickness=2.4mm). Energy will be absorbed. Move source to interior.
[18:34:22.999684]   [PREFLIGHT] Material 'fr4' extends into CPML region along x-axis. CPML assumes vacuum — dielectric in absorber causes increased reflections.
[18:34:22.999690] 
[18:34:22.999864] /root/workspace/byungkwan-workspace/research/rfx/examples/crossval/26_coupled_line_bpf.py:159: UserWarning: 'pec' z-extent 0.27mm = 1.0 cells — under-resolved (< 3 cells). Consider finer mesh for accurate results.
[18:34:22.999869]   result = sim.run(num_periods=30)
[18:34:22.999891] /root/workspace/byungkwan-workspace/research/rfx/examples/crossval/26_coupled_line_bpf.py:159: UserWarning: 'pec' z-extent 0.27mm = 1.0 cells — below 1 cell resolution. Use add_thin_conductor() for sub-cell PEC sheet.
[18:34:22.999906]   result = sim.run(num_periods=30)
[18:34:22.999931] /root/workspace/byungkwan-workspace/research/rfx/examples/crossval/26_coupled_line_bpf.py:159: UserWarning: Gap between PEC structures: 0.50mm = 1.0 cells along y — coupling may be under-resolved.
[18:34:22.999936]   result = sim.run(num_periods=30)
[18:34:22.999960] /root/workspace/byungkwan-workspace/research/rfx/examples/crossval/26_coupled_line_bpf.py:159: UserWarning: Probe at (0.01, 0.0095, 0.0008) is near/inside CPML region (CPML z-thickness=2.4mm). Signal will be attenuated. Move probe to interior.
[18:34:22.999964]   result = sim.run(num_periods=30)
[18:34:22.999977] /root/workspace/byungkwan-workspace/research/rfx/examples/crossval/26_coupled_line_bpf.py:159: UserWarning: Probe at (0.01970121150595095, 0.013, 0.0008) is near/inside CPML region (CPML z-thickness=2.4mm). Signal will be attenuated. Move probe to interior.
[18:34:22.999981]   result = sim.run(num_periods=30)
[18:34:22.999991] /root/workspace/byungkwan-workspace/research/rfx/examples/crossval/26_coupled_line_bpf.py:159: UserWarning: Source/port at (0.01, 0.0095, 0.0004) is near/inside CPML region (CPML z-thickness=2.4mm). Energy will be absorbed. Move source to interior.
[18:34:22.999995]   result = sim.run(num_periods=30)
[18:34:23.000005] /root/workspace/byungkwan-workspace/research/rfx/examples/crossval/26_coupled_line_bpf.py:159: UserWarning: Source/port at (0.01970121150595095, 0.013, 0.0004) is near/inside CPML region (CPML z-thickness=2.4mm). Energy will be absorbed. Move source to interior.
[18:34:23.000009]   result = sim.run(num_periods=30)
[18:34:23.000020] /root/workspace/byungkwan-workspace/research/rfx/examples/crossval/26_coupled_line_bpf.py:159: UserWarning: Material 'fr4' extends into CPML region along x-axis. CPML assumes vacuum — dielectric in absorber causes increased reflections.
[18:34:23.000023]   result = sim.run(num_periods=30)
[18:34:25.189853] /opt/jax/jax/_src/numpy/array_methods.py:118: UserWarning: Explicitly requested dtype <class 'jax.numpy.float64'> requested in astype is not available, and will be truncated to dtype float32. To enable more dtypes, set the jax_enable_x64 configuration option or the JAX_ENABLE_X64 shell environment variable. See https://github.com/google/jax#current-gotchas for more.
[18:34:25.189877]   return lax_numpy.astype(self, dtype, copy=copy, device=device)
[18:34:25.189888] /opt/jax/jax/_src/numpy/array_methods.py:118: UserWarning: Explicitly requested dtype <class 'jax.numpy.float64'> requested in astype is not available, and will be truncated to dtype float32. To enable more dtypes, set the jax_enable_x64 configuration option or the JAX_ENABLE_X64 shell environment variable. See https://github.com/google/jax#current-gotchas for more.
[18:34:25.189892]   return lax_numpy.astype(self, dtype, copy=copy, device=device)
[18:34:25.193732] /opt/jax/jax/_src/numpy/array_methods.py:118: UserWarning: Explicitly requested dtype <class 'jax.numpy.float64'> requested in astype is not available, and will be truncated to dtype float32. To enable more dtypes, set the jax_enable_x64 configuration option or the JAX_ENABLE_X64 shell environment variable. See https://github.com/google/jax#current-gotchas for more.
[18:34:25.193745]   return lax_numpy.astype(self, dtype, copy=copy, device=device)
[18:34:25.193820] /opt/jax/jax/_src/numpy/array_methods.py:118: UserWarning: Explicitly requested dtype <class 'jax.numpy.float64'> requested in astype is not available, and will be truncated to dtype float32. To enable more dtypes, set the jax_enable_x64 configuration option or the JAX_ENABLE_X64 shell environment variable. See https://github.com/google/jax#current-gotchas for more.
[18:34:25.193864]   return lax_numpy.astype(self, dtype, copy=copy, device=device)
[18:34:27.559924] Simulation time: 4.6s
[18:34:27.560073] Probe signals: in_max=1.633e+07, out_max=1.614e+07
[18:34:27.560508] 
[18:34:27.560528] Results:
[18:34:27.560537]   Peak S21 frequency:   7.000 GHz  (design: 3.0 GHz)
[18:34:27.560544]   Frequency error:      133.3%
[18:34:27.560550]   Peak S21 (raw):       13.8 dB
[18:34:27.560557]   S21 at 1.0 GHz (norm): -18.0 dB
[18:34:27.560562]   S21 at 5.5 GHz (norm): -2.1 dB
[18:34:27.560568]   FAIL: peak frequency error 133.3% > 30%
[18:34:27.560573]   PASS: peak S21 = 13.8 dB > -6 dB
[18:34:27.560579]   PASS: OOB at 1.0 GHz = -18.0 dB (norm) < -3 dB
[18:34:27.560584]   FAIL: OOB at 5.5 GHz = -2.1 dB (norm, expected < -3 dB)
[18:34:27.938732] 
[18:34:27.938747] Plot saved: /root/workspace/byungkwan-workspace/research/rfx/examples/crossval/26_coupled_line_bpf.png
[18:34:27.938751] 
[18:34:27.938756] SOME CHECKS FAILED
[18:34:28.175833] workload reported done
[18:34:28.175934] Workload status changed to stopping
[18:34:28.188496] + FAIL=1
[18:34:28.188516] + echo 'EXIT CODE: 0'
[18:34:28.188520] + echo 
[18:34:28.188523] EXIT CODE: 0
[18:34:28.188524] + echo '=== DONE (FAIL=1) ==='
[18:34:28.188527] + exit 1
[18:34:28.188535] 
[18:34:28.188539] === DONE (FAIL=1) ===
[18:34:42.990095] workload reported done
[18:34:42.990195] Workload status changed to waitToBeKilled
[18:34:45.000000] Stopping container vops-sidecar
[18:34:45.000000] Stopping container run-sidecar
[18:34:45.000000] Stopping container run-exec
[18:34:45.000000] Terminating VESSL Workload...
[18:34:45.000000] Stopping container ttyd-sidecar
[18:34:45.000000] Stopping container fluentbit
[18:34:45.144380] workload failed
[18:34:45.144480] Workload status changed to failed
