Organization: remilab
Project: byungkwan
Displayed last 200 lines of #369367233546.
[22:08:40.711032] M	docs/public/api/support-boundaries.mdx
[22:08:40.711036] M	docs/public/examples/crossval.mdx
[22:08:40.711040] M	docs/public/examples/index.mdx
[22:08:40.711044] M	docs/public/examples/rf-workflows.mdx
[22:08:40.711048] M	docs/public/guide/advanced.md
[22:08:40.711052] M	docs/public/guide/api-reference.mdx
[22:08:40.711059] M	docs/public/guide/changelog.mdx
[22:08:40.711063] M	docs/public/guide/contributing.md
[22:08:40.711067] M	docs/public/guide/first-patch.mdx
[22:08:40.711071] M	docs/public/guide/index.md
[22:08:40.711075] M	docs/public/guide/migration.md
[22:08:40.711081] M	docs/public/guide/nonuniform-mesh.mdx
[22:08:40.711085] M	docs/public/guide/quickstart.mdx
[22:08:40.711089] M	docs/public/guide/subgridding.mdx
[22:08:40.711094] M	docs/public/guide/tutorial-patch-antenna.mdx
[22:08:40.711099] M	docs/public/guide/validation.mdx
[22:08:40.711103] M	docs/public/index.mdx
[22:08:40.711107] M	docs/public/site_map.json
[22:08:40.711112] M	docs/public/validation/cross-solver.mdx
[22:08:40.711116] M	docs/public/validation/index.mdx
[22:08:40.711123] M	docs/public/validation/reference-lane.mdx
[22:08:40.711128] Your branch is up to date with 'origin/fix-farfield-viz'.
[22:08:40.711527] + git pull --ff-only origin fix-farfield-viz
[22:08:41.345446] From https://github.com/bk-squared/rfx
[22:08:41.345478]  * branch            fix-farfield-viz -> FETCH_HEAD
[22:08:41.416749] Already up to date.
[22:08:41.417434] + pip install -q -e '.[dev]'
[22:08:49.092421] WARNING: Running pip as the 'root' user can result in broken permissions and conflicting behaviour with the system package manager. It is recommended to use a virtual environment instead: https://pip.pypa.io/warnings/venv
[22:08:49.252418] + pip install -q plotly kaleido
[22:08:52.231478] WARNING: Running pip as the 'root' user can result in broken permissions and conflicting behaviour with the system package manager. It is recommended to use a virtual environment instead: https://pip.pypa.io/warnings/venv
[22:08:52.300803] + echo '=========================================='
[22:08:52.300822] ==========================================
[22:08:52.300827] + echo 'Issue #31 — patch antenna S11 / FFRP / field animation'
[22:08:52.300830] + echo '=========================================='
[22:08:52.300833] + timeout 1800 python scripts/issue31_patch_validation.py --dx-mm 1.0 --frames 16 --n-steps-anim 3000
[22:08:52.300864] Issue #31 — patch antenna S11 / FFRP / field animation
[22:08:52.300867] ==========================================
[22:08:53.293099] [cfg] analytic f_res = 2.4235 GHz
[22:08:53.293155] 
[22:08:53.293167] === [1/4] Harminv ringdown → true f_res ===
[22:08:53.774987] [cfg] cells=602,784
[22:08:53.775236] /root/workspace/byungkwan-workspace/research/rfx/scripts/issue31_patch_validation.py:150: UserWarning: 'pec' z-extent 0.25mm = 1.0 cells — under-resolved (PEC needs ≥5 cells). Consider finer mesh.
[22:08:53.775242]   res = sim.run(num_periods=60, compute_s_params=False)
[22:08:53.775244] /root/workspace/byungkwan-workspace/research/rfx/scripts/issue31_patch_validation.py:150: UserWarning: 'fr4' z-extent 1.50mm = 6.0 cells — under-resolved (dielectric needs ≥10 cells). Consider finer mesh.
[22:08:53.775246]   res = sim.run(num_periods=60, compute_s_params=False)
[22:08:58.619133] [run] done in 4.8s
[22:12:30.913310] [result] Harminv f_res = 2.4621 GHz  Q = 972.7  error = 1.59 %  (analytic = 2.4235 GHz)
[22:12:30.913342] 
[22:12:30.913344] === [2/4] S11(f) via lumped port ===
[22:12:30.913599] /root/workspace/byungkwan-workspace/research/rfx/scripts/issue31_patch_validation.py:175: UserWarning: 'pec' z-extent 0.25mm = 1.0 cells — under-resolved (PEC needs ≥5 cells). Consider finer mesh.
[22:12:30.913606]   res = sim.run(num_periods=40, compute_s_params=True)
[22:12:30.913607] /root/workspace/byungkwan-workspace/research/rfx/scripts/issue31_patch_validation.py:175: UserWarning: 'fr4' z-extent 1.50mm = 6.0 cells — under-resolved (dielectric needs ≥10 cells). Consider finer mesh.
[22:12:30.913608]   res = sim.run(num_periods=40, compute_s_params=True)
[22:12:31.355631] /opt/jax/jax/_src/numpy/array_methods.py:118: UserWarning: Explicitly requested dtype <class 'jax.numpy.float64'> requested in astype is not available, and will be truncated to dtype float32. To enable more dtypes, set the jax_enable_x64 configuration option or the JAX_ENABLE_X64 shell environment variable. See https://github.com/google/jax#current-gotchas for more.
[22:12:31.355647]   return lax_numpy.astype(self, dtype, copy=copy, device=device)
[22:12:31.355649] /opt/jax/jax/_src/numpy/array_methods.py:118: UserWarning: Explicitly requested dtype <class 'jax.numpy.float64'> requested in astype is not available, and will be truncated to dtype float32. To enable more dtypes, set the jax_enable_x64 configuration option or the JAX_ENABLE_X64 shell environment variable. See https://github.com/google/jax#current-gotchas for more.
[22:12:31.355650]   return lax_numpy.astype(self, dtype, copy=copy, device=device)
[22:12:34.637106] [run] done in 3.7s
[22:12:34.637122] [result] S11 dip: f = 1.5755 GHz, |S11| = -2.76 dB (shallow — port matching artifact)
[22:12:34.722069] [out] /root/workspace/byungkwan-workspace/research/rfx/scripts/../docs/research_notes/issue31_figs/issue31_patch_s11.png
[22:12:34.722082] 
[22:12:34.722084] === [3/4] Far-field radiation pattern at f_res = 2.462 GHz ===
[22:12:34.722199] /root/workspace/byungkwan-workspace/research/rfx/scripts/issue31_patch_validation.py:214: UserWarning: 'pec' z-extent 0.25mm = 1.0 cells — under-resolved (PEC needs ≥5 cells). Consider finer mesh.
[22:12:34.722205]   res = sim.run(num_periods=40, compute_s_params=False)
[22:12:34.722207] /root/workspace/byungkwan-workspace/research/rfx/scripts/issue31_patch_validation.py:214: UserWarning: 'fr4' z-extent 1.50mm = 6.0 cells — under-resolved (dielectric needs ≥10 cells). Consider finer mesh.
[22:12:34.722215]   res = sim.run(num_periods=40, compute_s_params=False)
[22:12:39.040143] [run] done in 4.3s
[22:12:44.243593] [out] /root/workspace/byungkwan-workspace/research/rfx/scripts/../docs/research_notes/issue31_figs/issue31_patch_farfield.png  peak at θ=87.0°, φ=90.0°
[22:12:44.244759] 
[22:12:44.244761] === [4/5] 3D far-field + structure at 2.462 GHz ===
[22:12:44.244922] /root/workspace/byungkwan-workspace/research/rfx/scripts/issue31_patch_validation.py:298: UserWarning: 'pec' z-extent 0.25mm = 1.0 cells — under-resolved (PEC needs ≥5 cells). Consider finer mesh.
[22:12:44.244924]   res = sim.run(num_periods=40, compute_s_params=False)
[22:12:44.244925] /root/workspace/byungkwan-workspace/research/rfx/scripts/issue31_patch_validation.py:298: UserWarning: 'fr4' z-extent 1.50mm = 6.0 cells — under-resolved (dielectric needs ≥10 cells). Consider finer mesh.
[22:12:44.244926]   res = sim.run(num_periods=40, compute_s_params=False)
[22:12:48.464038] [run] done in 4.2s
[22:12:51.058000] [out] /root/workspace/byungkwan-workspace/research/rfx/scripts/../docs/research_notes/issue31_figs/issue31_patch_farfield_3d.html
[22:12:51.076419] [3D-FFRP] PNG snapshot skipped (
[22:12:51.076435] 
[22:12:51.076437] Kaleido requires Google Chrome to be installed.
[22:12:51.076439] 
[22:12:51.076441] Either download and install Chrome yourself following Google's instructions for your operating system,
[22:12:51.076443] or install it from your terminal by running:
[22:12:51.076444] 
[22:12:51.076446]     $ plotly_get_chrome
[22:12:51.076447] 
[22:12:51.076449] ); HTML is interactive.
[22:12:51.076450] 
[22:12:51.076452] === [5/5] Field evolution GIF ===
[22:12:51.078607] [cfg] cells=602,784  frames=16
[22:12:51.078889] /root/workspace/byungkwan-workspace/research/rfx/scripts/issue31_patch_validation.py:468: UserWarning: 'pec' z-extent 0.25mm = 1.0 cells — under-resolved (PEC needs ≥5 cells). Consider finer mesh.
[22:12:51.078903]   res = sim.run(n_steps=int(ns), compute_s_params=False)
[22:12:51.078906] /root/workspace/byungkwan-workspace/research/rfx/scripts/issue31_patch_validation.py:468: UserWarning: 'fr4' z-extent 1.50mm = 6.0 cells — under-resolved (dielectric needs ≥10 cells). Consider finer mesh.
[22:12:51.078908]   res = sim.run(n_steps=int(ns), compute_s_params=False)
[22:12:52.603072]   n_steps= 187  max|Ez|=6.262e+06  dt=1.5s
[22:12:52.603106] /root/workspace/byungkwan-workspace/research/rfx/scripts/issue31_patch_validation.py:468: UserWarning: 'pec' z-extent 0.25mm = 1.0 cells — under-resolved (PEC needs ≥5 cells). Consider finer mesh.
[22:12:52.603110]   res = sim.run(n_steps=int(ns), compute_s_params=False)
[22:12:52.603112] /root/workspace/byungkwan-workspace/research/rfx/scripts/issue31_patch_validation.py:468: UserWarning: 'fr4' z-extent 1.50mm = 6.0 cells — under-resolved (dielectric needs ≥10 cells). Consider finer mesh.
[22:12:52.603114]   res = sim.run(n_steps=int(ns), compute_s_params=False)
[22:12:54.155281]   n_steps= 374  max|Ez|=1.295e+07  dt=1.6s
[22:12:54.155367] /root/workspace/byungkwan-workspace/research/rfx/scripts/issue31_patch_validation.py:468: UserWarning: 'pec' z-extent 0.25mm = 1.0 cells — under-resolved (PEC needs ≥5 cells). Consider finer mesh.
[22:12:54.155411]   res = sim.run(n_steps=int(ns), compute_s_params=False)
[22:12:54.155433] /root/workspace/byungkwan-workspace/research/rfx/scripts/issue31_patch_validation.py:468: UserWarning: 'fr4' z-extent 1.50mm = 6.0 cells — under-resolved (dielectric needs ≥10 cells). Consider finer mesh.
[22:12:54.155441]   res = sim.run(n_steps=int(ns), compute_s_params=False)
[22:12:55.782230]   n_steps= 562  max|Ez|=2.197e+07  dt=1.6s
[22:12:55.782334] /root/workspace/byungkwan-workspace/research/rfx/scripts/issue31_patch_validation.py:468: UserWarning: 'pec' z-extent 0.25mm = 1.0 cells — under-resolved (PEC needs ≥5 cells). Consider finer mesh.
[22:12:55.782377]   res = sim.run(n_steps=int(ns), compute_s_params=False)
[22:12:55.782387] /root/workspace/byungkwan-workspace/research/rfx/scripts/issue31_patch_validation.py:468: UserWarning: 'fr4' z-extent 1.50mm = 6.0 cells — under-resolved (dielectric needs ≥10 cells). Consider finer mesh.
[22:12:55.782404]   res = sim.run(n_steps=int(ns), compute_s_params=False)
[22:12:57.384983]   n_steps= 749  max|Ez|=1.376e+07  dt=1.6s
[22:12:57.385071] /root/workspace/byungkwan-workspace/research/rfx/scripts/issue31_patch_validation.py:468: UserWarning: 'pec' z-extent 0.25mm = 1.0 cells — under-resolved (PEC needs ≥5 cells). Consider finer mesh.
[22:12:57.385078]   res = sim.run(n_steps=int(ns), compute_s_params=False)
[22:12:57.385082] /root/workspace/byungkwan-workspace/research/rfx/scripts/issue31_patch_validation.py:468: UserWarning: 'fr4' z-extent 1.50mm = 6.0 cells — under-resolved (dielectric needs ≥10 cells). Consider finer mesh.
[22:12:57.385085]   res = sim.run(n_steps=int(ns), compute_s_params=False)
[22:12:59.020676]   n_steps= 937  max|Ez|=1.465e+07  dt=1.6s
[22:12:59.020797] /root/workspace/byungkwan-workspace/research/rfx/scripts/issue31_patch_validation.py:468: UserWarning: 'pec' z-extent 0.25mm = 1.0 cells — under-resolved (PEC needs ≥5 cells). Consider finer mesh.
[22:12:59.020812]   res = sim.run(n_steps=int(ns), compute_s_params=False)
[22:12:59.020817] /root/workspace/byungkwan-workspace/research/rfx/scripts/issue31_patch_validation.py:468: UserWarning: 'fr4' z-extent 1.50mm = 6.0 cells — under-resolved (dielectric needs ≥10 cells). Consider finer mesh.
[22:12:59.020822]   res = sim.run(n_steps=int(ns), compute_s_params=False)
[22:13:00.682995]   n_steps=1124  max|Ez|=2.441e+07  dt=1.7s
[22:13:00.683103] /root/workspace/byungkwan-workspace/research/rfx/scripts/issue31_patch_validation.py:468: UserWarning: 'pec' z-extent 0.25mm = 1.0 cells — under-resolved (PEC needs ≥5 cells). Consider finer mesh.
[22:13:00.683138]   res = sim.run(n_steps=int(ns), compute_s_params=False)
[22:13:00.683144] /root/workspace/byungkwan-workspace/research/rfx/scripts/issue31_patch_validation.py:468: UserWarning: 'fr4' z-extent 1.50mm = 6.0 cells — under-resolved (dielectric needs ≥10 cells). Consider finer mesh.
[22:13:00.683147]   res = sim.run(n_steps=int(ns), compute_s_params=False)
[22:13:02.416523]   n_steps=1312  max|Ez|=1.462e+07  dt=1.7s
[22:13:02.416714] /root/workspace/byungkwan-workspace/research/rfx/scripts/issue31_patch_validation.py:468: UserWarning: 'pec' z-extent 0.25mm = 1.0 cells — under-resolved (PEC needs ≥5 cells). Consider finer mesh.
[22:13:02.416722]   res = sim.run(n_steps=int(ns), compute_s_params=False)
[22:13:02.416745] /root/workspace/byungkwan-workspace/research/rfx/scripts/issue31_patch_validation.py:468: UserWarning: 'fr4' z-extent 1.50mm = 6.0 cells — under-resolved (dielectric needs ≥10 cells). Consider finer mesh.
[22:13:02.416750]   res = sim.run(n_steps=int(ns), compute_s_params=False)
[22:13:04.121576]   n_steps=1499  max|Ez|=1.560e+07  dt=1.7s
[22:13:04.121646] /root/workspace/byungkwan-workspace/research/rfx/scripts/issue31_patch_validation.py:468: UserWarning: 'pec' z-extent 0.25mm = 1.0 cells — under-resolved (PEC needs ≥5 cells). Consider finer mesh.
[22:13:04.121653]   res = sim.run(n_steps=int(ns), compute_s_params=False)
[22:13:04.121665] /root/workspace/byungkwan-workspace/research/rfx/scripts/issue31_patch_validation.py:468: UserWarning: 'fr4' z-extent 1.50mm = 6.0 cells — under-resolved (dielectric needs ≥10 cells). Consider finer mesh.
[22:13:04.121668]   res = sim.run(n_steps=int(ns), compute_s_params=False)
[22:13:05.849000]   n_steps=1687  max|Ez|=1.297e+07  dt=1.7s
[22:13:05.849075] /root/workspace/byungkwan-workspace/research/rfx/scripts/issue31_patch_validation.py:468: UserWarning: 'pec' z-extent 0.25mm = 1.0 cells — under-resolved (PEC needs ≥5 cells). Consider finer mesh.
[22:13:05.849082]   res = sim.run(n_steps=int(ns), compute_s_params=False)
[22:13:05.849086] /root/workspace/byungkwan-workspace/research/rfx/scripts/issue31_patch_validation.py:468: UserWarning: 'fr4' z-extent 1.50mm = 6.0 cells — under-resolved (dielectric needs ≥10 cells). Consider finer mesh.
[22:13:05.849089]   res = sim.run(n_steps=int(ns), compute_s_params=False)
[22:13:07.674628]   n_steps=1874  max|Ez|=1.295e+07  dt=1.8s
[22:13:07.674717] /root/workspace/byungkwan-workspace/research/rfx/scripts/issue31_patch_validation.py:468: UserWarning: 'pec' z-extent 0.25mm = 1.0 cells — under-resolved (PEC needs ≥5 cells). Consider finer mesh.
[22:13:07.674753]   res = sim.run(n_steps=int(ns), compute_s_params=False)
[22:13:07.674761] /root/workspace/byungkwan-workspace/research/rfx/scripts/issue31_patch_validation.py:468: UserWarning: 'fr4' z-extent 1.50mm = 6.0 cells — under-resolved (dielectric needs ≥10 cells). Consider finer mesh.
[22:13:07.674766]   res = sim.run(n_steps=int(ns), compute_s_params=False)
[22:13:09.455058]   n_steps=2062  max|Ez|=2.556e+07  dt=1.8s
[22:13:09.455125] /root/workspace/byungkwan-workspace/research/rfx/scripts/issue31_patch_validation.py:468: UserWarning: 'pec' z-extent 0.25mm = 1.0 cells — under-resolved (PEC needs ≥5 cells). Consider finer mesh.
[22:13:09.455131]   res = sim.run(n_steps=int(ns), compute_s_params=False)
[22:13:09.455134] /root/workspace/byungkwan-workspace/research/rfx/scripts/issue31_patch_validation.py:468: UserWarning: 'fr4' z-extent 1.50mm = 6.0 cells — under-resolved (dielectric needs ≥10 cells). Consider finer mesh.
[22:13:09.455137]   res = sim.run(n_steps=int(ns), compute_s_params=False)
[22:13:11.256589]   n_steps=2249  max|Ez|=2.432e+07  dt=1.8s
[22:13:11.256687] /root/workspace/byungkwan-workspace/research/rfx/scripts/issue31_patch_validation.py:468: UserWarning: 'pec' z-extent 0.25mm = 1.0 cells — under-resolved (PEC needs ≥5 cells). Consider finer mesh.
[22:13:11.256721]   res = sim.run(n_steps=int(ns), compute_s_params=False)
[22:13:11.256727] /root/workspace/byungkwan-workspace/research/rfx/scripts/issue31_patch_validation.py:468: UserWarning: 'fr4' z-extent 1.50mm = 6.0 cells — under-resolved (dielectric needs ≥10 cells). Consider finer mesh.
[22:13:11.256730]   res = sim.run(n_steps=int(ns), compute_s_params=False)
[22:13:13.087242]   n_steps=2437  max|Ez|=1.793e+07  dt=1.8s
[22:13:13.087316] /root/workspace/byungkwan-workspace/research/rfx/scripts/issue31_patch_validation.py:468: UserWarning: 'pec' z-extent 0.25mm = 1.0 cells — under-resolved (PEC needs ≥5 cells). Consider finer mesh.
[22:13:13.087327]   res = sim.run(n_steps=int(ns), compute_s_params=False)
[22:13:13.087334] /root/workspace/byungkwan-workspace/research/rfx/scripts/issue31_patch_validation.py:468: UserWarning: 'fr4' z-extent 1.50mm = 6.0 cells — under-resolved (dielectric needs ≥10 cells). Consider finer mesh.
[22:13:13.087347]   res = sim.run(n_steps=int(ns), compute_s_params=False)
[22:13:14.956347]   n_steps=2624  max|Ez|=1.852e+07  dt=1.9s
[22:13:14.956529] /root/workspace/byungkwan-workspace/research/rfx/scripts/issue31_patch_validation.py:468: UserWarning: 'pec' z-extent 0.25mm = 1.0 cells — under-resolved (PEC needs ≥5 cells). Consider finer mesh.
[22:13:14.956564]   res = sim.run(n_steps=int(ns), compute_s_params=False)
[22:13:14.956570] /root/workspace/byungkwan-workspace/research/rfx/scripts/issue31_patch_validation.py:468: UserWarning: 'fr4' z-extent 1.50mm = 6.0 cells — under-resolved (dielectric needs ≥10 cells). Consider finer mesh.
[22:13:14.956573]   res = sim.run(n_steps=int(ns), compute_s_params=False)
[22:13:16.928771]   n_steps=2812  max|Ez|=1.108e+07  dt=2.0s
[22:13:16.928961] /root/workspace/byungkwan-workspace/research/rfx/scripts/issue31_patch_validation.py:468: UserWarning: 'pec' z-extent 0.25mm = 1.0 cells — under-resolved (PEC needs ≥5 cells). Consider finer mesh.
[22:13:16.928988]   res = sim.run(n_steps=int(ns), compute_s_params=False)
[22:13:16.928993] /root/workspace/byungkwan-workspace/research/rfx/scripts/issue31_patch_validation.py:468: UserWarning: 'fr4' z-extent 1.50mm = 6.0 cells — under-resolved (dielectric needs ≥10 cells). Consider finer mesh.
[22:13:16.928997]   res = sim.run(n_steps=int(ns), compute_s_params=False)
[22:13:18.844530]   n_steps=3000  max|Ez|=9.078e+06  dt=1.9s
[22:13:18.844573] [run] total 27.8s
[22:13:19.875316] [out] /root/workspace/byungkwan-workspace/research/rfx/scripts/../docs/research_notes/issue31_figs/issue31_patch_field_evolution.gif
[22:13:20.417393] 
[22:13:20.417409] + echo 
[22:13:20.417415] === artifacts ===
[22:13:20.417419] + echo '=== artifacts ==='
[22:13:20.417420] + ls -la docs/research_notes/issue31_figs/
[22:13:20.419159] + echo 
[22:13:20.419161] + echo '=== DONE ==='
[22:13:20.419164] total 1332
[22:13:20.419170] drwxr-xr-x  2 nobody nogroup   4096 Apr 15 13:12 .
[22:13:20.419171] drwxr-xr-x 12 nobody nogroup  12288 Apr 15 12:22 ..
[22:13:20.419173] -rw-r--r--  1 nobody nogroup 311155 Apr 15 13:12 issue31_patch_farfield.png
[22:13:20.419173] -rw-r--r--  1 nobody nogroup 343678 Apr 15 13:12 issue31_patch_farfield_3d.html
[22:13:20.419174] -rw-r--r--  1 nobody nogroup 638117 Apr 15 13:13 issue31_patch_field_evolution.gif
[22:13:20.419175] -rw-r--r--  1 nobody nogroup  52851 Apr 15 13:12 issue31_patch_s11.png
[22:13:20.419177] 
[22:13:20.419178] === DONE ===
[22:13:20.426421] workload reported done
[22:13:20.426521] Workload status changed to stopping
[22:13:28.289266] + set +x
[22:13:33.307705] workload reported done
[22:13:33.307805] Workload status changed to waitToBeKilled
[22:13:36.000000] Stopping container vops-sidecar
[22:13:36.000000] Stopping container run-sidecar
[22:13:36.000000] Stopping container run-exec
[22:13:36.000000] Terminating VESSL Workload...
[22:13:36.000000] Stopping container ttyd-sidecar
[22:13:36.000000] Stopping container fluentbit
[22:13:36.174412] workload completed
[22:13:36.174512] Workload status changed to completed
