Organization: remilab
Project: byungkwan
Displayed last 200 lines of #369367233833.
[16:40:58.003605] backward_wt_s   : 0.0
[16:40:58.003614] peak_mem_per_dev: 3997520128
[16:40:58.003623] value_rel_err   : 1.3523117668230458e-07
[16:40:58.003632] probe_rel_err   : 1.3523117668230458e-07
[16:40:58.003640] grad_rel_err    : 0.0
[16:40:58.003648] ERRORS          : 1
[16:40:58.003659]   - [backward] XlaRuntimeError: RESOURCE_EXHAUSTED: Out of memory while trying to allocate 21640148608 bytes.
[16:40:58.003667] 
[16:40:58.003675] JSON written to: logs/issue44/job_a_v3_2gpu_ce25_n200.json
[16:40:59.018528] [WARN] ce=25/n200 failed
[16:40:59.018573] 
[16:40:59.018578] === JSON outputs ===
[16:40:59.018599] + echo '[WARN] ce=25/n200 failed'
[16:40:59.018640] + echo 
[16:40:59.018651] + echo '=== JSON outputs ==='
[16:40:59.021716] + echo '--- logs/issue44/job_a_v3_2gpu_ce25_n100.json ---'
[16:40:59.021736] --- logs/issue44/job_a_v3_2gpu_ce25_n100.json ---
[16:40:59.021777] + cat logs/issue44/job_a_v3_2gpu_ce25_n100.json
[16:40:59.025645] {
[16:40:59.025681]   "issue": "44",
[16:40:59.025686]   "case": "baseline",
[16:40:59.025689]   "branch": "main",
[16:40:59.025693]   "commit": "5d6426d",
[16:40:59.025696]   "device_type": "gpu",
[16:40:59.025699]   "n_devices": 2,
[16:40:59.025702]   "platform": "gpu",
[16:40:59.025707]   "machine": "Linux-5.15.0-170-generic-x86_64-with-glibc2.35",
[16:40:59.025709]   "python": "3.10.12",
[16:40:59.025713]   "jax_version": "0.4.33.dev20241023+e3c6d6430",
[16:40:59.025718]   "nx": 112,
[16:40:59.025721]   "ny": 112,
[16:40:59.025725]   "nz": 1040,
[16:40:59.025729]   "n_cells": 13045760,
[16:40:59.025733]   "dt": 1.348152019018734e-12,
[16:40:59.025737]   "n_steps": 100,
[16:40:59.025741]   "cpml_layers": 8,
[16:40:59.025745]   "dispersion_mode": "mixed",
[16:40:59.025751]   "n_debye_poles": 1,
[16:40:59.025754]   "n_lorentz_poles": 1,
[16:40:59.025758]   "distributed": true,
[16:40:59.025761]   "checkpoint_every": 25,
[16:40:59.025764]   "n_warmup": 0,
[16:40:59.025768]   "design_mask_fraction": 0.0,
[16:40:59.025771]   "emit_time_series": true,
[16:40:59.025774]   "exchange_interval": 1,
[16:40:59.025777]   "calibration_row": false,
[16:40:59.025780]   "memory_pass_threshold": null,
[16:40:59.025783]   "wall_time_pass_threshold": null,
[16:40:59.025786]   "pass_memory": null,
[16:40:59.025789]   "pass_wall_time": null,
[16:40:59.025791]   "pass_numerics": false,
[16:40:59.025795]   "errors": [],
[16:40:59.025798]   "scan_graph_compile_time": 1.7846897030249238,
[16:40:59.025801]   "forward_wall_time_single": 4.095998050644994,
[16:40:59.025804]   "forward_wall_time": 16.452419445849955,
[16:40:59.025807]   "peak_device_memory": {
[16:40:59.025810]     "rank0": 27243850496,
[16:40:59.025812]     "rank1": 15468383232
[16:40:59.025815]   },
[16:40:59.025819]   "peak_mem_per_device": 27243850496,
[16:40:59.025822]   "value_rel_err_vs_single": 0.0,
[16:40:59.025825]   "probe_rel_err_vs_single": 0.0,
[16:40:59.025828]   "grad_nan_count": 0,
[16:40:59.025831]   "grad_nan_fraction": 0.0,
[16:40:59.025834]   "grad_active_cell_count": 26939,
[16:40:59.025837]   "backward_wall_time": 19.4181145792827,
[16:40:59.025840]   "grad_rel_err_vs_single": 0.0018415476473269134
[16:40:59.027047] + echo 
[16:40:59.027074] + echo '--- logs/issue44/job_a_v3_2gpu_ce25_n200.json ---'
[16:40:59.027077] }
[16:40:59.027086] + cat logs/issue44/job_a_v3_2gpu_ce25_n200.json
[16:40:59.027106] --- logs/issue44/job_a_v3_2gpu_ce25_n200.json ---
[16:40:59.029938] {
[16:40:59.029988]   "issue": "44",
[16:40:59.029999]   "case": "baseline",
[16:40:59.030008]   "branch": "main",
[16:40:59.030015]   "commit": "5d6426d",
[16:40:59.030045]   "device_type": "gpu",
[16:40:59.030054]   "n_devices": 2,
[16:40:59.030065]   "platform": "gpu",
[16:40:59.030073]   "machine": "Linux-5.15.0-170-generic-x86_64-with-glibc2.35",
[16:40:59.030081]   "python": "3.10.12",
[16:40:59.030089]   "jax_version": "0.4.33.dev20241023+e3c6d6430",
[16:40:59.030096]   "nx": 112,
[16:40:59.030103]   "ny": 112,
[16:40:59.030110]   "nz": 1040,
[16:40:59.030118]   "n_cells": 13045760,
[16:40:59.030125]   "dt": 1.348152019018734e-12,
[16:40:59.030133]   "n_steps": 200,
[16:40:59.030140]   "cpml_layers": 8,
[16:40:59.030147]   "dispersion_mode": "mixed",
[16:40:59.030154]   "n_debye_poles": 1,
[16:40:59.030161]   "n_lorentz_poles": 1,
[16:40:59.030169]   "distributed": true,
[16:40:59.030176]   "checkpoint_every": 25,
[16:40:59.030183]   "n_warmup": 0,
[16:40:59.030190]   "design_mask_fraction": 0.0,
[16:40:59.030198]   "emit_time_series": true,
[16:40:59.030205]   "exchange_interval": 1,
[16:40:59.030212]   "calibration_row": false,
[16:40:59.030220]   "memory_pass_threshold": null,
[16:40:59.030227]   "wall_time_pass_threshold": null,
[16:40:59.030234]   "pass_memory": null,
[16:40:59.030241]   "pass_wall_time": null,
[16:40:59.030248]   "pass_numerics": null,
[16:40:59.030256]   "errors": [
[16:40:59.030263]     {
[16:40:59.030271]       "stage": "backward",
[16:40:59.030278]       "type": "XlaRuntimeError",
[16:40:59.030286]       "msg": "RESOURCE_EXHAUSTED: Out of memory while trying to allocate 21640148608 bytes.",
[16:40:59.030298]       "trace": "Traceback (most recent call last):
[16:40:59.030298]   File \"/root/workspace/byungkwan-workspace/research/rfx/scripts/benchmarks/issue44_distributed_nu.py\", line 725, in <module>
[16:40:59.030298]     raise SystemExit(main())
[16:40:59.030298]   File \"/root/workspace/byungkwan-workspace/research/rfx/scripts/benchmarks/issue44_distributed_nu.py\", line 693, in main
[16:40:59.030298]     record = run(args)
[16:40:59.030298]   File \"/root/workspace/byungkwan-workspace/research/rfx/scripts/benchmarks/issue44_distributed_nu.py\", line 576, in run
[16:40:59.030298]     b_single = _measure_backward(_factory_single, single_kwargs,
[16:40:59.030298]   File \"/root/workspace/byungkwan-workspace/research/rfx/scripts/benchmarks/issue44_distributed_nu.py\", line 392, in _measure_backward
[16:40:59.030298]     val_w, grad_w = grad_fn(eps_init)
[16:40:59.030298]   File \"/root/workspace/byungkwan-workspace/research/rfx/scripts/benchmarks/issue44_distributed_nu.py\", line 385, in _grad_loss
[16:40:59.030298]     res = sim_factory().forward(eps_override=eps_val, **kwargs)
[16:40:59.030298]   File \"/root/workspace/byungkwan-workspace/research/rfx/rfx/api.py\", line 4143, in forward
[16:40:59.030298]     return self._forward_nonuniform_from_materials(
[16:40:59.030298]   File \"/root/workspace/byungkwan-workspace/research/rfx/rfx/api.py\", line 3579, in _forward_nonuniform_from_materials
[16:40:59.030298]     result = run_nonuniform_path(
[16:40:59.030298]   File \"/root/workspace/byungkwan-workspace/research/rfx/rfx/runners/nonuniform.py\", line 522, in run_nonuniform_path
[16:40:59.030298]     r = run_nonuniform(
[16:40:59.030298]   File \"/root/workspace/byungkwan-workspace/research/rfx/rfx/nonuniform.py\", line 1020, in run_nonuniform
[16:40:59.030298]     final, segment_ys = jax.lax.scan(
[16:40:59.030298] jax._src.source_info_util.JaxStackTraceBeforeTransformation: jaxlib.xla_extension.XlaRuntimeError: RESOURCE_EXHAUSTED: Out of memory while trying to allocate 21640148608 bytes.
[16:40:59.030298] 
[16:40:59.030298] The preceding stack trace is the source of the JAX operation that, once transformed by JAX, triggered the following exception.
[16:40:59.030298] 
[16:40:59.030298] --------------------
[16:40:59.030298] 
[16:40:59.030298] The above exception was the direct cause of the following exception:
[16:40:59.030298] 
[16:40:59.030298] jax.errors.SimplifiedTraceback: For simplicity, JAX has removed its internal frames from the traceback of the following exception. Set JAX_TRACEBACK_FILTERING=off to include these.
[16:40:59.030298] 
[16:40:59.030298] The above exception was the direct cause of the following exception:
[16:40:59.030298] 
[16:40:59.030298] Traceback (most recent call last):
[16:40:59.030298]   File \"/root/workspace/byungkwan-workspace/research/rfx/scripts/benchmarks/issue44_distributed_nu.py\", line 576, in run
[16:40:59.030298]     b_single = _measure_backward(_factory_single, single_kwargs,
[16:40:59.030298]   File \"/root/workspace/byungkwan-workspace/research/rfx/scripts/benchmarks/issue44_distributed_nu.py\", line 392, in _measure_backward
[16:40:59.030298]     val_w, grad_w = grad_fn(eps_init)
[16:40:59.030298] jaxlib.xla_extension.XlaRuntimeError: RESOURCE_EXHAUSTED: Out of memory while trying to allocate 21640148608 bytes.
[16:40:59.030298] "
[16:40:59.030330]     }
[16:40:59.030337]   ],
[16:40:59.030345]   "scan_graph_compile_time": 1.6331987166777253,
[16:40:59.030352]   "forward_wall_time_single": 6.516743442974985,
[16:40:59.030359]   "forward_wall_time": 17.348939820192754,
[16:40:59.030367]   "peak_device_memory": {
[16:40:59.030374]     "rank0": 3997520128,
[16:40:59.030381]     "rank1": 1925353984
[16:40:59.030389]   },
[16:40:59.030396]   "peak_mem_per_device": 3997520128,
[16:40:59.030403]   "value_rel_err_vs_single": 1.3523117668230458e-07,
[16:40:59.030411]   "probe_rel_err_vs_single": 1.3523117668230458e-07,
[16:40:59.030418]   "backward_wall_time": 0.0,
[16:40:59.030442]   "grad_rel_err_vs_single": 0.0
[16:40:59.031160] + echo 
[16:40:59.031163] }
[16:40:59.031185] + echo '--- logs/issue44/job_a_v3_2gpu_ce50_n50.json ---'
[16:40:59.031196] + cat logs/issue44/job_a_v3_2gpu_ce50_n50.json
[16:40:59.031231] --- logs/issue44/job_a_v3_2gpu_ce50_n50.json ---
[16:40:59.035042] {
[16:40:59.035079]   "issue": "44",
[16:40:59.035084]   "case": "baseline",
[16:40:59.035088]   "branch": "main",
[16:40:59.035091]   "commit": "5d6426d",
[16:40:59.035094]   "device_type": "gpu",
[16:40:59.035097]   "n_devices": 2,
[16:40:59.035101]   "platform": "gpu",
[16:40:59.035105]   "machine": "Linux-5.15.0-170-generic-x86_64-with-glibc2.35",
[16:40:59.035108]   "python": "3.10.12",
[16:40:59.035111]   "jax_version": "0.4.33.dev20241023+e3c6d6430",
[16:40:59.035115]   "nx": 112,
[16:40:59.035118]   "ny": 112,
[16:40:59.035123]   "nz": 1040,
[16:40:59.035126]   "n_cells": 13045760,
[16:40:59.035131]   "dt": 1.348152019018734e-12,
[16:40:59.035135]   "n_steps": 50,
[16:40:59.035139]   "cpml_layers": 8,
[16:40:59.035143]   "dispersion_mode": "mixed",
[16:40:59.035147]   "n_debye_poles": 1,
[16:40:59.035150]   "n_lorentz_poles": 1,
[16:40:59.035153]   "distributed": true,
[16:40:59.035157]   "checkpoint_every": 50,
[16:40:59.035160]   "n_warmup": 0,
[16:40:59.035163]   "design_mask_fraction": 0.0,
[16:40:59.035166]   "emit_time_series": true,
[16:40:59.035170]   "exchange_interval": 1,
[16:40:59.035173]   "calibration_row": false,
[16:40:59.035176]   "memory_pass_threshold": null,
[16:40:59.035193]   "wall_time_pass_threshold": null,
[16:40:59.035197]   "pass_memory": null,
[16:40:59.035200]   "pass_wall_time": null,
[16:40:59.035203]   "pass_numerics": null,
[16:40:59.035206]   "errors": [
[16:40:59.035209]     {
[16:40:59.035212]       "stage": "backward",
[16:40:59.035215]       "type": "XlaRuntimeError",
[16:40:59.035218]       "msg": "RESOURCE_EXHAUSTED: Out of memory while trying to allocate 2609152000 bytes.",
[16:40:59.035225]       "trace": "jax.errors.SimplifiedTraceback: For simplicity, JAX has removed its internal frames from the traceback of the following exception. Set JAX_TRACEBACK_FILTERING=off to include these.
[16:40:59.035225] 
[16:40:59.035225] The above exception was the direct cause of the following exception:
[16:40:59.035225] 
[16:40:59.035225] Traceback (most recent call last):
[16:40:59.035225]   File \"/root/workspace/byungkwan-workspace/research/rfx/scripts/benchmarks/issue44_distributed_nu.py\", line 576, in run
[16:40:59.035225]     b_single = _measure_backward(_factory_single, single_kwargs,
[16:40:59.035225]   File \"/root/workspace/byungkwan-workspace/research/rfx/scripts/benchmarks/issue44_distributed_nu.py\", line 392, in _measure_backward
[16:40:59.035225]     val_w, grad_w = grad_fn(eps_init)
[16:40:59.035225]   File \"/root/workspace/byungkwan-workspace/research/rfx/scripts/benchmarks/issue44_distributed_nu.py\", line 385, in _grad_loss
[16:40:59.035225]     res = sim_factory().forward(eps_override=eps_val, **kwargs)
[16:40:59.035225]   File \"/root/workspace/byungkwan-workspace/research/rfx/rfx/api.py\", line 4143, in forward
[16:40:59.035225]     return self._forward_nonuniform_from_materials(
[16:40:59.035225]   File \"/root/workspace/byungkwan-workspace/research/rfx/rfx/api.py\", line 3579, in _forward_nonuniform_from_materials
[16:40:59.035225]     result = run_nonuniform_path(
[16:40:59.035225]   File \"/root/workspace/byungkwan-workspace/research/rfx/rfx/runners/nonuniform.py\", line 522, in run_nonuniform_path
[16:40:59.035225]     r = run_nonuniform(
[16:40:59.035225]   File \"/root/workspace/byungkwan-workspace/research/rfx/rfx/nonuniform.py\", line 1027, in run_nonuniform
[16:40:59.035225]     final, opt_ys = jax.lax.scan(body, carry_init, xs)
[16:40:59.035225] jaxlib.xla_extension.XlaRuntimeError: RESOURCE_EXHAUSTED: Out of memory while trying to allocate 2609152000 bytes.
[16:40:59.035225] "
[16:40:59.035229]     }
[16:40:59.035232]   ],
[16:40:59.035235]   "scan_graph_compile_time": 1.568887185305357,
[16:40:59.035238]   "forward_wall_time_single": 2.8277278067544103,
[16:40:59.035244]   "forward_wall_time": 14.828547879122198,
[16:40:59.035252]   "peak_device_memory": {
[16:40:59.035259]     "rank0": 3989661696,
[16:40:59.035267]     "rank1": 1898327296
[16:40:59.035274]   },
[16:40:59.035282]   "peak_mem_per_device": 3989661696,
[16:40:59.035289]   "value_rel_err_vs_single": 0.0,
[16:40:59.035296]   "probe_rel_err_vs_single": 0.0,
[16:40:59.035304]   "backward_wall_time": 0.0,
[16:40:59.035311]   "grad_rel_err_vs_single": 0.0
[16:40:59.036404] + echo 
[16:40:59.036429] }
[16:40:59.036446] + echo 
[16:40:59.036457] + echo '=== DONE ==='
[16:40:59.036485] 
[16:40:59.036495] === DONE ===
[16:40:59.060885] workload reported done
[16:40:59.060985] Workload status changed to stopping
[16:41:08.246398] + set +x
[16:41:13.275190] workload reported done
[16:41:13.275290] Workload status changed to waitToBeKilled
[16:41:15.000000] Stopping container vops-sidecar
[16:41:15.000000] Stopping container run-exec
[16:41:15.000000] Terminating VESSL Workload...
[16:41:15.000000] Stopping container ttyd-sidecar
[16:41:15.045669] workload completed
[16:41:15.045769] Workload status changed to completed
