Organization: remilab
Project: byungkwan
Displayed last 104 lines of #369367233552.
[22:38:25.537505] workload awaiting to start
[22:38:25.537605] Workload status changed to pending
[22:38:29.949218] Event Reason: FailedScheduling, Event Note: 0/13 nodes are available: pod has unbound immediate PersistentVolumeClaims. preemption: 0/13 nodes are available: 13 Preemption is not helpful for scheduling.
[22:38:29.949218] Workload is in queue for scheduling. Please wait...
[22:38:43.802834] VESSL Workload assigned successfully. Starting soon.
[22:38:44.000000] Container image "quay.io/vessl-ai/kernels-toolbox:0.1.188" already present on machine
[22:38:44.000000] Created container vops-init
[22:38:44.000000] Started container vops-init
[22:38:45.000000] Container image "nvcr.io/nvidia/jax:24.10-py3" already present on machine
[22:38:45.001000] Container image "nvcr.io/nvidia/jax:24.10-py3" already present on machine
[22:38:46.000000] Started container run-sidecar
[22:38:46.000000] Creating VESSL Workload...
[22:38:46.000000] Created container ttyd-sidecar
[22:38:46.000000] Starting VESSL Workload...
[22:38:46.000000] Started container vops-sidecar
[22:38:46.000000] Created container run-exec
[22:38:46.000000] Container image "quay.io/vessl-ai/kernels-toolbox:0.1.188" already present on machine
[22:38:46.000000] Started container run-exec
[22:38:46.000000] Started container fluentbit
[22:38:46.000000] Started container ttyd-sidecar
[22:38:46.000000] Container image "quay.io/vessl-ai/fluent-bit:2.1.6" already present on machine
[22:38:46.000000] Container image "quay.io/vessl-ai/sidecar:v0.0.3" already present on machine
[22:38:46.874846] Installing VESSL CLI...
[22:38:47.680521] workload reported alive as pod run-execution-v88ce4yb2ute-0
[22:38:47.680621] Workload status changed to initializing
[22:38:48.879819] + set +x
[22:38:53.046938] vessl, version 0.1.199
[22:38:54.020867] workload reported alive as pod run-execution-v88ce4yb2ute-0
[22:38:54.020967] Workload status changed to running
[22:38:54.446695] + mkdir -p /root
[22:38:54.448410] + cd /root
[22:38:54.448801] + cd /root/workspace/byungkwan-workspace/research/rfx
[22:38:54.462449] + git config --global --add safe.directory /root/workspace/byungkwan-workspace/research/rfx
[22:38:54.477414] + git fetch --all
[22:38:54.561755] Fetching origin
[22:38:55.854666] + git checkout fix-farfield-viz
[22:38:56.590899] Already on 'fix-farfield-viz'
[22:38:56.614563] M	.gitignore
[22:38:56.614584] M	README.md
[22:38:56.614591] M	docs/agent/overview.mdx
[22:38:56.614598] M	docs/guide/documentation_architecture.md
[22:38:56.614603] M	docs/guides/support_matrix.json
[22:38:56.614609] M	docs/guides/support_matrix.md
[22:38:56.614615] M	docs/public/api/support-boundaries.mdx
[22:38:56.614620] M	docs/public/examples/crossval.mdx
[22:38:56.614626] M	docs/public/examples/index.mdx
[22:38:56.614631] M	docs/public/examples/rf-workflows.mdx
[22:38:56.614637] M	docs/public/guide/advanced.md
[22:38:56.614642] M	docs/public/guide/api-reference.mdx
[22:38:56.614648] M	docs/public/guide/changelog.mdx
[22:38:56.614653] M	docs/public/guide/contributing.md
[22:38:56.614659] M	docs/public/guide/first-patch.mdx
[22:38:56.614664] M	docs/public/guide/index.md
[22:38:56.614670] M	docs/public/guide/migration.md
[22:38:56.614676] M	docs/public/guide/nonuniform-mesh.mdx
[22:38:56.614681] M	docs/public/guide/quickstart.mdx
[22:38:56.614686] M	docs/public/guide/subgridding.mdx
[22:38:56.614692] M	docs/public/guide/tutorial-patch-antenna.mdx
[22:38:56.614697] M	docs/public/guide/validation.mdx
[22:38:56.614703] M	docs/public/index.mdx
[22:38:56.614709] M	docs/public/site_map.json
[22:38:56.614715] M	docs/public/validation/cross-solver.mdx
[22:38:56.614720] M	docs/public/validation/index.mdx
[22:38:56.614725] M	docs/public/validation/reference-lane.mdx
[22:38:56.614732] Your branch is up to date with 'origin/fix-farfield-viz'.
[22:38:56.615088] + git pull --ff-only origin fix-farfield-viz
[22:38:57.296964] From https://github.com/bk-squared/rfx
[22:38:57.296991]  * branch            fix-farfield-viz -> FETCH_HEAD
[22:38:57.356406] Already up to date.
[22:38:57.357343] + pip install -q -e '.[dev]'
[22:39:05.313230] WARNING: Running pip as the 'root' user can result in broken permissions and conflicting behaviour with the system package manager. It is recommended to use a virtual environment instead: https://pip.pypa.io/warnings/venv
[22:39:05.506814] + pip install -q plotly
[22:39:08.440726] WARNING: Running pip as the 'root' user can result in broken permissions and conflicting behaviour with the system package manager. It is recommended to use a virtual environment instead: https://pip.pypa.io/warnings/venv
[22:39:08.487685] + echo '=== dx=0.5mm uniform patch FFRP ==='
[22:39:08.487706] === dx=0.5mm uniform patch FFRP ===
[22:39:08.487708] + timeout 1800 python scripts/issue48_uniform_patch_ffrp.py --dx-mm 0.5
[22:39:09.551408] 
[22:39:09.551430] === Harminv (uniform, dx=0.50mm) ===
[22:39:09.551483] [cfg] cells=2,808,105
[22:39:09.552708] /root/workspace/byungkwan-workspace/research/rfx/scripts/issue48_uniform_patch_ffrp.py:108: UserWarning: 'pec' z-extent 0.50mm = 1.0 cells — under-resolved (PEC needs ≥5 cells). Consider finer mesh.
[22:39:09.552719]   res = sim.run(num_periods=60, compute_s_params=False)
[22:39:09.552729] /root/workspace/byungkwan-workspace/research/rfx/scripts/issue48_uniform_patch_ffrp.py:108: UserWarning: 'fr4' z-extent 1.50mm = 3.0 cells — under-resolved (dielectric needs ≥10 cells). Consider finer mesh.
[22:39:09.552734]   res = sim.run(num_periods=60, compute_s_params=False)
[22:39:09.552754] /root/workspace/byungkwan-workspace/research/rfx/scripts/issue48_uniform_patch_ffrp.py:108: UserWarning: Gap between PEC structures: 1.50mm = 3.0 cells along z — coupling may be under-resolved.
[22:39:09.552763]   res = sim.run(num_periods=60, compute_s_params=False)
[22:39:23.480555] [run] 13.9s
[22:40:17.223225] Traceback (most recent call last):
[22:40:17.223254]   File "/root/workspace/byungkwan-workspace/research/rfx/scripts/issue48_uniform_patch_ffrp.py", line 251, in <module>
[22:40:17.239766]     main()
[22:40:17.239774]   File "/root/workspace/byungkwan-workspace/research/rfx/scripts/issue48_uniform_patch_ffrp.py", line 246, in main
[22:40:17.239935]     f_res, Q = run_harminv_uniform(G, dx)
[22:40:17.239949]   File "/root/workspace/byungkwan-workspace/research/rfx/scripts/issue48_uniform_patch_ffrp.py", line 113, in run_harminv_uniform
[22:40:17.240056]     best = max(good, key=lambda m: m.amplitude)
[22:40:17.240070] ValueError: max() arg is an empty sequence
[22:40:17.490355] workload reported done
[22:40:17.490455] Workload status changed to stopping
[22:40:18.807202] workload reported done
[22:40:18.807302] Workload status changed to waitToBeKilled
[22:40:21.000000] Stopping container run-sidecar
[22:40:21.000000] Stopping container run-exec
[22:40:21.000000] Terminating VESSL Workload...
[22:40:21.000000] Stopping container fluentbit
[22:40:21.104844] workload failed
[22:40:21.104944] Workload status changed to failed
