Organization: remilab
Project: byungkwan
Displayed last 119 lines of #369367233633.
[14:43:45.199558] workload awaiting to start
[14:43:45.199659] Workload status changed to pending
[14:43:52.768465] Event Reason: FailedScheduling, Event Note: 0/13 nodes are available: pod has unbound immediate PersistentVolumeClaims. preemption: 0/13 nodes are available: 13 Preemption is not helpful for scheduling.
[14:43:52.768465] Workload is in queue for scheduling. Please wait...
[14:44:01.807555] Event Reason: FailedScheduling, Event Note: 0/13 nodes are available: pod has unbound immediate PersistentVolumeClaims. preemption: 0/13 nodes are available: 13 Preemption is not helpful for scheduling.
[14:44:01.807555] Workload is in queue for scheduling. Please wait...
[14:44:03.903654] VESSL Workload assigned successfully. Starting soon.
[14:44:04.000000] Container image "quay.io/vessl-ai/kernels-toolbox:0.1.188" already present on machine
[14:44:05.000000] Created container vops-init
[14:44:05.000000] Container image "nvcr.io/nvidia/jax:24.10-py3" already present on machine
[14:44:05.000000] Started container vops-init
[14:44:05.001000] Container image "nvcr.io/nvidia/jax:24.10-py3" already present on machine
[14:44:06.000000] Started container run-sidecar
[14:44:06.000000] Creating VESSL Workload...
[14:44:06.000000] Created container vops-sidecar
[14:44:06.000000] Created container ttyd-sidecar
[14:44:06.000000] Starting VESSL Workload...
[14:44:06.000000] Started container vops-sidecar
[14:44:06.000000] Created container run-exec
[14:44:06.000000] Container image "quay.io/vessl-ai/kernels-toolbox:0.1.188" already present on machine
[14:44:06.000000] Started container run-exec
[14:44:06.000000] Started container fluentbit
[14:44:06.000000] Created container fluentbit
[14:44:06.000000] Started container ttyd-sidecar
[14:44:06.000000] Container image "quay.io/vessl-ai/fluent-bit:2.1.6" already present on machine
[14:44:06.000000] Container image "quay.io/vessl-ai/sidecar:v0.0.3" already present on machine
[14:44:06.000000] Created container run-sidecar
[14:44:06.747206] Installing VESSL CLI...
[14:44:27.693302] workload reported alive as pod run-execution-484fgdxg3t6o-0
[14:44:27.693402] Workload status changed to initializing
[14:44:28.951497] + set +x
[14:44:46.729398] vessl, version 0.1.199
[14:44:49.091868] workload reported alive as pod run-execution-484fgdxg3t6o-0
[14:44:49.091968] Workload status changed to running
[14:44:49.222445] + mkdir -p /root
[14:44:49.224540] + cd /root
[14:44:49.225112] + cd /root/workspace/byungkwan-workspace/research/rfx
[14:44:49.239057] + git config --global --add safe.directory /root/workspace/byungkwan-workspace/research/rfx
[14:44:49.262912] + git fetch --all
[14:44:49.362453] Fetching origin
[14:44:51.433391] + git checkout main
[14:44:52.332843] Already on 'main'
[14:44:52.370176] M	.gitignore
[14:44:52.370224] M	README.md
[14:44:52.370238] M	docs/agent/overview.mdx
[14:44:52.370250] M	docs/guide/documentation_architecture.md
[14:44:52.370259] M	docs/guides/support_matrix.json
[14:44:52.370271] M	docs/guides/support_matrix.md
[14:44:52.370281] M	docs/public/api/support-boundaries.mdx
[14:44:52.370289] M	docs/public/examples/crossval.mdx
[14:44:52.370296] M	docs/public/examples/index.mdx
[14:44:52.370306] M	docs/public/examples/rf-workflows.mdx
[14:44:52.370315] M	docs/public/guide/advanced.md
[14:44:52.370324] M	docs/public/guide/api-reference.mdx
[14:44:52.370335] M	docs/public/guide/contributing.md
[14:44:52.370343] M	docs/public/guide/first-patch.mdx
[14:44:52.370351] M	docs/public/guide/index.md
[14:44:52.370359] M	docs/public/guide/migration.md
[14:44:52.370367] M	docs/public/guide/nonuniform-mesh.mdx
[14:44:52.370374] M	docs/public/guide/quickstart.mdx
[14:44:52.370382] M	docs/public/guide/subgridding.mdx
[14:44:52.370389] M	docs/public/guide/tutorial-patch-antenna.mdx
[14:44:52.370397] M	docs/public/guide/validation.mdx
[14:44:52.370406] M	docs/public/index.mdx
[14:44:52.370413] M	docs/public/site_map.json
[14:44:52.370421] M	docs/public/validation/cross-solver.mdx
[14:44:52.370428] M	docs/public/validation/index.mdx
[14:44:52.370436] M	docs/public/validation/reference-lane.mdx
[14:44:52.370444] Your branch is up to date with 'origin/main'.
[14:44:52.370531] + git pull --ff-only origin main
[14:44:53.079887] From https://github.com/bk-squared/rfx
[14:44:53.079931]  * branch            main       -> FETCH_HEAD
[14:44:53.146942] Already up to date.
[14:44:53.147549] + pip install -q -e '.[dev]'
[14:44:59.300368] WARNING: Running pip as the 'root' user can result in broken permissions and conflicting behaviour with the system package manager. It is recommended to use a virtual environment instead: https://pip.pypa.io/warnings/venv
[14:44:59.424991] + timeout 7200 python scripts/convergence_grid.py
[14:45:00.105326] ============================================================
[14:45:00.105529] Proper convergence: co-refine dx + dz at 4:1 aspect
[14:45:00.105628] ============================================================
[14:45:00.105702] 
[14:45:00.105755] === F1: NU dx=1.0mm dz=0.250mm (baseline) === dx=1.00mm  NU=True  lossy=True
[14:45:00.574997]   cells=567,840
[14:49:48.611395]   f_res=2.6492 GHz  Q=28.1  error=9.31%  Balanis=2.4235  dt=4.6s
[14:49:48.611460] 
[14:49:48.611465] === F2: NU dx=0.5mm dz=0.125mm === dx=0.50mm  NU=True  lossy=True
[14:49:48.890910]   cells=3,155,328
[15:25:46.316927]   f_res=2.5631 GHz  Q=27.1  error=5.76%  Balanis=2.4235  dt=28.6s
[15:25:46.316954] 
[15:25:46.316956] === F3: NU dx=0.25mm dz=0.0625mm === dx=0.25mm  NU=True  lossy=True
[15:25:46.613524]   cells=20,598,144
[15:36:24.306629]   harminv: N_tail=53,961 -> decim D=3 -> N=17,987 (Nyquist cap D<=367)
[15:46:23.226167]   f_res=2.4751 GHz  Q=26.1  error=2.13%  Balanis=2.4235  dt=635.6s
[15:46:23.226225] 
[15:46:23.226227] ============================================================
[15:46:23.226228] Anti-convergence reference (dz fixed at 0.25mm)
[15:46:23.226229] ============================================================
[15:46:23.226230] 
[15:46:23.226231] === G1: NU dx=1.0mm dz=0.250mm === dx=1.00mm  NU=True  lossy=True
[15:46:23.235986]   cells=567,840
[15:51:04.970514]   f_res=2.6492 GHz  Q=28.1  error=9.31%  Balanis=2.4235  dt=3.8s
[15:51:04.970909] 
[15:51:04.971006] === G2: NU dx=0.5mm dz=0.250mm (WRONG) === dx=0.50mm  NU=True  lossy=True
[15:51:04.989531]   cells=3,155,328
[16:22:19.999139]   f_res=2.5631 GHz  Q=27.1  error=5.76%  Balanis=2.4235  dt=27.7s
[16:22:19.999166] 
[16:22:19.999169] === DONE ===
[16:22:20.273704] workload reported done
[16:22:20.273804] Workload status changed to stopping
[16:22:30.885131] + set +x
[16:22:35.925552] workload reported done
[16:22:35.925652] Workload status changed to waitToBeKilled
[16:22:39.000000] Stopping container vops-sidecar
[16:22:39.000000] Stopping container run-sidecar
[16:22:39.000000] Stopping container run-exec
[16:22:39.000000] Terminating VESSL Workload...
[16:22:39.000000] Stopping container ttyd-sidecar
[16:22:39.000000] Stopping container fluentbit
[16:22:39.140627] workload completed
[16:22:39.140728] Workload status changed to completed
