Organization: remilab
Project: byungkwan
Displayed last 126 lines of #369367233328.
[16:09:06.950551] workload awaiting to start
[16:09:06.950651] Workload status changed to pending
[16:09:11.977985] VESSL Workload assigned successfully. Starting soon.
[16:09:12.000000] Container image "quay.io/vessl-ai/kernels-toolbox:0.1.188" already present on machine
[16:09:12.000000] Created container vops-init
[16:09:12.000000] Started container vops-init
[16:09:13.000000] Creating VESSL Workload...
[16:09:13.000000] Created container run-exec
[16:09:13.000000] Started container run-exec
[16:09:13.000000] Container image "nvcr.io/nvidia/jax:24.10-py3" already present on machine
[16:09:13.000000] Container image "quay.io/vessl-ai/sidecar:v0.0.3" already present on machine
[16:09:13.000000] Created container run-sidecar
[16:09:14.000000] Started container run-sidecar
[16:09:14.000000] Created container vops-sidecar
[16:09:14.000000] Started container vops-sidecar
[16:09:14.000000] Container image "quay.io/vessl-ai/kernels-toolbox:0.1.188" already present on machine
[16:09:14.000000] Created container fluentbit
[16:09:14.000000] Started container ttyd-sidecar
[16:09:14.253157] Installing VESSL CLI...
[16:09:15.132473] workload reported alive as pod run-execution-s6gie5hz6sa7-0
[16:09:15.132573] Workload status changed to initializing
[16:09:16.321131] + set +x
[16:09:20.641633] vessl, version 0.1.199
[16:09:21.462876] workload reported alive as pod run-execution-s6gie5hz6sa7-0
[16:09:21.462976] Workload status changed to running
[16:09:21.551093] + mkdir -p /root
[16:09:21.552966] + cd /root
[16:09:21.553371] + set -euo pipefail
[16:09:21.553390] + pip uninstall -y rfx rfx-fdtd
[16:09:21.813732] + pip uninstall -y rfx rfx-fdtd
[16:09:22.069924] + python -c 'import rfx; print('"'"'BEFORE:'"'"', rfx.__file__)'
[16:09:22.090892] Traceback (most recent call last):
[16:09:22.090908]   File "<string>", line 1, in <module>
[16:09:22.090961] ModuleNotFoundError: No module named 'rfx'
[16:09:22.094294] rfx not importable (good)
[16:09:22.094323] + echo 'rfx not importable (good)'
[16:09:22.094337] + find /usr/local/lib -name rfx -type d -exec rm -rf '{}' +
[16:09:22.133007] + find /usr/local/lib -name 'rfx-*' -type d -exec rm -rf '{}' +
[16:09:22.167304] + find /usr/local/lib -name 'rfx_*' -type d -exec rm -rf '{}' +
[16:09:22.200432] + python -c 'import rfx'
[16:09:22.225277] Traceback (most recent call last):
[16:09:22.225301]   File "<string>", line 1, in <module>
[16:09:22.225309] ModuleNotFoundError: No module named 'rfx'
[16:09:22.229393] + echo 'rfx removed OK'
[16:09:22.229399] rfx removed OK
[16:09:22.229410] + echo '=== Using byungkwan-workspace rfx (upstream dev) ==='
[16:09:22.229416] + git config --global --add safe.directory /root/workspace/byungkwan-workspace/research/rfx
[16:09:22.229443] === Using byungkwan-workspace rfx (upstream dev) ===
[16:09:22.231289] + cd /root/workspace/byungkwan-workspace/research/rfx
[16:09:22.236938] + git log --oneline -1
[16:09:22.286810] 8a0a461 feat(subgrid): material-aware SAT penalty terms in 3D interface
[16:09:22.287208] + pip install --quiet --no-deps -e .
[16:09:25.199070] WARNING: Running pip as the 'root' user can result in broken permissions and conflicting behaviour with the system package manager. It is recommended to use a virtual environment instead: https://pip.pypa.io/warnings/venv
[16:09:25.281127] + pip install --quiet optax matplotlib pillow
[16:09:28.695185] ERROR: pip's dependency resolver does not currently take into account all the packages that are installed. This behaviour is the source of the following dependency conflicts.
[16:09:28.695205] rfx-fdtd 1.5.0 requires h5py>=3.8, which is not installed.
[16:09:28.695309] WARNING: Running pip as the 'root' user can result in broken permissions and conflicting behaviour with the system package manager. It is recommended to use a virtual environment instead: https://pip.pypa.io/warnings/venv
[16:09:28.798037] + python -c 'import jax; print('"'"'JAX:'"'"', jax.devices()); import rfx; print('"'"'rfx'"'"', rfx.__version__, rfx.__file__)'
[16:09:29.196350] JAX: [CudaDevice(id=0)]
[16:09:29.821065] rfx 1.5.0 /root/workspace/byungkwan-workspace/research/rfx/rfx/__init__.py
[16:09:29.929744] + echo '=== Running crossval 08 dipole from rfx-ref ==='
[16:09:29.929758] === Running crossval 08 dipole from rfx-ref ===
[16:09:29.929903] + python /root/workspace/bk-workspace/rfx-ref/examples/crossval/08_dipole_radiation.py
[16:09:29.930035] + tail -15
[16:09:39.945929] ============================================================
[16:09:39.946166] Cross-Validation: Dipole Radiation Pattern
[16:09:39.946171] ============================================================
[16:09:39.946185] Source: Ez dipole at 5 GHz
[16:09:39.946188] Domain: 80mm, dx=1.0mm
[16:09:39.946192] 
[16:09:39.946195] Grid: 101x101x101, steps=7868
[16:09:39.946198] 
[16:09:39.946202] E-plane correlation with sin²(theta): 0.9859
[16:09:39.946205] H-plane correlation with sin²(theta): 0.9847
[16:09:39.946208] Max far-field power: 8.5578e-27
[16:09:39.946211] FAIL: pattern shape correct (corr=0.986) but power=8.56e-27 at noise floor
[16:09:39.946215] Plot saved: /root/workspace/bk-workspace/rfx-ref/examples/crossval/08_dipole_radiation.png
[16:09:39.974509] === Now our dipole test ===
[16:09:39.974515] + echo '=== Now our dipole test ==='
[16:09:39.974534] + cp /root/workspace/bk-workspace/papers/rfx-tap/experiments/ntff_dipole_10ghz.py /tmp/
[16:09:39.985112] + cd /tmp
[16:09:39.985130] + python ntff_dipole_10ghz.py
[16:09:40.600037] 
[16:09:40.600062] ==================================================
[16:09:40.600066]   5GHz/dx=1mm (crossval)
[16:09:40.600070] ==================================================
[16:09:40.600081]   Grid: 101x101x101, steps=7868
[16:09:49.389617]   Probe peak: 4.7927e+07
[16:09:49.390060]   NTFF x_lo norm: 1.0347e-10
[16:09:49.390075]   NTFF z_hi norm: 6.2383e-11
[16:09:49.425169]   Far-field max power: 8.5578e-27
[16:09:49.425207]   NTFF: ZERO
[16:09:49.425226] 
[16:09:49.425244] ==================================================
[16:09:49.425270]   10GHz/dx=1mm
[16:09:49.425296] ==================================================
[16:09:49.425411]   Grid: 81x81x81, steps=7868
[16:09:55.569991]   Probe peak: 2.3963e+07
[16:09:55.570216]   NTFF x_lo norm: 8.6322e-11
[16:09:55.570233]   NTFF z_hi norm: 3.1930e-11
[16:09:55.584677]   Far-field max power: 6.1487e-27
[16:09:55.584690]   NTFF: ZERO
[16:09:55.584696] 
[16:09:55.584701] ==================================================
[16:09:55.584705]   10GHz/dx=0.5mm
[16:09:55.584710] ==================================================
[16:09:55.584736]   Grid: 101x101x101, steps=15736
[16:10:06.409276]   Probe peak: 2.3964e+07
[16:10:06.409655]   NTFF x_lo norm: 2.6511e-11
[16:10:06.409670]   NTFF z_hi norm: 1.5425e-11
[16:10:06.444181]   Far-field max power: 1.3605e-28
[16:10:06.444226]   NTFF: ZERO
[16:10:06.898271] [done]
[16:10:06.898271] + echo '[done]'
[16:10:06.920886] workload reported done
[16:10:06.920986] Workload status changed to stopping
[16:10:09.569860] + set +x
[16:10:14.602941] workload reported done
[16:10:14.603041] Workload status changed to waitToBeKilled
[16:10:17.000000] Stopping container vops-sidecar
[16:10:17.000000] Stopping container run-exec
[16:10:17.000000] Terminating VESSL Workload...
[16:10:17.000000] Stopping container ttyd-sidecar
[16:10:17.000000] Stopping container fluentbit
[16:10:17.997669] workload completed
[16:10:17.997769] Workload status changed to completed
