Organization: remilab
Project: byungkwan
Displayed last 156 lines of #369367233089.
[18:06:00.372037] workload awaiting to start
[18:06:00.372137] Workload status changed to pending
[18:06:06.000000] Container image "quay.io/vessl-ai/kernels-toolbox:0.1.188" already present on machine
[18:06:06.000000] Created container vops-init
[18:06:06.006879] VESSL Workload assigned successfully. Starting soon.
[18:06:07.000000] Creating VESSL Workload...
[18:06:07.000000] Created container run-exec
[18:06:07.000000] Container image "nvcr.io/nvidia/jax:24.10-py3" already present on machine
[18:06:07.000000] Started container vops-init
[18:06:07.001000] Container image "nvcr.io/nvidia/jax:24.10-py3" already present on machine
[18:06:08.000000] Started container run-sidecar
[18:06:08.000000] Container image "quay.io/vessl-ai/kernels-toolbox:0.1.188" already present on machine
[18:06:08.000000] Started container fluentbit
[18:06:08.000000] Created container fluentbit
[18:06:08.000000] Container image "quay.io/vessl-ai/fluent-bit:2.1.6" already present on machine
[18:06:08.384076] Installing VESSL CLI...
[18:06:09.173477] workload reported alive as pod run-execution-copk039me127-0
[18:06:09.173577] Workload status changed to initializing
[18:06:10.336838] + set +x
[18:06:15.254793] vessl, version 0.1.199
[18:06:20.432810] workload reported alive as pod run-execution-copk039me127-0
[18:06:20.432910] Workload status changed to running
[18:06:20.702734] + mkdir -p /root
[18:06:20.704847] + cd /root
[18:06:20.705201] + cd /root/workspace/byungkwan-workspace/research/rfx
[18:06:20.710514] + git config --global --add safe.directory /root/workspace/byungkwan-workspace/research/rfx
[18:06:20.720784] + git pull --ff-only origin main
[18:06:21.535763] From https://github.com/bk-squared/rfx
[18:06:21.535790]  * branch            main       -> FETCH_HEAD
[18:06:21.578492] Already up to date.
[18:06:21.579388] + pip install -q -e '.[dev]'
[18:06:29.667910] WARNING: Running pip as the 'root' user can result in broken permissions and conflicting behaviour with the system package manager. It is recommended to use a virtual environment instead: https://pip.pypa.io/warnings/venv
[18:06:29.858734] + echo '========================================'
[18:06:29.858742] ========================================
[18:06:29.858760] + echo 'rfx Crossval 24-26 GPU Validation'
[18:06:29.858765] + echo '========================================'
[18:06:29.858769] + echo 
[18:06:29.858772] + echo '=== 1. Crossval 24: GPR A-Scan (2D TMz) ==='
[18:06:29.858776] + timeout 300 python examples/crossval/24_gpr_ascan.py
[18:06:29.858783] rfx Crossval 24-26 GPU Validation
[18:06:29.858787] ========================================
[18:06:29.858790] 
[18:06:29.858793] === 1. Crossval 24: GPR A-Scan (2D TMz) ===
[18:06:30.733466] ============================================================
[18:06:30.733486] Cross-Validation: GPR A-Scan (2D TMz)
[18:06:30.733491] ============================================================
[18:06:30.733495] f0=1.0 GHz,  BW=0.8
[18:06:30.733499] Soil: eps_r=9.0, sigma=0.01 S/m, n=3.00
[18:06:30.733502] dx=20 mm
[18:06:30.733506] Domain: 400 x 690 mm  (20 x 34 cells)
[18:06:30.733510] TX/RX:  (200, 530) mm
[18:06:30.733514] Soil surface: y = 330 mm
[18:06:30.733518] Pipe centre:  y = 230 mm  (depth = 100 mm)
[18:06:30.733521] 
[18:06:30.733530] Predicted two-way travel times:
[18:06:30.733534]   t_surface = 1.333 ns  (2 * 200 mm / c0)
[18:06:30.733537]   t_pipe    = 3.333 ns  (2 * (200 + 100*3.0) mm / c0)
[18:06:30.733540] 
[18:06:30.733547] dt ~ 47.1 ps,  n_steps = 521
[18:06:30.733550] 
[18:06:30.733553] Run 1: free-space reference (air only)...
[18:06:30.733568]   [PREFLIGHT] Probe at (0.19986666666666666, 0.5296466666666666, 0.0) is near/inside CPML region (CPML z-thickness=159.9mm). Signal will be attenuated. Move probe to interior.
[18:06:30.733582]   [PREFLIGHT] Source/port at (0.19986666666666666, 0.5296466666666666, 0.0) is near/inside CPML region (CPML z-thickness=159.9mm). Energy will be absorbed. Move source to interior.
[18:06:30.733716] /root/workspace/byungkwan-workspace/research/rfx/examples/crossval/24_gpr_ascan.py:151: UserWarning: Probe at (0.19986666666666666, 0.5296466666666666, 0.0) is near/inside CPML region (CPML z-thickness=159.9mm). Signal will be attenuated. Move probe to interior.
[18:06:30.733721]   result = sim.run(n_steps=n_steps)
[18:06:30.733728] /root/workspace/byungkwan-workspace/research/rfx/examples/crossval/24_gpr_ascan.py:151: UserWarning: Source/port at (0.19986666666666666, 0.5296466666666666, 0.0) is near/inside CPML region (CPML z-thickness=159.9mm). Energy will be absorbed. Move source to interior.
[18:06:30.733742]   result = sim.run(n_steps=n_steps)
[18:06:32.896899]   2.2s
[18:06:32.896924] Run 2: soil + buried pipe...
[18:06:32.896984]   [PREFLIGHT] 'soil' z-extent 19.99mm = 1.0 cells — under-resolved (< 3 cells). Consider finer mesh for accurate results.
[18:06:32.896991]   [PREFLIGHT] 'pec' z-extent 19.99mm = 1.0 cells — under-resolved (< 3 cells). Consider finer mesh for accurate results.
[18:06:32.896996]   [PREFLIGHT] Probe at (0.19986666666666666, 0.5296466666666666, 0.0) is near/inside CPML region (CPML z-thickness=159.9mm). Signal will be attenuated. Move probe to interior.
[18:06:32.897000]   [PREFLIGHT] Source/port at (0.19986666666666666, 0.5296466666666666, 0.0) is near/inside CPML region (CPML z-thickness=159.9mm). Energy will be absorbed. Move source to interior.
[18:06:32.897004]   [PREFLIGHT] Material 'soil' extends into CPML region along x-axis. CPML assumes vacuum — dielectric in absorber causes increased reflections.
[18:06:32.897032] /root/workspace/byungkwan-workspace/research/rfx/examples/crossval/24_gpr_ascan.py:151: UserWarning: 'soil' z-extent 19.99mm = 1.0 cells — under-resolved (< 3 cells). Consider finer mesh for accurate results.
[18:06:32.897051]   result = sim.run(n_steps=n_steps)
[18:06:32.897058] /root/workspace/byungkwan-workspace/research/rfx/examples/crossval/24_gpr_ascan.py:151: UserWarning: 'pec' z-extent 19.99mm = 1.0 cells — under-resolved (< 3 cells). Consider finer mesh for accurate results.
[18:06:32.897065]   result = sim.run(n_steps=n_steps)
[18:06:32.897079] /root/workspace/byungkwan-workspace/research/rfx/examples/crossval/24_gpr_ascan.py:151: UserWarning: Probe at (0.19986666666666666, 0.5296466666666666, 0.0) is near/inside CPML region (CPML z-thickness=159.9mm). Signal will be attenuated. Move probe to interior.
[18:06:32.897084]   result = sim.run(n_steps=n_steps)
[18:06:32.897089] /root/workspace/byungkwan-workspace/research/rfx/examples/crossval/24_gpr_ascan.py:151: UserWarning: Source/port at (0.19986666666666666, 0.5296466666666666, 0.0) is near/inside CPML region (CPML z-thickness=159.9mm). Energy will be absorbed. Move source to interior.
[18:06:32.897093]   result = sim.run(n_steps=n_steps)
[18:06:32.897102] /root/workspace/byungkwan-workspace/research/rfx/examples/crossval/24_gpr_ascan.py:151: UserWarning: Material 'soil' extends into CPML region along x-axis. CPML assumes vacuum — dielectric in absorber causes increased reflections.
[18:06:32.897106]   result = sim.run(n_steps=n_steps)
[18:06:34.398318]   1.5s
[18:06:34.398345] 
[18:06:34.398351] Reflectogram: 521 samples,  total time = 24.3 ns
[18:06:34.398363] Peak |reflecto|: 0.112942
[18:06:34.398367] 
[18:06:34.398372] Free-space probe peak: t_ref = 1.260 ns
[18:06:34.398376] Expected reflectogram peak (surface): 2.593 ns
[18:06:34.398381] Expected reflectogram peak (pipe):    4.593 ns
[18:06:34.398385] 
[18:06:34.398443] Detected arrivals in reflectogram:
[18:06:34.398748]   Surface: 2.567 ns  => travel=1.307 ns  (pred 1.333 ns)  |E|=0.112942
[18:06:34.398754]   Pipe:    3.967 ns  => travel=2.707 ns  (pred 3.333 ns)  |E|=0.017325
[18:06:34.398765] PASS: surface travel-time error 2.0% < 20%
[18:06:34.398772] PASS: pipe travel-time error 18.8% < 20%
[18:06:34.398787] PASS: pipe/surface amplitude ratio 0.153 < 1.0  (soil attenuation)
[18:06:34.663315] 
[18:06:34.663335] Plot saved: /root/workspace/byungkwan-workspace/research/rfx/examples/crossval/24_gpr_ascan.png
[18:06:34.663441] 
[18:06:34.663449] ALL CHECKS PASSED
[18:06:34.902187] EXIT CODE: 0
[18:06:34.902188] + echo 'EXIT CODE: 0'
[18:06:34.902218] 
[18:06:34.902225] === 2. Crossval 25: Horn Antenna (3D NTFF) ===
[18:06:34.902244] + echo 
[18:06:34.902251] + echo '=== 2. Crossval 25: Horn Antenna (3D NTFF) ==='
[18:06:34.902256] + timeout 600 python examples/crossval/25_horn_antenna.py
[18:06:35.622222] ============================================================
[18:06:35.622245] Cross-Validation: Open-Ended WR-90 Waveguide (Horn Antenna)
[18:06:35.622249] ============================================================
[18:06:35.622253] WR-90: a=22.86 mm, b=10.16 mm
[18:06:35.622257] f0=10.0 GHz, lambda=30.0 mm
[18:06:35.622261] TE10 cutoff: 6.56 GHz
[18:06:35.622264] Mesh: dx=2 mm (lambda/15)
[18:06:35.622267] 
[18:06:35.622272] Domain: 113 x 100 x 167 mm
[18:06:35.622275] Grid:   56 x 50 x 84 = 235,200 cells
[18:06:35.622278] Aperture at z = 91 mm
[18:06:35.622281] 
[18:06:35.622292] Analytical directivity: 2.63 (4.2 dBi)
[18:06:35.738571] Preflight:
[18:06:35.807573]   [PREFLIGHT] 'pec' y-extent 2.00mm = 1.0 cells — under-resolved (< 3 cells). Consider finer mesh for accurate results.
[18:06:35.807594]   [PREFLIGHT] 'pec' y-extent 2.00mm = 1.0 cells — under-resolved (< 3 cells). Consider finer mesh for accurate results.
[18:06:35.807598]   [PREFLIGHT] 'pec' x-extent 2.00mm = 1.0 cells — under-resolved (< 3 cells). Consider finer mesh for accurate results.
[18:06:35.807601]   [PREFLIGHT] 'pec' x-extent 2.00mm = 1.0 cells — under-resolved (< 3 cells). Consider finer mesh for accurate results.
[18:06:35.807603] 
[18:06:35.807837] /root/workspace/byungkwan-workspace/research/rfx/examples/crossval/25_horn_antenna.py:188: UserWarning: 'pec' y-extent 2.00mm = 1.0 cells — under-resolved (< 3 cells). Consider finer mesh for accurate results.
[18:06:35.807842]   result = sim.run(num_periods=20)
[18:06:35.807845] /root/workspace/byungkwan-workspace/research/rfx/examples/crossval/25_horn_antenna.py:188: UserWarning: 'pec' x-extent 2.00mm = 1.0 cells — under-resolved (< 3 cells). Consider finer mesh for accurate results.
[18:06:35.807848]   result = sim.run(num_periods=20)
[18:06:41.198007] Simulation time: 5.4s
[18:06:46.800266] Directivity: 8.0 dBi (analytical: 4.2 dBi)
[18:06:46.800498] Peak beam direction: theta = 136 deg
[18:06:46.800509] E-plane 3 dB beamwidth: 180 deg
[18:06:46.800514] PASS: Directivity 8.0 dBi in [3, 9] dBi range
[18:06:46.800517] FAIL: peak at theta=136 deg (expected < 45 deg)
[18:06:46.800521] PASS: E-plane 3 dB beamwidth = 180 deg (30-180 deg)
[18:06:47.126616] 
[18:06:47.126638] Plot saved: /root/workspace/byungkwan-workspace/research/rfx/examples/crossval/25_horn_antenna.png
[18:06:47.126643] 
[18:06:47.126647] SOME CHECKS FAILED
[18:06:47.363972] workload reported done
[18:06:47.364072] Workload status changed to stopping
[18:06:56.702598] workload reported done
[18:06:56.702698] Workload status changed to waitToBeKilled
[18:07:00.000000] Stopping container vops-sidecar
[18:07:00.000000] Stopping container run-sidecar
[18:07:00.000000] Stopping container run-exec
[18:07:00.000000] Terminating VESSL Workload...
[18:07:00.000000] Stopping container ttyd-sidecar
[18:07:00.000000] Stopping container fluentbit
[18:07:00.042106] workload failed
[18:07:00.042207] Workload status changed to failed
