Organization: remilab
Project: byungkwan
Displayed last 109 lines of #369367233486.
[18:20:30.161313] workload awaiting to start
[18:20:30.161413] Workload status changed to pending
[18:20:35.641609] Event Reason: FailedScheduling, Event Note: 0/13 nodes are available: pod has unbound immediate PersistentVolumeClaims. preemption: 0/13 nodes are available: 13 Preemption is not helpful for scheduling.
[18:20:35.641609] Workload is in queue for scheduling. Please wait...
[18:20:42.972691] VESSL Workload assigned successfully. Starting soon.
[18:20:43.000000] Container image "quay.io/vessl-ai/kernels-toolbox:0.1.188" already present on machine
[18:20:43.000000] Created container vops-init
[18:20:43.000000] Started container vops-init
[18:20:44.000000] Creating VESSL Workload...
[18:20:44.000000] Starting VESSL Workload...
[18:20:44.000000] Created container run-exec
[18:20:44.000000] Container image "quay.io/vessl-ai/kernels-toolbox:0.1.188" already present on machine
[18:20:44.000000] Started container run-exec
[18:20:44.000000] Started container fluentbit
[18:20:44.000000] Created container fluentbit
[18:20:44.000000] Container image "nvcr.io/nvidia/jax:24.10-py3" already present on machine
[18:20:44.001000] Container image "nvcr.io/nvidia/jax:24.10-py3" already present on machine
[18:20:45.039939] Installing VESSL CLI...
[18:20:45.887820] workload reported alive as pod run-execution-w5b2efgb11uy-0
[18:20:45.887920] Workload status changed to initializing
[18:20:47.052992] + set +x
[18:20:50.206849] vessl, version 0.1.199
[18:20:52.187650] workload reported alive as pod run-execution-w5b2efgb11uy-0
[18:20:52.187750] Workload status changed to running
[18:20:52.413526] + mkdir -p /root
[18:20:52.415404] + cd /root
[18:20:52.416087] + cd /root/workspace/byungkwan-workspace/research/rfx
[18:20:52.422313] + git config --global --add safe.directory /root/workspace/byungkwan-workspace/research/rfx
[18:20:52.432528] + git fetch --all
[18:20:52.465165] Fetching origin
[18:20:53.492745] + git checkout nu-memory-efficient
[18:20:53.988059] Already on 'nu-memory-efficient'
[18:20:54.005267] M	README.md
[18:20:54.005313] M	docs/public/examples/crossval.mdx
[18:20:54.005321] M	docs/public/examples/index.mdx
[18:20:54.005326] M	docs/public/examples/rf-workflows.mdx
[18:20:54.005329] M	docs/public/guide/advanced.md
[18:20:54.005333] M	docs/public/guide/changelog.mdx
[18:20:54.005337] M	docs/public/guide/first-patch.mdx
[18:20:54.005342] M	docs/public/guide/index.md
[18:20:54.005346] M	docs/public/guide/nonuniform-mesh.mdx
[18:20:54.005349] M	docs/public/guide/quickstart.mdx
[18:20:54.005353] M	docs/public/guide/tutorial-patch-antenna.mdx
[18:20:54.005357] M	docs/public/guide/validation.mdx
[18:20:54.005361] M	docs/public/index.mdx
[18:20:54.005365] M	docs/public/validation/cross-solver.mdx
[18:20:54.005369] M	docs/public/validation/index.mdx
[18:20:54.005373] M	docs/public/validation/reference-lane.mdx
[18:20:54.005377] Your branch is up to date with 'origin/nu-memory-efficient'.
[18:20:54.005743] + git pull --ff-only origin nu-memory-efficient
[18:20:55.012219] From https://github.com/bk-squared/rfx
[18:20:55.012263]  * branch            nu-memory-efficient -> FETCH_HEAD
[18:20:55.046813] Already up to date.
[18:20:55.047664] + pip install -q -e '.[dev]'
[18:21:02.680640] WARNING: Running pip as the 'root' user can result in broken permissions and conflicting behaviour with the system package manager. It is recommended to use a virtual environment instead: https://pip.pypa.io/warnings/venv
[18:21:02.843131] + echo '=========================================='
[18:21:02.843131] ==========================================
[18:21:02.843152] + echo 'Issue #31: A+C big-geometry smoke'
[18:21:02.843153] + echo '=========================================='
[18:21:02.843154] + echo 
[18:21:02.843155] + echo '=== Scale 1: 600k cells, n_steps=10000, Phase A+C ==='
[18:21:02.843157] + python scripts/issue31_big_smoke.py --ext-mm 40 --dx-mm 0.5 --n-steps 10000 --n-iters 3 --checkpoint 1 --emit-ts 0
[18:21:02.843159] Issue #31: A+C big-geometry smoke
[18:21:02.843160] ==========================================
[18:21:02.843161] 
[18:21:02.843162] === Scale 1: 600k cells, n_steps=10000, Phase A+C ===
[18:21:03.585941] /root/workspace/byungkwan-workspace/research/rfx/scripts/issue31_big_smoke.py:59: UserWarning: dz_profile has max adjacent cell ratio 2.00 (> 1.3). This may cause numerical reflections. Use rfx.smooth_grading(dz_profile) to fix.
[18:21:03.585973]   sim = Simulation(
[18:21:03.955963] [cfg] nx,ny,nz = 96,96,66  cells = 608,256
[18:21:03.955983] [cfg] n_steps = 10000  iters = 3
[18:21:03.955986] [cfg] checkpoint = True  emit_time_series = False
[18:21:03.955997] [cfg] device = cuda:0 (platform=gpu)
[18:21:03.981652] [cfg] design slab  i=[38,58)  j=[38,58)  k=[4,6)
[18:21:03.981818] [run] tracing + compiling forward+grad ...
[18:21:06.086105] 2026-04-15 09:21:06.085972: W external/xla/xla/service/hlo_rematerialization.cc:3005] Can't reduce memory use below -137.14GiB (-147255487158 bytes) by rematerialization; only reduced to 184.40GiB (198003552702 bytes), down from 184.40GiB (198003628830 bytes) originally
[18:21:23.562362] 2026-04-15 09:21:23.562092: W external/xla/xla/tsl/framework/bfc_allocator.cc:497] Allocator (GPU_0_bfc) ran out of memory trying to allocate 22.66GiB (rounded to 24330240000)requested by op 
[18:21:23.562869] 2026-04-15 09:21:23.562642: W external/xla/xla/tsl/framework/bfc_allocator.cc:508] ****______________________________________________********************______************************
[18:21:23.562984] E0415 09:21:23.562792     220 pjrt_stream_executor_client.cc:3067] Execution of replica 0 failed: RESOURCE_EXHAUSTED: Out of memory while trying to allocate 24330240000 bytes.
[18:21:23.605238] jax.errors.SimplifiedTraceback: For simplicity, JAX has removed its internal frames from the traceback of the following exception. Set JAX_TRACEBACK_FILTERING=off to include these.
[18:21:23.605258] 
[18:21:23.605260] The above exception was the direct cause of the following exception:
[18:21:23.605262] 
[18:21:23.605264] Traceback (most recent call last):
[18:21:23.605267]   File "/root/workspace/byungkwan-workspace/research/rfx/scripts/issue31_big_smoke.py", line 152, in <module>
[18:21:23.605515]     main()
[18:21:23.605533]   File "/root/workspace/byungkwan-workspace/research/rfx/scripts/issue31_big_smoke.py", line 131, in main
[18:21:23.605629]     g0 = float(grad_fn(alpha))  # first call = compile + run
[18:21:23.605632]   File "/root/workspace/byungkwan-workspace/research/rfx/scripts/issue31_big_smoke.py", line 117, in loss_from_alpha
[18:21:23.605719]     _ = sim.forward(eps_override=eps, n_steps=args.n_steps,
[18:21:23.605722]   File "/root/workspace/byungkwan-workspace/research/rfx/rfx/api.py", line 3371, in forward
[18:21:23.606327]     return self._forward_nonuniform_from_materials(
[18:21:23.606330]   File "/root/workspace/byungkwan-workspace/research/rfx/rfx/api.py", line 3292, in _forward_nonuniform_from_materials
[18:21:23.606835]     result = run_nonuniform_path(
[18:21:23.606838]   File "/root/workspace/byungkwan-workspace/research/rfx/rfx/runners/nonuniform.py", line 520, in run_nonuniform_path
[18:21:23.606968]     r = run_nonuniform(
[18:21:23.606972]   File "/root/workspace/byungkwan-workspace/research/rfx/rfx/nonuniform.py", line 840, in run_nonuniform
[18:21:23.607232]     final, time_series = jax.lax.scan(body, carry_init, xs)
[18:21:23.607251] jaxlib.xla_extension.XlaRuntimeError: RESOURCE_EXHAUSTED: Out of memory while trying to allocate 24330240000 bytes.
[18:21:23.803665] workload reported done
[18:21:23.803765] Workload status changed to stopping
[18:21:28.417381] workload reported done
[18:21:28.417481] Workload status changed to waitToBeKilled
[18:21:30.000000] Stopping container vops-sidecar
[18:21:30.000000] Stopping container run-sidecar
[18:21:30.000000] Stopping container run-exec
[18:21:30.000000] Terminating VESSL Workload...
[18:21:30.000000] Stopping container ttyd-sidecar
[18:21:30.177864] workload failed
[18:21:30.177964] Workload status changed to failed
