Organization: remilab
Project: byungkwan
Displayed last 160 lines of #369367233567.
[02:25:56.791514] workload awaiting to start
[02:25:56.791614] Workload status changed to pending
[02:26:02.882714] Event Reason: FailedScheduling, Event Note: 0/13 nodes are available: pod has unbound immediate PersistentVolumeClaims. preemption: 0/13 nodes are available: 13 Preemption is not helpful for scheduling.
[02:26:02.882714] Workload is in queue for scheduling. Please wait...
[02:26:14.527209] VESSL Workload assigned successfully. Starting soon.
[02:26:15.000000] Container image "quay.io/vessl-ai/kernels-toolbox:0.1.188" already present on machine
[02:26:15.000000] Created container vops-init
[02:26:15.000000] Started container vops-init
[02:26:16.000000] Created container vops-sidecar
[02:26:16.000000] Created container ttyd-sidecar
[02:26:16.000000] Starting VESSL Workload...
[02:26:16.000000] Started container vops-sidecar
[02:26:16.000000] Created container run-exec
[02:26:16.000000] Container image "quay.io/vessl-ai/kernels-toolbox:0.1.188" already present on machine
[02:26:16.000000] Started container run-exec
[02:26:16.000000] Started container fluentbit
[02:26:16.000000] Container image "nvcr.io/nvidia/jax:24.10-py3" already present on machine
[02:26:16.000000] Started container ttyd-sidecar
[02:26:16.000000] Container image "quay.io/vessl-ai/fluent-bit:2.1.6" already present on machine
[02:26:16.000000] Container image "quay.io/vessl-ai/sidecar:v0.0.3" already present on machine
[02:26:16.000000] Created container run-sidecar
[02:26:16.001000] Container image "nvcr.io/nvidia/jax:24.10-py3" already present on machine
[02:26:16.916369] Installing VESSL CLI...
[02:26:17.618003] workload reported alive as pod run-execution-7u0yojg0emoe-0
[02:26:17.618103] Workload status changed to initializing
[02:26:18.891216] + set +x
[02:26:21.939665] vessl, version 0.1.199
[02:26:24.047424] workload reported alive as pod run-execution-7u0yojg0emoe-0
[02:26:24.047524] Workload status changed to running
[02:26:24.439308] + mkdir -p /root
[02:26:24.441342] + cd /root
[02:26:24.441716] + cd /root/workspace/byungkwan-workspace/research/rfx
[02:26:24.454206] + git config --global --add safe.directory /root/workspace/byungkwan-workspace/research/rfx
[02:26:24.474697] + git fetch --all
[02:26:24.554143] Fetching origin
[02:26:26.077524] + git checkout main
[02:26:26.855980] Already on 'main'
[02:26:26.879045] M	.gitignore
[02:26:26.879076] M	README.md
[02:26:26.879084] M	docs/agent/overview.mdx
[02:26:26.879090] M	docs/guide/documentation_architecture.md
[02:26:26.879095] M	docs/guides/support_matrix.json
[02:26:26.879099] M	docs/guides/support_matrix.md
[02:26:26.879103] M	docs/public/api/support-boundaries.mdx
[02:26:26.879107] M	docs/public/examples/crossval.mdx
[02:26:26.879111] M	docs/public/examples/index.mdx
[02:26:26.879115] M	docs/public/examples/rf-workflows.mdx
[02:26:26.879119] M	docs/public/guide/advanced.md
[02:26:26.879123] M	docs/public/guide/api-reference.mdx
[02:26:26.879127] M	docs/public/guide/contributing.md
[02:26:26.879131] M	docs/public/guide/first-patch.mdx
[02:26:26.879135] M	docs/public/guide/index.md
[02:26:26.879139] M	docs/public/guide/migration.md
[02:26:26.879143] M	docs/public/guide/nonuniform-mesh.mdx
[02:26:26.879147] M	docs/public/guide/quickstart.mdx
[02:26:26.879151] M	docs/public/guide/subgridding.mdx
[02:26:26.879155] M	docs/public/guide/tutorial-patch-antenna.mdx
[02:26:26.879158] M	docs/public/guide/validation.mdx
[02:26:26.879164] M	docs/public/index.mdx
[02:26:26.879169] M	docs/public/site_map.json
[02:26:26.879173] M	docs/public/validation/cross-solver.mdx
[02:26:26.879178] M	docs/public/validation/index.mdx
[02:26:26.879182] M	docs/public/validation/reference-lane.mdx
[02:26:26.879187] Your branch is up to date with 'origin/main'.
[02:26:26.879506] + git pull --ff-only origin main
[02:26:27.620206] From https://github.com/bk-squared/rfx
[02:26:27.620256]  * branch            main       -> FETCH_HEAD
[02:26:27.696192] Already up to date.
[02:26:27.697161] + pip install -q -e '.[dev]'
[02:26:35.658343] WARNING: Running pip as the 'root' user can result in broken permissions and conflicting behaviour with the system package manager. It is recommended to use a virtual environment instead: https://pip.pypa.io/warnings/venv
[02:26:35.815807] + pip install -q plotly
[02:26:37.738096] WARNING: Running pip as the 'root' user can result in broken permissions and conflicting behaviour with the system package manager. It is recommended to use a virtual environment instead: https://pip.pypa.io/warnings/venv
[02:26:37.778302] === Ground plane sweep: 60mm (baseline), 90mm, 120mm ===
[02:26:37.778312] + echo '=== Ground plane sweep: 60mm (baseline), 90mm, 120mm ==='
[02:26:37.778320] 
[02:26:37.778322] --- gx=60mm, gy=60mm ---
[02:26:37.778330] + echo 
[02:26:37.778333] + echo '--- gx=60mm, gy=60mm ---'
[02:26:37.778335] + timeout 1800 python scripts/issue31_patch_validation.py --dx-mm 1.0 --gx-mm 60 --gy-mm 60 --skip-anim --skip-3d
[02:26:38.754069] [cfg] analytic f_res = 2.4235 GHz
[02:26:38.754123] 
[02:26:38.754130] === [1/4] Harminv ringdown → true f_res ===
[02:26:39.160012] [cfg] cells=599,040
[02:26:43.918169] [run] done in 4.8s
[02:30:17.788826] [result] Harminv f_res = 2.6489 GHz  Q = 29.3  error = 9.30 %  (analytic = 2.4235 GHz)
[02:30:17.788961] 
[02:30:17.788970] === [2/4] S11(f) via lumped port ===
[02:30:18.239602] /opt/jax/jax/_src/numpy/array_methods.py:118: UserWarning: Explicitly requested dtype <class 'jax.numpy.float64'> requested in astype is not available, and will be truncated to dtype float32. To enable more dtypes, set the jax_enable_x64 configuration option or the JAX_ENABLE_X64 shell environment variable. See https://github.com/google/jax#current-gotchas for more.
[02:30:18.239620]   return lax_numpy.astype(self, dtype, copy=copy, device=device)
[02:30:18.239622] /opt/jax/jax/_src/numpy/array_methods.py:118: UserWarning: Explicitly requested dtype <class 'jax.numpy.float64'> requested in astype is not available, and will be truncated to dtype float32. To enable more dtypes, set the jax_enable_x64 configuration option or the JAX_ENABLE_X64 shell environment variable. See https://github.com/google/jax#current-gotchas for more.
[02:30:18.239624]   return lax_numpy.astype(self, dtype, copy=copy, device=device)
[02:30:21.669440] [run] done in 3.9s
[02:30:21.669466] [result] S11 dip: f = 2.6776 GHz, |S11| = -1.62 dB (shallow — port matching artifact)
[02:30:21.756352] [out] /root/workspace/byungkwan-workspace/research/rfx/scripts/../docs/research_notes/issue31_figs/issue31_patch_s11.png
[02:30:21.756382] 
[02:30:21.756385] === [3/4] Far-field radiation pattern at f_res = 2.649 GHz ===
[02:30:26.570812] [run] done in 4.8s
[02:30:31.724254] [out] /root/workspace/byungkwan-workspace/research/rfx/scripts/../docs/research_notes/issue31_figs/issue31_patch_farfield.png  peak at θ=1.0°, φ=172.0°
[02:30:31.911165] 
[02:30:31.911195] --- gx=90mm, gy=90mm ---
[02:30:31.911200] + echo 
[02:30:31.911211] + echo '--- gx=90mm, gy=90mm ---'
[02:30:31.911212] + timeout 1800 python scripts/issue31_patch_validation.py --dx-mm 1.0 --gx-mm 90 --gy-mm 90 --skip-anim --skip-3d
[02:30:32.807692] [cfg] analytic f_res = 2.4235 GHz
[02:30:32.807728] 
[02:30:32.807734] === [1/4] Harminv ringdown → true f_res ===
[02:30:33.151963] [cfg] cells=1,031,940
[02:30:41.409143] [run] done in 8.3s
[02:34:12.115522] [result] Harminv f_res = 2.6463 GHz  Q = 33.8  error = 9.19 %  (analytic = 2.4235 GHz)
[02:34:12.115677] 
[02:34:12.115690] === [2/4] S11(f) via lumped port ===
[02:34:12.562003] /opt/jax/jax/_src/numpy/array_methods.py:118: UserWarning: Explicitly requested dtype <class 'jax.numpy.float64'> requested in astype is not available, and will be truncated to dtype float32. To enable more dtypes, set the jax_enable_x64 configuration option or the JAX_ENABLE_X64 shell environment variable. See https://github.com/google/jax#current-gotchas for more.
[02:34:12.562018]   return lax_numpy.astype(self, dtype, copy=copy, device=device)
[02:34:12.562119] /opt/jax/jax/_src/numpy/array_methods.py:118: UserWarning: Explicitly requested dtype <class 'jax.numpy.float64'> requested in astype is not available, and will be truncated to dtype float32. To enable more dtypes, set the jax_enable_x64 configuration option or the JAX_ENABLE_X64 shell environment variable. See https://github.com/google/jax#current-gotchas for more.
[02:34:12.562128]   return lax_numpy.astype(self, dtype, copy=copy, device=device)
[02:34:18.758122] [run] done in 6.6s
[02:34:18.758143] [result] S11 dip: f = 2.6776 GHz, |S11| = -1.63 dB (shallow — port matching artifact)
[02:34:18.834286] [out] /root/workspace/byungkwan-workspace/research/rfx/scripts/../docs/research_notes/issue31_figs/issue31_patch_s11.png
[02:34:18.834381] 
[02:34:18.834391] === [3/4] Far-field radiation pattern at f_res = 2.646 GHz ===
[02:34:26.010902] [run] done in 7.2s
[02:34:31.244323] [out] /root/workspace/byungkwan-workspace/research/rfx/scripts/../docs/research_notes/issue31_figs/issue31_patch_farfield.png  peak at θ=2.0°, φ=214.0°
[02:34:31.433399] 
[02:34:31.433425] --- gx=120mm, gy=120mm ---
[02:34:31.433438] + echo 
[02:34:31.433441] + echo '--- gx=120mm, gy=120mm ---'
[02:34:31.433444] + timeout 1800 python scripts/issue31_patch_validation.py --dx-mm 1.0 --gx-mm 120 --gy-mm 120 --skip-anim --skip-3d
[02:34:32.245338] [cfg] analytic f_res = 2.4235 GHz
[02:34:32.245365] 
[02:34:32.245368] === [1/4] Harminv ringdown → true f_res ===
[02:34:32.565253] [cfg] cells=1,581,840
[02:34:40.772129] [run] done in 8.2s
[02:38:15.994593] [result] Harminv f_res = 2.6455 GHz  Q = 33.1  error = 9.16 %  (analytic = 2.4235 GHz)
[02:38:15.994716] 
[02:38:15.994721] === [2/4] S11(f) via lumped port ===
[02:38:16.506644] /opt/jax/jax/_src/numpy/array_methods.py:118: UserWarning: Explicitly requested dtype <class 'jax.numpy.float64'> requested in astype is not available, and will be truncated to dtype float32. To enable more dtypes, set the jax_enable_x64 configuration option or the JAX_ENABLE_X64 shell environment variable. See https://github.com/google/jax#current-gotchas for more.
[02:38:16.506659]   return lax_numpy.astype(self, dtype, copy=copy, device=device)
[02:38:16.506664] /opt/jax/jax/_src/numpy/array_methods.py:118: UserWarning: Explicitly requested dtype <class 'jax.numpy.float64'> requested in astype is not available, and will be truncated to dtype float32. To enable more dtypes, set the jax_enable_x64 configuration option or the JAX_ENABLE_X64 shell environment variable. See https://github.com/google/jax#current-gotchas for more.
[02:38:16.506665]   return lax_numpy.astype(self, dtype, copy=copy, device=device)
[02:38:22.389704] [run] done in 6.4s
[02:38:22.389722] [result] S11 dip: f = 2.6776 GHz, |S11| = -1.62 dB (shallow — port matching artifact)
[02:38:22.476695] [out] /root/workspace/byungkwan-workspace/research/rfx/scripts/../docs/research_notes/issue31_figs/issue31_patch_s11.png
[02:38:22.476709] 
[02:38:22.476710] === [3/4] Far-field radiation pattern at f_res = 2.645 GHz ===
[02:38:30.192092] [run] done in 7.7s
[02:38:35.421776] [out] /root/workspace/byungkwan-workspace/research/rfx/scripts/../docs/research_notes/issue31_figs/issue31_patch_farfield.png  peak at θ=2.0°, φ=206.0°
[02:38:35.620466] === DONE ===
[02:38:35.620476] + echo '=== DONE ==='
[02:38:35.632790] workload reported done
[02:38:35.632890] Workload status changed to stopping
[02:38:40.489130] + set +x
[02:38:45.511249] workload reported done
[02:38:45.511349] Workload status changed to waitToBeKilled
[02:38:48.000000] Stopping container vops-sidecar
[02:38:48.000000] Stopping container run-sidecar
[02:38:48.000000] Stopping container run-exec
[02:38:48.000000] Terminating VESSL Workload...
[02:38:48.000000] Stopping container fluentbit
[02:38:48.148820] workload completed
[02:38:48.148920] Workload status changed to completed
