Organization: remilab
Project: byungkwan
Displayed last 141 lines of #369367233509.
[20:00:34.054576] workload awaiting to start
[20:00:34.054677] Workload status changed to pending
[20:00:38.994676] Event Reason: FailedScheduling, Event Note: 0/13 nodes are available: pod has unbound immediate PersistentVolumeClaims. preemption: 0/13 nodes are available: 13 Preemption is not helpful for scheduling.
[20:00:38.994676] Workload is in queue for scheduling. Please wait...
[20:00:43.299092] VESSL Workload assigned successfully. Starting soon.
[20:00:44.000000] Container image "quay.io/vessl-ai/kernels-toolbox:0.1.188" already present on machine
[20:00:44.000000] Created container vops-init
[20:00:44.000000] Started container vops-init
[20:00:45.000000] Creating VESSL Workload...
[20:00:45.000000] Starting VESSL Workload...
[20:00:45.000000] Created container run-exec
[20:00:45.000000] Started container run-exec
[20:00:45.000000] Container image "nvcr.io/nvidia/jax:24.10-py3" already present on machine
[20:00:45.000000] Container image "quay.io/vessl-ai/sidecar:v0.0.3" already present on machine
[20:00:45.000000] Created container run-sidecar
[20:00:45.001000] Container image "nvcr.io/nvidia/jax:24.10-py3" already present on machine
[20:00:46.000000] Created container ttyd-sidecar
[20:00:46.000000] Started container vops-sidecar
[20:00:46.000000] Started container fluentbit
[20:00:46.379761] Installing VESSL CLI...
[20:00:47.108929] workload reported alive as pod run-execution-srfe3e9ho9o4-0
[20:00:47.109029] Workload status changed to initializing
[20:00:48.212466] + set +x
[20:00:50.829191] vessl, version 0.1.199
[20:00:53.365220] workload reported alive as pod run-execution-srfe3e9ho9o4-0
[20:00:53.365320] Workload status changed to running
[20:00:53.456765] + mkdir -p /root
[20:00:53.458757] + cd /root
[20:00:53.459488] + cd /root/workspace/byungkwan-workspace/research/rfx
[20:00:53.466940] + git config --global --add safe.directory /root/workspace/byungkwan-workspace/research/rfx
[20:00:53.478905] + git fetch --all
[20:00:53.519528] Fetching origin
[20:00:54.588350] + git checkout nu-memory-efficient
[20:00:55.132082] Already on 'nu-memory-efficient'
[20:00:55.151119] M	.gitignore
[20:00:55.151161] M	README.md
[20:00:55.151168] M	docs/agent/overview.mdx
[20:00:55.151178] M	docs/public/api/support-boundaries.mdx
[20:00:55.151189] M	docs/public/examples/crossval.mdx
[20:00:55.151193] M	docs/public/examples/index.mdx
[20:00:55.151198] M	docs/public/examples/rf-workflows.mdx
[20:00:55.151202] M	docs/public/guide/advanced.md
[20:00:55.151206] M	docs/public/guide/api-reference.mdx
[20:00:55.151210] M	docs/public/guide/changelog.mdx
[20:00:55.151214] M	docs/public/guide/contributing.md
[20:00:55.151217] M	docs/public/guide/first-patch.mdx
[20:00:55.151222] M	docs/public/guide/index.md
[20:00:55.151226] M	docs/public/guide/migration.md
[20:00:55.151229] M	docs/public/guide/nonuniform-mesh.mdx
[20:00:55.151233] M	docs/public/guide/quickstart.mdx
[20:00:55.151237] M	docs/public/guide/subgridding.mdx
[20:00:55.151241] M	docs/public/guide/tutorial-patch-antenna.mdx
[20:00:55.151245] M	docs/public/guide/validation.mdx
[20:00:55.151249] M	docs/public/index.mdx
[20:00:55.151253] M	docs/public/site_map.json
[20:00:55.151257] M	docs/public/validation/cross-solver.mdx
[20:00:55.151262] M	docs/public/validation/index.mdx
[20:00:55.151267] M	docs/public/validation/reference-lane.mdx
[20:00:55.151271] Your branch is up to date with 'origin/nu-memory-efficient'.
[20:00:55.151665] + git pull --ff-only origin nu-memory-efficient
[20:00:55.760942] From https://github.com/bk-squared/rfx
[20:00:55.760981]  * branch            nu-memory-efficient -> FETCH_HEAD
[20:00:55.800657] Already up to date.
[20:00:55.801346] + pip install -q -e '.[dev]'
[20:01:02.654607] WARNING: Running pip as the 'root' user can result in broken permissions and conflicting behaviour with the system package manager. It is recommended to use a virtual environment instead: https://pip.pypa.io/warnings/venv
[20:01:02.777778] + echo '=========================================='
[20:01:02.777779] ==========================================
[20:01:02.777803] + echo 'Issue #31 — segmented + stable FDTD physics'
[20:01:02.777806] + echo 'Geometry: 2.4 GHz FR4 patch antenna (from nonuniform_patch_demo.py)'
[20:01:02.777808] + echo 'Design dof: substrate eps_r perturbation; loss = sum(probe_ts^2)'
[20:01:02.777809] + echo '=========================================='
[20:01:02.777811] + echo 
[20:01:02.777813] + echo '=== dx=1mm, n_steps=2000, chunk=64, 6 iters ==='
[20:01:02.777815] + timeout 600 python scripts/issue31_big_smoke.py --dx-mm 1.0 --n-steps 2000 --n-iters 6 --checkpoint 1 --emit-ts 1 --checkpoint-every 64
[20:01:02.777821] Issue #31 — segmented + stable FDTD physics
[20:01:02.777832] Geometry: 2.4 GHz FR4 patch antenna (from nonuniform_patch_demo.py)
[20:01:02.777834] Design dof: substrate eps_r perturbation; loss = sum(probe_ts^2)
[20:01:02.777836] ==========================================
[20:01:02.777837] 
[20:01:02.777838] === dx=1mm, n_steps=2000, chunk=64, 6 iters ===
[20:01:04.128361] [cfg] nx,ny,nz = 96,91,69  cells = 602,784
[20:01:04.128380] [cfg] n_steps = 2000  iters = 6
[20:01:04.128383] [cfg] checkpoint=True  emit_ts=True  checkpoint_every=64
[20:01:04.128385] [cfg] device = cuda:0 (platform=gpu)
[20:01:04.128802] [run] tracing + compiling forward+grad ...
[20:01:16.299510] [run] first grad call OK  loss=6.6079e+16  grad=2.4464e+16  elapsed=12.2s  peak=2.558093312 GB
[20:01:26.698386] [iter 1] alpha=-0.1000  loss=+6.6079e+16  grad=+2.4464e+16  dt=10.4s  peak=2.558093312 GB
[20:01:37.239344] [iter 2] alpha=-0.2000  loss=+6.3872e+16  grad=+1.9340e+16  dt=10.5s  peak=2.558093312 GB
[20:01:47.547825] [iter 3] alpha=-0.3000  loss=+6.2240e+16  grad=+1.3382e+16  dt=10.3s  peak=2.558093312 GB
[20:01:58.131392] [iter 4] alpha=-0.4000  loss=+6.1138e+16  grad=+9.1184e+15  dt=10.6s  peak=2.558093312 GB
[20:02:08.766333] [iter 5] alpha=-0.5000  loss=+6.0297e+16  grad=+8.3812e+15  dt=10.6s  peak=2.558093312 GB
[20:02:08.766411] 
[20:02:08.766426] [result] PASS  peak_GB=2.558093312  cells=602,784  n_steps=2000
[20:02:09.480719] 
[20:02:09.480721] + echo 
[20:02:09.480736] === dx=1mm, n_steps=10000, chunk=100, 4 iters ===
[20:02:09.480740] + echo '=== dx=1mm, n_steps=10000, chunk=100, 4 iters ==='
[20:02:09.480741] + timeout 1800 python scripts/issue31_big_smoke.py --dx-mm 1.0 --n-steps 10000 --n-iters 4 --checkpoint 1 --emit-ts 1 --checkpoint-every 100
[20:02:10.557742] [cfg] nx,ny,nz = 96,91,69  cells = 602,784
[20:02:10.557759] [cfg] n_steps = 10000  iters = 4
[20:02:10.557761] [cfg] checkpoint=True  emit_ts=True  checkpoint_every=100
[20:02:10.557762] [cfg] device = cuda:0 (platform=gpu)
[20:02:10.557937] [run] tracing + compiling forward+grad ...
[20:02:27.296289] [run] first grad call OK  loss=3.8333e+17  grad=6.7011e+16  elapsed=16.7s  peak=5.841867008 GB
[20:02:42.398766] [iter 1] alpha=-0.1000  loss=+3.8333e+17  grad=+6.7011e+16  dt=15.1s  peak=5.841867008 GB
[20:02:57.396371] [iter 2] alpha=-0.2000  loss=+3.7858e+17  grad=+1.5349e+17  dt=15.0s  peak=5.841867008 GB
[20:03:12.443674] [iter 3] alpha=-0.3000  loss=+3.6364e+17  grad=+1.3754e+17  dt=15.0s  peak=5.841867008 GB
[20:03:12.443728] 
[20:03:12.443737] [result] PASS  peak_GB=5.841867008  cells=602,784  n_steps=10000
[20:03:13.034337] 
[20:03:13.034341] + echo 
[20:03:13.034354] === dx=0.6mm, n_steps=5000, chunk=100, 4 iters ===
[20:03:13.034359] + echo '=== dx=0.6mm, n_steps=5000, chunk=100, 4 iters ==='
[20:03:13.034361] + timeout 1800 python scripts/issue31_big_smoke.py --dx-mm 0.6 --n-steps 5000 --n-iters 4 --checkpoint 1 --emit-ts 1 --checkpoint-every 100
[20:03:14.065560] [cfg] nx,ny,nz = 149,141,91  cells = 1,911,819
[20:03:14.065576] [cfg] n_steps = 5000  iters = 4
[20:03:14.065578] [cfg] checkpoint=True  emit_ts=True  checkpoint_every=100
[20:03:14.065580] [cfg] device = cuda:0 (platform=gpu)
[20:03:14.065753] [run] tracing + compiling forward+grad ...
[20:03:32.803047] [run] first grad call OK  loss=1.8993e+14  grad=-1.9893e+13  elapsed=18.7s  peak=11.50306944 GB
[20:03:49.901962] [iter 1] alpha=+0.1000  loss=+1.8993e+14  grad=-1.9893e+13  dt=17.1s  peak=11.50306944 GB
[20:04:07.057869] [iter 2] alpha=+0.2000  loss=+1.8790e+14  grad=-2.0723e+13  dt=17.2s  peak=11.503069696 GB
[20:04:24.344922] [iter 3] alpha=+0.3000  loss=+1.8579e+14  grad=-2.1402e+13  dt=17.3s  peak=11.503069696 GB
[20:04:24.344969] 
[20:04:24.344979] [result] PASS  peak_GB=11.503069696  cells=1,911,819  n_steps=5000
[20:04:24.955154] + echo 
[20:04:24.955161] 
[20:04:24.955175] + echo '=== DONE ==='
[20:04:24.955179] === DONE ===
[20:04:24.982475] workload reported done
[20:04:24.982575] Workload status changed to stopping
[20:04:29.492774] + set +x
[20:04:34.523427] workload reported done
[20:04:34.523528] Workload status changed to waitToBeKilled
[20:04:36.000000] Stopping container vops-sidecar
[20:04:36.000000] Stopping container run-sidecar
[20:04:36.000000] Stopping container run-exec
[20:04:36.000000] Terminating VESSL Workload...
[20:04:36.000000] Stopping container ttyd-sidecar
[20:04:36.166834] workload completed
[20:04:36.166934] Workload status changed to completed
