Organization: remilab
Project: byungkwan
Displayed last 200 lines of #369367233193.
[17:14:54.284008] platform linux -- Python 3.10.12, pytest-9.0.3, pluggy-1.6.0 -- /usr/bin/python3
[17:14:54.285244] cachedir: .pytest_cache
[17:14:54.285257] rootdir: /root/workspace/byungkwan-workspace/research/rfx
[17:14:54.285261] configfile: pyproject.toml
[17:14:54.285265] plugins: xdist-3.8.0
[17:14:54.630667] collecting ... collected 15 items
[17:14:54.630896] 
[17:14:57.550184] tests/test_sbp_sat_jit.py::TestJITBasic::test_jit_pec_runs_without_error PASSED
[17:15:02.748553] tests/test_sbp_sat_jit.py::TestJITBasic::test_jit_cpml_runs_without_error PASSED
[17:15:04.557030] tests/test_sbp_sat_jit.py::TestJITBasic::test_jit_produces_nonzero_fields PASSED
[17:15:06.319360] tests/test_sbp_sat_jit.py::TestJITBasic::test_jit_time_series_shape PASSED
[17:15:07.606902] tests/test_sbp_sat_jit.py::TestJITBasic::test_jit_time_series_nonzero PASSED
[17:15:09.150526] tests/test_sbp_sat_jit.py::TestJITEdgeCases::test_jit_no_probe PASSED
[17:15:10.662152] tests/test_sbp_sat_jit.py::TestJITEdgeCases::test_jit_no_source PASSED
[17:15:12.509689] tests/test_sbp_sat_jit.py::TestJITStability::test_jit_fields_finite_1000_steps PASSED
[17:15:13.844361] tests/test_sbp_sat_jit.py::TestJITStability::test_jit_energy_stable_1000_steps PASSED
[17:15:18.845213] tests/test_sbp_sat_jit.py::TestJITStability::test_jit_cpml_fields_finite PASSED
[17:15:20.824292] tests/test_sbp_sat_jit.py::TestJITRunnerDirect::test_direct_jit_runner_pec PASSED
[17:15:23.191408] tests/test_sbp_sat_jit.py::TestJITRunnerDirect::test_direct_jit_runner_no_probes_no_sources PASSED
[17:15:43.610461] tests/test_sbp_sat_jit.py::TestJITRunnerHCoupling::test_jit_runner_h_coupling_energy PASSED
[17:15:46.237408] tests/test_sbp_sat_jit.py::TestSubgridMaterialTransition::test_dielectric_crossing_boundary_stable PASSED
[17:15:49.376145] tests/test_sbp_sat_jit.py::TestSubgridMaterialTransition::test_dielectric_changes_field_amplitude FAILED
[17:15:49.376175] 
[17:15:49.376208] =================================== FAILURES ===================================
[17:15:49.376257] ____ TestSubgridMaterialTransition.test_dielectric_changes_field_amplitude _____
[17:15:49.376272] tests/test_sbp_sat_jit.py:474: in test_dielectric_changes_field_amplitude
[17:15:49.376278]     assert rel_diff > 0.01, (
[17:15:49.376282] E   AssertionError: Dielectric should change signal: rel_diff=0.0059
[17:15:49.376287] E   assert 0.005908099316551531 > 0.01
[17:15:49.376317] =============================== warnings summary ===============================
[17:15:49.376323] tests/test_sbp_sat_jit.py::TestJITBasic::test_jit_cpml_runs_without_error
[17:15:49.376327] tests/test_sbp_sat_jit.py::TestJITStability::test_jit_cpml_fields_finite
[17:15:49.376338]   /root/workspace/byungkwan-workspace/research/rfx/tests/test_sbp_sat_jit.py:33: UserWarning: Subgrid z_range=(15.0, 25.0)mm overlaps PML region (thickness=48.0mm). This causes late-time energy growth. Move z_range inside the PML boundary for stable results.
[17:15:49.376353]     sim.add_refinement(z_range=(0.015, 0.025), ratio=2)
[17:15:49.376358] 
[17:15:49.376373] tests/test_sbp_sat_jit.py::TestJITEdgeCases::test_jit_no_source
[17:15:49.376382]   /root/workspace/byungkwan-workspace/research/rfx/tests/test_sbp_sat_jit.py:99: UserWarning: No sources, ports, TFSF, or waveguide/Floquet ports configured. Simulation will produce zero fields.
[17:15:49.376387]     result = sim.run(n_steps=50)
[17:15:49.376391] 
[17:15:49.376395] -- Docs: https://docs.pytest.org/en/stable/how-to/capture-warnings.html
[17:15:49.376562] =========================== short test summary info ============================
[17:15:49.376576] FAILED tests/test_sbp_sat_jit.py::TestSubgridMaterialTransition::test_dielectric_changes_field_amplitude
[17:15:49.376607] ================== 1 failed, 14 passed, 3 warnings in 55.09s ===================
[17:15:50.336380] + FAIL=1
[17:15:50.336402] + echo 
[17:15:50.336407] + echo '=== 3. SBP-SAT alpha tests ==='
[17:15:50.336410] + pytest tests/test_sbp_sat_alpha.py -vs '--tb=short'
[17:15:50.336411] 
[17:15:50.336420] === 3. SBP-SAT alpha tests ===
[17:15:50.458459] ============================= test session starts ==============================
[17:15:50.458478] platform linux -- Python 3.10.12, pytest-9.0.3, pluggy-1.6.0 -- /usr/bin/python3
[17:15:50.459687] cachedir: .pytest_cache
[17:15:50.459697] rootdir: /root/workspace/byungkwan-workspace/research/rfx
[17:15:50.459704] configfile: pyproject.toml
[17:15:50.459709] plugins: xdist-3.8.0
[17:15:51.097447] collecting ... collected 10 items
[17:15:51.097656] 
[17:15:51.098239] tests/test_sbp_sat_alpha.py::TestSBPSATAlpha::test_default_tau_is_half PASSED
[17:15:51.098578] tests/test_sbp_sat_alpha.py::TestSBPSATAlpha::test_custom_tau_stored PASSED
[17:15:57.124199] tests/test_sbp_sat_alpha.py::TestSBPSATAlpha::test_custom_tau_accepted PASSED
[17:16:01.835168] tests/test_sbp_sat_alpha.py::TestSBPSATAlpha::test_default_tau_runs PASSED
[17:16:01.866794] tests/test_sbp_sat_alpha.py::TestSBPSATAlpha::test_tau_propagates_to_config PASSED
[17:16:01.927161] tests/test_sbp_sat_alpha.py::TestSBPSATAlpha::test_init_subgrid_3d_tau_passthrough PASSED
[17:16:01.929582] tests/test_sbp_sat_alpha.py::TestSBPSATAlpha::test_init_subgrid_3d_default_tau PASSED
[17:16:51.576303] tests/test_sbp_sat_alpha.py::TestSBPSATAlpha::test_different_tau_different_results FAILED
[17:16:51.585428] tests/test_sbp_sat_alpha.py::TestSBPSATAlpha::test_alpha_values_are_dimensionless PASSED
[17:18:56.326517] tests/test_sbp_sat_alpha.py::TestSBPSATAlpha::test_energy_stable_after_fix PASSED
[17:18:56.326548] 
[17:18:56.326555] =================================== FAILURES ===================================
[17:18:56.326570] _____________ TestSBPSATAlpha.test_different_tau_different_results _____________
[17:18:56.326589] tests/test_sbp_sat_alpha.py:106: in test_different_tau_different_results
[17:18:56.326601]     assert diff > 1e-10, (
[17:18:56.326608] E   AssertionError: Different tau values produced identical results (diff=0.00e+00); alpha cap bug likely still present
[17:18:56.326614] E   assert 0.0 > 1e-10
[17:18:56.326934] =========================== short test summary info ============================
[17:18:56.326949] FAILED tests/test_sbp_sat_alpha.py::TestSBPSATAlpha::test_different_tau_different_results
[17:18:56.327002] =================== 1 failed, 9 passed in 185.87s (0:03:05) ====================
[17:18:56.848622] + FAIL=1
[17:18:56.848649] + echo 
[17:18:56.848653] 
[17:18:56.848654] + echo '=== 4. Subgrid accuracy crossval (slab + 3D cavity) ==='
[17:18:56.848672] === 4. Subgrid accuracy crossval (slab + 3D cavity) ===
[17:18:56.848683] + pytest tests/test_subgrid_crossval.py -vs '--tb=short'
[17:18:56.984892] ============================= test session starts ==============================
[17:18:56.984912] platform linux -- Python 3.10.12, pytest-9.0.3, pluggy-1.6.0 -- /usr/bin/python3
[17:18:56.985775] cachedir: .pytest_cache
[17:18:56.985784] rootdir: /root/workspace/byungkwan-workspace/research/rfx
[17:18:56.985789] configfile: pyproject.toml
[17:18:56.985792] plugins: xdist-3.8.0
[17:18:57.075014] collecting ... collected 4 items
[17:18:57.075542] 
[17:19:05.570075] tests/test_subgrid_crossval.py::TestSlabCavitySubgrid::test_slab_transmitted_rms_error 
[17:19:05.570104] Slab cavity crossval:
[17:19:05.570109]   Ref: dt=1.907e-12s, 1000 steps, max=3.141509e-03
[17:19:05.570113]   Sub: dt=1.907e-12s, 1100 steps, max=1.126832e-03
[17:19:05.570116]   RMS error (time-aligned): 71.558%
[17:19:05.622050] FAILED
[17:19:08.205454] tests/test_subgrid_crossval.py::TestSlabCavitySubgrid::test_slab_signals_finite PASSED
[17:19:12.014003] tests/test_subgrid_crossval.py::TestCavitySubgrid::test_cavity_probe_rms_error 
[17:19:12.014035] 3D cavity crossval:
[17:19:12.014041]   Ref: dt=1.907e-12s, 1000 steps, max=1.459134e-03
[17:19:12.014046]   Sub: dt=1.907e-12s, 1100 steps, max=7.781413e-04
[17:19:12.014050]   RMS error (time-aligned): 93.103%
[17:19:12.017472] FAILED
[17:19:13.577257] tests/test_subgrid_crossval.py::TestCavitySubgrid::test_cavity_signals_finite PASSED
[17:19:13.577283] 
[17:19:13.577297] =================================== FAILURES ===================================
[17:19:13.577326] ____________ TestSlabCavitySubgrid.test_slab_transmitted_rms_error _____________
[17:19:13.577353] tests/test_subgrid_crossval.py:114: in test_slab_transmitted_rms_error
[17:19:13.577375]     assert err < 0.05, f"Slab cavity: RMS error {err:.3%} >= 5%"
[17:19:13.577384] E   AssertionError: Slab cavity: RMS error 71.558% >= 5%
[17:19:13.577390] E   assert 0.7155793207241857 < 0.05
[17:19:13.577442] ________________ TestCavitySubgrid.test_cavity_probe_rms_error _________________
[17:19:13.577454] tests/test_subgrid_crossval.py:182: in test_cavity_probe_rms_error
[17:19:13.577484]     assert err < 0.10, f"3D cavity: RMS error {err:.3%} >= 10%"
[17:19:13.577502] E   AssertionError: 3D cavity: RMS error 93.103% >= 10%
[17:19:13.577515] E   assert 0.9310298701742441 < 0.1
[17:19:13.577818] =========================== short test summary info ============================
[17:19:13.577834] FAILED tests/test_subgrid_crossval.py::TestSlabCavitySubgrid::test_slab_transmitted_rms_error
[17:19:13.577842] FAILED tests/test_subgrid_crossval.py::TestCavitySubgrid::test_cavity_probe_rms_error
[17:19:13.577919] ========================= 2 failed, 2 passed in 16.59s =========================
[17:19:14.159602] 
[17:19:14.159602] + FAIL=1
[17:19:14.159625] + echo 
[17:19:14.159630] + echo '=== 5. Full gpu test suite (regression check) ==='
[17:19:14.159635] + pytest tests/ -m gpu '--tb=short' -q '--ignore=tests/test_meep_crossval.py' '--ignore=tests/test_meep_crossval_patch.py' '--ignore=tests/test_openems_crossval.py' '--ignore=tests/test_crossval_comprehensive.py' '--ignore=tests/test_distributed.py' -k 'not slow'
[17:19:14.159663] === 5. Full gpu test suite (regression check) ===
[17:35:34.626551] ........................................................................ [ 45%]
[17:42:43.010348] ........................................................................ [ 91%]
[17:43:03.081106] ..............                                                           [100%]
[17:43:03.081139] =============================== warnings summary ===============================
[17:43:03.081150] tests/test_adi.py::test_simulation_adi_internal_pec_geometry_masks_ez
[17:43:03.081161]   /root/workspace/byungkwan-workspace/research/rfx/tests/test_adi.py:289: UserWarning: Auto mesh: dx=1.000mm (30 cells/λ). Set dx= explicitly to suppress.
[17:43:03.081167]     result = sim.run(n_steps=20)
[17:43:03.081171] 
[17:43:03.081176] tests/test_adi.py::test_simulation_adi_internal_pec_geometry_masks_ez
[17:43:03.081185]   /root/workspace/byungkwan-workspace/research/rfx/tests/test_adi.py:289: UserWarning: Estimated 100000 steps (high Q=1000). Consider reducing freq_range or using decay-based stopping.
[17:43:03.081190]     result = sim.run(n_steps=20)
[17:43:03.081195] 
[17:43:03.081199] tests/test_adi.py::test_simulation_adi_internal_pec_geometry_masks_ez
[17:43:03.081209]   /root/workspace/byungkwan-workspace/research/rfx/tests/test_adi.py:289: UserWarning: Port/source at (0.01, 0.01, 0.0) is inside PEC geometry 'pec'. Field will be zero. Move source outside PEC.
[17:43:03.081228]     result = sim.run(n_steps=20)
[17:43:03.081234] 
[17:43:03.081238] tests/test_adi.py::test_simulation_adi_cpml_boundary
[17:43:03.081243]   /root/workspace/byungkwan-workspace/research/rfx/tests/test_adi.py:309: UserWarning: Probe at (0.012, 0.01, 0.0) is near/inside CPML region (CPML z-thickness=12.0mm). Signal will be attenuated. Move probe to interior.
[17:43:03.081248]     result = sim.run(n_steps=20)
[17:43:03.081252] 
[17:43:03.081256] tests/test_adi.py::test_simulation_adi_cpml_boundary
[17:43:03.081269]   /root/workspace/byungkwan-workspace/research/rfx/tests/test_adi.py:309: UserWarning: Source/port at (0.01, 0.01, 0.0) is near/inside CPML region (CPML z-thickness=12.0mm). Energy will be absorbed. Move source to interior.
[17:43:03.081275]     result = sim.run(n_steps=20)
[17:43:03.081280] 
[17:43:03.081284] tests/test_adi.py::test_simulation_adi_lossy_material
[17:43:03.081289]   /root/workspace/byungkwan-workspace/research/rfx/tests/test_adi.py:323: UserWarning: Auto mesh: dx=1.000mm (30 cells/λ). Set dx= explicitly to suppress.
[17:43:03.081293]     result = sim.run(n_steps=20)
[17:43:03.081297] 
[17:43:03.081308] tests/test_conformal_convergence.py::TestConformalConvergence::test_api_conformal_convergence
[17:43:03.081313]   /root/workspace/byungkwan-workspace/research/rfx/tests/test_conformal_convergence.py:279: UserWarning: Auto mesh: dx=2.500mm (24 cells/λ). Set dx= explicitly to suppress.
[17:43:03.081328]     result_conf = sim.run(n_steps=200, conformal_pec=True)
[17:43:03.081332] 
[17:43:03.081337] tests/test_conformal_convergence.py::TestConformalConvergence::test_api_conformal_convergence
[17:43:03.081343]   /root/workspace/byungkwan-workspace/research/rfx/tests/test_conformal_convergence.py:279: UserWarning: Estimated 100000 steps (high Q=1000). Consider reducing freq_range or using decay-based stopping.
[17:43:03.081347]     result_conf = sim.run(n_steps=200, conformal_pec=True)
[17:43:03.081352] 
[17:43:03.081356] tests/test_conformal_convergence.py::TestConformalConvergence::test_api_conformal_convergence
[17:43:03.081361]   /root/workspace/byungkwan-workspace/research/rfx/tests/test_conformal_convergence.py:279: UserWarning: Source/port at (0.03, 0.03, 0.005) is near/inside CPML region (CPML z-thickness=20.0mm). Energy will be absorbed. Move source to interior.
[17:43:03.081365]     result_conf = sim.run(n_steps=200, conformal_pec=True)
[17:43:03.081369] 
[17:43:03.081373] tests/test_conformal_convergence.py::TestConformalConvergence::test_api_conformal_convergence
[17:43:03.081378]   /root/workspace/byungkwan-workspace/research/rfx/tests/test_conformal_convergence.py:280: UserWarning: Source/port at (0.03, 0.03, 0.005) is near/inside CPML region (CPML z-thickness=20.0mm). Energy will be absorbed. Move source to interior.
[17:43:03.081382]     result_stair = sim.run(n_steps=200)
[17:43:03.081386] 
[17:43:03.081392] tests/test_vmap_sweep.py::TestVmapSweepCPML::test_cpml_vmap_matches_sequential
[17:43:03.081396] tests/test_vmap_sweep.py::TestVmapSweepCPML::test_cpml_vmap_matches_sequential
[17:43:03.081401]   /root/workspace/byungkwan-workspace/research/rfx/tests/test_vmap_sweep.py:209: UserWarning: Probe at (0.005, 0.01, 0.01) is near/inside CPML region (CPML x-thickness=12.0mm). Signal will be attenuated. Move probe to interior.
[17:43:03.081405]     single_result = sim_single.run(n_steps=n_steps)
[17:43:03.081409] 
[17:43:03.081417] tests/test_vmap_sweep.py::TestVmapSweepCPML::test_cpml_vmap_matches_sequential
[17:43:03.081421] tests/test_vmap_sweep.py::TestVmapSweepCPML::test_cpml_vmap_matches_sequential
[17:43:03.081425]   /root/workspace/byungkwan-workspace/research/rfx/tests/test_vmap_sweep.py:209: UserWarning: Material 'substrate' extends into CPML region along y-axis. CPML assumes vacuum — dielectric in absorber causes increased reflections.
[17:43:03.081429]     single_result = sim_single.run(n_steps=n_steps)
[17:43:03.081434] 
[17:43:03.081439] -- Docs: https://docs.pytest.org/en/stable/how-to/capture-warnings.html
[17:43:03.081628] 158 passed, 584 deselected, 14 warnings in 1428.80s (0:23:48)
[17:43:21.380513] 
[17:43:21.380535] + echo 
[17:43:21.380548] === DONE (FAIL=1) ===
[17:43:21.380564] + echo '=== DONE (FAIL=1) ==='
[17:43:21.380569] + exit 1
[17:43:21.405705] workload reported done
[17:43:21.405805] Workload status changed to stopping
[17:43:31.860951] workload reported done
[17:43:31.861051] Workload status changed to waitToBeKilled
[17:43:33.000000] Stopping container vops-sidecar
[17:43:33.000000] Stopping container run-sidecar
[17:43:33.000000] Stopping container run-exec
[17:43:33.000000] Terminating VESSL Workload...
[17:43:33.000000] Stopping container ttyd-sidecar
[17:43:33.000000] Stopping container fluentbit
[17:43:33.222385] workload failed
[17:43:33.222485] Workload status changed to failed
