Organization: remilab
Project: byungkwan
Displayed last 96 lines of #369367233300.
[15:17:14.928066] workload awaiting to start
[15:17:14.928166] Workload status changed to pending
[15:17:20.936186] Event Reason: FailedScheduling, Event Note: 0/13 nodes are available: pod has unbound immediate PersistentVolumeClaims. preemption: 0/13 nodes are available: 13 Preemption is not helpful for scheduling.
[15:17:20.936186] Workload is in queue for scheduling. Please wait...
[15:17:22.941346] Event Reason: FailedScheduling, Event Note: 0/13 nodes are available: pod has unbound immediate PersistentVolumeClaims. preemption: 0/13 nodes are available: 13 Preemption is not helpful for scheduling.
[15:17:22.941346] Workload is in queue for scheduling. Please wait...
[15:17:25.437844] VESSL Workload assigned successfully. Starting soon.
[15:17:26.000000] Container image "quay.io/vessl-ai/kernels-toolbox:0.1.188" already present on machine
[15:17:26.000000] Created container vops-init
[15:17:26.000000] Started container vops-init
[15:17:27.000000] Creating VESSL Workload...
[15:17:27.000000] Created container run-exec
[15:17:27.000000] Container image "nvcr.io/nvidia/jax:24.10-py3" already present on machine
[15:17:27.001000] Container image "nvcr.io/nvidia/jax:24.10-py3" already present on machine
[15:17:28.000000] Created container ttyd-sidecar
[15:17:28.000000] Starting VESSL Workload...
[15:17:28.000000] Started container vops-sidecar
[15:17:28.000000] Container image "quay.io/vessl-ai/kernels-toolbox:0.1.188" already present on machine
[15:17:28.000000] Started container run-exec
[15:17:28.000000] Started container fluentbit
[15:17:28.000000] Created container fluentbit
[15:17:28.000000] Started container ttyd-sidecar
[15:17:28.000000] Container image "quay.io/vessl-ai/sidecar:v0.0.3" already present on machine
[15:17:28.000000] Created container run-sidecar
[15:17:28.521164] Installing VESSL CLI...
[15:17:29.230517] workload reported alive as pod run-execution-qk4lxbh358im-0
[15:17:29.230618] Workload status changed to initializing
[15:17:30.512539] + set +x
[15:17:34.880388] vessl, version 0.1.199
[15:17:35.603490] workload reported alive as pod run-execution-qk4lxbh358im-0
[15:17:35.603590] Workload status changed to running
[15:17:35.992311] + mkdir -p /root
[15:17:35.994155] + cd /root
[15:17:35.994687] + set -euo pipefail
[15:17:35.994702] + cd /root
[15:17:35.994710] + git clone https://github.com/bk-squared/rfx.git
[15:17:35.996787] Cloning into 'rfx'...
[15:17:38.300241] + cd rfx
[15:17:38.300262] + pip install --quiet -e '.[all]'
[15:17:42.144906] WARNING: rfx 1807.8.6 does not provide the extra 'dashboard'
[15:17:42.145295] WARNING: rfx 1807.8.6 does not provide the extra 'dev'
[15:17:42.145304] WARNING: rfx 1807.8.6 does not provide the extra 'optimization'
[15:17:42.145309] WARNING: rfx 1807.8.6 does not provide the extra 'visualization'
[15:17:47.693412] WARNING: Running pip as the 'root' user can result in broken permissions and conflicting behaviour with the system package manager. It is recommended to use a virtual environment instead: https://pip.pypa.io/warnings/venv
[15:17:47.928440] + python -c 'import jax; print('"'"'JAX:'"'"', jax.devices()); import rfx; print('"'"'rfx'"'"', rfx.__version__)'
[15:17:48.310018] JAX: [CudaDevice(id=0)]
[15:17:48.807895] rfx 1.5.0
[15:17:48.928872] + cp /root/workspace/bk-workspace/papers/rfx-tap/experiments/ntff_10ghz_standalone.py .
[15:17:48.940476] + python ntff_10ghz_standalone.py
[15:17:49.584063] 10 GHz patch on RO4003C (h=0.787mm, dx=0.5mm)
[15:17:49.584084] Patch: W=10.1mm, L=8.6mm
[15:17:49.584089] Domain: 32.0 x 33.5 x 25.5 mm
[15:17:49.584092] z_offset=5.0mm, substrate=1.6 cells
[15:17:49.584109] Grid: 81x84x68 = 463K, n_steps=1574
[15:17:49.584192]   [PREFLIGHT] 'pec' z-extent 0.50mm = 1.0 cells — below 1 cell resolution. Use add_thin_conductor() for sub-cell PEC sheet.
[15:17:49.584196]   [PREFLIGHT] 'ro4003c' z-extent 0.79mm = 1.6 cells — under-resolved (< 3 cells). Consider finer mesh for accurate results.
[15:17:49.584200]   [PREFLIGHT] 'pec' z-extent 0.50mm = 1.0 cells — below 1 cell resolution. Use add_thin_conductor() for sub-cell PEC sheet.
[15:17:49.584203]   [PREFLIGHT] Gap between PEC structures: 0.79mm = 1.6 cells along z — coupling may be under-resolved.
[15:17:49.584207]   [PREFLIGHT] Material 'ro4003c' extends into CPML region along x-axis. CPML assumes vacuum — dielectric in absorber causes increased reflections.
[15:17:49.584210]   WARNING: 'pec' z-extent 0.50mm = 1.0 cells — below 1 cell resolution. Use add_thin_conductor() for sub-cell PEC sheet.
[15:17:49.584216]   WARNING: 'ro4003c' z-extent 0.79mm = 1.6 cells — under-resolved (< 3 cells). Consider finer mesh for accurate results.
[15:17:49.584220]   WARNING: 'pec' z-extent 0.50mm = 1.0 cells — below 1 cell resolution. Use add_thin_conductor() for sub-cell PEC sheet.
[15:17:49.584223]   WARNING: Gap between PEC structures: 0.79mm = 1.6 cells along z — coupling may be under-resolved.
[15:17:49.584226]   WARNING: Material 'ro4003c' extends into CPML region along x-axis. CPML assumes vacuum — dielectric in absorber causes increased reflections.
[15:17:49.584300] /root/rfx/ntff_10ghz_standalone.py:76: UserWarning: 'pec' z-extent 0.50mm = 1.0 cells — below 1 cell resolution. Use add_thin_conductor() for sub-cell PEC sheet.
[15:17:49.584312]   result = sim.run(n_steps=n_steps)
[15:17:49.584318] /root/rfx/ntff_10ghz_standalone.py:76: UserWarning: 'ro4003c' z-extent 0.79mm = 1.6 cells — under-resolved (< 3 cells). Consider finer mesh for accurate results.
[15:17:49.584334]   result = sim.run(n_steps=n_steps)
[15:17:49.584340] /root/rfx/ntff_10ghz_standalone.py:76: UserWarning: Gap between PEC structures: 0.79mm = 1.6 cells along z — coupling may be under-resolved.
[15:17:49.584343]   result = sim.run(n_steps=n_steps)
[15:17:49.584351] /root/rfx/ntff_10ghz_standalone.py:76: UserWarning: Material 'ro4003c' extends into CPML region along x-axis. CPML assumes vacuum — dielectric in absorber causes increased reflections.
[15:17:49.584354]   result = sim.run(n_steps=n_steps)
[15:19:43.879936] 
[15:19:43.879978] Probe peak: 9.6355e+00
[15:19:43.879987] Probe late energy: 6.7088e+02
[15:19:43.880004] S11 (time-domain proxy): -13.6 dB
[15:19:43.880440] 
[15:19:43.880456] NTFF x_lo norm: 1.4700e-11
[15:19:43.880464] NTFF z_hi norm: 2.4271e-11
[15:19:43.982916] Far-field max power: 1.5488e-28
[15:19:43.982956] Far-field broadside: 7.0973e-29
[15:19:43.983041] NTFF: ZERO — patch does not radiate at this resolution
[15:19:44.370510] workload reported done
[15:19:44.370610] Workload status changed to stopping
[15:19:44.404091] + echo '[done]'
[15:19:44.404104] [done]
[15:20:00.059504] + set +x
[15:20:05.029983] workload reported done
[15:20:05.030083] Workload status changed to waitToBeKilled
[15:20:06.000000] Stopping container vops-sidecar
[15:20:06.000000] Stopping container run-exec
[15:20:06.000000] Terminating VESSL Workload...
[15:20:06.000000] Stopping container ttyd-sidecar
[15:20:06.000000] Stopping container fluentbit
[15:20:06.128771] workload completed
[15:20:06.128871] Workload status changed to completed
