Organization: remilab
Project: byungkwan
Displayed last 131 lines of #369367233258.
[23:11:43.445552] workload awaiting to start
[23:11:43.445652] Workload status changed to pending
[23:11:47.975789] Event Reason: FailedScheduling, Event Note: 0/13 nodes are available: pod has unbound immediate PersistentVolumeClaims. preemption: 0/13 nodes are available: 13 Preemption is not helpful for scheduling.
[23:11:47.975789] Workload is in queue for scheduling. Please wait...
[23:11:49.919741] Event Reason: FailedScheduling, Event Note: 0/13 nodes are available: pod has unbound immediate PersistentVolumeClaims. preemption: 0/13 nodes are available: 13 Preemption is not helpful for scheduling.
[23:11:49.919741] Workload is in queue for scheduling. Please wait...
[23:11:52.512852] VESSL Workload assigned successfully. Starting soon.
[23:11:53.000000] Container image "quay.io/vessl-ai/kernels-toolbox:0.1.188" already present on machine
[23:11:53.000000] Created container vops-init
[23:11:53.000000] Started container vops-init
[23:11:54.000000] Creating VESSL Workload...
[23:11:54.000000] Created container run-exec
[23:11:54.000000] Container image "nvcr.io/nvidia/jax:24.10-py3" already present on machine
[23:11:54.001000] Container image "nvcr.io/nvidia/jax:24.10-py3" already present on machine
[23:11:55.000000] Created container vops-sidecar
[23:11:55.000000] Created container ttyd-sidecar
[23:11:55.000000] Starting VESSL Workload...
[23:11:55.000000] Started container vops-sidecar
[23:11:55.000000] Container image "quay.io/vessl-ai/kernels-toolbox:0.1.188" already present on machine
[23:11:55.000000] Started container run-exec
[23:11:55.000000] Started container fluentbit
[23:11:55.000000] Created container fluentbit
[23:11:55.000000] Started container ttyd-sidecar
[23:11:55.000000] Container image "quay.io/vessl-ai/fluent-bit:2.1.6" already present on machine
[23:11:55.000000] Container image "quay.io/vessl-ai/sidecar:v0.0.3" already present on machine
[23:11:55.000000] Created container run-sidecar
[23:11:55.789858] Installing VESSL CLI...
[23:11:56.455703] workload reported alive as pod run-execution-5cnjie0qt5sh-0
[23:11:56.455803] Workload status changed to initializing
[23:11:57.678681] + set +x
[23:12:01.237121] vessl, version 0.1.199
[23:12:02.834340] workload reported alive as pod run-execution-5cnjie0qt5sh-0
[23:12:02.834440] Workload status changed to running
[23:12:03.023747] + mkdir -p /root
[23:12:03.025793] + cd /root
[23:12:03.026537] + set -euo pipefail
[23:12:03.026568] + cd /root
[23:12:03.026575] + git clone https://github.com/bk-squared/rfx.git
[23:12:03.028825] Cloning into 'rfx'...
[23:12:06.074283] + cd rfx
[23:12:06.074296] + pip install --quiet -e '.[all]'
[23:12:09.546473] WARNING: rfx 1807.8.6 does not provide the extra 'dashboard'
[23:12:09.546502] WARNING: rfx 1807.8.6 does not provide the extra 'dev'
[23:12:09.546597] WARNING: rfx 1807.8.6 does not provide the extra 'optimization'
[23:12:09.546605] WARNING: rfx 1807.8.6 does not provide the extra 'visualization'
[23:12:14.317211] WARNING: Running pip as the 'root' user can result in broken permissions and conflicting behaviour with the system package manager. It is recommended to use a virtual environment instead: https://pip.pypa.io/warnings/venv
[23:12:14.511075] + python -c 'import jax; print('"'"'JAX:'"'"', jax.devices()); import rfx; print('"'"'rfx'"'"', rfx.__version__)'
[23:12:14.802994] JAX: [CudaDevice(id=0)]
[23:12:15.133420] rfx 1.5.0
[23:12:15.232230] + cp /root/workspace/bk-workspace/papers/rfx-tap/experiments/ntff_diagnostic_patch.py .
[23:12:15.240030] + python ntff_diagnostic_patch.py
[23:12:15.240109] + tee /root/workspace/bk-workspace/papers/rfx-tap/results/ntff_diagnostic.log
[23:12:15.668708] 
[23:12:15.668731] ==================================================
[23:12:15.668735] dx=3.0mm | Grid: 56x58x47 = 153K
[23:12:15.668751] n_steps=729 | Patch: 10x13 cells
[23:12:15.668786] /root/rfx/ntff_diagnostic_patch.py:62: UserWarning: 'fr4' z-extent 1.60mm = 0.5 cells — below 1 cell resolution. Use non-uniform mesh or reduce dx.
[23:12:15.668788]   result = sim.run(n_steps=n_steps)
[23:12:15.668801] /root/rfx/ntff_diagnostic_patch.py:62: UserWarning: Zero-thickness geometry 'pec' along z-axis. On non-uniform mesh this may produce empty rasterization. Consider giving it at least one cell of thickness (3.00mm).
[23:12:15.668802]   result = sim.run(n_steps=n_steps)
[23:12:15.668818] /root/rfx/ntff_diagnostic_patch.py:62: UserWarning: 'pec' z-extent 3.00mm = 1.0 cells — under-resolved (< 3 cells). Consider finer mesh for accurate results.
[23:12:15.668819]   result = sim.run(n_steps=n_steps)
[23:12:15.668831] /root/rfx/ntff_diagnostic_patch.py:62: UserWarning: Gap between PEC structures: 1.60mm = 0.5 cells along z — coupling may be under-resolved.
[23:12:15.668833]   result = sim.run(n_steps=n_steps)
[23:12:15.668860] /root/rfx/ntff_diagnostic_patch.py:62: UserWarning: Material 'fr4' extends into CPML region along x-axis. CPML assumes vacuum — dielectric in absorber causes increased reflections.
[23:12:15.668862]   result = sim.run(n_steps=n_steps)
[23:12:47.066345] Probe peak: 1.3127e+01
[23:12:47.066361] Probe late energy: 1.7445e-10
[23:12:47.066787] NTFF x_lo norm: 1.8036e-11
[23:12:47.066796] NTFF z_hi norm: 2.2684e-12
[23:12:47.070388] Far-field max power: 2.0588e-27
[23:12:47.070390] Far-field broadside (theta~0): 8.0254e-28
[23:12:47.070406] NTFF: ZERO — no radiation detected!
[23:12:47.070516] 
[23:12:47.070518] ==================================================
[23:12:47.070526] dx=2.0mm | Grid: 65x69x52 = 233K
[23:12:47.070527] n_steps=1093 | Patch: 15x19 cells
[23:12:47.070578] /root/rfx/ntff_diagnostic_patch.py:62: UserWarning: 'fr4' z-extent 1.60mm = 0.8 cells — below 1 cell resolution. Use non-uniform mesh or reduce dx.
[23:12:47.070580]   result = sim.run(n_steps=n_steps)
[23:12:47.070594] /root/rfx/ntff_diagnostic_patch.py:62: UserWarning: Zero-thickness geometry 'pec' along z-axis. On non-uniform mesh this may produce empty rasterization. Consider giving it at least one cell of thickness (2.00mm).
[23:12:47.070595]   result = sim.run(n_steps=n_steps)
[23:12:47.070609] /root/rfx/ntff_diagnostic_patch.py:62: UserWarning: 'pec' z-extent 2.00mm = 1.0 cells — under-resolved (< 3 cells). Consider finer mesh for accurate results.
[23:12:47.070610]   result = sim.run(n_steps=n_steps)
[23:12:47.070631] /root/rfx/ntff_diagnostic_patch.py:62: UserWarning: Gap between PEC structures: 1.60mm = 0.8 cells along z — coupling may be under-resolved.
[23:12:47.070632]   result = sim.run(n_steps=n_steps)
[23:12:47.070661] /root/rfx/ntff_diagnostic_patch.py:62: UserWarning: Material 'fr4' extends into CPML region along x-axis. CPML assumes vacuum — dielectric in absorber causes increased reflections.
[23:12:47.070662]   result = sim.run(n_steps=n_steps)
[23:13:30.825449] Probe peak: 9.2190e+00
[23:13:30.825466] Probe late energy: 1.0349e-11
[23:13:30.825545] NTFF x_lo norm: 7.4302e-12
[23:13:30.825554] NTFF z_hi norm: 9.2300e-13
[23:13:30.831033] Far-field max power: 1.9689e-28
[23:13:30.831037] Far-field broadside (theta~0): 1.3935e-28
[23:13:30.831039] NTFF: ZERO — no radiation detected!
[23:13:30.831103] 
[23:13:30.831105] ==================================================
[23:13:30.831107] dx=1.0mm | Grid: 96x104x69 = 689K
[23:13:30.831108] n_steps=2186 | Patch: 31x38 cells
[23:13:30.831145] /root/rfx/ntff_diagnostic_patch.py:62: UserWarning: 'fr4' z-extent 1.60mm = 1.6 cells — under-resolved (< 3 cells). Consider finer mesh for accurate results.
[23:13:30.831146]   result = sim.run(n_steps=n_steps)
[23:13:30.831153] /root/rfx/ntff_diagnostic_patch.py:62: UserWarning: Zero-thickness geometry 'pec' along z-axis. On non-uniform mesh this may produce empty rasterization. Consider giving it at least one cell of thickness (1.00mm).
[23:13:30.831154]   result = sim.run(n_steps=n_steps)
[23:13:30.831163] /root/rfx/ntff_diagnostic_patch.py:62: UserWarning: 'pec' z-extent 1.00mm = 1.0 cells — below 1 cell resolution. Use add_thin_conductor() for sub-cell PEC sheet.
[23:13:30.831163]   result = sim.run(n_steps=n_steps)
[23:13:30.831174] /root/rfx/ntff_diagnostic_patch.py:62: UserWarning: Gap between PEC structures: 1.60mm = 1.6 cells along z — coupling may be under-resolved.
[23:13:30.831175]   result = sim.run(n_steps=n_steps)
[23:13:30.831190] /root/rfx/ntff_diagnostic_patch.py:62: UserWarning: Material 'fr4' extends into CPML region along x-axis. CPML assumes vacuum — dielectric in absorber causes increased reflections.
[23:13:30.831191]   result = sim.run(n_steps=n_steps)
[23:14:55.202608] Probe peak: 4.0353e+01
[23:14:55.202635] Probe late energy: 3.2676e+00
[23:14:55.202766] NTFF x_lo norm: 1.7108e-10
[23:14:55.202780] NTFF z_hi norm: 2.7391e-10
[23:14:55.233710] Far-field max power: 4.1834e-26
[23:14:55.233729] Far-field broadside (theta~0): 4.0751e-26
[23:14:55.233743] NTFF: ZERO — no radiation detected!
[23:14:55.233746] (skipping dx<=1mm to avoid OOM)
[23:14:55.716060] + echo '[done]'
[23:14:55.716084] [done]
[23:14:55.730921] workload reported done
[23:14:55.731021] Workload status changed to stopping
[23:15:03.050596] + set +x
[23:15:08.090234] workload reported done
[23:15:08.090334] Workload status changed to waitToBeKilled
[23:15:09.000000] Stopping container vops-sidecar
[23:15:09.000000] Stopping container run-sidecar
[23:15:09.000000] Stopping container run-exec
[23:15:09.000000] Terminating VESSL Workload...
[23:15:09.000000] Stopping container ttyd-sidecar
[23:15:09.000000] Stopping container fluentbit
[23:15:09.166184] workload completed
[23:15:09.166285] Workload status changed to completed
