Organization: remilab
Project: byungkwan
Displayed last 200 lines of #369367233541.
[21:54:01.408511] Installing VESSL CLI...
[21:54:02.226887] workload reported alive as pod run-execution-1xaueaivdgbm-0
[21:54:02.226987] Workload status changed to initializing
[21:54:03.317721] + set +x
[21:54:06.122200] vessl, version 0.1.199
[21:54:08.462772] workload reported alive as pod run-execution-1xaueaivdgbm-0
[21:54:08.462872] Workload status changed to running
[21:54:08.576320] + mkdir -p /root
[21:54:08.578470] + cd /root
[21:54:08.579134] + cd /root/workspace/byungkwan-workspace/research/rfx
[21:54:08.592265] + git config --global --add safe.directory /root/workspace/byungkwan-workspace/research/rfx
[21:54:08.615811] + git fetch --all
[21:54:08.666137] Fetching origin
[21:54:09.995620] + git checkout viz-farfield-fix
[21:54:10.773128] Already on 'viz-farfield-fix'
[21:54:10.806944] M	.gitignore
[21:54:10.806994] M	README.md
[21:54:10.807006] M	docs/agent/overview.mdx
[21:54:10.807020] M	docs/guide/documentation_architecture.md
[21:54:10.807031] M	docs/guides/support_matrix.json
[21:54:10.807042] M	docs/guides/support_matrix.md
[21:54:10.807051] M	docs/public/api/support-boundaries.mdx
[21:54:10.807061] M	docs/public/examples/crossval.mdx
[21:54:10.807072] M	docs/public/examples/index.mdx
[21:54:10.807083] M	docs/public/examples/rf-workflows.mdx
[21:54:10.807097] M	docs/public/guide/advanced.md
[21:54:10.807107] M	docs/public/guide/api-reference.mdx
[21:54:10.807117] M	docs/public/guide/changelog.mdx
[21:54:10.807127] M	docs/public/guide/contributing.md
[21:54:10.807136] M	docs/public/guide/first-patch.mdx
[21:54:10.807146] M	docs/public/guide/index.md
[21:54:10.807156] M	docs/public/guide/migration.md
[21:54:10.807165] M	docs/public/guide/nonuniform-mesh.mdx
[21:54:10.807175] M	docs/public/guide/quickstart.mdx
[21:54:10.807185] M	docs/public/guide/subgridding.mdx
[21:54:10.807194] M	docs/public/guide/tutorial-patch-antenna.mdx
[21:54:10.807204] M	docs/public/guide/validation.mdx
[21:54:10.807214] M	docs/public/index.mdx
[21:54:10.807224] M	docs/public/site_map.json
[21:54:10.807233] M	docs/public/validation/cross-solver.mdx
[21:54:10.807243] M	docs/public/validation/index.mdx
[21:54:10.807252] M	docs/public/validation/reference-lane.mdx
[21:54:10.807262] Your branch is up to date with 'origin/viz-farfield-fix'.
[21:54:10.807411] + git pull --ff-only origin viz-farfield-fix
[21:54:11.669195] From https://github.com/bk-squared/rfx
[21:54:11.669210]  * branch            viz-farfield-fix -> FETCH_HEAD
[21:54:11.697220] Already up to date.
[21:54:11.697516] + pip install -q -e '.[dev]'
[21:54:18.089014] WARNING: Running pip as the 'root' user can result in broken permissions and conflicting behaviour with the system package manager. It is recommended to use a virtual environment instead: https://pip.pypa.io/warnings/venv
[21:54:18.211465] ==========================================
[21:54:18.211484] Issue #31 — patch antenna S11 / FFRP / field animation
[21:54:18.211485] ==========================================
[21:54:18.211496] + echo '=========================================='
[21:54:18.211498] + echo 'Issue #31 — patch antenna S11 / FFRP / field animation'
[21:54:18.211499] + echo '=========================================='
[21:54:18.211500] + timeout 1800 python scripts/issue31_patch_validation.py --dx-mm 1.0 --frames 16 --n-steps-anim 3000
[21:54:19.221760] [cfg] analytic f_res = 2.4235 GHz
[21:54:19.221833] 
[21:54:19.221846] === [1/4] Harminv ringdown → true f_res ===
[21:54:19.645616] [cfg] cells=602,784
[21:54:19.647549] /root/workspace/byungkwan-workspace/research/rfx/scripts/issue31_patch_validation.py:137: UserWarning: 'pec' z-extent 0.25mm = 1.0 cells — under-resolved (PEC needs ≥5 cells). Consider finer mesh.
[21:54:19.647561]   res = sim.run(num_periods=60, compute_s_params=False)
[21:54:19.647563] /root/workspace/byungkwan-workspace/research/rfx/scripts/issue31_patch_validation.py:137: UserWarning: 'fr4' z-extent 1.50mm = 6.0 cells — under-resolved (dielectric needs ≥10 cells). Consider finer mesh.
[21:54:19.647564]   res = sim.run(num_periods=60, compute_s_params=False)
[21:54:24.362700] [run] done in 4.7s
[21:58:19.408278] [result] Harminv f_res = 2.4621 GHz  Q = 972.7  error = 1.59 %  (analytic = 2.4235 GHz)
[21:58:19.408304] 
[21:58:19.408307] === [2/4] S11(f) via lumped port ===
[21:58:19.408577] /root/workspace/byungkwan-workspace/research/rfx/scripts/issue31_patch_validation.py:162: UserWarning: 'pec' z-extent 0.25mm = 1.0 cells — under-resolved (PEC needs ≥5 cells). Consider finer mesh.
[21:58:19.408587]   res = sim.run(num_periods=40, compute_s_params=True)
[21:58:19.408588] /root/workspace/byungkwan-workspace/research/rfx/scripts/issue31_patch_validation.py:162: UserWarning: 'fr4' z-extent 1.50mm = 6.0 cells — under-resolved (dielectric needs ≥10 cells). Consider finer mesh.
[21:58:19.408589]   res = sim.run(num_periods=40, compute_s_params=True)
[21:58:19.824673] /opt/jax/jax/_src/numpy/array_methods.py:118: UserWarning: Explicitly requested dtype <class 'jax.numpy.float64'> requested in astype is not available, and will be truncated to dtype float32. To enable more dtypes, set the jax_enable_x64 configuration option or the JAX_ENABLE_X64 shell environment variable. See https://github.com/google/jax#current-gotchas for more.
[21:58:19.824687]   return lax_numpy.astype(self, dtype, copy=copy, device=device)
[21:58:19.824689] /opt/jax/jax/_src/numpy/array_methods.py:118: UserWarning: Explicitly requested dtype <class 'jax.numpy.float64'> requested in astype is not available, and will be truncated to dtype float32. To enable more dtypes, set the jax_enable_x64 configuration option or the JAX_ENABLE_X64 shell environment variable. See https://github.com/google/jax#current-gotchas for more.
[21:58:19.824690]   return lax_numpy.astype(self, dtype, copy=copy, device=device)
[21:58:23.039322] [run] done in 3.6s
[21:58:23.039339] [result] S11 dip: f = 1.5755 GHz, |S11| = -2.76 dB (shallow — port matching artifact)
[21:58:23.132289] [out] /root/workspace/byungkwan-workspace/research/rfx/scripts/../docs/research_notes/issue31_figs/issue31_patch_s11.png
[21:58:23.132353] 
[21:58:23.132361] === [3/4] Far-field radiation pattern at f_res = 2.462 GHz ===
[21:58:23.132471] /root/workspace/byungkwan-workspace/research/rfx/scripts/issue31_patch_validation.py:201: UserWarning: 'pec' z-extent 0.25mm = 1.0 cells — under-resolved (PEC needs ≥5 cells). Consider finer mesh.
[21:58:23.132475]   res = sim.run(num_periods=40, compute_s_params=False)
[21:58:23.132481] /root/workspace/byungkwan-workspace/research/rfx/scripts/issue31_patch_validation.py:201: UserWarning: 'fr4' z-extent 1.50mm = 6.0 cells — under-resolved (dielectric needs ≥10 cells). Consider finer mesh.
[21:58:23.132483]   res = sim.run(num_periods=40, compute_s_params=False)
[21:58:23.132507] /root/workspace/byungkwan-workspace/research/rfx/scripts/issue31_patch_validation.py:201: UserWarning: NTFF box extends into CPML region along y-axis. Far-field results will be corrupted. Shrink NTFF box to interior.
[21:58:23.132517]   res = sim.run(num_periods=40, compute_s_params=False)
[21:58:27.349972] [run] done in 4.2s
[21:58:34.509007] [out] /root/workspace/byungkwan-workspace/research/rfx/scripts/../docs/research_notes/issue31_figs/issue31_patch_farfield.png  peak at θ=72.0°, φ=270.0°
[21:58:34.509024] 
[21:58:34.509026] === [4/4] Field evolution GIF ===
[21:58:34.510859] [cfg] cells=602,784  frames=16
[21:58:34.511057] /root/workspace/byungkwan-workspace/research/rfx/scripts/issue31_patch_validation.py:297: UserWarning: 'pec' z-extent 0.25mm = 1.0 cells — under-resolved (PEC needs ≥5 cells). Consider finer mesh.
[21:58:34.511059]   res = sim.run(n_steps=int(ns), compute_s_params=False)
[21:58:34.511060] /root/workspace/byungkwan-workspace/research/rfx/scripts/issue31_patch_validation.py:297: UserWarning: 'fr4' z-extent 1.50mm = 6.0 cells — under-resolved (dielectric needs ≥10 cells). Consider finer mesh.
[21:58:34.511061]   res = sim.run(n_steps=int(ns), compute_s_params=False)
[21:58:35.985797]   n_steps= 187  max|Ez|=6.262e+06  dt=1.5s
[21:58:35.985797] /root/workspace/byungkwan-workspace/research/rfx/scripts/issue31_patch_validation.py:297: UserWarning: 'pec' z-extent 0.25mm = 1.0 cells — under-resolved (PEC needs ≥5 cells). Consider finer mesh.
[21:58:35.985814]   res = sim.run(n_steps=int(ns), compute_s_params=False)
[21:58:35.985816] /root/workspace/byungkwan-workspace/research/rfx/scripts/issue31_patch_validation.py:297: UserWarning: 'fr4' z-extent 1.50mm = 6.0 cells — under-resolved (dielectric needs ≥10 cells). Consider finer mesh.
[21:58:35.985817]   res = sim.run(n_steps=int(ns), compute_s_params=False)
[21:58:37.486098]   n_steps= 374  max|Ez|=1.295e+07  dt=1.5s
[21:58:37.486401] /root/workspace/byungkwan-workspace/research/rfx/scripts/issue31_patch_validation.py:297: UserWarning: 'pec' z-extent 0.25mm = 1.0 cells — under-resolved (PEC needs ≥5 cells). Consider finer mesh.
[21:58:37.486431]   res = sim.run(n_steps=int(ns), compute_s_params=False)
[21:58:37.486438] /root/workspace/byungkwan-workspace/research/rfx/scripts/issue31_patch_validation.py:297: UserWarning: 'fr4' z-extent 1.50mm = 6.0 cells — under-resolved (dielectric needs ≥10 cells). Consider finer mesh.
[21:58:37.486442]   res = sim.run(n_steps=int(ns), compute_s_params=False)
[21:58:39.042564]   n_steps= 562  max|Ez|=2.197e+07  dt=1.6s
[21:58:39.042662] /root/workspace/byungkwan-workspace/research/rfx/scripts/issue31_patch_validation.py:297: UserWarning: 'pec' z-extent 0.25mm = 1.0 cells — under-resolved (PEC needs ≥5 cells). Consider finer mesh.
[21:58:39.042698]   res = sim.run(n_steps=int(ns), compute_s_params=False)
[21:58:39.042704] /root/workspace/byungkwan-workspace/research/rfx/scripts/issue31_patch_validation.py:297: UserWarning: 'fr4' z-extent 1.50mm = 6.0 cells — under-resolved (dielectric needs ≥10 cells). Consider finer mesh.
[21:58:39.042710]   res = sim.run(n_steps=int(ns), compute_s_params=False)
[21:58:40.603593]   n_steps= 749  max|Ez|=1.376e+07  dt=1.6s
[21:58:40.603673] /root/workspace/byungkwan-workspace/research/rfx/scripts/issue31_patch_validation.py:297: UserWarning: 'pec' z-extent 0.25mm = 1.0 cells — under-resolved (PEC needs ≥5 cells). Consider finer mesh.
[21:58:40.603701]   res = sim.run(n_steps=int(ns), compute_s_params=False)
[21:58:40.603706] /root/workspace/byungkwan-workspace/research/rfx/scripts/issue31_patch_validation.py:297: UserWarning: 'fr4' z-extent 1.50mm = 6.0 cells — under-resolved (dielectric needs ≥10 cells). Consider finer mesh.
[21:58:40.603710]   res = sim.run(n_steps=int(ns), compute_s_params=False)
[21:58:42.194217]   n_steps= 937  max|Ez|=1.465e+07  dt=1.6s
[21:58:42.194308] /root/workspace/byungkwan-workspace/research/rfx/scripts/issue31_patch_validation.py:297: UserWarning: 'pec' z-extent 0.25mm = 1.0 cells — under-resolved (PEC needs ≥5 cells). Consider finer mesh.
[21:58:42.194315]   res = sim.run(n_steps=int(ns), compute_s_params=False)
[21:58:42.194319] /root/workspace/byungkwan-workspace/research/rfx/scripts/issue31_patch_validation.py:297: UserWarning: 'fr4' z-extent 1.50mm = 6.0 cells — under-resolved (dielectric needs ≥10 cells). Consider finer mesh.
[21:58:42.194323]   res = sim.run(n_steps=int(ns), compute_s_params=False)
[21:58:43.827251]   n_steps=1124  max|Ez|=2.441e+07  dt=1.6s
[21:58:43.827550] /root/workspace/byungkwan-workspace/research/rfx/scripts/issue31_patch_validation.py:297: UserWarning: 'pec' z-extent 0.25mm = 1.0 cells — under-resolved (PEC needs ≥5 cells). Consider finer mesh.
[21:58:43.827577]   res = sim.run(n_steps=int(ns), compute_s_params=False)
[21:58:43.827583] /root/workspace/byungkwan-workspace/research/rfx/scripts/issue31_patch_validation.py:297: UserWarning: 'fr4' z-extent 1.50mm = 6.0 cells — under-resolved (dielectric needs ≥10 cells). Consider finer mesh.
[21:58:43.827586]   res = sim.run(n_steps=int(ns), compute_s_params=False)
[21:58:45.448954]   n_steps=1312  max|Ez|=1.462e+07  dt=1.6s
[21:58:45.449039] /root/workspace/byungkwan-workspace/research/rfx/scripts/issue31_patch_validation.py:297: UserWarning: 'pec' z-extent 0.25mm = 1.0 cells — under-resolved (PEC needs ≥5 cells). Consider finer mesh.
[21:58:45.449075]   res = sim.run(n_steps=int(ns), compute_s_params=False)
[21:58:45.449083] /root/workspace/byungkwan-workspace/research/rfx/scripts/issue31_patch_validation.py:297: UserWarning: 'fr4' z-extent 1.50mm = 6.0 cells — under-resolved (dielectric needs ≥10 cells). Consider finer mesh.
[21:58:45.449089]   res = sim.run(n_steps=int(ns), compute_s_params=False)
[21:58:47.099583]   n_steps=1499  max|Ez|=1.560e+07  dt=1.7s
[21:58:47.099676] /root/workspace/byungkwan-workspace/research/rfx/scripts/issue31_patch_validation.py:297: UserWarning: 'pec' z-extent 0.25mm = 1.0 cells — under-resolved (PEC needs ≥5 cells). Consider finer mesh.
[21:58:47.099707]   res = sim.run(n_steps=int(ns), compute_s_params=False)
[21:58:47.099712] /root/workspace/byungkwan-workspace/research/rfx/scripts/issue31_patch_validation.py:297: UserWarning: 'fr4' z-extent 1.50mm = 6.0 cells — under-resolved (dielectric needs ≥10 cells). Consider finer mesh.
[21:58:47.099715]   res = sim.run(n_steps=int(ns), compute_s_params=False)
[21:58:48.770319]   n_steps=1687  max|Ez|=1.297e+07  dt=1.7s
[21:58:48.770385] /root/workspace/byungkwan-workspace/research/rfx/scripts/issue31_patch_validation.py:297: UserWarning: 'pec' z-extent 0.25mm = 1.0 cells — under-resolved (PEC needs ≥5 cells). Consider finer mesh.
[21:58:48.770392]   res = sim.run(n_steps=int(ns), compute_s_params=False)
[21:58:48.770396] /root/workspace/byungkwan-workspace/research/rfx/scripts/issue31_patch_validation.py:297: UserWarning: 'fr4' z-extent 1.50mm = 6.0 cells — under-resolved (dielectric needs ≥10 cells). Consider finer mesh.
[21:58:48.770422]   res = sim.run(n_steps=int(ns), compute_s_params=False)
[21:58:50.496848]   n_steps=1874  max|Ez|=1.295e+07  dt=1.7s
[21:58:50.497065] /root/workspace/byungkwan-workspace/research/rfx/scripts/issue31_patch_validation.py:297: UserWarning: 'pec' z-extent 0.25mm = 1.0 cells — under-resolved (PEC needs ≥5 cells). Consider finer mesh.
[21:58:50.497091]   res = sim.run(n_steps=int(ns), compute_s_params=False)
[21:58:50.497103] /root/workspace/byungkwan-workspace/research/rfx/scripts/issue31_patch_validation.py:297: UserWarning: 'fr4' z-extent 1.50mm = 6.0 cells — under-resolved (dielectric needs ≥10 cells). Consider finer mesh.
[21:58:50.497112]   res = sim.run(n_steps=int(ns), compute_s_params=False)
[21:58:52.234324]   n_steps=2062  max|Ez|=2.556e+07  dt=1.7s
[21:58:52.234408] /root/workspace/byungkwan-workspace/research/rfx/scripts/issue31_patch_validation.py:297: UserWarning: 'pec' z-extent 0.25mm = 1.0 cells — under-resolved (PEC needs ≥5 cells). Consider finer mesh.
[21:58:52.234454]   res = sim.run(n_steps=int(ns), compute_s_params=False)
[21:58:52.234466] /root/workspace/byungkwan-workspace/research/rfx/scripts/issue31_patch_validation.py:297: UserWarning: 'fr4' z-extent 1.50mm = 6.0 cells — under-resolved (dielectric needs ≥10 cells). Consider finer mesh.
[21:58:52.234475]   res = sim.run(n_steps=int(ns), compute_s_params=False)
[21:58:53.989206]   n_steps=2249  max|Ez|=2.432e+07  dt=1.8s
[21:58:53.989404] /root/workspace/byungkwan-workspace/research/rfx/scripts/issue31_patch_validation.py:297: UserWarning: 'pec' z-extent 0.25mm = 1.0 cells — under-resolved (PEC needs ≥5 cells). Consider finer mesh.
[21:58:53.989430]   res = sim.run(n_steps=int(ns), compute_s_params=False)
[21:58:53.989435] /root/workspace/byungkwan-workspace/research/rfx/scripts/issue31_patch_validation.py:297: UserWarning: 'fr4' z-extent 1.50mm = 6.0 cells — under-resolved (dielectric needs ≥10 cells). Consider finer mesh.
[21:58:53.989438]   res = sim.run(n_steps=int(ns), compute_s_params=False)
[21:58:55.784629]   n_steps=2437  max|Ez|=1.793e+07  dt=1.8s
[21:58:55.784711] /root/workspace/byungkwan-workspace/research/rfx/scripts/issue31_patch_validation.py:297: UserWarning: 'pec' z-extent 0.25mm = 1.0 cells — under-resolved (PEC needs ≥5 cells). Consider finer mesh.
[21:58:55.784717]   res = sim.run(n_steps=int(ns), compute_s_params=False)
[21:58:55.784720] /root/workspace/byungkwan-workspace/research/rfx/scripts/issue31_patch_validation.py:297: UserWarning: 'fr4' z-extent 1.50mm = 6.0 cells — under-resolved (dielectric needs ≥10 cells). Consider finer mesh.
[21:58:55.784724]   res = sim.run(n_steps=int(ns), compute_s_params=False)
[21:58:57.640132]   n_steps=2624  max|Ez|=1.852e+07  dt=1.9s
[21:58:57.640383] /root/workspace/byungkwan-workspace/research/rfx/scripts/issue31_patch_validation.py:297: UserWarning: 'pec' z-extent 0.25mm = 1.0 cells — under-resolved (PEC needs ≥5 cells). Consider finer mesh.
[21:58:57.640410]   res = sim.run(n_steps=int(ns), compute_s_params=False)
[21:58:57.640415] /root/workspace/byungkwan-workspace/research/rfx/scripts/issue31_patch_validation.py:297: UserWarning: 'fr4' z-extent 1.50mm = 6.0 cells — under-resolved (dielectric needs ≥10 cells). Consider finer mesh.
[21:58:57.640419]   res = sim.run(n_steps=int(ns), compute_s_params=False)
[21:58:59.466121]   n_steps=2812  max|Ez|=1.108e+07  dt=1.8s
[21:58:59.466239] /root/workspace/byungkwan-workspace/research/rfx/scripts/issue31_patch_validation.py:297: UserWarning: 'pec' z-extent 0.25mm = 1.0 cells — under-resolved (PEC needs ≥5 cells). Consider finer mesh.
[21:58:59.466268]   res = sim.run(n_steps=int(ns), compute_s_params=False)
[21:58:59.466279] /root/workspace/byungkwan-workspace/research/rfx/scripts/issue31_patch_validation.py:297: UserWarning: 'fr4' z-extent 1.50mm = 6.0 cells — under-resolved (dielectric needs ≥10 cells). Consider finer mesh.
[21:58:59.466286]   res = sim.run(n_steps=int(ns), compute_s_params=False)
[21:59:01.320148]   n_steps=3000  max|Ez|=9.078e+06  dt=1.9s
[21:59:01.320192] [run] total 26.8s
[21:59:02.338389] [out] /root/workspace/byungkwan-workspace/research/rfx/scripts/../docs/research_notes/issue31_figs/issue31_patch_field_evolution.gif
[21:59:02.720769] 
[21:59:02.720788] === artifacts ===
[21:59:02.720797] + echo 
[21:59:02.720798] + echo '=== artifacts ==='
[21:59:02.720799] + ls -la docs/research_notes/issue31_figs/
[21:59:02.727280] + echo 
[21:59:02.727283] + echo '=== DONE ==='
[21:59:02.727286] total 996
[21:59:02.727287] drwxr-xr-x  2 nobody nogroup   4096 Apr 15 12:32 .
[21:59:02.727288] drwxr-xr-x 12 nobody nogroup  12288 Apr 15 12:22 ..
[21:59:02.727290] -rw-r--r--  1 nobody nogroup 309778 Apr 15 12:58 issue31_patch_farfield.png
[21:59:02.727291] -rw-r--r--  1 nobody nogroup 638117 Apr 15 12:59 issue31_patch_field_evolution.gif
[21:59:02.727293] -rw-r--r--  1 nobody nogroup  52851 Apr 15 12:58 issue31_patch_s11.png
[21:59:02.727294] 
[21:59:02.727295] === DONE ===
[21:59:02.753740] workload reported done
[21:59:02.753840] Workload status changed to stopping
[21:59:10.517056] + set +x
[21:59:15.555849] workload reported done
[21:59:15.555949] Workload status changed to waitToBeKilled
[21:59:18.000000] Stopping container vops-sidecar
[21:59:18.000000] Stopping container run-exec
[21:59:18.000000] Terminating VESSL Workload...
[21:59:18.000000] Stopping container fluentbit
[21:59:18.162021] workload completed
[21:59:18.162121] Workload status changed to completed
