Organization: remilab
Project: byungkwan
Displayed last 200 lines of #369367233488.
[18:48:17.347896]   File "/root/workspace/byungkwan-workspace/research/rfx/rfx/api.py", line 3293, in _forward_nonuniform_from_materials
[18:48:17.347898]     result = run_nonuniform_path(
[18:48:17.347899]   File "/root/workspace/byungkwan-workspace/research/rfx/rfx/runners/nonuniform.py", line 520, in run_nonuniform_path
[18:48:17.347901]     r = run_nonuniform(
[18:48:17.347903]   File "/root/workspace/byungkwan-workspace/research/rfx/rfx/nonuniform.py", line 876, in run_nonuniform
[18:48:17.347904]     final, time_series = jax.lax.scan(body, carry_init, xs)
[18:48:17.347905] jaxlib.xla_extension.XlaRuntimeError: RESOURCE_EXHAUSTED: Out of memory while trying to allocate 4866048000 bytes.
[18:48:17.347906] [timeout/OOM]
[18:48:17.347907] 
[18:48:17.347908] --- ext=40mm dx=0.4mm n_steps=2000 ckpt=1 emit=0 ---
[18:48:35.330047]     return self._forward_nonuniform_from_materials(
[18:48:35.330068]   File "/root/workspace/byungkwan-workspace/research/rfx/rfx/api.py", line 3293, in _forward_nonuniform_from_materials
[18:48:35.330070]     result = run_nonuniform_path(
[18:48:35.330071]   File "/root/workspace/byungkwan-workspace/research/rfx/rfx/runners/nonuniform.py", line 520, in run_nonuniform_path
[18:48:35.330072]     r = run_nonuniform(
[18:48:35.330074]   File "/root/workspace/byungkwan-workspace/research/rfx/rfx/nonuniform.py", line 876, in run_nonuniform
[18:48:35.330076]     final, time_series = jax.lax.scan(body, carry_init, xs)
[18:48:35.330077] jaxlib.xla_extension.XlaRuntimeError: RESOURCE_EXHAUSTED: Out of memory while trying to allocate 7104768000 bytes.
[18:48:35.330082] [timeout/OOM]
[18:48:35.330084] 
[18:48:35.330086] === Sweep C: cells × steps frontier ===
[18:48:35.330094] + echo '[timeout/OOM]'
[18:48:35.330095] + echo 
[18:48:35.330096] + echo '=== Sweep C: cells × steps frontier ==='
[18:48:35.330098] + run_one 20 0.5 2000
[18:48:35.330100] + local 'ext=20' 'dx=0.5' 'steps=2000'
[18:48:35.330101] + echo 
[18:48:35.330104] + echo '--- ext=20mm dx=0.5mm n_steps=2000 ckpt=1 emit=0 ---'
[18:48:35.330115] 
[18:48:35.330132] --- ext=20mm dx=0.5mm n_steps=2000 ckpt=1 emit=0 ---
[18:48:35.330224] + timeout 600 python scripts/issue31_big_smoke.py --ext-mm 20 --dx-mm 0.5 --n-steps 2000 --n-iters 1 --checkpoint 1 --emit-ts 0
[18:48:35.330255] + tail -8
[18:48:53.479732] [cfg] checkpoint = True  emit_time_series = False  checkpoint_every = None
[18:48:53.479766] [cfg] device = cuda:0 (platform=gpu)
[18:48:53.479773] [cfg] design slab  i=[18,38)  j=[18,38)  k=[4,6)
[18:48:53.479774] [run] tracing + compiling forward+grad ...
[18:48:53.479776] 2026-04-15 09:48:39.136642: W external/xla/xla/service/hlo_rematerialization.cc:3005] Can't reduce memory use below 5.66GiB (6075826121 bytes) by rematerialization; only reduced to 13.85GiB (14868765068 bytes), down from 13.85GiB (14868765116 bytes) originally
[18:48:53.479778] [run] first grad call OK  value=1.0000e+00  elapsed=17.0s  peak=13.445294336 GB
[18:48:53.479779] 
[18:48:53.479781] [result] PASS  peak_GB=13.445294336  cells=206,976  n_steps=2000
[18:48:53.479799] 
[18:48:53.479802] --- ext=20mm dx=0.5mm n_steps=5000 ckpt=1 emit=0 ---
[18:48:53.479809] + run_one 20 0.5 5000
[18:48:53.479810] + local 'ext=20' 'dx=0.5' 'steps=5000'
[18:48:53.479811] + echo 
[18:48:53.479812] + echo '--- ext=20mm dx=0.5mm n_steps=5000 ckpt=1 emit=0 ---'
[18:48:53.479930] + timeout 600 python scripts/issue31_big_smoke.py --ext-mm 20 --dx-mm 0.5 --n-steps 5000 --n-iters 1 --checkpoint 1 --emit-ts 0
[18:48:53.479931] + tail -8
[18:49:20.920755]     return self._forward_nonuniform_from_materials(
[18:49:20.920804]   File "/root/workspace/byungkwan-workspace/research/rfx/rfx/api.py", line 3293, in _forward_nonuniform_from_materials
[18:49:20.920807]     result = run_nonuniform_path(
[18:49:20.920808]   File "/root/workspace/byungkwan-workspace/research/rfx/rfx/runners/nonuniform.py", line 520, in run_nonuniform_path
[18:49:20.920809]     r = run_nonuniform(
[18:49:20.920811]   File "/root/workspace/byungkwan-workspace/research/rfx/rfx/nonuniform.py", line 876, in run_nonuniform
[18:49:20.920812]     final, time_series = jax.lax.scan(body, carry_init, xs)
[18:49:20.920813] jaxlib.xla_extension.XlaRuntimeError: RESOURCE_EXHAUSTED: Out of memory while trying to allocate 4139520000 bytes.
[18:49:20.920821] [timeout/OOM]
[18:49:20.920822] 
[18:49:20.920824] --- ext=20mm dx=0.5mm n_steps=10000 ckpt=1 emit=0 ---
[18:49:20.920830] + echo '[timeout/OOM]'
[18:49:20.920831] + run_one 20 0.5 10000
[18:49:20.920832] + local 'ext=20' 'dx=0.5' 'steps=10000'
[18:49:20.920833] + echo 
[18:49:20.920834] + echo '--- ext=20mm dx=0.5mm n_steps=10000 ckpt=1 emit=0 ---'
[18:49:20.920946] + timeout 600 python scripts/issue31_big_smoke.py --ext-mm 20 --dx-mm 0.5 --n-steps 10000 --n-iters 1 --checkpoint 1 --emit-ts 0
[18:49:20.920951] + tail -8
[18:49:48.459774]     return self._forward_nonuniform_from_materials(
[18:49:48.459789]   File "/root/workspace/byungkwan-workspace/research/rfx/rfx/api.py", line 3293, in _forward_nonuniform_from_materials
[18:49:48.459791]     result = run_nonuniform_path(
[18:49:48.459792]   File "/root/workspace/byungkwan-workspace/research/rfx/rfx/runners/nonuniform.py", line 520, in run_nonuniform_path
[18:49:48.459800]     r = run_nonuniform(
[18:49:48.459802]   File "/root/workspace/byungkwan-workspace/research/rfx/rfx/nonuniform.py", line 876, in run_nonuniform
[18:49:48.459803]     final, time_series = jax.lax.scan(body, carry_init, xs)
[18:49:48.459804] jaxlib.xla_extension.XlaRuntimeError: RESOURCE_EXHAUSTED: Out of memory while trying to allocate 8279040000 bytes.
[18:49:48.459907] + echo '[timeout/OOM]'
[18:49:48.459911] [timeout/OOM]
[18:49:48.459917] + run_one 30 0.5 2000
[18:49:48.459922] + local 'ext=30' 'dx=0.5' 'steps=2000'
[18:49:48.459926] + echo 
[18:49:48.459929] 
[18:49:48.459931] + echo '--- ext=30mm dx=0.5mm n_steps=2000 ckpt=1 emit=0 ---'
[18:49:48.459933] --- ext=30mm dx=0.5mm n_steps=2000 ckpt=1 emit=0 ---
[18:49:48.460018] + timeout 600 python scripts/issue31_big_smoke.py --ext-mm 30 --dx-mm 0.5 --n-steps 2000 --n-iters 1 --checkpoint 1+  --emit-ts 0tail
[18:49:48.460021]  -8
[18:50:09.544379]     return self._forward_nonuniform_from_materials(
[18:50:09.544406]   File "/root/workspace/byungkwan-workspace/research/rfx/rfx/api.py", line 3293, in _forward_nonuniform_from_materials
[18:50:09.544409]   File "/root/workspace/byungkwan-workspace/research/rfx/rfx/runners/nonuniform.py", line 520, in run_nonuniform_path
[18:50:09.544409]     result = run_nonuniform_path(
[18:50:09.544410]     r = run_nonuniform(
[18:50:09.544412]   File "/root/workspace/byungkwan-workspace/research/rfx/rfx/nonuniform.py", line 876, in run_nonuniform
[18:50:09.544413]     final, time_series = jax.lax.scan(body, carry_init, xs)
[18:50:09.544414] jaxlib.xla_extension.XlaRuntimeError: RESOURCE_EXHAUSTED: Out of memory while trying to allocate 3049728000 bytes.
[18:50:09.544418] [timeout/OOM]
[18:50:09.544419] 
[18:50:09.544420] --- ext=30mm dx=0.5mm n_steps=5000 ckpt=1 emit=0 ---
[18:50:09.544427] + echo '[timeout/OOM]'
[18:50:09.544428] + run_one 30 0.5 5000
[18:50:09.544429] + local 'ext=30' 'dx=0.5' 'steps=5000'
[18:50:09.544430] + echo 
[18:50:09.544431] + echo '--- ext=30mm dx=0.5mm n_steps=5000 ckpt=1 emit=0 ---'
[18:50:09.544571] + timeout 600 python scripts/issue31_big_smoke.py --ext-mm 30 --dx-mm 0.5 --n-steps 5000 --n-iters 1 --checkpoint 1 --emit-ts 0
[18:50:09.544579] + tail -8
[18:50:30.617819]     return self._forward_nonuniform_from_materials(
[18:50:30.617835]   File "/root/workspace/byungkwan-workspace/research/rfx/rfx/api.py", line 3293, in _forward_nonuniform_from_materials
[18:50:30.617837]     result = run_nonuniform_path(
[18:50:30.617838]   File "/root/workspace/byungkwan-workspace/research/rfx/rfx/runners/nonuniform.py", line 520, in run_nonuniform_path
[18:50:30.617839]     r = run_nonuniform(
[18:50:30.617840]   File "/root/workspace/byungkwan-workspace/research/rfx/rfx/nonuniform.py", line 876, in run_nonuniform
[18:50:30.617841]     final, time_series = jax.lax.scan(body, carry_init, xs)
[18:50:30.617842] jaxlib.xla_extension.XlaRuntimeError: RESOURCE_EXHAUSTED: Out of memory while trying to allocate 7624320000 bytes.
[18:50:30.617846] [timeout/OOM]
[18:50:30.617846] 
[18:50:30.617852] --- ext=30mm dx=0.5mm n_steps=10000 ckpt=1 emit=0 ---
[18:50:30.617857] + echo '[timeout/OOM]'
[18:50:30.617866] + local 'ext=30' 'dx=0.5' 'steps=10000'
[18:50:30.617866] + run_one 30 0.5 10000
[18:50:30.617867] + echo 
[18:50:30.617868] + echo '--- ext=30mm dx=0.5mm n_steps=10000 ckpt=1 emit=0 ---'
[18:50:30.617930] + timeout 600 python scripts/issue31_big_smoke.py --ext-mm 30 --dx-mm 0.5 --n-steps 10000 --n-iters 1 --checkpoint 1 --emit-ts 0
[18:50:30.617977] + tail -8
[18:50:51.661500] + echo '[timeout/OOM]'
[18:50:51.661510]     return self._forward_nonuniform_from_materials(
[18:50:51.661537] + run_one 40 0.5 2000
[18:50:51.661542] + local 'ext=40' 'dx=0.5' 'steps=2000'
[18:50:51.661544] + echo 
[18:50:51.661550] + echo '--- ext=40mm dx=0.5mm n_steps=2000 ckpt=1 emit=0 ---'
[18:50:51.661556]   File "/root/workspace/byungkwan-workspace/research/rfx/rfx/api.py", line 3293, in _forward_nonuniform_from_materials
[18:50:51.661559]     result = run_nonuniform_path(
[18:50:51.661561]   File "/root/workspace/byungkwan-workspace/research/rfx/rfx/runners/nonuniform.py", line 520, in run_nonuniform_path
[18:50:51.661562]     r = run_nonuniform(
[18:50:51.661564]   File "/root/workspace/byungkwan-workspace/research/rfx/rfx/nonuniform.py", line 876, in run_nonuniform
[18:50:51.661566]     final, time_series = jax.lax.scan(body, carry_init, xs)
[18:50:51.661567] jaxlib.xla_extension.XlaRuntimeError: RESOURCE_EXHAUSTED: Out of memory while trying to allocate 15248640000 bytes.
[18:50:51.661569] [timeout/OOM]
[18:50:51.661570] 
[18:50:51.661572] --- ext=40mm dx=0.5mm n_steps=2000 ckpt=1 emit=0 ---
[18:50:51.661579] + timeout 600 python scripts/issue31_big_smoke.py --ext-mm+  40 --dx-mmtail 0.5 -8 --n-steps
[18:50:51.661591]  2000 --n-iters 1 --checkpoint 1 --emit-ts 0
[18:51:12.402222]     return self._forward_nonuniform_from_materials(
[18:51:12.402247]   File "/root/workspace/byungkwan-workspace/research/rfx/rfx/api.py", line 3293, in _forward_nonuniform_from_materials
[18:51:12.402249]     result = run_nonuniform_path(
[18:51:12.402250]   File "/root/workspace/byungkwan-workspace/research/rfx/rfx/runners/nonuniform.py", line 520, in run_nonuniform_path
[18:51:12.402251]     r = run_nonuniform(
[18:51:12.402252]   File "/root/workspace/byungkwan-workspace/research/rfx/rfx/nonuniform.py", line 876, in run_nonuniform
[18:51:12.402253]     final, time_series = jax.lax.scan(body, carry_init, xs)
[18:51:12.402254] jaxlib.xla_extension.XlaRuntimeError: RESOURCE_EXHAUSTED: Out of memory while trying to allocate 4866048000 bytes.
[18:51:12.402258] [timeout/OOM]
[18:51:12.402259] 
[18:51:12.402260] --- ext=40mm dx=0.5mm n_steps=5000 ckpt=1 emit=0 ---
[18:51:12.402266] + echo '[timeout/OOM]'
[18:51:12.402267] + run_one 40 0.5 5000
[18:51:12.402268] + local 'ext=40' 'dx=0.5' 'steps=5000'
[18:51:12.402269] + echo 
[18:51:12.402270] + echo '--- ext=40mm dx=0.5mm n_steps=5000 ckpt=1 emit=0 ---'
[18:51:12.402492] + timeout 600 python scripts/issue31_big_smoke.py --ext-mm 40 --dx-mm 0.5 --n-steps 5000 --n-iters 1 --checkpoint 1 --emit-ts 0
[18:51:12.402499] + tail -8
[18:51:33.132445]     return self._forward_nonuniform_from_materials(
[18:51:33.132468]   File "/root/workspace/byungkwan-workspace/research/rfx/rfx/api.py", line 3293, in _forward_nonuniform_from_materials
[18:51:33.132486]     result = run_nonuniform_path(
[18:51:33.132487]   File "/root/workspace/byungkwan-workspace/research/rfx/rfx/runners/nonuniform.py", line 520, in run_nonuniform_path
[18:51:33.132488]     r = run_nonuniform(
[18:51:33.132489]   File "/root/workspace/byungkwan-workspace/research/rfx/rfx/nonuniform.py", line 876, in run_nonuniform
[18:51:33.132490]     final, time_series = jax.lax.scan(body, carry_init, xs)
[18:51:33.132491] jaxlib.xla_extension.XlaRuntimeError: RESOURCE_EXHAUSTED: Out of memory while trying to allocate 12165120000 bytes.
[18:51:33.132539] + echo '[timeout/OOM]'
[18:51:33.132543] [timeout/OOM]
[18:51:33.132548] + run_one 40 0.5 10000
[18:51:33.132554] + local 'ext=40' 'dx=0.5' 'steps=10000'
[18:51:33.132570] + echo 
[18:51:33.132571] + echo '--- ext=40mm dx=0.5mm n_steps=10000 ckpt=1 emit=0 ---'
[18:51:33.132573] 
[18:51:33.132574] --- ext=40mm dx=0.5mm n_steps=10000 ckpt=1 emit=0 ---
[18:51:33.132715] + timeout 600 python scripts/issue31_big_smoke.py --ext-mm 40 --dx-mm 0.5 --n-steps 10000 --n-iters 1 --checkpoint 1 --emit-ts 0
[18:51:33.132754] + tail -8
[18:51:53.685054] workload reported done
[18:51:53.685154] Workload status changed to stopping
[18:51:53.697102]     return self._forward_nonuniform_from_materials(
[18:51:53.697126]   File "/root/workspace/byungkwan-workspace/research/rfx/rfx/api.py", line 3293, in _forward_nonuniform_from_materials
[18:51:53.697129]     result = run_nonuniform_path(
[18:51:53.697132]   File "/root/workspace/byungkwan-workspace/research/rfx/rfx/runners/nonuniform.py", line 520, in run_nonuniform_path
[18:51:53.697134]     r = run_nonuniform(
[18:51:53.697137]   File "/root/workspace/byungkwan-workspace/research/rfx/rfx/nonuniform.py", line 876, in run_nonuniform
[18:51:53.697139]     final, time_series = jax.lax.scan(body, carry_init, xs)
[18:51:53.697140] jaxlib.xla_extension.XlaRuntimeError: RESOURCE_EXHAUSTED: Out of memory while trying to allocate 24330240000 bytes.
[18:51:53.697147] [timeout/OOM]
[18:51:53.697150] 
[18:51:53.697151] === DONE ===
[18:51:53.697160] + echo '[timeout/OOM]'
[18:51:53.697163] + echo 
[18:51:53.697165] + echo '=== DONE ==='
[18:51:55.685195] + set +x
[18:52:00.685525] workload reported done
[18:52:00.685625] Workload status changed to waitToBeKilled
[18:52:03.000000] Stopping container vops-sidecar
[18:52:03.000000] Stopping container run-sidecar
[18:52:03.000000] Stopping container run-exec
[18:52:03.000000] Terminating VESSL Workload...
[18:52:03.000000] Stopping container fluentbit
[18:52:03.084972] workload completed
[18:52:03.085072] Workload status changed to completed
