Organization: remilab
Project: byungkwan
Displayed last 119 lines of #369367233259.
[23:16:01.805427] workload awaiting to start
[23:16:01.805527] Workload status changed to pending
[23:16:05.942549] VESSL Workload assigned successfully. Starting soon.
[23:16:06.000000] Container image "quay.io/vessl-ai/kernels-toolbox:0.1.188" already present on machine
[23:16:06.000000] Created container vops-init
[23:16:06.000000] Started container vops-init
[23:16:07.000000] Created container run-exec
[23:16:07.000000] Container image "nvcr.io/nvidia/jax:24.10-py3" already present on machine
[23:16:07.001000] Container image "nvcr.io/nvidia/jax:24.10-py3" already present on machine
[23:16:08.000000] Started container run-sidecar
[23:16:08.000000] Created container vops-sidecar
[23:16:08.000000] Created container ttyd-sidecar
[23:16:08.000000] Started container vops-sidecar
[23:16:08.000000] Container image "quay.io/vessl-ai/kernels-toolbox:0.1.188" already present on machine
[23:16:08.000000] Started container run-exec
[23:16:08.000000] Created container fluentbit
[23:16:08.000000] Started container ttyd-sidecar
[23:16:08.000000] Container image "quay.io/vessl-ai/fluent-bit:2.1.6" already present on machine
[23:16:08.000000] Container image "quay.io/vessl-ai/sidecar:v0.0.3" already present on machine
[23:16:08.441849] Installing VESSL CLI...
[23:16:09.338957] workload reported alive as pod run-execution-rulh2htlaut3-0
[23:16:09.339057] Workload status changed to initializing
[23:16:10.578818] + set +x
[23:16:14.605709] vessl, version 0.1.199
[23:16:15.689053] workload reported alive as pod run-execution-rulh2htlaut3-0
[23:16:15.689153] Workload status changed to running
[23:16:16.135840] + mkdir -p /root
[23:16:16.137847] + cd /root
[23:16:16.138296] + set -euo pipefail
[23:16:16.138311] + cd /root
[23:16:16.138319] + git clone https://github.com/bk-squared/rfx.git
[23:16:16.140297] Cloning into 'rfx'...
[23:16:18.629565] + cd rfx
[23:16:18.629592] + pip install --quiet -e '.[all]'
[23:16:22.529004] WARNING: rfx 1807.8.6 does not provide the extra 'dashboard'
[23:16:22.529061] WARNING: rfx 1807.8.6 does not provide the extra 'dev'
[23:16:22.529217] WARNING: rfx 1807.8.6 does not provide the extra 'optimization'
[23:16:22.529338] WARNING: rfx 1807.8.6 does not provide the extra 'visualization'
[23:16:27.325021] WARNING: Running pip as the 'root' user can result in broken permissions and conflicting behaviour with the system package manager. It is recommended to use a virtual environment instead: https://pip.pypa.io/warnings/venv
[23:16:27.546959] + python -c 'import jax; print('"'"'JAX:'"'"', jax.devices()); import rfx; print('"'"'rfx'"'"', rfx.__version__)'
[23:16:27.954413] JAX: [CudaDevice(id=0)]
[23:16:28.488814] rfx 1.5.0
[23:16:28.607902] + cp /root/workspace/bk-workspace/papers/rfx-tap/experiments/ntff_diagnostic_patch.py .
[23:16:28.619244] + python ntff_diagnostic_patch.py
[23:16:28.619326] + tee /root/workspace/bk-workspace/papers/rfx-tap/results/ntff_diagnostic.log
[23:16:29.279280] 
[23:16:29.279305] ==================================================
[23:16:29.279311] dx=3.0mm | Grid: 56x58x47 = 153K
[23:16:29.279315] n_steps=729 | Patch: 10x13 cells
[23:16:29.279352] /root/rfx/ntff_diagnostic_patch.py:63: UserWarning: 'pec' z-extent 3.00mm = 1.0 cells — under-resolved (< 3 cells). Consider finer mesh for accurate results.
[23:16:29.279584]   result = sim.run(n_steps=n_steps)
[23:16:29.279596] /root/rfx/ntff_diagnostic_patch.py:63: UserWarning: 'fr4' z-extent 1.60mm = 0.5 cells — below 1 cell resolution. Use non-uniform mesh or reduce dx.
[23:16:29.279600]   result = sim.run(n_steps=n_steps)
[23:16:29.279604] /root/rfx/ntff_diagnostic_patch.py:63: UserWarning: Gap between PEC structures: 1.60mm = 0.5 cells along z — coupling may be under-resolved.
[23:16:29.279608]   result = sim.run(n_steps=n_steps)
[23:16:29.279612] /root/rfx/ntff_diagnostic_patch.py:63: UserWarning: Material 'fr4' extends into CPML region along x-axis. CPML assumes vacuum — dielectric in absorber causes increased reflections.
[23:16:29.279615]   result = sim.run(n_steps=n_steps)
[23:17:24.621906] Probe peak: 1.3016e+01
[23:17:24.621931] Probe late energy: 1.2445e-13
[23:17:24.622008] NTFF x_lo norm: 0.0000e+00
[23:17:24.622013] NTFF z_hi norm: 0.0000e+00
[23:17:24.626926] Far-field max power: 0.0000e+00
[23:17:24.626938] Far-field broadside (theta~0): 0.0000e+00
[23:17:24.626942] NTFF: ZERO — no radiation detected!
[23:17:24.626991] 
[23:17:24.626997] ==================================================
[23:17:24.627001] dx=2.0mm | Grid: 65x69x52 = 233K
[23:17:24.627005] n_steps=1093 | Patch: 15x19 cells
[23:17:24.627048] /root/rfx/ntff_diagnostic_patch.py:63: UserWarning: 'pec' z-extent 2.00mm = 1.0 cells — below 1 cell resolution. Use add_thin_conductor() for sub-cell PEC sheet.
[23:17:24.627062]   result = sim.run(n_steps=n_steps)
[23:17:24.627083] /root/rfx/ntff_diagnostic_patch.py:63: UserWarning: 'fr4' z-extent 1.60mm = 0.8 cells — below 1 cell resolution. Use non-uniform mesh or reduce dx.
[23:17:24.627105]   result = sim.run(n_steps=n_steps)
[23:17:24.627119] /root/rfx/ntff_diagnostic_patch.py:63: UserWarning: Gap between PEC structures: 1.60mm = 0.8 cells along z — coupling may be under-resolved.
[23:17:24.627125]   result = sim.run(n_steps=n_steps)
[23:17:24.627134] /root/rfx/ntff_diagnostic_patch.py:63: UserWarning: Material 'fr4' extends into CPML region along x-axis. CPML assumes vacuum — dielectric in absorber causes increased reflections.
[23:17:24.627140]   result = sim.run(n_steps=n_steps)
[23:18:44.319129] Probe peak: 9.0616e+00
[23:18:44.319149] Probe late energy: 1.8647e-15
[23:18:44.319300] NTFF x_lo norm: 0.0000e+00
[23:18:44.319309] NTFF z_hi norm: 0.0000e+00
[23:18:44.327469] Far-field max power: 0.0000e+00
[23:18:44.327480] Far-field broadside (theta~0): 0.0000e+00
[23:18:44.327484] NTFF: ZERO — no radiation detected!
[23:18:44.327523] 
[23:18:44.327528] ==================================================
[23:18:44.327532] dx=1.0mm | Grid: 96x104x69 = 689K
[23:18:44.327535] n_steps=2186 | Patch: 31x38 cells
[23:18:44.327576] /root/rfx/ntff_diagnostic_patch.py:63: UserWarning: 'pec' z-extent 1.00mm = 1.0 cells — below 1 cell resolution. Use add_thin_conductor() for sub-cell PEC sheet.
[23:18:44.327580]   result = sim.run(n_steps=n_steps)
[23:18:44.327601] /root/rfx/ntff_diagnostic_patch.py:63: UserWarning: 'fr4' z-extent 1.60mm = 1.6 cells — under-resolved (< 3 cells). Consider finer mesh for accurate results.
[23:18:44.327605]   result = sim.run(n_steps=n_steps)
[23:18:44.327618] /root/rfx/ntff_diagnostic_patch.py:63: UserWarning: 'pec' z-extent 1.00mm = 1.0 cells — under-resolved (< 3 cells). Consider finer mesh for accurate results.
[23:18:44.327631]   result = sim.run(n_steps=n_steps)
[23:18:44.327642] /root/rfx/ntff_diagnostic_patch.py:63: UserWarning: Gap between PEC structures: 1.60mm = 1.6 cells along z — coupling may be under-resolved.
[23:18:44.327647]   result = sim.run(n_steps=n_steps)
[23:18:44.327654] /root/rfx/ntff_diagnostic_patch.py:63: UserWarning: Material 'fr4' extends into CPML region along x-axis. CPML assumes vacuum — dielectric in absorber causes increased reflections.
[23:18:44.327657]   result = sim.run(n_steps=n_steps)
[23:21:18.525118] Probe peak: 1.4721e+01
[23:21:18.525139] Probe late energy: 1.9095e+03
[23:21:18.525303] NTFF x_lo norm: 1.0484e-09
[23:21:18.525310] NTFF z_hi norm: 9.8069e-10
[23:21:18.572585] Far-field max power: 6.2436e-25
[23:21:18.572610] Far-field broadside (theta~0): 4.1980e-26
[23:21:18.572616] NTFF: ZERO — no radiation detected!
[23:21:18.572620] (skipping dx<=1mm to avoid OOM)
[23:21:19.263854] workload reported done
[23:21:19.263954] Workload status changed to stopping
[23:21:19.266034] + echo '[done]'
[23:21:19.266045] [done]
[23:21:28.233121] + set +x
[23:21:33.232786] workload reported done
[23:21:33.232886] Workload status changed to waitToBeKilled
[23:21:36.000000] Stopping container vops-sidecar
[23:21:36.000000] Stopping container run-exec
[23:21:36.000000] Terminating VESSL Workload...
[23:21:36.000000] Stopping container ttyd-sidecar
[23:21:36.000000] Stopping container fluentbit
[23:21:36.044555] workload completed
[23:21:36.044655] Workload status changed to completed
