Organization: remilab
Project: byungkwan
Displayed last 125 lines of #369367233553.
[22:53:23.412919] workload awaiting to start
[22:53:23.413019] Workload status changed to pending
[22:53:29.684734] Event Reason: FailedScheduling, Event Note: 0/13 nodes are available: pod has unbound immediate PersistentVolumeClaims. preemption: 0/13 nodes are available: 13 Preemption is not helpful for scheduling.
[22:53:29.684734] Workload is in queue for scheduling. Please wait...
[22:53:43.834002] Event Reason: FailedScheduling, Event Note: 0/13 nodes are available: pod has unbound immediate PersistentVolumeClaims. preemption: 0/13 nodes are available: 13 Preemption is not helpful for scheduling.
[22:53:43.834002] Workload is in queue for scheduling. Please wait...
[22:53:46.737841] VESSL Workload assigned successfully. Starting soon.
[22:53:47.000000] Container image "quay.io/vessl-ai/kernels-toolbox:0.1.188" already present on machine
[22:53:47.000000] Created container vops-init
[22:53:47.000000] Started container vops-init
[22:53:48.000000] Creating VESSL Workload...
[22:53:48.000000] Created container run-exec
[22:53:48.000000] Container image "nvcr.io/nvidia/jax:24.10-py3" already present on machine
[22:53:48.001000] Container image "nvcr.io/nvidia/jax:24.10-py3" already present on machine
[22:53:49.000000] Created container vops-sidecar
[22:53:49.000000] Starting VESSL Workload...
[22:53:49.000000] Started container vops-sidecar
[22:53:49.000000] Container image "quay.io/vessl-ai/kernels-toolbox:0.1.188" already present on machine
[22:53:49.000000] Started container run-exec
[22:53:49.000000] Started container fluentbit
[22:53:49.000000] Created container fluentbit
[22:53:49.000000] Started container ttyd-sidecar
[22:53:49.000000] Container image "quay.io/vessl-ai/fluent-bit:2.1.6" already present on machine
[22:53:49.000000] Created container run-sidecar
[22:53:49.472954] Installing VESSL CLI...
[22:53:50.338080] workload reported alive as pod run-execution-dks6ncqu94ta-0
[22:53:50.338181] Workload status changed to initializing
[22:53:51.532619] + set +x
[22:53:55.821048] vessl, version 0.1.199
[22:53:56.651861] workload reported alive as pod run-execution-dks6ncqu94ta-0
[22:53:56.651961] Workload status changed to running
[22:53:56.867260] + mkdir -p /root
[22:53:56.869107] + cd /root
[22:53:56.869559] + cd /root/workspace/byungkwan-workspace/research/rfx
[22:53:56.876033] + git config --global --add safe.directory /root/workspace/byungkwan-workspace/research/rfx
[22:53:56.884827] + git fetch --all
[22:53:56.953721] Fetching origin
[22:53:58.192405] + git checkout fix-farfield-viz
[22:53:58.833857] Already on 'fix-farfield-viz'
[22:53:58.860577] M	.gitignore
[22:53:58.860598] M	README.md
[22:53:58.860606] M	docs/agent/overview.mdx
[22:53:58.860615] M	docs/guide/documentation_architecture.md
[22:53:58.860620] M	docs/guides/support_matrix.json
[22:53:58.860626] M	docs/guides/support_matrix.md
[22:53:58.860632] M	docs/public/api/support-boundaries.mdx
[22:53:58.860638] M	docs/public/examples/crossval.mdx
[22:53:58.860644] M	docs/public/examples/index.mdx
[22:53:58.860650] M	docs/public/examples/rf-workflows.mdx
[22:53:58.860656] M	docs/public/guide/advanced.md
[22:53:58.860662] M	docs/public/guide/api-reference.mdx
[22:53:58.860667] M	docs/public/guide/changelog.mdx
[22:53:58.860672] M	docs/public/guide/contributing.md
[22:53:58.860677] M	docs/public/guide/first-patch.mdx
[22:53:58.860683] M	docs/public/guide/index.md
[22:53:58.860689] M	docs/public/guide/migration.md
[22:53:58.860694] M	docs/public/guide/nonuniform-mesh.mdx
[22:53:58.860700] M	docs/public/guide/quickstart.mdx
[22:53:58.860705] M	docs/public/guide/subgridding.mdx
[22:53:58.860710] M	docs/public/guide/tutorial-patch-antenna.mdx
[22:53:58.860716] M	docs/public/guide/validation.mdx
[22:53:58.860721] M	docs/public/index.mdx
[22:53:58.860727] M	docs/public/site_map.json
[22:53:58.860732] M	docs/public/validation/cross-solver.mdx
[22:53:58.860738] M	docs/public/validation/index.mdx
[22:53:58.860743] M	docs/public/validation/reference-lane.mdx
[22:53:58.860749] Your branch is up to date with 'origin/fix-farfield-viz'.
[22:53:58.861162] + git pull --ff-only origin fix-farfield-viz
[22:53:59.515484] From https://github.com/bk-squared/rfx
[22:53:59.515511]  * branch            fix-farfield-viz -> FETCH_HEAD
[22:53:59.546237] Already up to date.
[22:53:59.547167] + pip install -q -e '.[dev]'
[22:54:07.777749] WARNING: Running pip as the 'root' user can result in broken permissions and conflicting behaviour with the system package manager. It is recommended to use a virtual environment instead: https://pip.pypa.io/warnings/venv
[22:54:07.957302] + pip install -q plotly
[22:54:11.457861] WARNING: Running pip as the 'root' user can result in broken permissions and conflicting behaviour with the system package manager. It is recommended to use a virtual environment instead: https://pip.pypa.io/warnings/venv
[22:54:11.505403] + echo '=== dx=0.5mm uniform patch FFRP ==='
[22:54:11.505412] === dx=0.5mm uniform patch FFRP ===
[22:54:11.505430] + timeout 1800 python scripts/issue48_uniform_patch_ffrp.py --dx-mm 0.5
[22:54:12.573029] 
[22:54:12.573051] === Harminv (uniform, dx=0.50mm) ===
[22:54:12.573061] [cfg] cells=2,808,105
[22:54:12.576906] /root/workspace/byungkwan-workspace/research/rfx/scripts/issue48_uniform_patch_ffrp.py:115: UserWarning: 'pec' z-extent 0.50mm = 1.0 cells — under-resolved (PEC needs ≥5 cells). Consider finer mesh.
[22:54:12.576919]   res = sim.run(num_periods=60, compute_s_params=False)
[22:54:12.576931] /root/workspace/byungkwan-workspace/research/rfx/scripts/issue48_uniform_patch_ffrp.py:115: UserWarning: 'fr4' z-extent 1.50mm = 3.0 cells — under-resolved (dielectric needs ≥10 cells). Consider finer mesh.
[22:54:12.576936]   res = sim.run(num_periods=60, compute_s_params=False)
[22:54:12.576957] /root/workspace/byungkwan-workspace/research/rfx/scripts/issue48_uniform_patch_ffrp.py:115: UserWarning: Gap between PEC structures: 1.50mm = 3.0 cells along z — coupling may be under-resolved.
[22:54:12.576971]   res = sim.run(num_periods=60, compute_s_params=False)
[22:54:26.742679] [run] 14.2s
[22:55:24.015340] [warn] harminv found no modes; falling back to F_DESIGN. All modes: []
[22:55:24.015373] [result] f_res=2.4000 GHz  Q=nan  error vs Balanis 2.4235 GHz = 0.97%
[22:55:24.015466] 
[22:55:24.015474] === Far-field (uniform, dx=0.50mm, f=2.400 GHz) ===
[22:55:24.015607] [cfg] cells=2,808,105
[22:55:24.015707] /root/workspace/byungkwan-workspace/research/rfx/scripts/issue48_uniform_patch_ffrp.py:146: UserWarning: 'pec' z-extent 0.50mm = 1.0 cells — under-resolved (PEC needs ≥5 cells). Consider finer mesh.
[22:55:24.015718]   res = sim.run(num_periods=40, compute_s_params=False)
[22:55:24.015736] /root/workspace/byungkwan-workspace/research/rfx/scripts/issue48_uniform_patch_ffrp.py:146: UserWarning: 'fr4' z-extent 1.50mm = 3.0 cells — under-resolved (dielectric needs ≥10 cells). Consider finer mesh.
[22:55:24.015748]   res = sim.run(num_periods=40, compute_s_params=False)
[22:55:24.015771] /root/workspace/byungkwan-workspace/research/rfx/scripts/issue48_uniform_patch_ffrp.py:146: UserWarning: Gap between PEC structures: 1.50mm = 3.0 cells along z — coupling may be under-resolved.
[22:55:24.015776]   res = sim.run(num_periods=40, compute_s_params=False)
[22:55:35.198529] [run] 11.2s
[22:55:52.625848] [peak] θ=6.2°  φ=339.8°  broadside_ratio=0.995
[22:55:52.890261] [out] /root/workspace/byungkwan-workspace/research/rfx/scripts/../docs/research_notes/issue48_figs/uniform_ffrp_dx0.50mm.png
[22:55:53.026567] [out] /root/workspace/byungkwan-workspace/research/rfx/scripts/../docs/research_notes/issue48_figs/uniform_ffrp_dx0.50mm.html
[22:55:53.331105] workload reported done
[22:55:53.331205] Workload status changed to stopping
[22:55:53.332567] 
[22:55:53.332580] + echo 
[22:55:53.332592] === DONE ===
[22:55:53.332612] + echo '=== DONE ==='
[22:55:53.332619] + ls -la docs/research_notes/issue48_figs/
[22:55:53.336788] total 744
[22:55:53.336801] drwxr-xr-x  2 nobody nogroup   4096 Apr 15 13:55 .
[22:55:53.336805] drwxr-xr-x 13 nobody nogroup  12288 Apr 15 13:39 ..
[22:55:53.336809] -rw-r--r--  1 nobody nogroup 607716 Apr 15 13:55 uniform_ffrp_dx0.50mm.html
[22:55:53.336812] -rw-r--r--  1 nobody nogroup 131966 Apr 15 13:55 uniform_ffrp_dx0.50mm.png
[22:55:57.306370] + set +x
[22:56:02.304328] workload reported done
[22:56:02.304428] Workload status changed to waitToBeKilled
[22:56:03.000000] Stopping container run-sidecar
[22:56:03.000000] Stopping container run-exec
[22:56:03.000000] Terminating VESSL Workload...
[22:56:03.000000] Stopping container ttyd-sidecar
[22:56:03.000000] Stopping container fluentbit
[22:56:03.160134] workload completed
[22:56:03.160234] Workload status changed to completed
