Organization: remilab
Project: byungkwan
Displayed last 200 lines of #369367233226.
[19:36:52.796531] tests/test_sbp_sat_jit.py::TestJITBasic::test_jit_cpml_runs_without_error PASSED
[19:36:54.275574] tests/test_sbp_sat_jit.py::TestJITBasic::test_jit_produces_nonzero_fields PASSED
[19:36:55.695999] tests/test_sbp_sat_jit.py::TestJITBasic::test_jit_time_series_shape PASSED
[19:36:56.798384] tests/test_sbp_sat_jit.py::TestJITBasic::test_jit_time_series_nonzero PASSED
[19:36:58.036121] tests/test_sbp_sat_jit.py::TestJITEdgeCases::test_jit_no_probe PASSED
[19:36:59.283078] tests/test_sbp_sat_jit.py::TestJITEdgeCases::test_jit_no_source PASSED
[19:37:00.778235] tests/test_sbp_sat_jit.py::TestJITStability::test_jit_fields_finite_1000_steps PASSED
[19:37:01.947284] tests/test_sbp_sat_jit.py::TestJITStability::test_jit_energy_stable_1000_steps PASSED
[19:37:05.842801] tests/test_sbp_sat_jit.py::TestJITStability::test_jit_cpml_fields_finite PASSED
[19:37:09.808769] tests/test_sbp_sat_jit.py::TestJITStability::test_jit_cpml_absorbs_no_late_time_growth PASSED
[19:37:11.336486] tests/test_sbp_sat_jit.py::TestJITRunnerDirect::test_direct_jit_runner_pec PASSED
[19:37:12.880897] tests/test_sbp_sat_jit.py::TestJITRunnerDirect::test_direct_jit_runner_no_probes_no_sources PASSED
[19:37:26.391339] tests/test_sbp_sat_jit.py::TestJITRunnerHCoupling::test_jit_runner_h_coupling_energy PASSED
[19:37:28.169922] tests/test_sbp_sat_jit.py::TestSubgridMaterialTransition::test_dielectric_crossing_boundary_stable PASSED
[19:37:30.479699] tests/test_sbp_sat_jit.py::TestSubgridMaterialTransition::test_dielectric_changes_field_amplitude FAILED
[19:37:30.479726] 
[19:37:30.479731] =================================== FAILURES ===================================
[19:37:30.479734] ____ TestSubgridMaterialTransition.test_dielectric_changes_field_amplitude _____
[19:37:30.479736] tests/test_sbp_sat_jit.py:483: in test_dielectric_changes_field_amplitude
[19:37:30.479740]     assert rel_diff > 0.01, (
[19:37:30.479743] E   AssertionError: Dielectric should change signal: rel_diff=0.0058
[19:37:30.479746] E   assert 0.0057946738125357515 > 0.01
[19:37:30.479842] =============================== warnings summary ===============================
[19:37:30.479850] tests/test_sbp_sat_jit.py::TestJITBasic::test_jit_cpml_runs_without_error
[19:37:30.479852] tests/test_sbp_sat_jit.py::TestJITStability::test_jit_cpml_fields_finite
[19:37:30.479855] tests/test_sbp_sat_jit.py::TestJITStability::test_jit_cpml_absorbs_no_late_time_growth
[19:37:30.479871]   /root/workspace/byungkwan-workspace/research/rfx/tests/test_sbp_sat_jit.py:33: UserWarning: Subgrid z_range=(15.0, 25.0)mm overlaps PML region (thickness=48.0mm). This causes late-time energy growth. Move z_range inside the PML boundary for stable results.
[19:37:30.479876]     sim.add_refinement(z_range=(0.015, 0.025), ratio=2)
[19:37:30.479879] 
[19:37:30.479881] tests/test_sbp_sat_jit.py::TestJITEdgeCases::test_jit_no_source
[19:37:30.479885]   /root/workspace/byungkwan-workspace/research/rfx/tests/test_sbp_sat_jit.py:99: UserWarning: No sources, ports, TFSF, or waveguide/Floquet ports configured. Simulation will produce zero fields.
[19:37:30.479887]     result = sim.run(n_steps=50)
[19:37:30.479890] 
[19:37:30.479892] -- Docs: https://docs.pytest.org/en/stable/how-to/capture-warnings.html
[19:37:30.479990] =========================== short test summary info ============================
[19:37:30.479999] FAILED tests/test_sbp_sat_jit.py::TestSubgridMaterialTransition::test_dielectric_changes_field_amplitude
[19:37:30.480002] ================== 1 failed, 15 passed, 4 warnings in 44.19s ===================
[19:37:31.300103] 
[19:37:31.300107] + FAIL=1
[19:37:31.300127] === 3. SBP-SAT alpha tests ===
[19:37:31.300133] + echo 
[19:37:31.300138] + echo '=== 3. SBP-SAT alpha tests ==='
[19:37:31.300140] + pytest tests/test_sbp_sat_alpha.py -vs '--tb=short'
[19:37:31.376403] ============================= test session starts ==============================
[19:37:31.376422] platform linux -- Python 3.10.12, pytest-9.0.3, pluggy-1.6.0 -- /usr/bin/python3
[19:37:31.377312] cachedir: .pytest_cache
[19:37:31.377326] rootdir: /root/workspace/byungkwan-workspace/research/rfx
[19:37:31.377328] configfile: pyproject.toml
[19:37:31.377330] plugins: xdist-3.8.0
[19:37:31.886491] collecting ... collected 10 items
[19:37:31.886971] 
[19:37:31.887681] tests/test_sbp_sat_alpha.py::TestSBPSATAlpha::test_default_tau_is_half PASSED
[19:37:31.888151] tests/test_sbp_sat_alpha.py::TestSBPSATAlpha::test_custom_tau_stored PASSED
[19:37:36.234932] tests/test_sbp_sat_alpha.py::TestSBPSATAlpha::test_custom_tau_accepted PASSED
[19:37:39.697050] tests/test_sbp_sat_alpha.py::TestSBPSATAlpha::test_default_tau_runs PASSED
[19:37:39.721041] tests/test_sbp_sat_alpha.py::TestSBPSATAlpha::test_tau_propagates_to_config PASSED
[19:37:39.763877] tests/test_sbp_sat_alpha.py::TestSBPSATAlpha::test_init_subgrid_3d_tau_passthrough PASSED
[19:37:39.765779] tests/test_sbp_sat_alpha.py::TestSBPSATAlpha::test_init_subgrid_3d_default_tau PASSED
[19:37:48.903359] tests/test_sbp_sat_alpha.py::TestSBPSATAlpha::test_tau_is_ignored_by_new_scheme PASSED
[19:37:48.908312] tests/test_sbp_sat_alpha.py::TestSBPSATAlpha::test_alpha_values_are_dimensionless PASSED
[19:39:05.858435] tests/test_sbp_sat_alpha.py::TestSBPSATAlpha::test_energy_stable_after_fix PASSED
[19:39:05.858455] 
[19:39:05.858474] =============================== warnings summary ===============================
[19:39:05.858479] tests/test_sbp_sat_alpha.py::TestSBPSATAlpha::test_custom_tau_accepted
[19:39:05.858487]   /root/workspace/byungkwan-workspace/research/rfx/rfx/runners/subgridded.py:66: DeprecationWarning: SubgridConfig3D.tau is no longer read by the disjoint-domain shared-face scheme. The value is preserved on the config for backward compatibility but has no effect on the simulation.
[19:39:05.858495]     config = subgrid_config_from_region(
[19:39:05.858496] 
[19:39:05.858500] tests/test_sbp_sat_alpha.py::TestSBPSATAlpha::test_init_subgrid_3d_tau_passthrough
[19:39:05.858501] tests/test_sbp_sat_alpha.py::TestSBPSATAlpha::test_alpha_values_are_dimensionless
[19:39:05.858502] tests/test_sbp_sat_alpha.py::TestSBPSATAlpha::test_alpha_values_are_dimensionless
[19:39:05.858503] tests/test_sbp_sat_alpha.py::TestSBPSATAlpha::test_alpha_values_are_dimensionless
[19:39:05.858505] tests/test_sbp_sat_alpha.py::TestSBPSATAlpha::test_energy_stable_after_fix
[19:39:05.858505] tests/test_sbp_sat_alpha.py::TestSBPSATAlpha::test_alpha_values_are_dimensionless
[19:39:05.858507] tests/test_sbp_sat_alpha.py::TestSBPSATAlpha::test_energy_stable_after_fix
[19:39:05.858508]   /root/workspace/byungkwan-workspace/research/rfx/rfx/subgridding/sbp_sat_3d.py:189: DeprecationWarning: SubgridConfig3D.tau is no longer read by the disjoint-domain shared-face scheme. The value is preserved on the config for backward compatibility but has no effect on the simulation.
[19:39:05.858509]     config = subgrid_config_from_region(
[19:39:05.858510] 
[19:39:05.858511] -- Docs: https://docs.pytest.org/en/stable/how-to/capture-warnings.html
[19:39:05.858577] ================== 10 passed, 8 warnings in 94.48s (0:01:34) ===================
[19:39:06.248707] 
[19:39:06.248708] + echo 
[19:39:06.248721] === 4. Subgrid accuracy crossval (slab + 3D cavity) ===
[19:39:06.248724] + echo '=== 4. Subgrid accuracy crossval (slab + 3D cavity) ==='
[19:39:06.248725] + pytest tests/test_subgrid_crossval.py -vs '--tb=short'
[19:39:06.329164] ============================= test session starts ==============================
[19:39:06.329178] platform linux -- Python 3.10.12, pytest-9.0.3, pluggy-1.6.0 -- /usr/bin/python3
[19:39:06.330071] cachedir: .pytest_cache
[19:39:06.330073] rootdir: /root/workspace/byungkwan-workspace/research/rfx
[19:39:06.330076] configfile: pyproject.toml
[19:39:06.330077] plugins: xdist-3.8.0
[19:39:06.479436] collecting ... collected 4 items
[19:39:06.479858] 
[19:39:13.072549] tests/test_subgrid_crossval.py::TestSlabCavitySubgrid::test_slab_transmitted_rms_error 
[19:39:13.072572] Slab cavity crossval:
[19:39:13.072573]   Ref: dt=1.907e-12s, 1000 steps, max=3.141509e-03
[19:39:13.072574]   Sub: dt=1.907e-12s, 1100 steps, max=7.312076e-04
[19:39:13.072576]   RMS error (time-aligned): 81.486%
[19:39:13.102273] FAILED
[19:39:15.232003] tests/test_subgrid_crossval.py::TestSlabCavitySubgrid::test_slab_signals_finite PASSED
[19:39:18.722600] tests/test_subgrid_crossval.py::TestCavitySubgrid::test_cavity_probe_rms_error 
[19:39:18.722629] 3D cavity crossval:
[19:39:18.722632]   Ref: dt=1.907e-12s, 1000 steps, max=1.459134e-03
[19:39:18.722633]   Sub: dt=1.907e-12s, 1100 steps, max=5.738520e-04
[19:39:18.722635]   RMS error (time-aligned): 98.197%
[19:39:18.725895] FAILED
[19:39:20.153198] tests/test_subgrid_crossval.py::TestCavitySubgrid::test_cavity_signals_finite PASSED
[19:39:20.153252] 
[19:39:20.153259] =================================== FAILURES ===================================
[19:39:20.153263] ____________ TestSlabCavitySubgrid.test_slab_transmitted_rms_error _____________
[19:39:20.153278] tests/test_subgrid_crossval.py:114: in test_slab_transmitted_rms_error
[19:39:20.153283]     assert err < 0.05, f"Slab cavity: RMS error {err:.3%} >= 5%"
[19:39:20.153287] E   AssertionError: Slab cavity: RMS error 81.486% >= 5%
[19:39:20.153290] E   assert 0.8148558880921221 < 0.05
[19:39:20.153307] ________________ TestCavitySubgrid.test_cavity_probe_rms_error _________________
[19:39:20.153348] tests/test_subgrid_crossval.py:182: in test_cavity_probe_rms_error
[19:39:20.153355]     assert err < 0.10, f"3D cavity: RMS error {err:.3%} >= 10%"
[19:39:20.153360] E   AssertionError: 3D cavity: RMS error 98.197% >= 10%
[19:39:20.153364] E   assert 0.9819727317524161 < 0.1
[19:39:20.153752] =========================== short test summary info ============================
[19:39:20.153775] FAILED tests/test_subgrid_crossval.py::TestSlabCavitySubgrid::test_slab_transmitted_rms_error
[19:39:20.153779] FAILED tests/test_subgrid_crossval.py::TestCavitySubgrid::test_cavity_probe_rms_error
[19:39:20.153788] ========================= 2 failed, 2 passed in 13.82s =========================
[19:39:20.590296] 
[19:39:20.590299] + FAIL=1
[19:39:20.590321] === 5. Full gpu test suite (regression check) ===
[19:39:20.590327] + echo 
[19:39:20.590329] + echo '=== 5. Full gpu test suite (regression check) ==='
[19:39:20.590336] + pytest tests/ -m gpu '--tb=short' -q '--ignore=tests/test_meep_crossval.py' '--ignore=tests/test_meep_crossval_patch.py' '--ignore=tests/test_openems_crossval.py' '--ignore=tests/test_crossval_comprehensive.py' '--ignore=tests/test_distributed.py' -k 'not slow'
[19:50:30.818738] ........................................................................ [ 45%]
[19:54:53.346261] ........................................................................ [ 91%]
[19:55:08.329649] ..............                                                           [100%]
[19:55:08.329731] =============================== warnings summary ===============================
[19:55:08.329739] tests/test_adi.py::test_simulation_adi_internal_pec_geometry_masks_ez
[19:55:08.329749]   /root/workspace/byungkwan-workspace/research/rfx/tests/test_adi.py:289: UserWarning: Auto mesh: dx=1.000mm (30 cells/λ). Set dx= explicitly to suppress.
[19:55:08.329751]     result = sim.run(n_steps=20)
[19:55:08.329752] 
[19:55:08.329756] tests/test_adi.py::test_simulation_adi_internal_pec_geometry_masks_ez
[19:55:08.329761]   /root/workspace/byungkwan-workspace/research/rfx/tests/test_adi.py:289: UserWarning: Estimated 100000 steps (high Q=1000). Consider reducing freq_range or using decay-based stopping.
[19:55:08.329762]     result = sim.run(n_steps=20)
[19:55:08.329764] 
[19:55:08.329765] tests/test_adi.py::test_simulation_adi_internal_pec_geometry_masks_ez
[19:55:08.329766]   /root/workspace/byungkwan-workspace/research/rfx/tests/test_adi.py:289: UserWarning: Port/source at (0.01, 0.01, 0.0) is inside PEC geometry 'pec'. Field will be zero. Move source outside PEC.
[19:55:08.329767]     result = sim.run(n_steps=20)
[19:55:08.329768] 
[19:55:08.329775] tests/test_adi.py::test_simulation_adi_cpml_boundary
[19:55:08.329777]   /root/workspace/byungkwan-workspace/research/rfx/tests/test_adi.py:309: UserWarning: Probe at (0.012, 0.01, 0.0) is near/inside CPML region (CPML z-thickness=12.0mm). Signal will be attenuated. Move probe to interior.
[19:55:08.329778]     result = sim.run(n_steps=20)
[19:55:08.329779] 
[19:55:08.329780] tests/test_adi.py::test_simulation_adi_cpml_boundary
[19:55:08.329782]   /root/workspace/byungkwan-workspace/research/rfx/tests/test_adi.py:309: UserWarning: Source/port at (0.01, 0.01, 0.0) is near/inside CPML region (CPML z-thickness=12.0mm). Energy will be absorbed. Move source to interior.
[19:55:08.329783]     result = sim.run(n_steps=20)
[19:55:08.329783] 
[19:55:08.329785] tests/test_adi.py::test_simulation_adi_lossy_material
[19:55:08.329787]   /root/workspace/byungkwan-workspace/research/rfx/tests/test_adi.py:323: UserWarning: Auto mesh: dx=1.000mm (30 cells/λ). Set dx= explicitly to suppress.
[19:55:08.329788]     result = sim.run(n_steps=20)
[19:55:08.329790] 
[19:55:08.329792] tests/test_conformal_convergence.py::TestConformalConvergence::test_api_conformal_convergence
[19:55:08.329798]   /root/workspace/byungkwan-workspace/research/rfx/tests/test_conformal_convergence.py:279: UserWarning: Auto mesh: dx=2.500mm (24 cells/λ). Set dx= explicitly to suppress.
[19:55:08.329799]     result_conf = sim.run(n_steps=200, conformal_pec=True)
[19:55:08.329800] 
[19:55:08.329802] tests/test_conformal_convergence.py::TestConformalConvergence::test_api_conformal_convergence
[19:55:08.329803]   /root/workspace/byungkwan-workspace/research/rfx/tests/test_conformal_convergence.py:279: UserWarning: Estimated 100000 steps (high Q=1000). Consider reducing freq_range or using decay-based stopping.
[19:55:08.329804]     result_conf = sim.run(n_steps=200, conformal_pec=True)
[19:55:08.329806] 
[19:55:08.329808] tests/test_conformal_convergence.py::TestConformalConvergence::test_api_conformal_convergence
[19:55:08.329811]   /root/workspace/byungkwan-workspace/research/rfx/tests/test_conformal_convergence.py:279: UserWarning: Source/port at (0.03, 0.03, 0.005) is near/inside CPML region (CPML z-thickness=20.0mm). Energy will be absorbed. Move source to interior.
[19:55:08.329813]     result_conf = sim.run(n_steps=200, conformal_pec=True)
[19:55:08.329814] 
[19:55:08.329817] tests/test_conformal_convergence.py::TestConformalConvergence::test_api_conformal_convergence
[19:55:08.329832]   /root/workspace/byungkwan-workspace/research/rfx/tests/test_conformal_convergence.py:280: UserWarning: Source/port at (0.03, 0.03, 0.005) is near/inside CPML region (CPML z-thickness=20.0mm). Energy will be absorbed. Move source to interior.
[19:55:08.329844]     result_stair = sim.run(n_steps=200)
[19:55:08.329847] 
[19:55:08.329849] tests/test_vmap_sweep.py::TestVmapSweepCPML::test_cpml_vmap_matches_sequential
[19:55:08.329851] tests/test_vmap_sweep.py::TestVmapSweepCPML::test_cpml_vmap_matches_sequential
[19:55:08.329854]   /root/workspace/byungkwan-workspace/research/rfx/tests/test_vmap_sweep.py:209: UserWarning: Probe at (0.005, 0.01, 0.01) is near/inside CPML region (CPML x-thickness=12.0mm). Signal will be attenuated. Move probe to interior.
[19:55:08.329857]     single_result = sim_single.run(n_steps=n_steps)
[19:55:08.329859] 
[19:55:08.329871] tests/test_vmap_sweep.py::TestVmapSweepCPML::test_cpml_vmap_matches_sequential
[19:55:08.329874] tests/test_vmap_sweep.py::TestVmapSweepCPML::test_cpml_vmap_matches_sequential
[19:55:08.329875]   /root/workspace/byungkwan-workspace/research/rfx/tests/test_vmap_sweep.py:209: UserWarning: Material 'substrate' extends into CPML region along y-axis. CPML assumes vacuum — dielectric in absorber causes increased reflections.
[19:55:08.329877]     single_result = sim_single.run(n_steps=n_steps)
[19:55:08.329879] 
[19:55:08.329881] -- Docs: https://docs.pytest.org/en/stable/how-to/capture-warnings.html
[19:55:08.330263] 158 passed, 587 deselected, 14 warnings in 947.66s (0:15:47)
[19:55:25.339626] workload reported done
[19:55:25.339726] Workload status changed to stopping
[19:55:25.367944] 
[19:55:25.367958] + echo 
[19:55:25.367969] === DONE (FAIL=1) ===
[19:55:25.367974] + echo '=== DONE (FAIL=1) ==='
[19:55:25.367975] + exit 1
[19:55:30.604423] workload reported done
[19:55:30.604523] Workload status changed to waitToBeKilled
[19:55:33.000000] Stopping container vops-sidecar
[19:55:33.000000] Stopping container run-sidecar
[19:55:33.000000] Stopping container run-exec
[19:55:33.000000] Terminating VESSL Workload...
[19:55:33.000000] Stopping container ttyd-sidecar
[19:55:33.157121] workload failed
[19:55:33.157221] Workload status changed to failed
