Organization: remilab
Project: byungkwan
Displayed last 127 lines of #369367233499.
[19:01:04.902029] workload awaiting to start
[19:01:04.902129] Workload status changed to pending
[19:01:08.896382] Event Reason: FailedScheduling, Event Note: 0/13 nodes are available: pod has unbound immediate PersistentVolumeClaims. preemption: 0/13 nodes are available: 13 Preemption is not helpful for scheduling.
[19:01:08.896382] Workload is in queue for scheduling. Please wait...
[19:01:13.098679] VESSL Workload assigned successfully. Starting soon.
[19:01:14.000000] Container image "quay.io/vessl-ai/kernels-toolbox:0.1.188" already present on machine
[19:01:14.000000] Created container vops-init
[19:01:14.000000] Started container vops-init
[19:01:15.000000] Started container run-sidecar
[19:01:15.000000] Creating VESSL Workload...
[19:01:15.000000] Created container vops-sidecar
[19:01:15.000000] Starting VESSL Workload...
[19:01:15.000000] Started container vops-sidecar
[19:01:15.000000] Created container run-exec
[19:01:15.000000] Container image "quay.io/vessl-ai/kernels-toolbox:0.1.188" already present on machine
[19:01:15.000000] Started container run-exec
[19:01:15.000000] Created container fluentbit
[19:01:15.000000] Container image "nvcr.io/nvidia/jax:24.10-py3" already present on machine
[19:01:15.000000] Container image "quay.io/vessl-ai/sidecar:v0.0.3" already present on machine
[19:01:15.000000] Created container run-sidecar
[19:01:15.799751] Installing VESSL CLI...
[19:01:17.749731] + set +x
[19:01:36.977771] vessl, version 0.1.199
[19:01:37.879320] workload reported alive as pod run-execution-kadvsvcvg0do-0
[19:01:37.879420] Workload status changed to running
[19:01:38.122524] + mkdir -p /root
[19:01:38.123689] + cd /root
[19:01:38.123961] + cd /root/workspace/byungkwan-workspace/research/rfx
[19:01:38.132308] + git config --global --add safe.directory /root/workspace/byungkwan-workspace/research/rfx
[19:01:38.142493] + git fetch --all
[19:01:38.289546] Fetching origin
[19:01:39.432735] + git checkout nu-memory-efficient
[19:01:39.976450] Already on 'nu-memory-efficient'
[19:01:40.002897] M	.gitignore
[19:01:40.002936] M	README.md
[19:01:40.002945] M	docs/public/examples/crossval.mdx
[19:01:40.002955] M	docs/public/examples/index.mdx
[19:01:40.002962] M	docs/public/examples/rf-workflows.mdx
[19:01:40.002969] M	docs/public/guide/advanced.md
[19:01:40.002976] M	docs/public/guide/changelog.mdx
[19:01:40.002982] M	docs/public/guide/first-patch.mdx
[19:01:40.002989] M	docs/public/guide/index.md
[19:01:40.002996] M	docs/public/guide/nonuniform-mesh.mdx
[19:01:40.003004] M	docs/public/guide/quickstart.mdx
[19:01:40.003011] M	docs/public/guide/tutorial-patch-antenna.mdx
[19:01:40.003018] M	docs/public/guide/validation.mdx
[19:01:40.003026] M	docs/public/index.mdx
[19:01:40.003033] M	docs/public/validation/cross-solver.mdx
[19:01:40.003039] M	docs/public/validation/index.mdx
[19:01:40.003046] M	docs/public/validation/reference-lane.mdx
[19:01:40.003053] Your branch is up to date with 'origin/nu-memory-efficient'.
[19:01:40.003604] + git pull --ff-only origin nu-memory-efficient
[19:01:40.826612] From https://github.com/bk-squared/rfx
[19:01:40.826643]  * branch            nu-memory-efficient -> FETCH_HEAD
[19:01:40.964453] Already up to date.
[19:01:40.965276] + pip install -q -e '.[dev]'
[19:01:48.722649] WARNING: Running pip as the 'root' user can result in broken permissions and conflicting behaviour with the system package manager. It is recommended to use a virtual environment instead: https://pip.pypa.io/warnings/venv
[19:01:49.005044] ==========================================
[19:01:49.005077] Issue #31 — segmented + real physics loss
[19:01:49.005085] Expect: non-trivial grad, loss trajectory moves across iters
[19:01:49.005090] ==========================================
[19:01:49.005093] + echo '=========================================='
[19:01:49.005095] 
[19:01:49.005114] + echo 'Issue #31 — segmented + real physics loss'
[19:01:49.005122] + echo 'Expect: non-trivial grad, loss trajectory moves across iters'
[19:01:49.005129] + echo '=========================================='
[19:01:49.005135] + echo 
[19:01:49.005141] + echo '=== Small (207k cells, n_steps=2000, chunk=64, 10 iters) ==='
[19:01:49.005149] + timeout 900 python scripts/issue31_big_smoke.py --ext-mm 20 --dx-mm 0.5 --n-steps 2000 --n-iters 10 --checkpoint 1 --emit-ts 1 --checkpoint-every 64
[19:01:49.005172] === Small (207k cells, n_steps=2000, chunk=64, 10 iters) ===
[19:01:49.760138] /root/workspace/byungkwan-workspace/research/rfx/scripts/issue31_big_smoke.py:59: UserWarning: dz_profile has max adjacent cell ratio 2.00 (> 1.3). This may cause numerical reflections. Use rfx.smooth_grading(dz_profile) to fix.
[19:01:49.760187]   sim = Simulation(
[19:01:50.253062] [cfg] nx,ny,nz = 56,56,66  cells = 206,976
[19:01:50.253083] [cfg] n_steps = 2000  iters = 10
[19:01:50.253088] [cfg] checkpoint = True  emit_time_series = True  checkpoint_every = 64
[19:01:50.253093] [cfg] device = cuda:0 (platform=gpu)
[19:01:50.278072] [cfg] design slab  i=[18,38)  j=[18,38)  k=[4,6)
[19:01:50.278320] [run] tracing + compiling forward+grad ...
[19:02:14.878690] [run] first grad call OK  loss=nan  grad=nan  elapsed=24.6s  peak=0.861454848 GB
[19:02:38.298956] [iter 1] alpha=+nan  loss=+nan  grad=+nan  dt=23.4s  peak=0.861454848 GB
[19:03:01.349617] [iter 2] alpha=+nan  loss=+nan  grad=+nan  dt=23.1s  peak=0.861454848 GB
[19:03:24.756433] [iter 3] alpha=+nan  loss=+nan  grad=+nan  dt=23.4s  peak=0.861454848 GB
[19:03:47.947865] [iter 4] alpha=+nan  loss=+nan  grad=+nan  dt=23.2s  peak=0.861454848 GB
[19:04:11.104689] [iter 5] alpha=+nan  loss=+nan  grad=+nan  dt=23.2s  peak=0.861454848 GB
[19:04:34.252345] [iter 6] alpha=+nan  loss=+nan  grad=+nan  dt=23.1s  peak=0.861454848 GB
[19:04:57.662386] [iter 7] alpha=+nan  loss=+nan  grad=+nan  dt=23.4s  peak=0.861454848 GB
[19:05:21.391323] [iter 8] alpha=+nan  loss=+nan  grad=+nan  dt=23.7s  peak=0.861454848 GB
[19:05:44.723466] [iter 9] alpha=+nan  loss=+nan  grad=+nan  dt=23.3s  peak=0.861454848 GB
[19:05:44.723505] 
[19:05:44.723514] [result] PASS  peak_GB=0.861454848  cells=206,976  n_steps=2000
[19:05:46.651070] 
[19:05:46.651097] + echo 
[19:05:46.651101] === Medium (608k cells, n_steps=5000, chunk=100, 6 iters) ===
[19:05:46.651113] + echo '=== Medium (608k cells, n_steps=5000, chunk=100, 6 iters) ==='
[19:05:46.651119] + timeout 1800 python scripts/issue31_big_smoke.py --ext-mm 40 --dx-mm 0.5 --n-steps 5000 --n-iters 6 --checkpoint 1 --emit-ts 1 --checkpoint-every 100
[19:05:47.327722] /root/workspace/byungkwan-workspace/research/rfx/scripts/issue31_big_smoke.py:59: UserWarning: dz_profile has max adjacent cell ratio 2.00 (> 1.3). This may cause numerical reflections. Use rfx.smooth_grading(dz_profile) to fix.
[19:05:47.327741]   sim = Simulation(
[19:05:47.744817] [cfg] nx,ny,nz = 96,96,66  cells = 608,256
[19:05:47.744847] [cfg] n_steps = 5000  iters = 6
[19:05:47.744857] [cfg] checkpoint = True  emit_time_series = True  checkpoint_every = 100
[19:05:47.744864] [cfg] device = cuda:0 (platform=gpu)
[19:05:47.767333] [cfg] design slab  i=[38,58)  j=[38,58)  k=[4,6)
[19:05:47.767582] [run] tracing + compiling forward+grad ...
[19:06:06.485485] [run] first grad call OK  loss=nan  grad=nan  elapsed=18.7s  peak=3.600491008 GB
[19:06:23.647224] [iter 1] alpha=+nan  loss=+nan  grad=+nan  dt=17.2s  peak=3.600491008 GB
[19:06:40.812069] [iter 2] alpha=+nan  loss=+nan  grad=+nan  dt=17.2s  peak=3.600491008 GB
[19:06:57.978712] [iter 3] alpha=+nan  loss=+nan  grad=+nan  dt=17.2s  peak=3.600491008 GB
[19:07:15.569737] [iter 4] alpha=+nan  loss=+nan  grad=+nan  dt=17.6s  peak=3.600491008 GB
[19:07:33.039335] [iter 5] alpha=+nan  loss=+nan  grad=+nan  dt=17.5s  peak=3.600491008 GB
[19:07:33.039373] 
[19:07:33.039381] [result] PASS  peak_GB=3.600491008  cells=608,256  n_steps=5000
[19:07:34.327083] 
[19:07:34.327108] + echo 
[19:07:34.327134] === DONE ===
[19:07:34.327148] + echo '=== DONE ==='
[19:07:34.350501] workload reported done
[19:07:34.350601] Workload status changed to stopping
[19:07:38.251152] + set +x
[19:07:43.280715] workload reported done
[19:07:43.280815] Workload status changed to waitToBeKilled
[19:07:45.000000] Stopping container run-sidecar
[19:07:45.000000] Stopping container run-exec
[19:07:45.000000] Terminating VESSL Workload...
[19:07:45.000000] Stopping container ttyd-sidecar
[19:07:45.000000] Stopping container fluentbit
[19:07:45.063032] workload completed
[19:07:45.063132] Workload status changed to completed
