Organization: remilab
Project: byungkwan
E0417 16:27:53.700003 302557 _base.py:177] VesslApiException: NotFound (404): Requested entity not found.
Traceback (most recent call last):
  File "/usr/local/lib/python3.10/dist-packages/vessl/cli/_base.py", line 168, in main
    return super().main(*args, **kwargs)
  File "/usr/local/lib/python3.10/dist-packages/click/core.py", line 1363, in main
    rv = self.invoke(ctx)
  File "/usr/local/lib/python3.10/dist-packages/click/core.py", line 1830, in invoke
    return _process_result(sub_ctx.command.invoke(sub_ctx))
  File "/usr/local/lib/python3.10/dist-packages/click/core.py", line 1830, in invoke
    return _process_result(sub_ctx.command.invoke(sub_ctx))
  File "/usr/local/lib/python3.10/dist-packages/vessl/cli/_base.py", line 151, in invoke
    return super().invoke(ctx=originalctx)
  File "/usr/local/lib/python3.10/dist-packages/click/core.py", line 1226, in invoke
    return ctx.invoke(self.callback, **ctx.params)
  File "/usr/local/lib/python3.10/dist-packages/click/core.py", line 794, in invoke
    return callback(*args, **kwargs)
  File "/usr/local/lib/python3.10/dist-packages/vessl/cli/run.py", line 222, in logs
    logs = list_run_logs(run_id=run_id, tail=tail)
  File "/usr/local/lib/python3.10/dist-packages/vessl/run.py", line 131, in list_run_logs
    return vessl_api.run_execution_logs_api(
  File "/usr/local/lib/python3.10/dist-packages/vessl/util/api.py", line 49, in func
    raise VesslApiException.convert_api_exception(e) from None
vessl.util.exception.VesslApiException: NotFound (404): Requested entity not found.
