Organization: remilab
Project: byungkwan
Displayed last 200 lines of #369367233487.
[18:21:09.804854] M	docs/public/guide/index.md
[18:21:09.804863] M	docs/public/guide/nonuniform-mesh.mdx
[18:21:09.804871] M	docs/public/guide/quickstart.mdx
[18:21:09.804879] M	docs/public/guide/tutorial-patch-antenna.mdx
[18:21:09.804887] M	docs/public/guide/validation.mdx
[18:21:09.804896] M	docs/public/index.mdx
[18:21:09.804904] M	docs/public/validation/cross-solver.mdx
[18:21:09.804919] M	docs/public/validation/index.mdx
[18:21:09.804928] M	docs/public/validation/reference-lane.mdx
[18:21:09.804936] Your branch is up to date with 'origin/nu-memory-efficient'.
[18:21:09.805164] + git pull --ff-only origin nu-memory-efficient
[18:21:10.542312] From https://github.com/bk-squared/rfx
[18:21:10.542375]  * branch            nu-memory-efficient -> FETCH_HEAD
[18:21:10.582579] Already up to date.
[18:21:10.583517] + pip install -q -e '.[dev]'
[18:21:17.242065] WARNING: Running pip as the 'root' user can result in broken permissions and conflicting behaviour with the system package manager. It is recommended to use a virtual environment instead: https://pip.pypa.io/warnings/venv
[18:21:17.366950] + echo '=========================================='
[18:21:17.366969] + echo 'Issue #31 regression — A+C must preserve physics'
[18:21:17.366972] + echo '=========================================='
[18:21:17.366973] + echo 
[18:21:17.366975] + echo '=== 1. NU test suite ==='
[18:21:17.366981] + pytest tests/test_nonuniform_api.py tests/test_nonuniform_forward_grad.py tests/test_nonuniform_gradient.py tests/test_nonuniform_checkpoint.py tests/test_nonuniform_emit_ts.py '--tb=short' -q
[18:21:17.366991] ==========================================
[18:21:17.366994] Issue #31 regression — A+C must preserve physics
[18:21:17.366995] ==========================================
[18:21:17.366997] 
[18:21:17.366998] === 1. NU test suite ===
[18:22:27.737743] ........................x.x..........                                    [100%]
[18:22:27.737757] =============================== warnings summary ===============================
[18:22:27.737758] tests/test_nonuniform_api.py::TestSimulationNonUniform::test_nonuniform_run
[18:22:27.737761]   /root/workspace/byungkwan-workspace/research/rfx/tests/test_nonuniform_api.py:107: UserWarning: Probe at (0.01, 0.01, 0.001) is near/inside CPML region (CPML z-thickness=3.6mm). Signal will be attenuated. Move probe to interior.
[18:22:27.737768]     result = sim.run(n_steps=20)
[18:22:27.737769] 
[18:22:27.737770] tests/test_nonuniform_api.py::TestSimulationNonUniform::test_nonuniform_run
[18:22:27.737771]   /root/workspace/byungkwan-workspace/research/rfx/tests/test_nonuniform_api.py:107: UserWarning: Source/port at (0.01, 0.01, 0.001) is near/inside CPML region (CPML z-thickness=3.6mm). Energy will be absorbed. Move source to interior.
[18:22:27.737772]     result = sim.run(n_steps=20)
[18:22:27.737772] 
[18:22:27.737773] tests/test_nonuniform_api.py::TestSimulationNonUniform::test_nonuniform_upml_smoke
[18:22:27.737774]   /root/workspace/byungkwan-workspace/research/rfx/tests/test_nonuniform_api.py:121: UserWarning: dz_profile has max adjacent cell ratio 1.50 (> 1.3). This may cause numerical reflections. Use rfx.smooth_grading(dz_profile) to fix.
[18:22:27.737775]     sim = Simulation(
[18:22:27.737776] 
[18:22:27.737777] tests/test_nonuniform_api.py::TestSimulationNonUniform::test_nonuniform_ntff_box_accumulates
[18:22:27.737780]   /root/workspace/byungkwan-workspace/research/rfx/tests/test_nonuniform_api.py:166: UserWarning: NTFF box extends into UPML region along z-axis. Far-field results will be corrupted. Shrink NTFF box to interior.
[18:22:27.737781]     result = sim.run(n_steps=150, compute_s_params=False)
[18:22:27.737782] 
[18:22:27.737783] tests/test_nonuniform_api.py::TestSimulationNonUniform::test_nonuniform_tfsf_x_incidence_accumulates
[18:22:27.737784]     r = sim.run(n_steps=200, compute_s_params=False)
[18:22:27.737784]   /root/workspace/byungkwan-workspace/research/rfx/tests/test_nonuniform_api.py:262: UserWarning: Probe at (0.04, 0.003, 0.0025) is near/inside CPML region (CPML y-thickness=8.0mm). Signal will be attenuated. Move probe to interior.
[18:22:27.737785] 
[18:22:27.737787] tests/test_nonuniform_api.py::TestSimulationNonUniform::test_nonuniform_lumped_rlc_resistor_damps_source
[18:22:27.737788]   /root/workspace/byungkwan-workspace/research/rfx/tests/test_nonuniform_api.py:408: UserWarning: Probe at (0.01, 0.01, 0.001) is near/inside UPML region (UPML z-thickness=3.6mm). Signal will be attenuated. Move probe to interior.
[18:22:27.737789]     res_free = sim_free.run(n_steps=300)
[18:22:27.737790] 
[18:22:27.737791] tests/test_nonuniform_api.py::TestSimulationNonUniform::test_nonuniform_lumped_rlc_resistor_damps_source
[18:22:27.737792]   /root/workspace/byungkwan-workspace/research/rfx/tests/test_nonuniform_api.py:408: UserWarning: Source/port at (0.01, 0.01, 0.001) is near/inside UPML region (UPML z-thickness=3.6mm). Energy will be absorbed. Move source to interior.
[18:22:27.737797]     res_free = sim_free.run(n_steps=300)
[18:22:27.737797] 
[18:22:27.737798] tests/test_nonuniform_api.py::TestSimulationNonUniform::test_nonuniform_lumped_rlc_resistor_damps_source
[18:22:27.737799]   /root/workspace/byungkwan-workspace/research/rfx/tests/test_nonuniform_api.py:409: UserWarning: Probe at (0.01, 0.01, 0.001) is near/inside UPML region (UPML z-thickness=3.6mm). Signal will be attenuated. Move probe to interior.
[18:22:27.737800]     res_rlc = sim_rlc.run(n_steps=300)
[18:22:27.737801] tests/test_nonuniform_api.py::TestSimulationNonUniform::test_nonuniform_lumped_rlc_resistor_damps_source
[18:22:27.737801] 
[18:22:27.737802]   /root/workspace/byungkwan-workspace/research/rfx/tests/test_nonuniform_api.py:409: UserWarning: Source/port at (0.01, 0.01, 0.001) is near/inside UPML region (UPML z-thickness=3.6mm). Energy will be absorbed. Move source to interior.
[18:22:27.737805]     res_rlc = sim_rlc.run(n_steps=300)
[18:22:27.737806] tests/test_nonuniform_api.py::TestNonUniformDispersive::test_nonuniform_with_debye
[18:22:27.737806] 
[18:22:27.737811]   /root/workspace/byungkwan-workspace/research/rfx/tests/test_nonuniform_api.py:509: UserWarning: Auto mesh: dx=1.250mm (48 cells/λ). Set dx= explicitly to suppress.
[18:22:27.737812]     result = sim.run(n_steps=100)
[18:22:27.737813] 
[18:22:27.737814] tests/test_nonuniform_api.py::TestNonUniformDispersive::test_nonuniform_with_debye
[18:22:27.737815]   /root/workspace/byungkwan-workspace/research/rfx/tests/test_nonuniform_api.py:509: UserWarning: Estimated 100000 steps (high Q=1000). Consider reducing freq_range or using decay-based stopping.
[18:22:27.737816]     result = sim.run(n_steps=100)
[18:22:27.737817] 
[18:22:27.737818] tests/test_nonuniform_api.py::TestNonUniformDispersive::test_nonuniform_with_debye
[18:22:27.737819]   /root/workspace/byungkwan-workspace/research/rfx/tests/test_nonuniform_api.py:509: UserWarning: Material 'lossy_dielectric' extends into CPML region along x-axis. CPML assumes vacuum — dielectric in absorber causes increased reflections.
[18:22:27.737820]     result = sim.run(n_steps=100)
[18:22:27.737821] 
[18:22:27.737822] tests/test_nonuniform_api.py::TestNonUniformDispersive::test_nonuniform_with_lorentz
[18:22:27.737823]   /root/workspace/byungkwan-workspace/research/rfx/tests/test_nonuniform_api.py:524: UserWarning: Auto mesh: dx=2.000mm (30 cells/λ), non-uniform z (88 cells). Set dx= explicitly to suppress.
[18:22:27.737823]     result = sim.run(n_steps=50)
[18:22:27.737824] 
[18:22:27.737825] tests/test_nonuniform_api.py::TestNonUniformDispersive::test_nonuniform_with_lorentz
[18:22:27.737827]   /root/workspace/byungkwan-workspace/research/rfx/tests/test_nonuniform_api.py:524: UserWarning: Non-uniform z mesh enabled: 88 cells, dz=0.417–1.999 mm
[18:22:27.737827]     result = sim.run(n_steps=50)
[18:22:27.737828] 
[18:22:27.737829] tests/test_nonuniform_api.py::TestNonUniformDispersive::test_nonuniform_with_lorentz
[18:22:27.737831]   /root/workspace/byungkwan-workspace/research/rfx/tests/test_nonuniform_api.py:524: UserWarning: Estimated 100000 steps (high Q=1000). Consider reducing freq_range or using decay-based stopping.
[18:22:27.737832]     result = sim.run(n_steps=50)
[18:22:27.737833] 
[18:22:27.737834] tests/test_nonuniform_api.py::TestNonUniformDispersive::test_nonuniform_with_lorentz
[18:22:27.737835]   /root/workspace/byungkwan-workspace/research/rfx/tests/test_nonuniform_api.py:524: UserWarning: Material 'lorentz_mat' extends into CPML region along x-axis. CPML assumes vacuum — dielectric in absorber causes increased reflections.
[18:22:27.737836]     result = sim.run(n_steps=50)
[18:22:27.737837] 
[18:22:27.737838] tests/test_nonuniform_api.py::TestNonUniformDispersive::test_nonuniform_with_lorentz
[18:22:27.737839]   /root/workspace/byungkwan-workspace/research/rfx/tests/test_nonuniform_api.py:524: UserWarning: CPML z-thickness is 4.0mm (8 cells), much thinner than xy-thickness 16.0mm. Absorbing performance may be asymmetric. Consider more z cells or fewer CPML layers.
[18:22:27.737843]     result = sim.run(n_steps=50)
[18:22:27.737843] 
[18:22:27.737844] tests/test_nonuniform_api.py::TestNonUniformDispersive::test_nonuniform_mixed_debye_lorentz
[18:22:27.737845]   /root/workspace/byungkwan-workspace/research/rfx/tests/test_nonuniform_api.py:544: UserWarning: Auto mesh: dx=1.500mm (40 cells/λ), non-uniform z (127 cells). Set dx= explicitly to suppress.
[18:22:27.737846]     result = sim.run(n_steps=50)
[18:22:27.737847] 
[18:22:27.737848] tests/test_nonuniform_api.py::TestNonUniformDispersive::test_nonuniform_mixed_debye_lorentz
[18:22:27.737849]     result = sim.run(n_steps=50)
[18:22:27.737849]   /root/workspace/byungkwan-workspace/research/rfx/tests/test_nonuniform_api.py:544: UserWarning: Non-uniform z mesh enabled: 127 cells, dz=0.208–1.499 mm
[18:22:27.737850] 
[18:22:27.737851] tests/test_nonuniform_api.py::TestNonUniformDispersive::test_nonuniform_mixed_debye_lorentz
[18:22:27.737852]   /root/workspace/byungkwan-workspace/research/rfx/tests/test_nonuniform_api.py:544: UserWarning: Estimated 100000 steps (high Q=1000). Consider reducing freq_range or using decay-based stopping.
[18:22:27.737853]     result = sim.run(n_steps=50)
[18:22:27.737855] 
[18:22:27.737856] tests/test_nonuniform_api.py::TestNonUniformDispersive::test_nonuniform_mixed_debye_lorentz
[18:22:27.737858]   /root/workspace/byungkwan-workspace/research/rfx/tests/test_nonuniform_api.py:544: UserWarning: 'debye_mat' z-extent 2.50mm = 5.0 cells — under-resolved (dielectric needs ≥10 cells). Consider finer mesh.
[18:22:27.737858]     result = sim.run(n_steps=50)
[18:22:27.737859] 
[18:22:27.737860] tests/test_nonuniform_api.py::TestNonUniformDispersive::test_nonuniform_mixed_debye_lorentz
[18:22:27.737861]   /root/workspace/byungkwan-workspace/research/rfx/tests/test_nonuniform_api.py:544: UserWarning: 'lorentz_mat' z-extent 2.50mm = 5.0 cells — under-resolved (dielectric needs ≥10 cells). Consider finer mesh.
[18:22:27.737862]     result = sim.run(n_steps=50)
[18:22:27.737862] 
[18:22:27.737863] tests/test_nonuniform_api.py::TestNonUniformDispersive::test_nonuniform_mixed_debye_lorentz
[18:22:27.737864]   /root/workspace/byungkwan-workspace/research/rfx/tests/test_nonuniform_api.py:544: UserWarning: Material 'debye_mat' extends into CPML region along x-axis. CPML assumes vacuum — dielectric in absorber causes increased reflections.
[18:22:27.737865]     result = sim.run(n_steps=50)
[18:22:27.737866] 
[18:22:27.737867] tests/test_nonuniform_api.py::TestNonUniformDispersive::test_nonuniform_mixed_debye_lorentz
[18:22:27.737868]   /root/workspace/byungkwan-workspace/research/rfx/tests/test_nonuniform_api.py:544: UserWarning: Material 'lorentz_mat' extends into CPML region along x-axis. CPML assumes vacuum — dielectric in absorber causes increased reflections.
[18:22:27.737870]     result = sim.run(n_steps=50)
[18:22:27.737871] 
[18:22:27.737873] tests/test_nonuniform_api.py::TestNonUniformDispersive::test_nonuniform_debye_energy_bounded
[18:22:27.737875]   /root/workspace/byungkwan-workspace/research/rfx/tests/test_nonuniform_api.py:552: UserWarning: dz_profile has max adjacent cell ratio 2.50 (> 1.3). This may cause numerical reflections. Use rfx.smooth_grading(dz_profile) to fix.
[18:22:27.737876]     sim = Simulation(freq_max=5e9, domain=(0.02, 0.02, 0.005),
[18:22:27.737876] 
[18:22:27.737878] tests/test_nonuniform_api.py::TestNonUniformDispersive::test_nonuniform_debye_energy_bounded
[18:22:27.737879]   /root/workspace/byungkwan-workspace/research/rfx/tests/test_nonuniform_api.py:560: UserWarning: Material 'dispersive' extends into CPML region along x-axis. CPML assumes vacuum — dielectric in absorber causes increased reflections.
[18:22:27.737880]     result = sim.run(n_steps=200)
[18:22:27.737881] tests/test_nonuniform_api.py::TestNonUniformDispersive::test_nonuniform_debye_with_probe
[18:22:27.737881] 
[18:22:27.737882]   /root/workspace/byungkwan-workspace/research/rfx/tests/test_nonuniform_api.py:578: UserWarning: Material 'dispersive' extends into CPML region along x-axis. CPML assumes vacuum — dielectric in absorber causes increased reflections.
[18:22:27.737883]     result = sim.run(n_steps=100)
[18:22:27.737885] -- Docs: https://docs.pytest.org/en/stable/how-to/capture-warnings.html
[18:22:27.737885] 
[18:22:27.738008] 35 passed, 2 xfailed, 27 warnings in 70.28s (0:01:10)
[18:22:29.518694] 
[18:22:29.518698] + echo 
[18:22:29.518716] === 2. Crossval 05 — patch antenna (TM010 resonance) ===
[18:22:29.518722] + echo '=== 2. Crossval 05 — patch antenna (TM010 resonance) ==='
[18:22:29.518724] + timeout 1800 python examples/crossval/05_patch_antenna.py
[18:22:29.801302] ======================================================================
[18:22:29.801318] Crossval 12: 2.4 GHz Rectangular Patch Antenna on FR4
[18:22:29.801320] ======================================================================
[18:22:29.801321] Substrate: εr=4.3, h=1.5 mm (FR4)
[18:22:29.801322] Patch: W=38.0 x L=29.5 mm
[18:22:29.801323] Ground plane: 60 x 55 mm
[18:22:29.801324] Feed: probe at (33.2, 37.5) mm
[18:22:29.801325] 
[18:22:29.801326]   εr_eff = 4.009
[18:22:29.801326] Analytic transmission-line model:
[18:22:29.801327]   ΔL     = 0.695 mm
[18:22:29.801328]   L_eff  = 30.891 mm
[18:22:29.801329]   f_res  = 2.424 GHz
[18:22:29.801329] 
[18:22:29.801330] Domain: 80 x 75 x 38 mm, dx=1.0 mm
[18:22:29.801331] 
[18:22:29.801332] ======================================================================
[18:22:29.801333] PART 1: rfx — Harminv ringdown resonance
[18:22:29.801333] ======================================================================
[18:22:30.094912] Running rfx source-excitation run for Harminv...
[18:22:30.095410] /root/workspace/byungkwan-workspace/research/rfx/examples/crossval/05_patch_antenna.py:286: UserWarning: 'pec' z-extent 0.25mm = 1.0 cells — under-resolved (PEC needs ≥5 cells). Consider finer mesh.
[18:22:30.095417]   res_h = sim_h.run(num_periods=60)
[18:22:30.095577] /root/workspace/byungkwan-workspace/research/rfx/examples/crossval/05_patch_antenna.py:286: UserWarning: 'fr4' z-extent 1.50mm = 6.0 cells — under-resolved (dielectric needs ≥10 cells). Consider finer mesh.
[18:22:30.095580]   res_h = sim_h.run(num_periods=60)
[18:22:35.277632] Done in 5.2s
[18:22:35.312886] Harminv on last 13491 samples (ringdown region)
[18:27:19.930220] 
[18:27:19.930247] Harminv modes (Q > 2) near analytic target:
[18:27:19.930249]   f = 1.5458 GHz, Q = 109.9, amp = 1.47e+06
[18:27:19.930256]   f = 2.0289 GHz, Q = 1134.5, amp = 1.74e+05
[18:27:19.930258]   f = 2.4621 GHz, Q = 974.2, amp = 3.19e+06
[18:27:19.930259]   f = 2.9708 GHz, Q = 3525.5, amp = 1.54e+06
[18:27:19.930259]   f = 3.0585 GHz, Q = 311.7, amp = 2.39e+05
[18:27:19.930260]   f = 3.6613 GHz, Q = 518.7, amp = 6.55e+05
[18:27:19.930261] 
[18:27:19.930262]   Harminv best match: f = 2.4621 GHz, Q = 974.2
[18:27:19.930263]   Analytic target:    f = 2.4235 GHz
[18:27:19.930264]   Harminv error:      1.59 %
[18:27:19.930264] 
[18:27:19.930290] ======================================================================
[18:27:19.930291] PART 2: OpenEMS — same patch, lumped-port S11
[18:27:19.930292] ======================================================================
[18:27:19.936473] Traceback (most recent call last):
[18:27:19.936483]   File "/root/workspace/byungkwan-workspace/research/rfx/examples/crossval/05_patch_antenna.py", line 338, in <module>
[18:27:19.938607]     from CSXCAD.CSXCAD import ContinuousStructure
[18:27:19.938614] ModuleNotFoundError: No module named 'CSXCAD'
[18:27:20.107656] workload reported done
[18:27:20.107756] Workload status changed to stopping
[18:27:22.943673] workload reported done
[18:27:22.943774] Workload status changed to waitToBeKilled
[18:27:24.000000] Stopping container vops-sidecar
[18:27:24.000000] Stopping container run-sidecar
[18:27:24.000000] Stopping container run-exec
[18:27:24.000000] Terminating VESSL Workload...
[18:27:24.068484] workload failed
[18:27:24.068584] Workload status changed to failed
