Organization: remilab
Project: byungkwan
Displayed last 107 lines of #369367233588.
[10:41:16.219255] workload awaiting to start
[10:41:16.219356] Workload status changed to pending
[10:41:21.000000] Container image "quay.io/vessl-ai/kernels-toolbox:0.1.188" already present on machine
[10:41:21.000000] Created container vops-init
[10:41:21.000000] Started container vops-init
[10:41:21.015837] VESSL Workload assigned successfully. Starting soon.
[10:41:22.000000] Creating VESSL Workload...
[10:41:22.000000] Created container run-exec
[10:41:22.000000] Container image "nvcr.io/nvidia/jax:24.10-py3" already present on machine
[10:41:22.001000] Container image "nvcr.io/nvidia/jax:24.10-py3" already present on machine
[10:41:23.000000] Started container run-sidecar
[10:41:23.000000] Created container vops-sidecar
[10:41:23.000000] Created container ttyd-sidecar
[10:41:23.000000] Starting VESSL Workload...
[10:41:23.000000] Started container vops-sidecar
[10:41:23.000000] Container image "quay.io/vessl-ai/kernels-toolbox:0.1.188" already present on machine
[10:41:23.000000] Started container run-exec
[10:41:23.000000] Started container fluentbit
[10:41:23.000000] Created container fluentbit
[10:41:23.000000] Started container ttyd-sidecar
[10:41:23.727966] Installing VESSL CLI...
[10:41:24.610620] workload reported alive as pod run-execution-l2cyviecauvp-0
[10:41:24.610720] Workload status changed to initializing
[10:41:25.913590] + set +x
[10:41:30.493978] vessl, version 0.1.199
[10:41:31.054924] workload reported alive as pod run-execution-l2cyviecauvp-0
[10:41:31.055024] Workload status changed to running
[10:41:31.575249] + mkdir -p /root
[10:41:31.577094] + cd /root
[10:41:31.577471] + cd /root/workspace/byungkwan-workspace/research/rfx
[10:41:31.581387] + git config --global --add safe.directory /root/workspace/byungkwan-workspace/research/rfx
[10:41:31.594898] + git fetch --all
[10:41:31.647619] Fetching origin
[10:41:32.936515] + git checkout main
[10:41:33.435436] Already on 'main'
[10:41:33.453663] M	.gitignore
[10:41:33.453683] M	README.md
[10:41:33.453690] M	docs/agent/overview.mdx
[10:41:33.453697] M	docs/guide/documentation_architecture.md
[10:41:33.453703] M	docs/guides/support_matrix.json
[10:41:33.453708] M	docs/guides/support_matrix.md
[10:41:33.453714] M	docs/public/api/support-boundaries.mdx
[10:41:33.453720] M	docs/public/examples/crossval.mdx
[10:41:33.453726] M	docs/public/examples/index.mdx
[10:41:33.453732] M	docs/public/examples/rf-workflows.mdx
[10:41:33.453738] M	docs/public/guide/advanced.md
[10:41:33.453743] M	docs/public/guide/api-reference.mdx
[10:41:33.453749] M	docs/public/guide/contributing.md
[10:41:33.453754] M	docs/public/guide/first-patch.mdx
[10:41:33.453760] M	docs/public/guide/index.md
[10:41:33.453765] M	docs/public/guide/migration.md
[10:41:33.453771] M	docs/public/guide/nonuniform-mesh.mdx
[10:41:33.453776] M	docs/public/guide/quickstart.mdx
[10:41:33.453782] M	docs/public/guide/subgridding.mdx
[10:41:33.453787] M	docs/public/guide/tutorial-patch-antenna.mdx
[10:41:33.453792] M	docs/public/guide/validation.mdx
[10:41:33.453799] M	docs/public/index.mdx
[10:41:33.453804] M	docs/public/site_map.json
[10:41:33.453810] M	docs/public/validation/cross-solver.mdx
[10:41:33.453815] M	docs/public/validation/index.mdx
[10:41:33.453820] M	docs/public/validation/reference-lane.mdx
[10:41:33.453826] Your branch is up to date with 'origin/main'.
[10:41:33.454149] + git pull --ff-only origin main
[10:41:34.208594] From https://github.com/bk-squared/rfx
[10:41:34.208626]  * branch            main       -> FETCH_HEAD
[10:41:34.257095] Already up to date.
[10:41:34.258013] + pip install -q -e '.[dev]'
[10:41:42.271334] WARNING: Running pip as the 'root' user can result in broken permissions and conflicting behaviour with the system package manager. It is recommended to use a virtual environment instead: https://pip.pypa.io/warnings/venv
[10:41:42.456699] + timeout 3600 python scripts/convergence_grid.py
[10:41:43.464992] 
[10:41:43.465020] === A: NU lossless dx=0.5mm === dx=0.50mm  NU=True  lossy=False
[10:41:44.096927]   cells=2,921,600
[10:44:46.167090]   f_res=2.7327 GHz  Q=38.8  error=12.76%  Balanis=2.4235  dt=17.1s
[10:44:46.167212] 
[10:44:46.167228] === B: NU lossy dx=0.5mm === dx=0.50mm  NU=True  lossy=True
[10:44:46.177908]   cells=2,921,600
[10:47:50.765741]   f_res=2.7324 GHz  Q=27.6  error=12.75%  Balanis=2.4235  dt=15.5s
[10:47:50.765862] 
[10:47:50.765880] === C: Uniform lossless dx=0.5mm === dx=0.50mm  NU=False  lossy=False
[10:47:50.765972]   cells=2,778,546
[10:47:50.773714] /root/workspace/byungkwan-workspace/research/rfx/scripts/convergence_grid.py:89: UserWarning: Gap between PEC structures: 1.50mm = 3.0 cells along z — coupling may be under-resolved.
[10:47:50.773724]   res = sim.run(num_periods=60, compute_s_params=False)
[10:48:55.778778]   harminv FAIL (no modes). dt=13.1s  max|ts|=0.000e+00
[10:48:55.778837] 
[10:48:55.778851] === D: Uniform lossy dx=0.5mm === dx=0.50mm  NU=False  lossy=True
[10:48:55.778940]   cells=2,778,546
[10:48:55.779039] /root/workspace/byungkwan-workspace/research/rfx/scripts/convergence_grid.py:89: UserWarning: Gap between PEC structures: 1.50mm = 3.0 cells along z — coupling may be under-resolved.
[10:48:55.779045]   res = sim.run(num_periods=60, compute_s_params=False)
[10:49:58.925040]   harminv FAIL (no modes). dt=11.1s  max|ts|=0.000e+00
[10:49:58.925087] 
[10:49:58.925094] === E: NU lossless dx=1mm (baseline) === dx=1.00mm  NU=True  lossy=False
[10:49:59.373526]   cells=567,840
[10:51:56.035442]   f_res=2.6494 GHz  Q=40.4  error=9.32%  Balanis=2.4235  dt=5.3s
[10:51:56.035571] 
[10:51:56.043603] === DONE ===
[10:51:56.385094] workload reported done
[10:51:56.385195] Workload status changed to stopping
[10:52:00.307040] + set +x
[10:52:05.315537] workload reported done
[10:52:05.315638] Workload status changed to waitToBeKilled
[10:52:06.000000] Stopping container vops-sidecar
[10:52:06.000000] Stopping container run-exec
[10:52:06.000000] Terminating VESSL Workload...
[10:52:06.000000] Stopping container ttyd-sidecar
[10:52:06.000000] Stopping container fluentbit
[10:52:06.182431] workload completed
[10:52:06.182532] Workload status changed to completed
