Organization: remilab
Project: byungkwan
Displayed last 137 lines of #369367233257.
[23:06:35.734316] workload awaiting to start
[23:06:35.734416] Workload status changed to pending
[23:06:41.969782] Event Reason: FailedScheduling, Event Note: 0/13 nodes are available: pod has unbound immediate PersistentVolumeClaims. preemption: 0/13 nodes are available: 13 Preemption is not helpful for scheduling.
[23:06:41.969782] Workload is in queue for scheduling. Please wait...
[23:06:49.913339] VESSL Workload assigned successfully. Starting soon.
[23:06:50.000000] Container image "quay.io/vessl-ai/kernels-toolbox:0.1.188" already present on machine
[23:06:50.000000] Created container vops-init
[23:06:50.000000] Started container vops-init
[23:06:51.000000] Creating VESSL Workload...
[23:06:51.000000] Created container run-exec
[23:06:51.000000] Container image "nvcr.io/nvidia/jax:24.10-py3" already present on machine
[23:06:51.001000] Container image "nvcr.io/nvidia/jax:24.10-py3" already present on machine
[23:06:52.000000] Started container run-sidecar
[23:06:52.000000] Created container vops-sidecar
[23:06:52.000000] Created container ttyd-sidecar
[23:06:52.000000] Started container vops-sidecar
[23:06:52.000000] Container image "quay.io/vessl-ai/kernels-toolbox:0.1.188" already present on machine
[23:06:52.000000] Started container run-exec
[23:06:52.000000] Created container fluentbit
[23:06:52.000000] Started container ttyd-sidecar
[23:06:52.000000] Container image "quay.io/vessl-ai/fluent-bit:2.1.6" already present on machine
[23:06:52.626899] Installing VESSL CLI...
[23:06:53.439336] workload reported alive as pod run-execution-hdj6mgx8duaq-0
[23:06:53.439436] Workload status changed to initializing
[23:06:54.653386] + set +x
[23:06:59.597558] vessl, version 0.1.199
[23:07:04.759277] workload reported alive as pod run-execution-hdj6mgx8duaq-0
[23:07:04.759377] Workload status changed to running
[23:07:04.938868] + mkdir -p /root
[23:07:04.940696] + cd /root
[23:07:04.941022] + set -euo pipefail
[23:07:04.941035] + cd /root
[23:07:04.941041] + git clone https://github.com/bk-squared/rfx.git
[23:07:04.943013] Cloning into 'rfx'...
[23:07:07.580827] + cd rfx
[23:07:07.580855] + pip install --quiet -e '.[all]'
[23:07:11.524809] WARNING: rfx 1807.8.6 does not provide the extra 'dashboard'
[23:07:11.524875] WARNING: rfx 1807.8.6 does not provide the extra 'dev'
[23:07:11.524992] WARNING: rfx 1807.8.6 does not provide the extra 'optimization'
[23:07:11.525093] WARNING: rfx 1807.8.6 does not provide the extra 'visualization'
[23:07:16.945274] WARNING: Running pip as the 'root' user can result in broken permissions and conflicting behaviour with the system package manager. It is recommended to use a virtual environment instead: https://pip.pypa.io/warnings/venv
[23:07:17.175541] + python -c 'import jax; print('"'"'JAX:'"'"', jax.devices()); import rfx; print('"'"'rfx'"'"', rfx.__version__)'
[23:07:17.578362] JAX: [CudaDevice(id=0)]
[23:07:18.100657] rfx 1.5.0
[23:07:18.223082] + cp /root/workspace/bk-workspace/papers/rfx-tap/experiments/ntff_diagnostic_patch.py .
[23:07:18.234408] + python ntff_diagnostic_patch.py
[23:07:18.234497] + tee /root/workspace/bk-workspace/papers/rfx-tap/results/ntff_diagnostic.log
[23:07:18.874976] 
[23:07:18.874999] ==================================================
[23:07:18.875004] dx=3.0mm | Grid: 56x58x45 = 146K
[23:07:18.875007] n_steps=729 | Patch: 10x13 cells
[23:07:18.875053] /root/rfx/ntff_diagnostic_patch.py:62: UserWarning: 'fr4' z-extent 1.60mm = 0.5 cells — below 1 cell resolution. Use non-uniform mesh or reduce dx.
[23:07:18.875060]   result = sim.run(n_steps=n_steps)
[23:07:18.875078] /root/rfx/ntff_diagnostic_patch.py:62: UserWarning: Zero-thickness geometry 'pec' along z-axis. On non-uniform mesh this may produce empty rasterization. Consider giving it at least one cell of thickness (3.00mm).
[23:07:18.875091]   result = sim.run(n_steps=n_steps)
[23:07:18.875097] /root/rfx/ntff_diagnostic_patch.py:62: UserWarning: 'pec' z-extent 3.00mm = 1.0 cells — under-resolved (< 3 cells). Consider finer mesh for accurate results.
[23:07:18.875102]   result = sim.run(n_steps=n_steps)
[23:07:18.875109] /root/rfx/ntff_diagnostic_patch.py:62: UserWarning: Gap between PEC structures: 1.60mm = 0.5 cells along z — coupling may be under-resolved.
[23:07:18.875113]   result = sim.run(n_steps=n_steps)
[23:07:18.875118] /root/rfx/ntff_diagnostic_patch.py:62: UserWarning: Probe at (0.05229973913868352, 0.0615, 0.0008) is near/inside CPML region (CPML z-thickness=24.0mm). Signal will be attenuated. Move probe to interior.
[23:07:18.875124]   result = sim.run(n_steps=n_steps)
[23:07:18.875129] /root/rfx/ntff_diagnostic_patch.py:62: UserWarning: Source/port at (0.05229973913868352, 0.0615, 0.0008) is near/inside CPML region (CPML z-thickness=24.0mm). Energy will be absorbed. Move source to interior.
[23:07:18.875133]   result = sim.run(n_steps=n_steps)
[23:07:18.875141] /root/rfx/ntff_diagnostic_patch.py:62: UserWarning: Material 'fr4' extends into CPML region along x-axis. CPML assumes vacuum — dielectric in absorber causes increased reflections.
[23:07:18.875146]   result = sim.run(n_steps=n_steps)
[23:08:16.540378] Probe peak: 1.3122e+01
[23:08:16.540405] Probe late energy: 2.5831e-09
[23:08:16.540596] NTFF x_lo norm: 2.8090e-12
[23:08:16.540608] NTFF z_hi norm: 2.8276e-12
[23:08:16.548159] Far-field max power: 6.6045e-32
[23:08:16.548175] Far-field broadside (theta~0): 1.8715e-32
[23:08:16.548181] NTFF: ZERO — no radiation detected!
[23:08:16.548240] 
[23:08:16.548247] ==================================================
[23:08:16.548252] dx=2.0mm | Grid: 65x69x50 = 224K
[23:08:16.548256] n_steps=1093 | Patch: 15x19 cells
[23:08:16.548315] /root/rfx/ntff_diagnostic_patch.py:62: UserWarning: 'fr4' z-extent 1.60mm = 0.8 cells — below 1 cell resolution. Use non-uniform mesh or reduce dx.
[23:08:16.548324]   result = sim.run(n_steps=n_steps)
[23:08:16.548338] /root/rfx/ntff_diagnostic_patch.py:62: UserWarning: Zero-thickness geometry 'pec' along z-axis. On non-uniform mesh this may produce empty rasterization. Consider giving it at least one cell of thickness (2.00mm).
[23:08:16.548344]   result = sim.run(n_steps=n_steps)
[23:08:16.548354] /root/rfx/ntff_diagnostic_patch.py:62: UserWarning: 'pec' z-extent 2.00mm = 1.0 cells — under-resolved (< 3 cells). Consider finer mesh for accurate results.
[23:08:16.548359]   result = sim.run(n_steps=n_steps)
[23:08:16.548371] /root/rfx/ntff_diagnostic_patch.py:62: UserWarning: Gap between PEC structures: 1.60mm = 0.8 cells along z — coupling may be under-resolved.
[23:08:16.548376]   result = sim.run(n_steps=n_steps)
[23:08:16.548404] /root/rfx/ntff_diagnostic_patch.py:62: UserWarning: Probe at (0.04229973913868352, 0.052000000000000005, 0.0008) is near/inside CPML region (CPML z-thickness=16.0mm). Signal will be attenuated. Move probe to interior.
[23:08:16.548413]   result = sim.run(n_steps=n_steps)
[23:08:16.548424] /root/rfx/ntff_diagnostic_patch.py:62: UserWarning: Source/port at (0.04229973913868352, 0.052000000000000005, 0.0008) is near/inside CPML region (CPML z-thickness=16.0mm). Energy will be absorbed. Move source to interior.
[23:08:16.548429]   result = sim.run(n_steps=n_steps)
[23:08:16.548440] /root/rfx/ntff_diagnostic_patch.py:62: UserWarning: Material 'fr4' extends into CPML region along x-axis. CPML assumes vacuum — dielectric in absorber causes increased reflections.
[23:08:16.548446]   result = sim.run(n_steps=n_steps)
[23:09:36.621141] Probe peak: 9.2224e+00
[23:09:36.621166] Probe late energy: 3.3746e-10
[23:09:36.621286] NTFF x_lo norm: 2.3495e-12
[23:09:36.621292] NTFF z_hi norm: 1.9708e-12
[23:09:36.629040] Far-field max power: 7.5164e-33
[23:09:36.629047] Far-field broadside (theta~0): 4.7286e-34
[23:09:36.629050] NTFF: ZERO — no radiation detected!
[23:09:36.629129] 
[23:09:36.629135] ==================================================
[23:09:36.629139] dx=1.0mm | Grid: 96x104x67 = 669K
[23:09:36.629143] n_steps=2186 | Patch: 31x38 cells
[23:09:36.629186] /root/rfx/ntff_diagnostic_patch.py:62: UserWarning: 'fr4' z-extent 1.60mm = 1.6 cells — under-resolved (< 3 cells). Consider finer mesh for accurate results.
[23:09:36.629205]   result = sim.run(n_steps=n_steps)
[23:09:36.629216] /root/rfx/ntff_diagnostic_patch.py:62: UserWarning: Zero-thickness geometry 'pec' along z-axis. On non-uniform mesh this may produce empty rasterization. Consider giving it at least one cell of thickness (1.00mm).
[23:09:36.629235]   result = sim.run(n_steps=n_steps)
[23:09:36.629240] /root/rfx/ntff_diagnostic_patch.py:62: UserWarning: 'pec' z-extent 1.00mm = 1.0 cells — below 1 cell resolution. Use add_thin_conductor() for sub-cell PEC sheet.
[23:09:36.629245]   result = sim.run(n_steps=n_steps)
[23:09:36.629251] /root/rfx/ntff_diagnostic_patch.py:62: UserWarning: Gap between PEC structures: 1.60mm = 1.6 cells along z — coupling may be under-resolved.
[23:09:36.629258]   result = sim.run(n_steps=n_steps)
[23:09:36.629270] /root/rfx/ntff_diagnostic_patch.py:62: UserWarning: Probe at (0.03429973913868352, 0.043500000000000004, 0.0008) is near/inside CPML region (CPML z-thickness=8.0mm). Signal will be attenuated. Move probe to interior.
[23:09:36.629277]   result = sim.run(n_steps=n_steps)
[23:09:36.629282] /root/rfx/ntff_diagnostic_patch.py:62: UserWarning: Source/port at (0.03429973913868352, 0.043500000000000004, 0.0008) is near/inside CPML region (CPML z-thickness=8.0mm). Energy will be absorbed. Move source to interior.
[23:09:36.629286]   result = sim.run(n_steps=n_steps)
[23:09:36.629291] /root/rfx/ntff_diagnostic_patch.py:62: UserWarning: Material 'fr4' extends into CPML region along x-axis. CPML assumes vacuum — dielectric in absorber causes increased reflections.
[23:09:36.629295]   result = sim.run(n_steps=n_steps)
[23:12:09.988193] Probe peak: 4.0353e+01
[23:12:09.988212] Probe late energy: 3.0344e+00
[23:12:09.988429] NTFF x_lo norm: 1.4507e-10
[23:12:09.988440] NTFF z_hi norm: 2.5079e-10
[23:12:10.072572] Far-field max power: 6.3634e-29
[23:12:10.072598] Far-field broadside (theta~0): 6.0032e-29
[23:12:10.072603] NTFF: ZERO — no radiation detected!
[23:12:10.072608] (skipping dx<=1mm to avoid OOM)
[23:12:10.714399] + echo '[done]'
[23:12:10.714422] [done]
[23:12:10.721418] workload reported done
[23:12:10.721518] Workload status changed to stopping
[23:12:17.038685] + set +x
[23:12:22.043152] workload reported done
[23:12:22.043252] Workload status changed to waitToBeKilled
[23:12:24.000000] Stopping container vops-sidecar
[23:12:24.000000] Stopping container run-sidecar
[23:12:24.000000] Stopping container run-exec
[23:12:24.000000] Terminating VESSL Workload...
[23:12:24.000000] Stopping container ttyd-sidecar
[23:12:24.134336] workload completed
[23:12:24.134436] Workload status changed to completed
