Organization: remilab
Project: byungkwan
Displayed last 116 lines of #369367233565.
[02:02:24.941088] workload awaiting to start
[02:02:24.941188] Workload status changed to pending
[02:02:30.000000] Container image "quay.io/vessl-ai/kernels-toolbox:0.1.188" already present on machine
[02:02:30.000000] Created container vops-init
[02:02:30.000000] Started container vops-init
[02:02:30.011370] VESSL Workload assigned successfully. Starting soon.
[02:02:31.000000] Creating VESSL Workload...
[02:02:31.000000] Created container run-exec
[02:02:31.000000] Container image "nvcr.io/nvidia/jax:24.10-py3" already present on machine
[02:02:31.001000] Container image "nvcr.io/nvidia/jax:24.10-py3" already present on machine
[02:02:32.000000] Created container vops-sidecar
[02:02:32.000000] Created container ttyd-sidecar
[02:02:32.000000] Starting VESSL Workload...
[02:02:32.000000] Started container vops-sidecar
[02:02:32.000000] Container image "quay.io/vessl-ai/kernels-toolbox:0.1.188" already present on machine
[02:02:32.000000] Started container run-exec
[02:02:32.000000] Started container ttyd-sidecar
[02:02:32.000000] Container image "quay.io/vessl-ai/sidecar:v0.0.3" already present on machine
[02:02:32.000000] Created container run-sidecar
[02:02:32.719303] Installing VESSL CLI...
[02:02:33.409102] workload reported alive as pod run-execution-jnqxm0cxdutr-0
[02:02:33.409203] Workload status changed to initializing
[02:02:34.524724] + set +x
[02:02:36.983718] vessl, version 0.1.199
[02:02:39.686263] workload reported alive as pod run-execution-jnqxm0cxdutr-0
[02:02:39.686363] Workload status changed to running
[02:02:39.864338] + mkdir -p /root
[02:02:39.866401] + cd /root
[02:02:39.867115] + cd /root/workspace/byungkwan-workspace/research/rfx
[02:02:39.877175] + git config --global --add safe.directory /root/workspace/byungkwan-workspace/research/rfx
[02:02:39.898262] + git fetch --all
[02:02:39.985507] Fetching origin
[02:02:41.454984] + git checkout diag-large-ground
[02:02:42.232253] Already on 'diag-large-ground'
[02:02:42.256945] M	.gitignore
[02:02:42.256994] M	README.md
[02:02:42.257009] M	docs/agent/overview.mdx
[02:02:42.257023] M	docs/guide/documentation_architecture.md
[02:02:42.257033] M	docs/guides/support_matrix.json
[02:02:42.257043] M	docs/guides/support_matrix.md
[02:02:42.257052] M	docs/public/api/support-boundaries.mdx
[02:02:42.257062] M	docs/public/examples/crossval.mdx
[02:02:42.257072] M	docs/public/examples/index.mdx
[02:02:42.257083] M	docs/public/examples/rf-workflows.mdx
[02:02:42.257094] M	docs/public/guide/advanced.md
[02:02:42.257104] M	docs/public/guide/api-reference.mdx
[02:02:42.257116] M	docs/public/guide/contributing.md
[02:02:42.257126] M	docs/public/guide/first-patch.mdx
[02:02:42.257135] M	docs/public/guide/index.md
[02:02:42.257145] M	docs/public/guide/migration.md
[02:02:42.257154] M	docs/public/guide/nonuniform-mesh.mdx
[02:02:42.257163] M	docs/public/guide/quickstart.mdx
[02:02:42.257172] M	docs/public/guide/subgridding.mdx
[02:02:42.257181] M	docs/public/guide/tutorial-patch-antenna.mdx
[02:02:42.257191] M	docs/public/guide/validation.mdx
[02:02:42.257200] M	docs/public/index.mdx
[02:02:42.257210] M	docs/public/site_map.json
[02:02:42.257219] M	docs/public/validation/cross-solver.mdx
[02:02:42.257228] M	docs/public/validation/index.mdx
[02:02:42.257238] M	docs/public/validation/reference-lane.mdx
[02:02:42.257247] Your branch is up to date with 'origin/diag-large-ground'.
[02:02:42.257320] + git pull --ff-only origin diag-large-ground
[02:02:43.065197] From https://github.com/bk-squared/rfx
[02:02:43.065241]  * branch            diag-large-ground -> FETCH_HEAD
[02:02:43.129202] Already up to date.
[02:02:43.129571] + pip install -q -e '.[dev]'
[02:02:50.349927] WARNING: Running pip as the 'root' user can result in broken permissions and conflicting behaviour with the system package manager. It is recommended to use a virtual environment instead: https://pip.pypa.io/warnings/venv
[02:02:50.473973] + pip install -q plotly
[02:02:52.429187] WARNING: Running pip as the 'root' user can result in broken permissions and conflicting behaviour with the system package manager. It is recommended to use a virtual environment instead: https://pip.pypa.io/warnings/venv
[02:02:52.461356] + echo '=== Ground plane sweep: 60mm (baseline), 90mm, 120mm ==='
[02:02:52.461374] + echo 
[02:02:52.461377] + echo '--- gx=60mm, gy=60mm ---'
[02:02:52.461379] + timeout 1800 python scripts/issue31_patch_validation.py --dx-mm 1.0 --gx-mm 60 --gy-mm 60 --skip-anim --skip-3d
[02:02:52.461390] === Ground plane sweep: 60mm (baseline), 90mm, 120mm ===
[02:02:52.461403] 
[02:02:52.461418] --- gx=60mm, gy=60mm ---
[02:02:53.725309] [cfg] analytic f_res = 2.4235 GHz
[02:02:53.725324] 
[02:02:53.725327] === [1/4] Harminv ringdown → true f_res ===
[02:02:54.127067] [cfg] cells=599,040
[02:02:58.786490] [run] done in 4.7s
[02:07:14.995861] [result] Harminv f_res = 2.6489 GHz  Q = 29.3  error = 9.30 %  (analytic = 2.4235 GHz)
[02:07:14.995879] 
[02:07:14.995881] === [2/4] S11(f) via lumped port ===
[02:07:15.419266] /opt/jax/jax/_src/numpy/array_methods.py:118: UserWarning: Explicitly requested dtype <class 'jax.numpy.float64'> requested in astype is not available, and will be truncated to dtype float32. To enable more dtypes, set the jax_enable_x64 configuration option or the JAX_ENABLE_X64 shell environment variable. See https://github.com/google/jax#current-gotchas for more.
[02:07:15.419283]   return lax_numpy.astype(self, dtype, copy=copy, device=device)
[02:07:15.419285] /opt/jax/jax/_src/numpy/array_methods.py:118: UserWarning: Explicitly requested dtype <class 'jax.numpy.float64'> requested in astype is not available, and will be truncated to dtype float32. To enable more dtypes, set the jax_enable_x64 configuration option or the JAX_ENABLE_X64 shell environment variable. See https://github.com/google/jax#current-gotchas for more.
[02:07:15.419287]   return lax_numpy.astype(self, dtype, copy=copy, device=device)
[02:07:18.780956] [run] done in 3.8s
[02:07:18.780985] [result] S11 dip: f = 2.6776 GHz, |S11| = -1.62 dB (shallow — port matching artifact)
[02:07:18.869135] [out] /root/workspace/byungkwan-workspace/research/rfx/scripts/../docs/research_notes/issue31_figs/issue31_patch_s11.png
[02:07:18.869148] 
[02:07:18.869151] === [3/4] Far-field radiation pattern at f_res = 2.649 GHz ===
[02:07:23.575212] [run] done in 4.7s
[02:07:29.758986] [out] /root/workspace/byungkwan-workspace/research/rfx/scripts/../docs/research_notes/issue31_figs/issue31_patch_farfield.png  peak at θ=1.0°, φ=172.0°
[02:07:29.927184] + echo 
[02:07:29.927200] + echo '--- gx=90mm, gy=90mm ---'
[02:07:29.927201] + timeout 1800 python scripts/issue31_patch_validation.py --dx-mm 1.0 --gx-mm 90 --gy-mm 90 --skip-anim --skip-3d
[02:07:29.927210] 
[02:07:29.927211] --- gx=90mm, gy=90mm ---
[02:07:30.908187] usage: issue31_patch_validation.py [-h] [--dx-mm DX_MM] [--frames FRAMES]
[02:07:30.909060]                                    [--n-steps-anim N_STEPS_ANIM]
[02:07:30.909078]                                    [--skip-farfield] [--skip-3d] [--skip-anim]
[02:07:30.909091]                                    [--skip-s11]
[02:07:30.909125] issue31_patch_validation.py: error: unrecognized arguments: --gx-mm 90 --gy-mm 90
[02:07:31.006862] workload reported done
[02:07:31.006963] Workload status changed to stopping
[02:07:42.140974] workload reported done
[02:07:42.141074] Workload status changed to waitToBeKilled
[02:07:45.000000] Stopping container vops-sidecar
[02:07:45.000000] Stopping container run-sidecar
[02:07:45.000000] Stopping container run-exec
[02:07:45.000000] Terminating VESSL Workload...
[02:07:45.000000] Stopping container ttyd-sidecar
[02:07:45.114758] workload failed
[02:07:45.114859] Workload status changed to failed
