Organization: remilab
Project: byungkwan
Displayed last 127 lines of #369367233550.
[22:20:16.452956] workload awaiting to start
[22:20:16.453056] Workload status changed to pending
[22:20:20.940174] Event Reason: FailedScheduling, Event Note: 0/13 nodes are available: pod has unbound immediate PersistentVolumeClaims. preemption: 0/13 nodes are available: 13 Preemption is not helpful for scheduling.
[22:20:20.940174] Workload is in queue for scheduling. Please wait...
[22:20:28.743481] VESSL Workload assigned successfully. Starting soon.
[22:20:29.000000] Creating VESSL Workload...
[22:20:29.000000] Created container run-exec
[22:20:29.000000] Container image "quay.io/vessl-ai/kernels-toolbox:0.1.188" already present on machine
[22:20:29.000000] Created container vops-init
[22:20:29.000000] Container image "nvcr.io/nvidia/jax:24.10-py3" already present on machine
[22:20:29.000000] Started container vops-init
[22:20:29.001000] Container image "nvcr.io/nvidia/jax:24.10-py3" already present on machine
[22:20:30.000000] Created container vops-sidecar
[22:20:30.000000] Starting VESSL Workload...
[22:20:30.000000] Started container vops-sidecar
[22:20:30.000000] Container image "quay.io/vessl-ai/kernels-toolbox:0.1.188" already present on machine
[22:20:30.000000] Started container run-exec
[22:20:30.000000] Container image "quay.io/vessl-ai/sidecar:v0.0.3" already present on machine
[22:20:30.000000] Created container run-sidecar
[22:20:30.743403] Installing VESSL CLI...
[22:20:31.496582] workload reported alive as pod run-execution-1pwoglyfu8ue-0
[22:20:31.496682] Workload status changed to initializing
[22:20:32.713130] + set +x
[22:20:35.745985] vessl, version 0.1.199
[22:20:37.864937] workload reported alive as pod run-execution-1pwoglyfu8ue-0
[22:20:37.865037] Workload status changed to running
[22:20:37.943956] + mkdir -p /root
[22:20:37.946188] + cd /root
[22:20:37.946483] + cd /root/workspace/byungkwan-workspace/research/rfx
[22:20:37.957541] + git config --global --add safe.directory /root/workspace/byungkwan-workspace/research/rfx
[22:20:37.976003] + git fetch --all
[22:20:38.052047] Fetching origin
[22:20:39.414004] + git checkout fix-farfield-viz
[22:20:40.275093] Already on 'fix-farfield-viz'
[22:20:40.300181] M	.gitignore
[22:20:40.300233] M	README.md
[22:20:40.300248] M	docs/agent/overview.mdx
[22:20:40.300260] M	docs/guide/documentation_architecture.md
[22:20:40.300268] M	docs/guides/support_matrix.json
[22:20:40.300276] M	docs/guides/support_matrix.md
[22:20:40.300284] M	docs/public/api/support-boundaries.mdx
[22:20:40.300291] M	docs/public/examples/crossval.mdx
[22:20:40.300299] M	docs/public/examples/index.mdx
[22:20:40.300307] M	docs/public/examples/rf-workflows.mdx
[22:20:40.300314] M	docs/public/guide/advanced.md
[22:20:40.300325] M	docs/public/guide/api-reference.mdx
[22:20:40.300334] M	docs/public/guide/changelog.mdx
[22:20:40.300343] M	docs/public/guide/contributing.md
[22:20:40.300352] M	docs/public/guide/first-patch.mdx
[22:20:40.300360] M	docs/public/guide/index.md
[22:20:40.300369] M	docs/public/guide/migration.md
[22:20:40.300377] M	docs/public/guide/nonuniform-mesh.mdx
[22:20:40.300385] M	docs/public/guide/quickstart.mdx
[22:20:40.300392] M	docs/public/guide/subgridding.mdx
[22:20:40.300400] M	docs/public/guide/tutorial-patch-antenna.mdx
[22:20:40.300408] M	docs/public/guide/validation.mdx
[22:20:40.300416] M	docs/public/index.mdx
[22:20:40.300423] M	docs/public/site_map.json
[22:20:40.300431] M	docs/public/validation/cross-solver.mdx
[22:20:40.300438] M	docs/public/validation/index.mdx
[22:20:40.300447] M	docs/public/validation/reference-lane.mdx
[22:20:40.300455] Your branch is up to date with 'origin/fix-farfield-viz'.
[22:20:40.300528] + git pull --ff-only origin fix-farfield-viz
[22:20:41.184100] From https://github.com/bk-squared/rfx
[22:20:41.184139]  * branch            fix-farfield-viz -> FETCH_HEAD
[22:20:41.242587] Already up to date.
[22:20:41.243418] + pip install -q -e '.[dev]'
[22:20:48.395162] WARNING: Running pip as the 'root' user can result in broken permissions and conflicting behaviour with the system package manager. It is recommended to use a virtual environment instead: https://pip.pypa.io/warnings/venv
[22:20:48.518872] + echo '=========================================='
[22:20:48.518893] + echo 'Patch NTFF root cause deep dive'
[22:20:48.518896] + echo '=========================================='
[22:20:48.518898] + timeout 1200 python scripts/issue31_ffrp_deepdive.py
[22:20:48.518907] ==========================================
[22:20:48.518909] Patch NTFF root cause deep dive
[22:20:48.518911] ==========================================
[22:20:49.564006] ======================================================================
[22:20:49.564059] Patch NTFF root cause deep dive
[22:20:49.564110] ======================================================================
[22:20:49.564142] 
[22:20:49.564156] === Case 1 — uniform, ez dipole (NO patch) === cells=508,668
[22:20:49.564454] /root/workspace/byungkwan-workspace/research/rfx/scripts/issue31_ffrp_deepdive.py:51: UserWarning: NTFF box extends into CPML region along z-axis. Far-field results will be corrupted. Shrink NTFF box to interior.
[22:20:49.564486]   res = sim.run(num_periods=num_periods, compute_s_params=False)
[22:20:53.992825] [run] 4.4s
[22:20:57.455532] [peak] θ=90.0°  φ=171.0°   broadside_ratio=0.010   (≈1.0 means broadside peak, ≈0 means grazing-only)
[22:20:57.455696] 
[22:20:57.455704] === Case 2 — UNIFORM patch (dx=1mm everywhere) === cells=499,744
[22:20:57.455711] /root/workspace/byungkwan-workspace/research/rfx/scripts/issue31_ffrp_deepdive.py:51: UserWarning: 'pec' z-extent 1.00mm = 1.0 cells — under-resolved (PEC needs ≥5 cells). Consider finer mesh.
[22:20:57.455713] /root/workspace/byungkwan-workspace/research/rfx/scripts/issue31_ffrp_deepdive.py:51: UserWarning: 'fr4' z-extent 1.50mm = 1.5 cells — under-resolved (dielectric needs ≥10 cells). Consider finer mesh.
[22:20:57.455713]   res = sim.run(num_periods=num_periods, compute_s_params=False)
[22:20:57.455714]   res = sim.run(num_periods=num_periods, compute_s_params=False)
[22:20:57.455715] /root/workspace/byungkwan-workspace/research/rfx/scripts/issue31_ffrp_deepdive.py:51: UserWarning: 'pec' z-extent 1.00mm = 1.0 cells — below 1 cell resolution. Use add_thin_conductor() for sub-cell PEC sheet.
[22:20:57.455716]   res = sim.run(num_periods=num_periods, compute_s_params=False)
[22:20:57.455717] /root/workspace/byungkwan-workspace/research/rfx/scripts/issue31_ffrp_deepdive.py:51: UserWarning: Gap between PEC structures: 1.50mm = 1.5 cells along z — coupling may be under-resolved.
[22:20:57.455718]   res = sim.run(num_periods=num_periods, compute_s_params=False)
[22:21:01.064052] [run] 3.6s
[22:21:03.539099] [peak] θ=76.4°  φ=90.0°   broadside_ratio=0.698   (≈1.0 means broadside peak, ≈0 means grazing-only)
[22:21:03.803356] 
[22:21:03.803358] /root/workspace/byungkwan-workspace/research/rfx/scripts/issue31_ffrp_deepdive.py:51: UserWarning: 'pec' z-extent 0.25mm = 1.0 cells — under-resolved (PEC needs ≥5 cells). Consider finer mesh.
[22:21:03.803375] === Case 3 — NU patch (same geometry, graded dz) === cells=602,784
[22:21:03.803382]   res = sim.run(num_periods=num_periods, compute_s_params=False)
[22:21:03.803384] /root/workspace/byungkwan-workspace/research/rfx/scripts/issue31_ffrp_deepdive.py:51: UserWarning: 'fr4' z-extent 1.50mm = 6.0 cells — under-resolved (dielectric needs ≥10 cells). Consider finer mesh.
[22:21:03.803386]   res = sim.run(num_periods=num_periods, compute_s_params=False)
[22:21:08.694235] [run] 4.9s
[22:21:11.640931] [peak] θ=79.4°  φ=270.0°   broadside_ratio=0.103   (≈1.0 means broadside peak, ≈0 means grazing-only)
[22:21:11.641064] 
[22:21:11.641072] === Verdict ===
[22:21:11.641074]   Case 1 should peak at θ≈90° (dipole equatorial).
[22:21:11.641077]   Cases 2 and 3 should peak at θ≈0° if patch mode is excited.
[22:21:11.641078]   If 2 is broadside but 3 is grazing → NU NTFF bug.
[22:21:11.641079]   If both 2 and 3 are grazing → patch mode not reaching NTFF.
[22:21:11.641088]   Record the numbers in issue #48.
[22:21:11.847371] + echo 
[22:21:11.847387] + echo '=== DONE ==='
[22:21:11.847396] 
[22:21:11.847397] === DONE ===
[22:21:11.866032] workload reported done
[22:21:11.866132] Workload status changed to stopping
[22:21:13.955954] + set +x
[22:21:18.994790] workload reported done
[22:21:18.994890] Workload status changed to waitToBeKilled
[22:21:21.000000] Stopping container vops-sidecar
[22:21:21.000000] Stopping container run-sidecar
[22:21:21.000000] Stopping container run-exec
[22:21:21.000000] Terminating VESSL Workload...
[22:21:21.000000] Stopping container ttyd-sidecar
[22:21:21.218017] workload completed
[22:21:21.218117] Workload status changed to completed
