Organization: remilab
Project: byungkwan
Displayed last 200 lines of #369367233090.
[18:10:05.051893] ========================================
[18:10:05.051896] + echo '=== 1. Crossval 24: GPR A-Scan (2D TMz) ==='
[18:10:05.051899] + timeout 300 python examples/crossval/24_gpr_ascan.py
[18:10:05.051919] rfx Crossval 24-26 GPU Validation
[18:10:05.051929] ========================================
[18:10:05.051933] 
[18:10:05.051937] === 1. Crossval 24: GPR A-Scan (2D TMz) ===
[18:10:05.947011] ============================================================
[18:10:05.947032] Cross-Validation: GPR A-Scan (2D TMz)
[18:10:05.947037] ============================================================
[18:10:05.947041] f0=1.0 GHz,  BW=0.8
[18:10:05.947045] Soil: eps_r=9.0, sigma=0.01 S/m, n=3.00
[18:10:05.947049] dx=20 mm
[18:10:05.947053] Domain: 400 x 690 mm  (20 x 34 cells)
[18:10:05.947056] TX/RX:  (200, 530) mm
[18:10:05.947060] Soil surface: y = 330 mm
[18:10:05.947064] Pipe centre:  y = 230 mm  (depth = 100 mm)
[18:10:05.947067] 
[18:10:05.947072] Predicted two-way travel times:
[18:10:05.947076]   t_surface = 1.333 ns  (2 * 200 mm / c0)
[18:10:05.947085]   t_pipe    = 3.333 ns  (2 * (200 + 100*3.0) mm / c0)
[18:10:05.947088] 
[18:10:05.947092] dt ~ 47.1 ps,  n_steps = 521
[18:10:05.947095] 
[18:10:05.947098] Run 1: free-space reference (air only)...
[18:10:05.947105]   [PREFLIGHT] Probe at (0.19986666666666666, 0.5296466666666666, 0.0) is near/inside CPML region (CPML z-thickness=159.9mm). Signal will be attenuated. Move probe to interior.
[18:10:05.947112]   [PREFLIGHT] Source/port at (0.19986666666666666, 0.5296466666666666, 0.0) is near/inside CPML region (CPML z-thickness=159.9mm). Energy will be absorbed. Move source to interior.
[18:10:05.947254] /root/workspace/byungkwan-workspace/research/rfx/examples/crossval/24_gpr_ascan.py:151: UserWarning: Probe at (0.19986666666666666, 0.5296466666666666, 0.0) is near/inside CPML region (CPML z-thickness=159.9mm). Signal will be attenuated. Move probe to interior.
[18:10:05.947267]   result = sim.run(n_steps=n_steps)
[18:10:05.947275] /root/workspace/byungkwan-workspace/research/rfx/examples/crossval/24_gpr_ascan.py:151: UserWarning: Source/port at (0.19986666666666666, 0.5296466666666666, 0.0) is near/inside CPML region (CPML z-thickness=159.9mm). Energy will be absorbed. Move source to interior.
[18:10:05.947291]   result = sim.run(n_steps=n_steps)
[18:10:08.056337]   2.1s
[18:10:08.056377] Run 2: soil + buried pipe...
[18:10:08.056468]   [PREFLIGHT] 'soil' z-extent 19.99mm = 1.0 cells — under-resolved (< 3 cells). Consider finer mesh for accurate results.
[18:10:08.056489]   [PREFLIGHT] 'pec' z-extent 19.99mm = 1.0 cells — under-resolved (< 3 cells). Consider finer mesh for accurate results.
[18:10:08.056501]   [PREFLIGHT] Probe at (0.19986666666666666, 0.5296466666666666, 0.0) is near/inside CPML region (CPML z-thickness=159.9mm). Signal will be attenuated. Move probe to interior.
[18:10:08.056507]   [PREFLIGHT] Source/port at (0.19986666666666666, 0.5296466666666666, 0.0) is near/inside CPML region (CPML z-thickness=159.9mm). Energy will be absorbed. Move source to interior.
[18:10:08.056514]   [PREFLIGHT] Material 'soil' extends into CPML region along x-axis. CPML assumes vacuum — dielectric in absorber causes increased reflections.
[18:10:08.056539] /root/workspace/byungkwan-workspace/research/rfx/examples/crossval/24_gpr_ascan.py:151: UserWarning: 'soil' z-extent 19.99mm = 1.0 cells — under-resolved (< 3 cells). Consider finer mesh for accurate results.
[18:10:08.056556]   result = sim.run(n_steps=n_steps)
[18:10:08.056569] /root/workspace/byungkwan-workspace/research/rfx/examples/crossval/24_gpr_ascan.py:151: UserWarning: 'pec' z-extent 19.99mm = 1.0 cells — under-resolved (< 3 cells). Consider finer mesh for accurate results.
[18:10:08.056574]   result = sim.run(n_steps=n_steps)
[18:10:08.056583] /root/workspace/byungkwan-workspace/research/rfx/examples/crossval/24_gpr_ascan.py:151: UserWarning: Probe at (0.19986666666666666, 0.5296466666666666, 0.0) is near/inside CPML region (CPML z-thickness=159.9mm). Signal will be attenuated. Move probe to interior.
[18:10:08.056588]   result = sim.run(n_steps=n_steps)
[18:10:08.056595] /root/workspace/byungkwan-workspace/research/rfx/examples/crossval/24_gpr_ascan.py:151: UserWarning: Source/port at (0.19986666666666666, 0.5296466666666666, 0.0) is near/inside CPML region (CPML z-thickness=159.9mm). Energy will be absorbed. Move source to interior.
[18:10:08.056600]   result = sim.run(n_steps=n_steps)
[18:10:08.056608] /root/workspace/byungkwan-workspace/research/rfx/examples/crossval/24_gpr_ascan.py:151: UserWarning: Material 'soil' extends into CPML region along x-axis. CPML assumes vacuum — dielectric in absorber causes increased reflections.
[18:10:08.056613]   result = sim.run(n_steps=n_steps)
[18:10:09.746714]   1.7s
[18:10:09.746741] 
[18:10:09.746747] Reflectogram: 521 samples,  total time = 24.3 ns
[18:10:09.746758] Peak |reflecto|: 0.112942
[18:10:09.746794] 
[18:10:09.746820] Free-space probe peak: t_ref = 1.260 ns
[18:10:09.746827] Expected reflectogram peak (surface): 2.593 ns
[18:10:09.746831] Expected reflectogram peak (pipe):    4.593 ns
[18:10:09.746835] 
[18:10:09.746845] Detected arrivals in reflectogram:
[18:10:09.746851]   Surface: 2.567 ns  => travel=1.307 ns  (pred 1.333 ns)  |E|=0.112942
[18:10:09.746856]   Pipe:    3.967 ns  => travel=2.707 ns  (pred 3.333 ns)  |E|=0.017325
[18:10:09.746863] PASS: surface travel-time error 2.0% < 20%
[18:10:09.746872] PASS: pipe travel-time error 18.8% < 20%
[18:10:09.746888] PASS: pipe/surface amplitude ratio 0.153 < 1.0  (soil attenuation)
[18:10:10.021828] 
[18:10:10.021848] Plot saved: /root/workspace/byungkwan-workspace/research/rfx/examples/crossval/24_gpr_ascan.png
[18:10:10.021853] 
[18:10:10.021857] ALL CHECKS PASSED
[18:10:10.260686] + echo 'EXIT CODE: 0'
[18:10:10.260692] EXIT CODE: 0
[18:10:10.260719] + echo 
[18:10:10.260725] + echo '=== 2. Crossval 25: Horn Antenna (3D NTFF) ==='
[18:10:10.260730] + timeout 600 python examples/crossval/25_horn_antenna.py
[18:10:10.260740] 
[18:10:10.260745] === 2. Crossval 25: Horn Antenna (3D NTFF) ===
[18:10:10.914008] ============================================================
[18:10:10.914032] Cross-Validation: Open-Ended WR-90 Waveguide (Horn Antenna)
[18:10:10.914036] ============================================================
[18:10:10.914040] WR-90: a=22.86 mm, b=10.16 mm
[18:10:10.914045] f0=10.0 GHz, lambda=30.0 mm
[18:10:10.914049] TE10 cutoff: 6.56 GHz
[18:10:10.914052] Mesh: dx=2 mm (lambda/15)
[18:10:10.914057] 
[18:10:10.914060] Domain: 113 x 100 x 167 mm
[18:10:10.914064] Grid:   56 x 50 x 84 = 235,200 cells
[18:10:10.914068] Aperture at z = 91 mm
[18:10:10.914071] 
[18:10:10.914088] Analytical directivity: 2.63 (4.2 dBi)
[18:10:11.034971] Preflight:
[18:10:11.120801]   [PREFLIGHT] 'pec' y-extent 2.00mm = 1.0 cells — under-resolved (< 3 cells). Consider finer mesh for accurate results.
[18:10:11.120825]   [PREFLIGHT] 'pec' y-extent 2.00mm = 1.0 cells — under-resolved (< 3 cells). Consider finer mesh for accurate results.
[18:10:11.120830]   [PREFLIGHT] 'pec' x-extent 2.00mm = 1.0 cells — under-resolved (< 3 cells). Consider finer mesh for accurate results.
[18:10:11.120833]   [PREFLIGHT] 'pec' x-extent 2.00mm = 1.0 cells — under-resolved (< 3 cells). Consider finer mesh for accurate results.
[18:10:11.120837]   [PREFLIGHT] 'pec' z-extent 2.00mm = 1.0 cells — below 1 cell resolution. Use add_thin_conductor() for sub-cell PEC sheet.
[18:10:11.120840] 
[18:10:11.121091] /root/workspace/byungkwan-workspace/research/rfx/examples/crossval/25_horn_antenna.py:195: UserWarning: 'pec' y-extent 2.00mm = 1.0 cells — under-resolved (< 3 cells). Consider finer mesh for accurate results.
[18:10:11.121100]   result = sim.run(num_periods=20)
[18:10:11.121105] /root/workspace/byungkwan-workspace/research/rfx/examples/crossval/25_horn_antenna.py:195: UserWarning: 'pec' x-extent 2.00mm = 1.0 cells — under-resolved (< 3 cells). Consider finer mesh for accurate results.
[18:10:11.121108]   result = sim.run(num_periods=20)
[18:10:11.121119] /root/workspace/byungkwan-workspace/research/rfx/examples/crossval/25_horn_antenna.py:195: UserWarning: 'pec' z-extent 2.00mm = 1.0 cells — below 1 cell resolution. Use add_thin_conductor() for sub-cell PEC sheet.
[18:10:11.121128]   result = sim.run(num_periods=20)
[18:10:16.590240] Simulation time: 5.5s
[18:10:22.027975] Directivity: 7.4 dBi (analytical: 4.2 dBi)
[18:10:22.028024] Peak beam direction: theta = 0 deg
[18:10:22.028031] E-plane 3 dB beamwidth: 16 deg
[18:10:22.028035] PASS: Directivity 7.4 dBi in [3, 9] dBi range
[18:10:22.028059] PASS: main beam at theta=0 deg (< 45 deg, +z direction)
[18:10:22.028062] FAIL: E-plane 3 dB beamwidth = 16 deg (expected 30-180 deg)
[18:10:22.355885] 
[18:10:22.355900] Plot saved: /root/workspace/byungkwan-workspace/research/rfx/examples/crossval/25_horn_antenna.png
[18:10:22.355904] 
[18:10:22.355908] SOME CHECKS FAILED
[18:10:22.599327] + FAIL=1
[18:10:22.599350] EXIT CODE: 0
[18:10:22.599350] + echo 'EXIT CODE: 0'
[18:10:22.599355] + echo 
[18:10:22.599359] + echo '=== 3. Crossval 26: Coupled Line BPF (non-uniform z) ==='
[18:10:22.599363] + timeout 300 python examples/crossval/26_coupled_line_bpf.py
[18:10:22.599371] 
[18:10:22.599374] === 3. Crossval 26: Coupled Line BPF (non-uniform z) ===
[18:10:23.299339] ============================================================
[18:10:23.299362] Cross-Validation: Coupled Microstrip Line BPF
[18:10:23.299366] ============================================================
[18:10:23.299370] Substrate: FR-4 eps_r=4.4, h=1.6 mm
[18:10:23.299374] Microstrip width: 3.0 mm, gap: 0.5 mm
[18:10:23.299378] eps_eff: 3.325
[18:10:23.299381] Resonator length (lambda/4): 13.70 mm
[18:10:23.299385] Design centre frequency: 3.0 GHz
[18:10:23.299389] Mesh: dx=0.5 mm, dz_sub=267 um (6 cells)
[18:10:23.299392] 
[18:10:23.299421] Preflight:
[18:10:23.299531]   [PREFLIGHT] 'pec' z-extent 0.27mm = 1.0 cells — under-resolved (< 3 cells). Consider finer mesh for accurate results.
[18:10:23.299536]   [PREFLIGHT] 'pec' z-extent 0.27mm = 1.0 cells — below 1 cell resolution. Use add_thin_conductor() for sub-cell PEC sheet.
[18:10:23.299539]   [PREFLIGHT] 'pec' z-extent 0.27mm = 1.0 cells — below 1 cell resolution. Use add_thin_conductor() for sub-cell PEC sheet.
[18:10:23.299542]   [PREFLIGHT] Gap between PEC structures: 0.50mm = 1.0 cells along y — coupling may be under-resolved.
[18:10:23.299546]   [PREFLIGHT] Probe at (0.01, 0.0095, 0.0008) is near/inside CPML region (CPML z-thickness=2.4mm). Signal will be attenuated. Move probe to interior.
[18:10:23.299549]   [PREFLIGHT] Probe at (0.01970121150595095, 0.013, 0.0008) is near/inside CPML region (CPML z-thickness=2.4mm). Signal will be attenuated. Move probe to interior.
[18:10:23.299552]   [PREFLIGHT] Source/port at (0.01, 0.0095, 0.0004) is near/inside CPML region (CPML z-thickness=2.4mm). Energy will be absorbed. Move source to interior.
[18:10:23.299558]   [PREFLIGHT] Source/port at (0.01970121150595095, 0.013, 0.0004) is near/inside CPML region (CPML z-thickness=2.4mm). Energy will be absorbed. Move source to interior.
[18:10:23.299562]   [PREFLIGHT] Material 'fr4' extends into CPML region along x-axis. CPML assumes vacuum — dielectric in absorber causes increased reflections.
[18:10:23.299565] 
[18:10:23.299687] /root/workspace/byungkwan-workspace/research/rfx/examples/crossval/26_coupled_line_bpf.py:159: UserWarning: 'pec' z-extent 0.27mm = 1.0 cells — under-resolved (< 3 cells). Consider finer mesh for accurate results.
[18:10:23.299691]   result = sim.run(num_periods=30)
[18:10:23.299707] /root/workspace/byungkwan-workspace/research/rfx/examples/crossval/26_coupled_line_bpf.py:159: UserWarning: 'pec' z-extent 0.27mm = 1.0 cells — below 1 cell resolution. Use add_thin_conductor() for sub-cell PEC sheet.
[18:10:23.299722]   result = sim.run(num_periods=30)
[18:10:23.299741] /root/workspace/byungkwan-workspace/research/rfx/examples/crossval/26_coupled_line_bpf.py:159: UserWarning: Gap between PEC structures: 0.50mm = 1.0 cells along y — coupling may be under-resolved.
[18:10:23.299755]   result = sim.run(num_periods=30)
[18:10:23.299766] /root/workspace/byungkwan-workspace/research/rfx/examples/crossval/26_coupled_line_bpf.py:159: UserWarning: Probe at (0.01, 0.0095, 0.0008) is near/inside CPML region (CPML z-thickness=2.4mm). Signal will be attenuated. Move probe to interior.
[18:10:23.299769]   result = sim.run(num_periods=30)
[18:10:23.299777] /root/workspace/byungkwan-workspace/research/rfx/examples/crossval/26_coupled_line_bpf.py:159: UserWarning: Probe at (0.01970121150595095, 0.013, 0.0008) is near/inside CPML region (CPML z-thickness=2.4mm). Signal will be attenuated. Move probe to interior.
[18:10:23.299780]   result = sim.run(num_periods=30)
[18:10:23.299784] /root/workspace/byungkwan-workspace/research/rfx/examples/crossval/26_coupled_line_bpf.py:159: UserWarning: Source/port at (0.01, 0.0095, 0.0004) is near/inside CPML region (CPML z-thickness=2.4mm). Energy will be absorbed. Move source to interior.
[18:10:23.299787]   result = sim.run(num_periods=30)
[18:10:23.299793] /root/workspace/byungkwan-workspace/research/rfx/examples/crossval/26_coupled_line_bpf.py:159: UserWarning: Source/port at (0.01970121150595095, 0.013, 0.0004) is near/inside CPML region (CPML z-thickness=2.4mm). Energy will be absorbed. Move source to interior.
[18:10:23.299796]   result = sim.run(num_periods=30)
[18:10:23.299802] /root/workspace/byungkwan-workspace/research/rfx/examples/crossval/26_coupled_line_bpf.py:159: UserWarning: Material 'fr4' extends into CPML region along x-axis. CPML assumes vacuum — dielectric in absorber causes increased reflections.
[18:10:23.299806]   result = sim.run(num_periods=30)
[18:10:25.758747] /opt/jax/jax/_src/numpy/array_methods.py:118: UserWarning: Explicitly requested dtype <class 'jax.numpy.float64'> requested in astype is not available, and will be truncated to dtype float32. To enable more dtypes, set the jax_enable_x64 configuration option or the JAX_ENABLE_X64 shell environment variable. See https://github.com/google/jax#current-gotchas for more.
[18:10:25.758774]   return lax_numpy.astype(self, dtype, copy=copy, device=device)
[18:10:25.758783] /opt/jax/jax/_src/numpy/array_methods.py:118: UserWarning: Explicitly requested dtype <class 'jax.numpy.float64'> requested in astype is not available, and will be truncated to dtype float32. To enable more dtypes, set the jax_enable_x64 configuration option or the JAX_ENABLE_X64 shell environment variable. See https://github.com/google/jax#current-gotchas for more.
[18:10:25.758786]   return lax_numpy.astype(self, dtype, copy=copy, device=device)
[18:10:25.762564] /opt/jax/jax/_src/numpy/array_methods.py:118: UserWarning: Explicitly requested dtype <class 'jax.numpy.float64'> requested in astype is not available, and will be truncated to dtype float32. To enable more dtypes, set the jax_enable_x64 configuration option or the JAX_ENABLE_X64 shell environment variable. See https://github.com/google/jax#current-gotchas for more.
[18:10:25.762576]   return lax_numpy.astype(self, dtype, copy=copy, device=device)
[18:10:25.762941] /opt/jax/jax/_src/numpy/array_methods.py:118: UserWarning: Explicitly requested dtype <class 'jax.numpy.float64'> requested in astype is not available, and will be truncated to dtype float32. To enable more dtypes, set the jax_enable_x64 configuration option or the JAX_ENABLE_X64 shell environment variable. See https://github.com/google/jax#current-gotchas for more.
[18:10:25.762963]   return lax_numpy.astype(self, dtype, copy=copy, device=device)
[18:10:28.105439] Simulation time: 4.8s
[18:10:28.105577] Probe signals: in_max=1.633e+07, out_max=1.614e+07
[18:10:28.105935] 
[18:10:28.105944] Results:
[18:10:28.105949]   Peak S21 frequency:   7.000 GHz  (design: 3.0 GHz)
[18:10:28.105954]   Frequency error:      133.3%
[18:10:28.105957]   Peak S21 (raw):       13.8 dB
[18:10:28.105961]   S21 at 1.0 GHz (norm): -18.0 dB
[18:10:28.105964]   S21 at 5.5 GHz (norm): -2.1 dB
[18:10:28.105968]   FAIL: peak frequency error 133.3% > 30%
[18:10:28.105971]   PASS: peak S21 = 13.8 dB > -6 dB
[18:10:28.105974]   PASS: OOB at 1.0 GHz = -18.0 dB (norm) < -3 dB
[18:10:28.105977]   FAIL: OOB at 5.5 GHz = -2.1 dB (norm, expected < -3 dB)
[18:10:28.369925] 
[18:10:28.369939] Plot saved: /root/workspace/byungkwan-workspace/research/rfx/examples/crossval/26_coupled_line_bpf.png
[18:10:28.369944] 
[18:10:28.369947] SOME CHECKS FAILED
[18:10:28.603575] workload reported done
[18:10:28.603675] Workload status changed to stopping
[18:10:28.616558] + FAIL=1
[18:10:28.616582] + echo 'EXIT CODE: 0'
[18:10:28.616587] + echo 
[18:10:28.616591] EXIT CODE: 0
[18:10:28.616592] + echo '=== DONE (FAIL=1) ==='
[18:10:28.616601] 
[18:10:28.616602] + exit 1
[18:10:28.616604] === DONE (FAIL=1) ===
[18:10:44.240261] workload reported done
[18:10:44.240361] Workload status changed to waitToBeKilled
[18:10:45.000000] Stopping container run-sidecar
[18:10:45.000000] Stopping container run-exec
[18:10:45.000000] Terminating VESSL Workload...
[18:10:45.000000] Stopping container ttyd-sidecar
[18:10:45.000000] Stopping container fluentbit
[18:10:45.108867] workload failed
[18:10:45.108968] Workload status changed to failed
