Organization: remilab
Project: byungkwan
Displayed last 91 lines of #369367233309.
[15:29:11.248512] workload awaiting to start
[15:29:11.248612] Workload status changed to pending
[15:29:14.934262] Event Reason: FailedScheduling, Event Note: 0/13 nodes are available: pod has unbound immediate PersistentVolumeClaims. preemption: 0/13 nodes are available: 13 Preemption is not helpful for scheduling.
[15:29:14.934262] Workload is in queue for scheduling. Please wait...
[15:29:22.979422] Event Reason: FailedScheduling, Event Note: 0/13 nodes are available: pod has unbound immediate PersistentVolumeClaims. preemption: 0/13 nodes are available: 13 Preemption is not helpful for scheduling.
[15:29:22.979422] Workload is in queue for scheduling. Please wait...
[15:29:25.858758] VESSL Workload assigned successfully. Starting soon.
[15:29:26.000000] Container image "quay.io/vessl-ai/kernels-toolbox:0.1.188" already present on machine
[15:29:26.000000] Created container vops-init
[15:29:26.000000] Container image "nvcr.io/nvidia/jax:24.10-py3" already present on machine
[15:29:26.000000] Started container vops-init
[15:29:26.001000] Container image "nvcr.io/nvidia/jax:24.10-py3" already present on machine
[15:29:27.000000] Started container run-sidecar
[15:29:27.000000] Creating VESSL Workload...
[15:29:27.000000] Created container vops-sidecar
[15:29:27.000000] Created container ttyd-sidecar
[15:29:27.000000] Starting VESSL Workload...
[15:29:27.000000] Started container vops-sidecar
[15:29:27.000000] Created container run-exec
[15:29:27.000000] Container image "quay.io/vessl-ai/kernels-toolbox:0.1.188" already present on machine
[15:29:27.000000] Started container run-exec
[15:29:27.000000] Started container fluentbit
[15:29:27.000000] Started container ttyd-sidecar
[15:29:27.000000] Created container run-sidecar
[15:29:27.766791] Installing VESSL CLI...
[15:29:28.628289] workload reported alive as pod run-execution-k6ez5590as2f-0
[15:29:28.628389] Workload status changed to initializing
[15:29:29.925556] + set +x
[15:29:34.368650] vessl, version 0.1.199
[15:29:34.983585] workload reported alive as pod run-execution-k6ez5590as2f-0
[15:29:34.983685] Workload status changed to running
[15:29:35.378253] + mkdir -p /root
[15:29:35.380368] + cd /root
[15:29:35.380705] + set -euo pipefail
[15:29:35.380717] + cd /root
[15:29:35.380724] + git clone https://github.com/bk-squared/rfx.git
[15:29:35.382856] Cloning into 'rfx'...
[15:29:38.147704] + cd rfx
[15:29:38.147736] + pip install --quiet -e '.[all]'
[15:29:42.175322] WARNING: rfx 1807.8.6 does not provide the extra 'dashboard'
[15:29:42.175603] WARNING: rfx 1807.8.6 does not provide the extra 'dev'
[15:29:42.175611] WARNING: rfx 1807.8.6 does not provide the extra 'optimization'
[15:29:42.175616] WARNING: rfx 1807.8.6 does not provide the extra 'visualization'
[15:29:46.980680] WARNING: Running pip as the 'root' user can result in broken permissions and conflicting behaviour with the system package manager. It is recommended to use a virtual environment instead: https://pip.pypa.io/warnings/venv
[15:29:47.220021] + python -c 'import jax; print('"'"'JAX:'"'"', jax.devices()); import rfx; print('"'"'rfx'"'"', rfx.__version__)'
[15:29:47.617398] JAX: [CudaDevice(id=0)]
[15:29:48.104586] rfx 1.5.0
[15:29:48.225990] + cp /root/workspace/bk-workspace/papers/rfx-tap/experiments/ntff_dipole_10ghz.py .
[15:29:48.237599] + python ntff_dipole_10ghz.py
[15:29:48.888836] 
[15:29:48.888858] ==================================================
[15:29:48.888864]   5GHz/dx=1mm (crossval)
[15:29:48.888868] ==================================================
[15:29:48.888877]   Grid: 101x101x101, steps=7868
[15:29:57.548242]   Probe peak: 4.7927e+07
[15:29:57.548549]   NTFF x_lo norm: 1.0347e-10
[15:29:57.548562]   NTFF z_hi norm: 6.2383e-11
[15:29:57.583338]   Far-field max power: 8.5578e-27
[15:29:57.583355]   NTFF: ZERO
[15:29:57.583363] 
[15:29:57.583382] ==================================================
[15:29:57.583425]   10GHz/dx=1mm
[15:29:57.583450] ==================================================
[15:29:57.583540]   Grid: 81x81x81, steps=7868
[15:30:03.688506]   Probe peak: 2.3963e+07
[15:30:03.688829]   NTFF x_lo norm: 8.6322e-11
[15:30:03.688844]   NTFF z_hi norm: 3.1930e-11
[15:30:03.704177]   Far-field max power: 6.1487e-27
[15:30:03.704198]   NTFF: ZERO
[15:30:03.704205] 
[15:30:03.704211] ==================================================
[15:30:03.704217]   10GHz/dx=0.5mm
[15:30:03.704222] ==================================================
[15:30:03.704256]   Grid: 101x101x101, steps=15736
[15:30:14.518237]   Probe peak: 2.3964e+07
[15:30:14.518534]   NTFF x_lo norm: 2.6511e-11
[15:30:14.518558]   NTFF z_hi norm: 1.5425e-11
[15:30:14.555041]   Far-field max power: 1.3605e-28
[15:30:14.555074]   NTFF: ZERO
[15:30:14.961956] workload reported done
[15:30:14.962056] Workload status changed to stopping
[15:30:15.016777] [done]
[15:30:15.016788] + echo '[done]'
[15:30:23.396702] + set +x
[15:30:28.343569] workload reported done
[15:30:28.343669] Workload status changed to waitToBeKilled
[15:30:30.000000] Stopping container vops-sidecar
[15:30:30.000000] Stopping container run-exec
[15:30:30.000000] Terminating VESSL Workload...
[15:30:30.000000] Stopping container ttyd-sidecar
[15:30:30.000000] Stopping container fluentbit
