Organization: remilab
Project: byungkwan
Displayed last 200 lines of #369367233558.
[00:48:54.723574] M	docs/public/api/support-boundaries.mdx
[00:48:54.723579] M	docs/public/examples/crossval.mdx
[00:48:54.723585] M	docs/public/examples/index.mdx
[00:48:54.723590] M	docs/public/examples/rf-workflows.mdx
[00:48:54.723596] M	docs/public/guide/advanced.md
[00:48:54.723602] M	docs/public/guide/api-reference.mdx
[00:48:54.723607] M	docs/public/guide/changelog.mdx
[00:48:54.723614] M	docs/public/guide/contributing.md
[00:48:54.723619] M	docs/public/guide/first-patch.mdx
[00:48:54.723625] M	docs/public/guide/index.md
[00:48:54.723630] M	docs/public/guide/migration.md
[00:48:54.723636] M	docs/public/guide/nonuniform-mesh.mdx
[00:48:54.723641] M	docs/public/guide/quickstart.mdx
[00:48:54.723647] M	docs/public/guide/subgridding.mdx
[00:48:54.723652] M	docs/public/guide/tutorial-patch-antenna.mdx
[00:48:54.723658] M	docs/public/guide/validation.mdx
[00:48:54.723663] M	docs/public/index.mdx
[00:48:54.723669] M	docs/public/site_map.json
[00:48:54.723674] M	docs/public/validation/cross-solver.mdx
[00:48:54.723680] M	docs/public/validation/index.mdx
[00:48:54.723687] M	docs/public/validation/reference-lane.mdx
[00:48:54.723692] Your branch is up to date with 'origin/fix-farfield-viz'.
[00:48:54.723883] + git pull --ff-only origin fix-farfield-viz
[00:48:55.477443] From https://github.com/bk-squared/rfx
[00:48:55.477475]  * branch            fix-farfield-viz -> FETCH_HEAD
[00:48:55.548237] Already up to date.
[00:48:55.548776] + pip install -q -e '.[dev]'
[00:49:04.219185] WARNING: Running pip as the 'root' user can result in broken permissions and conflicting behaviour with the system package manager. It is recommended to use a virtual environment instead: https://pip.pypa.io/warnings/venv
[00:49:04.410226] + pip install -q plotly kaleido
[00:49:07.593539] WARNING: Running pip as the 'root' user can result in broken permissions and conflicting behaviour with the system package manager. It is recommended to use a virtual environment instead: https://pip.pypa.io/warnings/venv
[00:49:07.673498] ==========================================
[00:49:07.673521] Issue #31 — patch antenna S11 / FFRP / field animation
[00:49:07.673525] ==========================================
[00:49:07.673539] + echo '=========================================='
[00:49:07.673560] + echo 'Issue #31 — patch antenna S11 / FFRP / field animation'
[00:49:07.673583] + echo '=========================================='
[00:49:07.673589] + timeout 1800 python scripts/issue31_patch_validation.py --dx-mm 1.0 --frames 16 --n-steps-anim 3000
[00:49:08.778541] [cfg] analytic f_res = 2.4235 GHz
[00:49:08.778559] 
[00:49:08.778563] === [1/4] Harminv ringdown → true f_res ===
[00:49:09.364955] [cfg] cells=567,840
[00:49:09.369178] /root/workspace/byungkwan-workspace/research/rfx/scripts/issue31_patch_validation.py:188: UserWarning: 'pec' z-extent 0.25mm = 1.0 cells — under-resolved (PEC needs ≥5 cells). Consider finer mesh.
[00:49:09.369195]   res = sim.run(num_periods=60, compute_s_params=False)
[00:49:09.369211] /root/workspace/byungkwan-workspace/research/rfx/scripts/issue31_patch_validation.py:188: UserWarning: 'fr4' z-extent 1.50mm = 6.0 cells — under-resolved (dielectric needs ≥10 cells). Consider finer mesh.
[00:49:09.369229]   res = sim.run(num_periods=60, compute_s_params=False)
[00:49:15.248003] [run] done in 5.9s
[00:51:05.038717] [result] Harminv f_res = 2.6492 GHz  Q = 28.1  error = 9.31 %  (analytic = 2.4235 GHz)
[00:51:05.038846] 
[00:51:05.038862] === [2/4] S11(f) via lumped port ===
[00:51:05.039085] /root/workspace/byungkwan-workspace/research/rfx/scripts/issue31_patch_validation.py:213: UserWarning: 'pec' z-extent 0.25mm = 1.0 cells — under-resolved (PEC needs ≥5 cells). Consider finer mesh.
[00:51:05.039092]   res = sim.run(num_periods=40, compute_s_params=True)
[00:51:05.039099] /root/workspace/byungkwan-workspace/research/rfx/scripts/issue31_patch_validation.py:213: UserWarning: 'fr4' z-extent 1.50mm = 6.0 cells — under-resolved (dielectric needs ≥10 cells). Consider finer mesh.
[00:51:05.039104]   res = sim.run(num_periods=40, compute_s_params=True)
[00:51:05.635087] /opt/jax/jax/_src/numpy/array_methods.py:118: UserWarning: Explicitly requested dtype <class 'jax.numpy.float64'> requested in astype is not available, and will be truncated to dtype float32. To enable more dtypes, set the jax_enable_x64 configuration option or the JAX_ENABLE_X64 shell environment variable. See https://github.com/google/jax#current-gotchas for more.
[00:51:05.635112]   return lax_numpy.astype(self, dtype, copy=copy, device=device)
[00:51:05.635116] /opt/jax/jax/_src/numpy/array_methods.py:118: UserWarning: Explicitly requested dtype <class 'jax.numpy.float64'> requested in astype is not available, and will be truncated to dtype float32. To enable more dtypes, set the jax_enable_x64 configuration option or the JAX_ENABLE_X64 shell environment variable. See https://github.com/google/jax#current-gotchas for more.
[00:51:05.635120]   return lax_numpy.astype(self, dtype, copy=copy, device=device)
[00:51:09.470874] [run] done in 4.4s
[00:51:09.470911] [result] S11 dip: f = 2.6776 GHz, |S11| = -1.61 dB (shallow — port matching artifact)
[00:51:09.587052] [out] /root/workspace/byungkwan-workspace/research/rfx/scripts/../docs/research_notes/issue31_figs/issue31_patch_s11.png
[00:51:09.587095] 
[00:51:09.587100] === [3/4] Far-field radiation pattern at f_res = 2.649 GHz ===
[00:51:09.587265] /root/workspace/byungkwan-workspace/research/rfx/scripts/issue31_patch_validation.py:252: UserWarning: 'pec' z-extent 0.25mm = 1.0 cells — under-resolved (PEC needs ≥5 cells). Consider finer mesh.
[00:51:09.587271]   res = sim.run(num_periods=40, compute_s_params=False)
[00:51:09.587274] /root/workspace/byungkwan-workspace/research/rfx/scripts/issue31_patch_validation.py:252: UserWarning: 'fr4' z-extent 1.50mm = 6.0 cells — under-resolved (dielectric needs ≥10 cells). Consider finer mesh.
[00:51:09.587288]   res = sim.run(num_periods=40, compute_s_params=False)
[00:51:14.586484] [run] done in 5.0s
[00:51:21.842605] [out] /root/workspace/byungkwan-workspace/research/rfx/scripts/../docs/research_notes/issue31_figs/issue31_patch_farfield.png  peak at θ=1.0°, φ=136.0°
[00:51:21.844230] 
[00:51:21.844243] === [4/5] 3D far-field + structure at 2.649 GHz ===
[00:51:21.844372] /root/workspace/byungkwan-workspace/research/rfx/scripts/issue31_patch_validation.py:336: UserWarning: 'pec' z-extent 0.25mm = 1.0 cells — under-resolved (PEC needs ≥5 cells). Consider finer mesh.
[00:51:21.844381]   res = sim.run(num_periods=40, compute_s_params=False)
[00:51:21.844386] /root/workspace/byungkwan-workspace/research/rfx/scripts/issue31_patch_validation.py:336: UserWarning: 'fr4' z-extent 1.50mm = 6.0 cells — under-resolved (dielectric needs ≥10 cells). Consider finer mesh.
[00:51:21.844389]   res = sim.run(num_periods=40, compute_s_params=False)
[00:51:26.730057] [run] done in 4.9s
[00:51:30.116149] [out] /root/workspace/byungkwan-workspace/research/rfx/scripts/../docs/research_notes/issue31_figs/issue31_patch_farfield_3d.html
[00:51:30.139908] [3D-FFRP] PNG snapshot skipped (
[00:51:30.139925] 
[00:51:30.139932] Kaleido requires Google Chrome to be installed.
[00:51:30.139937] 
[00:51:30.139946] Either download and install Chrome yourself following Google's instructions for your operating system,
[00:51:30.139952] or install it from your terminal by running:
[00:51:30.139957] 
[00:51:30.139961]     $ plotly_get_chrome
[00:51:30.139967] 
[00:51:30.139974] ); HTML is interactive.
[00:51:30.139978] 
[00:51:30.139983] === [5/5] Field evolution GIF ===
[00:51:30.143230] [cfg] cells=567,840  frames=16
[00:51:30.143455] /root/workspace/byungkwan-workspace/research/rfx/scripts/issue31_patch_validation.py:506: UserWarning: 'pec' z-extent 0.25mm = 1.0 cells — under-resolved (PEC needs ≥5 cells). Consider finer mesh.
[00:51:30.143466]   res = sim.run(n_steps=int(ns), compute_s_params=False)
[00:51:30.143472] /root/workspace/byungkwan-workspace/research/rfx/scripts/issue31_patch_validation.py:506: UserWarning: 'fr4' z-extent 1.50mm = 6.0 cells — under-resolved (dielectric needs ≥10 cells). Consider finer mesh.
[00:51:30.143476]   res = sim.run(n_steps=int(ns), compute_s_params=False)
[00:51:32.246769]   n_steps= 187  max|Ez|=2.045e+07  dt=2.1s
[00:51:32.246798] /root/workspace/byungkwan-workspace/research/rfx/scripts/issue31_patch_validation.py:506: UserWarning: 'pec' z-extent 0.25mm = 1.0 cells — under-resolved (PEC needs ≥5 cells). Consider finer mesh.
[00:51:32.246817]   res = sim.run(n_steps=int(ns), compute_s_params=False)
[00:51:32.246827] /root/workspace/byungkwan-workspace/research/rfx/scripts/issue31_patch_validation.py:506: UserWarning: 'fr4' z-extent 1.50mm = 6.0 cells — under-resolved (dielectric needs ≥10 cells). Consider finer mesh.
[00:51:32.246832]   res = sim.run(n_steps=int(ns), compute_s_params=False)
[00:51:34.374453]   n_steps= 374  max|Ez|=3.439e+08  dt=2.1s
[00:51:34.374496] /root/workspace/byungkwan-workspace/research/rfx/scripts/issue31_patch_validation.py:506: UserWarning: 'pec' z-extent 0.25mm = 1.0 cells — under-resolved (PEC needs ≥5 cells). Consider finer mesh.
[00:51:34.374529]   res = sim.run(n_steps=int(ns), compute_s_params=False)
[00:51:34.374542] /root/workspace/byungkwan-workspace/research/rfx/scripts/issue31_patch_validation.py:506: UserWarning: 'fr4' z-extent 1.50mm = 6.0 cells — under-resolved (dielectric needs ≥10 cells). Consider finer mesh.
[00:51:34.374547]   res = sim.run(n_steps=int(ns), compute_s_params=False)
[00:51:36.695837]   n_steps= 562  max|Ez|=1.478e+08  dt=2.3s
[00:51:36.695880] /root/workspace/byungkwan-workspace/research/rfx/scripts/issue31_patch_validation.py:506: UserWarning: 'pec' z-extent 0.25mm = 1.0 cells — under-resolved (PEC needs ≥5 cells). Consider finer mesh.
[00:51:36.695903]   res = sim.run(n_steps=int(ns), compute_s_params=False)
[00:51:36.695918] /root/workspace/byungkwan-workspace/research/rfx/scripts/issue31_patch_validation.py:506: UserWarning: 'fr4' z-extent 1.50mm = 6.0 cells — under-resolved (dielectric needs ≥10 cells). Consider finer mesh.
[00:51:36.695925]   res = sim.run(n_steps=int(ns), compute_s_params=False)
[00:51:38.883291]   n_steps= 749  max|Ez|=1.413e+07  dt=2.2s
[00:51:38.883324] /root/workspace/byungkwan-workspace/research/rfx/scripts/issue31_patch_validation.py:506: UserWarning: 'pec' z-extent 0.25mm = 1.0 cells — under-resolved (PEC needs ≥5 cells). Consider finer mesh.
[00:51:38.883341]   res = sim.run(n_steps=int(ns), compute_s_params=False)
[00:51:38.883351] /root/workspace/byungkwan-workspace/research/rfx/scripts/issue31_patch_validation.py:506: UserWarning: 'fr4' z-extent 1.50mm = 6.0 cells — under-resolved (dielectric needs ≥10 cells). Consider finer mesh.
[00:51:38.883356]   res = sim.run(n_steps=int(ns), compute_s_params=False)
[00:51:41.166240]   n_steps= 937  max|Ez|=1.500e+07  dt=2.3s
[00:51:41.166281] /root/workspace/byungkwan-workspace/research/rfx/scripts/issue31_patch_validation.py:506: UserWarning: 'pec' z-extent 0.25mm = 1.0 cells — under-resolved (PEC needs ≥5 cells). Consider finer mesh.
[00:51:41.166289]   res = sim.run(n_steps=int(ns), compute_s_params=False)
[00:51:41.166296] /root/workspace/byungkwan-workspace/research/rfx/scripts/issue31_patch_validation.py:506: UserWarning: 'fr4' z-extent 1.50mm = 6.0 cells — under-resolved (dielectric needs ≥10 cells). Consider finer mesh.
[00:51:41.166301]   res = sim.run(n_steps=int(ns), compute_s_params=False)
[00:51:43.474004]   n_steps=1124  max|Ez|=1.535e+07  dt=2.3s
[00:51:43.474027] /root/workspace/byungkwan-workspace/research/rfx/scripts/issue31_patch_validation.py:506: UserWarning: 'pec' z-extent 0.25mm = 1.0 cells — under-resolved (PEC needs ≥5 cells). Consider finer mesh.
[00:51:43.474053]   res = sim.run(n_steps=int(ns), compute_s_params=False)
[00:51:43.474062] /root/workspace/byungkwan-workspace/research/rfx/scripts/issue31_patch_validation.py:506: UserWarning: 'fr4' z-extent 1.50mm = 6.0 cells — under-resolved (dielectric needs ≥10 cells). Consider finer mesh.
[00:51:43.474066]   res = sim.run(n_steps=int(ns), compute_s_params=False)
[00:51:45.816676]   n_steps=1312  max|Ez|=1.430e+07  dt=2.3s
[00:51:45.816721] /root/workspace/byungkwan-workspace/research/rfx/scripts/issue31_patch_validation.py:506: UserWarning: 'pec' z-extent 0.25mm = 1.0 cells — under-resolved (PEC needs ≥5 cells). Consider finer mesh.
[00:51:45.816730]   res = sim.run(n_steps=int(ns), compute_s_params=False)
[00:51:45.816757] /root/workspace/byungkwan-workspace/research/rfx/scripts/issue31_patch_validation.py:506: UserWarning: 'fr4' z-extent 1.50mm = 6.0 cells — under-resolved (dielectric needs ≥10 cells). Consider finer mesh.
[00:51:45.816764]   res = sim.run(n_steps=int(ns), compute_s_params=False)
[00:51:48.217154]   n_steps=1499  max|Ez|=1.454e+07  dt=2.4s
[00:51:48.217227] /root/workspace/byungkwan-workspace/research/rfx/scripts/issue31_patch_validation.py:506: UserWarning: 'pec' z-extent 0.25mm = 1.0 cells — under-resolved (PEC needs ≥5 cells). Consider finer mesh.
[00:51:48.217249]   res = sim.run(n_steps=int(ns), compute_s_params=False)
[00:51:48.217255] /root/workspace/byungkwan-workspace/research/rfx/scripts/issue31_patch_validation.py:506: UserWarning: 'fr4' z-extent 1.50mm = 6.0 cells — under-resolved (dielectric needs ≥10 cells). Consider finer mesh.
[00:51:48.217259]   res = sim.run(n_steps=int(ns), compute_s_params=False)
[00:51:50.531187]   n_steps=1687  max|Ez|=1.305e+07  dt=2.3s
[00:51:50.531227] /root/workspace/byungkwan-workspace/research/rfx/scripts/issue31_patch_validation.py:506: UserWarning: 'pec' z-extent 0.25mm = 1.0 cells — under-resolved (PEC needs ≥5 cells). Consider finer mesh.
[00:51:50.531249]   res = sim.run(n_steps=int(ns), compute_s_params=False)
[00:51:50.531263] /root/workspace/byungkwan-workspace/research/rfx/scripts/issue31_patch_validation.py:506: UserWarning: 'fr4' z-extent 1.50mm = 6.0 cells — under-resolved (dielectric needs ≥10 cells). Consider finer mesh.
[00:51:50.531269]   res = sim.run(n_steps=int(ns), compute_s_params=False)
[00:51:53.023562]   n_steps=1874  max|Ez|=1.379e+07  dt=2.5s
[00:51:53.023605] /root/workspace/byungkwan-workspace/research/rfx/scripts/issue31_patch_validation.py:506: UserWarning: 'pec' z-extent 0.25mm = 1.0 cells — under-resolved (PEC needs ≥5 cells). Consider finer mesh.
[00:51:53.023629]   res = sim.run(n_steps=int(ns), compute_s_params=False)
[00:51:53.023638] /root/workspace/byungkwan-workspace/research/rfx/scripts/issue31_patch_validation.py:506: UserWarning: 'fr4' z-extent 1.50mm = 6.0 cells — under-resolved (dielectric needs ≥10 cells). Consider finer mesh.
[00:51:53.023643]   res = sim.run(n_steps=int(ns), compute_s_params=False)
[00:51:55.480160]   n_steps=2062  max|Ez|=1.300e+07  dt=2.5s
[00:51:55.480195] /root/workspace/byungkwan-workspace/research/rfx/scripts/issue31_patch_validation.py:506: UserWarning: 'pec' z-extent 0.25mm = 1.0 cells — under-resolved (PEC needs ≥5 cells). Consider finer mesh.
[00:51:55.480202]   res = sim.run(n_steps=int(ns), compute_s_params=False)
[00:51:55.480222] /root/workspace/byungkwan-workspace/research/rfx/scripts/issue31_patch_validation.py:506: UserWarning: 'fr4' z-extent 1.50mm = 6.0 cells — under-resolved (dielectric needs ≥10 cells). Consider finer mesh.
[00:51:55.480243]   res = sim.run(n_steps=int(ns), compute_s_params=False)
[00:51:58.013865]   n_steps=2249  max|Ez|=1.120e+07  dt=2.5s
[00:51:58.013916] /root/workspace/byungkwan-workspace/research/rfx/scripts/issue31_patch_validation.py:506: UserWarning: 'pec' z-extent 0.25mm = 1.0 cells — under-resolved (PEC needs ≥5 cells). Consider finer mesh.
[00:51:58.013933]   res = sim.run(n_steps=int(ns), compute_s_params=False)
[00:51:58.013946] /root/workspace/byungkwan-workspace/research/rfx/scripts/issue31_patch_validation.py:506: UserWarning: 'fr4' z-extent 1.50mm = 6.0 cells — under-resolved (dielectric needs ≥10 cells). Consider finer mesh.
[00:51:58.013952]   res = sim.run(n_steps=int(ns), compute_s_params=False)
[00:52:00.498011]   n_steps=2437  max|Ez|=1.100e+07  dt=2.5s
[00:52:00.498054] /root/workspace/byungkwan-workspace/research/rfx/scripts/issue31_patch_validation.py:506: UserWarning: 'pec' z-extent 0.25mm = 1.0 cells — under-resolved (PEC needs ≥5 cells). Consider finer mesh.
[00:52:00.498076]   res = sim.run(n_steps=int(ns), compute_s_params=False)
[00:52:00.498093] /root/workspace/byungkwan-workspace/research/rfx/scripts/issue31_patch_validation.py:506: UserWarning: 'fr4' z-extent 1.50mm = 6.0 cells — under-resolved (dielectric needs ≥10 cells). Consider finer mesh.
[00:52:00.498099]   res = sim.run(n_steps=int(ns), compute_s_params=False)
[00:52:03.044282]   n_steps=2624  max|Ez|=1.081e+07  dt=2.5s
[00:52:03.044322] /root/workspace/byungkwan-workspace/research/rfx/scripts/issue31_patch_validation.py:506: UserWarning: 'pec' z-extent 0.25mm = 1.0 cells — under-resolved (PEC needs ≥5 cells). Consider finer mesh.
[00:52:03.044339]   res = sim.run(n_steps=int(ns), compute_s_params=False)
[00:52:03.044348] /root/workspace/byungkwan-workspace/research/rfx/scripts/issue31_patch_validation.py:506: UserWarning: 'fr4' z-extent 1.50mm = 6.0 cells — under-resolved (dielectric needs ≥10 cells). Consider finer mesh.
[00:52:03.044353]   res = sim.run(n_steps=int(ns), compute_s_params=False)
[00:52:05.589182]   n_steps=2812  max|Ez|=1.056e+07  dt=2.5s
[00:52:05.589232] /root/workspace/byungkwan-workspace/research/rfx/scripts/issue31_patch_validation.py:506: UserWarning: 'pec' z-extent 0.25mm = 1.0 cells — under-resolved (PEC needs ≥5 cells). Consider finer mesh.
[00:52:05.589245]   res = sim.run(n_steps=int(ns), compute_s_params=False)
[00:52:05.589255] /root/workspace/byungkwan-workspace/research/rfx/scripts/issue31_patch_validation.py:506: UserWarning: 'fr4' z-extent 1.50mm = 6.0 cells — under-resolved (dielectric needs ≥10 cells). Consider finer mesh.
[00:52:05.589260]   res = sim.run(n_steps=int(ns), compute_s_params=False)
[00:52:08.071240]   n_steps=3000  max|Ez|=1.051e+07  dt=2.5s
[00:52:08.071265] [run] total 37.9s
[00:52:09.464668] [out] /root/workspace/byungkwan-workspace/research/rfx/scripts/../docs/research_notes/issue31_figs/issue31_patch_field_evolution.gif
[00:52:10.162353] + echo 
[00:52:10.162365] 
[00:52:10.162384] + echo '=== artifacts ==='
[00:52:10.162392] + ls -la docs/research_notes/issue31_figs/
[00:52:10.162404] === artifacts ===
[00:52:10.176706] workload reported done
[00:52:10.176806] Workload status changed to stopping
[00:52:10.179185] total 1180
[00:52:10.179198] drwxr-xr-x  2 nobody nogroup   4096 Apr 15 13:12 .
[00:52:10.179203] drwxr-xr-x 13 nobody nogroup  12288 Apr 15 13:39 ..
[00:52:10.179207] -rw-r--r--  1 nobody nogroup 245270 Apr 15 15:51 issue31_patch_farfield.png
[00:52:10.179210] -rw-r--r--  1 nobody nogroup 348052 Apr 15 15:51 issue31_patch_farfield_3d.html
[00:52:10.179214] -rw-r--r--  1 nobody nogroup 547724 Apr 15 15:52 issue31_patch_field_evolution.gif
[00:52:10.179217] -rw-r--r--  1 nobody nogroup  48244 Apr 15 15:51 issue31_patch_s11.png
[00:52:10.179370] + echo 
[00:52:10.179379] + echo '=== DONE ==='
[00:52:10.179382] 
[00:52:10.179388] === DONE ===
[00:52:16.599633] + set +x
[00:52:21.599031] workload reported done
[00:52:21.599131] Workload status changed to waitToBeKilled
[00:52:24.000000] Stopping container vops-sidecar
[00:52:24.000000] Stopping container run-sidecar
[00:52:24.000000] Stopping container run-exec
[00:52:24.000000] Terminating VESSL Workload...
[00:52:24.000000] Stopping container ttyd-sidecar
[00:52:24.000000] Stopping container fluentbit
[00:52:24.121867] workload completed
[00:52:24.121968] Workload status changed to completed
