Organization: remilab
Project: byungkwan
Displayed last 43 lines of #369367233452.
[15:33:42.383391] workload awaiting to start
[15:33:42.383491] Workload status changed to pending
[15:33:47.642385] Event Reason: FailedScheduling, Event Note: 0/13 nodes are available: pod has unbound immediate PersistentVolumeClaims. preemption: 0/13 nodes are available: 13 Preemption is not helpful for scheduling.
[15:33:47.642385] Workload is in queue for scheduling. Please wait...
[15:33:57.438853] Event Reason: FailedScheduling, Event Note: 0/13 nodes are available: pod has unbound immediate PersistentVolumeClaims. preemption: 0/13 nodes are available: 13 Preemption is not helpful for scheduling.
[15:33:57.438853] Workload is in queue for scheduling. Please wait...
[15:34:00.423415] VESSL Workload assigned successfully. Starting soon.
[15:34:01.000000] Creating VESSL Workload...
[15:34:01.000000] Created container run-exec
[15:34:01.000000] Container image "docker.io/pytorch/pytorch:2.1.0-cuda12.1-cudnn8-runtime" already present on machine
[15:34:01.000000] Container image "quay.io/vessl-ai/kernels-toolbox:0.1.188" already present on machine
[15:34:01.000000] Created container vops-init
[15:34:01.000000] Started container vops-init
[15:34:01.001000] Container image "docker.io/pytorch/pytorch:2.1.0-cuda12.1-cudnn8-runtime" already present on machine
[15:34:02.000000] Created container vops-sidecar
[15:34:02.000000] Created container ttyd-sidecar
[15:34:02.000000] Starting VESSL Workload...
[15:34:02.000000] Started container vops-sidecar
[15:34:02.000000] Container image "quay.io/vessl-ai/kernels-toolbox:0.1.188" already present on machine
[15:34:02.000000] Started container run-exec
[15:34:02.000000] Created container fluentbit
[15:34:02.000000] Started container ttyd-sidecar
[15:34:02.000000] Container image "quay.io/vessl-ai/sidecar:v0.0.3" already present on machine
[15:34:02.000000] Created container run-sidecar
[15:34:02.596077] Installing VESSL CLI...
[15:34:03.397420] workload reported alive as pod run-execution-8twa49b44lvn-0
[15:34:03.397521] Workload status changed to initializing
[15:34:04.743038] + set +x
[15:34:10.234637] vessl, version 0.1.199
[15:34:14.750418] workload reported alive as pod run-execution-8twa49b44lvn-0
[15:34:14.750518] Workload status changed to running
[15:34:15.008705] workload reported done
[15:34:15.008806] Workload status changed to stopping
[15:34:15.013866] /opt/vessl/scripts/uvnvq4f25ds5.sh: line 163: syntax error: unexpected end of file (expecting ")")
[15:34:27.014644] workload reported done
[15:34:27.014744] Workload status changed to waitToBeKilled
[15:34:30.000000] Stopping container vops-sidecar
[15:34:30.000000] Stopping container run-sidecar
[15:34:30.000000] Stopping container run-exec
[15:34:30.000000] Terminating VESSL Workload...
[15:34:30.000000] Stopping container ttyd-sidecar
[15:34:30.118689] workload failed
[15:34:30.118789] Workload status changed to failed
