Organization: remilab
Project: byungkwan
Displayed last 200 lines of #369367233536.
[21:31:15.000000] Container image "nvcr.io/nvidia/jax:24.10-py3" already present on machine
[21:31:15.000000] Container image "quay.io/vessl-ai/fluent-bit:2.1.6" already present on machine
[21:31:15.001000] Container image "nvcr.io/nvidia/jax:24.10-py3" already present on machine
[21:31:16.000000] Created container vops-sidecar
[21:31:16.000000] Started container vops-sidecar
[21:31:16.000000] Container image "quay.io/vessl-ai/kernels-toolbox:0.1.188" already present on machine
[21:31:16.134340] Installing VESSL CLI...
[21:31:22.617321] workload reported alive as pod run-execution-cnacceu0u92e-0
[21:31:22.617421] Workload status changed to initializing
[21:31:23.844540] + set +x
[21:31:36.633618] vessl, version 0.1.199
[21:31:38.996571] workload reported alive as pod run-execution-cnacceu0u92e-0
[21:31:38.996671] Workload status changed to running
[21:31:39.191755] + mkdir -p /root
[21:31:39.193560] + cd /root
[21:31:39.194038] + cd /root/workspace/byungkwan-workspace/research/rfx
[21:31:39.200079] + git config --global --add safe.directory /root/workspace/byungkwan-workspace/research/rfx
[21:31:39.212727] + git fetch --all
[21:31:39.357142] Fetching origin
[21:31:40.505458] + git checkout viz-farfield-fix
[21:31:41.051790] Already on 'viz-farfield-fix'
[21:31:41.068455] M	.gitignore
[21:31:41.068489] M	README.md
[21:31:41.068496] M	docs/agent/overview.mdx
[21:31:41.068502] M	docs/guide/documentation_architecture.md
[21:31:41.068506] M	docs/guides/support_matrix.json
[21:31:41.068510] M	docs/guides/support_matrix.md
[21:31:41.068514] M	docs/public/api/support-boundaries.mdx
[21:31:41.068518] M	docs/public/examples/crossval.mdx
[21:31:41.068522] M	docs/public/examples/index.mdx
[21:31:41.068527] M	docs/public/examples/rf-workflows.mdx
[21:31:41.068530] M	docs/public/guide/advanced.md
[21:31:41.068534] M	docs/public/guide/api-reference.mdx
[21:31:41.068538] M	docs/public/guide/changelog.mdx
[21:31:41.068542] M	docs/public/guide/contributing.md
[21:31:41.068546] M	docs/public/guide/first-patch.mdx
[21:31:41.068550] M	docs/public/guide/index.md
[21:31:41.068554] M	docs/public/guide/migration.md
[21:31:41.068558] M	docs/public/guide/nonuniform-mesh.mdx
[21:31:41.068562] M	docs/public/guide/quickstart.mdx
[21:31:41.068566] M	docs/public/guide/subgridding.mdx
[21:31:41.068569] M	docs/public/guide/tutorial-patch-antenna.mdx
[21:31:41.068573] M	docs/public/guide/validation.mdx
[21:31:41.068577] M	docs/public/index.mdx
[21:31:41.068582] M	docs/public/site_map.json
[21:31:41.068586] M	docs/public/validation/cross-solver.mdx
[21:31:41.068589] M	docs/public/validation/index.mdx
[21:31:41.068594] M	docs/public/validation/reference-lane.mdx
[21:31:41.068599] Your branch is up to date with 'origin/viz-farfield-fix'.
[21:31:41.068814] + git pull --ff-only origin viz-farfield-fix
[21:31:41.809611] From https://github.com/bk-squared/rfx
[21:31:41.809649]  * branch            viz-farfield-fix -> FETCH_HEAD
[21:31:41.852296] Already up to date.
[21:31:41.852952] + pip install -q -e '.[dev]'
[21:31:49.751358] WARNING: Running pip as the 'root' user can result in broken permissions and conflicting behaviour with the system package manager. It is recommended to use a virtual environment instead: https://pip.pypa.io/warnings/venv
[21:31:49.912093] + echo '=========================================='
[21:31:49.912111] ==========================================
[21:31:49.912117] + echo 'Issue #31 — patch antenna S11 / FFRP / field animation'
[21:31:49.912118] + echo '=========================================='
[21:31:49.912120] + timeout 1800 python scripts/issue31_patch_validation.py --dx-mm 1.0 --frames 16 --n-steps-anim 3000
[21:31:49.912123] Issue #31 — patch antenna S11 / FFRP / field animation
[21:31:49.912124] ==========================================
[21:31:50.685378] 
[21:31:50.685407] === [1/3] S11(f) via lumped port ===
[21:31:51.166383] [cfg] cells=602,784
[21:31:51.166590] /root/workspace/byungkwan-workspace/research/rfx/scripts/issue31_patch_validation.py:122: UserWarning: 'pec' z-extent 0.25mm = 1.0 cells — under-resolved (PEC needs ≥5 cells). Consider finer mesh.
[21:31:51.166597]   res = sim.run(num_periods=40, compute_s_params=True)
[21:31:51.166600] /root/workspace/byungkwan-workspace/research/rfx/scripts/issue31_patch_validation.py:122: UserWarning: 'fr4' z-extent 1.50mm = 6.0 cells — under-resolved (dielectric needs ≥10 cells). Consider finer mesh.
[21:31:51.166602]   res = sim.run(num_periods=40, compute_s_params=True)
[21:31:52.299419] /opt/jax/jax/_src/numpy/array_methods.py:118: UserWarning: Explicitly requested dtype <class 'jax.numpy.float64'> requested in astype is not available, and will be truncated to dtype float32. To enable more dtypes, set the jax_enable_x64 configuration option or the JAX_ENABLE_X64 shell environment variable. See https://github.com/google/jax#current-gotchas for more.
[21:31:52.299437]   return lax_numpy.astype(self, dtype, copy=copy, device=device)
[21:31:52.299442] /opt/jax/jax/_src/numpy/array_methods.py:118: UserWarning: Explicitly requested dtype <class 'jax.numpy.float64'> requested in astype is not available, and will be truncated to dtype float32. To enable more dtypes, set the jax_enable_x64 configuration option or the JAX_ENABLE_X64 shell environment variable. See https://github.com/google/jax#current-gotchas for more.
[21:31:52.299443]   return lax_numpy.astype(self, dtype, copy=copy, device=device)
[21:31:55.569666] [run] done in 4.4s
[21:31:55.569686] [result] S11 dip at f = 1.5755 GHz  |S11|_min = -2.76 dB
[21:31:55.640163] [out] /root/workspace/byungkwan-workspace/research/rfx/scripts/../docs/research_notes/issue31_figs/issue31_patch_s11.png
[21:31:55.640184] 
[21:31:55.640188] === [2/3] Far-field radiation pattern at f_res ===
[21:31:55.643034] /root/workspace/byungkwan-workspace/research/rfx/scripts/issue31_patch_validation.py:160: UserWarning: 'pec' z-extent 0.25mm = 1.0 cells — under-resolved (PEC needs ≥5 cells). Consider finer mesh.
[21:31:55.643041]   res = sim.run(num_periods=40, compute_s_params=False)
[21:31:55.643043] /root/workspace/byungkwan-workspace/research/rfx/scripts/issue31_patch_validation.py:160: UserWarning: 'fr4' z-extent 1.50mm = 6.0 cells — under-resolved (dielectric needs ≥10 cells). Consider finer mesh.
[21:31:55.643045]   res = sim.run(num_periods=40, compute_s_params=False)
[21:31:55.643047] [cfg] cells=602,784, NTFF f=1.576 GHz
[21:31:55.643103] /root/workspace/byungkwan-workspace/research/rfx/scripts/issue31_patch_validation.py:160: UserWarning: NTFF box extends into CPML region along y-axis. Far-field results will be corrupted. Shrink NTFF box to interior.
[21:31:55.643111]   res = sim.run(num_periods=40, compute_s_params=False)
[21:31:59.638414] [run] done in 4.0s
[21:32:10.779578] [out] /root/workspace/byungkwan-workspace/research/rfx/scripts/../docs/research_notes/issue31_figs/issue31_patch_farfield.png
[21:32:10.779620] 
[21:32:10.779624] === [3/3] Field evolution GIF (Ez xz-slice) ===
[21:32:10.782586] [cfg] cells=602,784  frames=16
[21:32:10.782715] /root/workspace/byungkwan-workspace/research/rfx/scripts/issue31_patch_validation.py:217: UserWarning: 'pec' z-extent 0.25mm = 1.0 cells — under-resolved (PEC needs ≥5 cells). Consider finer mesh.
[21:32:10.782721]   res = sim.run(n_steps=int(ns), compute_s_params=False)
[21:32:10.782730] /root/workspace/byungkwan-workspace/research/rfx/scripts/issue31_patch_validation.py:217: UserWarning: 'fr4' z-extent 1.50mm = 6.0 cells — under-resolved (dielectric needs ≥10 cells). Consider finer mesh.
[21:32:10.782731]   res = sim.run(n_steps=int(ns), compute_s_params=False)
[21:32:12.299532]   n_steps= 187  max|Ez|=6.262e+06  dt=1.5s
[21:32:12.299532] /root/workspace/byungkwan-workspace/research/rfx/scripts/issue31_patch_validation.py:217: UserWarning: 'pec' z-extent 0.25mm = 1.0 cells — under-resolved (PEC needs ≥5 cells). Consider finer mesh.
[21:32:12.299557]   res = sim.run(n_steps=int(ns), compute_s_params=False)
[21:32:12.299686] /root/workspace/byungkwan-workspace/research/rfx/scripts/issue31_patch_validation.py:217: UserWarning: 'fr4' z-extent 1.50mm = 6.0 cells — under-resolved (dielectric needs ≥10 cells). Consider finer mesh.
[21:32:12.299693]   res = sim.run(n_steps=int(ns), compute_s_params=False)
[21:32:13.831097]   n_steps= 374  max|Ez|=1.295e+07  dt=1.5s
[21:32:13.831179] /root/workspace/byungkwan-workspace/research/rfx/scripts/issue31_patch_validation.py:217: UserWarning: 'pec' z-extent 0.25mm = 1.0 cells — under-resolved (PEC needs ≥5 cells). Consider finer mesh.
[21:32:13.831187]   res = sim.run(n_steps=int(ns), compute_s_params=False)
[21:32:13.831193] /root/workspace/byungkwan-workspace/research/rfx/scripts/issue31_patch_validation.py:217: UserWarning: 'fr4' z-extent 1.50mm = 6.0 cells — under-resolved (dielectric needs ≥10 cells). Consider finer mesh.
[21:32:13.831199]   res = sim.run(n_steps=int(ns), compute_s_params=False)
[21:32:15.412366]   n_steps= 562  max|Ez|=2.197e+07  dt=1.6s
[21:32:15.412451] /root/workspace/byungkwan-workspace/research/rfx/scripts/issue31_patch_validation.py:217: UserWarning: 'pec' z-extent 0.25mm = 1.0 cells — under-resolved (PEC needs ≥5 cells). Consider finer mesh.
[21:32:15.412464]   res = sim.run(n_steps=int(ns), compute_s_params=False)
[21:32:15.412471] /root/workspace/byungkwan-workspace/research/rfx/scripts/issue31_patch_validation.py:217: UserWarning: 'fr4' z-extent 1.50mm = 6.0 cells — under-resolved (dielectric needs ≥10 cells). Consider finer mesh.
[21:32:15.412477]   res = sim.run(n_steps=int(ns), compute_s_params=False)
[21:32:17.051008]   n_steps= 749  max|Ez|=1.376e+07  dt=1.6s
[21:32:17.051147] /root/workspace/byungkwan-workspace/research/rfx/scripts/issue31_patch_validation.py:217: UserWarning: 'pec' z-extent 0.25mm = 1.0 cells — under-resolved (PEC needs ≥5 cells). Consider finer mesh.
[21:32:17.051163]   res = sim.run(n_steps=int(ns), compute_s_params=False)
[21:32:17.051172] /root/workspace/byungkwan-workspace/research/rfx/scripts/issue31_patch_validation.py:217: UserWarning: 'fr4' z-extent 1.50mm = 6.0 cells — under-resolved (dielectric needs ≥10 cells). Consider finer mesh.
[21:32:17.051178]   res = sim.run(n_steps=int(ns), compute_s_params=False)
[21:32:18.681524]   n_steps= 937  max|Ez|=1.465e+07  dt=1.6s
[21:32:18.681664] /root/workspace/byungkwan-workspace/research/rfx/scripts/issue31_patch_validation.py:217: UserWarning: 'pec' z-extent 0.25mm = 1.0 cells — under-resolved (PEC needs ≥5 cells). Consider finer mesh.
[21:32:18.681674]   res = sim.run(n_steps=int(ns), compute_s_params=False)
[21:32:18.681680] /root/workspace/byungkwan-workspace/research/rfx/scripts/issue31_patch_validation.py:217: UserWarning: 'fr4' z-extent 1.50mm = 6.0 cells — under-resolved (dielectric needs ≥10 cells). Consider finer mesh.
[21:32:18.681714]   res = sim.run(n_steps=int(ns), compute_s_params=False)
[21:32:20.333189]   n_steps=1124  max|Ez|=2.441e+07  dt=1.7s
[21:32:20.333293] /root/workspace/byungkwan-workspace/research/rfx/scripts/issue31_patch_validation.py:217: UserWarning: 'pec' z-extent 0.25mm = 1.0 cells — under-resolved (PEC needs ≥5 cells). Consider finer mesh.
[21:32:20.333333]   res = sim.run(n_steps=int(ns), compute_s_params=False)
[21:32:20.333338] /root/workspace/byungkwan-workspace/research/rfx/scripts/issue31_patch_validation.py:217: UserWarning: 'fr4' z-extent 1.50mm = 6.0 cells — under-resolved (dielectric needs ≥10 cells). Consider finer mesh.
[21:32:20.333344]   res = sim.run(n_steps=int(ns), compute_s_params=False)
[21:32:22.046250]   n_steps=1312  max|Ez|=1.462e+07  dt=1.7s
[21:32:22.046327] /root/workspace/byungkwan-workspace/research/rfx/scripts/issue31_patch_validation.py:217: UserWarning: 'pec' z-extent 0.25mm = 1.0 cells — under-resolved (PEC needs ≥5 cells). Consider finer mesh.
[21:32:22.046334]   res = sim.run(n_steps=int(ns), compute_s_params=False)
[21:32:22.046339] /root/workspace/byungkwan-workspace/research/rfx/scripts/issue31_patch_validation.py:217: UserWarning: 'fr4' z-extent 1.50mm = 6.0 cells — under-resolved (dielectric needs ≥10 cells). Consider finer mesh.
[21:32:22.046344]   res = sim.run(n_steps=int(ns), compute_s_params=False)
[21:32:23.737234]   n_steps=1499  max|Ez|=1.560e+07  dt=1.7s
[21:32:23.737467] /root/workspace/byungkwan-workspace/research/rfx/scripts/issue31_patch_validation.py:217: UserWarning: 'pec' z-extent 0.25mm = 1.0 cells — under-resolved (PEC needs ≥5 cells). Consider finer mesh.
[21:32:23.737493]   res = sim.run(n_steps=int(ns), compute_s_params=False)
[21:32:23.737498] /root/workspace/byungkwan-workspace/research/rfx/scripts/issue31_patch_validation.py:217: UserWarning: 'fr4' z-extent 1.50mm = 6.0 cells — under-resolved (dielectric needs ≥10 cells). Consider finer mesh.
[21:32:23.737501]   res = sim.run(n_steps=int(ns), compute_s_params=False)
[21:32:25.459955]   n_steps=1687  max|Ez|=1.297e+07  dt=1.7s
[21:32:25.460023] /root/workspace/byungkwan-workspace/research/rfx/scripts/issue31_patch_validation.py:217: UserWarning: 'pec' z-extent 0.25mm = 1.0 cells — under-resolved (PEC needs ≥5 cells). Consider finer mesh.
[21:32:25.460030]   res = sim.run(n_steps=int(ns), compute_s_params=False)
[21:32:25.460151] /root/workspace/byungkwan-workspace/research/rfx/scripts/issue31_patch_validation.py:217: UserWarning: 'fr4' z-extent 1.50mm = 6.0 cells — under-resolved (dielectric needs ≥10 cells). Consider finer mesh.
[21:32:25.460185]   res = sim.run(n_steps=int(ns), compute_s_params=False)
[21:32:27.212170]   n_steps=1874  max|Ez|=1.295e+07  dt=1.8s
[21:32:27.212223] /root/workspace/byungkwan-workspace/research/rfx/scripts/issue31_patch_validation.py:217: UserWarning: 'pec' z-extent 0.25mm = 1.0 cells — under-resolved (PEC needs ≥5 cells). Consider finer mesh.
[21:32:27.212231]   res = sim.run(n_steps=int(ns), compute_s_params=False)
[21:32:27.212239] /root/workspace/byungkwan-workspace/research/rfx/scripts/issue31_patch_validation.py:217: UserWarning: 'fr4' z-extent 1.50mm = 6.0 cells — under-resolved (dielectric needs ≥10 cells). Consider finer mesh.
[21:32:27.212243]   res = sim.run(n_steps=int(ns), compute_s_params=False)
[21:32:29.030984]   n_steps=2062  max|Ez|=2.556e+07  dt=1.8s
[21:32:29.031039] /root/workspace/byungkwan-workspace/research/rfx/scripts/issue31_patch_validation.py:217: UserWarning: 'pec' z-extent 0.25mm = 1.0 cells — under-resolved (PEC needs ≥5 cells). Consider finer mesh.
[21:32:29.031082]   res = sim.run(n_steps=int(ns), compute_s_params=False)
[21:32:29.031090] /root/workspace/byungkwan-workspace/research/rfx/scripts/issue31_patch_validation.py:217: UserWarning: 'fr4' z-extent 1.50mm = 6.0 cells — under-resolved (dielectric needs ≥10 cells). Consider finer mesh.
[21:32:29.031096]   res = sim.run(n_steps=int(ns), compute_s_params=False)
[21:32:30.830537]   n_steps=2249  max|Ez|=2.432e+07  dt=1.8s
[21:32:30.830734] /root/workspace/byungkwan-workspace/research/rfx/scripts/issue31_patch_validation.py:217: UserWarning: 'pec' z-extent 0.25mm = 1.0 cells — under-resolved (PEC needs ≥5 cells). Consider finer mesh.
[21:32:30.830749]   res = sim.run(n_steps=int(ns), compute_s_params=False)
[21:32:30.830756] /root/workspace/byungkwan-workspace/research/rfx/scripts/issue31_patch_validation.py:217: UserWarning: 'fr4' z-extent 1.50mm = 6.0 cells — under-resolved (dielectric needs ≥10 cells). Consider finer mesh.
[21:32:30.830761]   res = sim.run(n_steps=int(ns), compute_s_params=False)
[21:32:32.660710]   n_steps=2437  max|Ez|=1.793e+07  dt=1.8s
[21:32:32.660800] /root/workspace/byungkwan-workspace/research/rfx/scripts/issue31_patch_validation.py:217: UserWarning: 'pec' z-extent 0.25mm = 1.0 cells — under-resolved (PEC needs ≥5 cells). Consider finer mesh.
[21:32:32.660841]   res = sim.run(n_steps=int(ns), compute_s_params=False)
[21:32:32.660850] /root/workspace/byungkwan-workspace/research/rfx/scripts/issue31_patch_validation.py:217: UserWarning: 'fr4' z-extent 1.50mm = 6.0 cells — under-resolved (dielectric needs ≥10 cells). Consider finer mesh.
[21:32:32.660857]   res = sim.run(n_steps=int(ns), compute_s_params=False)
[21:32:34.513003]   n_steps=2624  max|Ez|=1.852e+07  dt=1.9s
[21:32:34.513085] /root/workspace/byungkwan-workspace/research/rfx/scripts/issue31_patch_validation.py:217: UserWarning: 'pec' z-extent 0.25mm = 1.0 cells — under-resolved (PEC needs ≥5 cells). Consider finer mesh.
[21:32:34.513092]   res = sim.run(n_steps=int(ns), compute_s_params=False)
[21:32:34.513096] /root/workspace/byungkwan-workspace/research/rfx/scripts/issue31_patch_validation.py:217: UserWarning: 'fr4' z-extent 1.50mm = 6.0 cells — under-resolved (dielectric needs ≥10 cells). Consider finer mesh.
[21:32:34.513100]   res = sim.run(n_steps=int(ns), compute_s_params=False)
[21:32:36.439998]   n_steps=2812  max|Ez|=1.108e+07  dt=1.9s
[21:32:36.440102] /root/workspace/byungkwan-workspace/research/rfx/scripts/issue31_patch_validation.py:217: UserWarning: 'pec' z-extent 0.25mm = 1.0 cells — under-resolved (PEC needs ≥5 cells). Consider finer mesh.
[21:32:36.440109]   res = sim.run(n_steps=int(ns), compute_s_params=False)
[21:32:36.440113] /root/workspace/byungkwan-workspace/research/rfx/scripts/issue31_patch_validation.py:217: UserWarning: 'fr4' z-extent 1.50mm = 6.0 cells — under-resolved (dielectric needs ≥10 cells). Consider finer mesh.
[21:32:36.440116]   res = sim.run(n_steps=int(ns), compute_s_params=False)
[21:32:38.347073]   n_steps=3000  max|Ez|=9.078e+06  dt=1.9s
[21:32:38.347119] [run] total 27.6s
[21:32:39.173743] [out] /root/workspace/byungkwan-workspace/research/rfx/scripts/../docs/research_notes/issue31_figs/issue31_patch_field_evolution.gif
[21:32:39.609826] 
[21:32:39.609829] + echo 
[21:32:39.609850] === artifacts ===
[21:32:39.609862] + echo '=== artifacts ==='
[21:32:39.609864] + ls -la docs/research_notes/issue31_figs/
[21:32:39.612325] total 504
[21:32:39.612331] drwxr-xr-x  2 nobody nogroup   4096 Apr 15 12:32 .
[21:32:39.612332] drwxr-xr-x 12 nobody nogroup  12288 Apr 15 12:22 ..
[21:32:39.612333] -rw-r--r--  1 nobody nogroup 225333 Apr 15 12:32 issue31_patch_farfield.png
[21:32:39.612334] -rw-r--r--  1 nobody nogroup 221640 Apr 15 12:32 issue31_patch_field_evolution.gif
[21:32:39.612335] -rw-r--r--  1 nobody nogroup  42858 Apr 15 12:31 issue31_patch_s11.png
[21:32:39.612337] 
[21:32:39.612338] === DONE ===
[21:32:39.612340] + echo 
[21:32:39.612342] + echo '=== DONE ==='
[21:32:39.618311] workload reported done
[21:32:39.618411] Workload status changed to stopping
[21:32:51.275051] + set +x
[21:32:56.303305] workload reported done
[21:32:56.303405] Workload status changed to waitToBeKilled
[21:32:57.000000] Stopping container vops-sidecar
[21:32:57.000000] Stopping container run-sidecar
[21:32:57.000000] Stopping container run-exec
[21:32:57.000000] Terminating VESSL Workload...
[21:32:57.000000] Stopping container ttyd-sidecar
[21:32:57.000000] Stopping container fluentbit
[21:32:57.078969] workload completed
[21:32:57.079070] Workload status changed to completed
