Organization: remilab
Project: byungkwan
Displayed last 100 lines of #369367233632.
[14:43:42.553690] workload awaiting to start
[14:43:42.553790] Workload status changed to pending
[14:43:47.966552] Event Reason: FailedScheduling, Event Note: 0/13 nodes are available: pod has unbound immediate PersistentVolumeClaims. preemption: 0/13 nodes are available: 13 Preemption is not helpful for scheduling.
[14:43:47.966552] Workload is in queue for scheduling. Please wait...
[14:43:51.428190] Event Reason: FailedScheduling, Event Note: 0/13 nodes are available: pod has unbound immediate PersistentVolumeClaims. preemption: 0/13 nodes are available: 13 Preemption is not helpful for scheduling.
[14:43:51.428190] Workload is in queue for scheduling. Please wait...
[14:43:53.878413] Event Reason: FailedScheduling, Event Note: 0/13 nodes are available: pod has unbound immediate PersistentVolumeClaims. preemption: 0/13 nodes are available: 13 Preemption is not helpful for scheduling.
[14:43:53.878413] Workload is in queue for scheduling. Please wait...
[14:44:01.820791] VESSL Workload assigned successfully. Starting soon.
[14:44:02.000000] Container image "quay.io/vessl-ai/kernels-toolbox:0.1.188" already present on machine
[14:44:02.000000] Created container vops-init
[14:44:03.000000] Creating VESSL Workload...
[14:44:03.000000] Starting VESSL Workload...
[14:44:03.000000] Created container run-exec
[14:44:03.000000] Started container run-exec
[14:44:03.000000] Container image "nvcr.io/nvidia/jax:24.10-py3" already present on machine
[14:44:03.000000] Started container vops-init
[14:44:03.000000] Container image "quay.io/vessl-ai/sidecar:v0.0.3" already present on machine
[14:44:03.000000] Created container run-sidecar
[14:44:03.001000] Container image "nvcr.io/nvidia/jax:24.10-py3" already present on machine
[14:44:04.000000] Started container run-sidecar
[14:44:04.000000] Created container vops-sidecar
[14:44:04.000000] Created container ttyd-sidecar
[14:44:04.000000] Container image "quay.io/vessl-ai/kernels-toolbox:0.1.188" already present on machine
[14:44:04.000000] Started container fluentbit
[14:44:04.000000] Created container fluentbit
[14:44:04.000000] Started container ttyd-sidecar
[14:44:04.000000] Container image "quay.io/vessl-ai/fluent-bit:2.1.6" already present on machine
[14:44:04.478750] Installing VESSL CLI...
[14:44:05.102971] workload reported alive as pod run-execution-hobkgih3lv8a-0
[14:44:05.103071] Workload status changed to initializing
[14:44:06.328204] + set +x
[14:44:14.393500] vessl, version 0.1.199
[14:44:16.455669] workload reported alive as pod run-execution-hobkgih3lv8a-0
[14:44:16.455769] Workload status changed to running
[14:44:16.593948] + mkdir -p /root
[14:44:16.595906] + cd /root
[14:44:16.596376] + cd /root/workspace/byungkwan-workspace/research/rfx
[14:44:16.608998] + git config --global --add safe.directory /root/workspace/byungkwan-workspace/research/rfx
[14:44:16.632227] + git fetch --all
[14:44:16.733088] Fetching origin
[14:44:18.592194] + git checkout main
[14:44:19.572568] Already on 'main'
[14:44:19.605494] M	.gitignore
[14:44:19.605510] M	README.md
[14:44:19.605516] M	docs/agent/overview.mdx
[14:44:19.605523] M	docs/guide/documentation_architecture.md
[14:44:19.605535] M	docs/guides/support_matrix.json
[14:44:19.605539] M	docs/guides/support_matrix.md
[14:44:19.605543] M	docs/public/api/support-boundaries.mdx
[14:44:19.605547] M	docs/public/examples/crossval.mdx
[14:44:19.605551] M	docs/public/examples/index.mdx
[14:44:19.605555] M	docs/public/examples/rf-workflows.mdx
[14:44:19.605559] M	docs/public/guide/advanced.md
[14:44:19.605563] M	docs/public/guide/api-reference.mdx
[14:44:19.605567] M	docs/public/guide/contributing.md
[14:44:19.605571] M	docs/public/guide/first-patch.mdx
[14:44:19.605575] M	docs/public/guide/index.md
[14:44:19.605579] M	docs/public/guide/migration.md
[14:44:19.605583] M	docs/public/guide/nonuniform-mesh.mdx
[14:44:19.605587] M	docs/public/guide/quickstart.mdx
[14:44:19.605591] M	docs/public/guide/subgridding.mdx
[14:44:19.605596] M	docs/public/guide/tutorial-patch-antenna.mdx
[14:44:19.605600] M	docs/public/guide/validation.mdx
[14:44:19.605605] M	docs/public/index.mdx
[14:44:19.605609] M	docs/public/site_map.json
[14:44:19.605614] M	docs/public/validation/cross-solver.mdx
[14:44:19.605618] M	docs/public/validation/index.mdx
[14:44:19.605622] M	docs/public/validation/reference-lane.mdx
[14:44:19.605625] Your branch is up to date with 'origin/main'.
[14:44:19.606070] + git pull --ff-only origin main
[14:44:20.512790] From https://github.com/bk-squared/rfx
[14:44:20.512832]  * branch            main       -> FETCH_HEAD
[14:44:20.559728] Already up to date.
[14:44:20.560640] + pip install -q -e '.[dev]'
[14:44:49.624490] WARNING: Running pip as the 'root' user can result in broken permissions and conflicting behaviour with the system package manager. It is recommended to use a virtual environment instead: https://pip.pypa.io/warnings/venv
[14:44:49.785462] + timeout 7200 python scripts/convergence_grid.py --f3-only
[14:44:50.651435] ============================================================
[14:44:50.651482] Proper convergence: co-refine dx + dz at 4:1 aspect
[14:44:50.651490] ============================================================
[14:44:50.651495] 
[14:44:50.651505] === F3: NU dx=0.25mm dz=0.0625mm === dx=0.25mm  NU=True  lossy=True
[14:44:51.159472]   cells=20,598,144
[14:55:26.396667]   harminv: N_tail=53,961 -> decim D=3 -> N=17,987 (Nyquist cap D<=367)
[15:03:58.030749]   f_res=2.4751 GHz  Q=26.1  error=2.13%  Balanis=2.4235  dt=633.1s
[15:03:58.030907] 
[15:03:58.030927] === DONE (F3-only) ===
[15:03:58.241954] workload reported done
[15:03:58.242054] Workload status changed to stopping
[15:04:08.605379] + set +x
[15:04:13.633231] workload reported done
[15:04:13.633332] Workload status changed to waitToBeKilled
[15:04:15.000000] Stopping container vops-sidecar
[15:04:15.000000] Stopping container run-sidecar
[15:04:15.000000] Stopping container run-exec
[15:04:15.000000] Terminating VESSL Workload...
[15:04:15.000000] Stopping container ttyd-sidecar
[15:04:15.000000] Stopping container fluentbit
[15:04:15.117283] workload completed
[15:04:15.117383] Workload status changed to completed
