Organization: remilab
Project: byungkwan
Displayed last 88 lines of #369367233312.
[15:34:32.177561] workload awaiting to start
[15:34:32.177661] Workload status changed to pending
[15:34:36.000000] Container image "quay.io/vessl-ai/kernels-toolbox:0.1.188" already present on machine
[15:34:36.048672] VESSL Workload assigned successfully. Starting soon.
[15:34:37.000000] Creating VESSL Workload...
[15:34:37.000000] Created container run-exec
[15:34:37.000000] Created container vops-init
[15:34:37.000000] Container image "nvcr.io/nvidia/jax:24.10-py3" already present on machine
[15:34:37.000000] Started container vops-init
[15:34:37.001000] Container image "nvcr.io/nvidia/jax:24.10-py3" already present on machine
[15:34:38.000000] Started container run-sidecar
[15:34:38.000000] Created container ttyd-sidecar
[15:34:38.000000] Starting VESSL Workload...
[15:34:38.000000] Container image "quay.io/vessl-ai/kernels-toolbox:0.1.188" already present on machine
[15:34:38.000000] Started container fluentbit
[15:34:38.000000] Created container fluentbit
[15:34:38.000000] Container image "quay.io/vessl-ai/fluent-bit:2.1.6" already present on machine
[15:34:38.000000] Container image "quay.io/vessl-ai/sidecar:v0.0.3" already present on machine
[15:34:38.412513] Installing VESSL CLI...
[15:34:39.054495] workload reported alive as pod run-execution-ulp3lbbxefyr-0
[15:34:39.054595] Workload status changed to initializing
[15:34:40.377215] + set +x
[15:34:44.863644] vessl, version 0.1.199
[15:34:45.472602] workload reported alive as pod run-execution-ulp3lbbxefyr-0
[15:34:45.472702] Workload status changed to running
[15:34:45.710104] + mkdir -p /root
[15:34:45.711953] + cd /root
[15:34:45.712345] + set -euo pipefail
[15:34:45.712360] + cd /root
[15:34:45.712370] + git clone https://github.com/bk-squared/rfx.git
[15:34:45.714424] Cloning into 'rfx'...
[15:34:47.959934] + cd rfx
[15:34:47.960004] + pip uninstall -y rfx
[15:34:48.210855] + pip install --quiet -e '.[all]'
[15:35:17.936749] WARNING: rfx 1807.8.6 does not provide the extra 'dashboard'
[15:35:17.936958] WARNING: rfx 1807.8.6 does not provide the extra 'dev'
[15:35:17.936970] WARNING: rfx 1807.8.6 does not provide the extra 'optimization'
[15:35:17.936989] WARNING: rfx 1807.8.6 does not provide the extra 'visualization'
[15:35:22.929833] WARNING: Running pip as the 'root' user can result in broken permissions and conflicting behaviour with the system package manager. It is recommended to use a virtual environment instead: https://pip.pypa.io/warnings/venv
[15:35:23.152870] + python -c 'import jax; print('"'"'JAX:'"'"', jax.devices()); import rfx; print('"'"'rfx'"'"', rfx.__version__)'
[15:35:23.547513] JAX: [CudaDevice(id=0)]
[15:35:24.083856] rfx 1.5.0
[15:35:24.207295] + cp /root/workspace/bk-workspace/papers/rfx-tap/experiments/ntff_dipole_10ghz.py .
[15:35:24.216228] + python ntff_dipole_10ghz.py
[15:35:24.880751] 
[15:35:24.880775] ==================================================
[15:35:24.880781]   5GHz/dx=1mm (crossval)
[15:35:24.880784] ==================================================
[15:35:24.880794]   Grid: 101x101x101, steps=7868
[15:35:33.416338]   Probe peak: 4.7927e+07
[15:35:33.416593]   NTFF x_lo norm: 1.0347e-10
[15:35:33.416620]   NTFF z_hi norm: 6.2383e-11
[15:35:33.452018]   Far-field max power: 8.5578e-27
[15:35:33.452039]   NTFF: ZERO
[15:35:33.452063] 
[15:35:33.452073] ==================================================
[15:35:33.452100]   10GHz/dx=1mm
[15:35:33.452129] ==================================================
[15:35:33.452235]   Grid: 81x81x81, steps=7868
[15:35:39.523666]   Probe peak: 2.3963e+07
[15:35:39.523907]   NTFF x_lo norm: 8.6322e-11
[15:35:39.523920]   NTFF z_hi norm: 3.1930e-11
[15:35:39.538047]   Far-field max power: 6.1487e-27
[15:35:39.538058]   NTFF: ZERO
[15:35:39.538062] 
[15:35:39.538067] ==================================================
[15:35:39.538071]   10GHz/dx=0.5mm
[15:35:39.538077] ==================================================
[15:35:39.538177]   Grid: 101x101x101, steps=15736
[15:35:50.276496]   Probe peak: 2.3964e+07
[15:35:50.276790]   NTFF x_lo norm: 2.6511e-11
[15:35:50.276802]   NTFF z_hi norm: 1.5425e-11
[15:35:50.312721]   Far-field max power: 1.3605e-28
[15:35:50.312772]   NTFF: ZERO
[15:35:50.729346] workload reported done
[15:35:50.729446] Workload status changed to stopping
[15:35:50.749177] [done]
[15:35:50.749197] + echo '[done]'
[15:35:57.736836] + set +x
[15:36:02.722252] workload reported done
[15:36:02.722353] Workload status changed to waitToBeKilled
[15:36:06.000000] Stopping container vops-sidecar
[15:36:06.000000] Stopping container run-exec
[15:36:06.000000] Terminating VESSL Workload...
[15:36:06.000000] Stopping container ttyd-sidecar
[15:36:06.000000] Stopping container fluentbit
[15:36:06.011308] workload completed
[15:36:06.011408] Workload status changed to completed
