Organization: remilab
Project: byungkwan
Displayed last 66 lines of #369367233320.
[15:57:15.835556] workload awaiting to start
[15:57:15.835656] Workload status changed to pending
[15:57:21.033979] Event Reason: FailedScheduling, Event Note: 0/13 nodes are available: pod has unbound immediate PersistentVolumeClaims. preemption: 0/13 nodes are available: 13 Preemption is not helpful for scheduling.
[15:57:21.033979] Workload is in queue for scheduling. Please wait...
[15:57:23.074259] VESSL Workload assigned successfully. Starting soon.
[15:57:24.000000] Container image "quay.io/vessl-ai/kernels-toolbox:0.1.188" already present on machine
[15:57:24.000000] Created container vops-init
[15:57:24.000000] Started container vops-init
[15:57:25.000000] Creating VESSL Workload...
[15:57:25.000000] Created container vops-sidecar
[15:57:25.000000] Created container ttyd-sidecar
[15:57:25.000000] Starting VESSL Workload...
[15:57:25.000000] Started container vops-sidecar
[15:57:25.000000] Created container run-exec
[15:57:25.000000] Container image "quay.io/vessl-ai/kernels-toolbox:0.1.188" already present on machine
[15:57:25.000000] Started container run-exec
[15:57:25.000000] Container image "nvcr.io/nvidia/jax:24.10-py3" already present on machine
[15:57:25.000000] Started container ttyd-sidecar
[15:57:25.000000] Container image "quay.io/vessl-ai/sidecar:v0.0.3" already present on machine
[15:57:25.000000] Created container run-sidecar
[15:57:25.001000] Container image "nvcr.io/nvidia/jax:24.10-py3" already present on machine
[15:57:25.957227] Installing VESSL CLI...
[15:57:26.778980] workload reported alive as pod run-execution-pkuxp6147ijh-0
[15:57:26.779080] Workload status changed to initializing
[15:57:27.909822] + set +x
[15:57:32.289093] vessl, version 0.1.199
[15:57:33.042985] workload reported alive as pod run-execution-pkuxp6147ijh-0
[15:57:33.043085] Workload status changed to running
[15:57:33.396339] + mkdir -p /root
[15:57:33.398124] + cd /root
[15:57:33.398500] + set -euo pipefail
[15:57:33.398516] + pip uninstall -y rfx
[15:57:33.653134] + pip uninstall -y rfx
[15:57:33.895968] + rm -rf '/usr/local/lib/python3.10/dist-packages/rfx*'
[15:57:33.897256] + echo '=== Using byungkwan-workspace rfx (upstream dev) ==='
[15:57:33.897265] === Using byungkwan-workspace rfx (upstream dev) ===
[15:57:33.897268] + git config --global --add safe.directory /root/workspace/byungkwan-workspace/research/rfx
[15:57:33.899126] + cd /root/workspace/byungkwan-workspace/research/rfx
[15:57:33.904776] + git log --oneline -1
[15:57:33.953207] 8a0a461 feat(subgrid): material-aware SAT penalty terms in 3D interface
[15:57:33.953535] + pip install --quiet -e '.[all]'
[15:57:38.098068] WARNING: rfx 1807.8.6 does not provide the extra 'dashboard'
[15:57:38.098095] WARNING: rfx 1807.8.6 does not provide the extra 'dev'
[15:57:38.098100] WARNING: rfx 1807.8.6 does not provide the extra 'optimization'
[15:57:38.098108] WARNING: rfx 1807.8.6 does not provide the extra 'visualization'
[15:57:43.740169] WARNING: Running pip as the 'root' user can result in broken permissions and conflicting behaviour with the system package manager. It is recommended to use a virtual environment instead: https://pip.pypa.io/warnings/venv
[15:57:43.974869] + python -c 'import jax; print('"'"'JAX:'"'"', jax.devices()); import rfx; print('"'"'rfx'"'"', rfx.__version__, rfx.__file__)'
[15:57:44.330428] JAX: [CudaDevice(id=0)]
[15:57:44.917274] rfx 1.5.0 /root/workspace/byungkwan-workspace/research/rfx/rfx/__init__.py
[15:57:45.052160] + echo '=== Running crossval 08 dipole from rfx-ref ==='
[15:57:45.052173] === Running crossval 08 dipole from rfx-ref ===
[15:57:45.052250] + python /root/workspace/bk-workspace/rfx-ref/examples/crossval/08_dipole_radiation.py
[15:57:45.052424] + tail -15
[15:57:45.468266] Traceback (most recent call last):
[15:57:45.468288]   File "/root/workspace/bk-workspace/rfx-ref/examples/crossval/08_dipole_radiation.py", line 14, in <module>
[15:57:45.468294]     from rfx import Simulation, compute_far_field
[15:57:45.468297] ImportError: cannot import name 'Simulation' from 'rfx' (/usr/local/lib/python3.10/dist-packages/rfx/__init__.py)
[15:57:45.475934] workload reported done
[15:57:45.476034] Workload status changed to stopping
[15:57:57.416754] workload reported done
[15:57:57.416854] Workload status changed to waitToBeKilled
[15:58:00.000000] Stopping container vops-sidecar
[15:58:00.000000] Stopping container run-exec
[15:58:00.000000] Terminating VESSL Workload...
[15:58:00.049039] workload failed
[15:58:00.049139] Workload status changed to failed
