Organization: remilab
Project: byungkwan
Displayed last 49 lines of #369367233564.
[02:01:55.541118] workload awaiting to start
[02:01:55.541218] Workload status changed to pending
[02:01:59.915769] VESSL Workload assigned successfully. Starting soon.
[02:02:00.000000] Container image "quay.io/vessl-ai/kernels-toolbox:0.1.188" already present on machine
[02:02:01.000000] Creating VESSL Workload...
[02:02:01.000000] Starting VESSL Workload...
[02:02:01.000000] Created container run-exec
[02:02:01.000000] Started container run-exec
[02:02:01.000000] Created container vops-init
[02:02:01.000000] Container image "nvcr.io/nvidia/jax:24.10-py3" already present on machine
[02:02:01.000000] Started container vops-init
[02:02:01.000000] Container image "quay.io/vessl-ai/sidecar:v0.0.3" already present on machine
[02:02:01.000000] Created container run-sidecar
[02:02:01.001000] Container image "nvcr.io/nvidia/jax:24.10-py3" already present on machine
[02:02:02.000000] Created container vops-sidecar
[02:02:02.000000] Created container ttyd-sidecar
[02:02:02.000000] Started container vops-sidecar
[02:02:02.000000] Container image "quay.io/vessl-ai/kernels-toolbox:0.1.188" already present on machine
[02:02:02.000000] Started container ttyd-sidecar
[02:02:02.465458] Installing VESSL CLI...
[02:02:03.207864] workload reported alive as pod run-execution-qh1d9ah8si6e-0
[02:02:03.207964] Workload status changed to initializing
[02:02:04.305459] + set +x
[02:02:07.132340] vessl, version 0.1.199
[02:02:09.447923] workload reported alive as pod run-execution-qh1d9ah8si6e-0
[02:02:09.448024] Workload status changed to running
[02:02:09.727333] + mkdir -p /root
[02:02:09.729393] + cd /root
[02:02:09.729987] + cd /root/workspace/byungkwan-workspace/research/rfx
[02:02:09.736953] + git config --global --add safe.directory /root/workspace/byungkwan-workspace/research/rfx
[02:02:09.760986] + git fetch --all
[02:02:09.824880] Fetching origin
[02:02:11.389632] + git checkout main
[02:02:11.966909] error: Your local changes to the following files would be overwritten by checkout:
[02:02:11.966948] 	scripts/vessl_issue48_large_ground.yaml
[02:02:11.966955] Please commit your changes or stash them before you switch branches.
[02:02:11.966959] Aborting
[02:02:11.996751] workload reported done
[02:02:11.996851] Workload status changed to stopping
[02:02:17.893612] workload request to be terminated
[02:02:17.893712] Workload status changed to waitToBeKilled
[02:02:21.000000] Stopping container vops-sidecar
[02:02:21.000000] Stopping container run-sidecar
[02:02:21.000000] Stopping container run-exec
[02:02:21.000000] Terminating VESSL Workload...
[02:02:21.000000] Stopping container ttyd-sidecar
[02:02:21.000000] Stopping container fluentbit
[02:02:21.194325] workload terminated
[02:02:21.194425] Workload status changed to terminated
