Organization: remilab
Project: byungkwan
Displayed last 200 lines of #369367233490.
[18:49:18.000000] Started container vops-sidecar
[18:49:18.000000] Container image "quay.io/vessl-ai/kernels-toolbox:0.1.188" already present on machine
[18:49:18.000000] Started container run-exec
[18:49:18.000000] Started container fluentbit
[18:49:18.000000] Created container fluentbit
[18:49:18.000000] Started container ttyd-sidecar
[18:49:18.000000] Container image "quay.io/vessl-ai/fluent-bit:2.1.6" already present on machine
[18:49:18.000000] Container image "quay.io/vessl-ai/sidecar:v0.0.3" already present on machine
[18:49:18.000000] Created container run-sidecar
[18:49:18.640121] Installing VESSL CLI...
[18:49:19.363854] workload reported alive as pod run-execution-ciag8vdjitmb-0
[18:49:19.363954] Workload status changed to initializing
[18:49:20.619766] + set +x
[18:49:23.172952] vessl, version 0.1.199
[18:49:25.768582] workload reported alive as pod run-execution-ciag8vdjitmb-0
[18:49:25.768682] Workload status changed to running
[18:49:25.977394] + mkdir -p /root
[18:49:25.979216] + cd /root
[18:49:25.979676] + cd /root/workspace/byungkwan-workspace/research/rfx
[18:49:25.985865] + git config --global --add safe.directory /root/workspace/byungkwan-workspace/research/rfx
[18:49:25.996525] + git fetch --all
[18:49:26.039414] Fetching origin
[18:49:27.089029] + git checkout nu-memory-efficient
[18:49:27.639983] Already on 'nu-memory-efficient'
[18:49:27.655398] M	.gitignore
[18:49:27.655429] M	README.md
[18:49:27.655439] M	docs/public/examples/crossval.mdx
[18:49:27.655447] M	docs/public/examples/index.mdx
[18:49:27.655452] M	docs/public/examples/rf-workflows.mdx
[18:49:27.655457] M	docs/public/guide/advanced.md
[18:49:27.655462] M	docs/public/guide/changelog.mdx
[18:49:27.655467] M	docs/public/guide/first-patch.mdx
[18:49:27.655471] M	docs/public/guide/index.md
[18:49:27.655475] M	docs/public/guide/nonuniform-mesh.mdx
[18:49:27.655479] M	docs/public/guide/quickstart.mdx
[18:49:27.655484] M	docs/public/guide/tutorial-patch-antenna.mdx
[18:49:27.655489] M	docs/public/guide/validation.mdx
[18:49:27.655494] M	docs/public/index.mdx
[18:49:27.655498] M	docs/public/validation/cross-solver.mdx
[18:49:27.655502] M	docs/public/validation/index.mdx
[18:49:27.655506] M	docs/public/validation/reference-lane.mdx
[18:49:27.655511] Your branch is up to date with 'origin/nu-memory-efficient'.
[18:49:27.655804] + git pull --ff-only origin nu-memory-efficient
[18:49:28.311291] From https://github.com/bk-squared/rfx
[18:49:28.311329]  * branch            nu-memory-efficient -> FETCH_HEAD
[18:49:28.351034] Already up to date.
[18:49:28.351867] + pip install -q -e '.[dev]'
[18:49:35.356166] WARNING: Running pip as the 'root' user can result in broken permissions and conflicting behaviour with the system package manager. It is recommended to use a virtual environment instead: https://pip.pypa.io/warnings/venv
[18:49:35.483128] ==========================================
[18:49:35.483146] Issue #31 — segmented scan memory validation
[18:49:35.483150] Expect: 608k cells × n_steps=10000 must now fit on RTX 4090
[18:49:35.483151] ==========================================
[18:49:35.483153] 
[18:49:35.483155] === BASELINE: 608k cells, n_steps=10000, checkpoint_every=0 (Phase A only) ===
[18:49:35.483164] + echo '=========================================='
[18:49:35.483166] + echo 'Issue #31 — segmented scan memory validation'
[18:49:35.483168] + echo 'Expect: 608k cells × n_steps=10000 must now fit on RTX 4090'
[18:49:35.483170] + echo '=========================================='
[18:49:35.483171] + echo 
[18:49:35.483173] + echo '=== BASELINE: 608k cells, n_steps=10000, checkpoint_every=0 (Phase A only) ==='
[18:49:35.483280] + timeout 300 python scripts/issue31_big_smoke.py --ext-mm 40 --dx-mm 0.5 --n-steps 10000 --n-iters 1 --checkpoint 1 --emit-ts 0 --checkpoint-every 0
[18:49:35.483406] + tail -20
[18:49:56.212085] jax.errors.SimplifiedTraceback: For simplicity, JAX has removed its internal frames from the traceback of the following exception. Set JAX_TRACEBACK_FILTERING=off to include these.
[18:49:56.212110] 
[18:49:56.212111] The above exception was the direct cause of the following exception:
[18:49:56.212112] 
[18:49:56.212113] Traceback (most recent call last):
[18:49:56.212114]   File "/root/workspace/byungkwan-workspace/research/rfx/scripts/issue31_big_smoke.py", line 158, in <module>
[18:49:56.212115]     main()
[18:49:56.212116]   File "/root/workspace/byungkwan-workspace/research/rfx/scripts/issue31_big_smoke.py", line 137, in main
[18:49:56.212117]     g0 = float(grad_fn(alpha))  # first call = compile + run
[18:49:56.212118]   File "/root/workspace/byungkwan-workspace/research/rfx/scripts/issue31_big_smoke.py", line 122, in loss_from_alpha
[18:49:56.212119]     _ = sim.forward(eps_override=eps, n_steps=args.n_steps,
[18:49:56.212120]   File "/root/workspace/byungkwan-workspace/research/rfx/rfx/api.py", line 3374, in forward
[18:49:56.212121]     return self._forward_nonuniform_from_materials(
[18:49:56.212122]   File "/root/workspace/byungkwan-workspace/research/rfx/rfx/api.py", line 3293, in _forward_nonuniform_from_materials
[18:49:56.212123]   File "/root/workspace/byungkwan-workspace/research/rfx/rfx/runners/nonuniform.py", line 520, in run_nonuniform_path
[18:49:56.212123]     result = run_nonuniform_path(
[18:49:56.212125]     r = run_nonuniform(
[18:49:56.212126]     final, time_series = jax.lax.scan(body, carry_init, xs)
[18:49:56.212126]   File "/root/workspace/byungkwan-workspace/research/rfx/rfx/nonuniform.py", line 876, in run_nonuniform
[18:49:56.212128] jaxlib.xla_extension.XlaRuntimeError: RESOURCE_EXHAUSTED: Out of memory while trying to allocate 24330240000 bytes.
[18:49:56.212135] [expected] OOM on Phase A alone
[18:49:56.212137] 
[18:49:56.212146] + echo '[expected] OOM on Phase A alone'
[18:49:56.212151] === A+segmented: 608k cells, n_steps=10000, checkpoint_every=100 ===
[18:49:56.212156] + echo 
[18:49:56.212162] + echo '=== A+segmented: 608k cells, n_steps=10000, checkpoint_every=100 ==='
[18:49:56.212168] + timeout 1200 python scripts/issue31_big_smoke.py --ext-mm 40 --dx-mm 0.5 --n-steps 10000 --n-iters 3 --checkpoint 1 --emit-ts 0 --checkpoint-every 100
[18:49:56.808511] /root/workspace/byungkwan-workspace/research/rfx/scripts/issue31_big_smoke.py:59: UserWarning: dz_profile has max adjacent cell ratio 2.00 (> 1.3). This may cause numerical reflections. Use rfx.smooth_grading(dz_profile) to fix.
[18:49:56.808534]   sim = Simulation(
[18:49:57.195243] [cfg] nx,ny,nz = 96,96,66  cells = 608,256
[18:49:57.195266] [cfg] n_steps = 10000  iters = 3
[18:49:57.195270] [cfg] checkpoint = True  emit_time_series = False  checkpoint_every = 100
[18:49:57.195271] [cfg] device = cuda:0 (platform=gpu)
[18:49:57.216557] [cfg] design slab  i=[38,58)  j=[38,58)  k=[4,6)
[18:49:57.216780] [run] tracing + compiling forward+grad ...
[18:50:08.916230] [run] first grad call OK  value=1.0000e+00  elapsed=11.7s  peak=2.454468352 GB
[18:50:19.705863] [iter 1] alpha=+1.9500  grad=+1.0000e+00  dt=10.8s  peak=2.454468352 GB
[18:50:30.575654] [iter 2] alpha=+1.9050  grad=+9.0000e-01  dt=10.9s  peak=2.454468352 GB
[18:50:30.575702] 
[18:50:30.575709] [result] PASS  peak_GB=2.454468352  cells=608,256  n_steps=10000
[18:50:30.882980] 
[18:50:30.882991] + echo 
[18:50:30.883002] === A+segmented: 2M cells, n_steps=10000, checkpoint_every=100 ===
[18:50:30.883008] + echo '=== A+segmented: 2M cells, n_steps=10000, checkpoint_every=100 ==='
[18:50:30.883013] + timeout 1800 python scripts/issue31_big_smoke.py --ext-mm 60 --dx-mm 0.5 --n-steps 10000 --n-iters 3 --checkpoint 1 --emit-ts 0 --checkpoint-every 100
[18:50:31.485358] /root/workspace/byungkwan-workspace/research/rfx/scripts/issue31_big_smoke.py:59: UserWarning: dz_profile has max adjacent cell ratio 2.00 (> 1.3). This may cause numerical reflections. Use rfx.smooth_grading(dz_profile) to fix.
[18:50:31.485384]   sim = Simulation(
[18:50:31.847173] [cfg] nx,ny,nz = 136,136,66  cells = 1,220,736
[18:50:31.847191] [cfg] n_steps = 10000  iters = 3
[18:50:31.847194] [cfg] checkpoint = True  emit_time_series = False  checkpoint_every = 100
[18:50:31.847195] [cfg] device = cuda:0 (platform=gpu)
[18:50:31.863625] [cfg] design slab  i=[58,78)  j=[58,78)  k=[4,6)
[18:50:31.863949] [run] tracing + compiling forward+grad ...
[18:50:41.391728] [run] first grad call OK  value=1.0000e+00  elapsed=9.5s  peak=4.727662848 GB
[18:50:49.991288] [iter 1] alpha=+1.9500  grad=+1.0000e+00  dt=8.6s  peak=4.727662848 GB
[18:50:58.597905] [iter 2] alpha=+1.9050  grad=+9.0000e-01  dt=8.6s  peak=4.727662848 GB
[18:50:58.598019] 
[18:50:58.598036] [result] PASS  peak_GB=4.727662848  cells=1,220,736  n_steps=10000
[18:50:58.968755] 
[18:50:58.968770] === 608k cells × 10000 steps, chunk sweep ===
[18:50:58.968772] 
[18:50:58.968773] --- chunk=50 ---
[18:50:58.968778] + echo 
[18:50:58.968780] + echo '=== 608k cells × 10000 steps, chunk sweep ==='
[18:50:58.968781] + echo 
[18:50:58.968782] + echo '--- chunk=50 ---'
[18:50:58.968783] + timeout 600 python scripts/issue31_big_smoke.py --ext-mm 40 --dx-mm 0.5 --n-steps 10000 --n-iters 1 --checkpoint 1 --emit-ts 0 --checkpoint-every 50
[18:50:58.968918] + tail -6
[18:51:12.047142] [cfg] device = cuda:0 (platform=gpu)
[18:51:12.047162] [cfg] design slab  i=[38,58)  j=[38,58)  k=[4,6)
[18:51:12.047164] [run] tracing + compiling forward+grad ...
[18:51:12.047167] [run] first grad call OK  value=1.0000e+00  elapsed=11.8s  peak=4.81844992 GB
[18:51:12.047168] 
[18:51:12.047170] [result] PASS  peak_GB=4.81844992  cells=608,256  n_steps=10000
[18:51:12.047263] 
[18:51:12.047270] --- chunk=100 ---
[18:51:12.047277] + echo 
[18:51:12.047279] + echo '--- chunk=100 ---'
[18:51:12.047283] + tail -6
[18:51:12.047402] + timeout 600 python scripts/issue31_big_smoke.py --ext-mm 40 --dx-mm 0.5 --n-steps 10000 --n-iters 1 --checkpoint 1 --emit-ts 0 --checkpoint-every 100
[18:51:24.810570] [cfg] device = cuda:0 (platform=gpu)
[18:51:24.810577] + echo 
[18:51:24.810590] [cfg] design slab  i=[38,58)  j=[38,58)  k=[4,6)
[18:51:24.810592] [run] tracing + compiling forward+grad ...
[18:51:24.810593] [run] first grad call OK  value=1.0000e+00  elapsed=11.7s  peak=2.454468352 GB
[18:51:24.810594] 
[18:51:24.810595] [result] PASS  peak_GB=2.454468352  cells=608,256  n_steps=10000
[18:51:24.810598] 
[18:51:24.810605] --- chunk=200 ---
[18:51:24.810609] + echo '--- chunk=200 ---'
[18:51:24.810707] + tail -6
[18:51:24.810713] + timeout 600 python scripts/issue31_big_smoke.py --ext-mm 40 --dx-mm 0.5 --n-steps 10000 --n-iters 1 --checkpoint 1 --emit-ts 0 --checkpoint-every 200
[18:51:37.554313] [cfg] device = cuda:0 (platform=gpu)
[18:51:37.554313] + echo 
[18:51:37.554335] + echo '--- chunk=500 ---'
[18:51:37.554343] + timeout 600 python scripts/issue31_big_smoke.py --ext-mm 40 --dx-mm 0.5 --n-steps 10000 --n-iters 1 --checkpoint 1 --emit-ts 0 --checkpoint-every 500
[18:51:37.554347] [cfg] design slab  i=[38,58)  j=[38,58)  k=[4,6)
[18:51:37.554349] [run] tracing + compiling forward+grad ...
[18:51:37.554351] [run] first grad call OK  value=1.0000e+00  elapsed=11.7s  peak=1.26133248 GB
[18:51:37.554352] 
[18:51:37.554354] [result] PASS  peak_GB=1.26133248  cells=608,256  n_steps=10000
[18:51:37.554356] 
[18:51:37.554358] --- chunk=500 ---
[18:51:37.554396] + tail -6
[18:51:50.314785] [cfg] device = cuda:0 (platform=gpu)
[18:51:50.314800] [cfg] design slab  i=[38,58)  j=[38,58)  k=[4,6)
[18:51:50.314801] [run] tracing + compiling forward+grad ...
[18:51:50.314802] [run] first grad call OK  value=1.0000e+00  elapsed=11.7s  peak=0.593485056 GB
[18:51:50.314803] 
[18:51:50.314804] [result] PASS  peak_GB=0.593485056  cells=608,256  n_steps=10000
[18:51:50.314817] + echo 
[18:51:50.314821] 
[18:51:50.314823] + echo '--- chunk=1000 ---'
[18:51:50.314826] --- chunk=1000 ---
[18:51:50.314934] + timeout 600 python scripts/issue31_big_smoke.py --ext-mm 40 --dx-mm 0.5 --n-steps 10000 --n-iters 1 --checkpoint 1 --emit-ts 0 --checkpoint-every 1000+ 
[18:51:50.314935] tail -6
[18:52:03.015831] [cfg] device = cuda:0 (platform=gpu)
[18:52:03.015848] [cfg] design slab  i=[38,58)  j=[38,58)  k=[4,6)
[18:52:03.015850] [run] tracing + compiling forward+grad ...
[18:52:03.015851] [run] first grad call OK  value=1.0000e+00  elapsed=11.6s  peak=0.328811776 GB
[18:52:03.015851] 
[18:52:03.015853] [result] PASS  peak_GB=0.328811776  cells=608,256  n_steps=10000
[18:52:03.015857] === DONE ===
[18:52:03.015857] 
[18:52:03.015863] + echo 
[18:52:03.015865] + echo '=== DONE ==='
[18:52:03.045620] workload reported done
[18:52:03.045720] Workload status changed to stopping
[18:52:14.011965] + set +x
[18:52:19.048183] workload reported done
[18:52:19.048283] Workload status changed to waitToBeKilled
[18:52:21.000000] Stopping container run-sidecar
[18:52:21.000000] Stopping container run-exec
[18:52:21.000000] Terminating VESSL Workload...
[18:52:21.000000] Stopping container ttyd-sidecar
[18:52:21.000000] Stopping container fluentbit
[18:52:21.092448] workload completed
[18:52:21.092548] Workload status changed to completed
