Organization: remilab
Project: byungkwan
Displayed last 87 lines of #369367233301.
[15:21:47.458287] workload awaiting to start
[15:21:47.458388] Workload status changed to pending
[15:21:53.881703] VESSL Workload assigned successfully. Starting soon.
[15:21:54.000000] Container image "quay.io/vessl-ai/kernels-toolbox:0.1.188" already present on machine
[15:21:54.000000] Created container vops-init
[15:21:54.000000] Started container vops-init
[15:21:55.000000] Creating VESSL Workload...
[15:21:55.000000] Created container vops-sidecar
[15:21:55.000000] Starting VESSL Workload...
[15:21:55.000000] Started container vops-sidecar
[15:21:55.000000] Created container run-exec
[15:21:55.000000] Started container run-exec
[15:21:55.000000] Started container fluentbit
[15:21:55.000000] Container image "nvcr.io/nvidia/jax:24.10-py3" already present on machine
[15:21:55.000000] Container image "quay.io/vessl-ai/fluent-bit:2.1.6" already present on machine
[15:21:55.000000] Container image "quay.io/vessl-ai/sidecar:v0.0.3" already present on machine
[15:21:55.001000] Container image "nvcr.io/nvidia/jax:24.10-py3" already present on machine
[15:21:56.000118] Installing VESSL CLI...
[15:21:56.824194] workload reported alive as pod run-execution-h6jpchwt3otp-0
[15:21:56.824294] Workload status changed to initializing
[15:21:58.147848] + set +x
[15:22:02.197895] vessl, version 0.1.199
[15:22:03.230475] workload reported alive as pod run-execution-h6jpchwt3otp-0
[15:22:03.230575] Workload status changed to running
[15:22:03.528810] + mkdir -p /root
[15:22:03.530754] + cd /root
[15:22:03.531221] + set -euo pipefail
[15:22:03.531238] + cd /root
[15:22:03.531246] + git clone https://github.com/bk-squared/rfx.git
[15:22:03.533269] Cloning into 'rfx'...
[15:22:06.148581] + cd rfx
[15:22:06.148610] + pip install --quiet -e '.[all]'
[15:22:09.991641] WARNING: rfx 1807.8.6 does not provide the extra 'dashboard'
[15:22:09.991716] WARNING: rfx 1807.8.6 does not provide the extra 'dev'
[15:22:09.991858] WARNING: rfx 1807.8.6 does not provide the extra 'optimization'
[15:22:09.991970] WARNING: rfx 1807.8.6 does not provide the extra 'visualization'
[15:22:14.847412] WARNING: Running pip as the 'root' user can result in broken permissions and conflicting behaviour with the system package manager. It is recommended to use a virtual environment instead: https://pip.pypa.io/warnings/venv
[15:22:15.070849] + python -c 'import jax; print('"'"'JAX:'"'"', jax.devices()); import rfx; print('"'"'rfx'"'"', rfx.__version__)'
[15:22:15.435852] JAX: [CudaDevice(id=0)]
[15:22:15.911271] rfx 1.5.0
[15:22:16.032405] + cp /root/workspace/bk-workspace/papers/rfx-tap/experiments/ntff_10ghz_standalone.py .
[15:22:16.040711] + python ntff_10ghz_standalone.py
[15:22:16.684010] 10 GHz patch on RO4003C (h=0.787mm, dx=0.5mm)
[15:22:16.684031] Patch: W=10.1mm, L=8.6mm
[15:22:16.684035] Domain: 32.0 x 33.5 x 25.5 mm
[15:22:16.684038] z_offset=5.0mm, substrate=1.6 cells
[15:22:16.684059] Grid: 81x84x68 = 463K, n_steps=1574
[15:22:16.684141]   [PREFLIGHT] 'pec' z-extent 0.50mm = 1.0 cells — below 1 cell resolution. Use add_thin_conductor() for sub-cell PEC sheet.
[15:22:16.684148]   [PREFLIGHT] 'ro4003c' z-extent 0.79mm = 1.6 cells — under-resolved (< 3 cells). Consider finer mesh for accurate results.
[15:22:16.684153]   [PREFLIGHT] 'pec' z-extent 0.50mm = 1.0 cells — below 1 cell resolution. Use add_thin_conductor() for sub-cell PEC sheet.
[15:22:16.684158]   [PREFLIGHT] Gap between PEC structures: 0.79mm = 1.6 cells along z — coupling may be under-resolved.
[15:22:16.684161]   [PREFLIGHT] Material 'ro4003c' extends into CPML region along x-axis. CPML assumes vacuum — dielectric in absorber causes increased reflections.
[15:22:16.684168]   WARNING: 'pec' z-extent 0.50mm = 1.0 cells — below 1 cell resolution. Use add_thin_conductor() for sub-cell PEC sheet.
[15:22:16.684171]   WARNING: 'ro4003c' z-extent 0.79mm = 1.6 cells — under-resolved (< 3 cells). Consider finer mesh for accurate results.
[15:22:16.684175]   WARNING: 'pec' z-extent 0.50mm = 1.0 cells — below 1 cell resolution. Use add_thin_conductor() for sub-cell PEC sheet.
[15:22:16.684178]   WARNING: Gap between PEC structures: 0.79mm = 1.6 cells along z — coupling may be under-resolved.
[15:22:16.684181]   WARNING: Material 'ro4003c' extends into CPML region along x-axis. CPML assumes vacuum — dielectric in absorber causes increased reflections.
[15:22:16.684249] /root/rfx/ntff_10ghz_standalone.py:82: UserWarning: 'pec' z-extent 0.50mm = 1.0 cells — below 1 cell resolution. Use add_thin_conductor() for sub-cell PEC sheet.
[15:22:16.684257]   result = sim.run(n_steps=n_steps)
[15:22:16.684266] /root/rfx/ntff_10ghz_standalone.py:82: UserWarning: 'ro4003c' z-extent 0.79mm = 1.6 cells — under-resolved (< 3 cells). Consider finer mesh for accurate results.
[15:22:16.684284]   result = sim.run(n_steps=n_steps)
[15:22:16.684291] /root/rfx/ntff_10ghz_standalone.py:82: UserWarning: Gap between PEC structures: 0.79mm = 1.6 cells along z — coupling may be under-resolved.
[15:22:16.684296]   result = sim.run(n_steps=n_steps)
[15:22:16.684306] /root/rfx/ntff_10ghz_standalone.py:82: UserWarning: Material 'ro4003c' extends into CPML region along x-axis. CPML assumes vacuum — dielectric in absorber causes increased reflections.
[15:22:16.684310]   result = sim.run(n_steps=n_steps)
[15:24:10.890151] 
[15:24:10.890182] Probe peak: 2.8455e+01
[15:24:10.890187] Probe late energy: 1.9461e+05
[15:24:10.890198] S11 (time-domain proxy): 25.6 dB
[15:24:10.890539] 
[15:24:10.890549] NTFF x_lo norm: 7.6976e-11
[15:24:10.890553] NTFF z_hi norm: 4.6774e-11
[15:24:10.916394] Far-field max power: 4.0704e-27
[15:24:10.916430] Far-field broadside: 1.8443e-29
[15:24:10.916475] NTFF: ZERO — patch does not radiate at this resolution
[15:24:11.326356] workload reported done
[15:24:11.326456] Workload status changed to stopping
[15:24:15.569332] + set +x
[15:24:20.533652] workload reported done
[15:24:20.533752] Workload status changed to waitToBeKilled
[15:24:24.000000] Stopping container vops-sidecar
[15:24:24.000000] Stopping container run-sidecar
[15:24:24.000000] Stopping container run-exec
[15:24:24.000000] Terminating VESSL Workload...
[15:24:24.000000] Stopping container ttyd-sidecar
[15:24:24.000000] Stopping container fluentbit
[15:24:24.124886] workload completed
