Organization: remilab
Project: byungkwan
Displayed last 200 lines of #369367233556.
[00:37:38.626078] M	docs/guides/support_matrix.json
[00:37:38.626083] M	docs/guides/support_matrix.md
[00:37:38.626089] M	docs/public/api/support-boundaries.mdx
[00:37:38.626095] M	docs/public/examples/crossval.mdx
[00:37:38.626101] M	docs/public/examples/index.mdx
[00:37:38.626109] M	docs/public/examples/rf-workflows.mdx
[00:37:38.626115] M	docs/public/guide/advanced.md
[00:37:38.626120] M	docs/public/guide/api-reference.mdx
[00:37:38.626126] M	docs/public/guide/changelog.mdx
[00:37:38.626131] M	docs/public/guide/contributing.md
[00:37:38.626137] M	docs/public/guide/first-patch.mdx
[00:37:38.626142] M	docs/public/guide/index.md
[00:37:38.626148] M	docs/public/guide/migration.md
[00:37:38.626153] M	docs/public/guide/nonuniform-mesh.mdx
[00:37:38.626158] M	docs/public/guide/quickstart.mdx
[00:37:38.626164] M	docs/public/guide/subgridding.mdx
[00:37:38.626169] M	docs/public/guide/tutorial-patch-antenna.mdx
[00:37:38.626175] M	docs/public/guide/validation.mdx
[00:37:38.626180] M	docs/public/index.mdx
[00:37:38.626188] M	docs/public/site_map.json
[00:37:38.626193] M	docs/public/validation/cross-solver.mdx
[00:37:38.626199] M	docs/public/validation/index.mdx
[00:37:38.626204] M	docs/public/validation/reference-lane.mdx
[00:37:38.626210] Your branch is up to date with 'origin/fix-farfield-viz'.
[00:37:38.626468] + git pull --ff-only origin fix-farfield-viz
[00:37:39.513859] From https://github.com/bk-squared/rfx
[00:37:39.513898]  * branch            fix-farfield-viz -> FETCH_HEAD
[00:37:39.581685] Already up to date.
[00:37:39.582703] + pip install -q -e '.[dev]'
[00:37:48.195413] WARNING: Running pip as the 'root' user can result in broken permissions and conflicting behaviour with the system package manager. It is recommended to use a virtual environment instead: https://pip.pypa.io/warnings/venv
[00:37:48.384141] + pip install -q plotly kaleido
[00:37:51.526983] WARNING: Running pip as the 'root' user can result in broken permissions and conflicting behaviour with the system package manager. It is recommended to use a virtual environment instead: https://pip.pypa.io/warnings/venv
[00:37:51.606551] + echo '=========================================='
[00:37:51.606573] ==========================================
[00:37:51.606578] + echo 'Issue #31 — patch antenna S11 / FFRP / field animation'
[00:37:51.606585] + echo '=========================================='
[00:37:51.606592] + timeout 1800 python scripts/issue31_patch_validation.py --dx-mm 1.0 --frames 16 --n-steps-anim 3000
[00:37:51.606629] Issue #31 — patch antenna S11 / FFRP / field animation
[00:37:51.606635] ==========================================
[00:37:52.925172] [cfg] analytic f_res = 2.4235 GHz
[00:37:52.925195] 
[00:37:52.925200] === [1/4] Harminv ringdown → true f_res ===
[00:37:53.578435] [cfg] cells=602,784
[00:37:53.581579] /root/workspace/byungkwan-workspace/research/rfx/scripts/issue31_patch_validation.py:156: UserWarning: 'pec' z-extent 0.25mm = 1.0 cells — under-resolved (PEC needs ≥5 cells). Consider finer mesh.
[00:37:53.581594]   res = sim.run(num_periods=60, compute_s_params=False)
[00:37:53.581599] /root/workspace/byungkwan-workspace/research/rfx/scripts/issue31_patch_validation.py:156: UserWarning: 'fr4' z-extent 1.50mm = 6.0 cells — under-resolved (dielectric needs ≥10 cells). Consider finer mesh.
[00:37:53.581604]   res = sim.run(num_periods=60, compute_s_params=False)
[00:37:59.367865] [run] done in 5.8s
[00:39:48.143461] [result] Harminv f_res = 3.1636 GHz  Q = 26.2  error = 30.54 %  (analytic = 2.4235 GHz)
[00:39:48.143581] 
[00:39:48.143595] === [2/4] S11(f) via lumped port ===
[00:39:48.143818] /root/workspace/byungkwan-workspace/research/rfx/scripts/issue31_patch_validation.py:181: UserWarning: 'pec' z-extent 0.25mm = 1.0 cells — under-resolved (PEC needs ≥5 cells). Consider finer mesh.
[00:39:48.143825]   res = sim.run(num_periods=40, compute_s_params=True)
[00:39:48.143831] /root/workspace/byungkwan-workspace/research/rfx/scripts/issue31_patch_validation.py:181: UserWarning: 'fr4' z-extent 1.50mm = 6.0 cells — under-resolved (dielectric needs ≥10 cells). Consider finer mesh.
[00:39:48.143834]   res = sim.run(num_periods=40, compute_s_params=True)
[00:39:48.776145] /opt/jax/jax/_src/numpy/array_methods.py:118: UserWarning: Explicitly requested dtype <class 'jax.numpy.float64'> requested in astype is not available, and will be truncated to dtype float32. To enable more dtypes, set the jax_enable_x64 configuration option or the JAX_ENABLE_X64 shell environment variable. See https://github.com/google/jax#current-gotchas for more.
[00:39:48.776164]   return lax_numpy.astype(self, dtype, copy=copy, device=device)
[00:39:48.776217] /opt/jax/jax/_src/numpy/array_methods.py:118: UserWarning: Explicitly requested dtype <class 'jax.numpy.float64'> requested in astype is not available, and will be truncated to dtype float32. To enable more dtypes, set the jax_enable_x64 configuration option or the JAX_ENABLE_X64 shell environment variable. See https://github.com/google/jax#current-gotchas for more.
[00:39:48.776230]   return lax_numpy.astype(self, dtype, copy=copy, device=device)
[00:39:52.574347] [run] done in 4.4s
[00:39:52.574373] [result] S11 dip: f = 3.1918 GHz, |S11| = -0.84 dB (shallow — port matching artifact)
[00:39:52.703386] [out] /root/workspace/byungkwan-workspace/research/rfx/scripts/../docs/research_notes/issue31_figs/issue31_patch_s11.png
[00:39:52.703423] 
[00:39:52.703440] === [3/4] Far-field radiation pattern at f_res = 3.164 GHz ===
[00:39:52.703634] /root/workspace/byungkwan-workspace/research/rfx/scripts/issue31_patch_validation.py:220: UserWarning: 'pec' z-extent 0.25mm = 1.0 cells — under-resolved (PEC needs ≥5 cells). Consider finer mesh.
[00:39:52.703647]   res = sim.run(num_periods=40, compute_s_params=False)
[00:39:52.703655] /root/workspace/byungkwan-workspace/research/rfx/scripts/issue31_patch_validation.py:220: UserWarning: 'fr4' z-extent 1.50mm = 6.0 cells — under-resolved (dielectric needs ≥10 cells). Consider finer mesh.
[00:39:52.703673]   res = sim.run(num_periods=40, compute_s_params=False)
[00:39:57.686444] [run] done in 5.0s
[00:40:05.107101] [out] /root/workspace/byungkwan-workspace/research/rfx/scripts/../docs/research_notes/issue31_figs/issue31_patch_farfield.png  peak at θ=1.0°, φ=230.0°
[00:40:05.108727] 
[00:40:05.108742] === [4/5] 3D far-field + structure at 3.164 GHz ===
[00:40:05.108838] /root/workspace/byungkwan-workspace/research/rfx/scripts/issue31_patch_validation.py:304: UserWarning: 'pec' z-extent 0.25mm = 1.0 cells — under-resolved (PEC needs ≥5 cells). Consider finer mesh.
[00:40:05.108843]   res = sim.run(num_periods=40, compute_s_params=False)
[00:40:05.108853] /root/workspace/byungkwan-workspace/research/rfx/scripts/issue31_patch_validation.py:304: UserWarning: 'fr4' z-extent 1.50mm = 6.0 cells — under-resolved (dielectric needs ≥10 cells). Consider finer mesh.
[00:40:05.108856]   res = sim.run(num_periods=40, compute_s_params=False)
[00:40:09.986249] [run] done in 4.9s
[00:40:13.515474] [out] /root/workspace/byungkwan-workspace/research/rfx/scripts/../docs/research_notes/issue31_figs/issue31_patch_farfield_3d.html
[00:40:13.546940] [3D-FFRP] PNG snapshot skipped (
[00:40:13.546958] 
[00:40:13.546963] Kaleido requires Google Chrome to be installed.
[00:40:13.546967] 
[00:40:13.546970] Either download and install Chrome yourself following Google's instructions for your operating system,
[00:40:13.546973] or install it from your terminal by running:
[00:40:13.546977] 
[00:40:13.546980]     $ plotly_get_chrome
[00:40:13.546984] 
[00:40:13.546987] ); HTML is interactive.
[00:40:13.546990] 
[00:40:13.546993] === [5/5] Field evolution GIF ===
[00:40:13.550653] [cfg] cells=602,784  frames=16
[00:40:13.550923] /root/workspace/byungkwan-workspace/research/rfx/scripts/issue31_patch_validation.py:474: UserWarning: 'pec' z-extent 0.25mm = 1.0 cells — under-resolved (PEC needs ≥5 cells). Consider finer mesh.
[00:40:13.550933]   res = sim.run(n_steps=int(ns), compute_s_params=False)
[00:40:13.550949] /root/workspace/byungkwan-workspace/research/rfx/scripts/issue31_patch_validation.py:474: UserWarning: 'fr4' z-extent 1.50mm = 6.0 cells — under-resolved (dielectric needs ≥10 cells). Consider finer mesh.
[00:40:13.550976]   res = sim.run(n_steps=int(ns), compute_s_params=False)
[00:40:15.648288]   n_steps= 187  max|Ez|=1.739e+07  dt=2.1s
[00:40:15.648319] /root/workspace/byungkwan-workspace/research/rfx/scripts/issue31_patch_validation.py:474: UserWarning: 'pec' z-extent 0.25mm = 1.0 cells — under-resolved (PEC needs ≥5 cells). Consider finer mesh.
[00:40:15.648324]   res = sim.run(n_steps=int(ns), compute_s_params=False)
[00:40:15.648330] /root/workspace/byungkwan-workspace/research/rfx/scripts/issue31_patch_validation.py:474: UserWarning: 'fr4' z-extent 1.50mm = 6.0 cells — under-resolved (dielectric needs ≥10 cells). Consider finer mesh.
[00:40:15.648334]   res = sim.run(n_steps=int(ns), compute_s_params=False)
[00:40:17.819661]   n_steps= 374  max|Ez|=2.535e+08  dt=2.2s
[00:40:17.819748] /root/workspace/byungkwan-workspace/research/rfx/scripts/issue31_patch_validation.py:474: UserWarning: 'pec' z-extent 0.25mm = 1.0 cells — under-resolved (PEC needs ≥5 cells). Consider finer mesh.
[00:40:17.819777]   res = sim.run(n_steps=int(ns), compute_s_params=False)
[00:40:17.819783] /root/workspace/byungkwan-workspace/research/rfx/scripts/issue31_patch_validation.py:474: UserWarning: 'fr4' z-extent 1.50mm = 6.0 cells — under-resolved (dielectric needs ≥10 cells). Consider finer mesh.
[00:40:17.819787]   res = sim.run(n_steps=int(ns), compute_s_params=False)
[00:40:20.163901]   n_steps= 562  max|Ez|=1.053e+08  dt=2.3s
[00:40:20.163901] /root/workspace/byungkwan-workspace/research/rfx/scripts/issue31_patch_validation.py:474: UserWarning: 'pec' z-extent 0.25mm = 1.0 cells — under-resolved (PEC needs ≥5 cells). Consider finer mesh.
[00:40:20.163929]   res = sim.run(n_steps=int(ns), compute_s_params=False)
[00:40:20.163937] /root/workspace/byungkwan-workspace/research/rfx/scripts/issue31_patch_validation.py:474: UserWarning: 'fr4' z-extent 1.50mm = 6.0 cells — under-resolved (dielectric needs ≥10 cells). Consider finer mesh.
[00:40:20.163941]   res = sim.run(n_steps=int(ns), compute_s_params=False)
[00:40:22.435125]   n_steps= 749  max|Ez|=1.350e+07  dt=2.3s
[00:40:22.435160] /root/workspace/byungkwan-workspace/research/rfx/scripts/issue31_patch_validation.py:474: UserWarning: 'pec' z-extent 0.25mm = 1.0 cells — under-resolved (PEC needs ≥5 cells). Consider finer mesh.
[00:40:22.435167]   res = sim.run(n_steps=int(ns), compute_s_params=False)
[00:40:22.435176] /root/workspace/byungkwan-workspace/research/rfx/scripts/issue31_patch_validation.py:474: UserWarning: 'fr4' z-extent 1.50mm = 6.0 cells — under-resolved (dielectric needs ≥10 cells). Consider finer mesh.
[00:40:22.435181]   res = sim.run(n_steps=int(ns), compute_s_params=False)
[00:40:24.757770]   n_steps= 937  max|Ez|=1.501e+07  dt=2.3s
[00:40:24.757812] /root/workspace/byungkwan-workspace/research/rfx/scripts/issue31_patch_validation.py:474: UserWarning: 'pec' z-extent 0.25mm = 1.0 cells — under-resolved (PEC needs ≥5 cells). Consider finer mesh.
[00:40:24.757824]   res = sim.run(n_steps=int(ns), compute_s_params=False)
[00:40:24.757851] /root/workspace/byungkwan-workspace/research/rfx/scripts/issue31_patch_validation.py:474: UserWarning: 'fr4' z-extent 1.50mm = 6.0 cells — under-resolved (dielectric needs ≥10 cells). Consider finer mesh.
[00:40:24.757874]   res = sim.run(n_steps=int(ns), compute_s_params=False)
[00:40:27.056977]   n_steps=1124  max|Ez|=1.386e+07  dt=2.3s
[00:40:27.057019] /root/workspace/byungkwan-workspace/research/rfx/scripts/issue31_patch_validation.py:474: UserWarning: 'pec' z-extent 0.25mm = 1.0 cells — under-resolved (PEC needs ≥5 cells). Consider finer mesh.
[00:40:27.057043]   res = sim.run(n_steps=int(ns), compute_s_params=False)
[00:40:27.057051] /root/workspace/byungkwan-workspace/research/rfx/scripts/issue31_patch_validation.py:474: UserWarning: 'fr4' z-extent 1.50mm = 6.0 cells — under-resolved (dielectric needs ≥10 cells). Consider finer mesh.
[00:40:27.057057]   res = sim.run(n_steps=int(ns), compute_s_params=False)
[00:40:29.432799]   n_steps=1312  max|Ez|=1.379e+07  dt=2.4s
[00:40:29.432834] /root/workspace/byungkwan-workspace/research/rfx/scripts/issue31_patch_validation.py:474: UserWarning: 'pec' z-extent 0.25mm = 1.0 cells — under-resolved (PEC needs ≥5 cells). Consider finer mesh.
[00:40:29.432856]   res = sim.run(n_steps=int(ns), compute_s_params=False)
[00:40:29.432875] /root/workspace/byungkwan-workspace/research/rfx/scripts/issue31_patch_validation.py:474: UserWarning: 'fr4' z-extent 1.50mm = 6.0 cells — under-resolved (dielectric needs ≥10 cells). Consider finer mesh.
[00:40:29.432879]   res = sim.run(n_steps=int(ns), compute_s_params=False)
[00:40:31.674067]   n_steps=1499  max|Ez|=1.295e+07  dt=2.2s
[00:40:31.674078] /root/workspace/byungkwan-workspace/research/rfx/scripts/issue31_patch_validation.py:474: UserWarning: 'pec' z-extent 0.25mm = 1.0 cells — under-resolved (PEC needs ≥5 cells). Consider finer mesh.
[00:40:31.674105]   res = sim.run(n_steps=int(ns), compute_s_params=False)
[00:40:31.674110] /root/workspace/byungkwan-workspace/research/rfx/scripts/issue31_patch_validation.py:474: UserWarning: 'fr4' z-extent 1.50mm = 6.0 cells — under-resolved (dielectric needs ≥10 cells). Consider finer mesh.
[00:40:31.674114]   res = sim.run(n_steps=int(ns), compute_s_params=False)
[00:40:34.096161]   n_steps=1687  max|Ez|=1.257e+07  dt=2.4s
[00:40:34.096207] /root/workspace/byungkwan-workspace/research/rfx/scripts/issue31_patch_validation.py:474: UserWarning: 'pec' z-extent 0.25mm = 1.0 cells — under-resolved (PEC needs ≥5 cells). Consider finer mesh.
[00:40:34.096219]   res = sim.run(n_steps=int(ns), compute_s_params=False)
[00:40:34.096226] /root/workspace/byungkwan-workspace/research/rfx/scripts/issue31_patch_validation.py:474: UserWarning: 'fr4' z-extent 1.50mm = 6.0 cells — under-resolved (dielectric needs ≥10 cells). Consider finer mesh.
[00:40:34.096231]   res = sim.run(n_steps=int(ns), compute_s_params=False)
[00:40:36.598224]   n_steps=1874  max|Ez|=1.178e+07  dt=2.5s
[00:40:36.598295] /root/workspace/byungkwan-workspace/research/rfx/scripts/issue31_patch_validation.py:474: UserWarning: 'pec' z-extent 0.25mm = 1.0 cells — under-resolved (PEC needs ≥5 cells). Consider finer mesh.
[00:40:36.598310]   res = sim.run(n_steps=int(ns), compute_s_params=False)
[00:40:36.598322] /root/workspace/byungkwan-workspace/research/rfx/scripts/issue31_patch_validation.py:474: UserWarning: 'fr4' z-extent 1.50mm = 6.0 cells — under-resolved (dielectric needs ≥10 cells). Consider finer mesh.
[00:40:36.598329]   res = sim.run(n_steps=int(ns), compute_s_params=False)
[00:40:39.032079] /root/workspace/byungkwan-workspace/research/rfx/scripts/issue31_patch_validation.py:474: UserWarning: 'pec' z-extent 0.25mm = 1.0 cells — under-resolved (PEC needs ≥5 cells). Consider finer mesh.
[00:40:39.032102]   res = sim.run(n_steps=int(ns), compute_s_params=False)
[00:40:39.032108] /root/workspace/byungkwan-workspace/research/rfx/scripts/issue31_patch_validation.py:474: UserWarning: 'fr4' z-extent 1.50mm = 6.0 cells — under-resolved (dielectric needs ≥10 cells). Consider finer mesh.
[00:40:39.032109]   n_steps=2062  max|Ez|=1.150e+07  dt=2.4s
[00:40:39.032113]   res = sim.run(n_steps=int(ns), compute_s_params=False)
[00:40:41.382602]   n_steps=2249  max|Ez|=1.108e+07  dt=2.4s
[00:40:41.382631] /root/workspace/byungkwan-workspace/research/rfx/scripts/issue31_patch_validation.py:474: UserWarning: 'pec' z-extent 0.25mm = 1.0 cells — under-resolved (PEC needs ≥5 cells). Consider finer mesh.
[00:40:41.382648]   res = sim.run(n_steps=int(ns), compute_s_params=False)
[00:40:41.382660] /root/workspace/byungkwan-workspace/research/rfx/scripts/issue31_patch_validation.py:474: UserWarning: 'fr4' z-extent 1.50mm = 6.0 cells — under-resolved (dielectric needs ≥10 cells). Consider finer mesh.
[00:40:41.382665]   res = sim.run(n_steps=int(ns), compute_s_params=False)
[00:40:43.816506] /root/workspace/byungkwan-workspace/research/rfx/scripts/issue31_patch_validation.py:474: UserWarning: 'pec' z-extent 0.25mm = 1.0 cells — under-resolved (PEC needs ≥5 cells). Consider finer mesh.
[00:40:43.816534]   res = sim.run(n_steps=int(ns), compute_s_params=False)
[00:40:43.816539] /root/workspace/byungkwan-workspace/research/rfx/scripts/issue31_patch_validation.py:474: UserWarning: 'fr4' z-extent 1.50mm = 6.0 cells — under-resolved (dielectric needs ≥10 cells). Consider finer mesh.
[00:40:43.816544]   res = sim.run(n_steps=int(ns), compute_s_params=False)
[00:40:43.816547]   n_steps=2437  max|Ez|=1.053e+07  dt=2.4s
[00:40:46.204396]   n_steps=2624  max|Ez|=1.019e+07  dt=2.4s
[00:40:46.204535] /root/workspace/byungkwan-workspace/research/rfx/scripts/issue31_patch_validation.py:474: UserWarning: 'pec' z-extent 0.25mm = 1.0 cells — under-resolved (PEC needs ≥5 cells). Consider finer mesh.
[00:40:46.204559]   res = sim.run(n_steps=int(ns), compute_s_params=False)
[00:40:46.204564] /root/workspace/byungkwan-workspace/research/rfx/scripts/issue31_patch_validation.py:474: UserWarning: 'fr4' z-extent 1.50mm = 6.0 cells — under-resolved (dielectric needs ≥10 cells). Consider finer mesh.
[00:40:46.204569]   res = sim.run(n_steps=int(ns), compute_s_params=False)
[00:40:48.726797]   n_steps=2812  max|Ez|=9.672e+06  dt=2.5s
[00:40:48.726882] /root/workspace/byungkwan-workspace/research/rfx/scripts/issue31_patch_validation.py:474: UserWarning: 'pec' z-extent 0.25mm = 1.0 cells — under-resolved (PEC needs ≥5 cells). Consider finer mesh.
[00:40:48.726897]   res = sim.run(n_steps=int(ns), compute_s_params=False)
[00:40:48.726906] /root/workspace/byungkwan-workspace/research/rfx/scripts/issue31_patch_validation.py:474: UserWarning: 'fr4' z-extent 1.50mm = 6.0 cells — under-resolved (dielectric needs ≥10 cells). Consider finer mesh.
[00:40:48.726910]   res = sim.run(n_steps=int(ns), compute_s_params=False)
[00:40:51.143448]   n_steps=3000  max|Ez|=9.483e+06  dt=2.4s
[00:40:51.143477] [run] total 37.6s
[00:40:52.503003] [out] /root/workspace/byungkwan-workspace/research/rfx/scripts/../docs/research_notes/issue31_figs/issue31_patch_field_evolution.gif
[00:40:53.163265] 
[00:40:53.163289] === artifacts ===
[00:40:53.163290] + echo 
[00:40:53.163297] + echo '=== artifacts ==='
[00:40:53.163300] + ls -la docs/research_notes/issue31_figs/
[00:40:53.168081] workload reported done
[00:40:53.168181] Workload status changed to stopping
[00:40:53.173244] total 1072
[00:40:53.173263] drwxr-xr-x  2 nobody nogroup   4096 Apr 15 13:12 .
[00:40:53.173268] drwxr-xr-x 13 nobody nogroup  12288 Apr 15 13:39 ..
[00:40:53.173272] -rw-r--r--  1 nobody nogroup 287391 Apr 15 15:40 issue31_patch_farfield.png
[00:40:53.173275] -rw-r--r--  1 nobody nogroup 349197 Apr 15 15:40 issue31_patch_farfield_3d.html
[00:40:53.173279] -rw-r--r--  1 nobody nogroup 386096 Apr 15 15:40 issue31_patch_field_evolution.gif
[00:40:53.173283] -rw-r--r--  1 nobody nogroup  47545 Apr 15 15:39 issue31_patch_s11.png
[00:40:53.173447] 
[00:40:53.173448] + echo 
[00:40:53.173463] === DONE ===
[00:40:53.173481] + echo '=== DONE ==='
[00:41:01.412798] + set +x
[00:41:06.416975] workload reported done
[00:41:06.417076] Workload status changed to waitToBeKilled
[00:41:09.000000] Stopping container vops-sidecar
[00:41:09.000000] Stopping container run-sidecar
[00:41:09.000000] Stopping container run-exec
[00:41:09.000000] Terminating VESSL Workload...
[00:41:09.104496] workload completed
[00:41:09.104596] Workload status changed to completed
